40.0 APEX_CODE,FINEST;APEX_PROFILING,FINEST;CALLOUT,INFO;DB,INFO;SYSTEM,DEBUG;VALIDATION,INFO;VISUALFORCE,INFO;WAVE,INFO;WORKFLOW,INFO
12:48:51.0 (634495)|USER_INFO|[EXTERNAL]|005E0000004yLLO|worldcare@sadhanaconsulting.com.devfull|Eastern Standard Time|GMT-05:00
12:48:51.0 (692594)|EXECUTION_STARTED
12:48:51.0 (698861)|CODE_UNIT_STARTED|[EXTERNAL]|TRIGGERS
12:48:51.0 (1953689)|CODE_UNIT_STARTED|[EXTERNAL]|01qV0000000DErk|LocalTimeUserTrigger on User trigger event BeforeUpdate for [005E0000004yLLO]
12:48:51.0 (2029604)|HEAP_ALLOCATE|[EXTERNAL]|Bytes:8
12:48:51.0 (2094226)|HEAP_ALLOCATE|[EXTERNAL]|Bytes:8
12:48:51.0 (2599569)|HEAP_ALLOCATE|[72]|Bytes:3
12:48:51.0 (2689054)|HEAP_ALLOCATE|[77]|Bytes:152
12:48:51.0 (2727788)|HEAP_ALLOCATE|[342]|Bytes:408
12:48:51.0 (2768332)|HEAP_ALLOCATE|[355]|Bytes:408
12:48:51.0 (2807896)|HEAP_ALLOCATE|[467]|Bytes:48
12:48:51.0 (2864626)|HEAP_ALLOCATE|[139]|Bytes:6
12:48:51.0 (2925413)|HEAP_ALLOCATE|[EXTERNAL]|Bytes:4
12:48:51.0 (2980503)|VARIABLE_SCOPE_BEGIN|[5]|this|LocalTimeUserTrigger|true|false
12:48:51.0 (3333037)|VARIABLE_ASSIGNMENT|[5]|this|{}|0x2a4354a2
12:48:51.0 (3392859)|HEAP_ALLOCATE|[EXTERNAL]|Bytes:4
12:48:51.0 (3423506)|VARIABLE_SCOPE_BEGIN|[5]|this|LocalTimeUserTrigger|true|false
12:48:51.0 (3447291)|VARIABLE_ASSIGNMENT|[5]|this|{}|0x2a4354a2
12:48:51.0 (3461620)|STATEMENT_EXECUTE|[5]
12:48:51.0 (3509148)|HEAP_ALLOCATE|[50]|Bytes:5
12:48:51.0 (3538005)|HEAP_ALLOCATE|[56]|Bytes:5
12:48:51.0 (3550440)|HEAP_ALLOCATE|[64]|Bytes:7
12:48:51.0 (3958544)|HEAP_ALLOCATE|[7]|Bytes:5
12:48:51.0 (4004234)|HEAP_ALLOCATE|[7]|Bytes:4
12:48:51.0 (4017965)|VARIABLE_SCOPE_BEGIN|[7]|u|User|true|false
12:48:51.0 (34587433)|VARIABLE_ASSIGNMENT|[7]|u|{"ProfileId":"00eE0000000zEdeIAE","LastModifiedDate":"2017-11-10T17:48:44.000Z","ReceivesAdminInfoEma (3 more) ...":false,"Email":"depot@sadhanaconsult (7 more) ...","TimeZoneSidKey":"America/New_York","LanguageLocaleKey":"fr","UserRoleId":"00EE0000000hj7TMAQ","License_Type__c":"Salesforce","IsActive":true,"Nurse__c":false,"LastLoginDate":"2017-11-10T16:55:46.000Z","PostalCode":"03820","ForecastEnabled":false,"IsExtIndicatorVisibl (1 more) ...":false,"DigestFrequency":"D","UTC_Offset__c":-4.00,"IsProfilePhotoActive":false,"Default_Patient_Coun (6 more) ...":"US","CompanyName":"Sadhana Consulting L (2 more) ...","CommunityNickname":"prozek","CreatedById":"005E0000002k2ScIAI","Street":"1 S Pine Street","Acquisition_Site__c":"001E000001HBa8R","Server_URL__c":"https://cs12.salesfo (17 more) ...","LastPasswordChangeDa (2 more) ...":"2017-10-10T13:48:13.000Z","LocaleSidKey":"en_US","FirstName":"Elissa","Name_Formula__c":"Elissa Sadhana Team  (5 more) ...","Title":"Consultant","City":"Dover","EmailEncodingKey":"ISO-8859-1","ReceivesInfoEmails":false,"SystemModstamp":"2017-11-10T17:48:44.000Z","User_18_Digit_ID__c":"005E0000004yLLOIA2","IsPortalEnabled":false,"Username":"worldcare@sadhanacon (19 more) ...","Alias":"Sadhana","DefaultGroupNotifica (13 more) ...":"N","CreatedDate":"2014-03-07T01:09:17.000Z","LastName":"Sadhana Team (WCI)","Id":"005E0000004yLLOIA2","IsPortalSelfRegister (2 more) ...":false,"UserType":"Standard","LastModifiedById":"005E0000004yLLOIA2"}|0x3d803ac2
12:48:51.0 (34636573)|STATEMENT_EXECUTE|[7]
12:48:51.0 (34638904)|STATEMENT_EXECUTE|[9]
12:48:51.0 (34639963)|STATEMENT_EXECUTE|[9]
12:48:51.0 (34641120)|STATEMENT_EXECUTE|[10]
12:48:51.0 (36009917)|VARIABLE_SCOPE_BEGIN|[3]|LocalTime.NOT_AVAILABLE|String|false|true
12:48:51.0 (36024685)|VARIABLE_SCOPE_BEGIN|[9]|LocalTime.REGION_AFRICA|String|false|true
12:48:51.0 (36030961)|VARIABLE_SCOPE_BEGIN|[6]|LocalTime.REGION_ASIA|String|false|true
12:48:51.0 (36037934)|VARIABLE_SCOPE_BEGIN|[5]|LocalTime.REGION_EUROPE|String|false|true
12:48:51.0 (36043967)|VARIABLE_SCOPE_BEGIN|[11]|LocalTime.REGION_ISRAEL|String|false|true
12:48:51.0 (36050563)|VARIABLE_SCOPE_BEGIN|[4]|LocalTime.REGION_NA|String|false|true
12:48:51.0 (36056438)|VARIABLE_SCOPE_BEGIN|[10]|LocalTime.REGION_NZ|String|false|true
12:48:51.0 (36062587)|VARIABLE_SCOPE_BEGIN|[7]|LocalTime.REGION_OCEANIA|String|false|true
12:48:51.0 (36068584)|VARIABLE_SCOPE_BEGIN|[8]|LocalTime.REGION_SA|String|false|true
12:48:51.0 (36144928)|HEAP_ALLOCATE|[10]|Bytes:86
12:48:51.0 (36161294)|HEAP_ALLOCATE|[10]|Bytes:3
12:48:51.0 (36216539)|VARIABLE_ASSIGNMENT|[10]|LocalTime.NOT_AVAILABLE|"N/A"
12:48:51.0 (36224464)|HEAP_ALLOCATE|[10]|Bytes:6
12:48:51.0 (36233258)|VARIABLE_ASSIGNMENT|[10]|LocalTime.REGION_AFRICA|"AFRICA"
12:48:51.0 (36238074)|HEAP_ALLOCATE|[10]|Bytes:4
12:48:51.0 (36244824)|VARIABLE_ASSIGNMENT|[10]|LocalTime.REGION_ASIA|"ASIA"
12:48:51.0 (36249742)|HEAP_ALLOCATE|[10]|Bytes:6
12:48:51.0 (36257322)|VARIABLE_ASSIGNMENT|[10]|LocalTime.REGION_EUROPE|"EUROPE"
12:48:51.0 (36261928)|HEAP_ALLOCATE|[10]|Bytes:6
12:48:51.0 (36268665)|VARIABLE_ASSIGNMENT|[10]|LocalTime.REGION_ISRAEL|"ISRAEL"
12:48:51.0 (36273137)|HEAP_ALLOCATE|[10]|Bytes:2
12:48:51.0 (36280238)|VARIABLE_ASSIGNMENT|[10]|LocalTime.REGION_NA|"NA"
12:48:51.0 (36284705)|HEAP_ALLOCATE|[10]|Bytes:2
12:48:51.0 (36291310)|VARIABLE_ASSIGNMENT|[10]|LocalTime.REGION_NZ|"NZ"
12:48:51.0 (36295890)|HEAP_ALLOCATE|[10]|Bytes:7
12:48:51.0 (36302891)|VARIABLE_ASSIGNMENT|[10]|LocalTime.REGION_OCEANIA|"OCEANIA"
12:48:51.0 (36307979)|HEAP_ALLOCATE|[10]|Bytes:2
12:48:51.0 (36314658)|VARIABLE_ASSIGNMENT|[10]|LocalTime.REGION_SA|"SA"
12:48:51.0 (36350754)|METHOD_ENTRY|[2]|01pE0000001ksei|LocalTime.LocalTime()
12:48:51.0 (36359566)|STATEMENT_EXECUTE|[2]
12:48:51.0 (36398805)|ENTERING_MANAGED_PKG|tz
12:48:51.0 (36439708)|METHOD_EXIT|[2]|LocalTime
12:48:51.0 (36485117)|METHOD_ENTRY|[10]|01pE0000001ksei|tz.LocalTime.getOffsetFull(String, String, String)
12:48:51.0 (36493767)|ENTERING_MANAGED_PKG|tz
12:48:51.0 (36772742)|ENTERING_MANAGED_PKG|tz
12:48:51.0 (36865886)|ENTERING_MANAGED_PKG|tz
12:48:51.0 (38341164)|SOQL_EXECUTE_BEGIN|[333]|Aggregations:0|SELECT tz__Country__c FROM tz__lt_country_names__mdt WHERE MasterLabel = :tmpVar1
12:48:51.0 (50577419)|SOQL_EXECUTE_END|[333]|Rows:1
12:48:51.0 (51209850)|ENTERING_MANAGED_PKG|tz
12:48:51.0 (51289772)|METHOD_EXIT|[10]|01pE0000001ksei|tz.LocalTime.getOffsetFull(String, String, String)
12:48:51.0 (51301397)|VARIABLE_SCOPE_BEGIN|[10]|jsonStr|String|false|false
12:48:51.0 (51330068)|VARIABLE_ASSIGNMENT|[10]|jsonStr|"{\"offset\":\"N/A\",\"dst (92 more) ..."
12:48:51.0 (51339252)|STATEMENT_EXECUTE|[11]
12:48:51.0 (51340990)|STATEMENT_EXECUTE|[12]
12:48:51.0 (51424050)|HEAP_ALLOCATE|[12]|Bytes:24
12:48:51.0 (51462649)|SYSTEM_METHOD_ENTRY|[1]|JSON.JSON()
12:48:51.0 (51467472)|STATEMENT_EXECUTE|[1]
12:48:51.0 (51478487)|SYSTEM_METHOD_EXIT|[1]|JSON
12:48:51.0 (51498394)|METHOD_ENTRY|[12]||System.JSON.deserializeUntyped(String)
12:48:51.0 (51969558)|METHOD_EXIT|[12]||System.JSON.deserializeUntyped(String)
12:48:51.0 (51985069)|VARIABLE_SCOPE_BEGIN|[12]|m|Map<String,ANY>|true|false
12:48:51.0 (52010848)|VARIABLE_ASSIGNMENT|[12]|m|"Map of size 6 too large to display"|0x4a2de48f
12:48:51.0 (52018917)|STATEMENT_EXECUTE|[13]
12:48:51.0 (52023667)|HEAP_ALLOCATE|[13]|Bytes:6
12:48:51.0 (52068830)|VARIABLE_SCOPE_BEGIN|[13]|offset|String|false|false
12:48:51.0 (52081745)|VARIABLE_ASSIGNMENT|[13]|offset|"N/A"
12:48:51.0 (52089248)|HEAP_ALLOCATE|[14]|Bytes:3
12:48:51.0 (52120013)|STATEMENT_EXECUTE|[14]
12:48:51.0 (52138896)|HEAP_ALLOCATE|[7]|Bytes:5
12:48:51.0 (52156941)|VARIABLE_ASSIGNMENT|[7]|u|null|
12:48:51.52 (52193920)|CUMULATIVE_LIMIT_USAGE
12:48:51.52 (52193920)|LIMIT_USAGE_FOR_NS|(default)|
  Number of SOQL queries: 0 out of 100
  Number of query rows: 0 out of 50000
  Number of SOSL queries: 0 out of 20
  Number of DML statements: 0 out of 150
  Number of DML rows: 0 out of 10000
  Maximum CPU time: 0 out of 10000
  Maximum heap size: 0 out of 6000000
  Number of callouts: 0 out of 100
  Number of Email Invocations: 0 out of 10
  Number of future calls: 0 out of 50
  Number of queueable jobs added to the queue: 0 out of 50
  Number of Mobile Apex push calls: 0 out of 10

12:48:51.52 (52193920)|LIMIT_USAGE_FOR_NS|tz|
  Number of SOQL queries: 0 out of 100
  Number of query rows: 1 out of 50000
  Number of SOSL queries: 0 out of 20
  Number of DML statements: 0 out of 150
  Number of DML rows: 0 out of 10000
  Maximum CPU time: 0 out of 10000
  Maximum heap size: 0 out of 6000000
  Number of callouts: 0 out of 100
  Number of Email Invocations: 0 out of 10
  Number of future calls: 0 out of 50
  Number of queueable jobs added to the queue: 0 out of 50
  Number of Mobile Apex push calls: 0 out of 10

12:48:51.52 (52193920)|TOTAL_EMAIL_RECIPIENTS_QUEUED|0
12:48:51.52 (52193920)|STATIC_VARIABLE_LIST|
  char[]:DigitTens:0
  long:serialVersionUID:0
  String:_static_REGION_EUROPE:0
  String:_static_REGION_NA:0
  long:serialVersionUID:0
  double:MAX_VALUE:0
  Boolean:FALSE:0
  long:serialVersionUID:0
  String:_sfdcAdditionalCodeLocations:0
  double:MIN_VALUE:0
  int:SIZE:0
  double:NEGATIVE_INFINITY:0
  String:_static_NOT_AVAILABLE:0
  int:MAX_VALUE:0
  String:_static_REGION_ISRAEL:0
  char[]:digits:0
  double:NaN:0
  Boolean:TRUE:0
  String:_static_REGION_AFRICA:0
  String:_static_REGION_NZ:0
  String:_static_REGION_SA:0
  int:MIN_VALUE:0
  char[]:DigitOnes:0
  int:BYTES:0
  String:_sfdcAdditionalCodeLocations:0
  int:MIN_EXPONENT:0
  int[]:sizeTable:0
  String:_static_REGION_ASIA:0
  int:MAX_EXPONENT:0
  String:_static_REGION_OCEANIA:0
  int:SIZE:0
  double:POSITIVE_INFINITY:0
  double:MIN_NORMAL:0
  int:BYTES:0

12:48:51.52 (52193920)|CUMULATIVE_LIMIT_USAGE_END

12:48:51.0 (53412153)|CODE_UNIT_FINISHED|LocalTimeUserTrigger on User trigger event BeforeUpdate for [005E0000004yLLO]
12:48:51.166 (166604328)|ENTERING_MANAGED_PKG|skuid
12:48:51.167 (167600096)|CUMULATIVE_LIMIT_USAGE
12:48:51.167 (167600096)|LIMIT_USAGE_FOR_NS|(default)|
  Number of SOQL queries: 0 out of 100
  Number of query rows: 0 out of 50000
  Number of SOSL queries: 0 out of 20
  Number of DML statements: 0 out of 150
  Number of DML rows: 0 out of 10000
  Maximum CPU time: 0 out of 10000
  Maximum heap size: 0 out of 6000000
  Number of callouts: 0 out of 100
  Number of Email Invocations: 0 out of 10
  Number of future calls: 0 out of 50
  Number of queueable jobs added to the queue: 0 out of 50
  Number of Mobile Apex push calls: 0 out of 10

12:48:51.167 (167600096)|LIMIT_USAGE_FOR_NS|tz|
  Number of SOQL queries: 0 out of 100
  Number of query rows: 1 out of 50000
  Number of SOSL queries: 0 out of 20
  Number of DML statements: 0 out of 150
  Number of DML rows: 0 out of 10000
  Maximum CPU time: 0 out of 10000
  Maximum heap size: 0 out of 6000000
  Number of callouts: 0 out of 100
  Number of Email Invocations: 0 out of 10
  Number of future calls: 0 out of 50
  Number of queueable jobs added to the queue: 0 out of 50
  Number of Mobile Apex push calls: 0 out of 10

12:48:51.167 (167600096)|CUMULATIVE_LIMIT_USAGE_END

12:48:51.0 (170619860)|CODE_UNIT_STARTED|[EXTERNAL]|Workflow:User
12:48:51.0 (178246757)|WF_RULE_EVAL_BEGIN|Workflow
12:48:51.0 (178275682)|WF_CRITERIA_BEGIN|[User: Elissa Sadhana Team (WCI) 005E0000004yLLO]|Member_Community_New_User301V000000063fo|01QV00000001N6N|ON_CREATE_ONLY|0
12:48:51.0 (178287957)|WF_RULE_NOT_EVALUATED
12:48:51.0 (178295004)|WF_SPOOL_ACTION_BEGIN|Workflow
12:48:51.0 (178303553)|WF_ACTION| None
12:48:51.0 (178308173)|WF_RULE_EVAL_END
12:48:51.0 (178355808)|WF_ACTIONS_END| None
12:48:51.0 (178364439)|CODE_UNIT_FINISHED|Workflow:User
12:48:51.0 (188595003)|CODE_UNIT_STARTED|[EXTERNAL]|01qV0000000DErk|LocalTimeUserTrigger on User trigger event BeforeUpdate for [005E0000004yLLO]
12:48:51.0 (188662918)|HEAP_ALLOCATE|[EXTERNAL]|Bytes:8
12:48:51.0 (188690865)|HEAP_ALLOCATE|[EXTERNAL]|Bytes:8
12:48:51.0 (188761657)|HEAP_ALLOCATE|[EXTERNAL]|Bytes:4
12:48:51.0 (188777119)|VARIABLE_SCOPE_BEGIN|[5]|this|LocalTimeUserTrigger|true|false
12:48:51.0 (188831323)|VARIABLE_ASSIGNMENT|[5]|this|{}|0x686e03d1
12:48:51.0 (188882402)|HEAP_ALLOCATE|[EXTERNAL]|Bytes:4
12:48:51.0 (188894121)|VARIABLE_SCOPE_BEGIN|[5]|this|LocalTimeUserTrigger|true|false
12:48:51.0 (188922708)|VARIABLE_ASSIGNMENT|[5]|this|{}|0x686e03d1
12:48:51.0 (188933243)|STATEMENT_EXECUTE|[5]
12:48:51.0 (189036382)|HEAP_ALLOCATE|[7]|Bytes:5
12:48:51.0 (189063752)|HEAP_ALLOCATE|[7]|Bytes:4
12:48:51.0 (189077650)|VARIABLE_SCOPE_BEGIN|[7]|u|User|true|false
12:48:51.0 (193365349)|VARIABLE_ASSIGNMENT|[7]|u|{"ProfileId":"00eE0000000zEdeIAE","LastModifiedDate":"2017-11-10T17:48:51.000Z","ReceivesAdminInfoEma (3 more) ...":false,"Email":"depot@sadhanaconsult (7 more) ...","TimeZoneSidKey":"America/New_York","LanguageLocaleKey":"en_US","UserRoleId":"00EE0000000hj7TMAQ","License_Type__c":"Salesforce","IsActive":true,"Nurse__c":false,"LastLoginDate":"2017-11-10T16:55:46.000Z","PostalCode":"03820","ForecastEnabled":false,"IsExtIndicatorVisibl (1 more) ...":false,"DigestFrequency":"D","UTC_Offset__c":-4.00,"IsProfilePhotoActive":false,"Default_Patient_Coun (6 more) ...":"US","CompanyName":"Sadhana Consulting L (2 more) ...","CommunityNickname":"prozek","CreatedById":"005E0000002k2ScIAI","Street":"1 S Pine Street","Acquisition_Site__c":"001E000001HBa8R","Server_URL__c":"https://cs12.salesfo (17 more) ...","LastPasswordChangeDa (2 more) ...":"2017-10-10T13:48:13.000Z","LocaleSidKey":"en_US","FirstName":"Elissa","Name_Formula__c":"Elissa Sadhana Team  (5 more) ...","Title":"Consultant","City":"Dover","EmailEncodingKey":"ISO-8859-1","ReceivesInfoEmails":false,"SystemModstamp":"2017-11-10T17:48:51.000Z","User_18_Digit_ID__c":"005E0000004yLLOIA2","IsPortalEnabled":false,"Username":"worldcare@sadhanacon (19 more) ...","Alias":"Sadhana","DefaultGroupNotifica (13 more) ...":"N","CreatedDate":"2014-03-07T01:09:17.000Z","LastName":"Sadhana Team (WCI)","Id":"005E0000004yLLOIA2","IsPortalSelfRegister (2 more) ...":false,"UserType":"Standard","LastModifiedById":"005E0000004yLLOIA2"}|0x5fa36b78
12:48:51.0 (193402641)|STATEMENT_EXECUTE|[7]
12:48:51.0 (193404405)|STATEMENT_EXECUTE|[9]
12:48:51.0 (193405527)|STATEMENT_EXECUTE|[9]
12:48:51.0 (193406606)|STATEMENT_EXECUTE|[10]
12:48:51.0 (193459950)|METHOD_ENTRY|[10]|01pE0000001ksei|tz.LocalTime.getOffsetFull(String, String, String)
12:48:51.0 (193472701)|ENTERING_MANAGED_PKG|tz
12:48:51.0 (193515538)|ENTERING_MANAGED_PKG|tz
12:48:51.0 (193576282)|ENTERING_MANAGED_PKG|tz
12:48:51.0 (194013497)|SOQL_EXECUTE_BEGIN|[333]|Aggregations:0|SELECT tz__Country__c FROM tz__lt_country_names__mdt WHERE MasterLabel = :tmpVar1
12:48:51.0 (206475343)|SOQL_EXECUTE_END|[333]|Rows:1
12:48:51.0 (206890138)|ENTERING_MANAGED_PKG|tz
12:48:51.0 (206959149)|METHOD_EXIT|[10]|01pE0000001ksei|tz.LocalTime.getOffsetFull(String, String, String)
12:48:51.0 (206969934)|VARIABLE_SCOPE_BEGIN|[10]|jsonStr|String|false|false
12:48:51.0 (206998604)|VARIABLE_ASSIGNMENT|[10]|jsonStr|"{\"offset\":\"N/A\",\"dst (92 more) ..."
12:48:51.0 (207008136)|STATEMENT_EXECUTE|[11]
12:48:51.0 (207010541)|STATEMENT_EXECUTE|[12]
12:48:51.0 (207021481)|METHOD_ENTRY|[12]||System.JSON.deserializeUntyped(String)
12:48:51.0 (207513387)|METHOD_EXIT|[12]||System.JSON.deserializeUntyped(String)
12:48:51.0 (207528564)|VARIABLE_SCOPE_BEGIN|[12]|m|Map<String,ANY>|true|false
12:48:51.0 (207554828)|VARIABLE_ASSIGNMENT|[12]|m|"Map of size 6 too large to display"|0x6e800768
12:48:51.0 (207562432)|STATEMENT_EXECUTE|[13]
12:48:51.0 (207582347)|VARIABLE_SCOPE_BEGIN|[13]|offset|String|false|false
12:48:51.0 (207593622)|VARIABLE_ASSIGNMENT|[13]|offset|"N/A"
12:48:51.0 (207615126)|STATEMENT_EXECUTE|[14]
12:48:51.0 (207633834)|HEAP_ALLOCATE|[7]|Bytes:5
12:48:51.0 (207652706)|VARIABLE_ASSIGNMENT|[7]|u|null|
12:48:51.207 (207665611)|CUMULATIVE_LIMIT_USAGE
12:48:51.207 (207665611)|LIMIT_USAGE_FOR_NS|(default)|
  Number of SOQL queries: 0 out of 100
  Number of query rows: 0 out of 50000
  Number of SOSL queries: 0 out of 20
  Number of DML statements: 0 out of 150
  Number of DML rows: 0 out of 10000
  Maximum CPU time: 0 out of 10000
  Maximum heap size: 0 out of 6000000
  Number of callouts: 0 out of 100
  Number of Email Invocations: 0 out of 10
  Number of future calls: 0 out of 50
  Number of queueable jobs added to the queue: 0 out of 50
  Number of Mobile Apex push calls: 0 out of 10

12:48:51.207 (207665611)|LIMIT_USAGE_FOR_NS|tz|
  Number of SOQL queries: 0 out of 100
  Number of query rows: 1 out of 50000
  Number of SOSL queries: 0 out of 20
  Number of DML statements: 0 out of 150
  Number of DML rows: 0 out of 10000
  Maximum CPU time: 0 out of 10000
  Maximum heap size: 0 out of 6000000
  Number of callouts: 0 out of 100
  Number of Email Invocations: 0 out of 10
  Number of future calls: 0 out of 50
  Number of queueable jobs added to the queue: 0 out of 50
  Number of Mobile Apex push calls: 0 out of 10

12:48:51.207 (207665611)|TOTAL_EMAIL_RECIPIENTS_QUEUED|0
12:48:51.207 (207665611)|STATIC_VARIABLE_LIST|
  char[]:DigitTens:0
  long:serialVersionUID:0
  String:_static_REGION_EUROPE:0
  String:_static_REGION_NA:0
  long:serialVersionUID:0
  double:MAX_VALUE:0
  Boolean:FALSE:0
  long:serialVersionUID:0
  String:_sfdcAdditionalCodeLocations:0
  double:MIN_VALUE:0
  int:SIZE:0
  double:NEGATIVE_INFINITY:0
  String:_static_NOT_AVAILABLE:0
  int:MAX_VALUE:0
  String:_static_REGION_ISRAEL:0
  char[]:digits:0
  double:NaN:0
  Boolean:TRUE:0
  String:_static_REGION_AFRICA:0
  String:_static_REGION_NZ:0
  String:_static_REGION_SA:0
  int:MIN_VALUE:0
  String:_sfdcAdditionalCodeLocations:0
  char[]:DigitOnes:0
  int:BYTES:0
  String:_sfdcAdditionalCodeLocations:0
  int:MIN_EXPONENT:0
  int[]:sizeTable:0
  String:_static_REGION_ASIA:0
  int:MAX_EXPONENT:0
  String:_static_REGION_OCEANIA:0
  int:SIZE:0
  double:POSITIVE_INFINITY:0
  double:MIN_NORMAL:0
  int:BYTES:0

12:48:51.207 (207665611)|CUMULATIVE_LIMIT_USAGE_END

12:48:51.0 (208910149)|CODE_UNIT_FINISHED|LocalTimeUserTrigger on User trigger event BeforeUpdate for [005E0000004yLLO]
12:48:51.267 (267147871)|ENTERING_MANAGED_PKG|skuid
12:48:51.268 (268151667)|CUMULATIVE_LIMIT_USAGE
12:48:51.268 (268151667)|LIMIT_USAGE_FOR_NS|(default)|
  Number of SOQL queries: 0 out of 100
  Number of query rows: 0 out of 50000
  Number of SOSL queries: 0 out of 20
  Number of DML statements: 0 out of 150
  Number of DML rows: 0 out of 10000
  Maximum CPU time: 0 out of 10000
  Maximum heap size: 0 out of 6000000
  Number of callouts: 0 out of 100
  Number of Email Invocations: 0 out of 10
  Number of future calls: 0 out of 50
  Number of queueable jobs added to the queue: 0 out of 50
  Number of Mobile Apex push calls: 0 out of 10

12:48:51.268 (268151667)|LIMIT_USAGE_FOR_NS|tz|
  Number of SOQL queries: 0 out of 100
  Number of query rows: 1 out of 50000
  Number of SOSL queries: 0 out of 20
  Number of DML statements: 0 out of 150
  Number of DML rows: 0 out of 10000
  Maximum CPU time: 0 out of 10000
  Maximum heap size: 0 out of 6000000
  Number of callouts: 0 out of 100
  Number of Email Invocations: 0 out of 10
  Number of future calls: 0 out of 50
  Number of queueable jobs added to the queue: 0 out of 50
  Number of Mobile Apex push calls: 0 out of 10

12:48:51.268 (268151667)|CUMULATIVE_LIMIT_USAGE_END

12:48:51.0 (270846764)|CODE_UNIT_STARTED|[EXTERNAL]|Workflow:User
12:48:51.0 (275257630)|WF_RULE_EVAL_BEGIN|Workflow
12:48:51.0 (275286525)|WF_CRITERIA_BEGIN|[User: Elissa Sadhana Team (WCI) 005E0000004yLLO]|Member_Community_New_User301V000000063fo|01QV00000001N6N|ON_CREATE_ONLY|0
12:48:51.0 (275298241)|WF_RULE_NOT_EVALUATED
12:48:51.0 (275305549)|WF_SPOOL_ACTION_BEGIN|Workflow
12:48:51.0 (275314052)|WF_ACTION| None
12:48:51.0 (275318916)|WF_RULE_EVAL_END
12:48:51.0 (275362955)|WF_ACTIONS_END| None
12:48:51.0 (275372151)|CODE_UNIT_FINISHED|Workflow:User
12:48:51.0 (390286372)|CODE_UNIT_FINISHED|TRIGGERS
12:48:51.0 (390306539)|EXECUTION_FINISHED
12:48:51.394 (394828239)|CUMULATIVE_PROFILING_BEGIN
12:48:51.394 (394828239)|CUMULATIVE_PROFILING|SOQL operations|
(tz): [SELECT tz__Country__c FROM tz__lt_country_names__mdt WHERE MasterLabel = :countryCode]: executed 2 times in 26 ms

12:48:51.394 (394828239)|CUMULATIVE_PROFILING|No profiling information for SOSL operations
12:48:51.394 (394828239)|CUMULATIVE_PROFILING|No profiling information for DML operations
12:48:51.394 (394828239)|CUMULATIVE_PROFILING|method invocations|
Trigger.LocalTimeUserTrigger: line 10, column 1: webService static String getOffsetFull(String, String, String): executed 2 times in 29 ms
External entry point: public void invoke(): executed 1 time in 18 ms
Trigger.LocalTimeUserTrigger: line 7, column 1: global public System.Iterator iterator(): executed 6 times in 1 ms
Trigger.LocalTimeUserTrigger: line 12, column 1: global static Object deserializeUntyped(String): executed 2 times in 1 ms
Trigger.LocalTimeUserTrigger: line 13, column 1: global public Object get(Object): executed 2 times in 0 ms

12:48:51.394 (394828239)|CUMULATIVE_PROFILING_END
