40.0 APEX_CODE,FINEST;APEX_PROFILING,FINEST;CALLOUT,INFO;DB,INFO;SYSTEM,DEBUG;VALIDATION,INFO;VISUALFORCE,INFO;WAVE,INFO;WORKFLOW,INFO
15:44:49.0 (429225)|USER_INFO|[EXTERNAL]|005E0000004yLLO|worldcare@sadhanaconsulting.com.devfull|Eastern Standard Time|GMT-05:00
15:44:49.0 (653901)|EXECUTION_STARTED
15:44:49.0 (658986)|CODE_UNIT_STARTED|[EXTERNAL]|TRIGGERS
15:44:49.0 (1760254)|CODE_UNIT_STARTED|[EXTERNAL]|01qV0000000DErk|LocalTimeUserTrigger on User trigger event BeforeUpdate for [005E0000004yLLO]
15:44:49.0 (1811780)|HEAP_ALLOCATE|[EXTERNAL]|Bytes:8
15:44:49.0 (1850838)|HEAP_ALLOCATE|[EXTERNAL]|Bytes:8
15:44:49.0 (2280527)|HEAP_ALLOCATE|[72]|Bytes:3
15:44:49.0 (2369706)|HEAP_ALLOCATE|[77]|Bytes:152
15:44:49.0 (2392705)|HEAP_ALLOCATE|[342]|Bytes:408
15:44:49.0 (2414764)|HEAP_ALLOCATE|[355]|Bytes:408
15:44:49.0 (2435139)|HEAP_ALLOCATE|[467]|Bytes:48
15:44:49.0 (2513737)|HEAP_ALLOCATE|[139]|Bytes:6
15:44:49.0 (2548538)|HEAP_ALLOCATE|[EXTERNAL]|Bytes:4
15:44:49.0 (2578291)|VARIABLE_SCOPE_BEGIN|[5]|this|LocalTimeUserTrigger|true|false
15:44:49.0 (2737103)|VARIABLE_ASSIGNMENT|[5]|this|{}|0x5347b3ea
15:44:49.0 (2817348)|HEAP_ALLOCATE|[EXTERNAL]|Bytes:4
15:44:49.0 (2841429)|VARIABLE_SCOPE_BEGIN|[5]|this|LocalTimeUserTrigger|true|false
15:44:49.0 (2859190)|VARIABLE_ASSIGNMENT|[5]|this|{}|0x5347b3ea
15:44:49.0 (2869575)|STATEMENT_EXECUTE|[5]
15:44:49.0 (2907883)|HEAP_ALLOCATE|[50]|Bytes:5
15:44:49.0 (2935374)|HEAP_ALLOCATE|[56]|Bytes:5
15:44:49.0 (2948501)|HEAP_ALLOCATE|[64]|Bytes:7
15:44:49.0 (3302968)|HEAP_ALLOCATE|[7]|Bytes:5
15:44:49.0 (3353449)|HEAP_ALLOCATE|[7]|Bytes:4
15:44:49.0 (3369001)|VARIABLE_SCOPE_BEGIN|[7]|u|User|true|false
15:44:49.0 (34716617)|VARIABLE_ASSIGNMENT|[7]|u|{"ProfileId":"00eE0000000zEdeIAE","LastModifiedDate":"2017-11-10T20:44:37.000Z","ReceivesAdminInfoEma (3 more) ...":false,"Email":"depot@sadhanaconsult (7 more) ...","TimeZoneSidKey":"America/New_York","LanguageLocaleKey":"fr","UserRoleId":"00EE0000000hj7TMAQ","License_Type__c":"Salesforce","IsActive":true,"Nurse__c":false,"LastLoginDate":"2017-11-10T20:42:51.000Z","PostalCode":"03820","ForecastEnabled":false,"IsExtIndicatorVisibl (1 more) ...":false,"DigestFrequency":"D","UTC_Offset__c":-4.00,"IsProfilePhotoActive":false,"Default_Patient_Coun (6 more) ...":"US","CompanyName":"Sadhana Consulting L (2 more) ...","CommunityNickname":"prozek","CreatedById":"005E0000002k2ScIAI","Street":"1 S Pine Street","Acquisition_Site__c":"001E000001HBa8R","Server_URL__c":"https://cs12.salesfo (17 more) ...","LastPasswordChangeDa (2 more) ...":"2017-10-10T13:48:13.000Z","LocaleSidKey":"en_US","FirstName":"Elissa","Name_Formula__c":"Elissa Sadhana Team  (5 more) ...","Title":"Consultant","City":"Dover","EmailEncodingKey":"ISO-8859-1","ReceivesInfoEmails":false,"SystemModstamp":"2017-11-10T20:44:37.000Z","User_18_Digit_ID__c":"005E0000004yLLOIA2","IsPortalEnabled":false,"Username":"worldcare@sadhanacon (19 more) ...","Alias":"Sadhana","DefaultGroupNotifica (13 more) ...":"N","CreatedDate":"2014-03-07T01:09:17.000Z","LastName":"Sadhana Team (WCI)","Id":"005E0000004yLLOIA2","IsPortalSelfRegister (2 more) ...":false,"UserType":"Standard","LastModifiedById":"005E0000004yLLOIA2"}|0xc151650
15:44:49.0 (34761601)|STATEMENT_EXECUTE|[7]
15:44:49.0 (34763790)|STATEMENT_EXECUTE|[9]
15:44:49.0 (34764850)|STATEMENT_EXECUTE|[9]
15:44:49.0 (34765920)|STATEMENT_EXECUTE|[10]
15:44:49.0 (36037047)|VARIABLE_SCOPE_BEGIN|[3]|LocalTime.NOT_AVAILABLE|String|false|true
15:44:49.0 (36056117)|VARIABLE_SCOPE_BEGIN|[9]|LocalTime.REGION_AFRICA|String|false|true
15:44:49.0 (36067685)|VARIABLE_SCOPE_BEGIN|[6]|LocalTime.REGION_ASIA|String|false|true
15:44:49.0 (36078948)|VARIABLE_SCOPE_BEGIN|[5]|LocalTime.REGION_EUROPE|String|false|true
15:44:49.0 (36090047)|VARIABLE_SCOPE_BEGIN|[11]|LocalTime.REGION_ISRAEL|String|false|true
15:44:49.0 (36101704)|VARIABLE_SCOPE_BEGIN|[4]|LocalTime.REGION_NA|String|false|true
15:44:49.0 (36112774)|VARIABLE_SCOPE_BEGIN|[10]|LocalTime.REGION_NZ|String|false|true
15:44:49.0 (36123825)|VARIABLE_SCOPE_BEGIN|[7]|LocalTime.REGION_OCEANIA|String|false|true
15:44:49.0 (36134543)|VARIABLE_SCOPE_BEGIN|[8]|LocalTime.REGION_SA|String|false|true
15:44:49.0 (36212989)|HEAP_ALLOCATE|[10]|Bytes:86
15:44:49.0 (36231170)|HEAP_ALLOCATE|[10]|Bytes:3
15:44:49.0 (36283954)|VARIABLE_ASSIGNMENT|[10]|LocalTime.NOT_AVAILABLE|"N/A"
15:44:49.0 (36292228)|HEAP_ALLOCATE|[10]|Bytes:6
15:44:49.0 (36300978)|VARIABLE_ASSIGNMENT|[10]|LocalTime.REGION_AFRICA|"AFRICA"
15:44:49.0 (36305966)|HEAP_ALLOCATE|[10]|Bytes:4
15:44:49.0 (36312406)|VARIABLE_ASSIGNMENT|[10]|LocalTime.REGION_ASIA|"ASIA"
15:44:49.0 (36317842)|HEAP_ALLOCATE|[10]|Bytes:6
15:44:49.0 (36329714)|VARIABLE_ASSIGNMENT|[10]|LocalTime.REGION_EUROPE|"EUROPE"
15:44:49.0 (36334805)|HEAP_ALLOCATE|[10]|Bytes:6
15:44:49.0 (36342049)|VARIABLE_ASSIGNMENT|[10]|LocalTime.REGION_ISRAEL|"ISRAEL"
15:44:49.0 (36346836)|HEAP_ALLOCATE|[10]|Bytes:2
15:44:49.0 (36353613)|VARIABLE_ASSIGNMENT|[10]|LocalTime.REGION_NA|"NA"
15:44:49.0 (36358699)|HEAP_ALLOCATE|[10]|Bytes:2
15:44:49.0 (36365139)|VARIABLE_ASSIGNMENT|[10]|LocalTime.REGION_NZ|"NZ"
15:44:49.0 (36370186)|HEAP_ALLOCATE|[10]|Bytes:7
15:44:49.0 (36377292)|VARIABLE_ASSIGNMENT|[10]|LocalTime.REGION_OCEANIA|"OCEANIA"
15:44:49.0 (36382210)|HEAP_ALLOCATE|[10]|Bytes:2
15:44:49.0 (36388778)|VARIABLE_ASSIGNMENT|[10]|LocalTime.REGION_SA|"SA"
15:44:49.0 (36428972)|METHOD_ENTRY|[2]|01pE0000001ksei|LocalTime.LocalTime()
15:44:49.0 (36436595)|STATEMENT_EXECUTE|[2]
15:44:49.0 (36471644)|ENTERING_MANAGED_PKG|tz
15:44:49.0 (36514520)|METHOD_EXIT|[2]|LocalTime
15:44:49.0 (36590069)|METHOD_ENTRY|[10]|01pE0000001ksei|tz.LocalTime.getOffsetFull(String, String, String)
15:44:49.0 (36600095)|ENTERING_MANAGED_PKG|tz
15:44:49.0 (36859819)|ENTERING_MANAGED_PKG|tz
15:44:49.0 (37013637)|ENTERING_MANAGED_PKG|tz
15:44:49.0 (38441036)|SOQL_EXECUTE_BEGIN|[333]|Aggregations:0|SELECT tz__Country__c FROM tz__lt_country_names__mdt WHERE MasterLabel = :tmpVar1
15:44:49.0 (54413433)|SOQL_EXECUTE_END|[333]|Rows:1
15:44:49.0 (55218349)|ENTERING_MANAGED_PKG|tz
15:44:49.0 (55336984)|METHOD_EXIT|[10]|01pE0000001ksei|tz.LocalTime.getOffsetFull(String, String, String)
15:44:49.0 (55350557)|VARIABLE_SCOPE_BEGIN|[10]|jsonStr|String|false|false
15:44:49.0 (55382716)|VARIABLE_ASSIGNMENT|[10]|jsonStr|"{\"offset\":\"N/A\",\"dst (92 more) ..."
15:44:49.0 (55391660)|STATEMENT_EXECUTE|[11]
15:44:49.0 (55394015)|STATEMENT_EXECUTE|[12]
15:44:49.0 (55480316)|HEAP_ALLOCATE|[12]|Bytes:24
15:44:49.0 (55501441)|SYSTEM_METHOD_ENTRY|[1]|JSON.JSON()
15:44:49.0 (55506510)|STATEMENT_EXECUTE|[1]
15:44:49.0 (55518394)|SYSTEM_METHOD_EXIT|[1]|JSON
15:44:49.0 (55538064)|METHOD_ENTRY|[12]||System.JSON.deserializeUntyped(String)
15:44:49.0 (56195718)|METHOD_EXIT|[12]||System.JSON.deserializeUntyped(String)
15:44:49.0 (56213965)|VARIABLE_SCOPE_BEGIN|[12]|m|Map<String,ANY>|true|false
15:44:49.0 (56243139)|VARIABLE_ASSIGNMENT|[12]|m|"Map of size 6 too large to display"|0x7297acf0
15:44:49.0 (56251406)|STATEMENT_EXECUTE|[13]
15:44:49.0 (56256704)|HEAP_ALLOCATE|[13]|Bytes:6
15:44:49.0 (56305528)|VARIABLE_SCOPE_BEGIN|[13]|offset|String|false|false
15:44:49.0 (56328270)|VARIABLE_ASSIGNMENT|[13]|offset|"N/A"
15:44:49.0 (56346114)|HEAP_ALLOCATE|[14]|Bytes:3
15:44:49.0 (56388267)|STATEMENT_EXECUTE|[14]
15:44:49.0 (56415689)|HEAP_ALLOCATE|[7]|Bytes:5
15:44:49.0 (56438580)|VARIABLE_ASSIGNMENT|[7]|u|null|
15:44:49.56 (56452468)|CUMULATIVE_LIMIT_USAGE
15:44:49.56 (56452468)|LIMIT_USAGE_FOR_NS|(default)|
  Number of SOQL queries: 0 out of 100
  Number of query rows: 0 out of 50000
  Number of SOSL queries: 0 out of 20
  Number of DML statements: 0 out of 150
  Number of DML rows: 0 out of 10000
  Maximum CPU time: 0 out of 10000
  Maximum heap size: 0 out of 6000000
  Number of callouts: 0 out of 100
  Number of Email Invocations: 0 out of 10
  Number of future calls: 0 out of 50
  Number of queueable jobs added to the queue: 0 out of 50
  Number of Mobile Apex push calls: 0 out of 10

15:44:49.56 (56452468)|LIMIT_USAGE_FOR_NS|tz|
  Number of SOQL queries: 0 out of 100
  Number of query rows: 1 out of 50000
  Number of SOSL queries: 0 out of 20
  Number of DML statements: 0 out of 150
  Number of DML rows: 0 out of 10000
  Maximum CPU time: 0 out of 10000
  Maximum heap size: 0 out of 6000000
  Number of callouts: 0 out of 100
  Number of Email Invocations: 0 out of 10
  Number of future calls: 0 out of 50
  Number of queueable jobs added to the queue: 0 out of 50
  Number of Mobile Apex push calls: 0 out of 10

15:44:49.56 (56452468)|TOTAL_EMAIL_RECIPIENTS_QUEUED|0
15:44:49.56 (56452468)|STATIC_VARIABLE_LIST|
  char[]:DigitTens:0
  long:serialVersionUID:0
  String:_static_REGION_EUROPE:0
  String:_static_REGION_NA:0
  long:serialVersionUID:0
  double:MAX_VALUE:0
  Boolean:FALSE:0
  long:serialVersionUID:0
  String:_sfdcAdditionalCodeLocations:0
  double:MIN_VALUE:0
  int:SIZE:0
  double:NEGATIVE_INFINITY:0
  String:_static_NOT_AVAILABLE:0
  int:MAX_VALUE:0
  String:_static_REGION_ISRAEL:0
  char[]:digits:0
  double:NaN:0
  Boolean:TRUE:0
  String:_static_REGION_AFRICA:0
  String:_static_REGION_NZ:0
  String:_static_REGION_SA:0
  int:MIN_VALUE:0
  char[]:DigitOnes:0
  int:BYTES:0
  String:_sfdcAdditionalCodeLocations:0
  int:MIN_EXPONENT:0
  int[]:sizeTable:0
  String:_static_REGION_ASIA:0
  int:MAX_EXPONENT:0
  String:_static_REGION_OCEANIA:0
  int:SIZE:0
  double:POSITIVE_INFINITY:0
  double:MIN_NORMAL:0
  int:BYTES:0

15:44:49.56 (56452468)|CUMULATIVE_LIMIT_USAGE_END

15:44:49.0 (57838881)|CODE_UNIT_FINISHED|LocalTimeUserTrigger on User trigger event BeforeUpdate for [005E0000004yLLO]
15:44:49.163 (163018495)|ENTERING_MANAGED_PKG|skuid
15:44:49.165 (165012534)|CUMULATIVE_LIMIT_USAGE
15:44:49.165 (165012534)|LIMIT_USAGE_FOR_NS|(default)|
  Number of SOQL queries: 0 out of 100
  Number of query rows: 0 out of 50000
  Number of SOSL queries: 0 out of 20
  Number of DML statements: 0 out of 150
  Number of DML rows: 0 out of 10000
  Maximum CPU time: 0 out of 10000
  Maximum heap size: 0 out of 6000000
  Number of callouts: 0 out of 100
  Number of Email Invocations: 0 out of 10
  Number of future calls: 0 out of 50
  Number of queueable jobs added to the queue: 0 out of 50
  Number of Mobile Apex push calls: 0 out of 10

15:44:49.165 (165012534)|LIMIT_USAGE_FOR_NS|tz|
  Number of SOQL queries: 0 out of 100
  Number of query rows: 1 out of 50000
  Number of SOSL queries: 0 out of 20
  Number of DML statements: 0 out of 150
  Number of DML rows: 0 out of 10000
  Maximum CPU time: 0 out of 10000
  Maximum heap size: 0 out of 6000000
  Number of callouts: 0 out of 100
  Number of Email Invocations: 0 out of 10
  Number of future calls: 0 out of 50
  Number of queueable jobs added to the queue: 0 out of 50
  Number of Mobile Apex push calls: 0 out of 10

15:44:49.165 (165012534)|CUMULATIVE_LIMIT_USAGE_END

15:44:49.0 (168012675)|CODE_UNIT_STARTED|[EXTERNAL]|Workflow:User
15:44:49.0 (177113034)|WF_RULE_EVAL_BEGIN|Workflow
15:44:49.0 (177162991)|WF_CRITERIA_BEGIN|[User: Elissa Sadhana Team (WCI) 005E0000004yLLO]|Member_Community_New_User301V000000063fo|01QV00000001N6N|ON_CREATE_ONLY|0
15:44:49.0 (177192856)|WF_RULE_NOT_EVALUATED
15:44:49.0 (177207195)|WF_SPOOL_ACTION_BEGIN|Workflow
15:44:49.0 (177222693)|WF_ACTION| None
15:44:49.0 (177230181)|WF_RULE_EVAL_END
15:44:49.0 (177290158)|WF_ACTIONS_END| None
15:44:49.0 (177305244)|CODE_UNIT_FINISHED|Workflow:User
15:44:49.0 (189585934)|CODE_UNIT_STARTED|[EXTERNAL]|01qV0000000DErk|LocalTimeUserTrigger on User trigger event BeforeUpdate for [005E0000004yLLO]
15:44:49.0 (189684691)|HEAP_ALLOCATE|[EXTERNAL]|Bytes:8
15:44:49.0 (189730711)|HEAP_ALLOCATE|[EXTERNAL]|Bytes:8
15:44:49.0 (189829798)|HEAP_ALLOCATE|[EXTERNAL]|Bytes:4
15:44:49.0 (189851207)|VARIABLE_SCOPE_BEGIN|[5]|this|LocalTimeUserTrigger|true|false
15:44:49.0 (189899698)|VARIABLE_ASSIGNMENT|[5]|this|{}|0x56ce1349
15:44:49.0 (189947545)|HEAP_ALLOCATE|[EXTERNAL]|Bytes:4
15:44:49.0 (189961033)|VARIABLE_SCOPE_BEGIN|[5]|this|LocalTimeUserTrigger|true|false
15:44:49.0 (189981728)|VARIABLE_ASSIGNMENT|[5]|this|{}|0x56ce1349
15:44:49.0 (189995175)|STATEMENT_EXECUTE|[5]
15:44:49.0 (190136563)|HEAP_ALLOCATE|[7]|Bytes:5
15:44:49.0 (190182054)|HEAP_ALLOCATE|[7]|Bytes:4
15:44:49.0 (190210720)|VARIABLE_SCOPE_BEGIN|[7]|u|User|true|false
15:44:49.0 (196852359)|VARIABLE_ASSIGNMENT|[7]|u|{"ProfileId":"00eE0000000zEdeIAE","LastModifiedDate":"2017-11-10T20:44:49.000Z","ReceivesAdminInfoEma (3 more) ...":false,"Email":"depot@sadhanaconsult (7 more) ...","TimeZoneSidKey":"America/New_York","LanguageLocaleKey":"en_US","UserRoleId":"00EE0000000hj7TMAQ","License_Type__c":"Salesforce","IsActive":true,"Nurse__c":false,"LastLoginDate":"2017-11-10T20:42:51.000Z","PostalCode":"03820","ForecastEnabled":false,"IsExtIndicatorVisibl (1 more) ...":false,"DigestFrequency":"D","UTC_Offset__c":-4.00,"IsProfilePhotoActive":false,"Default_Patient_Coun (6 more) ...":"US","CompanyName":"Sadhana Consulting L (2 more) ...","CommunityNickname":"prozek","CreatedById":"005E0000002k2ScIAI","Street":"1 S Pine Street","Acquisition_Site__c":"001E000001HBa8R","Server_URL__c":"https://cs12.salesfo (17 more) ...","LastPasswordChangeDa (2 more) ...":"2017-10-10T13:48:13.000Z","LocaleSidKey":"en_US","FirstName":"Elissa","Name_Formula__c":"Elissa Sadhana Team  (5 more) ...","Title":"Consultant","City":"Dover","EmailEncodingKey":"ISO-8859-1","ReceivesInfoEmails":false,"SystemModstamp":"2017-11-10T20:44:49.000Z","User_18_Digit_ID__c":"005E0000004yLLOIA2","IsPortalEnabled":false,"Username":"worldcare@sadhanacon (19 more) ...","Alias":"Sadhana","DefaultGroupNotifica (13 more) ...":"N","CreatedDate":"2014-03-07T01:09:17.000Z","LastName":"Sadhana Team (WCI)","Id":"005E0000004yLLOIA2","IsPortalSelfRegister (2 more) ...":false,"UserType":"Standard","LastModifiedById":"005E0000004yLLOIA2"}|0x7af21376
15:44:49.0 (196890284)|STATEMENT_EXECUTE|[7]
15:44:49.0 (196892869)|STATEMENT_EXECUTE|[9]
15:44:49.0 (196893950)|STATEMENT_EXECUTE|[9]
15:44:49.0 (196895018)|STATEMENT_EXECUTE|[10]
15:44:49.0 (196967793)|METHOD_ENTRY|[10]|01pE0000001ksei|tz.LocalTime.getOffsetFull(String, String, String)
15:44:49.0 (196983983)|ENTERING_MANAGED_PKG|tz
15:44:49.0 (197064006)|ENTERING_MANAGED_PKG|tz
15:44:49.0 (197158199)|ENTERING_MANAGED_PKG|tz
15:44:49.0 (197565472)|SOQL_EXECUTE_BEGIN|[333]|Aggregations:0|SELECT tz__Country__c FROM tz__lt_country_names__mdt WHERE MasterLabel = :tmpVar1
15:44:49.0 (211060094)|SOQL_EXECUTE_END|[333]|Rows:1
15:44:49.0 (211501065)|ENTERING_MANAGED_PKG|tz
15:44:49.0 (211574944)|METHOD_EXIT|[10]|01pE0000001ksei|tz.LocalTime.getOffsetFull(String, String, String)
15:44:49.0 (211586710)|VARIABLE_SCOPE_BEGIN|[10]|jsonStr|String|false|false
15:44:49.0 (211616725)|VARIABLE_ASSIGNMENT|[10]|jsonStr|"{\"offset\":\"N/A\",\"dst (92 more) ..."
15:44:49.0 (211623690)|STATEMENT_EXECUTE|[11]
15:44:49.0 (211625685)|STATEMENT_EXECUTE|[12]
15:44:49.0 (211641319)|METHOD_ENTRY|[12]||System.JSON.deserializeUntyped(String)
15:44:49.0 (212189856)|METHOD_EXIT|[12]||System.JSON.deserializeUntyped(String)
15:44:49.0 (212207058)|VARIABLE_SCOPE_BEGIN|[12]|m|Map<String,ANY>|true|false
15:44:49.0 (212235597)|VARIABLE_ASSIGNMENT|[12]|m|"Map of size 6 too large to display"|0x6562bfff
15:44:49.0 (212242876)|STATEMENT_EXECUTE|[13]
15:44:49.0 (212262040)|VARIABLE_SCOPE_BEGIN|[13]|offset|String|false|false
15:44:49.0 (212290415)|VARIABLE_ASSIGNMENT|[13]|offset|"N/A"
15:44:49.0 (212308089)|STATEMENT_EXECUTE|[14]
15:44:49.0 (212330369)|HEAP_ALLOCATE|[7]|Bytes:5
15:44:49.0 (212352371)|VARIABLE_ASSIGNMENT|[7]|u|null|
15:44:49.212 (212366471)|CUMULATIVE_LIMIT_USAGE
15:44:49.212 (212366471)|LIMIT_USAGE_FOR_NS|(default)|
  Number of SOQL queries: 0 out of 100
  Number of query rows: 0 out of 50000
  Number of SOSL queries: 0 out of 20
  Number of DML statements: 0 out of 150
  Number of DML rows: 0 out of 10000
  Maximum CPU time: 0 out of 10000
  Maximum heap size: 0 out of 6000000
  Number of callouts: 0 out of 100
  Number of Email Invocations: 0 out of 10
  Number of future calls: 0 out of 50
  Number of queueable jobs added to the queue: 0 out of 50
  Number of Mobile Apex push calls: 0 out of 10

15:44:49.212 (212366471)|LIMIT_USAGE_FOR_NS|tz|
  Number of SOQL queries: 0 out of 100
  Number of query rows: 1 out of 50000
  Number of SOSL queries: 0 out of 20
  Number of DML statements: 0 out of 150
  Number of DML rows: 0 out of 10000
  Maximum CPU time: 0 out of 10000
  Maximum heap size: 0 out of 6000000
  Number of callouts: 0 out of 100
  Number of Email Invocations: 0 out of 10
  Number of future calls: 0 out of 50
  Number of queueable jobs added to the queue: 0 out of 50
  Number of Mobile Apex push calls: 0 out of 10

15:44:49.212 (212366471)|TOTAL_EMAIL_RECIPIENTS_QUEUED|0
15:44:49.212 (212366471)|STATIC_VARIABLE_LIST|
  char[]:DigitTens:0
  long:serialVersionUID:0
  String:_static_REGION_EUROPE:0
  String:_static_REGION_NA:0
  long:serialVersionUID:0
  double:MAX_VALUE:0
  Boolean:FALSE:0
  long:serialVersionUID:0
  String:_sfdcAdditionalCodeLocations:0
  double:MIN_VALUE:0
  int:SIZE:0
  double:NEGATIVE_INFINITY:0
  String:_static_NOT_AVAILABLE:0
  int:MAX_VALUE:0
  String:_static_REGION_ISRAEL:0
  char[]:digits:0
  double:NaN:0
  Boolean:TRUE:0
  String:_static_REGION_AFRICA:0
  String:_static_REGION_NZ:0
  String:_static_REGION_SA:0
  int:MIN_VALUE:0
  String:_sfdcAdditionalCodeLocations:0
  char[]:DigitOnes:0
  int:BYTES:0
  String:_sfdcAdditionalCodeLocations:0
  int:MIN_EXPONENT:0
  int[]:sizeTable:0
  String:_static_REGION_ASIA:0
  int:MAX_EXPONENT:0
  String:_static_REGION_OCEANIA:0
  int:SIZE:0
  double:POSITIVE_INFINITY:0
  double:MIN_NORMAL:0
  int:BYTES:0

15:44:49.212 (212366471)|CUMULATIVE_LIMIT_USAGE_END

15:44:49.0 (213897101)|CODE_UNIT_FINISHED|LocalTimeUserTrigger on User trigger event BeforeUpdate for [005E0000004yLLO]
15:44:49.271 (271999058)|ENTERING_MANAGED_PKG|skuid
15:44:49.273 (273094190)|CUMULATIVE_LIMIT_USAGE
15:44:49.273 (273094190)|LIMIT_USAGE_FOR_NS|(default)|
  Number of SOQL queries: 0 out of 100
  Number of query rows: 0 out of 50000
  Number of SOSL queries: 0 out of 20
  Number of DML statements: 0 out of 150
  Number of DML rows: 0 out of 10000
  Maximum CPU time: 0 out of 10000
  Maximum heap size: 0 out of 6000000
  Number of callouts: 0 out of 100
  Number of Email Invocations: 0 out of 10
  Number of future calls: 0 out of 50
  Number of queueable jobs added to the queue: 0 out of 50
  Number of Mobile Apex push calls: 0 out of 10

15:44:49.273 (273094190)|LIMIT_USAGE_FOR_NS|tz|
  Number of SOQL queries: 0 out of 100
  Number of query rows: 1 out of 50000
  Number of SOSL queries: 0 out of 20
  Number of DML statements: 0 out of 150
  Number of DML rows: 0 out of 10000
  Maximum CPU time: 0 out of 10000
  Maximum heap size: 0 out of 6000000
  Number of callouts: 0 out of 100
  Number of Email Invocations: 0 out of 10
  Number of future calls: 0 out of 50
  Number of queueable jobs added to the queue: 0 out of 50
  Number of Mobile Apex push calls: 0 out of 10

15:44:49.273 (273094190)|CUMULATIVE_LIMIT_USAGE_END

15:44:49.0 (276565780)|CODE_UNIT_STARTED|[EXTERNAL]|Workflow:User
15:44:49.0 (282288621)|WF_RULE_EVAL_BEGIN|Workflow
15:44:49.0 (282323138)|WF_CRITERIA_BEGIN|[User: Elissa Sadhana Team (WCI) 005E0000004yLLO]|Member_Community_New_User301V000000063fo|01QV00000001N6N|ON_CREATE_ONLY|0
15:44:49.0 (282336505)|WF_RULE_NOT_EVALUATED
15:44:49.0 (282344623)|WF_SPOOL_ACTION_BEGIN|Workflow
15:44:49.0 (282353875)|WF_ACTION| None
15:44:49.0 (282360951)|WF_RULE_EVAL_END
15:44:49.0 (282423353)|WF_ACTIONS_END| None
15:44:49.0 (282438495)|CODE_UNIT_FINISHED|Workflow:User
15:44:49.0 (442016930)|CODE_UNIT_FINISHED|TRIGGERS
15:44:49.0 (442043405)|EXECUTION_FINISHED
15:44:49.446 (446894962)|CUMULATIVE_PROFILING_BEGIN
15:44:49.446 (446894962)|CUMULATIVE_PROFILING|SOQL operations|
(tz): [SELECT tz__Country__c FROM tz__lt_country_names__mdt WHERE MasterLabel = :countryCode]: executed 2 times in 31 ms

15:44:49.446 (446894962)|CUMULATIVE_PROFILING|No profiling information for SOSL operations
15:44:49.446 (446894962)|CUMULATIVE_PROFILING|No profiling information for DML operations
15:44:49.446 (446894962)|CUMULATIVE_PROFILING|method invocations|
Trigger.LocalTimeUserTrigger: line 10, column 1: webService static String getOffsetFull(String, String, String): executed 2 times in 34 ms
External entry point: public void invoke(): executed 1 time in 23 ms
Trigger.LocalTimeUserTrigger: line 12, column 1: global static Object deserializeUntyped(String): executed 2 times in 2 ms
Trigger.LocalTimeUserTrigger: line 7, column 1: global public System.Iterator iterator(): executed 6 times in 0 ms
Trigger.LocalTimeUserTrigger: line 13, column 1: global public Object get(Object): executed 2 times in 0 ms

15:44:49.446 (446894962)|CUMULATIVE_PROFILING_END
