40.0 APEX_CODE,FINEST;APEX_PROFILING,FINEST;CALLOUT,INFO;DB,INFO;SYSTEM,DEBUG;VALIDATION,INFO;VISUALFORCE,INFO;WAVE,INFO;WORKFLOW,INFO
11:59:00.0 (76055)|USER_INFO|[EXTERNAL]|005E0000004yLLO|worldcare@sadhanaconsulting.com.devfull|Eastern Standard Time|GMT-05:00
11:59:00.0 (116340)|EXECUTION_STARTED
11:59:00.0 (122571)|CODE_UNIT_STARTED|[EXTERNAL]|TRIGGERS
11:59:00.0 (1022317)|CODE_UNIT_STARTED|[EXTERNAL]|01qV0000000DErk|LocalTimeUserTrigger on User trigger event BeforeUpdate for [005E0000004yLLO]
11:59:00.0 (1085424)|HEAP_ALLOCATE|[EXTERNAL]|Bytes:8
11:59:00.0 (1121069)|HEAP_ALLOCATE|[EXTERNAL]|Bytes:8
11:59:00.0 (1487201)|HEAP_ALLOCATE|[72]|Bytes:3
11:59:00.0 (1548376)|HEAP_ALLOCATE|[77]|Bytes:152
11:59:00.0 (1570501)|HEAP_ALLOCATE|[342]|Bytes:408
11:59:00.0 (1591884)|HEAP_ALLOCATE|[355]|Bytes:408
11:59:00.0 (1611698)|HEAP_ALLOCATE|[467]|Bytes:48
11:59:00.0 (1648152)|HEAP_ALLOCATE|[139]|Bytes:6
11:59:00.0 (1680411)|HEAP_ALLOCATE|[EXTERNAL]|Bytes:4
11:59:00.0 (1690436)|VARIABLE_SCOPE_BEGIN|[5]|this|LocalTimeUserTrigger|true|false
11:59:00.0 (1739304)|VARIABLE_ASSIGNMENT|[5]|this|{}|0x4a4b1ae6
11:59:00.0 (1778051)|HEAP_ALLOCATE|[EXTERNAL]|Bytes:4
11:59:00.0 (1790025)|VARIABLE_SCOPE_BEGIN|[5]|this|LocalTimeUserTrigger|true|false
11:59:00.0 (1813456)|VARIABLE_ASSIGNMENT|[5]|this|{}|0x4a4b1ae6
11:59:00.0 (1830391)|STATEMENT_EXECUTE|[5]
11:59:00.0 (1878253)|HEAP_ALLOCATE|[50]|Bytes:5
11:59:00.0 (1911440)|HEAP_ALLOCATE|[56]|Bytes:5
11:59:00.0 (1923972)|HEAP_ALLOCATE|[64]|Bytes:7
11:59:00.0 (2424522)|HEAP_ALLOCATE|[7]|Bytes:5
11:59:00.0 (2470667)|HEAP_ALLOCATE|[7]|Bytes:4
11:59:00.0 (2494108)|VARIABLE_SCOPE_BEGIN|[7]|u|User|true|false
11:59:00.0 (28900095)|VARIABLE_ASSIGNMENT|[7]|u|{"ProfileId":"00eE0000000zEdeIAE","LastModifiedDate":"2017-11-10T16:58:23.000Z","ReceivesAdminInfoEma (3 more) ...":false,"Email":"depot@sadhanaconsult (7 more) ...","TimeZoneSidKey":"America/New_York","LanguageLocaleKey":"fr","UserRoleId":"00EE0000000hj7TMAQ","License_Type__c":"Salesforce","IsActive":true,"Nurse__c":false,"LastLoginDate":"2017-11-10T16:55:46.000Z","PostalCode":"03820","ForecastEnabled":false,"IsExtIndicatorVisibl (1 more) ...":false,"DigestFrequency":"D","UTC_Offset__c":-4.00,"IsProfilePhotoActive":false,"Default_Patient_Coun (6 more) ...":"US","CompanyName":"Sadhana Consulting L (2 more) ...","CommunityNickname":"prozek","CreatedById":"005E0000002k2ScIAI","Street":"1 S Pine Street","Acquisition_Site__c":"001E000001HBa8R","Server_URL__c":"https://cs12.salesfo (17 more) ...","LastPasswordChangeDa (2 more) ...":"2017-10-10T13:48:13.000Z","LocaleSidKey":"en_US","FirstName":"Elissa","Name_Formula__c":"Elissa Sadhana Team  (5 more) ...","Title":"Consultant","City":"Dover","EmailEncodingKey":"ISO-8859-1","ReceivesInfoEmails":false,"SystemModstamp":"2017-11-10T16:58:23.000Z","User_18_Digit_ID__c":"005E0000004yLLOIA2","IsPortalEnabled":false,"Username":"worldcare@sadhanacon (19 more) ...","Alias":"Sadhana","DefaultGroupNotifica (13 more) ...":"N","CreatedDate":"2014-03-07T01:09:17.000Z","LastName":"Sadhana Team (WCI)","Id":"005E0000004yLLOIA2","IsPortalSelfRegister (2 more) ...":false,"UserType":"Standard","LastModifiedById":"005E0000004yLLOIA2"}|0x47c3aa95
11:59:00.0 (28941414)|STATEMENT_EXECUTE|[7]
11:59:00.0 (28943466)|STATEMENT_EXECUTE|[9]
11:59:00.0 (28944637)|STATEMENT_EXECUTE|[9]
11:59:00.0 (28945830)|STATEMENT_EXECUTE|[10]
11:59:00.0 (29119447)|VARIABLE_SCOPE_BEGIN|[3]|LocalTime.NOT_AVAILABLE|String|false|true
11:59:00.0 (29131499)|VARIABLE_SCOPE_BEGIN|[9]|LocalTime.REGION_AFRICA|String|false|true
11:59:00.0 (29138023)|VARIABLE_SCOPE_BEGIN|[6]|LocalTime.REGION_ASIA|String|false|true
11:59:00.0 (29144790)|VARIABLE_SCOPE_BEGIN|[5]|LocalTime.REGION_EUROPE|String|false|true
11:59:00.0 (29150972)|VARIABLE_SCOPE_BEGIN|[11]|LocalTime.REGION_ISRAEL|String|false|true
11:59:00.0 (29157471)|VARIABLE_SCOPE_BEGIN|[4]|LocalTime.REGION_NA|String|false|true
11:59:00.0 (29163878)|VARIABLE_SCOPE_BEGIN|[10]|LocalTime.REGION_NZ|String|false|true
11:59:00.0 (29170271)|VARIABLE_SCOPE_BEGIN|[7]|LocalTime.REGION_OCEANIA|String|false|true
11:59:00.0 (29176595)|VARIABLE_SCOPE_BEGIN|[8]|LocalTime.REGION_SA|String|false|true
11:59:00.0 (29234998)|HEAP_ALLOCATE|[10]|Bytes:86
11:59:00.0 (29248628)|HEAP_ALLOCATE|[10]|Bytes:3
11:59:00.0 (29261318)|VARIABLE_ASSIGNMENT|[10]|LocalTime.NOT_AVAILABLE|"N/A"
11:59:00.0 (29267171)|HEAP_ALLOCATE|[10]|Bytes:6
11:59:00.0 (29276944)|VARIABLE_ASSIGNMENT|[10]|LocalTime.REGION_AFRICA|"AFRICA"
11:59:00.0 (29282029)|HEAP_ALLOCATE|[10]|Bytes:4
11:59:00.0 (29288199)|VARIABLE_ASSIGNMENT|[10]|LocalTime.REGION_ASIA|"ASIA"
11:59:00.0 (29293261)|HEAP_ALLOCATE|[10]|Bytes:6
11:59:00.0 (29299929)|VARIABLE_ASSIGNMENT|[10]|LocalTime.REGION_EUROPE|"EUROPE"
11:59:00.0 (29304529)|HEAP_ALLOCATE|[10]|Bytes:6
11:59:00.0 (29310712)|VARIABLE_ASSIGNMENT|[10]|LocalTime.REGION_ISRAEL|"ISRAEL"
11:59:00.0 (29315436)|HEAP_ALLOCATE|[10]|Bytes:2
11:59:00.0 (29325552)|VARIABLE_ASSIGNMENT|[10]|LocalTime.REGION_NA|"NA"
11:59:00.0 (29330838)|HEAP_ALLOCATE|[10]|Bytes:2
11:59:00.0 (29337674)|VARIABLE_ASSIGNMENT|[10]|LocalTime.REGION_NZ|"NZ"
11:59:00.0 (29342303)|HEAP_ALLOCATE|[10]|Bytes:7
11:59:00.0 (29348707)|VARIABLE_ASSIGNMENT|[10]|LocalTime.REGION_OCEANIA|"OCEANIA"
11:59:00.0 (29353266)|HEAP_ALLOCATE|[10]|Bytes:2
11:59:00.0 (29359379)|VARIABLE_ASSIGNMENT|[10]|LocalTime.REGION_SA|"SA"
11:59:00.0 (29377056)|METHOD_ENTRY|[2]|01pE0000001ksei|LocalTime.LocalTime()
11:59:00.0 (29383459)|STATEMENT_EXECUTE|[2]
11:59:00.0 (29401749)|ENTERING_MANAGED_PKG|tz
11:59:00.0 (29423782)|METHOD_EXIT|[2]|LocalTime
11:59:00.0 (29447682)|METHOD_ENTRY|[10]|01pE0000001ksei|tz.LocalTime.getOffsetFull(String, String, String)
11:59:00.0 (29454155)|ENTERING_MANAGED_PKG|tz
11:59:00.0 (29649143)|ENTERING_MANAGED_PKG|tz
11:59:00.0 (29734874)|ENTERING_MANAGED_PKG|tz
11:59:00.0 (30233900)|SOQL_EXECUTE_BEGIN|[333]|Aggregations:0|SELECT tz__Country__c FROM tz__lt_country_names__mdt WHERE MasterLabel = :tmpVar1
11:59:00.0 (41829875)|SOQL_EXECUTE_END|[333]|Rows:1
11:59:00.0 (42347714)|ENTERING_MANAGED_PKG|tz
11:59:00.0 (42409334)|METHOD_EXIT|[10]|01pE0000001ksei|tz.LocalTime.getOffsetFull(String, String, String)
11:59:00.0 (42420256)|VARIABLE_SCOPE_BEGIN|[10]|jsonStr|String|false|false
11:59:00.0 (42439413)|VARIABLE_ASSIGNMENT|[10]|jsonStr|"{\"offset\":\"N/A\",\"dst (92 more) ..."
11:59:00.0 (42445546)|STATEMENT_EXECUTE|[11]
11:59:00.0 (42447132)|STATEMENT_EXECUTE|[12]
11:59:00.0 (42496813)|HEAP_ALLOCATE|[12]|Bytes:24
11:59:00.0 (42514512)|SYSTEM_METHOD_ENTRY|[1]|JSON.JSON()
11:59:00.0 (42519025)|STATEMENT_EXECUTE|[1]
11:59:00.0 (42527528)|SYSTEM_METHOD_EXIT|[1]|JSON
11:59:00.0 (42543015)|METHOD_ENTRY|[12]||System.JSON.deserializeUntyped(String)
11:59:00.0 (42988706)|METHOD_EXIT|[12]||System.JSON.deserializeUntyped(String)
11:59:00.0 (43003387)|VARIABLE_SCOPE_BEGIN|[12]|m|Map<String,ANY>|true|false
11:59:00.0 (43029133)|VARIABLE_ASSIGNMENT|[12]|m|"Map of size 6 too large to display"|0x44da71fb
11:59:00.0 (43036558)|STATEMENT_EXECUTE|[13]
11:59:00.0 (43041213)|HEAP_ALLOCATE|[13]|Bytes:6
11:59:00.0 (43084910)|VARIABLE_SCOPE_BEGIN|[13]|offset|String|false|false
11:59:00.0 (43098905)|VARIABLE_ASSIGNMENT|[13]|offset|"N/A"
11:59:00.0 (43105784)|HEAP_ALLOCATE|[14]|Bytes:3
11:59:00.0 (43134990)|STATEMENT_EXECUTE|[14]
11:59:00.0 (43153704)|HEAP_ALLOCATE|[7]|Bytes:5
11:59:00.0 (43172755)|VARIABLE_ASSIGNMENT|[7]|u|null|
11:59:00.43 (43185941)|CUMULATIVE_LIMIT_USAGE
11:59:00.43 (43185941)|LIMIT_USAGE_FOR_NS|(default)|
  Number of SOQL queries: 0 out of 100
  Number of query rows: 0 out of 50000
  Number of SOSL queries: 0 out of 20
  Number of DML statements: 0 out of 150
  Number of DML rows: 0 out of 10000
  Maximum CPU time: 0 out of 10000
  Maximum heap size: 0 out of 6000000
  Number of callouts: 0 out of 100
  Number of Email Invocations: 0 out of 10
  Number of future calls: 0 out of 50
  Number of queueable jobs added to the queue: 0 out of 50
  Number of Mobile Apex push calls: 0 out of 10

11:59:00.43 (43185941)|LIMIT_USAGE_FOR_NS|tz|
  Number of SOQL queries: 0 out of 100
  Number of query rows: 1 out of 50000
  Number of SOSL queries: 0 out of 20
  Number of DML statements: 0 out of 150
  Number of DML rows: 0 out of 10000
  Maximum CPU time: 0 out of 10000
  Maximum heap size: 0 out of 6000000
  Number of callouts: 0 out of 100
  Number of Email Invocations: 0 out of 10
  Number of future calls: 0 out of 50
  Number of queueable jobs added to the queue: 0 out of 50
  Number of Mobile Apex push calls: 0 out of 10

11:59:00.43 (43185941)|TOTAL_EMAIL_RECIPIENTS_QUEUED|0
11:59:00.43 (43185941)|STATIC_VARIABLE_LIST|
  char[]:DigitTens:0
  long:serialVersionUID:0
  String:_static_REGION_EUROPE:0
  String:_static_REGION_NA:0
  long:serialVersionUID:0
  double:MAX_VALUE:0
  Boolean:FALSE:0
  long:serialVersionUID:0
  String:_sfdcAdditionalCodeLocations:0
  double:MIN_VALUE:0
  int:SIZE:0
  double:NEGATIVE_INFINITY:0
  String:_static_NOT_AVAILABLE:0
  int:MAX_VALUE:0
  String:_static_REGION_ISRAEL:0
  char[]:digits:0
  double:NaN:0
  Boolean:TRUE:0
  String:_static_REGION_AFRICA:0
  String:_static_REGION_NZ:0
  String:_static_REGION_SA:0
  int:MIN_VALUE:0
  char[]:DigitOnes:0
  int:BYTES:0
  String:_sfdcAdditionalCodeLocations:0
  int:MIN_EXPONENT:0
  int[]:sizeTable:0
  String:_static_REGION_ASIA:0
  int:MAX_EXPONENT:0
  String:_static_REGION_OCEANIA:0
  int:SIZE:0
  double:POSITIVE_INFINITY:0
  double:MIN_NORMAL:0
  int:BYTES:0

11:59:00.43 (43185941)|CUMULATIVE_LIMIT_USAGE_END

11:59:00.0 (44430270)|CODE_UNIT_FINISHED|LocalTimeUserTrigger on User trigger event BeforeUpdate for [005E0000004yLLO]
11:59:00.160 (160875435)|ENTERING_MANAGED_PKG|skuid
11:59:00.162 (162032431)|CUMULATIVE_LIMIT_USAGE
11:59:00.162 (162032431)|LIMIT_USAGE_FOR_NS|(default)|
  Number of SOQL queries: 0 out of 100
  Number of query rows: 0 out of 50000
  Number of SOSL queries: 0 out of 20
  Number of DML statements: 0 out of 150
  Number of DML rows: 0 out of 10000
  Maximum CPU time: 0 out of 10000
  Maximum heap size: 0 out of 6000000
  Number of callouts: 0 out of 100
  Number of Email Invocations: 0 out of 10
  Number of future calls: 0 out of 50
  Number of queueable jobs added to the queue: 0 out of 50
  Number of Mobile Apex push calls: 0 out of 10

11:59:00.162 (162032431)|LIMIT_USAGE_FOR_NS|tz|
  Number of SOQL queries: 0 out of 100
  Number of query rows: 1 out of 50000
  Number of SOSL queries: 0 out of 20
  Number of DML statements: 0 out of 150
  Number of DML rows: 0 out of 10000
  Maximum CPU time: 0 out of 10000
  Maximum heap size: 0 out of 6000000
  Number of callouts: 0 out of 100
  Number of Email Invocations: 0 out of 10
  Number of future calls: 0 out of 50
  Number of queueable jobs added to the queue: 0 out of 50
  Number of Mobile Apex push calls: 0 out of 10

11:59:00.162 (162032431)|CUMULATIVE_LIMIT_USAGE_END

11:59:00.0 (165137673)|CODE_UNIT_STARTED|[EXTERNAL]|Workflow:User
11:59:00.0 (171330231)|WF_RULE_EVAL_BEGIN|Workflow
11:59:00.0 (171356649)|WF_CRITERIA_BEGIN|[User: Elissa Sadhana Team (WCI) 005E0000004yLLO]|Member_Community_New_User301V000000063fo|01QV00000001N6N|ON_CREATE_ONLY|0
11:59:00.0 (171367997)|WF_RULE_NOT_EVALUATED
11:59:00.0 (171373793)|WF_SPOOL_ACTION_BEGIN|Workflow
11:59:00.0 (171381349)|WF_ACTION| None
11:59:00.0 (171385494)|WF_RULE_EVAL_END
11:59:00.0 (171425355)|WF_ACTIONS_END| None
11:59:00.0 (171433285)|CODE_UNIT_FINISHED|Workflow:User
11:59:00.0 (177026798)|CODE_UNIT_STARTED|[EXTERNAL]|01qV0000000DErk|LocalTimeUserTrigger on User trigger event BeforeUpdate for [005E0000004yLLO]
11:59:00.0 (177068013)|HEAP_ALLOCATE|[EXTERNAL]|Bytes:8
11:59:00.0 (177097971)|HEAP_ALLOCATE|[EXTERNAL]|Bytes:8
11:59:00.0 (177150938)|HEAP_ALLOCATE|[EXTERNAL]|Bytes:4
11:59:00.0 (177165317)|VARIABLE_SCOPE_BEGIN|[5]|this|LocalTimeUserTrigger|true|false
11:59:00.0 (177202610)|VARIABLE_ASSIGNMENT|[5]|this|{}|0x1929805c
11:59:00.0 (177230238)|HEAP_ALLOCATE|[EXTERNAL]|Bytes:4
11:59:00.0 (177239032)|VARIABLE_SCOPE_BEGIN|[5]|this|LocalTimeUserTrigger|true|false
11:59:00.0 (177252582)|VARIABLE_ASSIGNMENT|[5]|this|{}|0x1929805c
11:59:00.0 (177261872)|STATEMENT_EXECUTE|[5]
11:59:00.0 (177336684)|HEAP_ALLOCATE|[7]|Bytes:5
11:59:00.0 (177359105)|HEAP_ALLOCATE|[7]|Bytes:4
11:59:00.0 (177370924)|VARIABLE_SCOPE_BEGIN|[7]|u|User|true|false
11:59:00.0 (181610979)|VARIABLE_ASSIGNMENT|[7]|u|{"ProfileId":"00eE0000000zEdeIAE","LastModifiedDate":"2017-11-10T16:59:00.000Z","ReceivesAdminInfoEma (3 more) ...":false,"Email":"depot@sadhanaconsult (7 more) ...","TimeZoneSidKey":"America/New_York","LanguageLocaleKey":"en_US","UserRoleId":"00EE0000000hj7TMAQ","License_Type__c":"Salesforce","IsActive":true,"Nurse__c":false,"LastLoginDate":"2017-11-10T16:55:46.000Z","PostalCode":"03820","ForecastEnabled":false,"IsExtIndicatorVisibl (1 more) ...":false,"DigestFrequency":"D","UTC_Offset__c":-4.00,"IsProfilePhotoActive":false,"Default_Patient_Coun (6 more) ...":"US","CompanyName":"Sadhana Consulting L (2 more) ...","CommunityNickname":"prozek","CreatedById":"005E0000002k2ScIAI","Street":"1 S Pine Street","Acquisition_Site__c":"001E000001HBa8R","Server_URL__c":"https://cs12.salesfo (17 more) ...","LastPasswordChangeDa (2 more) ...":"2017-10-10T13:48:13.000Z","LocaleSidKey":"en_US","FirstName":"Elissa","Name_Formula__c":"Elissa Sadhana Team  (5 more) ...","Title":"Consultant","City":"Dover","EmailEncodingKey":"ISO-8859-1","ReceivesInfoEmails":false,"SystemModstamp":"2017-11-10T16:59:00.000Z","User_18_Digit_ID__c":"005E0000004yLLOIA2","IsPortalEnabled":false,"Username":"worldcare@sadhanacon (19 more) ...","Alias":"Sadhana","DefaultGroupNotifica (13 more) ...":"N","CreatedDate":"2014-03-07T01:09:17.000Z","LastName":"Sadhana Team (WCI)","Id":"005E0000004yLLOIA2","IsPortalSelfRegister (2 more) ...":false,"UserType":"Standard","LastModifiedById":"005E0000004yLLOIA2"}|0x6da85c96
11:59:00.0 (181641637)|STATEMENT_EXECUTE|[7]
11:59:00.0 (181643541)|STATEMENT_EXECUTE|[9]
11:59:00.0 (181644585)|STATEMENT_EXECUTE|[9]
11:59:00.0 (181645768)|STATEMENT_EXECUTE|[10]
11:59:00.0 (181699565)|METHOD_ENTRY|[10]|01pE0000001ksei|tz.LocalTime.getOffsetFull(String, String, String)
11:59:00.0 (181710891)|ENTERING_MANAGED_PKG|tz
11:59:00.0 (181754770)|ENTERING_MANAGED_PKG|tz
11:59:00.0 (181813579)|ENTERING_MANAGED_PKG|tz
11:59:00.0 (182190872)|SOQL_EXECUTE_BEGIN|[333]|Aggregations:0|SELECT tz__Country__c FROM tz__lt_country_names__mdt WHERE MasterLabel = :tmpVar1
11:59:00.0 (193745490)|SOQL_EXECUTE_END|[333]|Rows:1
11:59:00.0 (194268148)|ENTERING_MANAGED_PKG|tz
11:59:00.0 (194377571)|METHOD_EXIT|[10]|01pE0000001ksei|tz.LocalTime.getOffsetFull(String, String, String)
11:59:00.0 (194398103)|VARIABLE_SCOPE_BEGIN|[10]|jsonStr|String|false|false
11:59:00.0 (194433902)|VARIABLE_ASSIGNMENT|[10]|jsonStr|"{\"offset\":\"N/A\",\"dst (92 more) ..."
11:59:00.0 (194446586)|STATEMENT_EXECUTE|[11]
11:59:00.0 (194450312)|STATEMENT_EXECUTE|[12]
11:59:00.0 (194465904)|METHOD_ENTRY|[12]||System.JSON.deserializeUntyped(String)
11:59:00.0 (195163658)|METHOD_EXIT|[12]||System.JSON.deserializeUntyped(String)
11:59:00.0 (195183783)|VARIABLE_SCOPE_BEGIN|[12]|m|Map<String,ANY>|true|false
11:59:00.0 (195223406)|VARIABLE_ASSIGNMENT|[12]|m|"Map of size 6 too large to display"|0x69d461ef
11:59:00.0 (195233851)|STATEMENT_EXECUTE|[13]
11:59:00.0 (195259309)|VARIABLE_SCOPE_BEGIN|[13]|offset|String|false|false
11:59:00.0 (195280156)|VARIABLE_ASSIGNMENT|[13]|offset|"N/A"
11:59:00.0 (195315824)|STATEMENT_EXECUTE|[14]
11:59:00.0 (195349727)|HEAP_ALLOCATE|[7]|Bytes:5
11:59:00.0 (195382165)|VARIABLE_ASSIGNMENT|[7]|u|null|
11:59:00.195 (195398882)|CUMULATIVE_LIMIT_USAGE
11:59:00.195 (195398882)|LIMIT_USAGE_FOR_NS|(default)|
  Number of SOQL queries: 0 out of 100
  Number of query rows: 0 out of 50000
  Number of SOSL queries: 0 out of 20
  Number of DML statements: 0 out of 150
  Number of DML rows: 0 out of 10000
  Maximum CPU time: 0 out of 10000
  Maximum heap size: 0 out of 6000000
  Number of callouts: 0 out of 100
  Number of Email Invocations: 0 out of 10
  Number of future calls: 0 out of 50
  Number of queueable jobs added to the queue: 0 out of 50
  Number of Mobile Apex push calls: 0 out of 10

11:59:00.195 (195398882)|LIMIT_USAGE_FOR_NS|tz|
  Number of SOQL queries: 0 out of 100
  Number of query rows: 1 out of 50000
  Number of SOSL queries: 0 out of 20
  Number of DML statements: 0 out of 150
  Number of DML rows: 0 out of 10000
  Maximum CPU time: 0 out of 10000
  Maximum heap size: 0 out of 6000000
  Number of callouts: 0 out of 100
  Number of Email Invocations: 0 out of 10
  Number of future calls: 0 out of 50
  Number of queueable jobs added to the queue: 0 out of 50
  Number of Mobile Apex push calls: 0 out of 10

11:59:00.195 (195398882)|TOTAL_EMAIL_RECIPIENTS_QUEUED|0
11:59:00.195 (195398882)|STATIC_VARIABLE_LIST|
  char[]:DigitTens:0
  long:serialVersionUID:0
  String:_static_REGION_EUROPE:0
  String:_static_REGION_NA:0
  long:serialVersionUID:0
  double:MAX_VALUE:0
  Boolean:FALSE:0
  long:serialVersionUID:0
  String:_sfdcAdditionalCodeLocations:0
  double:MIN_VALUE:0
  int:SIZE:0
  double:NEGATIVE_INFINITY:0
  String:_static_NOT_AVAILABLE:0
  int:MAX_VALUE:0
  String:_static_REGION_ISRAEL:0
  char[]:digits:0
  double:NaN:0
  Boolean:TRUE:0
  String:_static_REGION_AFRICA:0
  String:_static_REGION_NZ:0
  String:_static_REGION_SA:0
  int:MIN_VALUE:0
  String:_sfdcAdditionalCodeLocations:0
  char[]:DigitOnes:0
  int:BYTES:0
  String:_sfdcAdditionalCodeLocations:0
  int:MIN_EXPONENT:0
  int[]:sizeTable:0
  String:_static_REGION_ASIA:0
  int:MAX_EXPONENT:0
  String:_static_REGION_OCEANIA:0
  int:SIZE:0
  double:POSITIVE_INFINITY:0
  double:MIN_NORMAL:0
  int:BYTES:0

11:59:00.195 (195398882)|CUMULATIVE_LIMIT_USAGE_END

11:59:00.0 (196780067)|CODE_UNIT_FINISHED|LocalTimeUserTrigger on User trigger event BeforeUpdate for [005E0000004yLLO]
11:59:00.250 (250538585)|ENTERING_MANAGED_PKG|skuid
11:59:00.251 (251266390)|CUMULATIVE_LIMIT_USAGE
11:59:00.251 (251266390)|LIMIT_USAGE_FOR_NS|(default)|
  Number of SOQL queries: 0 out of 100
  Number of query rows: 0 out of 50000
  Number of SOSL queries: 0 out of 20
  Number of DML statements: 0 out of 150
  Number of DML rows: 0 out of 10000
  Maximum CPU time: 0 out of 10000
  Maximum heap size: 0 out of 6000000
  Number of callouts: 0 out of 100
  Number of Email Invocations: 0 out of 10
  Number of future calls: 0 out of 50
  Number of queueable jobs added to the queue: 0 out of 50
  Number of Mobile Apex push calls: 0 out of 10

11:59:00.251 (251266390)|LIMIT_USAGE_FOR_NS|tz|
  Number of SOQL queries: 0 out of 100
  Number of query rows: 1 out of 50000
  Number of SOSL queries: 0 out of 20
  Number of DML statements: 0 out of 150
  Number of DML rows: 0 out of 10000
  Maximum CPU time: 0 out of 10000
  Maximum heap size: 0 out of 6000000
  Number of callouts: 0 out of 100
  Number of Email Invocations: 0 out of 10
  Number of future calls: 0 out of 50
  Number of queueable jobs added to the queue: 0 out of 50
  Number of Mobile Apex push calls: 0 out of 10

11:59:00.251 (251266390)|CUMULATIVE_LIMIT_USAGE_END

11:59:00.0 (254083447)|CODE_UNIT_STARTED|[EXTERNAL]|Workflow:User
11:59:00.0 (258673931)|WF_RULE_EVAL_BEGIN|Workflow
11:59:00.0 (258709706)|WF_CRITERIA_BEGIN|[User: Elissa Sadhana Team (WCI) 005E0000004yLLO]|Member_Community_New_User301V000000063fo|01QV00000001N6N|ON_CREATE_ONLY|0
11:59:00.0 (258734270)|WF_RULE_NOT_EVALUATED
11:59:00.0 (258748681)|WF_SPOOL_ACTION_BEGIN|Workflow
11:59:00.0 (258769458)|WF_ACTION| None
11:59:00.0 (258777399)|WF_RULE_EVAL_END
11:59:00.0 (258831043)|WF_ACTIONS_END| None
11:59:00.0 (258843121)|CODE_UNIT_FINISHED|Workflow:User
11:59:00.0 (420965158)|CODE_UNIT_FINISHED|TRIGGERS
11:59:00.0 (420983135)|EXECUTION_FINISHED
11:59:00.424 (424474147)|CUMULATIVE_PROFILING_BEGIN
11:59:00.424 (424474147)|CUMULATIVE_PROFILING|SOQL operations|
(tz): [SELECT tz__Country__c FROM tz__lt_country_names__mdt WHERE MasterLabel = :countryCode]: executed 2 times in 24 ms

11:59:00.424 (424474147)|CUMULATIVE_PROFILING|No profiling information for SOSL operations
11:59:00.424 (424474147)|CUMULATIVE_PROFILING|No profiling information for DML operations
11:59:00.424 (424474147)|CUMULATIVE_PROFILING|method invocations|
Trigger.LocalTimeUserTrigger: line 10, column 1: webService static String getOffsetFull(String, String, String): executed 2 times in 26 ms
External entry point: public void invoke(): executed 1 time in 18 ms
Trigger.LocalTimeUserTrigger: line 12, column 1: global static Object deserializeUntyped(String): executed 2 times in 1 ms
Trigger.LocalTimeUserTrigger: line 7, column 1: global public System.Iterator iterator(): executed 6 times in 0 ms
Trigger.LocalTimeUserTrigger: line 13, column 1: global public Object get(Object): executed 2 times in 0 ms

11:59:00.424 (424474147)|CUMULATIVE_PROFILING_END
