41.0 APEX_CODE,FINEST;APEX_PROFILING,FINEST;CALLOUT,INFO;DB,INFO;SYSTEM,DEBUG;VALIDATION,INFO;VISUALFORCE,INFO;WAVE,INFO;WORKFLOW,INFO
18:25:21.0 (332717)|USER_INFO|[EXTERNAL]|005E0000004yLLO|worldcare@sadhanaconsulting.com.devfull|Eastern Standard Time|GMT-05:00
18:25:21.0 (372144)|EXECUTION_STARTED
18:25:21.0 (377372)|CODE_UNIT_STARTED|[EXTERNAL]|VisualForce View State
18:25:21.0 (7676722)|CODE_UNIT_FINISHED|VisualForce View State
18:25:21.0 (8937354)|EXECUTION_FINISHED
18:25:21.32 (32753780)|USER_INFO|[EXTERNAL]|005E0000004yLLO|worldcare@sadhanaconsulting.com.devfull|Eastern Standard Time|GMT-05:00
18:25:21.32 (32778823)|EXECUTION_STARTED
18:25:21.32 (32783174)|CODE_UNIT_STARTED|[EXTERNAL]|VF: /apex/viewApexPage.apexp
18:25:21.39 (39578430)|CUMULATIVE_LIMIT_USAGE
18:25:21.39 (39578430)|LIMIT_USAGE_FOR_NS|(default)|
  Number of SOQL queries: 0 out of 100
  Number of query rows: 0 out of 50000
  Number of SOSL queries: 0 out of 20
  Number of DML statements: 0 out of 150
  Number of DML rows: 0 out of 10000
  Maximum CPU time: 0 out of 10000
  Maximum heap size: 0 out of 6000000
  Number of callouts: 0 out of 100
  Number of Email Invocations: 0 out of 10
  Number of future calls: 0 out of 50
  Number of queueable jobs added to the queue: 0 out of 50
  Number of Mobile Apex push calls: 0 out of 10

18:25:21.39 (39578430)|TOTAL_EMAIL_RECIPIENTS_QUEUED|0
18:25:21.39 (39578430)|CUMULATIVE_LIMIT_USAGE_END

18:25:21.32 (39629698)|CODE_UNIT_FINISHED|VF: /apex/viewApexPage.apexp
18:25:21.32 (40821970)|EXECUTION_FINISHED
18:25:21.43 (43102996)|CUMULATIVE_PROFILING_BEGIN
18:25:21.43 (43102996)|CUMULATIVE_PROFILING|No profiling information for SOQL operations
18:25:21.43 (43102996)|CUMULATIVE_PROFILING|No profiling information for SOSL operations
18:25:21.43 (43102996)|CUMULATIVE_PROFILING|No profiling information for DML operations
18:25:21.43 (43102996)|CUMULATIVE_PROFILING|No profiling information for method invocations
18:25:21.43 (43102996)|CUMULATIVE_PROFILING_END
