40.0 APEX_CODE,FINEST;APEX_PROFILING,FINEST;CALLOUT,INFO;DB,INFO;SYSTEM,DEBUG;VALIDATION,INFO;VISUALFORCE,INFO;WAVE,INFO;WORKFLOW,INFO
11:57:11.0 (346261)|USER_INFO|[EXTERNAL]|005E0000004yLLO|worldcare@sadhanaconsulting.com.devfull|Eastern Standard Time|GMT-05:00
11:57:11.0 (383837)|EXECUTION_STARTED
11:57:11.0 (388434)|CODE_UNIT_STARTED|[EXTERNAL]|TRIGGERS
11:57:11.0 (1424095)|CODE_UNIT_STARTED|[EXTERNAL]|01qV0000000DErk|LocalTimeUserTrigger on User trigger event BeforeUpdate for [005E0000004yLLO]
11:57:11.0 (1480370)|HEAP_ALLOCATE|[EXTERNAL]|Bytes:8
11:57:11.0 (1516713)|HEAP_ALLOCATE|[EXTERNAL]|Bytes:8
11:57:11.0 (1945371)|HEAP_ALLOCATE|[72]|Bytes:3
11:57:11.0 (1994490)|HEAP_ALLOCATE|[77]|Bytes:152
11:57:11.0 (2015185)|HEAP_ALLOCATE|[342]|Bytes:408
11:57:11.0 (2038276)|HEAP_ALLOCATE|[355]|Bytes:408
11:57:11.0 (2058926)|HEAP_ALLOCATE|[467]|Bytes:48
11:57:11.0 (2091729)|HEAP_ALLOCATE|[139]|Bytes:6
11:57:11.0 (2130238)|HEAP_ALLOCATE|[EXTERNAL]|Bytes:4
11:57:11.0 (2144220)|VARIABLE_SCOPE_BEGIN|[5]|this|LocalTimeUserTrigger|true|false
11:57:11.0 (2212108)|VARIABLE_ASSIGNMENT|[5]|this|{}|0x637251dc
11:57:11.0 (2281277)|HEAP_ALLOCATE|[EXTERNAL]|Bytes:4
11:57:11.0 (2293740)|VARIABLE_SCOPE_BEGIN|[5]|this|LocalTimeUserTrigger|true|false
11:57:11.0 (2313280)|VARIABLE_ASSIGNMENT|[5]|this|{}|0x637251dc
11:57:11.0 (2322983)|STATEMENT_EXECUTE|[5]
11:57:11.0 (2385073)|HEAP_ALLOCATE|[50]|Bytes:5
11:57:11.0 (2421195)|HEAP_ALLOCATE|[56]|Bytes:5
11:57:11.0 (2436303)|HEAP_ALLOCATE|[64]|Bytes:7
11:57:11.0 (2814602)|HEAP_ALLOCATE|[7]|Bytes:5
11:57:11.0 (2847620)|HEAP_ALLOCATE|[7]|Bytes:4
11:57:11.0 (2863168)|VARIABLE_SCOPE_BEGIN|[7]|u|User|true|false
11:57:11.0 (32019960)|VARIABLE_ASSIGNMENT|[7]|u|{"ProfileId":"00eE0000000zEdeIAE","LastModifiedDate":"2017-11-10T16:56:14.000Z","ReceivesAdminInfoEma (3 more) ...":false,"Email":"depot@sadhanaconsult (7 more) ...","TimeZoneSidKey":"America/New_York","LanguageLocaleKey":"fr","UserRoleId":"00EE0000000hj7TMAQ","License_Type__c":"Salesforce","IsActive":true,"Nurse__c":false,"LastLoginDate":"2017-11-10T16:55:46.000Z","PostalCode":"03820","ForecastEnabled":false,"IsExtIndicatorVisibl (1 more) ...":false,"DigestFrequency":"D","UTC_Offset__c":-4.00,"IsProfilePhotoActive":false,"Default_Patient_Coun (6 more) ...":"US","CompanyName":"Sadhana Consulting L (2 more) ...","CommunityNickname":"prozek","CreatedById":"005E0000002k2ScIAI","Street":"1 S Pine Street","Acquisition_Site__c":"001E000001HBa8R","Server_URL__c":"https://cs12.salesfo (17 more) ...","LastPasswordChangeDa (2 more) ...":"2017-10-10T13:48:13.000Z","LocaleSidKey":"en_US","FirstName":"Elissa","Name_Formula__c":"Elissa Sadhana Team  (5 more) ...","Title":"Consultant","City":"Dover","EmailEncodingKey":"ISO-8859-1","ReceivesInfoEmails":false,"SystemModstamp":"2017-11-10T16:56:14.000Z","User_18_Digit_ID__c":"005E0000004yLLOIA2","IsPortalEnabled":false,"Username":"worldcare@sadhanacon (19 more) ...","Alias":"Sadhana","DefaultGroupNotifica (13 more) ...":"N","CreatedDate":"2014-03-07T01:09:17.000Z","LastName":"Sadhana Team (WCI)","Id":"005E0000004yLLOIA2","IsPortalSelfRegister (2 more) ...":false,"UserType":"Standard","LastModifiedById":"005E0000004yLLOIA2"}|0x611b07c9
11:57:11.0 (32069127)|STATEMENT_EXECUTE|[7]
11:57:11.0 (32071308)|STATEMENT_EXECUTE|[9]
11:57:11.0 (32072354)|STATEMENT_EXECUTE|[9]
11:57:11.0 (32073309)|STATEMENT_EXECUTE|[10]
11:57:11.0 (37202260)|VARIABLE_SCOPE_BEGIN|[3]|LocalTime.NOT_AVAILABLE|String|false|true
11:57:11.0 (37220432)|VARIABLE_SCOPE_BEGIN|[9]|LocalTime.REGION_AFRICA|String|false|true
11:57:11.0 (37230031)|VARIABLE_SCOPE_BEGIN|[6]|LocalTime.REGION_ASIA|String|false|true
11:57:11.0 (37239518)|VARIABLE_SCOPE_BEGIN|[5]|LocalTime.REGION_EUROPE|String|false|true
11:57:11.0 (37248273)|VARIABLE_SCOPE_BEGIN|[11]|LocalTime.REGION_ISRAEL|String|false|true
11:57:11.0 (37257352)|VARIABLE_SCOPE_BEGIN|[4]|LocalTime.REGION_NA|String|false|true
11:57:11.0 (37266257)|VARIABLE_SCOPE_BEGIN|[10]|LocalTime.REGION_NZ|String|false|true
11:57:11.0 (37275726)|VARIABLE_SCOPE_BEGIN|[7]|LocalTime.REGION_OCEANIA|String|false|true
11:57:11.0 (37284395)|VARIABLE_SCOPE_BEGIN|[8]|LocalTime.REGION_SA|String|false|true
11:57:11.0 (37349071)|HEAP_ALLOCATE|[10]|Bytes:86
11:57:11.0 (37366061)|HEAP_ALLOCATE|[10]|Bytes:3
11:57:11.0 (37398139)|VARIABLE_ASSIGNMENT|[10]|LocalTime.NOT_AVAILABLE|"N/A"
11:57:11.0 (37407850)|HEAP_ALLOCATE|[10]|Bytes:6
11:57:11.0 (37420742)|VARIABLE_ASSIGNMENT|[10]|LocalTime.REGION_AFRICA|"AFRICA"
11:57:11.0 (37426771)|HEAP_ALLOCATE|[10]|Bytes:4
11:57:11.0 (37433218)|VARIABLE_ASSIGNMENT|[10]|LocalTime.REGION_ASIA|"ASIA"
11:57:11.0 (37437794)|HEAP_ALLOCATE|[10]|Bytes:6
11:57:11.0 (37444163)|VARIABLE_ASSIGNMENT|[10]|LocalTime.REGION_EUROPE|"EUROPE"
11:57:11.0 (37451163)|HEAP_ALLOCATE|[10]|Bytes:6
11:57:11.0 (37457854)|VARIABLE_ASSIGNMENT|[10]|LocalTime.REGION_ISRAEL|"ISRAEL"
11:57:11.0 (37462218)|HEAP_ALLOCATE|[10]|Bytes:2
11:57:11.0 (37468035)|VARIABLE_ASSIGNMENT|[10]|LocalTime.REGION_NA|"NA"
11:57:11.0 (37475004)|HEAP_ALLOCATE|[10]|Bytes:2
11:57:11.0 (37482871)|VARIABLE_ASSIGNMENT|[10]|LocalTime.REGION_NZ|"NZ"
11:57:11.0 (37487701)|HEAP_ALLOCATE|[10]|Bytes:7
11:57:11.0 (37494121)|VARIABLE_ASSIGNMENT|[10]|LocalTime.REGION_OCEANIA|"OCEANIA"
11:57:11.0 (37498826)|HEAP_ALLOCATE|[10]|Bytes:2
11:57:11.0 (37508094)|VARIABLE_ASSIGNMENT|[10]|LocalTime.REGION_SA|"SA"
11:57:11.0 (37529321)|METHOD_ENTRY|[2]|01pE0000001ksei|LocalTime.LocalTime()
11:57:11.0 (37536843)|STATEMENT_EXECUTE|[2]
11:57:11.0 (37586705)|ENTERING_MANAGED_PKG|tz
11:57:11.0 (37611561)|METHOD_EXIT|[2]|LocalTime
11:57:11.0 (37677203)|METHOD_ENTRY|[10]|01pE0000001ksei|tz.LocalTime.getOffsetFull(String, String, String)
11:57:11.0 (37705527)|ENTERING_MANAGED_PKG|tz
11:57:11.0 (37929648)|ENTERING_MANAGED_PKG|tz
11:57:11.0 (38045361)|ENTERING_MANAGED_PKG|tz
11:57:11.0 (39221633)|SOQL_EXECUTE_BEGIN|[333]|Aggregations:0|SELECT tz__Country__c FROM tz__lt_country_names__mdt WHERE MasterLabel = :tmpVar1
11:57:11.0 (51311687)|SOQL_EXECUTE_END|[333]|Rows:1
11:57:11.0 (51873520)|ENTERING_MANAGED_PKG|tz
11:57:11.0 (51968667)|METHOD_EXIT|[10]|01pE0000001ksei|tz.LocalTime.getOffsetFull(String, String, String)
11:57:11.0 (51981442)|VARIABLE_SCOPE_BEGIN|[10]|jsonStr|String|false|false
11:57:11.0 (52007210)|VARIABLE_ASSIGNMENT|[10]|jsonStr|"{\"offset\":\"N/A\",\"dst (92 more) ..."
11:57:11.0 (52015002)|STATEMENT_EXECUTE|[11]
11:57:11.0 (52016628)|STATEMENT_EXECUTE|[12]
11:57:11.0 (52077377)|HEAP_ALLOCATE|[12]|Bytes:24
11:57:11.0 (52095363)|SYSTEM_METHOD_ENTRY|[1]|JSON.JSON()
11:57:11.0 (52100427)|STATEMENT_EXECUTE|[1]
11:57:11.0 (52108974)|SYSTEM_METHOD_EXIT|[1]|JSON
11:57:11.0 (52128690)|METHOD_ENTRY|[12]||System.JSON.deserializeUntyped(String)
11:57:11.0 (52683358)|METHOD_EXIT|[12]||System.JSON.deserializeUntyped(String)
11:57:11.0 (52699893)|VARIABLE_SCOPE_BEGIN|[12]|m|Map<String,ANY>|true|false
11:57:11.0 (52729720)|VARIABLE_ASSIGNMENT|[12]|m|"Map of size 6 too large to display"|0x19a0beac
11:57:11.0 (52737103)|STATEMENT_EXECUTE|[13]
11:57:11.0 (52741902)|HEAP_ALLOCATE|[13]|Bytes:6
11:57:11.0 (52787396)|VARIABLE_SCOPE_BEGIN|[13]|offset|String|false|false
11:57:11.0 (52801216)|VARIABLE_ASSIGNMENT|[13]|offset|"N/A"
11:57:11.0 (52808475)|HEAP_ALLOCATE|[14]|Bytes:3
11:57:11.0 (52838451)|STATEMENT_EXECUTE|[14]
11:57:11.0 (52858099)|HEAP_ALLOCATE|[7]|Bytes:5
11:57:11.0 (52876882)|VARIABLE_ASSIGNMENT|[7]|u|null|
11:57:11.52 (52889689)|CUMULATIVE_LIMIT_USAGE
11:57:11.52 (52889689)|LIMIT_USAGE_FOR_NS|(default)|
  Number of SOQL queries: 0 out of 100
  Number of query rows: 0 out of 50000
  Number of SOSL queries: 0 out of 20
  Number of DML statements: 0 out of 150
  Number of DML rows: 0 out of 10000
  Maximum CPU time: 0 out of 10000
  Maximum heap size: 0 out of 6000000
  Number of callouts: 0 out of 100
  Number of Email Invocations: 0 out of 10
  Number of future calls: 0 out of 50
  Number of queueable jobs added to the queue: 0 out of 50
  Number of Mobile Apex push calls: 0 out of 10

11:57:11.52 (52889689)|LIMIT_USAGE_FOR_NS|tz|
  Number of SOQL queries: 0 out of 100
  Number of query rows: 1 out of 50000
  Number of SOSL queries: 0 out of 20
  Number of DML statements: 0 out of 150
  Number of DML rows: 0 out of 10000
  Maximum CPU time: 0 out of 10000
  Maximum heap size: 0 out of 6000000
  Number of callouts: 0 out of 100
  Number of Email Invocations: 0 out of 10
  Number of future calls: 0 out of 50
  Number of queueable jobs added to the queue: 0 out of 50
  Number of Mobile Apex push calls: 0 out of 10

11:57:11.52 (52889689)|TOTAL_EMAIL_RECIPIENTS_QUEUED|0
11:57:11.52 (52889689)|STATIC_VARIABLE_LIST|
  char[]:DigitTens:0
  long:serialVersionUID:0
  String:_static_REGION_EUROPE:0
  String:_static_REGION_NA:0
  long:serialVersionUID:0
  double:MAX_VALUE:0
  Boolean:FALSE:0
  long:serialVersionUID:0
  String:_sfdcAdditionalCodeLocations:0
  double:MIN_VALUE:0
  int:SIZE:0
  double:NEGATIVE_INFINITY:0
  String:_static_NOT_AVAILABLE:0
  int:MAX_VALUE:0
  String:_static_REGION_ISRAEL:0
  char[]:digits:0
  double:NaN:0
  Boolean:TRUE:0
  String:_static_REGION_AFRICA:0
  String:_static_REGION_NZ:0
  String:_static_REGION_SA:0
  int:MIN_VALUE:0
  char[]:DigitOnes:0
  int:BYTES:0
  String:_sfdcAdditionalCodeLocations:0
  int:MIN_EXPONENT:0
  int[]:sizeTable:0
  String:_static_REGION_ASIA:0
  int:MAX_EXPONENT:0
  String:_static_REGION_OCEANIA:0
  int:SIZE:0
  double:POSITIVE_INFINITY:0
  double:MIN_NORMAL:0
  int:BYTES:0

11:57:11.52 (52889689)|CUMULATIVE_LIMIT_USAGE_END

11:57:11.0 (54201026)|CODE_UNIT_FINISHED|LocalTimeUserTrigger on User trigger event BeforeUpdate for [005E0000004yLLO]
11:57:11.154 (154994178)|ENTERING_MANAGED_PKG|skuid
11:57:11.156 (156178942)|CUMULATIVE_LIMIT_USAGE
11:57:11.156 (156178942)|LIMIT_USAGE_FOR_NS|(default)|
  Number of SOQL queries: 0 out of 100
  Number of query rows: 0 out of 50000
  Number of SOSL queries: 0 out of 20
  Number of DML statements: 0 out of 150
  Number of DML rows: 0 out of 10000
  Maximum CPU time: 0 out of 10000
  Maximum heap size: 0 out of 6000000
  Number of callouts: 0 out of 100
  Number of Email Invocations: 0 out of 10
  Number of future calls: 0 out of 50
  Number of queueable jobs added to the queue: 0 out of 50
  Number of Mobile Apex push calls: 0 out of 10

11:57:11.156 (156178942)|LIMIT_USAGE_FOR_NS|tz|
  Number of SOQL queries: 0 out of 100
  Number of query rows: 1 out of 50000
  Number of SOSL queries: 0 out of 20
  Number of DML statements: 0 out of 150
  Number of DML rows: 0 out of 10000
  Maximum CPU time: 0 out of 10000
  Maximum heap size: 0 out of 6000000
  Number of callouts: 0 out of 100
  Number of Email Invocations: 0 out of 10
  Number of future calls: 0 out of 50
  Number of queueable jobs added to the queue: 0 out of 50
  Number of Mobile Apex push calls: 0 out of 10

11:57:11.156 (156178942)|CUMULATIVE_LIMIT_USAGE_END

11:57:11.0 (159102820)|CODE_UNIT_STARTED|[EXTERNAL]|Workflow:User
11:57:11.0 (167445408)|WF_RULE_EVAL_BEGIN|Workflow
11:57:11.0 (167476779)|WF_CRITERIA_BEGIN|[User: Elissa Sadhana Team (WCI) 005E0000004yLLO]|Member_Community_New_User301V000000063fo|01QV00000001N6N|ON_CREATE_ONLY|0
11:57:11.0 (167490679)|WF_RULE_NOT_EVALUATED
11:57:11.0 (167503751)|WF_SPOOL_ACTION_BEGIN|Workflow
11:57:11.0 (167523180)|WF_ACTION| None
11:57:11.0 (167531228)|WF_RULE_EVAL_END
11:57:11.0 (167582521)|WF_ACTIONS_END| None
11:57:11.0 (167594478)|CODE_UNIT_FINISHED|Workflow:User
11:57:11.0 (177118928)|CODE_UNIT_STARTED|[EXTERNAL]|01qV0000000DErk|LocalTimeUserTrigger on User trigger event BeforeUpdate for [005E0000004yLLO]
11:57:11.0 (177161059)|HEAP_ALLOCATE|[EXTERNAL]|Bytes:8
11:57:11.0 (177193978)|HEAP_ALLOCATE|[EXTERNAL]|Bytes:8
11:57:11.0 (177250832)|HEAP_ALLOCATE|[EXTERNAL]|Bytes:4
11:57:11.0 (177264465)|VARIABLE_SCOPE_BEGIN|[5]|this|LocalTimeUserTrigger|true|false
11:57:11.0 (177299062)|VARIABLE_ASSIGNMENT|[5]|this|{}|0x2456d51c
11:57:11.0 (177328095)|HEAP_ALLOCATE|[EXTERNAL]|Bytes:4
11:57:11.0 (177336635)|VARIABLE_SCOPE_BEGIN|[5]|this|LocalTimeUserTrigger|true|false
11:57:11.0 (177351836)|VARIABLE_ASSIGNMENT|[5]|this|{}|0x2456d51c
11:57:11.0 (177365556)|STATEMENT_EXECUTE|[5]
11:57:11.0 (177442983)|HEAP_ALLOCATE|[7]|Bytes:5
11:57:11.0 (177469465)|HEAP_ALLOCATE|[7]|Bytes:4
11:57:11.0 (177486344)|VARIABLE_SCOPE_BEGIN|[7]|u|User|true|false
11:57:11.0 (182087820)|VARIABLE_ASSIGNMENT|[7]|u|{"ProfileId":"00eE0000000zEdeIAE","LastModifiedDate":"2017-11-10T16:57:11.000Z","ReceivesAdminInfoEma (3 more) ...":false,"Email":"depot@sadhanaconsult (7 more) ...","TimeZoneSidKey":"America/New_York","LanguageLocaleKey":"en_US","UserRoleId":"00EE0000000hj7TMAQ","License_Type__c":"Salesforce","IsActive":true,"Nurse__c":false,"LastLoginDate":"2017-11-10T16:55:46.000Z","PostalCode":"03820","ForecastEnabled":false,"IsExtIndicatorVisibl (1 more) ...":false,"DigestFrequency":"D","UTC_Offset__c":-4.00,"IsProfilePhotoActive":false,"Default_Patient_Coun (6 more) ...":"US","CompanyName":"Sadhana Consulting L (2 more) ...","CommunityNickname":"prozek","CreatedById":"005E0000002k2ScIAI","Street":"1 S Pine Street","Acquisition_Site__c":"001E000001HBa8R","Server_URL__c":"https://cs12.salesfo (17 more) ...","LastPasswordChangeDa (2 more) ...":"2017-10-10T13:48:13.000Z","LocaleSidKey":"en_US","FirstName":"Elissa","Name_Formula__c":"Elissa Sadhana Team  (5 more) ...","Title":"Consultant","City":"Dover","EmailEncodingKey":"ISO-8859-1","ReceivesInfoEmails":false,"SystemModstamp":"2017-11-10T16:57:11.000Z","User_18_Digit_ID__c":"005E0000004yLLOIA2","IsPortalEnabled":false,"Username":"worldcare@sadhanacon (19 more) ...","Alias":"Sadhana","DefaultGroupNotifica (13 more) ...":"N","CreatedDate":"2014-03-07T01:09:17.000Z","LastName":"Sadhana Team (WCI)","Id":"005E0000004yLLOIA2","IsPortalSelfRegister (2 more) ...":false,"UserType":"Standard","LastModifiedById":"005E0000004yLLOIA2"}|0x1b24af67
11:57:11.0 (182122386)|STATEMENT_EXECUTE|[7]
11:57:11.0 (182124483)|STATEMENT_EXECUTE|[9]
11:57:11.0 (182125524)|STATEMENT_EXECUTE|[9]
11:57:11.0 (182126541)|STATEMENT_EXECUTE|[10]
11:57:11.0 (182189354)|METHOD_ENTRY|[10]|01pE0000001ksei|tz.LocalTime.getOffsetFull(String, String, String)
11:57:11.0 (182202386)|ENTERING_MANAGED_PKG|tz
11:57:11.0 (182245321)|ENTERING_MANAGED_PKG|tz
11:57:11.0 (182314392)|ENTERING_MANAGED_PKG|tz
11:57:11.0 (182684707)|SOQL_EXECUTE_BEGIN|[333]|Aggregations:0|SELECT tz__Country__c FROM tz__lt_country_names__mdt WHERE MasterLabel = :tmpVar1
11:57:11.0 (193753380)|SOQL_EXECUTE_END|[333]|Rows:1
11:57:11.0 (194076002)|ENTERING_MANAGED_PKG|tz
11:57:11.0 (194141602)|METHOD_EXIT|[10]|01pE0000001ksei|tz.LocalTime.getOffsetFull(String, String, String)
11:57:11.0 (194154354)|VARIABLE_SCOPE_BEGIN|[10]|jsonStr|String|false|false
11:57:11.0 (194178156)|VARIABLE_ASSIGNMENT|[10]|jsonStr|"{\"offset\":\"N/A\",\"dst (92 more) ..."
11:57:11.0 (194184653)|STATEMENT_EXECUTE|[11]
11:57:11.0 (194186377)|STATEMENT_EXECUTE|[12]
11:57:11.0 (194196629)|METHOD_ENTRY|[12]||System.JSON.deserializeUntyped(String)
11:57:11.0 (194663212)|METHOD_EXIT|[12]||System.JSON.deserializeUntyped(String)
11:57:11.0 (194681489)|VARIABLE_SCOPE_BEGIN|[12]|m|Map<String,ANY>|true|false
11:57:11.0 (194705398)|VARIABLE_ASSIGNMENT|[12]|m|"Map of size 6 too large to display"|0x5dea5bd4
11:57:11.0 (194715450)|STATEMENT_EXECUTE|[13]
11:57:11.0 (194738707)|VARIABLE_SCOPE_BEGIN|[13]|offset|String|false|false
11:57:11.0 (194751469)|VARIABLE_ASSIGNMENT|[13]|offset|"N/A"
11:57:11.0 (194771711)|STATEMENT_EXECUTE|[14]
11:57:11.0 (194790505)|HEAP_ALLOCATE|[7]|Bytes:5
11:57:11.0 (194813797)|VARIABLE_ASSIGNMENT|[7]|u|null|
11:57:11.194 (194826882)|CUMULATIVE_LIMIT_USAGE
11:57:11.194 (194826882)|LIMIT_USAGE_FOR_NS|(default)|
  Number of SOQL queries: 0 out of 100
  Number of query rows: 0 out of 50000
  Number of SOSL queries: 0 out of 20
  Number of DML statements: 0 out of 150
  Number of DML rows: 0 out of 10000
  Maximum CPU time: 0 out of 10000
  Maximum heap size: 0 out of 6000000
  Number of callouts: 0 out of 100
  Number of Email Invocations: 0 out of 10
  Number of future calls: 0 out of 50
  Number of queueable jobs added to the queue: 0 out of 50
  Number of Mobile Apex push calls: 0 out of 10

11:57:11.194 (194826882)|LIMIT_USAGE_FOR_NS|tz|
  Number of SOQL queries: 0 out of 100
  Number of query rows: 1 out of 50000
  Number of SOSL queries: 0 out of 20
  Number of DML statements: 0 out of 150
  Number of DML rows: 0 out of 10000
  Maximum CPU time: 0 out of 10000
  Maximum heap size: 0 out of 6000000
  Number of callouts: 0 out of 100
  Number of Email Invocations: 0 out of 10
  Number of future calls: 0 out of 50
  Number of queueable jobs added to the queue: 0 out of 50
  Number of Mobile Apex push calls: 0 out of 10

11:57:11.194 (194826882)|TOTAL_EMAIL_RECIPIENTS_QUEUED|0
11:57:11.194 (194826882)|STATIC_VARIABLE_LIST|
  char[]:DigitTens:0
  long:serialVersionUID:0
  String:_static_REGION_EUROPE:0
  String:_static_REGION_NA:0
  long:serialVersionUID:0
  double:MAX_VALUE:0
  Boolean:FALSE:0
  long:serialVersionUID:0
  String:_sfdcAdditionalCodeLocations:0
  double:MIN_VALUE:0
  int:SIZE:0
  double:NEGATIVE_INFINITY:0
  String:_static_NOT_AVAILABLE:0
  int:MAX_VALUE:0
  String:_static_REGION_ISRAEL:0
  char[]:digits:0
  double:NaN:0
  Boolean:TRUE:0
  String:_static_REGION_AFRICA:0
  String:_static_REGION_NZ:0
  String:_static_REGION_SA:0
  int:MIN_VALUE:0
  String:_sfdcAdditionalCodeLocations:0
  char[]:DigitOnes:0
  int:BYTES:0
  String:_sfdcAdditionalCodeLocations:0
  int:MIN_EXPONENT:0
  int[]:sizeTable:0
  String:_static_REGION_ASIA:0
  int:MAX_EXPONENT:0
  String:_static_REGION_OCEANIA:0
  int:SIZE:0
  double:POSITIVE_INFINITY:0
  double:MIN_NORMAL:0
  int:BYTES:0

11:57:11.194 (194826882)|CUMULATIVE_LIMIT_USAGE_END

11:57:11.0 (196475385)|CODE_UNIT_FINISHED|LocalTimeUserTrigger on User trigger event BeforeUpdate for [005E0000004yLLO]
11:57:11.268 (268860675)|ENTERING_MANAGED_PKG|skuid
11:57:11.269 (269646993)|CUMULATIVE_LIMIT_USAGE
11:57:11.269 (269646993)|LIMIT_USAGE_FOR_NS|(default)|
  Number of SOQL queries: 0 out of 100
  Number of query rows: 0 out of 50000
  Number of SOSL queries: 0 out of 20
  Number of DML statements: 0 out of 150
  Number of DML rows: 0 out of 10000
  Maximum CPU time: 0 out of 10000
  Maximum heap size: 0 out of 6000000
  Number of callouts: 0 out of 100
  Number of Email Invocations: 0 out of 10
  Number of future calls: 0 out of 50
  Number of queueable jobs added to the queue: 0 out of 50
  Number of Mobile Apex push calls: 0 out of 10

11:57:11.269 (269646993)|LIMIT_USAGE_FOR_NS|tz|
  Number of SOQL queries: 0 out of 100
  Number of query rows: 1 out of 50000
  Number of SOSL queries: 0 out of 20
  Number of DML statements: 0 out of 150
  Number of DML rows: 0 out of 10000
  Maximum CPU time: 0 out of 10000
  Maximum heap size: 0 out of 6000000
  Number of callouts: 0 out of 100
  Number of Email Invocations: 0 out of 10
  Number of future calls: 0 out of 50
  Number of queueable jobs added to the queue: 0 out of 50
  Number of Mobile Apex push calls: 0 out of 10

11:57:11.269 (269646993)|CUMULATIVE_LIMIT_USAGE_END

11:57:11.0 (272957769)|CODE_UNIT_STARTED|[EXTERNAL]|Workflow:User
11:57:11.0 (277970985)|WF_RULE_EVAL_BEGIN|Workflow
11:57:11.0 (278001267)|WF_CRITERIA_BEGIN|[User: Elissa Sadhana Team (WCI) 005E0000004yLLO]|Member_Community_New_User301V000000063fo|01QV00000001N6N|ON_CREATE_ONLY|0
11:57:11.0 (278014008)|WF_RULE_NOT_EVALUATED
11:57:11.0 (278022307)|WF_SPOOL_ACTION_BEGIN|Workflow
11:57:11.0 (278033742)|WF_ACTION| None
11:57:11.0 (278038606)|WF_RULE_EVAL_END
11:57:11.0 (278084726)|WF_ACTIONS_END| None
11:57:11.0 (278093346)|CODE_UNIT_FINISHED|Workflow:User
11:57:11.0 (410546362)|CODE_UNIT_FINISHED|TRIGGERS
11:57:11.0 (410568726)|EXECUTION_FINISHED
11:57:11.414 (414117759)|CUMULATIVE_PROFILING_BEGIN
11:57:11.414 (414117759)|CUMULATIVE_PROFILING|SOQL operations|
(tz): [SELECT tz__Country__c FROM tz__lt_country_names__mdt WHERE MasterLabel = :countryCode]: executed 2 times in 24 ms

11:57:11.414 (414117759)|CUMULATIVE_PROFILING|No profiling information for SOSL operations
11:57:11.414 (414117759)|CUMULATIVE_PROFILING|No profiling information for DML operations
11:57:11.414 (414117759)|CUMULATIVE_PROFILING|method invocations|
Trigger.LocalTimeUserTrigger: line 10, column 1: webService static String getOffsetFull(String, String, String): executed 2 times in 26 ms
External entry point: public void invoke(): executed 1 time in 17 ms
Trigger.LocalTimeUserTrigger: line 7, column 1: global public System.Iterator iterator(): executed 6 times in 0 ms
Trigger.LocalTimeUserTrigger: line 12, column 1: global static Object deserializeUntyped(String): executed 2 times in 0 ms
Trigger.LocalTimeUserTrigger: line 13, column 1: global public Object get(Object): executed 2 times in 0 ms

11:57:11.414 (414117759)|CUMULATIVE_PROFILING_END
