40.0 APEX_CODE,FINEST;APEX_PROFILING,FINEST;CALLOUT,INFO;DB,INFO;SYSTEM,DEBUG;VALIDATION,INFO;VISUALFORCE,INFO;WAVE,INFO;WORKFLOW,INFO
16:28:09.0 (427287)|USER_INFO|[EXTERNAL]|005E0000004yLLO|worldcare@sadhanaconsulting.com.devfull|Eastern Standard Time|GMT-05:00
16:28:09.0 (467538)|EXECUTION_STARTED
16:28:09.0 (472133)|CODE_UNIT_STARTED|[EXTERNAL]|TRIGGERS
16:28:09.0 (1982198)|CODE_UNIT_STARTED|[EXTERNAL]|01qV0000000DErk|LocalTimeUserTrigger on User trigger event BeforeUpdate for [005E0000004yLLO]
16:28:09.0 (2031146)|HEAP_ALLOCATE|[EXTERNAL]|Bytes:8
16:28:09.0 (2066819)|HEAP_ALLOCATE|[EXTERNAL]|Bytes:8
16:28:09.0 (2426241)|HEAP_ALLOCATE|[72]|Bytes:3
16:28:09.0 (2468757)|HEAP_ALLOCATE|[77]|Bytes:152
16:28:09.0 (2486940)|HEAP_ALLOCATE|[342]|Bytes:408
16:28:09.0 (2508320)|HEAP_ALLOCATE|[355]|Bytes:408
16:28:09.0 (2528827)|HEAP_ALLOCATE|[467]|Bytes:48
16:28:09.0 (2560736)|HEAP_ALLOCATE|[139]|Bytes:6
16:28:09.0 (2592575)|HEAP_ALLOCATE|[EXTERNAL]|Bytes:4
16:28:09.0 (2604650)|VARIABLE_SCOPE_BEGIN|[5]|this|LocalTimeUserTrigger|true|false
16:28:09.0 (2663582)|VARIABLE_ASSIGNMENT|[5]|this|{}|0x97ab3a8
16:28:09.0 (2718673)|HEAP_ALLOCATE|[EXTERNAL]|Bytes:4
16:28:09.0 (2730254)|VARIABLE_SCOPE_BEGIN|[5]|this|LocalTimeUserTrigger|true|false
16:28:09.0 (2746066)|VARIABLE_ASSIGNMENT|[5]|this|{}|0x97ab3a8
16:28:09.0 (2756064)|STATEMENT_EXECUTE|[5]
16:28:09.0 (2793152)|HEAP_ALLOCATE|[50]|Bytes:5
16:28:09.0 (2820089)|HEAP_ALLOCATE|[56]|Bytes:5
16:28:09.0 (2833464)|HEAP_ALLOCATE|[64]|Bytes:7
16:28:09.0 (3195528)|HEAP_ALLOCATE|[7]|Bytes:5
16:28:09.0 (3226296)|HEAP_ALLOCATE|[7]|Bytes:4
16:28:09.0 (3240611)|VARIABLE_SCOPE_BEGIN|[7]|u|User|true|false
16:28:09.0 (39724955)|VARIABLE_ASSIGNMENT|[7]|u|{"ProfileId":"00eE0000000zEdeIAE","LastModifiedDate":"2017-11-10T21:17:35.000Z","ReceivesAdminInfoEma (3 more) ...":false,"Email":"depot@sadhanaconsult (7 more) ...","TimeZoneSidKey":"America/New_York","LanguageLocaleKey":"fr","UserRoleId":"00EE0000000hj7TMAQ","License_Type__c":"Salesforce","IsActive":true,"Nurse__c":false,"LastLoginDate":"2017-11-10T20:42:51.000Z","PostalCode":"03820","ForecastEnabled":false,"IsExtIndicatorVisibl (1 more) ...":false,"DigestFrequency":"D","UTC_Offset__c":-4.00,"IsProfilePhotoActive":false,"Default_Patient_Coun (6 more) ...":"US","CompanyName":"Sadhana Consulting L (2 more) ...","CommunityNickname":"prozek","CreatedById":"005E0000002k2ScIAI","Street":"1 S Pine Street","Acquisition_Site__c":"001E000001HBa8R","Server_URL__c":"https://cs12.salesfo (17 more) ...","LastPasswordChangeDa (2 more) ...":"2017-10-10T13:48:13.000Z","LocaleSidKey":"en_US","FirstName":"Elissa","Name_Formula__c":"Elissa Sadhana Team  (5 more) ...","Title":"Consultant","City":"Dover","EmailEncodingKey":"ISO-8859-1","ReceivesInfoEmails":false,"SystemModstamp":"2017-11-10T21:17:35.000Z","User_18_Digit_ID__c":"005E0000004yLLOIA2","IsPortalEnabled":false,"Username":"worldcare@sadhanacon (19 more) ...","Alias":"Sadhana","DefaultGroupNotifica (13 more) ...":"N","CreatedDate":"2014-03-07T01:09:17.000Z","LastName":"Sadhana Team (WCI)","Id":"005E0000004yLLOIA2","IsPortalSelfRegister (2 more) ...":false,"UserType":"Standard","LastModifiedById":"005E0000004yLLOIA2"}|0x69822e83
16:28:09.0 (39768700)|STATEMENT_EXECUTE|[7]
16:28:09.0 (39770740)|STATEMENT_EXECUTE|[9]
16:28:09.0 (39771787)|STATEMENT_EXECUTE|[9]
16:28:09.0 (39772723)|STATEMENT_EXECUTE|[10]
16:28:09.0 (44519827)|VARIABLE_SCOPE_BEGIN|[3]|LocalTime.NOT_AVAILABLE|String|false|true
16:28:09.0 (44541162)|VARIABLE_SCOPE_BEGIN|[9]|LocalTime.REGION_AFRICA|String|false|true
16:28:09.0 (44550523)|VARIABLE_SCOPE_BEGIN|[6]|LocalTime.REGION_ASIA|String|false|true
16:28:09.0 (44560409)|VARIABLE_SCOPE_BEGIN|[5]|LocalTime.REGION_EUROPE|String|false|true
16:28:09.0 (44569345)|VARIABLE_SCOPE_BEGIN|[11]|LocalTime.REGION_ISRAEL|String|false|true
16:28:09.0 (44578497)|VARIABLE_SCOPE_BEGIN|[4]|LocalTime.REGION_NA|String|false|true
16:28:09.0 (44587411)|VARIABLE_SCOPE_BEGIN|[10]|LocalTime.REGION_NZ|String|false|true
16:28:09.0 (44597000)|VARIABLE_SCOPE_BEGIN|[7]|LocalTime.REGION_OCEANIA|String|false|true
16:28:09.0 (44606108)|VARIABLE_SCOPE_BEGIN|[8]|LocalTime.REGION_SA|String|false|true
16:28:09.0 (44663287)|HEAP_ALLOCATE|[10]|Bytes:86
16:28:09.0 (44678919)|HEAP_ALLOCATE|[10]|Bytes:3
16:28:09.0 (44747682)|VARIABLE_ASSIGNMENT|[10]|LocalTime.NOT_AVAILABLE|"N/A"
16:28:09.0 (44758825)|HEAP_ALLOCATE|[10]|Bytes:6
16:28:09.0 (44768676)|VARIABLE_ASSIGNMENT|[10]|LocalTime.REGION_AFRICA|"AFRICA"
16:28:09.0 (44773796)|HEAP_ALLOCATE|[10]|Bytes:4
16:28:09.0 (44779905)|VARIABLE_ASSIGNMENT|[10]|LocalTime.REGION_ASIA|"ASIA"
16:28:09.0 (44787662)|HEAP_ALLOCATE|[10]|Bytes:6
16:28:09.0 (44795821)|VARIABLE_ASSIGNMENT|[10]|LocalTime.REGION_EUROPE|"EUROPE"
16:28:09.0 (44804307)|HEAP_ALLOCATE|[10]|Bytes:6
16:28:09.0 (44818525)|VARIABLE_ASSIGNMENT|[10]|LocalTime.REGION_ISRAEL|"ISRAEL"
16:28:09.0 (44829174)|HEAP_ALLOCATE|[10]|Bytes:2
16:28:09.0 (44844830)|VARIABLE_ASSIGNMENT|[10]|LocalTime.REGION_NA|"NA"
16:28:09.0 (44855480)|HEAP_ALLOCATE|[10]|Bytes:2
16:28:09.0 (44864499)|VARIABLE_ASSIGNMENT|[10]|LocalTime.REGION_NZ|"NZ"
16:28:09.0 (44869511)|HEAP_ALLOCATE|[10]|Bytes:7
16:28:09.0 (44876091)|VARIABLE_ASSIGNMENT|[10]|LocalTime.REGION_OCEANIA|"OCEANIA"
16:28:09.0 (44880873)|HEAP_ALLOCATE|[10]|Bytes:2
16:28:09.0 (44886947)|VARIABLE_ASSIGNMENT|[10]|LocalTime.REGION_SA|"SA"
16:28:09.0 (44905561)|METHOD_ENTRY|[2]|01pE0000001ksei|LocalTime.LocalTime()
16:28:09.0 (44911657)|STATEMENT_EXECUTE|[2]
16:28:09.0 (44933421)|ENTERING_MANAGED_PKG|tz
16:28:09.0 (44952388)|METHOD_EXIT|[2]|LocalTime
16:28:09.0 (44999338)|METHOD_ENTRY|[10]|01pE0000001ksei|tz.LocalTime.getOffsetFull(String, String, String)
16:28:09.0 (45009452)|ENTERING_MANAGED_PKG|tz
16:28:09.0 (45248732)|ENTERING_MANAGED_PKG|tz
16:28:09.0 (45347201)|ENTERING_MANAGED_PKG|tz
16:28:09.0 (46549962)|SOQL_EXECUTE_BEGIN|[333]|Aggregations:0|SELECT tz__Country__c FROM tz__lt_country_names__mdt WHERE MasterLabel = :tmpVar1
16:28:09.0 (58560181)|SOQL_EXECUTE_END|[333]|Rows:1
16:28:09.0 (59075330)|ENTERING_MANAGED_PKG|tz
16:28:09.0 (59169526)|METHOD_EXIT|[10]|01pE0000001ksei|tz.LocalTime.getOffsetFull(String, String, String)
16:28:09.0 (59182324)|VARIABLE_SCOPE_BEGIN|[10]|jsonStr|String|false|false
16:28:09.0 (59207847)|VARIABLE_ASSIGNMENT|[10]|jsonStr|"{\"offset\":\"N/A\",\"dst (92 more) ..."
16:28:09.0 (59214521)|STATEMENT_EXECUTE|[11]
16:28:09.0 (59216297)|STATEMENT_EXECUTE|[12]
16:28:09.0 (59269607)|HEAP_ALLOCATE|[12]|Bytes:24
16:28:09.0 (59289126)|SYSTEM_METHOD_ENTRY|[1]|JSON.JSON()
16:28:09.0 (59293494)|STATEMENT_EXECUTE|[1]
16:28:09.0 (59303185)|SYSTEM_METHOD_EXIT|[1]|JSON
16:28:09.0 (59320155)|METHOD_ENTRY|[12]||System.JSON.deserializeUntyped(String)
16:28:09.0 (59803994)|METHOD_EXIT|[12]||System.JSON.deserializeUntyped(String)
16:28:09.0 (59819923)|VARIABLE_SCOPE_BEGIN|[12]|m|Map<String,ANY>|true|false
16:28:09.0 (59844360)|VARIABLE_ASSIGNMENT|[12]|m|"Map of size 6 too large to display"|0x6ec128c1
16:28:09.0 (59851779)|STATEMENT_EXECUTE|[13]
16:28:09.0 (59856530)|HEAP_ALLOCATE|[13]|Bytes:6
16:28:09.0 (59900934)|VARIABLE_SCOPE_BEGIN|[13]|offset|String|false|false
16:28:09.0 (59918946)|VARIABLE_ASSIGNMENT|[13]|offset|"N/A"
16:28:09.0 (59926793)|HEAP_ALLOCATE|[14]|Bytes:3
16:28:09.0 (59950651)|STATEMENT_EXECUTE|[14]
16:28:09.0 (59967798)|HEAP_ALLOCATE|[7]|Bytes:5
16:28:09.0 (59986593)|VARIABLE_ASSIGNMENT|[7]|u|null|
16:28:09.59 (59997561)|CUMULATIVE_LIMIT_USAGE
16:28:09.59 (59997561)|LIMIT_USAGE_FOR_NS|(default)|
  Number of SOQL queries: 0 out of 100
  Number of query rows: 0 out of 50000
  Number of SOSL queries: 0 out of 20
  Number of DML statements: 0 out of 150
  Number of DML rows: 0 out of 10000
  Maximum CPU time: 0 out of 10000
  Maximum heap size: 0 out of 6000000
  Number of callouts: 0 out of 100
  Number of Email Invocations: 0 out of 10
  Number of future calls: 0 out of 50
  Number of queueable jobs added to the queue: 0 out of 50
  Number of Mobile Apex push calls: 0 out of 10

16:28:09.59 (59997561)|LIMIT_USAGE_FOR_NS|tz|
  Number of SOQL queries: 0 out of 100
  Number of query rows: 1 out of 50000
  Number of SOSL queries: 0 out of 20
  Number of DML statements: 0 out of 150
  Number of DML rows: 0 out of 10000
  Maximum CPU time: 0 out of 10000
  Maximum heap size: 0 out of 6000000
  Number of callouts: 0 out of 100
  Number of Email Invocations: 0 out of 10
  Number of future calls: 0 out of 50
  Number of queueable jobs added to the queue: 0 out of 50
  Number of Mobile Apex push calls: 0 out of 10

16:28:09.59 (59997561)|TOTAL_EMAIL_RECIPIENTS_QUEUED|0
16:28:09.59 (59997561)|STATIC_VARIABLE_LIST|
  char[]:DigitTens:0
  long:serialVersionUID:0
  String:_static_REGION_EUROPE:0
  String:_static_REGION_NA:0
  long:serialVersionUID:0
  double:MAX_VALUE:0
  Boolean:FALSE:0
  long:serialVersionUID:0
  String:_sfdcAdditionalCodeLocations:0
  double:MIN_VALUE:0
  int:SIZE:0
  double:NEGATIVE_INFINITY:0
  String:_static_NOT_AVAILABLE:0
  int:MAX_VALUE:0
  String:_static_REGION_ISRAEL:0
  char[]:digits:0
  double:NaN:0
  Boolean:TRUE:0
  String:_static_REGION_AFRICA:0
  String:_static_REGION_NZ:0
  String:_static_REGION_SA:0
  int:MIN_VALUE:0
  char[]:DigitOnes:0
  int:BYTES:0
  String:_sfdcAdditionalCodeLocations:0
  int:MIN_EXPONENT:0
  int[]:sizeTable:0
  String:_static_REGION_ASIA:0
  int:MAX_EXPONENT:0
  String:_static_REGION_OCEANIA:0
  int:SIZE:0
  double:POSITIVE_INFINITY:0
  double:MIN_NORMAL:0
  int:BYTES:0

16:28:09.59 (59997561)|CUMULATIVE_LIMIT_USAGE_END

16:28:09.0 (62865144)|CODE_UNIT_FINISHED|LocalTimeUserTrigger on User trigger event BeforeUpdate for [005E0000004yLLO]
16:28:09.234 (234786817)|ENTERING_MANAGED_PKG|skuid
16:28:09.235 (235878183)|CUMULATIVE_LIMIT_USAGE
16:28:09.235 (235878183)|LIMIT_USAGE_FOR_NS|(default)|
  Number of SOQL queries: 0 out of 100
  Number of query rows: 0 out of 50000
  Number of SOSL queries: 0 out of 20
  Number of DML statements: 0 out of 150
  Number of DML rows: 0 out of 10000
  Maximum CPU time: 0 out of 10000
  Maximum heap size: 0 out of 6000000
  Number of callouts: 0 out of 100
  Number of Email Invocations: 0 out of 10
  Number of future calls: 0 out of 50
  Number of queueable jobs added to the queue: 0 out of 50
  Number of Mobile Apex push calls: 0 out of 10

16:28:09.235 (235878183)|LIMIT_USAGE_FOR_NS|tz|
  Number of SOQL queries: 0 out of 100
  Number of query rows: 1 out of 50000
  Number of SOSL queries: 0 out of 20
  Number of DML statements: 0 out of 150
  Number of DML rows: 0 out of 10000
  Maximum CPU time: 0 out of 10000
  Maximum heap size: 0 out of 6000000
  Number of callouts: 0 out of 100
  Number of Email Invocations: 0 out of 10
  Number of future calls: 0 out of 50
  Number of queueable jobs added to the queue: 0 out of 50
  Number of Mobile Apex push calls: 0 out of 10

16:28:09.235 (235878183)|CUMULATIVE_LIMIT_USAGE_END

16:28:09.0 (239886658)|CODE_UNIT_STARTED|[EXTERNAL]|Workflow:User
16:28:09.0 (249331533)|WF_RULE_EVAL_BEGIN|Workflow
16:28:09.0 (249359389)|WF_CRITERIA_BEGIN|[User: Elissa Sadhana Team (WCI) 005E0000004yLLO]|Member_Community_New_User301V000000063fo|01QV00000001N6N|ON_CREATE_ONLY|0
16:28:09.0 (249370807)|WF_RULE_NOT_EVALUATED
16:28:09.0 (249379176)|WF_SPOOL_ACTION_BEGIN|Workflow
16:28:09.0 (249386943)|WF_ACTION| None
16:28:09.0 (249390989)|WF_RULE_EVAL_END
16:28:09.0 (249425741)|WF_ACTIONS_END| None
16:28:09.0 (249434844)|CODE_UNIT_FINISHED|Workflow:User
16:28:09.0 (263200898)|CODE_UNIT_STARTED|[EXTERNAL]|01qV0000000DErk|LocalTimeUserTrigger on User trigger event BeforeUpdate for [005E0000004yLLO]
16:28:09.0 (263270585)|HEAP_ALLOCATE|[EXTERNAL]|Bytes:8
16:28:09.0 (263309795)|HEAP_ALLOCATE|[EXTERNAL]|Bytes:8
16:28:09.0 (263381070)|HEAP_ALLOCATE|[EXTERNAL]|Bytes:4
16:28:09.0 (263397199)|VARIABLE_SCOPE_BEGIN|[5]|this|LocalTimeUserTrigger|true|false
16:28:09.0 (263436372)|VARIABLE_ASSIGNMENT|[5]|this|{}|0xa92c0ee
16:28:09.0 (263474964)|HEAP_ALLOCATE|[EXTERNAL]|Bytes:4
16:28:09.0 (263484541)|VARIABLE_SCOPE_BEGIN|[5]|this|LocalTimeUserTrigger|true|false
16:28:09.0 (263497869)|VARIABLE_ASSIGNMENT|[5]|this|{}|0xa92c0ee
16:28:09.0 (263508001)|STATEMENT_EXECUTE|[5]
16:28:09.0 (263618175)|HEAP_ALLOCATE|[7]|Bytes:5
16:28:09.0 (263646656)|HEAP_ALLOCATE|[7]|Bytes:4
16:28:09.0 (263663319)|VARIABLE_SCOPE_BEGIN|[7]|u|User|true|false
16:28:09.0 (268253643)|VARIABLE_ASSIGNMENT|[7]|u|{"ProfileId":"00eE0000000zEdeIAE","LastModifiedDate":"2017-11-10T21:28:09.000Z","ReceivesAdminInfoEma (3 more) ...":false,"Email":"depot@sadhanaconsult (7 more) ...","TimeZoneSidKey":"America/New_York","LanguageLocaleKey":"en_US","UserRoleId":"00EE0000000hj7TMAQ","License_Type__c":"Salesforce","IsActive":true,"Nurse__c":false,"LastLoginDate":"2017-11-10T20:42:51.000Z","PostalCode":"03820","ForecastEnabled":false,"IsExtIndicatorVisibl (1 more) ...":false,"DigestFrequency":"D","UTC_Offset__c":-4.00,"IsProfilePhotoActive":false,"Default_Patient_Coun (6 more) ...":"US","CompanyName":"Sadhana Consulting L (2 more) ...","CommunityNickname":"prozek","CreatedById":"005E0000002k2ScIAI","Street":"1 S Pine Street","Acquisition_Site__c":"001E000001HBa8R","Server_URL__c":"https://cs12.salesfo (17 more) ...","LastPasswordChangeDa (2 more) ...":"2017-10-10T13:48:13.000Z","LocaleSidKey":"en_US","FirstName":"Elissa","Name_Formula__c":"Elissa Sadhana Team  (5 more) ...","Title":"Consultant","City":"Dover","EmailEncodingKey":"ISO-8859-1","ReceivesInfoEmails":false,"SystemModstamp":"2017-11-10T21:28:09.000Z","User_18_Digit_ID__c":"005E0000004yLLOIA2","IsPortalEnabled":false,"Username":"worldcare@sadhanacon (19 more) ...","Alias":"Sadhana","DefaultGroupNotifica (13 more) ...":"N","CreatedDate":"2014-03-07T01:09:17.000Z","LastName":"Sadhana Team (WCI)","Id":"005E0000004yLLOIA2","IsPortalSelfRegister (2 more) ...":false,"UserType":"Standard","LastModifiedById":"005E0000004yLLOIA2"}|0x282c2073
16:28:09.0 (268286347)|STATEMENT_EXECUTE|[7]
16:28:09.0 (268288322)|STATEMENT_EXECUTE|[9]
16:28:09.0 (268289325)|STATEMENT_EXECUTE|[9]
16:28:09.0 (268290293)|STATEMENT_EXECUTE|[10]
16:28:09.0 (268347174)|METHOD_ENTRY|[10]|01pE0000001ksei|tz.LocalTime.getOffsetFull(String, String, String)
16:28:09.0 (268358827)|ENTERING_MANAGED_PKG|tz
16:28:09.0 (268402716)|ENTERING_MANAGED_PKG|tz
16:28:09.0 (268462102)|ENTERING_MANAGED_PKG|tz
16:28:09.0 (268836301)|SOQL_EXECUTE_BEGIN|[333]|Aggregations:0|SELECT tz__Country__c FROM tz__lt_country_names__mdt WHERE MasterLabel = :tmpVar1
16:28:09.0 (280020070)|SOQL_EXECUTE_END|[333]|Rows:1
16:28:09.0 (280352583)|ENTERING_MANAGED_PKG|tz
16:28:09.0 (280419580)|METHOD_EXIT|[10]|01pE0000001ksei|tz.LocalTime.getOffsetFull(String, String, String)
16:28:09.0 (280430061)|VARIABLE_SCOPE_BEGIN|[10]|jsonStr|String|false|false
16:28:09.0 (280451783)|VARIABLE_ASSIGNMENT|[10]|jsonStr|"{\"offset\":\"N/A\",\"dst (92 more) ..."
16:28:09.0 (280458474)|STATEMENT_EXECUTE|[11]
16:28:09.0 (280460220)|STATEMENT_EXECUTE|[12]
16:28:09.0 (280470747)|METHOD_ENTRY|[12]||System.JSON.deserializeUntyped(String)
16:28:09.0 (280901134)|METHOD_EXIT|[12]||System.JSON.deserializeUntyped(String)
16:28:09.0 (280916471)|VARIABLE_SCOPE_BEGIN|[12]|m|Map<String,ANY>|true|false
16:28:09.0 (280940537)|VARIABLE_ASSIGNMENT|[12]|m|"Map of size 6 too large to display"|0x288f4393
16:28:09.0 (280947267)|STATEMENT_EXECUTE|[13]
16:28:09.0 (280971616)|VARIABLE_SCOPE_BEGIN|[13]|offset|String|false|false
16:28:09.0 (280983879)|VARIABLE_ASSIGNMENT|[13]|offset|"N/A"
16:28:09.0 (281002776)|STATEMENT_EXECUTE|[14]
16:28:09.0 (281023740)|HEAP_ALLOCATE|[7]|Bytes:5
16:28:09.0 (281044295)|VARIABLE_ASSIGNMENT|[7]|u|null|
16:28:09.281 (281057547)|CUMULATIVE_LIMIT_USAGE
16:28:09.281 (281057547)|LIMIT_USAGE_FOR_NS|(default)|
  Number of SOQL queries: 0 out of 100
  Number of query rows: 0 out of 50000
  Number of SOSL queries: 0 out of 20
  Number of DML statements: 0 out of 150
  Number of DML rows: 0 out of 10000
  Maximum CPU time: 0 out of 10000
  Maximum heap size: 0 out of 6000000
  Number of callouts: 0 out of 100
  Number of Email Invocations: 0 out of 10
  Number of future calls: 0 out of 50
  Number of queueable jobs added to the queue: 0 out of 50
  Number of Mobile Apex push calls: 0 out of 10

16:28:09.281 (281057547)|LIMIT_USAGE_FOR_NS|tz|
  Number of SOQL queries: 0 out of 100
  Number of query rows: 1 out of 50000
  Number of SOSL queries: 0 out of 20
  Number of DML statements: 0 out of 150
  Number of DML rows: 0 out of 10000
  Maximum CPU time: 0 out of 10000
  Maximum heap size: 0 out of 6000000
  Number of callouts: 0 out of 100
  Number of Email Invocations: 0 out of 10
  Number of future calls: 0 out of 50
  Number of queueable jobs added to the queue: 0 out of 50
  Number of Mobile Apex push calls: 0 out of 10

16:28:09.281 (281057547)|TOTAL_EMAIL_RECIPIENTS_QUEUED|0
16:28:09.281 (281057547)|STATIC_VARIABLE_LIST|
  char[]:DigitTens:0
  long:serialVersionUID:0
  String:_static_REGION_EUROPE:0
  String:_static_REGION_NA:0
  long:serialVersionUID:0
  double:MAX_VALUE:0
  Boolean:FALSE:0
  long:serialVersionUID:0
  String:_sfdcAdditionalCodeLocations:0
  double:MIN_VALUE:0
  int:SIZE:0
  double:NEGATIVE_INFINITY:0
  String:_static_NOT_AVAILABLE:0
  int:MAX_VALUE:0
  String:_static_REGION_ISRAEL:0
  char[]:digits:0
  double:NaN:0
  Boolean:TRUE:0
  String:_static_REGION_AFRICA:0
  String:_static_REGION_NZ:0
  String:_static_REGION_SA:0
  int:MIN_VALUE:0
  String:_sfdcAdditionalCodeLocations:0
  char[]:DigitOnes:0
  int:BYTES:0
  String:_sfdcAdditionalCodeLocations:0
  int:MIN_EXPONENT:0
  int[]:sizeTable:0
  String:_static_REGION_ASIA:0
  int:MAX_EXPONENT:0
  String:_static_REGION_OCEANIA:0
  int:SIZE:0
  double:POSITIVE_INFINITY:0
  double:MIN_NORMAL:0
  int:BYTES:0

16:28:09.281 (281057547)|CUMULATIVE_LIMIT_USAGE_END

16:28:09.0 (282813043)|CODE_UNIT_FINISHED|LocalTimeUserTrigger on User trigger event BeforeUpdate for [005E0000004yLLO]
16:28:09.363 (363165965)|ENTERING_MANAGED_PKG|skuid
16:28:09.363 (363933055)|CUMULATIVE_LIMIT_USAGE
16:28:09.363 (363933055)|LIMIT_USAGE_FOR_NS|(default)|
  Number of SOQL queries: 0 out of 100
  Number of query rows: 0 out of 50000
  Number of SOSL queries: 0 out of 20
  Number of DML statements: 0 out of 150
  Number of DML rows: 0 out of 10000
  Maximum CPU time: 0 out of 10000
  Maximum heap size: 0 out of 6000000
  Number of callouts: 0 out of 100
  Number of Email Invocations: 0 out of 10
  Number of future calls: 0 out of 50
  Number of queueable jobs added to the queue: 0 out of 50
  Number of Mobile Apex push calls: 0 out of 10

16:28:09.363 (363933055)|LIMIT_USAGE_FOR_NS|tz|
  Number of SOQL queries: 0 out of 100
  Number of query rows: 1 out of 50000
  Number of SOSL queries: 0 out of 20
  Number of DML statements: 0 out of 150
  Number of DML rows: 0 out of 10000
  Maximum CPU time: 0 out of 10000
  Maximum heap size: 0 out of 6000000
  Number of callouts: 0 out of 100
  Number of Email Invocations: 0 out of 10
  Number of future calls: 0 out of 50
  Number of queueable jobs added to the queue: 0 out of 50
  Number of Mobile Apex push calls: 0 out of 10

16:28:09.363 (363933055)|CUMULATIVE_LIMIT_USAGE_END

16:28:09.0 (369605742)|CODE_UNIT_STARTED|[EXTERNAL]|Workflow:User
16:28:09.0 (377026065)|WF_RULE_EVAL_BEGIN|Workflow
16:28:09.0 (377083776)|WF_CRITERIA_BEGIN|[User: Elissa Sadhana Team (WCI) 005E0000004yLLO]|Member_Community_New_User301V000000063fo|01QV00000001N6N|ON_CREATE_ONLY|0
16:28:09.0 (377101483)|WF_RULE_NOT_EVALUATED
16:28:09.0 (377117006)|WF_SPOOL_ACTION_BEGIN|Workflow
16:28:09.0 (377127375)|WF_ACTION| None
16:28:09.0 (377131600)|WF_RULE_EVAL_END
16:28:09.0 (377175860)|WF_ACTIONS_END| None
16:28:09.0 (377184546)|CODE_UNIT_FINISHED|Workflow:User
16:28:09.0 (554122033)|CODE_UNIT_FINISHED|TRIGGERS
16:28:09.0 (554147032)|EXECUTION_FINISHED
16:28:09.570 (570653167)|CUMULATIVE_PROFILING_BEGIN
16:28:09.570 (570653167)|CUMULATIVE_PROFILING|SOQL operations|
(tz): [SELECT tz__Country__c FROM tz__lt_country_names__mdt WHERE MasterLabel = :countryCode]: executed 2 times in 26 ms

16:28:09.570 (570653167)|CUMULATIVE_PROFILING|No profiling information for SOSL operations
16:28:09.570 (570653167)|CUMULATIVE_PROFILING|No profiling information for DML operations
16:28:09.570 (570653167)|CUMULATIVE_PROFILING|method invocations|
Trigger.LocalTimeUserTrigger: line 10, column 1: webService static String getOffsetFull(String, String, String): executed 2 times in 26 ms
External entry point: public void invoke(): executed 1 time in 18 ms
Trigger.LocalTimeUserTrigger: line 12, column 1: global static Object deserializeUntyped(String): executed 2 times in 2 ms
Trigger.LocalTimeUserTrigger: line 7, column 1: global public System.Iterator iterator(): executed 6 times in 1 ms
Trigger.LocalTimeUserTrigger: line 13, column 1: global public Object get(Object): executed 2 times in 0 ms

16:28:09.570 (570653167)|CUMULATIVE_PROFILING_END
