40.0 APEX_CODE,FINEST;APEX_PROFILING,FINEST;CALLOUT,INFO;DB,INFO;SYSTEM,DEBUG;VALIDATION,INFO;VISUALFORCE,INFO;WAVE,INFO;WORKFLOW,INFO
10:25:29.0 (386892)|USER_INFO|[EXTERNAL]|005E0000004yLLO|worldcare@sadhanaconsulting.com.devfull|Eastern Standard Time|GMT-05:00
10:25:29.0 (427839)|EXECUTION_STARTED
10:25:29.0 (431887)|CODE_UNIT_STARTED|[EXTERNAL]|TRIGGERS
10:25:29.0 (1383873)|CODE_UNIT_STARTED|[EXTERNAL]|01qV0000000DErk|LocalTimeUserTrigger on User trigger event BeforeUpdate for [005E0000004yLLO]
10:25:29.0 (1435614)|HEAP_ALLOCATE|[EXTERNAL]|Bytes:8
10:25:29.0 (1472786)|HEAP_ALLOCATE|[EXTERNAL]|Bytes:8
10:25:29.0 (1859749)|HEAP_ALLOCATE|[72]|Bytes:3
10:25:29.0 (1906128)|HEAP_ALLOCATE|[77]|Bytes:152
10:25:29.0 (1935884)|HEAP_ALLOCATE|[342]|Bytes:408
10:25:29.0 (1961311)|HEAP_ALLOCATE|[355]|Bytes:408
10:25:29.0 (1982433)|HEAP_ALLOCATE|[467]|Bytes:48
10:25:29.0 (2016048)|HEAP_ALLOCATE|[139]|Bytes:6
10:25:29.0 (2053756)|HEAP_ALLOCATE|[EXTERNAL]|Bytes:4
10:25:29.0 (2063718)|VARIABLE_SCOPE_BEGIN|[5]|this|LocalTimeUserTrigger|true|false
10:25:29.0 (2107572)|VARIABLE_ASSIGNMENT|[5]|this|{}|0x3613c98a
10:25:29.0 (2139734)|HEAP_ALLOCATE|[EXTERNAL]|Bytes:4
10:25:29.0 (2148396)|VARIABLE_SCOPE_BEGIN|[5]|this|LocalTimeUserTrigger|true|false
10:25:29.0 (2161125)|VARIABLE_ASSIGNMENT|[5]|this|{}|0x3613c98a
10:25:29.0 (2171205)|STATEMENT_EXECUTE|[5]
10:25:29.0 (2217089)|HEAP_ALLOCATE|[50]|Bytes:5
10:25:29.0 (2247993)|HEAP_ALLOCATE|[56]|Bytes:5
10:25:29.0 (2260404)|HEAP_ALLOCATE|[64]|Bytes:7
10:25:29.0 (2620253)|HEAP_ALLOCATE|[7]|Bytes:5
10:25:29.0 (2646686)|HEAP_ALLOCATE|[7]|Bytes:4
10:25:29.0 (2658280)|VARIABLE_SCOPE_BEGIN|[7]|u|User|true|false
10:25:29.0 (30999902)|VARIABLE_ASSIGNMENT|[7]|u|{"ProfileId":"00eE0000000zEdeIAE","LastModifiedDate":"2017-11-10T15:21:57.000Z","ReceivesAdminInfoEma (3 more) ...":false,"Email":"depot@sadhanaconsult (7 more) ...","TimeZoneSidKey":"America/New_York","LanguageLocaleKey":"fr","UserRoleId":"00EE0000000hj7TMAQ","License_Type__c":"Salesforce","IsActive":true,"Nurse__c":false,"LastLoginDate":"2017-11-10T15:06:05.000Z","PostalCode":"03820","ForecastEnabled":false,"IsExtIndicatorVisibl (1 more) ...":false,"DigestFrequency":"D","UTC_Offset__c":-4.00,"IsProfilePhotoActive":false,"Default_Patient_Coun (6 more) ...":"US","CompanyName":"Sadhana Consulting L (2 more) ...","CommunityNickname":"prozek","CreatedById":"005E0000002k2ScIAI","Street":"1 S Pine Street","Acquisition_Site__c":"001E000001HBa8R","Server_URL__c":"https://cs12.salesfo (17 more) ...","LastPasswordChangeDa (2 more) ...":"2017-10-10T13:48:13.000Z","LocaleSidKey":"en_US","FirstName":"Elissa","Name_Formula__c":"Elissa Sadhana Team  (5 more) ...","Title":"Consultant","City":"Dover","EmailEncodingKey":"ISO-8859-1","ReceivesInfoEmails":false,"SystemModstamp":"2017-11-10T15:21:57.000Z","User_18_Digit_ID__c":"005E0000004yLLOIA2","IsPortalEnabled":false,"Username":"worldcare@sadhanacon (19 more) ...","Alias":"Sadhana","DefaultGroupNotifica (13 more) ...":"N","CreatedDate":"2014-03-07T01:09:17.000Z","LastName":"Sadhana Team (WCI)","Id":"005E0000004yLLOIA2","IsPortalSelfRegister (2 more) ...":false,"UserType":"Standard","LastModifiedById":"005E0000004yLLOIA2"}|0x6cdfcae
10:25:29.0 (31046558)|STATEMENT_EXECUTE|[7]
10:25:29.0 (31049300)|STATEMENT_EXECUTE|[9]
10:25:29.0 (31050440)|STATEMENT_EXECUTE|[9]
10:25:29.0 (31051706)|STATEMENT_EXECUTE|[10]
10:25:29.0 (32034919)|VARIABLE_SCOPE_BEGIN|[3]|LocalTime.NOT_AVAILABLE|String|false|true
10:25:29.0 (32048767)|VARIABLE_SCOPE_BEGIN|[9]|LocalTime.REGION_AFRICA|String|false|true
10:25:29.0 (32055256)|VARIABLE_SCOPE_BEGIN|[6]|LocalTime.REGION_ASIA|String|false|true
10:25:29.0 (32061903)|VARIABLE_SCOPE_BEGIN|[5]|LocalTime.REGION_EUROPE|String|false|true
10:25:29.0 (32067881)|VARIABLE_SCOPE_BEGIN|[11]|LocalTime.REGION_ISRAEL|String|false|true
10:25:29.0 (32073736)|VARIABLE_SCOPE_BEGIN|[4]|LocalTime.REGION_NA|String|false|true
10:25:29.0 (32079547)|VARIABLE_SCOPE_BEGIN|[10]|LocalTime.REGION_NZ|String|false|true
10:25:29.0 (32085586)|VARIABLE_SCOPE_BEGIN|[7]|LocalTime.REGION_OCEANIA|String|false|true
10:25:29.0 (32091750)|VARIABLE_SCOPE_BEGIN|[8]|LocalTime.REGION_SA|String|false|true
10:25:29.0 (32160252)|HEAP_ALLOCATE|[10]|Bytes:86
10:25:29.0 (32176505)|HEAP_ALLOCATE|[10]|Bytes:3
10:25:29.0 (32189471)|VARIABLE_ASSIGNMENT|[10]|LocalTime.NOT_AVAILABLE|"N/A"
10:25:29.0 (32195228)|HEAP_ALLOCATE|[10]|Bytes:6
10:25:29.0 (32202498)|VARIABLE_ASSIGNMENT|[10]|LocalTime.REGION_AFRICA|"AFRICA"
10:25:29.0 (32207301)|HEAP_ALLOCATE|[10]|Bytes:4
10:25:29.0 (32214254)|VARIABLE_ASSIGNMENT|[10]|LocalTime.REGION_ASIA|"ASIA"
10:25:29.0 (32218698)|HEAP_ALLOCATE|[10]|Bytes:6
10:25:29.0 (32226057)|VARIABLE_ASSIGNMENT|[10]|LocalTime.REGION_EUROPE|"EUROPE"
10:25:29.0 (32230464)|HEAP_ALLOCATE|[10]|Bytes:6
10:25:29.0 (32237057)|VARIABLE_ASSIGNMENT|[10]|LocalTime.REGION_ISRAEL|"ISRAEL"
10:25:29.0 (32241462)|HEAP_ALLOCATE|[10]|Bytes:2
10:25:29.0 (32247961)|VARIABLE_ASSIGNMENT|[10]|LocalTime.REGION_NA|"NA"
10:25:29.0 (32252513)|HEAP_ALLOCATE|[10]|Bytes:2
10:25:29.0 (32259331)|VARIABLE_ASSIGNMENT|[10]|LocalTime.REGION_NZ|"NZ"
10:25:29.0 (32263674)|HEAP_ALLOCATE|[10]|Bytes:7
10:25:29.0 (32270522)|VARIABLE_ASSIGNMENT|[10]|LocalTime.REGION_OCEANIA|"OCEANIA"
10:25:29.0 (32275231)|HEAP_ALLOCATE|[10]|Bytes:2
10:25:29.0 (32283327)|VARIABLE_ASSIGNMENT|[10]|LocalTime.REGION_SA|"SA"
10:25:29.0 (32304195)|METHOD_ENTRY|[2]|01pE0000001ksei|LocalTime.LocalTime()
10:25:29.0 (32312395)|STATEMENT_EXECUTE|[2]
10:25:29.0 (32334607)|ENTERING_MANAGED_PKG|tz
10:25:29.0 (32353719)|METHOD_EXIT|[2]|LocalTime
10:25:29.0 (32379345)|METHOD_ENTRY|[10]|01pE0000001ksei|tz.LocalTime.getOffsetFull(String, String, String)
10:25:29.0 (32386770)|ENTERING_MANAGED_PKG|tz
10:25:29.0 (32588716)|ENTERING_MANAGED_PKG|tz
10:25:29.0 (32711163)|ENTERING_MANAGED_PKG|tz
10:25:29.0 (33874020)|SOQL_EXECUTE_BEGIN|[333]|Aggregations:0|SELECT tz__Country__c FROM tz__lt_country_names__mdt WHERE MasterLabel = :tmpVar1
10:25:29.0 (45394903)|SOQL_EXECUTE_END|[333]|Rows:1
10:25:29.0 (45914758)|ENTERING_MANAGED_PKG|tz
10:25:29.0 (45982668)|METHOD_EXIT|[10]|01pE0000001ksei|tz.LocalTime.getOffsetFull(String, String, String)
10:25:29.0 (45993499)|VARIABLE_SCOPE_BEGIN|[10]|jsonStr|String|false|false
10:25:29.0 (46017719)|VARIABLE_ASSIGNMENT|[10]|jsonStr|"{\"offset\":\"N/A\",\"dst (92 more) ..."
10:25:29.0 (46026094)|STATEMENT_EXECUTE|[11]
10:25:29.0 (46027823)|STATEMENT_EXECUTE|[12]
10:25:29.0 (46081444)|HEAP_ALLOCATE|[12]|Bytes:24
10:25:29.0 (46098087)|SYSTEM_METHOD_ENTRY|[1]|JSON.JSON()
10:25:29.0 (46102346)|STATEMENT_EXECUTE|[1]
10:25:29.0 (46111380)|SYSTEM_METHOD_EXIT|[1]|JSON
10:25:29.0 (46128486)|METHOD_ENTRY|[12]||System.JSON.deserializeUntyped(String)
10:25:29.0 (46589138)|METHOD_EXIT|[12]||System.JSON.deserializeUntyped(String)
10:25:29.0 (46603881)|VARIABLE_SCOPE_BEGIN|[12]|m|Map<String,ANY>|true|false
10:25:29.0 (46627953)|VARIABLE_ASSIGNMENT|[12]|m|"Map of size 6 too large to display"|0x3c93b9ee
10:25:29.0 (46635139)|STATEMENT_EXECUTE|[13]
10:25:29.0 (46639398)|HEAP_ALLOCATE|[13]|Bytes:6
10:25:29.0 (46683859)|VARIABLE_SCOPE_BEGIN|[13]|offset|String|false|false
10:25:29.0 (46697214)|VARIABLE_ASSIGNMENT|[13]|offset|"N/A"
10:25:29.0 (46704931)|HEAP_ALLOCATE|[14]|Bytes:3
10:25:29.0 (46726727)|STATEMENT_EXECUTE|[14]
10:25:29.0 (46743911)|HEAP_ALLOCATE|[7]|Bytes:5
10:25:29.0 (46766781)|VARIABLE_ASSIGNMENT|[7]|u|null|
10:25:29.46 (46780034)|CUMULATIVE_LIMIT_USAGE
10:25:29.46 (46780034)|LIMIT_USAGE_FOR_NS|(default)|
  Number of SOQL queries: 0 out of 100
  Number of query rows: 0 out of 50000
  Number of SOSL queries: 0 out of 20
  Number of DML statements: 0 out of 150
  Number of DML rows: 0 out of 10000
  Maximum CPU time: 0 out of 10000
  Maximum heap size: 0 out of 6000000
  Number of callouts: 0 out of 100
  Number of Email Invocations: 0 out of 10
  Number of future calls: 0 out of 50
  Number of queueable jobs added to the queue: 0 out of 50
  Number of Mobile Apex push calls: 0 out of 10

10:25:29.46 (46780034)|LIMIT_USAGE_FOR_NS|tz|
  Number of SOQL queries: 0 out of 100
  Number of query rows: 1 out of 50000
  Number of SOSL queries: 0 out of 20
  Number of DML statements: 0 out of 150
  Number of DML rows: 0 out of 10000
  Maximum CPU time: 0 out of 10000
  Maximum heap size: 0 out of 6000000
  Number of callouts: 0 out of 100
  Number of Email Invocations: 0 out of 10
  Number of future calls: 0 out of 50
  Number of queueable jobs added to the queue: 0 out of 50
  Number of Mobile Apex push calls: 0 out of 10

10:25:29.46 (46780034)|TOTAL_EMAIL_RECIPIENTS_QUEUED|0
10:25:29.46 (46780034)|STATIC_VARIABLE_LIST|
  char[]:DigitTens:0
  long:serialVersionUID:0
  String:_static_REGION_EUROPE:0
  String:_static_REGION_NA:0
  long:serialVersionUID:0
  double:MAX_VALUE:0
  Boolean:FALSE:0
  long:serialVersionUID:0
  String:_sfdcAdditionalCodeLocations:0
  double:MIN_VALUE:0
  int:SIZE:0
  double:NEGATIVE_INFINITY:0
  String:_static_NOT_AVAILABLE:0
  int:MAX_VALUE:0
  String:_static_REGION_ISRAEL:0
  char[]:digits:0
  double:NaN:0
  Boolean:TRUE:0
  String:_static_REGION_AFRICA:0
  String:_static_REGION_NZ:0
  String:_static_REGION_SA:0
  int:MIN_VALUE:0
  char[]:DigitOnes:0
  int:BYTES:0
  String:_sfdcAdditionalCodeLocations:0
  int:MIN_EXPONENT:0
  int[]:sizeTable:0
  String:_static_REGION_ASIA:0
  int:MAX_EXPONENT:0
  String:_static_REGION_OCEANIA:0
  int:SIZE:0
  double:POSITIVE_INFINITY:0
  double:MIN_NORMAL:0
  int:BYTES:0

10:25:29.46 (46780034)|CUMULATIVE_LIMIT_USAGE_END

10:25:29.0 (48153140)|CODE_UNIT_FINISHED|LocalTimeUserTrigger on User trigger event BeforeUpdate for [005E0000004yLLO]
10:25:29.168 (168996357)|ENTERING_MANAGED_PKG|skuid
10:25:29.170 (170002300)|CUMULATIVE_LIMIT_USAGE
10:25:29.170 (170002300)|LIMIT_USAGE_FOR_NS|(default)|
  Number of SOQL queries: 0 out of 100
  Number of query rows: 0 out of 50000
  Number of SOSL queries: 0 out of 20
  Number of DML statements: 0 out of 150
  Number of DML rows: 0 out of 10000
  Maximum CPU time: 0 out of 10000
  Maximum heap size: 0 out of 6000000
  Number of callouts: 0 out of 100
  Number of Email Invocations: 0 out of 10
  Number of future calls: 0 out of 50
  Number of queueable jobs added to the queue: 0 out of 50
  Number of Mobile Apex push calls: 0 out of 10

10:25:29.170 (170002300)|LIMIT_USAGE_FOR_NS|tz|
  Number of SOQL queries: 0 out of 100
  Number of query rows: 1 out of 50000
  Number of SOSL queries: 0 out of 20
  Number of DML statements: 0 out of 150
  Number of DML rows: 0 out of 10000
  Maximum CPU time: 0 out of 10000
  Maximum heap size: 0 out of 6000000
  Number of callouts: 0 out of 100
  Number of Email Invocations: 0 out of 10
  Number of future calls: 0 out of 50
  Number of queueable jobs added to the queue: 0 out of 50
  Number of Mobile Apex push calls: 0 out of 10

10:25:29.170 (170002300)|CUMULATIVE_LIMIT_USAGE_END

10:25:29.0 (173793200)|CODE_UNIT_STARTED|[EXTERNAL]|Workflow:User
10:25:29.0 (182205757)|WF_RULE_EVAL_BEGIN|Workflow
10:25:29.0 (182234454)|WF_CRITERIA_BEGIN|[User: Elissa Sadhana Team (WCI) 005E0000004yLLO]|Member_Community_New_User301V000000063fo|01QV00000001N6N|ON_CREATE_ONLY|0
10:25:29.0 (182246417)|WF_RULE_NOT_EVALUATED
10:25:29.0 (182254654)|WF_SPOOL_ACTION_BEGIN|Workflow
10:25:29.0 (182264216)|WF_ACTION| None
10:25:29.0 (182268498)|WF_RULE_EVAL_END
10:25:29.0 (182314613)|WF_ACTIONS_END| None
10:25:29.0 (182325287)|CODE_UNIT_FINISHED|Workflow:User
10:25:29.0 (191343333)|CODE_UNIT_STARTED|[EXTERNAL]|01qV0000000DErk|LocalTimeUserTrigger on User trigger event BeforeUpdate for [005E0000004yLLO]
10:25:29.0 (191394748)|HEAP_ALLOCATE|[EXTERNAL]|Bytes:8
10:25:29.0 (191424149)|HEAP_ALLOCATE|[EXTERNAL]|Bytes:8
10:25:29.0 (191489786)|HEAP_ALLOCATE|[EXTERNAL]|Bytes:4
10:25:29.0 (191502845)|VARIABLE_SCOPE_BEGIN|[5]|this|LocalTimeUserTrigger|true|false
10:25:29.0 (191538643)|VARIABLE_ASSIGNMENT|[5]|this|{}|0x24381176
10:25:29.0 (191569595)|HEAP_ALLOCATE|[EXTERNAL]|Bytes:4
10:25:29.0 (191577901)|VARIABLE_SCOPE_BEGIN|[5]|this|LocalTimeUserTrigger|true|false
10:25:29.0 (191590950)|VARIABLE_ASSIGNMENT|[5]|this|{}|0x24381176
10:25:29.0 (191599593)|STATEMENT_EXECUTE|[5]
10:25:29.0 (191679050)|HEAP_ALLOCATE|[7]|Bytes:5
10:25:29.0 (191702787)|HEAP_ALLOCATE|[7]|Bytes:4
10:25:29.0 (191715225)|VARIABLE_SCOPE_BEGIN|[7]|u|User|true|false
10:25:29.0 (196093355)|VARIABLE_ASSIGNMENT|[7]|u|{"ProfileId":"00eE0000000zEdeIAE","LastModifiedDate":"2017-11-10T15:25:29.000Z","ReceivesAdminInfoEma (3 more) ...":false,"Email":"depot@sadhanaconsult (7 more) ...","TimeZoneSidKey":"America/New_York","LanguageLocaleKey":"en_US","UserRoleId":"00EE0000000hj7TMAQ","License_Type__c":"Salesforce","IsActive":true,"Nurse__c":false,"LastLoginDate":"2017-11-10T15:06:05.000Z","PostalCode":"03820","ForecastEnabled":false,"IsExtIndicatorVisibl (1 more) ...":false,"DigestFrequency":"D","UTC_Offset__c":-4.00,"IsProfilePhotoActive":false,"Default_Patient_Coun (6 more) ...":"US","CompanyName":"Sadhana Consulting L (2 more) ...","CommunityNickname":"prozek","CreatedById":"005E0000002k2ScIAI","Street":"1 S Pine Street","Acquisition_Site__c":"001E000001HBa8R","Server_URL__c":"https://cs12.salesfo (17 more) ...","LastPasswordChangeDa (2 more) ...":"2017-10-10T13:48:13.000Z","LocaleSidKey":"en_US","FirstName":"Elissa","Name_Formula__c":"Elissa Sadhana Team  (5 more) ...","Title":"Consultant","City":"Dover","EmailEncodingKey":"ISO-8859-1","ReceivesInfoEmails":false,"SystemModstamp":"2017-11-10T15:25:29.000Z","User_18_Digit_ID__c":"005E0000004yLLOIA2","IsPortalEnabled":false,"Username":"worldcare@sadhanacon (19 more) ...","Alias":"Sadhana","DefaultGroupNotifica (13 more) ...":"N","CreatedDate":"2014-03-07T01:09:17.000Z","LastName":"Sadhana Team (WCI)","Id":"005E0000004yLLOIA2","IsPortalSelfRegister (2 more) ...":false,"UserType":"Standard","LastModifiedById":"005E0000004yLLOIA2"}|0x47ea96b6
10:25:29.0 (196125245)|STATEMENT_EXECUTE|[7]
10:25:29.0 (196127194)|STATEMENT_EXECUTE|[9]
10:25:29.0 (196128250)|STATEMENT_EXECUTE|[9]
10:25:29.0 (196129570)|STATEMENT_EXECUTE|[10]
10:25:29.0 (196182924)|METHOD_ENTRY|[10]|01pE0000001ksei|tz.LocalTime.getOffsetFull(String, String, String)
10:25:29.0 (196195572)|ENTERING_MANAGED_PKG|tz
10:25:29.0 (196236297)|ENTERING_MANAGED_PKG|tz
10:25:29.0 (196295109)|ENTERING_MANAGED_PKG|tz
10:25:29.0 (196666187)|SOQL_EXECUTE_BEGIN|[333]|Aggregations:0|SELECT tz__Country__c FROM tz__lt_country_names__mdt WHERE MasterLabel = :tmpVar1
10:25:29.0 (208757302)|SOQL_EXECUTE_END|[333]|Rows:1
10:25:29.0 (209051023)|ENTERING_MANAGED_PKG|tz
10:25:29.0 (209112433)|METHOD_EXIT|[10]|01pE0000001ksei|tz.LocalTime.getOffsetFull(String, String, String)
10:25:29.0 (209122770)|VARIABLE_SCOPE_BEGIN|[10]|jsonStr|String|false|false
10:25:29.0 (209148876)|VARIABLE_ASSIGNMENT|[10]|jsonStr|"{\"offset\":\"N/A\",\"dst (92 more) ..."
10:25:29.0 (209156651)|STATEMENT_EXECUTE|[11]
10:25:29.0 (209158443)|STATEMENT_EXECUTE|[12]
10:25:29.0 (209169508)|METHOD_ENTRY|[12]||System.JSON.deserializeUntyped(String)
10:25:29.0 (209603238)|METHOD_EXIT|[12]||System.JSON.deserializeUntyped(String)
10:25:29.0 (209616878)|VARIABLE_SCOPE_BEGIN|[12]|m|Map<String,ANY>|true|false
10:25:29.0 (209640454)|VARIABLE_ASSIGNMENT|[12]|m|"Map of size 6 too large to display"|0x6e46b428
10:25:29.0 (209647429)|STATEMENT_EXECUTE|[13]
10:25:29.0 (209664597)|VARIABLE_SCOPE_BEGIN|[13]|offset|String|false|false
10:25:29.0 (209675548)|VARIABLE_ASSIGNMENT|[13]|offset|"N/A"
10:25:29.0 (209690963)|STATEMENT_EXECUTE|[14]
10:25:29.0 (209707259)|HEAP_ALLOCATE|[7]|Bytes:5
10:25:29.0 (209726815)|VARIABLE_ASSIGNMENT|[7]|u|null|
10:25:29.209 (209741089)|CUMULATIVE_LIMIT_USAGE
10:25:29.209 (209741089)|LIMIT_USAGE_FOR_NS|(default)|
  Number of SOQL queries: 0 out of 100
  Number of query rows: 0 out of 50000
  Number of SOSL queries: 0 out of 20
  Number of DML statements: 0 out of 150
  Number of DML rows: 0 out of 10000
  Maximum CPU time: 0 out of 10000
  Maximum heap size: 0 out of 6000000
  Number of callouts: 0 out of 100
  Number of Email Invocations: 0 out of 10
  Number of future calls: 0 out of 50
  Number of queueable jobs added to the queue: 0 out of 50
  Number of Mobile Apex push calls: 0 out of 10

10:25:29.209 (209741089)|LIMIT_USAGE_FOR_NS|tz|
  Number of SOQL queries: 0 out of 100
  Number of query rows: 1 out of 50000
  Number of SOSL queries: 0 out of 20
  Number of DML statements: 0 out of 150
  Number of DML rows: 0 out of 10000
  Maximum CPU time: 0 out of 10000
  Maximum heap size: 0 out of 6000000
  Number of callouts: 0 out of 100
  Number of Email Invocations: 0 out of 10
  Number of future calls: 0 out of 50
  Number of queueable jobs added to the queue: 0 out of 50
  Number of Mobile Apex push calls: 0 out of 10

10:25:29.209 (209741089)|TOTAL_EMAIL_RECIPIENTS_QUEUED|0
10:25:29.209 (209741089)|STATIC_VARIABLE_LIST|
  char[]:DigitTens:0
  long:serialVersionUID:0
  String:_static_REGION_EUROPE:0
  String:_static_REGION_NA:0
  long:serialVersionUID:0
  double:MAX_VALUE:0
  Boolean:FALSE:0
  long:serialVersionUID:0
  String:_sfdcAdditionalCodeLocations:0
  double:MIN_VALUE:0
  int:SIZE:0
  double:NEGATIVE_INFINITY:0
  String:_static_NOT_AVAILABLE:0
  int:MAX_VALUE:0
  String:_static_REGION_ISRAEL:0
  char[]:digits:0
  double:NaN:0
  Boolean:TRUE:0
  String:_static_REGION_AFRICA:0
  String:_static_REGION_NZ:0
  String:_static_REGION_SA:0
  int:MIN_VALUE:0
  String:_sfdcAdditionalCodeLocations:0
  char[]:DigitOnes:0
  int:BYTES:0
  String:_sfdcAdditionalCodeLocations:0
  int:MIN_EXPONENT:0
  int[]:sizeTable:0
  String:_static_REGION_ASIA:0
  int:MAX_EXPONENT:0
  String:_static_REGION_OCEANIA:0
  int:SIZE:0
  double:POSITIVE_INFINITY:0
  double:MIN_NORMAL:0
  int:BYTES:0

10:25:29.209 (209741089)|CUMULATIVE_LIMIT_USAGE_END

10:25:29.0 (210800835)|CODE_UNIT_FINISHED|LocalTimeUserTrigger on User trigger event BeforeUpdate for [005E0000004yLLO]
10:25:29.270 (270798116)|ENTERING_MANAGED_PKG|skuid
10:25:29.271 (271436758)|CUMULATIVE_LIMIT_USAGE
10:25:29.271 (271436758)|LIMIT_USAGE_FOR_NS|(default)|
  Number of SOQL queries: 0 out of 100
  Number of query rows: 0 out of 50000
  Number of SOSL queries: 0 out of 20
  Number of DML statements: 0 out of 150
  Number of DML rows: 0 out of 10000
  Maximum CPU time: 0 out of 10000
  Maximum heap size: 0 out of 6000000
  Number of callouts: 0 out of 100
  Number of Email Invocations: 0 out of 10
  Number of future calls: 0 out of 50
  Number of queueable jobs added to the queue: 0 out of 50
  Number of Mobile Apex push calls: 0 out of 10

10:25:29.271 (271436758)|LIMIT_USAGE_FOR_NS|tz|
  Number of SOQL queries: 0 out of 100
  Number of query rows: 1 out of 50000
  Number of SOSL queries: 0 out of 20
  Number of DML statements: 0 out of 150
  Number of DML rows: 0 out of 10000
  Maximum CPU time: 0 out of 10000
  Maximum heap size: 0 out of 6000000
  Number of callouts: 0 out of 100
  Number of Email Invocations: 0 out of 10
  Number of future calls: 0 out of 50
  Number of queueable jobs added to the queue: 0 out of 50
  Number of Mobile Apex push calls: 0 out of 10

10:25:29.271 (271436758)|CUMULATIVE_LIMIT_USAGE_END

10:25:29.0 (274455744)|CODE_UNIT_STARTED|[EXTERNAL]|Workflow:User
10:25:29.0 (280474308)|WF_RULE_EVAL_BEGIN|Workflow
10:25:29.0 (280507041)|WF_CRITERIA_BEGIN|[User: Elissa Sadhana Team (WCI) 005E0000004yLLO]|Member_Community_New_User301V000000063fo|01QV00000001N6N|ON_CREATE_ONLY|0
10:25:29.0 (280524649)|WF_RULE_NOT_EVALUATED
10:25:29.0 (280534124)|WF_SPOOL_ACTION_BEGIN|Workflow
10:25:29.0 (280543867)|WF_ACTION| None
10:25:29.0 (280548344)|WF_RULE_EVAL_END
10:25:29.0 (280596609)|WF_ACTIONS_END| None
10:25:29.0 (280605372)|CODE_UNIT_FINISHED|Workflow:User
10:25:29.0 (393278246)|CODE_UNIT_FINISHED|TRIGGERS
10:25:29.0 (393300113)|EXECUTION_FINISHED
10:25:29.399 (399609486)|CUMULATIVE_PROFILING_BEGIN
10:25:29.399 (399609486)|CUMULATIVE_PROFILING|SOQL operations|
(tz): [SELECT tz__Country__c FROM tz__lt_country_names__mdt WHERE MasterLabel = :countryCode]: executed 2 times in 25 ms

10:25:29.399 (399609486)|CUMULATIVE_PROFILING|No profiling information for SOSL operations
10:25:29.399 (399609486)|CUMULATIVE_PROFILING|No profiling information for DML operations
10:25:29.399 (399609486)|CUMULATIVE_PROFILING|method invocations|
Trigger.LocalTimeUserTrigger: line 10, column 1: webService static String getOffsetFull(String, String, String): executed 2 times in 26 ms
External entry point: public void invoke(): executed 1 time in 18 ms
Trigger.LocalTimeUserTrigger: line 12, column 1: global static Object deserializeUntyped(String): executed 2 times in 2 ms
Trigger.LocalTimeUserTrigger: line 7, column 1: global public System.Iterator iterator(): executed 6 times in 0 ms
Trigger.LocalTimeUserTrigger: line 13, column 1: global public Object get(Object): executed 2 times in 0 ms

10:25:29.399 (399609486)|CUMULATIVE_PROFILING_END
