40.0 APEX_CODE,FINEST;APEX_PROFILING,FINEST;CALLOUT,INFO;DB,INFO;SYSTEM,DEBUG;VALIDATION,INFO;VISUALFORCE,INFO;WAVE,INFO;WORKFLOW,INFO
10:54:19.0 (309849)|USER_INFO|[EXTERNAL]|005E0000004yLLO|worldcare@sadhanaconsulting.com.devfull|Eastern Standard Time|GMT-05:00
10:54:19.0 (341655)|EXECUTION_STARTED
10:54:19.0 (345456)|CODE_UNIT_STARTED|[EXTERNAL]|TRIGGERS
10:54:19.0 (1261343)|CODE_UNIT_STARTED|[EXTERNAL]|01qV0000000DErk|LocalTimeUserTrigger on User trigger event BeforeUpdate for [005E0000004yLLO]
10:54:19.0 (1317319)|HEAP_ALLOCATE|[EXTERNAL]|Bytes:8
10:54:19.0 (1354003)|HEAP_ALLOCATE|[EXTERNAL]|Bytes:8
10:54:19.0 (1708120)|HEAP_ALLOCATE|[72]|Bytes:3
10:54:19.0 (1754434)|HEAP_ALLOCATE|[77]|Bytes:152
10:54:19.0 (1774306)|HEAP_ALLOCATE|[342]|Bytes:408
10:54:19.0 (1794982)|HEAP_ALLOCATE|[355]|Bytes:408
10:54:19.0 (1814991)|HEAP_ALLOCATE|[467]|Bytes:48
10:54:19.0 (1845880)|HEAP_ALLOCATE|[139]|Bytes:6
10:54:19.0 (1901102)|HEAP_ALLOCATE|[EXTERNAL]|Bytes:4
10:54:19.0 (1915887)|VARIABLE_SCOPE_BEGIN|[5]|this|LocalTimeUserTrigger|true|false
10:54:19.0 (1976301)|VARIABLE_ASSIGNMENT|[5]|this|{}|0x3abc74d5
10:54:19.0 (2010600)|HEAP_ALLOCATE|[EXTERNAL]|Bytes:4
10:54:19.0 (2019232)|VARIABLE_SCOPE_BEGIN|[5]|this|LocalTimeUserTrigger|true|false
10:54:19.0 (2032763)|VARIABLE_ASSIGNMENT|[5]|this|{}|0x3abc74d5
10:54:19.0 (2042135)|STATEMENT_EXECUTE|[5]
10:54:19.0 (2077910)|HEAP_ALLOCATE|[50]|Bytes:5
10:54:19.0 (2104021)|HEAP_ALLOCATE|[56]|Bytes:5
10:54:19.0 (2142626)|HEAP_ALLOCATE|[64]|Bytes:7
10:54:19.0 (2512766)|HEAP_ALLOCATE|[7]|Bytes:5
10:54:19.0 (2539525)|HEAP_ALLOCATE|[7]|Bytes:4
10:54:19.0 (2553259)|VARIABLE_SCOPE_BEGIN|[7]|u|User|true|false
10:54:19.0 (37276656)|VARIABLE_ASSIGNMENT|[7]|u|{"ProfileId":"00eE0000000zEdeIAE","LastModifiedDate":"2017-11-10T15:52:38.000Z","ReceivesAdminInfoEma (3 more) ...":false,"Email":"depot@sadhanaconsult (7 more) ...","TimeZoneSidKey":"America/New_York","LanguageLocaleKey":"fr","UserRoleId":"00EE0000000hj7TMAQ","License_Type__c":"Salesforce","IsActive":true,"Nurse__c":false,"LastLoginDate":"2017-11-10T15:06:05.000Z","PostalCode":"03820","ForecastEnabled":false,"IsExtIndicatorVisibl (1 more) ...":false,"DigestFrequency":"D","UTC_Offset__c":-4.00,"IsProfilePhotoActive":false,"Default_Patient_Coun (6 more) ...":"US","CompanyName":"Sadhana Consulting L (2 more) ...","CommunityNickname":"prozek","CreatedById":"005E0000002k2ScIAI","Street":"1 S Pine Street","Acquisition_Site__c":"001E000001HBa8R","Server_URL__c":"https://cs12.salesfo (17 more) ...","LastPasswordChangeDa (2 more) ...":"2017-10-10T13:48:13.000Z","LocaleSidKey":"en_US","FirstName":"Elissa","Name_Formula__c":"Elissa Sadhana Team  (5 more) ...","Title":"Consultant","City":"Dover","EmailEncodingKey":"ISO-8859-1","ReceivesInfoEmails":false,"SystemModstamp":"2017-11-10T15:52:38.000Z","User_18_Digit_ID__c":"005E0000004yLLOIA2","IsPortalEnabled":false,"Username":"worldcare@sadhanacon (19 more) ...","Alias":"Sadhana","DefaultGroupNotifica (13 more) ...":"N","CreatedDate":"2014-03-07T01:09:17.000Z","LastName":"Sadhana Team (WCI)","Id":"005E0000004yLLOIA2","IsPortalSelfRegister (2 more) ...":false,"UserType":"Standard","LastModifiedById":"005E0000004yLLOIA2"}|0xe964b18
10:54:19.0 (37314833)|STATEMENT_EXECUTE|[7]
10:54:19.0 (37316966)|STATEMENT_EXECUTE|[9]
10:54:19.0 (37317954)|STATEMENT_EXECUTE|[9]
10:54:19.0 (37318998)|STATEMENT_EXECUTE|[10]
10:54:19.0 (38221432)|VARIABLE_SCOPE_BEGIN|[3]|LocalTime.NOT_AVAILABLE|String|false|true
10:54:19.0 (38235106)|VARIABLE_SCOPE_BEGIN|[9]|LocalTime.REGION_AFRICA|String|false|true
10:54:19.0 (38241120)|VARIABLE_SCOPE_BEGIN|[6]|LocalTime.REGION_ASIA|String|false|true
10:54:19.0 (38247329)|VARIABLE_SCOPE_BEGIN|[5]|LocalTime.REGION_EUROPE|String|false|true
10:54:19.0 (38253301)|VARIABLE_SCOPE_BEGIN|[11]|LocalTime.REGION_ISRAEL|String|false|true
10:54:19.0 (38259875)|VARIABLE_SCOPE_BEGIN|[4]|LocalTime.REGION_NA|String|false|true
10:54:19.0 (38265616)|VARIABLE_SCOPE_BEGIN|[10]|LocalTime.REGION_NZ|String|false|true
10:54:19.0 (38271514)|VARIABLE_SCOPE_BEGIN|[7]|LocalTime.REGION_OCEANIA|String|false|true
10:54:19.0 (38277562)|VARIABLE_SCOPE_BEGIN|[8]|LocalTime.REGION_SA|String|false|true
10:54:19.0 (38337191)|HEAP_ALLOCATE|[10]|Bytes:86
10:54:19.0 (38356864)|HEAP_ALLOCATE|[10]|Bytes:3
10:54:19.0 (38370649)|VARIABLE_ASSIGNMENT|[10]|LocalTime.NOT_AVAILABLE|"N/A"
10:54:19.0 (38375763)|HEAP_ALLOCATE|[10]|Bytes:6
10:54:19.0 (38382630)|VARIABLE_ASSIGNMENT|[10]|LocalTime.REGION_AFRICA|"AFRICA"
10:54:19.0 (38387245)|HEAP_ALLOCATE|[10]|Bytes:4
10:54:19.0 (38393187)|VARIABLE_ASSIGNMENT|[10]|LocalTime.REGION_ASIA|"ASIA"
10:54:19.0 (38397629)|HEAP_ALLOCATE|[10]|Bytes:6
10:54:19.0 (38403967)|VARIABLE_ASSIGNMENT|[10]|LocalTime.REGION_EUROPE|"EUROPE"
10:54:19.0 (38408115)|HEAP_ALLOCATE|[10]|Bytes:6
10:54:19.0 (38413647)|VARIABLE_ASSIGNMENT|[10]|LocalTime.REGION_ISRAEL|"ISRAEL"
10:54:19.0 (38418454)|HEAP_ALLOCATE|[10]|Bytes:2
10:54:19.0 (38424145)|VARIABLE_ASSIGNMENT|[10]|LocalTime.REGION_NA|"NA"
10:54:19.0 (38428371)|HEAP_ALLOCATE|[10]|Bytes:2
10:54:19.0 (38433920)|VARIABLE_ASSIGNMENT|[10]|LocalTime.REGION_NZ|"NZ"
10:54:19.0 (38437893)|HEAP_ALLOCATE|[10]|Bytes:7
10:54:19.0 (38443594)|VARIABLE_ASSIGNMENT|[10]|LocalTime.REGION_OCEANIA|"OCEANIA"
10:54:19.0 (38447816)|HEAP_ALLOCATE|[10]|Bytes:2
10:54:19.0 (38453281)|VARIABLE_ASSIGNMENT|[10]|LocalTime.REGION_SA|"SA"
10:54:19.0 (38467748)|METHOD_ENTRY|[2]|01pE0000001ksei|LocalTime.LocalTime()
10:54:19.0 (38473360)|STATEMENT_EXECUTE|[2]
10:54:19.0 (38493984)|ENTERING_MANAGED_PKG|tz
10:54:19.0 (38512630)|METHOD_EXIT|[2]|LocalTime
10:54:19.0 (38533537)|METHOD_ENTRY|[10]|01pE0000001ksei|tz.LocalTime.getOffsetFull(String, String, String)
10:54:19.0 (38539716)|ENTERING_MANAGED_PKG|tz
10:54:19.0 (38718406)|ENTERING_MANAGED_PKG|tz
10:54:19.0 (38795914)|ENTERING_MANAGED_PKG|tz
10:54:19.0 (40138663)|SOQL_EXECUTE_BEGIN|[333]|Aggregations:0|SELECT tz__Country__c FROM tz__lt_country_names__mdt WHERE MasterLabel = :tmpVar1
10:54:19.0 (53191857)|SOQL_EXECUTE_END|[333]|Rows:1
10:54:19.0 (53660553)|ENTERING_MANAGED_PKG|tz
10:54:19.0 (53720038)|METHOD_EXIT|[10]|01pE0000001ksei|tz.LocalTime.getOffsetFull(String, String, String)
10:54:19.0 (53729904)|VARIABLE_SCOPE_BEGIN|[10]|jsonStr|String|false|false
10:54:19.0 (53747208)|VARIABLE_ASSIGNMENT|[10]|jsonStr|"{\"offset\":\"N/A\",\"dst (92 more) ..."
10:54:19.0 (53753265)|STATEMENT_EXECUTE|[11]
10:54:19.0 (53754804)|STATEMENT_EXECUTE|[12]
10:54:19.0 (53796837)|HEAP_ALLOCATE|[12]|Bytes:24
10:54:19.0 (53810538)|SYSTEM_METHOD_ENTRY|[1]|JSON.JSON()
10:54:19.0 (53814483)|STATEMENT_EXECUTE|[1]
10:54:19.0 (53823207)|SYSTEM_METHOD_EXIT|[1]|JSON
10:54:19.0 (53837035)|METHOD_ENTRY|[12]||System.JSON.deserializeUntyped(String)
10:54:19.0 (54303592)|METHOD_EXIT|[12]||System.JSON.deserializeUntyped(String)
10:54:19.0 (54318311)|VARIABLE_SCOPE_BEGIN|[12]|m|Map<String,ANY>|true|false
10:54:19.0 (54340614)|VARIABLE_ASSIGNMENT|[12]|m|"Map of size 6 too large to display"|0x297b9ce5
10:54:19.0 (54347224)|STATEMENT_EXECUTE|[13]
10:54:19.0 (54351792)|HEAP_ALLOCATE|[13]|Bytes:6
10:54:19.0 (54394523)|VARIABLE_SCOPE_BEGIN|[13]|offset|String|false|false
10:54:19.0 (54407197)|VARIABLE_ASSIGNMENT|[13]|offset|"N/A"
10:54:19.0 (54414165)|HEAP_ALLOCATE|[14]|Bytes:3
10:54:19.0 (54441077)|STATEMENT_EXECUTE|[14]
10:54:19.0 (54458472)|HEAP_ALLOCATE|[7]|Bytes:5
10:54:19.0 (54475474)|VARIABLE_ASSIGNMENT|[7]|u|null|
10:54:19.54 (54487119)|CUMULATIVE_LIMIT_USAGE
10:54:19.54 (54487119)|LIMIT_USAGE_FOR_NS|(default)|
  Number of SOQL queries: 0 out of 100
  Number of query rows: 0 out of 50000
  Number of SOSL queries: 0 out of 20
  Number of DML statements: 0 out of 150
  Number of DML rows: 0 out of 10000
  Maximum CPU time: 0 out of 10000
  Maximum heap size: 0 out of 6000000
  Number of callouts: 0 out of 100
  Number of Email Invocations: 0 out of 10
  Number of future calls: 0 out of 50
  Number of queueable jobs added to the queue: 0 out of 50
  Number of Mobile Apex push calls: 0 out of 10

10:54:19.54 (54487119)|LIMIT_USAGE_FOR_NS|tz|
  Number of SOQL queries: 0 out of 100
  Number of query rows: 1 out of 50000
  Number of SOSL queries: 0 out of 20
  Number of DML statements: 0 out of 150
  Number of DML rows: 0 out of 10000
  Maximum CPU time: 0 out of 10000
  Maximum heap size: 0 out of 6000000
  Number of callouts: 0 out of 100
  Number of Email Invocations: 0 out of 10
  Number of future calls: 0 out of 50
  Number of queueable jobs added to the queue: 0 out of 50
  Number of Mobile Apex push calls: 0 out of 10

10:54:19.54 (54487119)|TOTAL_EMAIL_RECIPIENTS_QUEUED|0
10:54:19.54 (54487119)|STATIC_VARIABLE_LIST|
  char[]:DigitTens:0
  long:serialVersionUID:0
  String:_static_REGION_EUROPE:0
  String:_static_REGION_NA:0
  long:serialVersionUID:0
  double:MAX_VALUE:0
  Boolean:FALSE:0
  long:serialVersionUID:0
  String:_sfdcAdditionalCodeLocations:0
  double:MIN_VALUE:0
  int:SIZE:0
  double:NEGATIVE_INFINITY:0
  String:_static_NOT_AVAILABLE:0
  int:MAX_VALUE:0
  String:_static_REGION_ISRAEL:0
  char[]:digits:0
  double:NaN:0
  Boolean:TRUE:0
  String:_static_REGION_AFRICA:0
  String:_static_REGION_NZ:0
  String:_static_REGION_SA:0
  int:MIN_VALUE:0
  char[]:DigitOnes:0
  int:BYTES:0
  String:_sfdcAdditionalCodeLocations:0
  int:MIN_EXPONENT:0
  int[]:sizeTable:0
  String:_static_REGION_ASIA:0
  int:MAX_EXPONENT:0
  String:_static_REGION_OCEANIA:0
  int:SIZE:0
  double:POSITIVE_INFINITY:0
  double:MIN_NORMAL:0
  int:BYTES:0

10:54:19.54 (54487119)|CUMULATIVE_LIMIT_USAGE_END

10:54:19.0 (55700328)|CODE_UNIT_FINISHED|LocalTimeUserTrigger on User trigger event BeforeUpdate for [005E0000004yLLO]
10:54:19.187 (187401322)|ENTERING_MANAGED_PKG|skuid
10:54:19.188 (188504339)|CUMULATIVE_LIMIT_USAGE
10:54:19.188 (188504339)|LIMIT_USAGE_FOR_NS|(default)|
  Number of SOQL queries: 0 out of 100
  Number of query rows: 0 out of 50000
  Number of SOSL queries: 0 out of 20
  Number of DML statements: 0 out of 150
  Number of DML rows: 0 out of 10000
  Maximum CPU time: 0 out of 10000
  Maximum heap size: 0 out of 6000000
  Number of callouts: 0 out of 100
  Number of Email Invocations: 0 out of 10
  Number of future calls: 0 out of 50
  Number of queueable jobs added to the queue: 0 out of 50
  Number of Mobile Apex push calls: 0 out of 10

10:54:19.188 (188504339)|LIMIT_USAGE_FOR_NS|tz|
  Number of SOQL queries: 0 out of 100
  Number of query rows: 1 out of 50000
  Number of SOSL queries: 0 out of 20
  Number of DML statements: 0 out of 150
  Number of DML rows: 0 out of 10000
  Maximum CPU time: 0 out of 10000
  Maximum heap size: 0 out of 6000000
  Number of callouts: 0 out of 100
  Number of Email Invocations: 0 out of 10
  Number of future calls: 0 out of 50
  Number of queueable jobs added to the queue: 0 out of 50
  Number of Mobile Apex push calls: 0 out of 10

10:54:19.188 (188504339)|CUMULATIVE_LIMIT_USAGE_END

10:54:19.0 (192321425)|CODE_UNIT_STARTED|[EXTERNAL]|Workflow:User
10:54:19.0 (203543223)|WF_RULE_EVAL_BEGIN|Workflow
10:54:19.0 (203577538)|WF_CRITERIA_BEGIN|[User: Elissa Sadhana Team (WCI) 005E0000004yLLO]|Member_Community_New_User301V000000063fo|01QV00000001N6N|ON_CREATE_ONLY|0
10:54:19.0 (203589292)|WF_RULE_NOT_EVALUATED
10:54:19.0 (203596498)|WF_SPOOL_ACTION_BEGIN|Workflow
10:54:19.0 (203606933)|WF_ACTION| None
10:54:19.0 (203611520)|WF_RULE_EVAL_END
10:54:19.0 (203658210)|WF_ACTIONS_END| None
10:54:19.0 (203669299)|CODE_UNIT_FINISHED|Workflow:User
10:54:19.0 (222856909)|CODE_UNIT_STARTED|[EXTERNAL]|01qV0000000DErk|LocalTimeUserTrigger on User trigger event BeforeUpdate for [005E0000004yLLO]
10:54:19.0 (222924644)|HEAP_ALLOCATE|[EXTERNAL]|Bytes:8
10:54:19.0 (222973061)|HEAP_ALLOCATE|[EXTERNAL]|Bytes:8
10:54:19.0 (223065913)|HEAP_ALLOCATE|[EXTERNAL]|Bytes:4
10:54:19.0 (223086205)|VARIABLE_SCOPE_BEGIN|[5]|this|LocalTimeUserTrigger|true|false
10:54:19.0 (223131220)|VARIABLE_ASSIGNMENT|[5]|this|{}|0x1818919b
10:54:19.0 (223178775)|HEAP_ALLOCATE|[EXTERNAL]|Bytes:4
10:54:19.0 (223192473)|VARIABLE_SCOPE_BEGIN|[5]|this|LocalTimeUserTrigger|true|false
10:54:19.0 (223216993)|VARIABLE_ASSIGNMENT|[5]|this|{}|0x1818919b
10:54:19.0 (223232687)|STATEMENT_EXECUTE|[5]
10:54:19.0 (223342501)|HEAP_ALLOCATE|[7]|Bytes:5
10:54:19.0 (223376537)|HEAP_ALLOCATE|[7]|Bytes:4
10:54:19.0 (223398317)|VARIABLE_SCOPE_BEGIN|[7]|u|User|true|false
10:54:19.0 (229724939)|VARIABLE_ASSIGNMENT|[7]|u|{"ProfileId":"00eE0000000zEdeIAE","LastModifiedDate":"2017-11-10T15:54:20.000Z","ReceivesAdminInfoEma (3 more) ...":false,"Email":"depot@sadhanaconsult (7 more) ...","TimeZoneSidKey":"America/New_York","LanguageLocaleKey":"en_US","UserRoleId":"00EE0000000hj7TMAQ","License_Type__c":"Salesforce","IsActive":true,"Nurse__c":false,"LastLoginDate":"2017-11-10T15:06:05.000Z","PostalCode":"03820","ForecastEnabled":false,"IsExtIndicatorVisibl (1 more) ...":false,"DigestFrequency":"D","UTC_Offset__c":-4.00,"IsProfilePhotoActive":false,"Default_Patient_Coun (6 more) ...":"US","CompanyName":"Sadhana Consulting L (2 more) ...","CommunityNickname":"prozek","CreatedById":"005E0000002k2ScIAI","Street":"1 S Pine Street","Acquisition_Site__c":"001E000001HBa8R","Server_URL__c":"https://cs12.salesfo (17 more) ...","LastPasswordChangeDa (2 more) ...":"2017-10-10T13:48:13.000Z","LocaleSidKey":"en_US","FirstName":"Elissa","Name_Formula__c":"Elissa Sadhana Team  (5 more) ...","Title":"Consultant","City":"Dover","EmailEncodingKey":"ISO-8859-1","ReceivesInfoEmails":false,"SystemModstamp":"2017-11-10T15:54:20.000Z","User_18_Digit_ID__c":"005E0000004yLLOIA2","IsPortalEnabled":false,"Username":"worldcare@sadhanacon (19 more) ...","Alias":"Sadhana","DefaultGroupNotifica (13 more) ...":"N","CreatedDate":"2014-03-07T01:09:17.000Z","LastName":"Sadhana Team (WCI)","Id":"005E0000004yLLOIA2","IsPortalSelfRegister (2 more) ...":false,"UserType":"Standard","LastModifiedById":"005E0000004yLLOIA2"}|0x6840ecea
10:54:19.0 (229760260)|STATEMENT_EXECUTE|[7]
10:54:19.0 (229762201)|STATEMENT_EXECUTE|[9]
10:54:19.0 (229763157)|STATEMENT_EXECUTE|[9]
10:54:19.0 (229764244)|STATEMENT_EXECUTE|[10]
10:54:19.0 (229825734)|METHOD_ENTRY|[10]|01pE0000001ksei|tz.LocalTime.getOffsetFull(String, String, String)
10:54:19.0 (229838100)|ENTERING_MANAGED_PKG|tz
10:54:19.0 (229886157)|ENTERING_MANAGED_PKG|tz
10:54:19.0 (229945447)|ENTERING_MANAGED_PKG|tz
10:54:19.0 (230330055)|SOQL_EXECUTE_BEGIN|[333]|Aggregations:0|SELECT tz__Country__c FROM tz__lt_country_names__mdt WHERE MasterLabel = :tmpVar1
10:54:19.0 (247513605)|SOQL_EXECUTE_END|[333]|Rows:1
10:54:19.0 (247905108)|ENTERING_MANAGED_PKG|tz
10:54:19.0 (247972424)|METHOD_EXIT|[10]|01pE0000001ksei|tz.LocalTime.getOffsetFull(String, String, String)
10:54:19.0 (247981708)|VARIABLE_SCOPE_BEGIN|[10]|jsonStr|String|false|false
10:54:19.0 (248005487)|VARIABLE_ASSIGNMENT|[10]|jsonStr|"{\"offset\":\"N/A\",\"dst (92 more) ..."
10:54:19.0 (248014014)|STATEMENT_EXECUTE|[11]
10:54:19.0 (248015833)|STATEMENT_EXECUTE|[12]
10:54:19.0 (248034806)|METHOD_ENTRY|[12]||System.JSON.deserializeUntyped(String)
10:54:19.0 (248524334)|METHOD_EXIT|[12]||System.JSON.deserializeUntyped(String)
10:54:19.0 (248538146)|VARIABLE_SCOPE_BEGIN|[12]|m|Map<String,ANY>|true|false
10:54:19.0 (248562984)|VARIABLE_ASSIGNMENT|[12]|m|"Map of size 6 too large to display"|0x5e3d3613
10:54:19.0 (248569375)|STATEMENT_EXECUTE|[13]
10:54:19.0 (248587677)|VARIABLE_SCOPE_BEGIN|[13]|offset|String|false|false
10:54:19.0 (248597882)|VARIABLE_ASSIGNMENT|[13]|offset|"N/A"
10:54:19.0 (248621563)|STATEMENT_EXECUTE|[14]
10:54:19.0 (248641861)|HEAP_ALLOCATE|[7]|Bytes:5
10:54:19.0 (248661480)|VARIABLE_ASSIGNMENT|[7]|u|null|
10:54:19.248 (248674502)|CUMULATIVE_LIMIT_USAGE
10:54:19.248 (248674502)|LIMIT_USAGE_FOR_NS|(default)|
  Number of SOQL queries: 0 out of 100
  Number of query rows: 0 out of 50000
  Number of SOSL queries: 0 out of 20
  Number of DML statements: 0 out of 150
  Number of DML rows: 0 out of 10000
  Maximum CPU time: 0 out of 10000
  Maximum heap size: 0 out of 6000000
  Number of callouts: 0 out of 100
  Number of Email Invocations: 0 out of 10
  Number of future calls: 0 out of 50
  Number of queueable jobs added to the queue: 0 out of 50
  Number of Mobile Apex push calls: 0 out of 10

10:54:19.248 (248674502)|LIMIT_USAGE_FOR_NS|tz|
  Number of SOQL queries: 0 out of 100
  Number of query rows: 1 out of 50000
  Number of SOSL queries: 0 out of 20
  Number of DML statements: 0 out of 150
  Number of DML rows: 0 out of 10000
  Maximum CPU time: 0 out of 10000
  Maximum heap size: 0 out of 6000000
  Number of callouts: 0 out of 100
  Number of Email Invocations: 0 out of 10
  Number of future calls: 0 out of 50
  Number of queueable jobs added to the queue: 0 out of 50
  Number of Mobile Apex push calls: 0 out of 10

10:54:19.248 (248674502)|TOTAL_EMAIL_RECIPIENTS_QUEUED|0
10:54:19.248 (248674502)|STATIC_VARIABLE_LIST|
  char[]:DigitTens:0
  long:serialVersionUID:0
  String:_static_REGION_EUROPE:0
  String:_static_REGION_NA:0
  long:serialVersionUID:0
  double:MAX_VALUE:0
  Boolean:FALSE:0
  long:serialVersionUID:0
  String:_sfdcAdditionalCodeLocations:0
  double:MIN_VALUE:0
  int:SIZE:0
  double:NEGATIVE_INFINITY:0
  String:_static_NOT_AVAILABLE:0
  int:MAX_VALUE:0
  String:_static_REGION_ISRAEL:0
  char[]:digits:0
  double:NaN:0
  Boolean:TRUE:0
  String:_static_REGION_AFRICA:0
  String:_static_REGION_NZ:0
  String:_static_REGION_SA:0
  int:MIN_VALUE:0
  String:_sfdcAdditionalCodeLocations:0
  char[]:DigitOnes:0
  int:BYTES:0
  String:_sfdcAdditionalCodeLocations:0
  int:MIN_EXPONENT:0
  int[]:sizeTable:0
  String:_static_REGION_ASIA:0
  int:MAX_EXPONENT:0
  String:_static_REGION_OCEANIA:0
  int:SIZE:0
  double:POSITIVE_INFINITY:0
  double:MIN_NORMAL:0
  int:BYTES:0

10:54:19.248 (248674502)|CUMULATIVE_LIMIT_USAGE_END

10:54:19.0 (249913604)|CODE_UNIT_FINISHED|LocalTimeUserTrigger on User trigger event BeforeUpdate for [005E0000004yLLO]
10:54:19.322 (322949417)|ENTERING_MANAGED_PKG|skuid
10:54:19.323 (323667056)|CUMULATIVE_LIMIT_USAGE
10:54:19.323 (323667056)|LIMIT_USAGE_FOR_NS|(default)|
  Number of SOQL queries: 0 out of 100
  Number of query rows: 0 out of 50000
  Number of SOSL queries: 0 out of 20
  Number of DML statements: 0 out of 150
  Number of DML rows: 0 out of 10000
  Maximum CPU time: 0 out of 10000
  Maximum heap size: 0 out of 6000000
  Number of callouts: 0 out of 100
  Number of Email Invocations: 0 out of 10
  Number of future calls: 0 out of 50
  Number of queueable jobs added to the queue: 0 out of 50
  Number of Mobile Apex push calls: 0 out of 10

10:54:19.323 (323667056)|LIMIT_USAGE_FOR_NS|tz|
  Number of SOQL queries: 0 out of 100
  Number of query rows: 1 out of 50000
  Number of SOSL queries: 0 out of 20
  Number of DML statements: 0 out of 150
  Number of DML rows: 0 out of 10000
  Maximum CPU time: 0 out of 10000
  Maximum heap size: 0 out of 6000000
  Number of callouts: 0 out of 100
  Number of Email Invocations: 0 out of 10
  Number of future calls: 0 out of 50
  Number of queueable jobs added to the queue: 0 out of 50
  Number of Mobile Apex push calls: 0 out of 10

10:54:19.323 (323667056)|CUMULATIVE_LIMIT_USAGE_END

10:54:19.0 (327324368)|CODE_UNIT_STARTED|[EXTERNAL]|Workflow:User
10:54:19.0 (333441287)|WF_RULE_EVAL_BEGIN|Workflow
10:54:19.0 (333469192)|WF_CRITERIA_BEGIN|[User: Elissa Sadhana Team (WCI) 005E0000004yLLO]|Member_Community_New_User301V000000063fo|01QV00000001N6N|ON_CREATE_ONLY|0
10:54:19.0 (333480213)|WF_RULE_NOT_EVALUATED
10:54:19.0 (333487506)|WF_SPOOL_ACTION_BEGIN|Workflow
10:54:19.0 (333496782)|WF_ACTION| None
10:54:19.0 (333500870)|WF_RULE_EVAL_END
10:54:19.0 (333540920)|WF_ACTIONS_END| None
10:54:19.0 (333548724)|CODE_UNIT_FINISHED|Workflow:User
10:54:19.0 (570212247)|CODE_UNIT_FINISHED|TRIGGERS
10:54:19.0 (570234707)|EXECUTION_FINISHED
10:54:19.574 (574901586)|CUMULATIVE_PROFILING_BEGIN
10:54:19.574 (574901586)|CUMULATIVE_PROFILING|SOQL operations|
(tz): [SELECT tz__Country__c FROM tz__lt_country_names__mdt WHERE MasterLabel = :countryCode]: executed 2 times in 32 ms

10:54:19.574 (574901586)|CUMULATIVE_PROFILING|No profiling information for SOSL operations
10:54:19.574 (574901586)|CUMULATIVE_PROFILING|No profiling information for DML operations
10:54:19.574 (574901586)|CUMULATIVE_PROFILING|method invocations|
Trigger.LocalTimeUserTrigger: line 10, column 1: webService static String getOffsetFull(String, String, String): executed 2 times in 33 ms
External entry point: public void invoke(): executed 1 time in 26 ms
Trigger.LocalTimeUserTrigger: line 7, column 1: global public System.Iterator iterator(): executed 6 times in 0 ms
Trigger.LocalTimeUserTrigger: line 12, column 1: global static Object deserializeUntyped(String): executed 2 times in 0 ms
Trigger.LocalTimeUserTrigger: line 13, column 1: global public Object get(Object): executed 2 times in 0 ms

10:54:19.574 (574901586)|CUMULATIVE_PROFILING_END
