40.0 APEX_CODE,FINEST;APEX_PROFILING,FINEST;CALLOUT,INFO;DB,INFO;SYSTEM,DEBUG;VALIDATION,INFO;VISUALFORCE,INFO;WAVE,INFO;WORKFLOW,INFO
15:58:45.0 (351576)|USER_INFO|[EXTERNAL]|005E0000004yLLO|worldcare@sadhanaconsulting.com.devfull|Eastern Standard Time|GMT-05:00
15:58:45.0 (389264)|EXECUTION_STARTED
15:58:45.0 (394047)|CODE_UNIT_STARTED|[EXTERNAL]|TRIGGERS
15:58:45.0 (1884764)|CODE_UNIT_STARTED|[EXTERNAL]|01qV0000000DErk|LocalTimeUserTrigger on User trigger event BeforeUpdate for [005E0000004yLLO]
15:58:45.0 (1922548)|HEAP_ALLOCATE|[EXTERNAL]|Bytes:8
15:58:45.0 (1954388)|HEAP_ALLOCATE|[EXTERNAL]|Bytes:8
15:58:45.0 (2300127)|HEAP_ALLOCATE|[72]|Bytes:3
15:58:45.0 (2344789)|HEAP_ALLOCATE|[77]|Bytes:152
15:58:45.0 (2364998)|HEAP_ALLOCATE|[342]|Bytes:408
15:58:45.0 (2386265)|HEAP_ALLOCATE|[355]|Bytes:408
15:58:45.0 (2410700)|HEAP_ALLOCATE|[467]|Bytes:48
15:58:45.0 (2445877)|HEAP_ALLOCATE|[139]|Bytes:6
15:58:45.0 (2476071)|HEAP_ALLOCATE|[EXTERNAL]|Bytes:4
15:58:45.0 (2486150)|VARIABLE_SCOPE_BEGIN|[5]|this|LocalTimeUserTrigger|true|false
15:58:45.0 (2529805)|VARIABLE_ASSIGNMENT|[5]|this|{}|0x6ccb3d8e
15:58:45.0 (2560436)|HEAP_ALLOCATE|[EXTERNAL]|Bytes:4
15:58:45.0 (2569092)|VARIABLE_SCOPE_BEGIN|[5]|this|LocalTimeUserTrigger|true|false
15:58:45.0 (2582661)|VARIABLE_ASSIGNMENT|[5]|this|{}|0x6ccb3d8e
15:58:45.0 (2591388)|STATEMENT_EXECUTE|[5]
15:58:45.0 (2625744)|HEAP_ALLOCATE|[50]|Bytes:5
15:58:45.0 (2649565)|HEAP_ALLOCATE|[56]|Bytes:5
15:58:45.0 (2661592)|HEAP_ALLOCATE|[64]|Bytes:7
15:58:45.0 (2913533)|HEAP_ALLOCATE|[7]|Bytes:5
15:58:45.0 (2938578)|HEAP_ALLOCATE|[7]|Bytes:4
15:58:45.0 (2950700)|VARIABLE_SCOPE_BEGIN|[7]|u|User|true|false
15:58:45.0 (30966736)|VARIABLE_ASSIGNMENT|[7]|u|{"ProfileId":"00eE0000000zEdeIAE","LastModifiedDate":"2017-11-10T20:58:35.000Z","ReceivesAdminInfoEma (3 more) ...":false,"Email":"depot@sadhanaconsult (7 more) ...","TimeZoneSidKey":"America/New_York","LanguageLocaleKey":"fr","UserRoleId":"00EE0000000hj7TMAQ","License_Type__c":"Salesforce","IsActive":true,"Nurse__c":false,"LastLoginDate":"2017-11-10T20:42:51.000Z","PostalCode":"03820","ForecastEnabled":false,"IsExtIndicatorVisibl (1 more) ...":false,"DigestFrequency":"D","UTC_Offset__c":-4.00,"IsProfilePhotoActive":false,"Default_Patient_Coun (6 more) ...":"US","CompanyName":"Sadhana Consulting L (2 more) ...","CommunityNickname":"prozek","CreatedById":"005E0000002k2ScIAI","Street":"1 S Pine Street","Acquisition_Site__c":"001E000001HBa8R","Server_URL__c":"https://cs12.salesfo (17 more) ...","LastPasswordChangeDa (2 more) ...":"2017-10-10T13:48:13.000Z","LocaleSidKey":"en_US","FirstName":"Elissa","Name_Formula__c":"Elissa Sadhana Team  (5 more) ...","Title":"Consultant","City":"Dover","EmailEncodingKey":"ISO-8859-1","ReceivesInfoEmails":false,"SystemModstamp":"2017-11-10T20:58:35.000Z","User_18_Digit_ID__c":"005E0000004yLLOIA2","IsPortalEnabled":false,"Username":"worldcare@sadhanacon (19 more) ...","Alias":"Sadhana","DefaultGroupNotifica (13 more) ...":"N","CreatedDate":"2014-03-07T01:09:17.000Z","LastName":"Sadhana Team (WCI)","Id":"005E0000004yLLOIA2","IsPortalSelfRegister (2 more) ...":false,"UserType":"Standard","LastModifiedById":"005E0000004yLLOIA2"}|0x4f5a52cb
15:58:45.0 (31015436)|STATEMENT_EXECUTE|[7]
15:58:45.0 (31017963)|STATEMENT_EXECUTE|[9]
15:58:45.0 (31019154)|STATEMENT_EXECUTE|[9]
15:58:45.0 (31020397)|STATEMENT_EXECUTE|[10]
15:58:45.0 (32118773)|VARIABLE_SCOPE_BEGIN|[3]|LocalTime.NOT_AVAILABLE|String|false|true
15:58:45.0 (32132282)|VARIABLE_SCOPE_BEGIN|[9]|LocalTime.REGION_AFRICA|String|false|true
15:58:45.0 (32139040)|VARIABLE_SCOPE_BEGIN|[6]|LocalTime.REGION_ASIA|String|false|true
15:58:45.0 (32146126)|VARIABLE_SCOPE_BEGIN|[5]|LocalTime.REGION_EUROPE|String|false|true
15:58:45.0 (32152675)|VARIABLE_SCOPE_BEGIN|[11]|LocalTime.REGION_ISRAEL|String|false|true
15:58:45.0 (32159125)|VARIABLE_SCOPE_BEGIN|[4]|LocalTime.REGION_NA|String|false|true
15:58:45.0 (32165477)|VARIABLE_SCOPE_BEGIN|[10]|LocalTime.REGION_NZ|String|false|true
15:58:45.0 (32171756)|VARIABLE_SCOPE_BEGIN|[7]|LocalTime.REGION_OCEANIA|String|false|true
15:58:45.0 (32177869)|VARIABLE_SCOPE_BEGIN|[8]|LocalTime.REGION_SA|String|false|true
15:58:45.0 (32241611)|HEAP_ALLOCATE|[10]|Bytes:86
15:58:45.0 (32259898)|HEAP_ALLOCATE|[10]|Bytes:3
15:58:45.0 (32308761)|VARIABLE_ASSIGNMENT|[10]|LocalTime.NOT_AVAILABLE|"N/A"
15:58:45.0 (32316637)|HEAP_ALLOCATE|[10]|Bytes:6
15:58:45.0 (32324844)|VARIABLE_ASSIGNMENT|[10]|LocalTime.REGION_AFRICA|"AFRICA"
15:58:45.0 (32329947)|HEAP_ALLOCATE|[10]|Bytes:4
15:58:45.0 (32336657)|VARIABLE_ASSIGNMENT|[10]|LocalTime.REGION_ASIA|"ASIA"
15:58:45.0 (32341621)|HEAP_ALLOCATE|[10]|Bytes:6
15:58:45.0 (32348464)|VARIABLE_ASSIGNMENT|[10]|LocalTime.REGION_EUROPE|"EUROPE"
15:58:45.0 (32353001)|HEAP_ALLOCATE|[10]|Bytes:6
15:58:45.0 (32359546)|VARIABLE_ASSIGNMENT|[10]|LocalTime.REGION_ISRAEL|"ISRAEL"
15:58:45.0 (32363977)|HEAP_ALLOCATE|[10]|Bytes:2
15:58:45.0 (32370365)|VARIABLE_ASSIGNMENT|[10]|LocalTime.REGION_NA|"NA"
15:58:45.0 (32375041)|HEAP_ALLOCATE|[10]|Bytes:2
15:58:45.0 (32381112)|VARIABLE_ASSIGNMENT|[10]|LocalTime.REGION_NZ|"NZ"
15:58:45.0 (32385797)|HEAP_ALLOCATE|[10]|Bytes:7
15:58:45.0 (32392361)|VARIABLE_ASSIGNMENT|[10]|LocalTime.REGION_OCEANIA|"OCEANIA"
15:58:45.0 (32397285)|HEAP_ALLOCATE|[10]|Bytes:2
15:58:45.0 (32403636)|VARIABLE_ASSIGNMENT|[10]|LocalTime.REGION_SA|"SA"
15:58:45.0 (32428068)|METHOD_ENTRY|[2]|01pE0000001ksei|LocalTime.LocalTime()
15:58:45.0 (32435090)|STATEMENT_EXECUTE|[2]
15:58:45.0 (32458494)|ENTERING_MANAGED_PKG|tz
15:58:45.0 (32480480)|METHOD_EXIT|[2]|LocalTime
15:58:45.0 (32509281)|METHOD_ENTRY|[10]|01pE0000001ksei|tz.LocalTime.getOffsetFull(String, String, String)
15:58:45.0 (32515886)|ENTERING_MANAGED_PKG|tz
15:58:45.0 (32711925)|ENTERING_MANAGED_PKG|tz
15:58:45.0 (32796798)|ENTERING_MANAGED_PKG|tz
15:58:45.0 (33814820)|SOQL_EXECUTE_BEGIN|[333]|Aggregations:0|SELECT tz__Country__c FROM tz__lt_country_names__mdt WHERE MasterLabel = :tmpVar1
15:58:45.0 (46112485)|SOQL_EXECUTE_END|[333]|Rows:1
15:58:45.0 (46664003)|ENTERING_MANAGED_PKG|tz
15:58:45.0 (46746684)|METHOD_EXIT|[10]|01pE0000001ksei|tz.LocalTime.getOffsetFull(String, String, String)
15:58:45.0 (46758831)|VARIABLE_SCOPE_BEGIN|[10]|jsonStr|String|false|false
15:58:45.0 (46786950)|VARIABLE_ASSIGNMENT|[10]|jsonStr|"{\"offset\":\"N/A\",\"dst (92 more) ..."
15:58:45.0 (46794070)|STATEMENT_EXECUTE|[11]
15:58:45.0 (46796169)|STATEMENT_EXECUTE|[12]
15:58:45.0 (46868958)|HEAP_ALLOCATE|[12]|Bytes:24
15:58:45.0 (46888672)|SYSTEM_METHOD_ENTRY|[1]|JSON.JSON()
15:58:45.0 (46893002)|STATEMENT_EXECUTE|[1]
15:58:45.0 (46904453)|SYSTEM_METHOD_EXIT|[1]|JSON
15:58:45.0 (46920713)|METHOD_ENTRY|[12]||System.JSON.deserializeUntyped(String)
15:58:45.0 (47409939)|METHOD_EXIT|[12]||System.JSON.deserializeUntyped(String)
15:58:45.0 (47425622)|VARIABLE_SCOPE_BEGIN|[12]|m|Map<String,ANY>|true|false
15:58:45.0 (47450695)|VARIABLE_ASSIGNMENT|[12]|m|"Map of size 6 too large to display"|0x4dcc35b9
15:58:45.0 (47457733)|STATEMENT_EXECUTE|[13]
15:58:45.0 (47461994)|HEAP_ALLOCATE|[13]|Bytes:6
15:58:45.0 (47505970)|VARIABLE_SCOPE_BEGIN|[13]|offset|String|false|false
15:58:45.0 (47520338)|VARIABLE_ASSIGNMENT|[13]|offset|"N/A"
15:58:45.0 (47527669)|HEAP_ALLOCATE|[14]|Bytes:3
15:58:45.0 (47561052)|STATEMENT_EXECUTE|[14]
15:58:45.0 (47581394)|HEAP_ALLOCATE|[7]|Bytes:5
15:58:45.0 (47599963)|VARIABLE_ASSIGNMENT|[7]|u|null|
15:58:45.47 (47612906)|CUMULATIVE_LIMIT_USAGE
15:58:45.47 (47612906)|LIMIT_USAGE_FOR_NS|(default)|
  Number of SOQL queries: 0 out of 100
  Number of query rows: 0 out of 50000
  Number of SOSL queries: 0 out of 20
  Number of DML statements: 0 out of 150
  Number of DML rows: 0 out of 10000
  Maximum CPU time: 0 out of 10000
  Maximum heap size: 0 out of 6000000
  Number of callouts: 0 out of 100
  Number of Email Invocations: 0 out of 10
  Number of future calls: 0 out of 50
  Number of queueable jobs added to the queue: 0 out of 50
  Number of Mobile Apex push calls: 0 out of 10

15:58:45.47 (47612906)|LIMIT_USAGE_FOR_NS|tz|
  Number of SOQL queries: 0 out of 100
  Number of query rows: 1 out of 50000
  Number of SOSL queries: 0 out of 20
  Number of DML statements: 0 out of 150
  Number of DML rows: 0 out of 10000
  Maximum CPU time: 0 out of 10000
  Maximum heap size: 0 out of 6000000
  Number of callouts: 0 out of 100
  Number of Email Invocations: 0 out of 10
  Number of future calls: 0 out of 50
  Number of queueable jobs added to the queue: 0 out of 50
  Number of Mobile Apex push calls: 0 out of 10

15:58:45.47 (47612906)|TOTAL_EMAIL_RECIPIENTS_QUEUED|0
15:58:45.47 (47612906)|STATIC_VARIABLE_LIST|
  char[]:DigitTens:0
  long:serialVersionUID:0
  String:_static_REGION_EUROPE:0
  String:_static_REGION_NA:0
  long:serialVersionUID:0
  double:MAX_VALUE:0
  Boolean:FALSE:0
  long:serialVersionUID:0
  String:_sfdcAdditionalCodeLocations:0
  double:MIN_VALUE:0
  int:SIZE:0
  double:NEGATIVE_INFINITY:0
  String:_static_NOT_AVAILABLE:0
  int:MAX_VALUE:0
  String:_static_REGION_ISRAEL:0
  char[]:digits:0
  double:NaN:0
  Boolean:TRUE:0
  String:_static_REGION_AFRICA:0
  String:_static_REGION_NZ:0
  String:_static_REGION_SA:0
  int:MIN_VALUE:0
  char[]:DigitOnes:0
  int:BYTES:0
  String:_sfdcAdditionalCodeLocations:0
  int:MIN_EXPONENT:0
  int[]:sizeTable:0
  String:_static_REGION_ASIA:0
  int:MAX_EXPONENT:0
  String:_static_REGION_OCEANIA:0
  int:SIZE:0
  double:POSITIVE_INFINITY:0
  double:MIN_NORMAL:0
  int:BYTES:0

15:58:45.47 (47612906)|CUMULATIVE_LIMIT_USAGE_END

15:58:45.0 (49001071)|CODE_UNIT_FINISHED|LocalTimeUserTrigger on User trigger event BeforeUpdate for [005E0000004yLLO]
15:58:45.153 (153640048)|ENTERING_MANAGED_PKG|skuid
15:58:45.154 (154557757)|CUMULATIVE_LIMIT_USAGE
15:58:45.154 (154557757)|LIMIT_USAGE_FOR_NS|(default)|
  Number of SOQL queries: 0 out of 100
  Number of query rows: 0 out of 50000
  Number of SOSL queries: 0 out of 20
  Number of DML statements: 0 out of 150
  Number of DML rows: 0 out of 10000
  Maximum CPU time: 0 out of 10000
  Maximum heap size: 0 out of 6000000
  Number of callouts: 0 out of 100
  Number of Email Invocations: 0 out of 10
  Number of future calls: 0 out of 50
  Number of queueable jobs added to the queue: 0 out of 50
  Number of Mobile Apex push calls: 0 out of 10

15:58:45.154 (154557757)|LIMIT_USAGE_FOR_NS|tz|
  Number of SOQL queries: 0 out of 100
  Number of query rows: 1 out of 50000
  Number of SOSL queries: 0 out of 20
  Number of DML statements: 0 out of 150
  Number of DML rows: 0 out of 10000
  Maximum CPU time: 0 out of 10000
  Maximum heap size: 0 out of 6000000
  Number of callouts: 0 out of 100
  Number of Email Invocations: 0 out of 10
  Number of future calls: 0 out of 50
  Number of queueable jobs added to the queue: 0 out of 50
  Number of Mobile Apex push calls: 0 out of 10

15:58:45.154 (154557757)|CUMULATIVE_LIMIT_USAGE_END

15:58:45.0 (157132527)|CODE_UNIT_STARTED|[EXTERNAL]|Workflow:User
15:58:45.0 (167328102)|WF_RULE_EVAL_BEGIN|Workflow
15:58:45.0 (167360553)|WF_CRITERIA_BEGIN|[User: Elissa Sadhana Team (WCI) 005E0000004yLLO]|Member_Community_New_User301V000000063fo|01QV00000001N6N|ON_CREATE_ONLY|0
15:58:45.0 (167372754)|WF_RULE_NOT_EVALUATED
15:58:45.0 (167380665)|WF_SPOOL_ACTION_BEGIN|Workflow
15:58:45.0 (167390000)|WF_ACTION| None
15:58:45.0 (167394417)|WF_RULE_EVAL_END
15:58:45.0 (167440862)|WF_ACTIONS_END| None
15:58:45.0 (167449915)|CODE_UNIT_FINISHED|Workflow:User
15:58:45.0 (179268646)|CODE_UNIT_STARTED|[EXTERNAL]|01qV0000000DErk|LocalTimeUserTrigger on User trigger event BeforeUpdate for [005E0000004yLLO]
15:58:45.0 (179322618)|HEAP_ALLOCATE|[EXTERNAL]|Bytes:8
15:58:45.0 (179353940)|HEAP_ALLOCATE|[EXTERNAL]|Bytes:8
15:58:45.0 (179425559)|HEAP_ALLOCATE|[EXTERNAL]|Bytes:4
15:58:45.0 (179445098)|VARIABLE_SCOPE_BEGIN|[5]|this|LocalTimeUserTrigger|true|false
15:58:45.0 (179484806)|VARIABLE_ASSIGNMENT|[5]|this|{}|0x6189ec3f
15:58:45.0 (179516514)|HEAP_ALLOCATE|[EXTERNAL]|Bytes:4
15:58:45.0 (179526320)|VARIABLE_SCOPE_BEGIN|[5]|this|LocalTimeUserTrigger|true|false
15:58:45.0 (179539578)|VARIABLE_ASSIGNMENT|[5]|this|{}|0x6189ec3f
15:58:45.0 (179548354)|STATEMENT_EXECUTE|[5]
15:58:45.0 (179620998)|HEAP_ALLOCATE|[7]|Bytes:5
15:58:45.0 (179644844)|HEAP_ALLOCATE|[7]|Bytes:4
15:58:45.0 (179656891)|VARIABLE_SCOPE_BEGIN|[7]|u|User|true|false
15:58:45.0 (184165787)|VARIABLE_ASSIGNMENT|[7]|u|{"ProfileId":"00eE0000000zEdeIAE","LastModifiedDate":"2017-11-10T20:58:45.000Z","ReceivesAdminInfoEma (3 more) ...":false,"Email":"depot@sadhanaconsult (7 more) ...","TimeZoneSidKey":"America/New_York","LanguageLocaleKey":"en_US","UserRoleId":"00EE0000000hj7TMAQ","License_Type__c":"Salesforce","IsActive":true,"Nurse__c":false,"LastLoginDate":"2017-11-10T20:42:51.000Z","PostalCode":"03820","ForecastEnabled":false,"IsExtIndicatorVisibl (1 more) ...":false,"DigestFrequency":"D","UTC_Offset__c":-4.00,"IsProfilePhotoActive":false,"Default_Patient_Coun (6 more) ...":"US","CompanyName":"Sadhana Consulting L (2 more) ...","CommunityNickname":"prozek","CreatedById":"005E0000002k2ScIAI","Street":"1 S Pine Street","Acquisition_Site__c":"001E000001HBa8R","Server_URL__c":"https://cs12.salesfo (17 more) ...","LastPasswordChangeDa (2 more) ...":"2017-10-10T13:48:13.000Z","LocaleSidKey":"en_US","FirstName":"Elissa","Name_Formula__c":"Elissa Sadhana Team  (5 more) ...","Title":"Consultant","City":"Dover","EmailEncodingKey":"ISO-8859-1","ReceivesInfoEmails":false,"SystemModstamp":"2017-11-10T20:58:45.000Z","User_18_Digit_ID__c":"005E0000004yLLOIA2","IsPortalEnabled":false,"Username":"worldcare@sadhanacon (19 more) ...","Alias":"Sadhana","DefaultGroupNotifica (13 more) ...":"N","CreatedDate":"2014-03-07T01:09:17.000Z","LastName":"Sadhana Team (WCI)","Id":"005E0000004yLLOIA2","IsPortalSelfRegister (2 more) ...":false,"UserType":"Standard","LastModifiedById":"005E0000004yLLOIA2"}|0x7e15349a
15:58:45.0 (184198490)|STATEMENT_EXECUTE|[7]
15:58:45.0 (184200512)|STATEMENT_EXECUTE|[9]
15:58:45.0 (184201625)|STATEMENT_EXECUTE|[9]
15:58:45.0 (184202680)|STATEMENT_EXECUTE|[10]
15:58:45.0 (184261399)|METHOD_ENTRY|[10]|01pE0000001ksei|tz.LocalTime.getOffsetFull(String, String, String)
15:58:45.0 (184273731)|ENTERING_MANAGED_PKG|tz
15:58:45.0 (184322011)|ENTERING_MANAGED_PKG|tz
15:58:45.0 (184385157)|ENTERING_MANAGED_PKG|tz
15:58:45.0 (184751374)|SOQL_EXECUTE_BEGIN|[333]|Aggregations:0|SELECT tz__Country__c FROM tz__lt_country_names__mdt WHERE MasterLabel = :tmpVar1
15:58:45.0 (195774904)|SOQL_EXECUTE_END|[333]|Rows:1
15:58:45.0 (196060416)|ENTERING_MANAGED_PKG|tz
15:58:45.0 (196123416)|METHOD_EXIT|[10]|01pE0000001ksei|tz.LocalTime.getOffsetFull(String, String, String)
15:58:45.0 (196134175)|VARIABLE_SCOPE_BEGIN|[10]|jsonStr|String|false|false
15:58:45.0 (196159365)|VARIABLE_ASSIGNMENT|[10]|jsonStr|"{\"offset\":\"N/A\",\"dst (92 more) ..."
15:58:45.0 (196167022)|STATEMENT_EXECUTE|[11]
15:58:45.0 (196168490)|STATEMENT_EXECUTE|[12]
15:58:45.0 (196179478)|METHOD_ENTRY|[12]||System.JSON.deserializeUntyped(String)
15:58:45.0 (196650233)|METHOD_EXIT|[12]||System.JSON.deserializeUntyped(String)
15:58:45.0 (196665023)|VARIABLE_SCOPE_BEGIN|[12]|m|Map<String,ANY>|true|false
15:58:45.0 (196688097)|VARIABLE_ASSIGNMENT|[12]|m|"Map of size 6 too large to display"|0x33994712
15:58:45.0 (196695125)|STATEMENT_EXECUTE|[13]
15:58:45.0 (196712733)|VARIABLE_SCOPE_BEGIN|[13]|offset|String|false|false
15:58:45.0 (196724459)|VARIABLE_ASSIGNMENT|[13]|offset|"N/A"
15:58:45.0 (196739818)|STATEMENT_EXECUTE|[14]
15:58:45.0 (196756300)|HEAP_ALLOCATE|[7]|Bytes:5
15:58:45.0 (196775948)|VARIABLE_ASSIGNMENT|[7]|u|null|
15:58:45.196 (196789499)|CUMULATIVE_LIMIT_USAGE
15:58:45.196 (196789499)|LIMIT_USAGE_FOR_NS|(default)|
  Number of SOQL queries: 0 out of 100
  Number of query rows: 0 out of 50000
  Number of SOSL queries: 0 out of 20
  Number of DML statements: 0 out of 150
  Number of DML rows: 0 out of 10000
  Maximum CPU time: 0 out of 10000
  Maximum heap size: 0 out of 6000000
  Number of callouts: 0 out of 100
  Number of Email Invocations: 0 out of 10
  Number of future calls: 0 out of 50
  Number of queueable jobs added to the queue: 0 out of 50
  Number of Mobile Apex push calls: 0 out of 10

15:58:45.196 (196789499)|LIMIT_USAGE_FOR_NS|tz|
  Number of SOQL queries: 0 out of 100
  Number of query rows: 1 out of 50000
  Number of SOSL queries: 0 out of 20
  Number of DML statements: 0 out of 150
  Number of DML rows: 0 out of 10000
  Maximum CPU time: 0 out of 10000
  Maximum heap size: 0 out of 6000000
  Number of callouts: 0 out of 100
  Number of Email Invocations: 0 out of 10
  Number of future calls: 0 out of 50
  Number of queueable jobs added to the queue: 0 out of 50
  Number of Mobile Apex push calls: 0 out of 10

15:58:45.196 (196789499)|TOTAL_EMAIL_RECIPIENTS_QUEUED|0
15:58:45.196 (196789499)|STATIC_VARIABLE_LIST|
  char[]:DigitTens:0
  long:serialVersionUID:0
  String:_static_REGION_EUROPE:0
  String:_static_REGION_NA:0
  long:serialVersionUID:0
  double:MAX_VALUE:0
  Boolean:FALSE:0
  long:serialVersionUID:0
  String:_sfdcAdditionalCodeLocations:0
  double:MIN_VALUE:0
  int:SIZE:0
  double:NEGATIVE_INFINITY:0
  String:_static_NOT_AVAILABLE:0
  int:MAX_VALUE:0
  String:_static_REGION_ISRAEL:0
  char[]:digits:0
  double:NaN:0
  Boolean:TRUE:0
  String:_static_REGION_AFRICA:0
  String:_static_REGION_NZ:0
  String:_static_REGION_SA:0
  int:MIN_VALUE:0
  String:_sfdcAdditionalCodeLocations:0
  char[]:DigitOnes:0
  int:BYTES:0
  String:_sfdcAdditionalCodeLocations:0
  int:MIN_EXPONENT:0
  int[]:sizeTable:0
  String:_static_REGION_ASIA:0
  int:MAX_EXPONENT:0
  String:_static_REGION_OCEANIA:0
  int:SIZE:0
  double:POSITIVE_INFINITY:0
  double:MIN_NORMAL:0
  int:BYTES:0

15:58:45.196 (196789499)|CUMULATIVE_LIMIT_USAGE_END

15:58:45.0 (198070306)|CODE_UNIT_FINISHED|LocalTimeUserTrigger on User trigger event BeforeUpdate for [005E0000004yLLO]
15:58:45.261 (261109587)|ENTERING_MANAGED_PKG|skuid
15:58:45.261 (261848006)|CUMULATIVE_LIMIT_USAGE
15:58:45.261 (261848006)|LIMIT_USAGE_FOR_NS|(default)|
  Number of SOQL queries: 0 out of 100
  Number of query rows: 0 out of 50000
  Number of SOSL queries: 0 out of 20
  Number of DML statements: 0 out of 150
  Number of DML rows: 0 out of 10000
  Maximum CPU time: 0 out of 10000
  Maximum heap size: 0 out of 6000000
  Number of callouts: 0 out of 100
  Number of Email Invocations: 0 out of 10
  Number of future calls: 0 out of 50
  Number of queueable jobs added to the queue: 0 out of 50
  Number of Mobile Apex push calls: 0 out of 10

15:58:45.261 (261848006)|LIMIT_USAGE_FOR_NS|tz|
  Number of SOQL queries: 0 out of 100
  Number of query rows: 1 out of 50000
  Number of SOSL queries: 0 out of 20
  Number of DML statements: 0 out of 150
  Number of DML rows: 0 out of 10000
  Maximum CPU time: 0 out of 10000
  Maximum heap size: 0 out of 6000000
  Number of callouts: 0 out of 100
  Number of Email Invocations: 0 out of 10
  Number of future calls: 0 out of 50
  Number of queueable jobs added to the queue: 0 out of 50
  Number of Mobile Apex push calls: 0 out of 10

15:58:45.261 (261848006)|CUMULATIVE_LIMIT_USAGE_END

15:58:45.0 (265500949)|CODE_UNIT_STARTED|[EXTERNAL]|Workflow:User
15:58:45.0 (271183241)|WF_RULE_EVAL_BEGIN|Workflow
15:58:45.0 (271210873)|WF_CRITERIA_BEGIN|[User: Elissa Sadhana Team (WCI) 005E0000004yLLO]|Member_Community_New_User301V000000063fo|01QV00000001N6N|ON_CREATE_ONLY|0
15:58:45.0 (271224752)|WF_RULE_NOT_EVALUATED
15:58:45.0 (271232338)|WF_SPOOL_ACTION_BEGIN|Workflow
15:58:45.0 (271241305)|WF_ACTION| None
15:58:45.0 (271245834)|WF_RULE_EVAL_END
15:58:45.0 (271294146)|WF_ACTIONS_END| None
15:58:45.0 (271307709)|CODE_UNIT_FINISHED|Workflow:User
15:58:45.0 (415798771)|CODE_UNIT_FINISHED|TRIGGERS
15:58:45.0 (415819364)|EXECUTION_FINISHED
15:58:45.437 (437607860)|CUMULATIVE_PROFILING_BEGIN
15:58:45.437 (437607860)|CUMULATIVE_PROFILING|SOQL operations|
(tz): [SELECT tz__Country__c FROM tz__lt_country_names__mdt WHERE MasterLabel = :countryCode]: executed 2 times in 25 ms

15:58:45.437 (437607860)|CUMULATIVE_PROFILING|No profiling information for SOSL operations
15:58:45.437 (437607860)|CUMULATIVE_PROFILING|No profiling information for DML operations
15:58:45.437 (437607860)|CUMULATIVE_PROFILING|method invocations|
Trigger.LocalTimeUserTrigger: line 10, column 1: webService static String getOffsetFull(String, String, String): executed 2 times in 26 ms
External entry point: public void invoke(): executed 1 time in 17 ms
Trigger.LocalTimeUserTrigger: line 12, column 1: global static Object deserializeUntyped(String): executed 2 times in 1 ms
Trigger.LocalTimeUserTrigger: line 7, column 1: global public System.Iterator iterator(): executed 6 times in 0 ms
Trigger.LocalTimeUserTrigger: line 13, column 1: global public Object get(Object): executed 2 times in 0 ms

15:58:45.437 (437607860)|CUMULATIVE_PROFILING_END
