40.0 APEX_CODE,FINEST;APEX_PROFILING,FINEST;CALLOUT,INFO;DB,INFO;SYSTEM,DEBUG;VALIDATION,INFO;VISUALFORCE,INFO;WAVE,INFO;WORKFLOW,INFO
16:36:47.0 (470593)|USER_INFO|[EXTERNAL]|005E0000004yLLO|worldcare@sadhanaconsulting.com.devfull|Eastern Standard Time|GMT-05:00
16:36:47.0 (679694)|EXECUTION_STARTED
16:36:47.0 (685156)|CODE_UNIT_STARTED|[EXTERNAL]|TRIGGERS
16:36:47.0 (1651553)|CODE_UNIT_STARTED|[EXTERNAL]|01qV0000000DErk|LocalTimeUserTrigger on User trigger event BeforeUpdate for [005E0000004yLLO]
16:36:47.0 (1695986)|HEAP_ALLOCATE|[EXTERNAL]|Bytes:8
16:36:47.0 (1730841)|HEAP_ALLOCATE|[EXTERNAL]|Bytes:8
16:36:47.0 (2159525)|HEAP_ALLOCATE|[72]|Bytes:3
16:36:47.0 (2244192)|HEAP_ALLOCATE|[77]|Bytes:152
16:36:47.0 (2265861)|HEAP_ALLOCATE|[342]|Bytes:408
16:36:47.0 (2287608)|HEAP_ALLOCATE|[355]|Bytes:408
16:36:47.0 (2316873)|HEAP_ALLOCATE|[467]|Bytes:48
16:36:47.0 (2395809)|HEAP_ALLOCATE|[139]|Bytes:6
16:36:47.0 (2430884)|HEAP_ALLOCATE|[EXTERNAL]|Bytes:4
16:36:47.0 (2464634)|VARIABLE_SCOPE_BEGIN|[5]|this|LocalTimeUserTrigger|true|false
16:36:47.0 (2627305)|VARIABLE_ASSIGNMENT|[5]|this|{}|0x12a5cf6b
16:36:47.0 (2703800)|HEAP_ALLOCATE|[EXTERNAL]|Bytes:4
16:36:47.0 (2727215)|VARIABLE_SCOPE_BEGIN|[5]|this|LocalTimeUserTrigger|true|false
16:36:47.0 (2744147)|VARIABLE_ASSIGNMENT|[5]|this|{}|0x12a5cf6b
16:36:47.0 (2753371)|STATEMENT_EXECUTE|[5]
16:36:47.0 (2785726)|HEAP_ALLOCATE|[50]|Bytes:5
16:36:47.0 (2809975)|HEAP_ALLOCATE|[56]|Bytes:5
16:36:47.0 (2822990)|HEAP_ALLOCATE|[64]|Bytes:7
16:36:47.0 (3260837)|HEAP_ALLOCATE|[7]|Bytes:5
16:36:47.0 (3296161)|HEAP_ALLOCATE|[7]|Bytes:4
16:36:47.0 (3310577)|VARIABLE_SCOPE_BEGIN|[7]|u|User|true|false
16:36:47.0 (32442012)|VARIABLE_ASSIGNMENT|[7]|u|{"ProfileId":"00eE0000000zEdeIAE","LastModifiedDate":"2017-11-10T21:36:34.000Z","ReceivesAdminInfoEma (3 more) ...":false,"Email":"depot@sadhanaconsult (7 more) ...","TimeZoneSidKey":"America/New_York","LanguageLocaleKey":"fr","UserRoleId":"00EE0000000hj7TMAQ","License_Type__c":"Salesforce","IsActive":true,"Nurse__c":false,"LastLoginDate":"2017-11-10T21:34:32.000Z","PostalCode":"03820","ForecastEnabled":false,"IsExtIndicatorVisibl (1 more) ...":false,"DigestFrequency":"D","UTC_Offset__c":-4.00,"IsProfilePhotoActive":false,"Default_Patient_Coun (6 more) ...":"US","CompanyName":"Sadhana Consulting L (2 more) ...","CommunityNickname":"prozek","CreatedById":"005E0000002k2ScIAI","Street":"1 S Pine Street","Acquisition_Site__c":"001E000001HBa8R","Server_URL__c":"https://cs12.salesfo (17 more) ...","LastPasswordChangeDa (2 more) ...":"2017-10-10T13:48:13.000Z","LocaleSidKey":"en_US","FirstName":"Elissa","Name_Formula__c":"Elissa Sadhana Team  (5 more) ...","Title":"Consultant","City":"Dover","EmailEncodingKey":"ISO-8859-1","ReceivesInfoEmails":false,"SystemModstamp":"2017-11-10T21:36:34.000Z","User_18_Digit_ID__c":"005E0000004yLLOIA2","IsPortalEnabled":false,"Username":"worldcare@sadhanacon (19 more) ...","Alias":"Sadhana","DefaultGroupNotifica (13 more) ...":"N","CreatedDate":"2014-03-07T01:09:17.000Z","LastName":"Sadhana Team (WCI)","Id":"005E0000004yLLOIA2","IsPortalSelfRegister (2 more) ...":false,"UserType":"Standard","LastModifiedById":"005E0000004yLLOIA2"}|0x245547fd
16:36:47.0 (32495417)|STATEMENT_EXECUTE|[7]
16:36:47.0 (32497661)|STATEMENT_EXECUTE|[9]
16:36:47.0 (32498767)|STATEMENT_EXECUTE|[9]
16:36:47.0 (32499896)|STATEMENT_EXECUTE|[10]
16:36:47.0 (37883429)|VARIABLE_SCOPE_BEGIN|[3]|LocalTime.NOT_AVAILABLE|String|false|true
16:36:47.0 (37902749)|VARIABLE_SCOPE_BEGIN|[9]|LocalTime.REGION_AFRICA|String|false|true
16:36:47.0 (37913554)|VARIABLE_SCOPE_BEGIN|[6]|LocalTime.REGION_ASIA|String|false|true
16:36:47.0 (37924098)|VARIABLE_SCOPE_BEGIN|[5]|LocalTime.REGION_EUROPE|String|false|true
16:36:47.0 (37933795)|VARIABLE_SCOPE_BEGIN|[11]|LocalTime.REGION_ISRAEL|String|false|true
16:36:47.0 (37943841)|VARIABLE_SCOPE_BEGIN|[4]|LocalTime.REGION_NA|String|false|true
16:36:47.0 (37953633)|VARIABLE_SCOPE_BEGIN|[10]|LocalTime.REGION_NZ|String|false|true
16:36:47.0 (37963529)|VARIABLE_SCOPE_BEGIN|[7]|LocalTime.REGION_OCEANIA|String|false|true
16:36:47.0 (37973522)|VARIABLE_SCOPE_BEGIN|[8]|LocalTime.REGION_SA|String|false|true
16:36:47.0 (38041086)|HEAP_ALLOCATE|[10]|Bytes:86
16:36:47.0 (38059057)|HEAP_ALLOCATE|[10]|Bytes:3
16:36:47.0 (38094813)|VARIABLE_ASSIGNMENT|[10]|LocalTime.NOT_AVAILABLE|"N/A"
16:36:47.0 (38103082)|HEAP_ALLOCATE|[10]|Bytes:6
16:36:47.0 (38111768)|VARIABLE_ASSIGNMENT|[10]|LocalTime.REGION_AFRICA|"AFRICA"
16:36:47.0 (38116972)|HEAP_ALLOCATE|[10]|Bytes:4
16:36:47.0 (38123334)|VARIABLE_ASSIGNMENT|[10]|LocalTime.REGION_ASIA|"ASIA"
16:36:47.0 (38128120)|HEAP_ALLOCATE|[10]|Bytes:6
16:36:47.0 (38134953)|VARIABLE_ASSIGNMENT|[10]|LocalTime.REGION_EUROPE|"EUROPE"
16:36:47.0 (38139546)|HEAP_ALLOCATE|[10]|Bytes:6
16:36:47.0 (38145842)|VARIABLE_ASSIGNMENT|[10]|LocalTime.REGION_ISRAEL|"ISRAEL"
16:36:47.0 (38150398)|HEAP_ALLOCATE|[10]|Bytes:2
16:36:47.0 (38156753)|VARIABLE_ASSIGNMENT|[10]|LocalTime.REGION_NA|"NA"
16:36:47.0 (38161399)|HEAP_ALLOCATE|[10]|Bytes:2
16:36:47.0 (38167505)|VARIABLE_ASSIGNMENT|[10]|LocalTime.REGION_NZ|"NZ"
16:36:47.0 (38172011)|HEAP_ALLOCATE|[10]|Bytes:7
16:36:47.0 (38178506)|VARIABLE_ASSIGNMENT|[10]|LocalTime.REGION_OCEANIA|"OCEANIA"
16:36:47.0 (38183222)|HEAP_ALLOCATE|[10]|Bytes:2
16:36:47.0 (38189713)|VARIABLE_ASSIGNMENT|[10]|LocalTime.REGION_SA|"SA"
16:36:47.0 (38229420)|METHOD_ENTRY|[2]|01pE0000001ksei|LocalTime.LocalTime()
16:36:47.0 (38237921)|STATEMENT_EXECUTE|[2]
16:36:47.0 (38273263)|ENTERING_MANAGED_PKG|tz
16:36:47.0 (38314901)|METHOD_EXIT|[2]|LocalTime
16:36:47.0 (38391636)|METHOD_ENTRY|[10]|01pE0000001ksei|tz.LocalTime.getOffsetFull(String, String, String)
16:36:47.0 (38418584)|ENTERING_MANAGED_PKG|tz
16:36:47.0 (38656408)|ENTERING_MANAGED_PKG|tz
16:36:47.0 (38750349)|ENTERING_MANAGED_PKG|tz
16:36:47.0 (39832197)|SOQL_EXECUTE_BEGIN|[333]|Aggregations:0|SELECT tz__Country__c FROM tz__lt_country_names__mdt WHERE MasterLabel = :tmpVar1
16:36:47.0 (51827031)|SOQL_EXECUTE_END|[333]|Rows:1
16:36:47.0 (52384336)|ENTERING_MANAGED_PKG|tz
16:36:47.0 (52469774)|METHOD_EXIT|[10]|01pE0000001ksei|tz.LocalTime.getOffsetFull(String, String, String)
16:36:47.0 (52481983)|VARIABLE_SCOPE_BEGIN|[10]|jsonStr|String|false|false
16:36:47.0 (52508301)|VARIABLE_ASSIGNMENT|[10]|jsonStr|"{\"offset\":\"N/A\",\"dst (92 more) ..."
16:36:47.0 (52514353)|STATEMENT_EXECUTE|[11]
16:36:47.0 (52515892)|STATEMENT_EXECUTE|[12]
16:36:47.0 (52583282)|HEAP_ALLOCATE|[12]|Bytes:24
16:36:47.0 (52601669)|SYSTEM_METHOD_ENTRY|[1]|JSON.JSON()
16:36:47.0 (52606545)|STATEMENT_EXECUTE|[1]
16:36:47.0 (52616615)|SYSTEM_METHOD_EXIT|[1]|JSON
16:36:47.0 (52648850)|METHOD_ENTRY|[12]||System.JSON.deserializeUntyped(String)
16:36:47.0 (53180747)|METHOD_EXIT|[12]||System.JSON.deserializeUntyped(String)
16:36:47.0 (53200896)|VARIABLE_SCOPE_BEGIN|[12]|m|Map<String,ANY>|true|false
16:36:47.0 (53227255)|VARIABLE_ASSIGNMENT|[12]|m|"Map of size 6 too large to display"|0x51f8cecc
16:36:47.0 (53235145)|STATEMENT_EXECUTE|[13]
16:36:47.0 (53240880)|HEAP_ALLOCATE|[13]|Bytes:6
16:36:47.0 (53285566)|VARIABLE_SCOPE_BEGIN|[13]|offset|String|false|false
16:36:47.0 (53303839)|VARIABLE_ASSIGNMENT|[13]|offset|"N/A"
16:36:47.0 (53311204)|HEAP_ALLOCATE|[14]|Bytes:3
16:36:47.0 (53337783)|STATEMENT_EXECUTE|[14]
16:36:47.0 (53357317)|HEAP_ALLOCATE|[7]|Bytes:5
16:36:47.0 (53376771)|VARIABLE_ASSIGNMENT|[7]|u|null|
16:36:47.53 (53389328)|CUMULATIVE_LIMIT_USAGE
16:36:47.53 (53389328)|LIMIT_USAGE_FOR_NS|(default)|
  Number of SOQL queries: 0 out of 100
  Number of query rows: 0 out of 50000
  Number of SOSL queries: 0 out of 20
  Number of DML statements: 0 out of 150
  Number of DML rows: 0 out of 10000
  Maximum CPU time: 0 out of 10000
  Maximum heap size: 0 out of 6000000
  Number of callouts: 0 out of 100
  Number of Email Invocations: 0 out of 10
  Number of future calls: 0 out of 50
  Number of queueable jobs added to the queue: 0 out of 50
  Number of Mobile Apex push calls: 0 out of 10

16:36:47.53 (53389328)|LIMIT_USAGE_FOR_NS|tz|
  Number of SOQL queries: 0 out of 100
  Number of query rows: 1 out of 50000
  Number of SOSL queries: 0 out of 20
  Number of DML statements: 0 out of 150
  Number of DML rows: 0 out of 10000
  Maximum CPU time: 0 out of 10000
  Maximum heap size: 0 out of 6000000
  Number of callouts: 0 out of 100
  Number of Email Invocations: 0 out of 10
  Number of future calls: 0 out of 50
  Number of queueable jobs added to the queue: 0 out of 50
  Number of Mobile Apex push calls: 0 out of 10

16:36:47.53 (53389328)|TOTAL_EMAIL_RECIPIENTS_QUEUED|0
16:36:47.53 (53389328)|STATIC_VARIABLE_LIST|
  char[]:DigitTens:0
  long:serialVersionUID:0
  String:_static_REGION_EUROPE:0
  String:_static_REGION_NA:0
  long:serialVersionUID:0
  double:MAX_VALUE:0
  Boolean:FALSE:0
  long:serialVersionUID:0
  String:_sfdcAdditionalCodeLocations:0
  double:MIN_VALUE:0
  int:SIZE:0
  double:NEGATIVE_INFINITY:0
  String:_static_NOT_AVAILABLE:0
  int:MAX_VALUE:0
  String:_static_REGION_ISRAEL:0
  char[]:digits:0
  double:NaN:0
  Boolean:TRUE:0
  String:_static_REGION_AFRICA:0
  String:_static_REGION_NZ:0
  String:_static_REGION_SA:0
  int:MIN_VALUE:0
  char[]:DigitOnes:0
  int:BYTES:0
  String:_sfdcAdditionalCodeLocations:0
  int:MIN_EXPONENT:0
  int[]:sizeTable:0
  String:_static_REGION_ASIA:0
  int:MAX_EXPONENT:0
  String:_static_REGION_OCEANIA:0
  int:SIZE:0
  double:POSITIVE_INFINITY:0
  double:MIN_NORMAL:0
  int:BYTES:0

16:36:47.53 (53389328)|CUMULATIVE_LIMIT_USAGE_END

16:36:47.0 (54815165)|CODE_UNIT_FINISHED|LocalTimeUserTrigger on User trigger event BeforeUpdate for [005E0000004yLLO]
16:36:47.362 (362293359)|ENTERING_MANAGED_PKG|skuid
16:36:47.363 (363229411)|CUMULATIVE_LIMIT_USAGE
16:36:47.363 (363229411)|LIMIT_USAGE_FOR_NS|(default)|
  Number of SOQL queries: 0 out of 100
  Number of query rows: 0 out of 50000
  Number of SOSL queries: 0 out of 20
  Number of DML statements: 0 out of 150
  Number of DML rows: 0 out of 10000
  Maximum CPU time: 0 out of 10000
  Maximum heap size: 0 out of 6000000
  Number of callouts: 0 out of 100
  Number of Email Invocations: 0 out of 10
  Number of future calls: 0 out of 50
  Number of queueable jobs added to the queue: 0 out of 50
  Number of Mobile Apex push calls: 0 out of 10

16:36:47.363 (363229411)|LIMIT_USAGE_FOR_NS|tz|
  Number of SOQL queries: 0 out of 100
  Number of query rows: 1 out of 50000
  Number of SOSL queries: 0 out of 20
  Number of DML statements: 0 out of 150
  Number of DML rows: 0 out of 10000
  Maximum CPU time: 0 out of 10000
  Maximum heap size: 0 out of 6000000
  Number of callouts: 0 out of 100
  Number of Email Invocations: 0 out of 10
  Number of future calls: 0 out of 50
  Number of queueable jobs added to the queue: 0 out of 50
  Number of Mobile Apex push calls: 0 out of 10

16:36:47.363 (363229411)|CUMULATIVE_LIMIT_USAGE_END

16:36:47.0 (365834433)|CODE_UNIT_STARTED|[EXTERNAL]|Workflow:User
16:36:47.0 (373772419)|WF_RULE_EVAL_BEGIN|Workflow
16:36:47.0 (373820403)|WF_CRITERIA_BEGIN|[User: Elissa Sadhana Team (WCI) 005E0000004yLLO]|Member_Community_New_User301V000000063fo|01QV00000001N6N|ON_CREATE_ONLY|0
16:36:47.0 (373841762)|WF_RULE_NOT_EVALUATED
16:36:47.0 (373853960)|WF_SPOOL_ACTION_BEGIN|Workflow
16:36:47.0 (373866874)|WF_ACTION| None
16:36:47.0 (373873132)|WF_RULE_EVAL_END
16:36:47.0 (373932334)|WF_ACTIONS_END| None
16:36:47.0 (373947178)|CODE_UNIT_FINISHED|Workflow:User
16:36:47.0 (386590999)|CODE_UNIT_STARTED|[EXTERNAL]|01qV0000000DErk|LocalTimeUserTrigger on User trigger event BeforeUpdate for [005E0000004yLLO]
16:36:47.0 (386647436)|HEAP_ALLOCATE|[EXTERNAL]|Bytes:8
16:36:47.0 (386684231)|HEAP_ALLOCATE|[EXTERNAL]|Bytes:8
16:36:47.0 (386769572)|HEAP_ALLOCATE|[EXTERNAL]|Bytes:4
16:36:47.0 (386787603)|VARIABLE_SCOPE_BEGIN|[5]|this|LocalTimeUserTrigger|true|false
16:36:47.0 (386830513)|VARIABLE_ASSIGNMENT|[5]|this|{}|0x733fb5be
16:36:47.0 (386879632)|HEAP_ALLOCATE|[EXTERNAL]|Bytes:4
16:36:47.0 (386893618)|VARIABLE_SCOPE_BEGIN|[5]|this|LocalTimeUserTrigger|true|false
16:36:47.0 (386918040)|VARIABLE_ASSIGNMENT|[5]|this|{}|0x733fb5be
16:36:47.0 (386932935)|STATEMENT_EXECUTE|[5]
16:36:47.0 (387028548)|HEAP_ALLOCATE|[7]|Bytes:5
16:36:47.0 (387053509)|HEAP_ALLOCATE|[7]|Bytes:4
16:36:47.0 (387067604)|VARIABLE_SCOPE_BEGIN|[7]|u|User|true|false
16:36:47.0 (391852949)|VARIABLE_ASSIGNMENT|[7]|u|{"ProfileId":"00eE0000000zEdeIAE","LastModifiedDate":"2017-11-10T21:36:47.000Z","ReceivesAdminInfoEma (3 more) ...":false,"Email":"depot@sadhanaconsult (7 more) ...","TimeZoneSidKey":"America/New_York","LanguageLocaleKey":"en_US","UserRoleId":"00EE0000000hj7TMAQ","License_Type__c":"Salesforce","IsActive":true,"Nurse__c":false,"LastLoginDate":"2017-11-10T21:34:32.000Z","PostalCode":"03820","ForecastEnabled":false,"IsExtIndicatorVisibl (1 more) ...":false,"DigestFrequency":"D","UTC_Offset__c":-4.00,"IsProfilePhotoActive":false,"Default_Patient_Coun (6 more) ...":"US","CompanyName":"Sadhana Consulting L (2 more) ...","CommunityNickname":"prozek","CreatedById":"005E0000002k2ScIAI","Street":"1 S Pine Street","Acquisition_Site__c":"001E000001HBa8R","Server_URL__c":"https://cs12.salesfo (17 more) ...","LastPasswordChangeDa (2 more) ...":"2017-10-10T13:48:13.000Z","LocaleSidKey":"en_US","FirstName":"Elissa","Name_Formula__c":"Elissa Sadhana Team  (5 more) ...","Title":"Consultant","City":"Dover","EmailEncodingKey":"ISO-8859-1","ReceivesInfoEmails":false,"SystemModstamp":"2017-11-10T21:36:47.000Z","User_18_Digit_ID__c":"005E0000004yLLOIA2","IsPortalEnabled":false,"Username":"worldcare@sadhanacon (19 more) ...","Alias":"Sadhana","DefaultGroupNotifica (13 more) ...":"N","CreatedDate":"2014-03-07T01:09:17.000Z","LastName":"Sadhana Team (WCI)","Id":"005E0000004yLLOIA2","IsPortalSelfRegister (2 more) ...":false,"UserType":"Standard","LastModifiedById":"005E0000004yLLOIA2"}|0x77eefaec
16:36:47.0 (391884092)|STATEMENT_EXECUTE|[7]
16:36:47.0 (391886052)|STATEMENT_EXECUTE|[9]
16:36:47.0 (391886987)|STATEMENT_EXECUTE|[9]
16:36:47.0 (391888101)|STATEMENT_EXECUTE|[10]
16:36:47.0 (391937104)|METHOD_ENTRY|[10]|01pE0000001ksei|tz.LocalTime.getOffsetFull(String, String, String)
16:36:47.0 (391948707)|ENTERING_MANAGED_PKG|tz
16:36:47.0 (391988508)|ENTERING_MANAGED_PKG|tz
16:36:47.0 (392041859)|ENTERING_MANAGED_PKG|tz
16:36:47.0 (392306349)|SOQL_EXECUTE_BEGIN|[333]|Aggregations:0|SELECT tz__Country__c FROM tz__lt_country_names__mdt WHERE MasterLabel = :tmpVar1
16:36:47.0 (402885569)|SOQL_EXECUTE_END|[333]|Rows:1
16:36:47.0 (403160407)|ENTERING_MANAGED_PKG|tz
16:36:47.0 (403215778)|METHOD_EXIT|[10]|01pE0000001ksei|tz.LocalTime.getOffsetFull(String, String, String)
16:36:47.0 (403226152)|VARIABLE_SCOPE_BEGIN|[10]|jsonStr|String|false|false
16:36:47.0 (403268135)|VARIABLE_ASSIGNMENT|[10]|jsonStr|"{\"offset\":\"N/A\",\"dst (92 more) ..."
16:36:47.0 (403280852)|STATEMENT_EXECUTE|[11]
16:36:47.0 (403283438)|STATEMENT_EXECUTE|[12]
16:36:47.0 (403299049)|METHOD_ENTRY|[12]||System.JSON.deserializeUntyped(String)
16:36:47.0 (403753690)|METHOD_EXIT|[12]||System.JSON.deserializeUntyped(String)
16:36:47.0 (403768328)|VARIABLE_SCOPE_BEGIN|[12]|m|Map<String,ANY>|true|false
16:36:47.0 (403792664)|VARIABLE_ASSIGNMENT|[12]|m|"Map of size 6 too large to display"|0x958e858
16:36:47.0 (403799848)|STATEMENT_EXECUTE|[13]
16:36:47.0 (403816542)|VARIABLE_SCOPE_BEGIN|[13]|offset|String|false|false
16:36:47.0 (403827585)|VARIABLE_ASSIGNMENT|[13]|offset|"N/A"
16:36:47.0 (403844510)|STATEMENT_EXECUTE|[14]
16:36:47.0 (403859695)|HEAP_ALLOCATE|[7]|Bytes:5
16:36:47.0 (403879575)|VARIABLE_ASSIGNMENT|[7]|u|null|
16:36:47.403 (403891090)|CUMULATIVE_LIMIT_USAGE
16:36:47.403 (403891090)|LIMIT_USAGE_FOR_NS|(default)|
  Number of SOQL queries: 0 out of 100
  Number of query rows: 0 out of 50000
  Number of SOSL queries: 0 out of 20
  Number of DML statements: 0 out of 150
  Number of DML rows: 0 out of 10000
  Maximum CPU time: 0 out of 10000
  Maximum heap size: 0 out of 6000000
  Number of callouts: 0 out of 100
  Number of Email Invocations: 0 out of 10
  Number of future calls: 0 out of 50
  Number of queueable jobs added to the queue: 0 out of 50
  Number of Mobile Apex push calls: 0 out of 10

16:36:47.403 (403891090)|LIMIT_USAGE_FOR_NS|tz|
  Number of SOQL queries: 0 out of 100
  Number of query rows: 1 out of 50000
  Number of SOSL queries: 0 out of 20
  Number of DML statements: 0 out of 150
  Number of DML rows: 0 out of 10000
  Maximum CPU time: 0 out of 10000
  Maximum heap size: 0 out of 6000000
  Number of callouts: 0 out of 100
  Number of Email Invocations: 0 out of 10
  Number of future calls: 0 out of 50
  Number of queueable jobs added to the queue: 0 out of 50
  Number of Mobile Apex push calls: 0 out of 10

16:36:47.403 (403891090)|TOTAL_EMAIL_RECIPIENTS_QUEUED|0
16:36:47.403 (403891090)|STATIC_VARIABLE_LIST|
  char[]:DigitTens:0
  long:serialVersionUID:0
  String:_static_REGION_EUROPE:0
  String:_static_REGION_NA:0
  long:serialVersionUID:0
  double:MAX_VALUE:0
  Boolean:FALSE:0
  long:serialVersionUID:0
  String:_sfdcAdditionalCodeLocations:0
  double:MIN_VALUE:0
  int:SIZE:0
  double:NEGATIVE_INFINITY:0
  String:_static_NOT_AVAILABLE:0
  int:MAX_VALUE:0
  String:_static_REGION_ISRAEL:0
  char[]:digits:0
  double:NaN:0
  Boolean:TRUE:0
  String:_static_REGION_AFRICA:0
  String:_static_REGION_NZ:0
  String:_static_REGION_SA:0
  int:MIN_VALUE:0
  String:_sfdcAdditionalCodeLocations:0
  char[]:DigitOnes:0
  int:BYTES:0
  String:_sfdcAdditionalCodeLocations:0
  int:MIN_EXPONENT:0
  int[]:sizeTable:0
  String:_static_REGION_ASIA:0
  int:MAX_EXPONENT:0
  String:_static_REGION_OCEANIA:0
  int:SIZE:0
  double:POSITIVE_INFINITY:0
  double:MIN_NORMAL:0
  int:BYTES:0

16:36:47.403 (403891090)|CUMULATIVE_LIMIT_USAGE_END

16:36:47.0 (405478094)|CODE_UNIT_FINISHED|LocalTimeUserTrigger on User trigger event BeforeUpdate for [005E0000004yLLO]
16:36:47.459 (459217837)|ENTERING_MANAGED_PKG|skuid
16:36:47.460 (460018784)|CUMULATIVE_LIMIT_USAGE
16:36:47.460 (460018784)|LIMIT_USAGE_FOR_NS|(default)|
  Number of SOQL queries: 0 out of 100
  Number of query rows: 0 out of 50000
  Number of SOSL queries: 0 out of 20
  Number of DML statements: 0 out of 150
  Number of DML rows: 0 out of 10000
  Maximum CPU time: 0 out of 10000
  Maximum heap size: 0 out of 6000000
  Number of callouts: 0 out of 100
  Number of Email Invocations: 0 out of 10
  Number of future calls: 0 out of 50
  Number of queueable jobs added to the queue: 0 out of 50
  Number of Mobile Apex push calls: 0 out of 10

16:36:47.460 (460018784)|LIMIT_USAGE_FOR_NS|tz|
  Number of SOQL queries: 0 out of 100
  Number of query rows: 1 out of 50000
  Number of SOSL queries: 0 out of 20
  Number of DML statements: 0 out of 150
  Number of DML rows: 0 out of 10000
  Maximum CPU time: 0 out of 10000
  Maximum heap size: 0 out of 6000000
  Number of callouts: 0 out of 100
  Number of Email Invocations: 0 out of 10
  Number of future calls: 0 out of 50
  Number of queueable jobs added to the queue: 0 out of 50
  Number of Mobile Apex push calls: 0 out of 10

16:36:47.460 (460018784)|CUMULATIVE_LIMIT_USAGE_END

16:36:47.0 (463871190)|CODE_UNIT_STARTED|[EXTERNAL]|Workflow:User
16:36:47.0 (469206235)|WF_RULE_EVAL_BEGIN|Workflow
16:36:47.0 (469234181)|WF_CRITERIA_BEGIN|[User: Elissa Sadhana Team (WCI) 005E0000004yLLO]|Member_Community_New_User301V000000063fo|01QV00000001N6N|ON_CREATE_ONLY|0
16:36:47.0 (469245723)|WF_RULE_NOT_EVALUATED
16:36:47.0 (469251616)|WF_SPOOL_ACTION_BEGIN|Workflow
16:36:47.0 (469260618)|WF_ACTION| None
16:36:47.0 (469265305)|WF_RULE_EVAL_END
16:36:47.0 (469307868)|WF_ACTIONS_END| None
16:36:47.0 (469315700)|CODE_UNIT_FINISHED|Workflow:User
16:36:47.0 (763906119)|CODE_UNIT_FINISHED|TRIGGERS
16:36:47.0 (763925434)|EXECUTION_FINISHED
16:36:47.774 (774187919)|CUMULATIVE_PROFILING_BEGIN
16:36:47.774 (774187919)|CUMULATIVE_PROFILING|SOQL operations|
(tz): [SELECT tz__Country__c FROM tz__lt_country_names__mdt WHERE MasterLabel = :countryCode]: executed 2 times in 24 ms

16:36:47.774 (774187919)|CUMULATIVE_PROFILING|No profiling information for SOSL operations
16:36:47.774 (774187919)|CUMULATIVE_PROFILING|No profiling information for DML operations
16:36:47.774 (774187919)|CUMULATIVE_PROFILING|method invocations|
Trigger.LocalTimeUserTrigger: line 10, column 1: webService static String getOffsetFull(String, String, String): executed 2 times in 26 ms
External entry point: public void invoke(): executed 1 time in 17 ms
Trigger.LocalTimeUserTrigger: line 7, column 1: global public System.Iterator iterator(): executed 6 times in 1 ms
Trigger.LocalTimeUserTrigger: line 12, column 1: global static Object deserializeUntyped(String): executed 2 times in 1 ms
Trigger.LocalTimeUserTrigger: line 13, column 1: global public Object get(Object): executed 2 times in 0 ms

16:36:47.774 (774187919)|CUMULATIVE_PROFILING_END
