40.0 APEX_CODE,FINEST;APEX_PROFILING,FINEST;CALLOUT,INFO;DB,INFO;SYSTEM,DEBUG;VALIDATION,INFO;VISUALFORCE,INFO;WAVE,INFO;WORKFLOW,INFO
12:29:05.0 (447142)|USER_INFO|[EXTERNAL]|005E0000004yLLO|worldcare@sadhanaconsulting.com.devfull|Eastern Standard Time|GMT-05:00
12:29:05.0 (505344)|EXECUTION_STARTED
12:29:05.0 (512118)|CODE_UNIT_STARTED|[EXTERNAL]|TRIGGERS
12:29:05.0 (1485286)|CODE_UNIT_STARTED|[EXTERNAL]|01qV0000000DErk|LocalTimeUserTrigger on User trigger event BeforeUpdate for [005E0000004yLLO]
12:29:05.0 (1556936)|HEAP_ALLOCATE|[EXTERNAL]|Bytes:8
12:29:05.0 (1594095)|HEAP_ALLOCATE|[EXTERNAL]|Bytes:8
12:29:05.0 (2048088)|HEAP_ALLOCATE|[72]|Bytes:3
12:29:05.0 (2118432)|HEAP_ALLOCATE|[77]|Bytes:152
12:29:05.0 (2166617)|HEAP_ALLOCATE|[342]|Bytes:408
12:29:05.0 (2212063)|HEAP_ALLOCATE|[355]|Bytes:408
12:29:05.0 (2252896)|HEAP_ALLOCATE|[467]|Bytes:48
12:29:05.0 (2297859)|HEAP_ALLOCATE|[139]|Bytes:6
12:29:05.0 (2337289)|HEAP_ALLOCATE|[EXTERNAL]|Bytes:4
12:29:05.0 (2347322)|VARIABLE_SCOPE_BEGIN|[5]|this|LocalTimeUserTrigger|true|false
12:29:05.0 (2397624)|VARIABLE_ASSIGNMENT|[5]|this|{}|0x79dce84d
12:29:05.0 (2443856)|HEAP_ALLOCATE|[EXTERNAL]|Bytes:4
12:29:05.0 (2454501)|VARIABLE_SCOPE_BEGIN|[5]|this|LocalTimeUserTrigger|true|false
12:29:05.0 (2469990)|VARIABLE_ASSIGNMENT|[5]|this|{}|0x79dce84d
12:29:05.0 (2480124)|STATEMENT_EXECUTE|[5]
12:29:05.0 (2524947)|HEAP_ALLOCATE|[50]|Bytes:5
12:29:05.0 (2567860)|HEAP_ALLOCATE|[56]|Bytes:5
12:29:05.0 (2595086)|HEAP_ALLOCATE|[64]|Bytes:7
12:29:05.0 (3116487)|HEAP_ALLOCATE|[7]|Bytes:5
12:29:05.0 (3193076)|HEAP_ALLOCATE|[7]|Bytes:4
12:29:05.0 (3208742)|VARIABLE_SCOPE_BEGIN|[7]|u|User|true|false
12:29:05.0 (31743328)|VARIABLE_ASSIGNMENT|[7]|u|{"ProfileId":"00eE0000000zEdeIAE","LastModifiedDate":"2017-11-10T17:28:11.000Z","ReceivesAdminInfoEma (3 more) ...":false,"Email":"depot@sadhanaconsult (7 more) ...","TimeZoneSidKey":"America/New_York","LanguageLocaleKey":"fr","UserRoleId":"00EE0000000hj7TMAQ","License_Type__c":"Salesforce","IsActive":true,"Nurse__c":false,"LastLoginDate":"2017-11-10T16:55:46.000Z","PostalCode":"03820","ForecastEnabled":false,"IsExtIndicatorVisibl (1 more) ...":false,"DigestFrequency":"D","UTC_Offset__c":-4.00,"IsProfilePhotoActive":false,"Default_Patient_Coun (6 more) ...":"US","CompanyName":"Sadhana Consulting L (2 more) ...","CommunityNickname":"prozek","CreatedById":"005E0000002k2ScIAI","Street":"1 S Pine Street","Acquisition_Site__c":"001E000001HBa8R","Server_URL__c":"https://cs12.salesfo (17 more) ...","LastPasswordChangeDa (2 more) ...":"2017-10-10T13:48:13.000Z","LocaleSidKey":"en_US","FirstName":"Elissa","Name_Formula__c":"Elissa Sadhana Team  (5 more) ...","Title":"Consultant","City":"Dover","EmailEncodingKey":"ISO-8859-1","ReceivesInfoEmails":false,"SystemModstamp":"2017-11-10T17:28:11.000Z","User_18_Digit_ID__c":"005E0000004yLLOIA2","IsPortalEnabled":false,"Username":"worldcare@sadhanacon (19 more) ...","Alias":"Sadhana","DefaultGroupNotifica (13 more) ...":"N","CreatedDate":"2014-03-07T01:09:17.000Z","LastName":"Sadhana Team (WCI)","Id":"005E0000004yLLOIA2","IsPortalSelfRegister (2 more) ...":false,"UserType":"Standard","LastModifiedById":"005E0000004yLLOIA2"}|0x10ed40f5
12:29:05.0 (31791855)|STATEMENT_EXECUTE|[7]
12:29:05.0 (31794201)|STATEMENT_EXECUTE|[9]
12:29:05.0 (31795205)|STATEMENT_EXECUTE|[9]
12:29:05.0 (31796524)|STATEMENT_EXECUTE|[10]
12:29:05.0 (33107003)|VARIABLE_SCOPE_BEGIN|[3]|LocalTime.NOT_AVAILABLE|String|false|true
12:29:05.0 (33127657)|VARIABLE_SCOPE_BEGIN|[9]|LocalTime.REGION_AFRICA|String|false|true
12:29:05.0 (33138903)|VARIABLE_SCOPE_BEGIN|[6]|LocalTime.REGION_ASIA|String|false|true
12:29:05.0 (33151311)|VARIABLE_SCOPE_BEGIN|[5]|LocalTime.REGION_EUROPE|String|false|true
12:29:05.0 (33163500)|VARIABLE_SCOPE_BEGIN|[11]|LocalTime.REGION_ISRAEL|String|false|true
12:29:05.0 (33175879)|VARIABLE_SCOPE_BEGIN|[4]|LocalTime.REGION_NA|String|false|true
12:29:05.0 (33186334)|VARIABLE_SCOPE_BEGIN|[10]|LocalTime.REGION_NZ|String|false|true
12:29:05.0 (33198058)|VARIABLE_SCOPE_BEGIN|[7]|LocalTime.REGION_OCEANIA|String|false|true
12:29:05.0 (33210353)|VARIABLE_SCOPE_BEGIN|[8]|LocalTime.REGION_SA|String|false|true
12:29:05.0 (33296976)|HEAP_ALLOCATE|[10]|Bytes:86
12:29:05.0 (33314544)|HEAP_ALLOCATE|[10]|Bytes:3
12:29:05.0 (33329408)|VARIABLE_ASSIGNMENT|[10]|LocalTime.NOT_AVAILABLE|"N/A"
12:29:05.0 (33339306)|HEAP_ALLOCATE|[10]|Bytes:6
12:29:05.0 (33350009)|VARIABLE_ASSIGNMENT|[10]|LocalTime.REGION_AFRICA|"AFRICA"
12:29:05.0 (33355541)|HEAP_ALLOCATE|[10]|Bytes:4
12:29:05.0 (33362763)|VARIABLE_ASSIGNMENT|[10]|LocalTime.REGION_ASIA|"ASIA"
12:29:05.0 (33368072)|HEAP_ALLOCATE|[10]|Bytes:6
12:29:05.0 (33375754)|VARIABLE_ASSIGNMENT|[10]|LocalTime.REGION_EUROPE|"EUROPE"
12:29:05.0 (33380456)|HEAP_ALLOCATE|[10]|Bytes:6
12:29:05.0 (33387464)|VARIABLE_ASSIGNMENT|[10]|LocalTime.REGION_ISRAEL|"ISRAEL"
12:29:05.0 (33392486)|HEAP_ALLOCATE|[10]|Bytes:2
12:29:05.0 (33399628)|VARIABLE_ASSIGNMENT|[10]|LocalTime.REGION_NA|"NA"
12:29:05.0 (33404693)|HEAP_ALLOCATE|[10]|Bytes:2
12:29:05.0 (33412104)|VARIABLE_ASSIGNMENT|[10]|LocalTime.REGION_NZ|"NZ"
12:29:05.0 (33416747)|HEAP_ALLOCATE|[10]|Bytes:7
12:29:05.0 (33424087)|VARIABLE_ASSIGNMENT|[10]|LocalTime.REGION_OCEANIA|"OCEANIA"
12:29:05.0 (33429051)|HEAP_ALLOCATE|[10]|Bytes:2
12:29:05.0 (33436190)|VARIABLE_ASSIGNMENT|[10]|LocalTime.REGION_SA|"SA"
12:29:05.0 (33454860)|METHOD_ENTRY|[2]|01pE0000001ksei|LocalTime.LocalTime()
12:29:05.0 (33463206)|STATEMENT_EXECUTE|[2]
12:29:05.0 (33486550)|ENTERING_MANAGED_PKG|tz
12:29:05.0 (33509366)|METHOD_EXIT|[2]|LocalTime
12:29:05.0 (33559290)|METHOD_ENTRY|[10]|01pE0000001ksei|tz.LocalTime.getOffsetFull(String, String, String)
12:29:05.0 (33568698)|ENTERING_MANAGED_PKG|tz
12:29:05.0 (33811233)|ENTERING_MANAGED_PKG|tz
12:29:05.0 (33967174)|ENTERING_MANAGED_PKG|tz
12:29:05.0 (35349575)|SOQL_EXECUTE_BEGIN|[333]|Aggregations:0|SELECT tz__Country__c FROM tz__lt_country_names__mdt WHERE MasterLabel = :tmpVar1
12:29:05.0 (49899759)|SOQL_EXECUTE_END|[333]|Rows:1
12:29:05.0 (50553181)|ENTERING_MANAGED_PKG|tz
12:29:05.0 (50634422)|METHOD_EXIT|[10]|01pE0000001ksei|tz.LocalTime.getOffsetFull(String, String, String)
12:29:05.0 (50645299)|VARIABLE_SCOPE_BEGIN|[10]|jsonStr|String|false|false
12:29:05.0 (50675802)|VARIABLE_ASSIGNMENT|[10]|jsonStr|"{\"offset\":\"N/A\",\"dst (92 more) ..."
12:29:05.0 (50685540)|STATEMENT_EXECUTE|[11]
12:29:05.0 (50687133)|STATEMENT_EXECUTE|[12]
12:29:05.0 (50765297)|HEAP_ALLOCATE|[12]|Bytes:24
12:29:05.0 (50787508)|SYSTEM_METHOD_ENTRY|[1]|JSON.JSON()
12:29:05.0 (50792761)|STATEMENT_EXECUTE|[1]
12:29:05.0 (50804220)|SYSTEM_METHOD_EXIT|[1]|JSON
12:29:05.0 (50822484)|METHOD_ENTRY|[12]||System.JSON.deserializeUntyped(String)
12:29:05.0 (51303893)|METHOD_EXIT|[12]||System.JSON.deserializeUntyped(String)
12:29:05.0 (51320081)|VARIABLE_SCOPE_BEGIN|[12]|m|Map<String,ANY>|true|false
12:29:05.0 (51346455)|VARIABLE_ASSIGNMENT|[12]|m|"Map of size 6 too large to display"|0x41dd0639
12:29:05.0 (51353913)|STATEMENT_EXECUTE|[13]
12:29:05.0 (51359154)|HEAP_ALLOCATE|[13]|Bytes:6
12:29:05.0 (51405175)|VARIABLE_SCOPE_BEGIN|[13]|offset|String|false|false
12:29:05.0 (51418570)|VARIABLE_ASSIGNMENT|[13]|offset|"N/A"
12:29:05.0 (51425756)|HEAP_ALLOCATE|[14]|Bytes:3
12:29:05.0 (51459417)|STATEMENT_EXECUTE|[14]
12:29:05.0 (51479206)|HEAP_ALLOCATE|[7]|Bytes:5
12:29:05.0 (51497963)|VARIABLE_ASSIGNMENT|[7]|u|null|
12:29:05.51 (51511080)|CUMULATIVE_LIMIT_USAGE
12:29:05.51 (51511080)|LIMIT_USAGE_FOR_NS|(default)|
  Number of SOQL queries: 0 out of 100
  Number of query rows: 0 out of 50000
  Number of SOSL queries: 0 out of 20
  Number of DML statements: 0 out of 150
  Number of DML rows: 0 out of 10000
  Maximum CPU time: 0 out of 10000
  Maximum heap size: 0 out of 6000000
  Number of callouts: 0 out of 100
  Number of Email Invocations: 0 out of 10
  Number of future calls: 0 out of 50
  Number of queueable jobs added to the queue: 0 out of 50
  Number of Mobile Apex push calls: 0 out of 10

12:29:05.51 (51511080)|LIMIT_USAGE_FOR_NS|tz|
  Number of SOQL queries: 0 out of 100
  Number of query rows: 1 out of 50000
  Number of SOSL queries: 0 out of 20
  Number of DML statements: 0 out of 150
  Number of DML rows: 0 out of 10000
  Maximum CPU time: 0 out of 10000
  Maximum heap size: 0 out of 6000000
  Number of callouts: 0 out of 100
  Number of Email Invocations: 0 out of 10
  Number of future calls: 0 out of 50
  Number of queueable jobs added to the queue: 0 out of 50
  Number of Mobile Apex push calls: 0 out of 10

12:29:05.51 (51511080)|TOTAL_EMAIL_RECIPIENTS_QUEUED|0
12:29:05.51 (51511080)|STATIC_VARIABLE_LIST|
  char[]:DigitTens:0
  long:serialVersionUID:0
  String:_static_REGION_EUROPE:0
  String:_static_REGION_NA:0
  long:serialVersionUID:0
  double:MAX_VALUE:0
  Boolean:FALSE:0
  long:serialVersionUID:0
  String:_sfdcAdditionalCodeLocations:0
  double:MIN_VALUE:0
  int:SIZE:0
  double:NEGATIVE_INFINITY:0
  String:_static_NOT_AVAILABLE:0
  int:MAX_VALUE:0
  String:_static_REGION_ISRAEL:0
  char[]:digits:0
  double:NaN:0
  Boolean:TRUE:0
  String:_static_REGION_AFRICA:0
  String:_static_REGION_NZ:0
  String:_static_REGION_SA:0
  int:MIN_VALUE:0
  char[]:DigitOnes:0
  int:BYTES:0
  String:_sfdcAdditionalCodeLocations:0
  int:MIN_EXPONENT:0
  int[]:sizeTable:0
  String:_static_REGION_ASIA:0
  int:MAX_EXPONENT:0
  String:_static_REGION_OCEANIA:0
  int:SIZE:0
  double:POSITIVE_INFINITY:0
  double:MIN_NORMAL:0
  int:BYTES:0

12:29:05.51 (51511080)|CUMULATIVE_LIMIT_USAGE_END

12:29:05.0 (52964210)|CODE_UNIT_FINISHED|LocalTimeUserTrigger on User trigger event BeforeUpdate for [005E0000004yLLO]
12:29:05.194 (194535563)|ENTERING_MANAGED_PKG|skuid
12:29:05.195 (195580592)|CUMULATIVE_LIMIT_USAGE
12:29:05.195 (195580592)|LIMIT_USAGE_FOR_NS|(default)|
  Number of SOQL queries: 0 out of 100
  Number of query rows: 0 out of 50000
  Number of SOSL queries: 0 out of 20
  Number of DML statements: 0 out of 150
  Number of DML rows: 0 out of 10000
  Maximum CPU time: 0 out of 10000
  Maximum heap size: 0 out of 6000000
  Number of callouts: 0 out of 100
  Number of Email Invocations: 0 out of 10
  Number of future calls: 0 out of 50
  Number of queueable jobs added to the queue: 0 out of 50
  Number of Mobile Apex push calls: 0 out of 10

12:29:05.195 (195580592)|LIMIT_USAGE_FOR_NS|tz|
  Number of SOQL queries: 0 out of 100
  Number of query rows: 1 out of 50000
  Number of SOSL queries: 0 out of 20
  Number of DML statements: 0 out of 150
  Number of DML rows: 0 out of 10000
  Maximum CPU time: 0 out of 10000
  Maximum heap size: 0 out of 6000000
  Number of callouts: 0 out of 100
  Number of Email Invocations: 0 out of 10
  Number of future calls: 0 out of 50
  Number of queueable jobs added to the queue: 0 out of 50
  Number of Mobile Apex push calls: 0 out of 10

12:29:05.195 (195580592)|CUMULATIVE_LIMIT_USAGE_END

12:29:05.0 (198252435)|CODE_UNIT_STARTED|[EXTERNAL]|Workflow:User
12:29:05.0 (207209646)|WF_RULE_EVAL_BEGIN|Workflow
12:29:05.0 (207250168)|WF_CRITERIA_BEGIN|[User: Elissa Sadhana Team (WCI) 005E0000004yLLO]|Member_Community_New_User301V000000063fo|01QV00000001N6N|ON_CREATE_ONLY|0
12:29:05.0 (207271945)|WF_RULE_NOT_EVALUATED
12:29:05.0 (207285398)|WF_SPOOL_ACTION_BEGIN|Workflow
12:29:05.0 (207297775)|WF_ACTION| None
12:29:05.0 (207302415)|WF_RULE_EVAL_END
12:29:05.0 (207347353)|WF_ACTIONS_END| None
12:29:05.0 (207356958)|CODE_UNIT_FINISHED|Workflow:User
12:29:05.0 (212126893)|CODE_UNIT_STARTED|[EXTERNAL]|01qV0000000DErk|LocalTimeUserTrigger on User trigger event BeforeUpdate for [005E0000004yLLO]
12:29:05.0 (212169387)|HEAP_ALLOCATE|[EXTERNAL]|Bytes:8
12:29:05.0 (212210825)|HEAP_ALLOCATE|[EXTERNAL]|Bytes:8
12:29:05.0 (212296005)|HEAP_ALLOCATE|[EXTERNAL]|Bytes:4
12:29:05.0 (212309985)|VARIABLE_SCOPE_BEGIN|[5]|this|LocalTimeUserTrigger|true|false
12:29:05.0 (212347851)|VARIABLE_ASSIGNMENT|[5]|this|{}|0x5edef447
12:29:05.0 (212380362)|HEAP_ALLOCATE|[EXTERNAL]|Bytes:4
12:29:05.0 (212389776)|VARIABLE_SCOPE_BEGIN|[5]|this|LocalTimeUserTrigger|true|false
12:29:05.0 (212403275)|VARIABLE_ASSIGNMENT|[5]|this|{}|0x5edef447
12:29:05.0 (212412847)|STATEMENT_EXECUTE|[5]
12:29:05.0 (212486954)|HEAP_ALLOCATE|[7]|Bytes:5
12:29:05.0 (212507145)|HEAP_ALLOCATE|[7]|Bytes:4
12:29:05.0 (212518637)|VARIABLE_SCOPE_BEGIN|[7]|u|User|true|false
12:29:05.0 (217200855)|VARIABLE_ASSIGNMENT|[7]|u|{"ProfileId":"00eE0000000zEdeIAE","LastModifiedDate":"2017-11-10T17:29:05.000Z","ReceivesAdminInfoEma (3 more) ...":false,"Email":"depot@sadhanaconsult (7 more) ...","TimeZoneSidKey":"America/New_York","LanguageLocaleKey":"en_US","UserRoleId":"00EE0000000hj7TMAQ","License_Type__c":"Salesforce","IsActive":true,"Nurse__c":false,"LastLoginDate":"2017-11-10T16:55:46.000Z","PostalCode":"03820","ForecastEnabled":false,"IsExtIndicatorVisibl (1 more) ...":false,"DigestFrequency":"D","UTC_Offset__c":-4.00,"IsProfilePhotoActive":false,"Default_Patient_Coun (6 more) ...":"US","CompanyName":"Sadhana Consulting L (2 more) ...","CommunityNickname":"prozek","CreatedById":"005E0000002k2ScIAI","Street":"1 S Pine Street","Acquisition_Site__c":"001E000001HBa8R","Server_URL__c":"https://cs12.salesfo (17 more) ...","LastPasswordChangeDa (2 more) ...":"2017-10-10T13:48:13.000Z","LocaleSidKey":"en_US","FirstName":"Elissa","Name_Formula__c":"Elissa Sadhana Team  (5 more) ...","Title":"Consultant","City":"Dover","EmailEncodingKey":"ISO-8859-1","ReceivesInfoEmails":false,"SystemModstamp":"2017-11-10T17:29:05.000Z","User_18_Digit_ID__c":"005E0000004yLLOIA2","IsPortalEnabled":false,"Username":"worldcare@sadhanacon (19 more) ...","Alias":"Sadhana","DefaultGroupNotifica (13 more) ...":"N","CreatedDate":"2014-03-07T01:09:17.000Z","LastName":"Sadhana Team (WCI)","Id":"005E0000004yLLOIA2","IsPortalSelfRegister (2 more) ...":false,"UserType":"Standard","LastModifiedById":"005E0000004yLLOIA2"}|0x149cd018
12:29:05.0 (217232893)|STATEMENT_EXECUTE|[7]
12:29:05.0 (217234965)|STATEMENT_EXECUTE|[9]
12:29:05.0 (217235994)|STATEMENT_EXECUTE|[9]
12:29:05.0 (217237013)|STATEMENT_EXECUTE|[10]
12:29:05.0 (217292158)|METHOD_ENTRY|[10]|01pE0000001ksei|tz.LocalTime.getOffsetFull(String, String, String)
12:29:05.0 (217304549)|ENTERING_MANAGED_PKG|tz
12:29:05.0 (217353190)|ENTERING_MANAGED_PKG|tz
12:29:05.0 (217415173)|ENTERING_MANAGED_PKG|tz
12:29:05.0 (217763985)|SOQL_EXECUTE_BEGIN|[333]|Aggregations:0|SELECT tz__Country__c FROM tz__lt_country_names__mdt WHERE MasterLabel = :tmpVar1
12:29:05.0 (229789234)|SOQL_EXECUTE_END|[333]|Rows:1
12:29:05.0 (230195797)|ENTERING_MANAGED_PKG|tz
12:29:05.0 (230270608)|METHOD_EXIT|[10]|01pE0000001ksei|tz.LocalTime.getOffsetFull(String, String, String)
12:29:05.0 (230281426)|VARIABLE_SCOPE_BEGIN|[10]|jsonStr|String|false|false
12:29:05.0 (230311004)|VARIABLE_ASSIGNMENT|[10]|jsonStr|"{\"offset\":\"N/A\",\"dst (92 more) ..."
12:29:05.0 (230320185)|STATEMENT_EXECUTE|[11]
12:29:05.0 (230322042)|STATEMENT_EXECUTE|[12]
12:29:05.0 (230337858)|METHOD_ENTRY|[12]||System.JSON.deserializeUntyped(String)
12:29:05.0 (230803061)|METHOD_EXIT|[12]||System.JSON.deserializeUntyped(String)
12:29:05.0 (230817807)|VARIABLE_SCOPE_BEGIN|[12]|m|Map<String,ANY>|true|false
12:29:05.0 (230843064)|VARIABLE_ASSIGNMENT|[12]|m|"Map of size 6 too large to display"|0x5ae1b307
12:29:05.0 (230850443)|STATEMENT_EXECUTE|[13]
12:29:05.0 (230869552)|VARIABLE_SCOPE_BEGIN|[13]|offset|String|false|false
12:29:05.0 (230881120)|VARIABLE_ASSIGNMENT|[13]|offset|"N/A"
12:29:05.0 (230906044)|STATEMENT_EXECUTE|[14]
12:29:05.0 (230925226)|HEAP_ALLOCATE|[7]|Bytes:5
12:29:05.0 (230945147)|VARIABLE_ASSIGNMENT|[7]|u|null|
12:29:05.230 (230959593)|CUMULATIVE_LIMIT_USAGE
12:29:05.230 (230959593)|LIMIT_USAGE_FOR_NS|(default)|
  Number of SOQL queries: 0 out of 100
  Number of query rows: 0 out of 50000
  Number of SOSL queries: 0 out of 20
  Number of DML statements: 0 out of 150
  Number of DML rows: 0 out of 10000
  Maximum CPU time: 0 out of 10000
  Maximum heap size: 0 out of 6000000
  Number of callouts: 0 out of 100
  Number of Email Invocations: 0 out of 10
  Number of future calls: 0 out of 50
  Number of queueable jobs added to the queue: 0 out of 50
  Number of Mobile Apex push calls: 0 out of 10

12:29:05.230 (230959593)|LIMIT_USAGE_FOR_NS|tz|
  Number of SOQL queries: 0 out of 100
  Number of query rows: 1 out of 50000
  Number of SOSL queries: 0 out of 20
  Number of DML statements: 0 out of 150
  Number of DML rows: 0 out of 10000
  Maximum CPU time: 0 out of 10000
  Maximum heap size: 0 out of 6000000
  Number of callouts: 0 out of 100
  Number of Email Invocations: 0 out of 10
  Number of future calls: 0 out of 50
  Number of queueable jobs added to the queue: 0 out of 50
  Number of Mobile Apex push calls: 0 out of 10

12:29:05.230 (230959593)|TOTAL_EMAIL_RECIPIENTS_QUEUED|0
12:29:05.230 (230959593)|STATIC_VARIABLE_LIST|
  char[]:DigitTens:0
  long:serialVersionUID:0
  String:_static_REGION_EUROPE:0
  String:_static_REGION_NA:0
  long:serialVersionUID:0
  double:MAX_VALUE:0
  Boolean:FALSE:0
  long:serialVersionUID:0
  String:_sfdcAdditionalCodeLocations:0
  double:MIN_VALUE:0
  int:SIZE:0
  double:NEGATIVE_INFINITY:0
  String:_static_NOT_AVAILABLE:0
  int:MAX_VALUE:0
  String:_static_REGION_ISRAEL:0
  char[]:digits:0
  double:NaN:0
  Boolean:TRUE:0
  String:_static_REGION_AFRICA:0
  String:_static_REGION_NZ:0
  String:_static_REGION_SA:0
  int:MIN_VALUE:0
  String:_sfdcAdditionalCodeLocations:0
  char[]:DigitOnes:0
  int:BYTES:0
  String:_sfdcAdditionalCodeLocations:0
  int:MIN_EXPONENT:0
  int[]:sizeTable:0
  String:_static_REGION_ASIA:0
  int:MAX_EXPONENT:0
  String:_static_REGION_OCEANIA:0
  int:SIZE:0
  double:POSITIVE_INFINITY:0
  double:MIN_NORMAL:0
  int:BYTES:0

12:29:05.230 (230959593)|CUMULATIVE_LIMIT_USAGE_END

12:29:05.0 (232381711)|CODE_UNIT_FINISHED|LocalTimeUserTrigger on User trigger event BeforeUpdate for [005E0000004yLLO]
12:29:05.287 (287893720)|ENTERING_MANAGED_PKG|skuid
12:29:05.288 (288645393)|CUMULATIVE_LIMIT_USAGE
12:29:05.288 (288645393)|LIMIT_USAGE_FOR_NS|(default)|
  Number of SOQL queries: 0 out of 100
  Number of query rows: 0 out of 50000
  Number of SOSL queries: 0 out of 20
  Number of DML statements: 0 out of 150
  Number of DML rows: 0 out of 10000
  Maximum CPU time: 0 out of 10000
  Maximum heap size: 0 out of 6000000
  Number of callouts: 0 out of 100
  Number of Email Invocations: 0 out of 10
  Number of future calls: 0 out of 50
  Number of queueable jobs added to the queue: 0 out of 50
  Number of Mobile Apex push calls: 0 out of 10

12:29:05.288 (288645393)|LIMIT_USAGE_FOR_NS|tz|
  Number of SOQL queries: 0 out of 100
  Number of query rows: 1 out of 50000
  Number of SOSL queries: 0 out of 20
  Number of DML statements: 0 out of 150
  Number of DML rows: 0 out of 10000
  Maximum CPU time: 0 out of 10000
  Maximum heap size: 0 out of 6000000
  Number of callouts: 0 out of 100
  Number of Email Invocations: 0 out of 10
  Number of future calls: 0 out of 50
  Number of queueable jobs added to the queue: 0 out of 50
  Number of Mobile Apex push calls: 0 out of 10

12:29:05.288 (288645393)|CUMULATIVE_LIMIT_USAGE_END

12:29:05.0 (293198776)|CODE_UNIT_STARTED|[EXTERNAL]|Workflow:User
12:29:05.0 (297971935)|WF_RULE_EVAL_BEGIN|Workflow
12:29:05.0 (297997266)|WF_CRITERIA_BEGIN|[User: Elissa Sadhana Team (WCI) 005E0000004yLLO]|Member_Community_New_User301V000000063fo|01QV00000001N6N|ON_CREATE_ONLY|0
12:29:05.0 (298008567)|WF_RULE_NOT_EVALUATED
12:29:05.0 (298016685)|WF_SPOOL_ACTION_BEGIN|Workflow
12:29:05.0 (298039889)|WF_ACTION| None
12:29:05.0 (298048105)|WF_RULE_EVAL_END
12:29:05.0 (298100316)|WF_ACTIONS_END| None
12:29:05.0 (298117664)|CODE_UNIT_FINISHED|Workflow:User
12:29:05.0 (411239272)|CODE_UNIT_FINISHED|TRIGGERS
12:29:05.0 (411265618)|EXECUTION_FINISHED
12:29:05.414 (414729957)|CUMULATIVE_PROFILING_BEGIN
12:29:05.414 (414729957)|CUMULATIVE_PROFILING|SOQL operations|
(tz): [SELECT tz__Country__c FROM tz__lt_country_names__mdt WHERE MasterLabel = :countryCode]: executed 2 times in 29 ms

12:29:05.414 (414729957)|CUMULATIVE_PROFILING|No profiling information for SOSL operations
12:29:05.414 (414729957)|CUMULATIVE_PROFILING|No profiling information for DML operations
12:29:05.414 (414729957)|CUMULATIVE_PROFILING|method invocations|
Trigger.LocalTimeUserTrigger: line 10, column 1: webService static String getOffsetFull(String, String, String): executed 2 times in 30 ms
External entry point: public void invoke(): executed 1 time in 19 ms
Trigger.LocalTimeUserTrigger: line 12, column 1: global static Object deserializeUntyped(String): executed 2 times in 1 ms
Trigger.LocalTimeUserTrigger: line 7, column 1: global public System.Iterator iterator(): executed 6 times in 0 ms
Trigger.LocalTimeUserTrigger: line 13, column 1: global public Object get(Object): executed 2 times in 0 ms

12:29:05.414 (414729957)|CUMULATIVE_PROFILING_END
