40.0 APEX_CODE,FINEST;APEX_PROFILING,FINEST;CALLOUT,INFO;DB,INFO;SYSTEM,DEBUG;VALIDATION,INFO;VISUALFORCE,INFO;WAVE,INFO;WORKFLOW,INFO
10:52:38.0 (403089)|USER_INFO|[EXTERNAL]|005E0000004yLLO|worldcare@sadhanaconsulting.com.devfull|Eastern Standard Time|GMT-05:00
10:52:38.0 (446389)|EXECUTION_STARTED
10:52:38.0 (451665)|CODE_UNIT_STARTED|[EXTERNAL]|TRIGGERS
10:52:38.0 (1496299)|CODE_UNIT_STARTED|[EXTERNAL]|01qV0000000DErk|LocalTimeUserTrigger on User trigger event BeforeUpdate for [005E0000004yLLO]
10:52:38.0 (1566024)|HEAP_ALLOCATE|[EXTERNAL]|Bytes:8
10:52:38.0 (1605822)|HEAP_ALLOCATE|[EXTERNAL]|Bytes:8
10:52:38.0 (2018361)|HEAP_ALLOCATE|[72]|Bytes:3
10:52:38.0 (2073294)|HEAP_ALLOCATE|[77]|Bytes:152
10:52:38.0 (2101117)|HEAP_ALLOCATE|[342]|Bytes:408
10:52:38.0 (2127441)|HEAP_ALLOCATE|[355]|Bytes:408
10:52:38.0 (2148364)|HEAP_ALLOCATE|[467]|Bytes:48
10:52:38.0 (2182346)|HEAP_ALLOCATE|[139]|Bytes:6
10:52:38.0 (2215207)|HEAP_ALLOCATE|[EXTERNAL]|Bytes:4
10:52:38.0 (2224412)|VARIABLE_SCOPE_BEGIN|[5]|this|LocalTimeUserTrigger|true|false
10:52:38.0 (2269820)|VARIABLE_ASSIGNMENT|[5]|this|{}|0x13ea2bc1
10:52:38.0 (2302668)|HEAP_ALLOCATE|[EXTERNAL]|Bytes:4
10:52:38.0 (2311539)|VARIABLE_SCOPE_BEGIN|[5]|this|LocalTimeUserTrigger|true|false
10:52:38.0 (2324817)|VARIABLE_ASSIGNMENT|[5]|this|{}|0x13ea2bc1
10:52:38.0 (2334978)|STATEMENT_EXECUTE|[5]
10:52:38.0 (2373327)|HEAP_ALLOCATE|[50]|Bytes:5
10:52:38.0 (2403052)|HEAP_ALLOCATE|[56]|Bytes:5
10:52:38.0 (2415094)|HEAP_ALLOCATE|[64]|Bytes:7
10:52:38.0 (2820058)|HEAP_ALLOCATE|[7]|Bytes:5
10:52:38.0 (2870040)|HEAP_ALLOCATE|[7]|Bytes:4
10:52:38.0 (2890242)|VARIABLE_SCOPE_BEGIN|[7]|u|User|true|false
10:52:38.0 (32199395)|VARIABLE_ASSIGNMENT|[7]|u|{"ProfileId":"00eE0000000zEdeIAE","LastModifiedDate":"2017-11-10T15:49:44.000Z","ReceivesAdminInfoEma (3 more) ...":false,"Email":"depot@sadhanaconsult (7 more) ...","TimeZoneSidKey":"America/New_York","LanguageLocaleKey":"fr","UserRoleId":"00EE0000000hj7TMAQ","License_Type__c":"Salesforce","IsActive":true,"Nurse__c":false,"LastLoginDate":"2017-11-10T15:06:05.000Z","PostalCode":"03820","ForecastEnabled":false,"IsExtIndicatorVisibl (1 more) ...":false,"DigestFrequency":"D","UTC_Offset__c":-4.00,"IsProfilePhotoActive":false,"Default_Patient_Coun (6 more) ...":"US","CompanyName":"Sadhana Consulting L (2 more) ...","CommunityNickname":"prozek","CreatedById":"005E0000002k2ScIAI","Street":"1 S Pine Street","Acquisition_Site__c":"001E000001HBa8R","Server_URL__c":"https://cs12.salesfo (17 more) ...","LastPasswordChangeDa (2 more) ...":"2017-10-10T13:48:13.000Z","LocaleSidKey":"en_US","FirstName":"Elissa","Name_Formula__c":"Elissa Sadhana Team  (5 more) ...","Title":"Consultant","City":"Dover","EmailEncodingKey":"ISO-8859-1","ReceivesInfoEmails":false,"SystemModstamp":"2017-11-10T15:49:44.000Z","User_18_Digit_ID__c":"005E0000004yLLOIA2","IsPortalEnabled":false,"Username":"worldcare@sadhanacon (19 more) ...","Alias":"Sadhana","DefaultGroupNotifica (13 more) ...":"N","CreatedDate":"2014-03-07T01:09:17.000Z","LastName":"Sadhana Team (WCI)","Id":"005E0000004yLLOIA2","IsPortalSelfRegister (2 more) ...":false,"UserType":"Standard","LastModifiedById":"005E0000004yLLOIA2"}|0x66a34e59
10:52:38.0 (32248923)|STATEMENT_EXECUTE|[7]
10:52:38.0 (32251444)|STATEMENT_EXECUTE|[9]
10:52:38.0 (32252442)|STATEMENT_EXECUTE|[9]
10:52:38.0 (32253725)|STATEMENT_EXECUTE|[10]
10:52:38.0 (33544743)|VARIABLE_SCOPE_BEGIN|[3]|LocalTime.NOT_AVAILABLE|String|false|true
10:52:38.0 (33558840)|VARIABLE_SCOPE_BEGIN|[9]|LocalTime.REGION_AFRICA|String|false|true
10:52:38.0 (33565372)|VARIABLE_SCOPE_BEGIN|[6]|LocalTime.REGION_ASIA|String|false|true
10:52:38.0 (33571872)|VARIABLE_SCOPE_BEGIN|[5]|LocalTime.REGION_EUROPE|String|false|true
10:52:38.0 (33577858)|VARIABLE_SCOPE_BEGIN|[11]|LocalTime.REGION_ISRAEL|String|false|true
10:52:38.0 (33583770)|VARIABLE_SCOPE_BEGIN|[4]|LocalTime.REGION_NA|String|false|true
10:52:38.0 (33589867)|VARIABLE_SCOPE_BEGIN|[10]|LocalTime.REGION_NZ|String|false|true
10:52:38.0 (33595965)|VARIABLE_SCOPE_BEGIN|[7]|LocalTime.REGION_OCEANIA|String|false|true
10:52:38.0 (33601726)|VARIABLE_SCOPE_BEGIN|[8]|LocalTime.REGION_SA|String|false|true
10:52:38.0 (33680068)|HEAP_ALLOCATE|[10]|Bytes:86
10:52:38.0 (33701630)|HEAP_ALLOCATE|[10]|Bytes:3
10:52:38.0 (33753715)|VARIABLE_ASSIGNMENT|[10]|LocalTime.NOT_AVAILABLE|"N/A"
10:52:38.0 (33762057)|HEAP_ALLOCATE|[10]|Bytes:6
10:52:38.0 (33770641)|VARIABLE_ASSIGNMENT|[10]|LocalTime.REGION_AFRICA|"AFRICA"
10:52:38.0 (33776447)|HEAP_ALLOCATE|[10]|Bytes:4
10:52:38.0 (33783518)|VARIABLE_ASSIGNMENT|[10]|LocalTime.REGION_ASIA|"ASIA"
10:52:38.0 (33788394)|HEAP_ALLOCATE|[10]|Bytes:6
10:52:38.0 (33795960)|VARIABLE_ASSIGNMENT|[10]|LocalTime.REGION_EUROPE|"EUROPE"
10:52:38.0 (33800960)|HEAP_ALLOCATE|[10]|Bytes:6
10:52:38.0 (33807969)|VARIABLE_ASSIGNMENT|[10]|LocalTime.REGION_ISRAEL|"ISRAEL"
10:52:38.0 (33812890)|HEAP_ALLOCATE|[10]|Bytes:2
10:52:38.0 (33819575)|VARIABLE_ASSIGNMENT|[10]|LocalTime.REGION_NA|"NA"
10:52:38.0 (33824549)|HEAP_ALLOCATE|[10]|Bytes:2
10:52:38.0 (33831214)|VARIABLE_ASSIGNMENT|[10]|LocalTime.REGION_NZ|"NZ"
10:52:38.0 (33835796)|HEAP_ALLOCATE|[10]|Bytes:7
10:52:38.0 (33842937)|VARIABLE_ASSIGNMENT|[10]|LocalTime.REGION_OCEANIA|"OCEANIA"
10:52:38.0 (33847870)|HEAP_ALLOCATE|[10]|Bytes:2
10:52:38.0 (33854780)|VARIABLE_ASSIGNMENT|[10]|LocalTime.REGION_SA|"SA"
10:52:38.0 (33875016)|METHOD_ENTRY|[2]|01pE0000001ksei|LocalTime.LocalTime()
10:52:38.0 (33887167)|STATEMENT_EXECUTE|[2]
10:52:38.0 (33932613)|ENTERING_MANAGED_PKG|tz
10:52:38.0 (33958137)|METHOD_EXIT|[2]|LocalTime
10:52:38.0 (34003907)|METHOD_ENTRY|[10]|01pE0000001ksei|tz.LocalTime.getOffsetFull(String, String, String)
10:52:38.0 (34013164)|ENTERING_MANAGED_PKG|tz
10:52:38.0 (34279042)|ENTERING_MANAGED_PKG|tz
10:52:38.0 (34377359)|ENTERING_MANAGED_PKG|tz
10:52:38.0 (35702898)|SOQL_EXECUTE_BEGIN|[333]|Aggregations:0|SELECT tz__Country__c FROM tz__lt_country_names__mdt WHERE MasterLabel = :tmpVar1
10:52:38.0 (49178632)|SOQL_EXECUTE_END|[333]|Rows:1
10:52:38.0 (49832302)|ENTERING_MANAGED_PKG|tz
10:52:38.0 (49914355)|METHOD_EXIT|[10]|01pE0000001ksei|tz.LocalTime.getOffsetFull(String, String, String)
10:52:38.0 (49925634)|VARIABLE_SCOPE_BEGIN|[10]|jsonStr|String|false|false
10:52:38.0 (49956680)|VARIABLE_ASSIGNMENT|[10]|jsonStr|"{\"offset\":\"N/A\",\"dst (92 more) ..."
10:52:38.0 (49966891)|STATEMENT_EXECUTE|[11]
10:52:38.0 (49968578)|STATEMENT_EXECUTE|[12]
10:52:38.0 (50044811)|HEAP_ALLOCATE|[12]|Bytes:24
10:52:38.0 (50067498)|SYSTEM_METHOD_ENTRY|[1]|JSON.JSON()
10:52:38.0 (50072191)|STATEMENT_EXECUTE|[1]
10:52:38.0 (50083375)|SYSTEM_METHOD_EXIT|[1]|JSON
10:52:38.0 (50101698)|METHOD_ENTRY|[12]||System.JSON.deserializeUntyped(String)
10:52:38.0 (50580956)|METHOD_EXIT|[12]||System.JSON.deserializeUntyped(String)
10:52:38.0 (50596049)|VARIABLE_SCOPE_BEGIN|[12]|m|Map<String,ANY>|true|false
10:52:38.0 (50622186)|VARIABLE_ASSIGNMENT|[12]|m|"Map of size 6 too large to display"|0x52686f7e
10:52:38.0 (50629456)|STATEMENT_EXECUTE|[13]
10:52:38.0 (50634477)|HEAP_ALLOCATE|[13]|Bytes:6
10:52:38.0 (50679757)|VARIABLE_SCOPE_BEGIN|[13]|offset|String|false|false
10:52:38.0 (50698180)|VARIABLE_ASSIGNMENT|[13]|offset|"N/A"
10:52:38.0 (50705716)|HEAP_ALLOCATE|[14]|Bytes:3
10:52:38.0 (50736151)|STATEMENT_EXECUTE|[14]
10:52:38.0 (50755530)|HEAP_ALLOCATE|[7]|Bytes:5
10:52:38.0 (50774220)|VARIABLE_ASSIGNMENT|[7]|u|null|
10:52:38.50 (50787750)|CUMULATIVE_LIMIT_USAGE
10:52:38.50 (50787750)|LIMIT_USAGE_FOR_NS|(default)|
  Number of SOQL queries: 0 out of 100
  Number of query rows: 0 out of 50000
  Number of SOSL queries: 0 out of 20
  Number of DML statements: 0 out of 150
  Number of DML rows: 0 out of 10000
  Maximum CPU time: 0 out of 10000
  Maximum heap size: 0 out of 6000000
  Number of callouts: 0 out of 100
  Number of Email Invocations: 0 out of 10
  Number of future calls: 0 out of 50
  Number of queueable jobs added to the queue: 0 out of 50
  Number of Mobile Apex push calls: 0 out of 10

10:52:38.50 (50787750)|LIMIT_USAGE_FOR_NS|tz|
  Number of SOQL queries: 0 out of 100
  Number of query rows: 1 out of 50000
  Number of SOSL queries: 0 out of 20
  Number of DML statements: 0 out of 150
  Number of DML rows: 0 out of 10000
  Maximum CPU time: 0 out of 10000
  Maximum heap size: 0 out of 6000000
  Number of callouts: 0 out of 100
  Number of Email Invocations: 0 out of 10
  Number of future calls: 0 out of 50
  Number of queueable jobs added to the queue: 0 out of 50
  Number of Mobile Apex push calls: 0 out of 10

10:52:38.50 (50787750)|TOTAL_EMAIL_RECIPIENTS_QUEUED|0
10:52:38.50 (50787750)|STATIC_VARIABLE_LIST|
  char[]:DigitTens:0
  long:serialVersionUID:0
  String:_static_REGION_EUROPE:0
  String:_static_REGION_NA:0
  long:serialVersionUID:0
  double:MAX_VALUE:0
  Boolean:FALSE:0
  long:serialVersionUID:0
  String:_sfdcAdditionalCodeLocations:0
  double:MIN_VALUE:0
  int:SIZE:0
  double:NEGATIVE_INFINITY:0
  String:_static_NOT_AVAILABLE:0
  int:MAX_VALUE:0
  String:_static_REGION_ISRAEL:0
  char[]:digits:0
  double:NaN:0
  Boolean:TRUE:0
  String:_static_REGION_AFRICA:0
  String:_static_REGION_NZ:0
  String:_static_REGION_SA:0
  int:MIN_VALUE:0
  char[]:DigitOnes:0
  int:BYTES:0
  String:_sfdcAdditionalCodeLocations:0
  int:MIN_EXPONENT:0
  int[]:sizeTable:0
  String:_static_REGION_ASIA:0
  int:MAX_EXPONENT:0
  String:_static_REGION_OCEANIA:0
  int:SIZE:0
  double:POSITIVE_INFINITY:0
  double:MIN_NORMAL:0
  int:BYTES:0

10:52:38.50 (50787750)|CUMULATIVE_LIMIT_USAGE_END

10:52:38.0 (52200929)|CODE_UNIT_FINISHED|LocalTimeUserTrigger on User trigger event BeforeUpdate for [005E0000004yLLO]
10:52:38.171 (171578957)|ENTERING_MANAGED_PKG|skuid
10:52:38.173 (173150583)|CUMULATIVE_LIMIT_USAGE
10:52:38.173 (173150583)|LIMIT_USAGE_FOR_NS|(default)|
  Number of SOQL queries: 0 out of 100
  Number of query rows: 0 out of 50000
  Number of SOSL queries: 0 out of 20
  Number of DML statements: 0 out of 150
  Number of DML rows: 0 out of 10000
  Maximum CPU time: 0 out of 10000
  Maximum heap size: 0 out of 6000000
  Number of callouts: 0 out of 100
  Number of Email Invocations: 0 out of 10
  Number of future calls: 0 out of 50
  Number of queueable jobs added to the queue: 0 out of 50
  Number of Mobile Apex push calls: 0 out of 10

10:52:38.173 (173150583)|LIMIT_USAGE_FOR_NS|tz|
  Number of SOQL queries: 0 out of 100
  Number of query rows: 1 out of 50000
  Number of SOSL queries: 0 out of 20
  Number of DML statements: 0 out of 150
  Number of DML rows: 0 out of 10000
  Maximum CPU time: 0 out of 10000
  Maximum heap size: 0 out of 6000000
  Number of callouts: 0 out of 100
  Number of Email Invocations: 0 out of 10
  Number of future calls: 0 out of 50
  Number of queueable jobs added to the queue: 0 out of 50
  Number of Mobile Apex push calls: 0 out of 10

10:52:38.173 (173150583)|CUMULATIVE_LIMIT_USAGE_END

10:52:38.0 (177271457)|CODE_UNIT_STARTED|[EXTERNAL]|Workflow:User
10:52:38.0 (184694190)|WF_RULE_EVAL_BEGIN|Workflow
10:52:38.0 (184729105)|WF_CRITERIA_BEGIN|[User: Elissa Sadhana Team (WCI) 005E0000004yLLO]|Member_Community_New_User301V000000063fo|01QV00000001N6N|ON_CREATE_ONLY|0
10:52:38.0 (184748694)|WF_RULE_NOT_EVALUATED
10:52:38.0 (184759894)|WF_SPOOL_ACTION_BEGIN|Workflow
10:52:38.0 (184773592)|WF_ACTION| None
10:52:38.0 (184781135)|WF_RULE_EVAL_END
10:52:38.0 (184854137)|WF_ACTIONS_END| None
10:52:38.0 (184869780)|CODE_UNIT_FINISHED|Workflow:User
10:52:38.0 (197275216)|CODE_UNIT_STARTED|[EXTERNAL]|01qV0000000DErk|LocalTimeUserTrigger on User trigger event BeforeUpdate for [005E0000004yLLO]
10:52:38.0 (197359676)|HEAP_ALLOCATE|[EXTERNAL]|Bytes:8
10:52:38.0 (197404428)|HEAP_ALLOCATE|[EXTERNAL]|Bytes:8
10:52:38.0 (197489432)|HEAP_ALLOCATE|[EXTERNAL]|Bytes:4
10:52:38.0 (197505891)|VARIABLE_SCOPE_BEGIN|[5]|this|LocalTimeUserTrigger|true|false
10:52:38.0 (197547255)|VARIABLE_ASSIGNMENT|[5]|this|{}|0x56e0ad2e
10:52:38.0 (197590438)|HEAP_ALLOCATE|[EXTERNAL]|Bytes:4
10:52:38.0 (197600648)|VARIABLE_SCOPE_BEGIN|[5]|this|LocalTimeUserTrigger|true|false
10:52:38.0 (197613326)|VARIABLE_ASSIGNMENT|[5]|this|{}|0x56e0ad2e
10:52:38.0 (197623598)|STATEMENT_EXECUTE|[5]
10:52:38.0 (197748438)|HEAP_ALLOCATE|[7]|Bytes:5
10:52:38.0 (197777462)|HEAP_ALLOCATE|[7]|Bytes:4
10:52:38.0 (197793095)|VARIABLE_SCOPE_BEGIN|[7]|u|User|true|false
10:52:38.0 (202265026)|VARIABLE_ASSIGNMENT|[7]|u|{"ProfileId":"00eE0000000zEdeIAE","LastModifiedDate":"2017-11-10T15:52:38.000Z","ReceivesAdminInfoEma (3 more) ...":false,"Email":"depot@sadhanaconsult (7 more) ...","TimeZoneSidKey":"America/New_York","LanguageLocaleKey":"en_US","UserRoleId":"00EE0000000hj7TMAQ","License_Type__c":"Salesforce","IsActive":true,"Nurse__c":false,"LastLoginDate":"2017-11-10T15:06:05.000Z","PostalCode":"03820","ForecastEnabled":false,"IsExtIndicatorVisibl (1 more) ...":false,"DigestFrequency":"D","UTC_Offset__c":-4.00,"IsProfilePhotoActive":false,"Default_Patient_Coun (6 more) ...":"US","CompanyName":"Sadhana Consulting L (2 more) ...","CommunityNickname":"prozek","CreatedById":"005E0000002k2ScIAI","Street":"1 S Pine Street","Acquisition_Site__c":"001E000001HBa8R","Server_URL__c":"https://cs12.salesfo (17 more) ...","LastPasswordChangeDa (2 more) ...":"2017-10-10T13:48:13.000Z","LocaleSidKey":"en_US","FirstName":"Elissa","Name_Formula__c":"Elissa Sadhana Team  (5 more) ...","Title":"Consultant","City":"Dover","EmailEncodingKey":"ISO-8859-1","ReceivesInfoEmails":false,"SystemModstamp":"2017-11-10T15:52:38.000Z","User_18_Digit_ID__c":"005E0000004yLLOIA2","IsPortalEnabled":false,"Username":"worldcare@sadhanacon (19 more) ...","Alias":"Sadhana","DefaultGroupNotifica (13 more) ...":"N","CreatedDate":"2014-03-07T01:09:17.000Z","LastName":"Sadhana Team (WCI)","Id":"005E0000004yLLOIA2","IsPortalSelfRegister (2 more) ...":false,"UserType":"Standard","LastModifiedById":"005E0000004yLLOIA2"}|0x740e98cd
10:52:38.0 (202302838)|STATEMENT_EXECUTE|[7]
10:52:38.0 (202305033)|STATEMENT_EXECUTE|[9]
10:52:38.0 (202306102)|STATEMENT_EXECUTE|[9]
10:52:38.0 (202307232)|STATEMENT_EXECUTE|[10]
10:52:38.0 (202380314)|METHOD_ENTRY|[10]|01pE0000001ksei|tz.LocalTime.getOffsetFull(String, String, String)
10:52:38.0 (202397105)|ENTERING_MANAGED_PKG|tz
10:52:38.0 (202449588)|ENTERING_MANAGED_PKG|tz
10:52:38.0 (202516622)|ENTERING_MANAGED_PKG|tz
10:52:38.0 (202932282)|SOQL_EXECUTE_BEGIN|[333]|Aggregations:0|SELECT tz__Country__c FROM tz__lt_country_names__mdt WHERE MasterLabel = :tmpVar1
10:52:38.0 (213533656)|SOQL_EXECUTE_END|[333]|Rows:1
10:52:38.0 (213954709)|ENTERING_MANAGED_PKG|tz
10:52:38.0 (214025231)|METHOD_EXIT|[10]|01pE0000001ksei|tz.LocalTime.getOffsetFull(String, String, String)
10:52:38.0 (214036144)|VARIABLE_SCOPE_BEGIN|[10]|jsonStr|String|false|false
10:52:38.0 (214067058)|VARIABLE_ASSIGNMENT|[10]|jsonStr|"{\"offset\":\"N/A\",\"dst (92 more) ..."
10:52:38.0 (214076966)|STATEMENT_EXECUTE|[11]
10:52:38.0 (214078746)|STATEMENT_EXECUTE|[12]
10:52:38.0 (214090454)|METHOD_ENTRY|[12]||System.JSON.deserializeUntyped(String)
10:52:38.0 (214545223)|METHOD_EXIT|[12]||System.JSON.deserializeUntyped(String)
10:52:38.0 (214559555)|VARIABLE_SCOPE_BEGIN|[12]|m|Map<String,ANY>|true|false
10:52:38.0 (214585547)|VARIABLE_ASSIGNMENT|[12]|m|"Map of size 6 too large to display"|0x5bc17c5
10:52:38.0 (214592616)|STATEMENT_EXECUTE|[13]
10:52:38.0 (214611486)|VARIABLE_SCOPE_BEGIN|[13]|offset|String|false|false
10:52:38.0 (214622828)|VARIABLE_ASSIGNMENT|[13]|offset|"N/A"
10:52:38.0 (214647459)|STATEMENT_EXECUTE|[14]
10:52:38.0 (214667413)|HEAP_ALLOCATE|[7]|Bytes:5
10:52:38.0 (214687843)|VARIABLE_ASSIGNMENT|[7]|u|null|
10:52:38.214 (214703153)|CUMULATIVE_LIMIT_USAGE
10:52:38.214 (214703153)|LIMIT_USAGE_FOR_NS|(default)|
  Number of SOQL queries: 0 out of 100
  Number of query rows: 0 out of 50000
  Number of SOSL queries: 0 out of 20
  Number of DML statements: 0 out of 150
  Number of DML rows: 0 out of 10000
  Maximum CPU time: 0 out of 10000
  Maximum heap size: 0 out of 6000000
  Number of callouts: 0 out of 100
  Number of Email Invocations: 0 out of 10
  Number of future calls: 0 out of 50
  Number of queueable jobs added to the queue: 0 out of 50
  Number of Mobile Apex push calls: 0 out of 10

10:52:38.214 (214703153)|LIMIT_USAGE_FOR_NS|tz|
  Number of SOQL queries: 0 out of 100
  Number of query rows: 1 out of 50000
  Number of SOSL queries: 0 out of 20
  Number of DML statements: 0 out of 150
  Number of DML rows: 0 out of 10000
  Maximum CPU time: 0 out of 10000
  Maximum heap size: 0 out of 6000000
  Number of callouts: 0 out of 100
  Number of Email Invocations: 0 out of 10
  Number of future calls: 0 out of 50
  Number of queueable jobs added to the queue: 0 out of 50
  Number of Mobile Apex push calls: 0 out of 10

10:52:38.214 (214703153)|TOTAL_EMAIL_RECIPIENTS_QUEUED|0
10:52:38.214 (214703153)|STATIC_VARIABLE_LIST|
  char[]:DigitTens:0
  long:serialVersionUID:0
  String:_static_REGION_EUROPE:0
  String:_static_REGION_NA:0
  long:serialVersionUID:0
  double:MAX_VALUE:0
  Boolean:FALSE:0
  long:serialVersionUID:0
  String:_sfdcAdditionalCodeLocations:0
  double:MIN_VALUE:0
  int:SIZE:0
  double:NEGATIVE_INFINITY:0
  String:_static_NOT_AVAILABLE:0
  int:MAX_VALUE:0
  String:_static_REGION_ISRAEL:0
  char[]:digits:0
  double:NaN:0
  Boolean:TRUE:0
  String:_static_REGION_AFRICA:0
  String:_static_REGION_NZ:0
  String:_static_REGION_SA:0
  int:MIN_VALUE:0
  String:_sfdcAdditionalCodeLocations:0
  char[]:DigitOnes:0
  int:BYTES:0
  String:_sfdcAdditionalCodeLocations:0
  int:MIN_EXPONENT:0
  int[]:sizeTable:0
  String:_static_REGION_ASIA:0
  int:MAX_EXPONENT:0
  String:_static_REGION_OCEANIA:0
  int:SIZE:0
  double:POSITIVE_INFINITY:0
  double:MIN_NORMAL:0
  int:BYTES:0

10:52:38.214 (214703153)|CUMULATIVE_LIMIT_USAGE_END

10:52:38.0 (216325742)|CODE_UNIT_FINISHED|LocalTimeUserTrigger on User trigger event BeforeUpdate for [005E0000004yLLO]
10:52:38.275 (275684377)|ENTERING_MANAGED_PKG|skuid
10:52:38.276 (276498363)|CUMULATIVE_LIMIT_USAGE
10:52:38.276 (276498363)|LIMIT_USAGE_FOR_NS|(default)|
  Number of SOQL queries: 0 out of 100
  Number of query rows: 0 out of 50000
  Number of SOSL queries: 0 out of 20
  Number of DML statements: 0 out of 150
  Number of DML rows: 0 out of 10000
  Maximum CPU time: 0 out of 10000
  Maximum heap size: 0 out of 6000000
  Number of callouts: 0 out of 100
  Number of Email Invocations: 0 out of 10
  Number of future calls: 0 out of 50
  Number of queueable jobs added to the queue: 0 out of 50
  Number of Mobile Apex push calls: 0 out of 10

10:52:38.276 (276498363)|LIMIT_USAGE_FOR_NS|tz|
  Number of SOQL queries: 0 out of 100
  Number of query rows: 1 out of 50000
  Number of SOSL queries: 0 out of 20
  Number of DML statements: 0 out of 150
  Number of DML rows: 0 out of 10000
  Maximum CPU time: 0 out of 10000
  Maximum heap size: 0 out of 6000000
  Number of callouts: 0 out of 100
  Number of Email Invocations: 0 out of 10
  Number of future calls: 0 out of 50
  Number of queueable jobs added to the queue: 0 out of 50
  Number of Mobile Apex push calls: 0 out of 10

10:52:38.276 (276498363)|CUMULATIVE_LIMIT_USAGE_END

10:52:38.0 (279912692)|CODE_UNIT_STARTED|[EXTERNAL]|Workflow:User
10:52:38.0 (285716124)|WF_RULE_EVAL_BEGIN|Workflow
10:52:38.0 (285760003)|WF_CRITERIA_BEGIN|[User: Elissa Sadhana Team (WCI) 005E0000004yLLO]|Member_Community_New_User301V000000063fo|01QV00000001N6N|ON_CREATE_ONLY|0
10:52:38.0 (285777951)|WF_RULE_NOT_EVALUATED
10:52:38.0 (285787503)|WF_SPOOL_ACTION_BEGIN|Workflow
10:52:38.0 (285800212)|WF_ACTION| None
10:52:38.0 (285806628)|WF_RULE_EVAL_END
10:52:38.0 (285864868)|WF_ACTIONS_END| None
10:52:38.0 (285879574)|CODE_UNIT_FINISHED|Workflow:User
10:52:38.0 (436536863)|CODE_UNIT_FINISHED|TRIGGERS
10:52:38.0 (436557551)|EXECUTION_FINISHED
10:52:38.446 (446046651)|CUMULATIVE_PROFILING_BEGIN
10:52:38.446 (446046651)|CUMULATIVE_PROFILING|SOQL operations|
(tz): [SELECT tz__Country__c FROM tz__lt_country_names__mdt WHERE MasterLabel = :countryCode]: executed 2 times in 26 ms

10:52:38.446 (446046651)|CUMULATIVE_PROFILING|No profiling information for SOSL operations
10:52:38.446 (446046651)|CUMULATIVE_PROFILING|No profiling information for DML operations
10:52:38.446 (446046651)|CUMULATIVE_PROFILING|method invocations|
Trigger.LocalTimeUserTrigger: line 10, column 1: webService static String getOffsetFull(String, String, String): executed 2 times in 27 ms
External entry point: public void invoke(): executed 1 time in 17 ms
Trigger.LocalTimeUserTrigger: line 12, column 1: global static Object deserializeUntyped(String): executed 2 times in 2 ms
Trigger.LocalTimeUserTrigger: line 7, column 1: global public System.Iterator iterator(): executed 6 times in 0 ms
Trigger.LocalTimeUserTrigger: line 13, column 1: global public Object get(Object): executed 2 times in 0 ms

10:52:38.446 (446046651)|CUMULATIVE_PROFILING_END
