41.0 APEX_CODE,FINEST;APEX_PROFILING,FINEST;CALLOUT,INFO;DB,INFO;SYSTEM,DEBUG;VALIDATION,INFO;VISUALFORCE,INFO;WAVE,INFO;WORKFLOW,INFO
18:26:37.0 (485085)|USER_INFO|[EXTERNAL]|005E0000004yLLO|worldcare@sadhanaconsulting.com.devfull|Eastern Standard Time|GMT-05:00
18:26:37.0 (2485398)|HEAP_ALLOCATE|[72]|Bytes:3
18:26:37.0 (2548000)|HEAP_ALLOCATE|[77]|Bytes:152
18:26:37.0 (2569654)|HEAP_ALLOCATE|[342]|Bytes:408
18:26:37.0 (2590916)|HEAP_ALLOCATE|[355]|Bytes:408
18:26:37.0 (2610403)|HEAP_ALLOCATE|[467]|Bytes:48
18:26:37.138 (138812883)|USER_INFO|[EXTERNAL]|005E0000004yLLO|worldcare@sadhanaconsulting.com.devfull|Eastern Standard Time|GMT-05:00
18:26:37.155 (155522963)|USER_INFO|[EXTERNAL]|005E0000004yLLO|worldcare@sadhanaconsulting.com.devfull|Eastern Standard Time|GMT-05:00
18:26:37.174 (174724517)|USER_INFO|[EXTERNAL]|005E0000004yLLO|worldcare@sadhanaconsulting.com.devfull|Eastern Standard Time|GMT-05:00
18:26:37.194 (194469784)|USER_INFO|[EXTERNAL]|005E0000004yLLO|worldcare@sadhanaconsulting.com.devfull|Eastern Standard Time|GMT-05:00
LATIVE_LIMIT_USAGE_END

18:26:37.0 (3093525)|CODE_UNIT_FINISHED|VF: /apex/reCAPTCHA
18:26:37.0 (3909639)|EXECUTION_FINISHED
18:26:37.4 (4710179)|CUMULATIVE_PROFILING_BEGIN
18:26:37.4 (4710179)|CUMULATIVE_PROFILING|No profiling information for SOQL operations
18:26:37.4 (4710179)|CUMULATIVE_PROFILING|No profiling information for SOSL operations
18:26:37.4 (4710179)|CUMULATIVE_PROFILING|No profiling information for DML operations
18:26:37.4 (4710179)|CUMULATIVE_PROFILING|No profiling information for method invocations
18:26:37.4 (4710179)|CUMULATIVE_PROFILING_END
