40.0 APEX_CODE,FINEST;APEX_PROFILING,FINEST;CALLOUT,INFO;DB,INFO;SYSTEM,DEBUG;VALIDATION,INFO;VISUALFORCE,INFO;WAVE,INFO;WORKFLOW,INFO
11:57:26.0 (393766)|USER_INFO|[EXTERNAL]|005E0000004yLLO|worldcare@sadhanaconsulting.com.devfull|Eastern Standard Time|GMT-05:00
11:57:26.0 (441334)|EXECUTION_STARTED
11:57:26.0 (448225)|CODE_UNIT_STARTED|[EXTERNAL]|TRIGGERS
11:57:26.0 (1427178)|CODE_UNIT_STARTED|[EXTERNAL]|01qV0000000DErk|LocalTimeUserTrigger on User trigger event BeforeUpdate for [005E0000004yLLO]
11:57:26.0 (1495212)|HEAP_ALLOCATE|[EXTERNAL]|Bytes:8
11:57:26.0 (1534476)|HEAP_ALLOCATE|[EXTERNAL]|Bytes:8
11:57:26.0 (2033019)|HEAP_ALLOCATE|[72]|Bytes:3
11:57:26.0 (2098428)|HEAP_ALLOCATE|[77]|Bytes:152
11:57:26.0 (2128179)|HEAP_ALLOCATE|[342]|Bytes:408
11:57:26.0 (2181110)|HEAP_ALLOCATE|[355]|Bytes:408
11:57:26.0 (2217996)|HEAP_ALLOCATE|[467]|Bytes:48
11:57:26.0 (2264573)|HEAP_ALLOCATE|[139]|Bytes:6
11:57:26.0 (2308742)|HEAP_ALLOCATE|[EXTERNAL]|Bytes:4
11:57:26.0 (2324979)|VARIABLE_SCOPE_BEGIN|[5]|this|LocalTimeUserTrigger|true|false
11:57:26.0 (2396049)|VARIABLE_ASSIGNMENT|[5]|this|{}|0x32251986
11:57:26.0 (2473122)|HEAP_ALLOCATE|[EXTERNAL]|Bytes:4
11:57:26.0 (2488784)|VARIABLE_SCOPE_BEGIN|[5]|this|LocalTimeUserTrigger|true|false
11:57:26.0 (2508608)|VARIABLE_ASSIGNMENT|[5]|this|{}|0x32251986
11:57:26.0 (2521855)|STATEMENT_EXECUTE|[5]
11:57:26.0 (2566802)|HEAP_ALLOCATE|[50]|Bytes:5
11:57:26.0 (2603234)|HEAP_ALLOCATE|[56]|Bytes:5
11:57:26.0 (2619898)|HEAP_ALLOCATE|[64]|Bytes:7
11:57:26.0 (3085197)|HEAP_ALLOCATE|[7]|Bytes:5
11:57:26.0 (3126211)|HEAP_ALLOCATE|[7]|Bytes:4
11:57:26.0 (3147435)|VARIABLE_SCOPE_BEGIN|[7]|u|User|true|false
11:57:26.0 (40564925)|VARIABLE_ASSIGNMENT|[7]|u|{"ProfileId":"00eE0000000zEdeIAE","LastModifiedDate":"2017-11-10T16:57:25.000Z","ReceivesAdminInfoEma (3 more) ...":false,"Email":"depot@sadhanaconsult (7 more) ...","TimeZoneSidKey":"America/New_York","LanguageLocaleKey":"fr","UserRoleId":"00EE0000000hj7TMAQ","License_Type__c":"Salesforce","IsActive":true,"Nurse__c":false,"LastLoginDate":"2017-11-10T16:55:46.000Z","PostalCode":"03820","ForecastEnabled":false,"IsExtIndicatorVisibl (1 more) ...":false,"DigestFrequency":"D","UTC_Offset__c":-4.00,"IsProfilePhotoActive":false,"Default_Patient_Coun (6 more) ...":"US","CompanyName":"Sadhana Consulting L (2 more) ...","CommunityNickname":"prozek","CreatedById":"005E0000002k2ScIAI","Street":"1 S Pine Street","Acquisition_Site__c":"001E000001HBa8R","Server_URL__c":"https://cs12.salesfo (17 more) ...","LastPasswordChangeDa (2 more) ...":"2017-10-10T13:48:13.000Z","LocaleSidKey":"en_US","FirstName":"Elissa","Name_Formula__c":"Elissa Sadhana Team  (5 more) ...","Title":"Consultant","City":"Dover","EmailEncodingKey":"ISO-8859-1","ReceivesInfoEmails":false,"SystemModstamp":"2017-11-10T16:57:25.000Z","User_18_Digit_ID__c":"005E0000004yLLOIA2","IsPortalEnabled":false,"Username":"worldcare@sadhanacon (19 more) ...","Alias":"Sadhana","DefaultGroupNotifica (13 more) ...":"N","CreatedDate":"2014-03-07T01:09:17.000Z","LastName":"Sadhana Team (WCI)","Id":"005E0000004yLLOIA2","IsPortalSelfRegister (2 more) ...":false,"UserType":"Standard","LastModifiedById":"005E0000004yLLOIA2"}|0x99797e1
11:57:26.0 (40611289)|STATEMENT_EXECUTE|[7]
11:57:26.0 (40614788)|STATEMENT_EXECUTE|[9]
11:57:26.0 (40615992)|STATEMENT_EXECUTE|[9]
11:57:26.0 (40617005)|STATEMENT_EXECUTE|[10]
11:57:26.0 (45774898)|VARIABLE_SCOPE_BEGIN|[3]|LocalTime.NOT_AVAILABLE|String|false|true
11:57:26.0 (45795365)|VARIABLE_SCOPE_BEGIN|[9]|LocalTime.REGION_AFRICA|String|false|true
11:57:26.0 (45805405)|VARIABLE_SCOPE_BEGIN|[6]|LocalTime.REGION_ASIA|String|false|true
11:57:26.0 (45815302)|VARIABLE_SCOPE_BEGIN|[5]|LocalTime.REGION_EUROPE|String|false|true
11:57:26.0 (45825044)|VARIABLE_SCOPE_BEGIN|[11]|LocalTime.REGION_ISRAEL|String|false|true
11:57:26.0 (45834520)|VARIABLE_SCOPE_BEGIN|[4]|LocalTime.REGION_NA|String|false|true
11:57:26.0 (45848223)|VARIABLE_SCOPE_BEGIN|[10]|LocalTime.REGION_NZ|String|false|true
11:57:26.0 (45858283)|VARIABLE_SCOPE_BEGIN|[7]|LocalTime.REGION_OCEANIA|String|false|true
11:57:26.0 (45868409)|VARIABLE_SCOPE_BEGIN|[8]|LocalTime.REGION_SA|String|false|true
11:57:26.0 (45941422)|HEAP_ALLOCATE|[10]|Bytes:86
11:57:26.0 (45960363)|HEAP_ALLOCATE|[10]|Bytes:3
11:57:26.0 (46016465)|VARIABLE_ASSIGNMENT|[10]|LocalTime.NOT_AVAILABLE|"N/A"
11:57:26.0 (46025412)|HEAP_ALLOCATE|[10]|Bytes:6
11:57:26.0 (46034435)|VARIABLE_ASSIGNMENT|[10]|LocalTime.REGION_AFRICA|"AFRICA"
11:57:26.0 (46039840)|HEAP_ALLOCATE|[10]|Bytes:4
11:57:26.0 (46046655)|VARIABLE_ASSIGNMENT|[10]|LocalTime.REGION_ASIA|"ASIA"
11:57:26.0 (46051561)|HEAP_ALLOCATE|[10]|Bytes:6
11:57:26.0 (46058798)|VARIABLE_ASSIGNMENT|[10]|LocalTime.REGION_EUROPE|"EUROPE"
11:57:26.0 (46063489)|HEAP_ALLOCATE|[10]|Bytes:6
11:57:26.0 (46069879)|VARIABLE_ASSIGNMENT|[10]|LocalTime.REGION_ISRAEL|"ISRAEL"
11:57:26.0 (46074681)|HEAP_ALLOCATE|[10]|Bytes:2
11:57:26.0 (46081162)|VARIABLE_ASSIGNMENT|[10]|LocalTime.REGION_NA|"NA"
11:57:26.0 (46086427)|HEAP_ALLOCATE|[10]|Bytes:2
11:57:26.0 (46092770)|VARIABLE_ASSIGNMENT|[10]|LocalTime.REGION_NZ|"NZ"
11:57:26.0 (46097291)|HEAP_ALLOCATE|[10]|Bytes:7
11:57:26.0 (46103851)|VARIABLE_ASSIGNMENT|[10]|LocalTime.REGION_OCEANIA|"OCEANIA"
11:57:26.0 (46108605)|HEAP_ALLOCATE|[10]|Bytes:2
11:57:26.0 (46115219)|VARIABLE_ASSIGNMENT|[10]|LocalTime.REGION_SA|"SA"
11:57:26.0 (46136710)|METHOD_ENTRY|[2]|01pE0000001ksei|LocalTime.LocalTime()
11:57:26.0 (46144899)|STATEMENT_EXECUTE|[2]
11:57:26.0 (46170321)|ENTERING_MANAGED_PKG|tz
11:57:26.0 (46193739)|METHOD_EXIT|[2]|LocalTime
11:57:26.0 (46243325)|METHOD_ENTRY|[10]|01pE0000001ksei|tz.LocalTime.getOffsetFull(String, String, String)
11:57:26.0 (46252164)|ENTERING_MANAGED_PKG|tz
11:57:26.0 (46493756)|ENTERING_MANAGED_PKG|tz
11:57:26.0 (46599278)|ENTERING_MANAGED_PKG|tz
11:57:26.0 (47736055)|SOQL_EXECUTE_BEGIN|[333]|Aggregations:0|SELECT tz__Country__c FROM tz__lt_country_names__mdt WHERE MasterLabel = :tmpVar1
11:57:26.0 (59593725)|SOQL_EXECUTE_END|[333]|Rows:1
11:57:26.0 (60193356)|ENTERING_MANAGED_PKG|tz
11:57:26.0 (60280385)|METHOD_EXIT|[10]|01pE0000001ksei|tz.LocalTime.getOffsetFull(String, String, String)
11:57:26.0 (60292481)|VARIABLE_SCOPE_BEGIN|[10]|jsonStr|String|false|false
11:57:26.0 (60319359)|VARIABLE_ASSIGNMENT|[10]|jsonStr|"{\"offset\":\"N/A\",\"dst (92 more) ..."
11:57:26.0 (60327153)|STATEMENT_EXECUTE|[11]
11:57:26.0 (60328842)|STATEMENT_EXECUTE|[12]
11:57:26.0 (60393482)|HEAP_ALLOCATE|[12]|Bytes:24
11:57:26.0 (60413354)|SYSTEM_METHOD_ENTRY|[1]|JSON.JSON()
11:57:26.0 (60417915)|STATEMENT_EXECUTE|[1]
11:57:26.0 (60428115)|SYSTEM_METHOD_EXIT|[1]|JSON
11:57:26.0 (60443870)|METHOD_ENTRY|[12]||System.JSON.deserializeUntyped(String)
11:57:26.0 (60944170)|METHOD_EXIT|[12]||System.JSON.deserializeUntyped(String)
11:57:26.0 (60959451)|VARIABLE_SCOPE_BEGIN|[12]|m|Map<String,ANY>|true|false
11:57:26.0 (60985497)|VARIABLE_ASSIGNMENT|[12]|m|"Map of size 6 too large to display"|0xd225f85
11:57:26.0 (60993994)|STATEMENT_EXECUTE|[13]
11:57:26.0 (60998893)|HEAP_ALLOCATE|[13]|Bytes:6
11:57:26.0 (61043549)|VARIABLE_SCOPE_BEGIN|[13]|offset|String|false|false
11:57:26.0 (61058205)|VARIABLE_ASSIGNMENT|[13]|offset|"N/A"
11:57:26.0 (61065946)|HEAP_ALLOCATE|[14]|Bytes:3
11:57:26.0 (61097161)|STATEMENT_EXECUTE|[14]
11:57:26.0 (61117138)|HEAP_ALLOCATE|[7]|Bytes:5
11:57:26.0 (61136960)|VARIABLE_ASSIGNMENT|[7]|u|null|
11:57:26.61 (61149535)|CUMULATIVE_LIMIT_USAGE
11:57:26.61 (61149535)|LIMIT_USAGE_FOR_NS|(default)|
  Number of SOQL queries: 0 out of 100
  Number of query rows: 0 out of 50000
  Number of SOSL queries: 0 out of 20
  Number of DML statements: 0 out of 150
  Number of DML rows: 0 out of 10000
  Maximum CPU time: 0 out of 10000
  Maximum heap size: 0 out of 6000000
  Number of callouts: 0 out of 100
  Number of Email Invocations: 0 out of 10
  Number of future calls: 0 out of 50
  Number of queueable jobs added to the queue: 0 out of 50
  Number of Mobile Apex push calls: 0 out of 10

11:57:26.61 (61149535)|LIMIT_USAGE_FOR_NS|tz|
  Number of SOQL queries: 0 out of 100
  Number of query rows: 1 out of 50000
  Number of SOSL queries: 0 out of 20
  Number of DML statements: 0 out of 150
  Number of DML rows: 0 out of 10000
  Maximum CPU time: 0 out of 10000
  Maximum heap size: 0 out of 6000000
  Number of callouts: 0 out of 100
  Number of Email Invocations: 0 out of 10
  Number of future calls: 0 out of 50
  Number of queueable jobs added to the queue: 0 out of 50
  Number of Mobile Apex push calls: 0 out of 10

11:57:26.61 (61149535)|TOTAL_EMAIL_RECIPIENTS_QUEUED|0
11:57:26.61 (61149535)|STATIC_VARIABLE_LIST|
  char[]:DigitTens:0
  long:serialVersionUID:0
  String:_static_REGION_EUROPE:0
  String:_static_REGION_NA:0
  long:serialVersionUID:0
  double:MAX_VALUE:0
  Boolean:FALSE:0
  long:serialVersionUID:0
  String:_sfdcAdditionalCodeLocations:0
  double:MIN_VALUE:0
  int:SIZE:0
  double:NEGATIVE_INFINITY:0
  String:_static_NOT_AVAILABLE:0
  int:MAX_VALUE:0
  String:_static_REGION_ISRAEL:0
  char[]:digits:0
  double:NaN:0
  Boolean:TRUE:0
  String:_static_REGION_AFRICA:0
  String:_static_REGION_NZ:0
  String:_static_REGION_SA:0
  int:MIN_VALUE:0
  char[]:DigitOnes:0
  int:BYTES:0
  String:_sfdcAdditionalCodeLocations:0
  int:MIN_EXPONENT:0
  int[]:sizeTable:0
  String:_static_REGION_ASIA:0
  int:MAX_EXPONENT:0
  String:_static_REGION_OCEANIA:0
  int:SIZE:0
  double:POSITIVE_INFINITY:0
  double:MIN_NORMAL:0
  int:BYTES:0

11:57:26.61 (61149535)|CUMULATIVE_LIMIT_USAGE_END

11:57:26.0 (62741396)|CODE_UNIT_FINISHED|LocalTimeUserTrigger on User trigger event BeforeUpdate for [005E0000004yLLO]
11:57:26.161 (161040582)|ENTERING_MANAGED_PKG|skuid
11:57:26.162 (162277657)|CUMULATIVE_LIMIT_USAGE
11:57:26.162 (162277657)|LIMIT_USAGE_FOR_NS|(default)|
  Number of SOQL queries: 0 out of 100
  Number of query rows: 0 out of 50000
  Number of SOSL queries: 0 out of 20
  Number of DML statements: 0 out of 150
  Number of DML rows: 0 out of 10000
  Maximum CPU time: 0 out of 10000
  Maximum heap size: 0 out of 6000000
  Number of callouts: 0 out of 100
  Number of Email Invocations: 0 out of 10
  Number of future calls: 0 out of 50
  Number of queueable jobs added to the queue: 0 out of 50
  Number of Mobile Apex push calls: 0 out of 10

11:57:26.162 (162277657)|LIMIT_USAGE_FOR_NS|tz|
  Number of SOQL queries: 0 out of 100
  Number of query rows: 1 out of 50000
  Number of SOSL queries: 0 out of 20
  Number of DML statements: 0 out of 150
  Number of DML rows: 0 out of 10000
  Maximum CPU time: 0 out of 10000
  Maximum heap size: 0 out of 6000000
  Number of callouts: 0 out of 100
  Number of Email Invocations: 0 out of 10
  Number of future calls: 0 out of 50
  Number of queueable jobs added to the queue: 0 out of 50
  Number of Mobile Apex push calls: 0 out of 10

11:57:26.162 (162277657)|CUMULATIVE_LIMIT_USAGE_END

11:57:26.0 (166020163)|CODE_UNIT_STARTED|[EXTERNAL]|Workflow:User
11:57:26.0 (175587673)|WF_RULE_EVAL_BEGIN|Workflow
11:57:26.0 (175624166)|WF_CRITERIA_BEGIN|[User: Elissa Sadhana Team (WCI) 005E0000004yLLO]|Member_Community_New_User301V000000063fo|01QV00000001N6N|ON_CREATE_ONLY|0
11:57:26.0 (175636661)|WF_RULE_NOT_EVALUATED
11:57:26.0 (175647733)|WF_SPOOL_ACTION_BEGIN|Workflow
11:57:26.0 (175658471)|WF_ACTION| None
11:57:26.0 (175662678)|WF_RULE_EVAL_END
11:57:26.0 (175712168)|WF_ACTIONS_END| None
11:57:26.0 (175725079)|CODE_UNIT_FINISHED|Workflow:User
11:57:26.0 (190290295)|CODE_UNIT_STARTED|[EXTERNAL]|01qV0000000DErk|LocalTimeUserTrigger on User trigger event BeforeUpdate for [005E0000004yLLO]
11:57:26.0 (190374748)|HEAP_ALLOCATE|[EXTERNAL]|Bytes:8
11:57:26.0 (190412346)|HEAP_ALLOCATE|[EXTERNAL]|Bytes:8
11:57:26.0 (190577774)|HEAP_ALLOCATE|[EXTERNAL]|Bytes:4
11:57:26.0 (190604625)|VARIABLE_SCOPE_BEGIN|[5]|this|LocalTimeUserTrigger|true|false
11:57:26.0 (190662526)|VARIABLE_ASSIGNMENT|[5]|this|{}|0x3b00aa46
11:57:26.0 (190728599)|HEAP_ALLOCATE|[EXTERNAL]|Bytes:4
11:57:26.0 (190744436)|VARIABLE_SCOPE_BEGIN|[5]|this|LocalTimeUserTrigger|true|false
11:57:26.0 (190770345)|VARIABLE_ASSIGNMENT|[5]|this|{}|0x3b00aa46
11:57:26.0 (190790331)|STATEMENT_EXECUTE|[5]
11:57:26.0 (190955012)|HEAP_ALLOCATE|[7]|Bytes:5
11:57:26.0 (190988795)|HEAP_ALLOCATE|[7]|Bytes:4
11:57:26.0 (191007476)|VARIABLE_SCOPE_BEGIN|[7]|u|User|true|false
11:57:26.0 (196405552)|VARIABLE_ASSIGNMENT|[7]|u|{"ProfileId":"00eE0000000zEdeIAE","LastModifiedDate":"2017-11-10T16:57:26.000Z","ReceivesAdminInfoEma (3 more) ...":false,"Email":"depot@sadhanaconsult (7 more) ...","TimeZoneSidKey":"America/New_York","LanguageLocaleKey":"en_US","UserRoleId":"00EE0000000hj7TMAQ","License_Type__c":"Salesforce","IsActive":true,"Nurse__c":false,"LastLoginDate":"2017-11-10T16:55:46.000Z","PostalCode":"03820","ForecastEnabled":false,"IsExtIndicatorVisibl (1 more) ...":false,"DigestFrequency":"D","UTC_Offset__c":-4.00,"IsProfilePhotoActive":false,"Default_Patient_Coun (6 more) ...":"US","CompanyName":"Sadhana Consulting L (2 more) ...","CommunityNickname":"prozek","CreatedById":"005E0000002k2ScIAI","Street":"1 S Pine Street","Acquisition_Site__c":"001E000001HBa8R","Server_URL__c":"https://cs12.salesfo (17 more) ...","LastPasswordChangeDa (2 more) ...":"2017-10-10T13:48:13.000Z","LocaleSidKey":"en_US","FirstName":"Elissa","Name_Formula__c":"Elissa Sadhana Team  (5 more) ...","Title":"Consultant","City":"Dover","EmailEncodingKey":"ISO-8859-1","ReceivesInfoEmails":false,"SystemModstamp":"2017-11-10T16:57:26.000Z","User_18_Digit_ID__c":"005E0000004yLLOIA2","IsPortalEnabled":false,"Username":"worldcare@sadhanacon (19 more) ...","Alias":"Sadhana","DefaultGroupNotifica (13 more) ...":"N","CreatedDate":"2014-03-07T01:09:17.000Z","LastName":"Sadhana Team (WCI)","Id":"005E0000004yLLOIA2","IsPortalSelfRegister (2 more) ...":false,"UserType":"Standard","LastModifiedById":"005E0000004yLLOIA2"}|0x3f0f14ec
11:57:26.0 (196439456)|STATEMENT_EXECUTE|[7]
11:57:26.0 (196441718)|STATEMENT_EXECUTE|[9]
11:57:26.0 (196442854)|STATEMENT_EXECUTE|[9]
11:57:26.0 (196443814)|STATEMENT_EXECUTE|[10]
11:57:26.0 (196515599)|METHOD_ENTRY|[10]|01pE0000001ksei|tz.LocalTime.getOffsetFull(String, String, String)
11:57:26.0 (196535539)|ENTERING_MANAGED_PKG|tz
11:57:26.0 (196602735)|ENTERING_MANAGED_PKG|tz
11:57:26.0 (196669081)|ENTERING_MANAGED_PKG|tz
11:57:26.0 (197138941)|SOQL_EXECUTE_BEGIN|[333]|Aggregations:0|SELECT tz__Country__c FROM tz__lt_country_names__mdt WHERE MasterLabel = :tmpVar1
11:57:26.0 (209661691)|SOQL_EXECUTE_END|[333]|Rows:1
11:57:26.0 (210291538)|ENTERING_MANAGED_PKG|tz
11:57:26.0 (210389254)|METHOD_EXIT|[10]|01pE0000001ksei|tz.LocalTime.getOffsetFull(String, String, String)
11:57:26.0 (210407855)|VARIABLE_SCOPE_BEGIN|[10]|jsonStr|String|false|false
11:57:26.0 (210464999)|VARIABLE_ASSIGNMENT|[10]|jsonStr|"{\"offset\":\"N/A\",\"dst (92 more) ..."
11:57:26.0 (210479802)|STATEMENT_EXECUTE|[11]
11:57:26.0 (210482642)|STATEMENT_EXECUTE|[12]
11:57:26.0 (210497743)|METHOD_ENTRY|[12]||System.JSON.deserializeUntyped(String)
11:57:26.0 (211227545)|METHOD_EXIT|[12]||System.JSON.deserializeUntyped(String)
11:57:26.0 (211254588)|VARIABLE_SCOPE_BEGIN|[12]|m|Map<String,ANY>|true|false
11:57:26.0 (211290176)|VARIABLE_ASSIGNMENT|[12]|m|"Map of size 6 too large to display"|0x302b7da6
11:57:26.0 (211304158)|STATEMENT_EXECUTE|[13]
11:57:26.0 (211333972)|VARIABLE_SCOPE_BEGIN|[13]|offset|String|false|false
11:57:26.0 (211357356)|VARIABLE_ASSIGNMENT|[13]|offset|"N/A"
11:57:26.0 (211393228)|STATEMENT_EXECUTE|[14]
11:57:26.0 (211422062)|HEAP_ALLOCATE|[7]|Bytes:5
11:57:26.0 (211448914)|VARIABLE_ASSIGNMENT|[7]|u|null|
11:57:26.211 (211464101)|CUMULATIVE_LIMIT_USAGE
11:57:26.211 (211464101)|LIMIT_USAGE_FOR_NS|(default)|
  Number of SOQL queries: 0 out of 100
  Number of query rows: 0 out of 50000
  Number of SOSL queries: 0 out of 20
  Number of DML statements: 0 out of 150
  Number of DML rows: 0 out of 10000
  Maximum CPU time: 0 out of 10000
  Maximum heap size: 0 out of 6000000
  Number of callouts: 0 out of 100
  Number of Email Invocations: 0 out of 10
  Number of future calls: 0 out of 50
  Number of queueable jobs added to the queue: 0 out of 50
  Number of Mobile Apex push calls: 0 out of 10

11:57:26.211 (211464101)|LIMIT_USAGE_FOR_NS|tz|
  Number of SOQL queries: 0 out of 100
  Number of query rows: 1 out of 50000
  Number of SOSL queries: 0 out of 20
  Number of DML statements: 0 out of 150
  Number of DML rows: 0 out of 10000
  Maximum CPU time: 0 out of 10000
  Maximum heap size: 0 out of 6000000
  Number of callouts: 0 out of 100
  Number of Email Invocations: 0 out of 10
  Number of future calls: 0 out of 50
  Number of queueable jobs added to the queue: 0 out of 50
  Number of Mobile Apex push calls: 0 out of 10

11:57:26.211 (211464101)|TOTAL_EMAIL_RECIPIENTS_QUEUED|0
11:57:26.211 (211464101)|STATIC_VARIABLE_LIST|
  char[]:DigitTens:0
  long:serialVersionUID:0
  String:_static_REGION_EUROPE:0
  String:_static_REGION_NA:0
  long:serialVersionUID:0
  double:MAX_VALUE:0
  Boolean:FALSE:0
  long:serialVersionUID:0
  String:_sfdcAdditionalCodeLocations:0
  double:MIN_VALUE:0
  int:SIZE:0
  double:NEGATIVE_INFINITY:0
  String:_static_NOT_AVAILABLE:0
  int:MAX_VALUE:0
  String:_static_REGION_ISRAEL:0
  char[]:digits:0
  double:NaN:0
  Boolean:TRUE:0
  String:_static_REGION_AFRICA:0
  String:_static_REGION_NZ:0
  String:_static_REGION_SA:0
  int:MIN_VALUE:0
  String:_sfdcAdditionalCodeLocations:0
  char[]:DigitOnes:0
  int:BYTES:0
  String:_sfdcAdditionalCodeLocations:0
  int:MIN_EXPONENT:0
  int[]:sizeTable:0
  String:_static_REGION_ASIA:0
  int:MAX_EXPONENT:0
  String:_static_REGION_OCEANIA:0
  int:SIZE:0
  double:POSITIVE_INFINITY:0
  double:MIN_NORMAL:0
  int:BYTES:0

11:57:26.211 (211464101)|CUMULATIVE_LIMIT_USAGE_END

11:57:26.0 (213246890)|CODE_UNIT_FINISHED|LocalTimeUserTrigger on User trigger event BeforeUpdate for [005E0000004yLLO]
11:57:26.277 (277813714)|ENTERING_MANAGED_PKG|skuid
11:57:26.278 (278995541)|CUMULATIVE_LIMIT_USAGE
11:57:26.278 (278995541)|LIMIT_USAGE_FOR_NS|(default)|
  Number of SOQL queries: 0 out of 100
  Number of query rows: 0 out of 50000
  Number of SOSL queries: 0 out of 20
  Number of DML statements: 0 out of 150
  Number of DML rows: 0 out of 10000
  Maximum CPU time: 0 out of 10000
  Maximum heap size: 0 out of 6000000
  Number of callouts: 0 out of 100
  Number of Email Invocations: 0 out of 10
  Number of future calls: 0 out of 50
  Number of queueable jobs added to the queue: 0 out of 50
  Number of Mobile Apex push calls: 0 out of 10

11:57:26.278 (278995541)|LIMIT_USAGE_FOR_NS|tz|
  Number of SOQL queries: 0 out of 100
  Number of query rows: 1 out of 50000
  Number of SOSL queries: 0 out of 20
  Number of DML statements: 0 out of 150
  Number of DML rows: 0 out of 10000
  Maximum CPU time: 0 out of 10000
  Maximum heap size: 0 out of 6000000
  Number of callouts: 0 out of 100
  Number of Email Invocations: 0 out of 10
  Number of future calls: 0 out of 50
  Number of queueable jobs added to the queue: 0 out of 50
  Number of Mobile Apex push calls: 0 out of 10

11:57:26.278 (278995541)|CUMULATIVE_LIMIT_USAGE_END

11:57:26.0 (281902861)|CODE_UNIT_STARTED|[EXTERNAL]|Workflow:User
11:57:26.0 (288136313)|WF_RULE_EVAL_BEGIN|Workflow
11:57:26.0 (288172511)|WF_CRITERIA_BEGIN|[User: Elissa Sadhana Team (WCI) 005E0000004yLLO]|Member_Community_New_User301V000000063fo|01QV00000001N6N|ON_CREATE_ONLY|0
11:57:26.0 (288184898)|WF_RULE_NOT_EVALUATED
11:57:26.0 (288195605)|WF_SPOOL_ACTION_BEGIN|Workflow
11:57:26.0 (288205931)|WF_ACTION| None
11:57:26.0 (288209974)|WF_RULE_EVAL_END
11:57:26.0 (288254534)|WF_ACTIONS_END| None
11:57:26.0 (288264629)|CODE_UNIT_FINISHED|Workflow:User
11:57:26.0 (433677611)|CODE_UNIT_FINISHED|TRIGGERS
11:57:26.0 (433700111)|EXECUTION_FINISHED
11:57:26.442 (442675051)|CUMULATIVE_PROFILING_BEGIN
11:57:26.442 (442675051)|CUMULATIVE_PROFILING|SOQL operations|
(tz): [SELECT tz__Country__c FROM tz__lt_country_names__mdt WHERE MasterLabel = :countryCode]: executed 2 times in 26 ms

11:57:26.442 (442675051)|CUMULATIVE_PROFILING|No profiling information for SOSL operations
11:57:26.442 (442675051)|CUMULATIVE_PROFILING|No profiling information for DML operations
11:57:26.442 (442675051)|CUMULATIVE_PROFILING|method invocations|
Trigger.LocalTimeUserTrigger: line 10, column 1: webService static String getOffsetFull(String, String, String): executed 2 times in 28 ms
External entry point: public void invoke(): executed 1 time in 21 ms
Trigger.LocalTimeUserTrigger: line 13, column 1: global public Object get(Object): executed 2 times in 1 ms
Trigger.LocalTimeUserTrigger: line 7, column 1: global public System.Iterator iterator(): executed 6 times in 0 ms
Trigger.LocalTimeUserTrigger: line 12, column 1: global static Object deserializeUntyped(String): executed 2 times in 0 ms

11:57:26.442 (442675051)|CUMULATIVE_PROFILING_END
