41.0 APEX_CODE,FINEST;APEX_PROFILING,FINEST;CALLOUT,INFO;DB,INFO;SYSTEM,DEBUG;VALIDATION,INFO;VISUALFORCE,INFO;WAVE,INFO;WORKFLOW,INFO
10:23:23.0 (410907)|USER_INFO|[EXTERNAL]|005E0000004yLLO|worldcare@sadhanaconsulting.com.devfull|Eastern Standard Time|GMT-05:00
10:23:23.0 (481830)|EXECUTION_STARTED
10:23:23.0 (488797)|CODE_UNIT_STARTED|[EXTERNAL]|VisualForce View State
10:23:23.0 (8436922)|CODE_UNIT_FINISHED|VisualForce View State
10:23:23.0 (10760313)|EXECUTION_FINISHED
10:23:23.13 (13647156)|USER_INFO|[EXTERNAL]|005E0000004yLLO|worldcare@sadhanaconsulting.com.devfull|Eastern Standard Time|GMT-05:00
10:23:23.13 (13672084)|EXECUTION_STARTED
10:23:23.13 (13676487)|CODE_UNIT_STARTED|[EXTERNAL]|VF: /apex/editStaticResource.apexp
10:23:23.13 (21695627)|HEAP_ALLOCATE|[EXTERNAL]|Bytes:-4
10:23:23.25 (25097370)|HEAP_ALLOCATE|[EXTERNAL]|Bytes:-4
10:23:23.25 (25719735)|SYSTEM_MODE_ENTER|false
10:23:23.25 (144795971)|HEAP_ALLOCATE|[EXTERNAL]|Bytes:-4
10:23:23.148 (148529495)|CUMULATIVE_LIMIT_USAGE
10:23:23.148 (148529495)|LIMIT_USAGE_FOR_NS|(default)|
  Number of SOQL queries: 0 out of 100
  Number of query rows: 0 out of 50000
  Number of SOSL queries: 0 out of 20
  Number of DML statements: 0 out of 150
  Number of DML rows: 0 out of 10000
  Maximum CPU time: 0 out of 10000
  Maximum heap size: 0 out of 6000000
  Number of callouts: 0 out of 100
  Number of Email Invocations: 0 out of 10
  Number of future calls: 0 out of 50
  Number of queueable jobs added to the queue: 0 out of 50
  Number of Mobile Apex push calls: 0 out of 10

10:23:23.148 (148529495)|TOTAL_EMAIL_RECIPIENTS_QUEUED|0
10:23:23.148 (148529495)|CUMULATIVE_LIMIT_USAGE_END

10:23:23.13 (148585788)|CODE_UNIT_FINISHED|VF: /apex/editStaticResource.apexp
10:23:23.13 (149476672)|EXECUTION_FINISHED
10:23:23.151 (151599164)|CUMULATIVE_PROFILING_BEGIN
10:23:23.151 (151599164)|CUMULATIVE_PROFILING|No profiling information for SOQL operations
10:23:23.151 (151599164)|CUMULATIVE_PROFILING|No profiling information for SOSL operations
10:23:23.151 (151599164)|CUMULATIVE_PROFILING|No profiling information for DML operations
10:23:23.151 (151599164)|CUMULATIVE_PROFILING|No profiling information for method invocations
10:23:23.151 (151599164)|CUMULATIVE_PROFILING_END
