40.0 APEX_CODE,FINEST;APEX_PROFILING,FINEST;CALLOUT,INFO;DB,INFO;SYSTEM,DEBUG;VALIDATION,INFO;VISUALFORCE,INFO;WAVE,INFO;WORKFLOW,INFO
12:48:44.0 (375160)|USER_INFO|[EXTERNAL]|005E0000004yLLO|worldcare@sadhanaconsulting.com.devfull|Eastern Standard Time|GMT-05:00
12:48:44.0 (416499)|EXECUTION_STARTED
12:48:44.0 (421010)|CODE_UNIT_STARTED|[EXTERNAL]|TRIGGERS
12:48:44.0 (1428921)|CODE_UNIT_STARTED|[EXTERNAL]|01qV0000000DErk|LocalTimeUserTrigger on User trigger event BeforeUpdate for [005E0000004yLLO]
12:48:44.0 (1492711)|HEAP_ALLOCATE|[EXTERNAL]|Bytes:8
12:48:44.0 (1540267)|HEAP_ALLOCATE|[EXTERNAL]|Bytes:8
12:48:44.0 (1941502)|HEAP_ALLOCATE|[72]|Bytes:3
12:48:44.0 (1990060)|HEAP_ALLOCATE|[77]|Bytes:152
12:48:44.0 (2010629)|HEAP_ALLOCATE|[342]|Bytes:408
12:48:44.0 (2033257)|HEAP_ALLOCATE|[355]|Bytes:408
12:48:44.0 (2053935)|HEAP_ALLOCATE|[467]|Bytes:48
12:48:44.0 (2087747)|HEAP_ALLOCATE|[139]|Bytes:6
12:48:44.0 (2117926)|HEAP_ALLOCATE|[EXTERNAL]|Bytes:4
12:48:44.0 (2129986)|VARIABLE_SCOPE_BEGIN|[5]|this|LocalTimeUserTrigger|true|false
12:48:44.0 (2184756)|VARIABLE_ASSIGNMENT|[5]|this|{}|0x5997fa84
12:48:44.0 (2218038)|HEAP_ALLOCATE|[EXTERNAL]|Bytes:4
12:48:44.0 (2225954)|VARIABLE_SCOPE_BEGIN|[5]|this|LocalTimeUserTrigger|true|false
12:48:44.0 (2239307)|VARIABLE_ASSIGNMENT|[5]|this|{}|0x5997fa84
12:48:44.0 (2247796)|STATEMENT_EXECUTE|[5]
12:48:44.0 (2281755)|HEAP_ALLOCATE|[50]|Bytes:5
12:48:44.0 (2309626)|HEAP_ALLOCATE|[56]|Bytes:5
12:48:44.0 (2320940)|HEAP_ALLOCATE|[64]|Bytes:7
12:48:44.0 (2734759)|HEAP_ALLOCATE|[7]|Bytes:5
12:48:44.0 (2763760)|HEAP_ALLOCATE|[7]|Bytes:4
12:48:44.0 (2777102)|VARIABLE_SCOPE_BEGIN|[7]|u|User|true|false
12:48:44.0 (34014875)|VARIABLE_ASSIGNMENT|[7]|u|{"ProfileId":"00eE0000000zEdeIAE","LastModifiedDate":"2017-11-10T17:39:10.000Z","ReceivesAdminInfoEma (3 more) ...":false,"Email":"depot@sadhanaconsult (7 more) ...","TimeZoneSidKey":"America/New_York","LanguageLocaleKey":"fr","UserRoleId":"00EE0000000hj7TMAQ","License_Type__c":"Salesforce","IsActive":true,"Nurse__c":false,"LastLoginDate":"2017-11-10T16:55:46.000Z","PostalCode":"03820","ForecastEnabled":false,"IsExtIndicatorVisibl (1 more) ...":false,"DigestFrequency":"D","UTC_Offset__c":-4.00,"IsProfilePhotoActive":false,"Default_Patient_Coun (6 more) ...":"US","CompanyName":"Sadhana Consulting L (2 more) ...","CommunityNickname":"prozek","CreatedById":"005E0000002k2ScIAI","Street":"1 S Pine Street","Acquisition_Site__c":"001E000001HBa8R","Server_URL__c":"https://cs12.salesfo (17 more) ...","LastPasswordChangeDa (2 more) ...":"2017-10-10T13:48:13.000Z","LocaleSidKey":"en_US","FirstName":"Elissa","Name_Formula__c":"Elissa Sadhana Team  (5 more) ...","Title":"Consultant","City":"Dover","EmailEncodingKey":"ISO-8859-1","ReceivesInfoEmails":false,"SystemModstamp":"2017-11-10T17:39:10.000Z","User_18_Digit_ID__c":"005E0000004yLLOIA2","IsPortalEnabled":false,"Username":"worldcare@sadhanacon (19 more) ...","Alias":"Sadhana","DefaultGroupNotifica (13 more) ...":"N","CreatedDate":"2014-03-07T01:09:17.000Z","LastName":"Sadhana Team (WCI)","Id":"005E0000004yLLOIA2","IsPortalSelfRegister (2 more) ...":false,"UserType":"Standard","LastModifiedById":"005E0000004yLLOIA2"}|0x3b356ace
12:48:44.0 (34060624)|STATEMENT_EXECUTE|[7]
12:48:44.0 (34062802)|STATEMENT_EXECUTE|[9]
12:48:44.0 (34063830)|STATEMENT_EXECUTE|[9]
12:48:44.0 (34065040)|STATEMENT_EXECUTE|[10]
12:48:44.0 (35010808)|VARIABLE_SCOPE_BEGIN|[3]|LocalTime.NOT_AVAILABLE|String|false|true
12:48:44.0 (35022643)|VARIABLE_SCOPE_BEGIN|[9]|LocalTime.REGION_AFRICA|String|false|true
12:48:44.0 (35028894)|VARIABLE_SCOPE_BEGIN|[6]|LocalTime.REGION_ASIA|String|false|true
12:48:44.0 (35034877)|VARIABLE_SCOPE_BEGIN|[5]|LocalTime.REGION_EUROPE|String|false|true
12:48:44.0 (35041165)|VARIABLE_SCOPE_BEGIN|[11]|LocalTime.REGION_ISRAEL|String|false|true
12:48:44.0 (35047424)|VARIABLE_SCOPE_BEGIN|[4]|LocalTime.REGION_NA|String|false|true
12:48:44.0 (35053237)|VARIABLE_SCOPE_BEGIN|[10]|LocalTime.REGION_NZ|String|false|true
12:48:44.0 (35058976)|VARIABLE_SCOPE_BEGIN|[7]|LocalTime.REGION_OCEANIA|String|false|true
12:48:44.0 (35064847)|VARIABLE_SCOPE_BEGIN|[8]|LocalTime.REGION_SA|String|false|true
12:48:44.0 (35133781)|HEAP_ALLOCATE|[10]|Bytes:86
12:48:44.0 (35148495)|HEAP_ALLOCATE|[10]|Bytes:3
12:48:44.0 (35163741)|VARIABLE_ASSIGNMENT|[10]|LocalTime.NOT_AVAILABLE|"N/A"
12:48:44.0 (35169004)|HEAP_ALLOCATE|[10]|Bytes:6
12:48:44.0 (35175605)|VARIABLE_ASSIGNMENT|[10]|LocalTime.REGION_AFRICA|"AFRICA"
12:48:44.0 (35180360)|HEAP_ALLOCATE|[10]|Bytes:4
12:48:44.0 (35186891)|VARIABLE_ASSIGNMENT|[10]|LocalTime.REGION_ASIA|"ASIA"
12:48:44.0 (35191535)|HEAP_ALLOCATE|[10]|Bytes:6
12:48:44.0 (35198279)|VARIABLE_ASSIGNMENT|[10]|LocalTime.REGION_EUROPE|"EUROPE"
12:48:44.0 (35202715)|HEAP_ALLOCATE|[10]|Bytes:6
12:48:44.0 (35209081)|VARIABLE_ASSIGNMENT|[10]|LocalTime.REGION_ISRAEL|"ISRAEL"
12:48:44.0 (35213518)|HEAP_ALLOCATE|[10]|Bytes:2
12:48:44.0 (35219956)|VARIABLE_ASSIGNMENT|[10]|LocalTime.REGION_NA|"NA"
12:48:44.0 (35224622)|HEAP_ALLOCATE|[10]|Bytes:2
12:48:44.0 (35230725)|VARIABLE_ASSIGNMENT|[10]|LocalTime.REGION_NZ|"NZ"
12:48:44.0 (35234963)|HEAP_ALLOCATE|[10]|Bytes:7
12:48:44.0 (35241335)|VARIABLE_ASSIGNMENT|[10]|LocalTime.REGION_OCEANIA|"OCEANIA"
12:48:44.0 (35246009)|HEAP_ALLOCATE|[10]|Bytes:2
12:48:44.0 (35252320)|VARIABLE_ASSIGNMENT|[10]|LocalTime.REGION_SA|"SA"
12:48:44.0 (35272331)|METHOD_ENTRY|[2]|01pE0000001ksei|LocalTime.LocalTime()
12:48:44.0 (35278474)|STATEMENT_EXECUTE|[2]
12:48:44.0 (35300001)|ENTERING_MANAGED_PKG|tz
12:48:44.0 (35322409)|METHOD_EXIT|[2]|LocalTime
12:48:44.0 (35350019)|METHOD_ENTRY|[10]|01pE0000001ksei|tz.LocalTime.getOffsetFull(String, String, String)
12:48:44.0 (35356799)|ENTERING_MANAGED_PKG|tz
12:48:44.0 (35557440)|ENTERING_MANAGED_PKG|tz
12:48:44.0 (35641886)|ENTERING_MANAGED_PKG|tz
12:48:44.0 (36716430)|SOQL_EXECUTE_BEGIN|[333]|Aggregations:0|SELECT tz__Country__c FROM tz__lt_country_names__mdt WHERE MasterLabel = :tmpVar1
12:48:44.0 (48615269)|SOQL_EXECUTE_END|[333]|Rows:1
12:48:44.0 (49209474)|ENTERING_MANAGED_PKG|tz
12:48:44.0 (49286993)|METHOD_EXIT|[10]|01pE0000001ksei|tz.LocalTime.getOffsetFull(String, String, String)
12:48:44.0 (49297458)|VARIABLE_SCOPE_BEGIN|[10]|jsonStr|String|false|false
12:48:44.0 (49326883)|VARIABLE_ASSIGNMENT|[10]|jsonStr|"{\"offset\":\"N/A\",\"dst (92 more) ..."
12:48:44.0 (49334359)|STATEMENT_EXECUTE|[11]
12:48:44.0 (49336164)|STATEMENT_EXECUTE|[12]
12:48:44.0 (49412200)|HEAP_ALLOCATE|[12]|Bytes:24
12:48:44.0 (49432653)|SYSTEM_METHOD_ENTRY|[1]|JSON.JSON()
12:48:44.0 (49436767)|STATEMENT_EXECUTE|[1]
12:48:44.0 (49448208)|SYSTEM_METHOD_EXIT|[1]|JSON
12:48:44.0 (49465648)|METHOD_ENTRY|[12]||System.JSON.deserializeUntyped(String)
12:48:44.0 (49953988)|METHOD_EXIT|[12]||System.JSON.deserializeUntyped(String)
12:48:44.0 (49968204)|VARIABLE_SCOPE_BEGIN|[12]|m|Map<String,ANY>|true|false
12:48:44.0 (49993803)|VARIABLE_ASSIGNMENT|[12]|m|"Map of size 6 too large to display"|0x20dd7f8a
12:48:44.0 (50000211)|STATEMENT_EXECUTE|[13]
12:48:44.0 (50005289)|HEAP_ALLOCATE|[13]|Bytes:6
12:48:44.0 (50049436)|VARIABLE_SCOPE_BEGIN|[13]|offset|String|false|false
12:48:44.0 (50062645)|VARIABLE_ASSIGNMENT|[13]|offset|"N/A"
12:48:44.0 (50069259)|HEAP_ALLOCATE|[14]|Bytes:3
12:48:44.0 (50101559)|STATEMENT_EXECUTE|[14]
12:48:44.0 (50121027)|HEAP_ALLOCATE|[7]|Bytes:5
12:48:44.0 (50139226)|VARIABLE_ASSIGNMENT|[7]|u|null|
12:48:44.50 (50150836)|CUMULATIVE_LIMIT_USAGE
12:48:44.50 (50150836)|LIMIT_USAGE_FOR_NS|(default)|
  Number of SOQL queries: 0 out of 100
  Number of query rows: 0 out of 50000
  Number of SOSL queries: 0 out of 20
  Number of DML statements: 0 out of 150
  Number of DML rows: 0 out of 10000
  Maximum CPU time: 0 out of 10000
  Maximum heap size: 0 out of 6000000
  Number of callouts: 0 out of 100
  Number of Email Invocations: 0 out of 10
  Number of future calls: 0 out of 50
  Number of queueable jobs added to the queue: 0 out of 50
  Number of Mobile Apex push calls: 0 out of 10

12:48:44.50 (50150836)|LIMIT_USAGE_FOR_NS|tz|
  Number of SOQL queries: 0 out of 100
  Number of query rows: 1 out of 50000
  Number of SOSL queries: 0 out of 20
  Number of DML statements: 0 out of 150
  Number of DML rows: 0 out of 10000
  Maximum CPU time: 0 out of 10000
  Maximum heap size: 0 out of 6000000
  Number of callouts: 0 out of 100
  Number of Email Invocations: 0 out of 10
  Number of future calls: 0 out of 50
  Number of queueable jobs added to the queue: 0 out of 50
  Number of Mobile Apex push calls: 0 out of 10

12:48:44.50 (50150836)|TOTAL_EMAIL_RECIPIENTS_QUEUED|0
12:48:44.50 (50150836)|STATIC_VARIABLE_LIST|
  char[]:DigitTens:0
  long:serialVersionUID:0
  String:_static_REGION_EUROPE:0
  String:_static_REGION_NA:0
  long:serialVersionUID:0
  double:MAX_VALUE:0
  Boolean:FALSE:0
  long:serialVersionUID:0
  String:_sfdcAdditionalCodeLocations:0
  double:MIN_VALUE:0
  int:SIZE:0
  double:NEGATIVE_INFINITY:0
  String:_static_NOT_AVAILABLE:0
  int:MAX_VALUE:0
  String:_static_REGION_ISRAEL:0
  char[]:digits:0
  double:NaN:0
  Boolean:TRUE:0
  String:_static_REGION_AFRICA:0
  String:_static_REGION_NZ:0
  String:_static_REGION_SA:0
  int:MIN_VALUE:0
  char[]:DigitOnes:0
  int:BYTES:0
  String:_sfdcAdditionalCodeLocations:0
  int:MIN_EXPONENT:0
  int[]:sizeTable:0
  String:_static_REGION_ASIA:0
  int:MAX_EXPONENT:0
  String:_static_REGION_OCEANIA:0
  int:SIZE:0
  double:POSITIVE_INFINITY:0
  double:MIN_NORMAL:0
  int:BYTES:0

12:48:44.50 (50150836)|CUMULATIVE_LIMIT_USAGE_END

12:48:44.0 (51688335)|CODE_UNIT_FINISHED|LocalTimeUserTrigger on User trigger event BeforeUpdate for [005E0000004yLLO]
12:48:44.182 (182024487)|ENTERING_MANAGED_PKG|skuid
12:48:44.183 (183038651)|CUMULATIVE_LIMIT_USAGE
12:48:44.183 (183038651)|LIMIT_USAGE_FOR_NS|(default)|
  Number of SOQL queries: 0 out of 100
  Number of query rows: 0 out of 50000
  Number of SOSL queries: 0 out of 20
  Number of DML statements: 0 out of 150
  Number of DML rows: 0 out of 10000
  Maximum CPU time: 0 out of 10000
  Maximum heap size: 0 out of 6000000
  Number of callouts: 0 out of 100
  Number of Email Invocations: 0 out of 10
  Number of future calls: 0 out of 50
  Number of queueable jobs added to the queue: 0 out of 50
  Number of Mobile Apex push calls: 0 out of 10

12:48:44.183 (183038651)|LIMIT_USAGE_FOR_NS|tz|
  Number of SOQL queries: 0 out of 100
  Number of query rows: 1 out of 50000
  Number of SOSL queries: 0 out of 20
  Number of DML statements: 0 out of 150
  Number of DML rows: 0 out of 10000
  Maximum CPU time: 0 out of 10000
  Maximum heap size: 0 out of 6000000
  Number of callouts: 0 out of 100
  Number of Email Invocations: 0 out of 10
  Number of future calls: 0 out of 50
  Number of queueable jobs added to the queue: 0 out of 50
  Number of Mobile Apex push calls: 0 out of 10

12:48:44.183 (183038651)|CUMULATIVE_LIMIT_USAGE_END

12:48:44.0 (185868219)|CODE_UNIT_STARTED|[EXTERNAL]|Workflow:User
12:48:44.0 (194022587)|WF_RULE_EVAL_BEGIN|Workflow
12:48:44.0 (194052621)|WF_CRITERIA_BEGIN|[User: Elissa Sadhana Team (WCI) 005E0000004yLLO]|Member_Community_New_User301V000000063fo|01QV00000001N6N|ON_CREATE_ONLY|0
12:48:44.0 (194063981)|WF_RULE_NOT_EVALUATED
12:48:44.0 (194072093)|WF_SPOOL_ACTION_BEGIN|Workflow
12:48:44.0 (194080859)|WF_ACTION| None
12:48:44.0 (194085604)|WF_RULE_EVAL_END
12:48:44.0 (194132606)|WF_ACTIONS_END| None
12:48:44.0 (194142235)|CODE_UNIT_FINISHED|Workflow:User
12:48:44.0 (199795228)|CODE_UNIT_STARTED|[EXTERNAL]|01qV0000000DErk|LocalTimeUserTrigger on User trigger event BeforeUpdate for [005E0000004yLLO]
12:48:44.0 (199849221)|HEAP_ALLOCATE|[EXTERNAL]|Bytes:8
12:48:44.0 (199879796)|HEAP_ALLOCATE|[EXTERNAL]|Bytes:8
12:48:44.0 (199946913)|HEAP_ALLOCATE|[EXTERNAL]|Bytes:4
12:48:44.0 (199965000)|VARIABLE_SCOPE_BEGIN|[5]|this|LocalTimeUserTrigger|true|false
12:48:44.0 (200008237)|VARIABLE_ASSIGNMENT|[5]|this|{}|0x79318dc
12:48:44.0 (200044108)|HEAP_ALLOCATE|[EXTERNAL]|Bytes:4
12:48:44.0 (200052875)|VARIABLE_SCOPE_BEGIN|[5]|this|LocalTimeUserTrigger|true|false
12:48:44.0 (200066712)|VARIABLE_ASSIGNMENT|[5]|this|{}|0x79318dc
12:48:44.0 (200075739)|STATEMENT_EXECUTE|[5]
12:48:44.0 (200167833)|HEAP_ALLOCATE|[7]|Bytes:5
12:48:44.0 (200191344)|HEAP_ALLOCATE|[7]|Bytes:4
12:48:44.0 (200204234)|VARIABLE_SCOPE_BEGIN|[7]|u|User|true|false
12:48:44.0 (204673851)|VARIABLE_ASSIGNMENT|[7]|u|{"ProfileId":"00eE0000000zEdeIAE","LastModifiedDate":"2017-11-10T17:48:44.000Z","ReceivesAdminInfoEma (3 more) ...":false,"Email":"depot@sadhanaconsult (7 more) ...","TimeZoneSidKey":"America/New_York","LanguageLocaleKey":"en_US","UserRoleId":"00EE0000000hj7TMAQ","License_Type__c":"Salesforce","IsActive":true,"Nurse__c":false,"LastLoginDate":"2017-11-10T16:55:46.000Z","PostalCode":"03820","ForecastEnabled":false,"IsExtIndicatorVisibl (1 more) ...":false,"DigestFrequency":"D","UTC_Offset__c":-4.00,"IsProfilePhotoActive":false,"Default_Patient_Coun (6 more) ...":"US","CompanyName":"Sadhana Consulting L (2 more) ...","CommunityNickname":"prozek","CreatedById":"005E0000002k2ScIAI","Street":"1 S Pine Street","Acquisition_Site__c":"001E000001HBa8R","Server_URL__c":"https://cs12.salesfo (17 more) ...","LastPasswordChangeDa (2 more) ...":"2017-10-10T13:48:13.000Z","LocaleSidKey":"en_US","FirstName":"Elissa","Name_Formula__c":"Elissa Sadhana Team  (5 more) ...","Title":"Consultant","City":"Dover","EmailEncodingKey":"ISO-8859-1","ReceivesInfoEmails":false,"SystemModstamp":"2017-11-10T17:48:44.000Z","User_18_Digit_ID__c":"005E0000004yLLOIA2","IsPortalEnabled":false,"Username":"worldcare@sadhanacon (19 more) ...","Alias":"Sadhana","DefaultGroupNotifica (13 more) ...":"N","CreatedDate":"2014-03-07T01:09:17.000Z","LastName":"Sadhana Team (WCI)","Id":"005E0000004yLLOIA2","IsPortalSelfRegister (2 more) ...":false,"UserType":"Standard","LastModifiedById":"005E0000004yLLOIA2"}|0x3a179d59
12:48:44.0 (204704438)|STATEMENT_EXECUTE|[7]
12:48:44.0 (204706154)|STATEMENT_EXECUTE|[9]
12:48:44.0 (204707196)|STATEMENT_EXECUTE|[9]
12:48:44.0 (204708284)|STATEMENT_EXECUTE|[10]
12:48:44.0 (204761359)|METHOD_ENTRY|[10]|01pE0000001ksei|tz.LocalTime.getOffsetFull(String, String, String)
12:48:44.0 (204772790)|ENTERING_MANAGED_PKG|tz
12:48:44.0 (204812649)|ENTERING_MANAGED_PKG|tz
12:48:44.0 (204867572)|ENTERING_MANAGED_PKG|tz
12:48:44.0 (205174647)|SOQL_EXECUTE_BEGIN|[333]|Aggregations:0|SELECT tz__Country__c FROM tz__lt_country_names__mdt WHERE MasterLabel = :tmpVar1
12:48:44.0 (216628603)|SOQL_EXECUTE_END|[333]|Rows:1
12:48:44.0 (216920121)|ENTERING_MANAGED_PKG|tz
12:48:44.0 (216980107)|METHOD_EXIT|[10]|01pE0000001ksei|tz.LocalTime.getOffsetFull(String, String, String)
12:48:44.0 (216989790)|VARIABLE_SCOPE_BEGIN|[10]|jsonStr|String|false|false
12:48:44.0 (217015428)|VARIABLE_ASSIGNMENT|[10]|jsonStr|"{\"offset\":\"N/A\",\"dst (92 more) ..."
12:48:44.0 (217021785)|STATEMENT_EXECUTE|[11]
12:48:44.0 (217023913)|STATEMENT_EXECUTE|[12]
12:48:44.0 (217033937)|METHOD_ENTRY|[12]||System.JSON.deserializeUntyped(String)
12:48:44.0 (217494016)|METHOD_EXIT|[12]||System.JSON.deserializeUntyped(String)
12:48:44.0 (217506701)|VARIABLE_SCOPE_BEGIN|[12]|m|Map<String,ANY>|true|false
12:48:44.0 (217530064)|VARIABLE_ASSIGNMENT|[12]|m|"Map of size 6 too large to display"|0x1f7e3286
12:48:44.0 (217536347)|STATEMENT_EXECUTE|[13]
12:48:44.0 (217554914)|VARIABLE_SCOPE_BEGIN|[13]|offset|String|false|false
12:48:44.0 (217565346)|VARIABLE_ASSIGNMENT|[13]|offset|"N/A"
12:48:44.0 (217587219)|STATEMENT_EXECUTE|[14]
12:48:44.0 (217605612)|HEAP_ALLOCATE|[7]|Bytes:5
12:48:44.0 (217624498)|VARIABLE_ASSIGNMENT|[7]|u|null|
12:48:44.217 (217637192)|CUMULATIVE_LIMIT_USAGE
12:48:44.217 (217637192)|LIMIT_USAGE_FOR_NS|(default)|
  Number of SOQL queries: 0 out of 100
  Number of query rows: 0 out of 50000
  Number of SOSL queries: 0 out of 20
  Number of DML statements: 0 out of 150
  Number of DML rows: 0 out of 10000
  Maximum CPU time: 0 out of 10000
  Maximum heap size: 0 out of 6000000
  Number of callouts: 0 out of 100
  Number of Email Invocations: 0 out of 10
  Number of future calls: 0 out of 50
  Number of queueable jobs added to the queue: 0 out of 50
  Number of Mobile Apex push calls: 0 out of 10

12:48:44.217 (217637192)|LIMIT_USAGE_FOR_NS|tz|
  Number of SOQL queries: 0 out of 100
  Number of query rows: 1 out of 50000
  Number of SOSL queries: 0 out of 20
  Number of DML statements: 0 out of 150
  Number of DML rows: 0 out of 10000
  Maximum CPU time: 0 out of 10000
  Maximum heap size: 0 out of 6000000
  Number of callouts: 0 out of 100
  Number of Email Invocations: 0 out of 10
  Number of future calls: 0 out of 50
  Number of queueable jobs added to the queue: 0 out of 50
  Number of Mobile Apex push calls: 0 out of 10

12:48:44.217 (217637192)|TOTAL_EMAIL_RECIPIENTS_QUEUED|0
12:48:44.217 (217637192)|STATIC_VARIABLE_LIST|
  char[]:DigitTens:0
  long:serialVersionUID:0
  String:_static_REGION_EUROPE:0
  String:_static_REGION_NA:0
  long:serialVersionUID:0
  double:MAX_VALUE:0
  Boolean:FALSE:0
  long:serialVersionUID:0
  String:_sfdcAdditionalCodeLocations:0
  double:MIN_VALUE:0
  int:SIZE:0
  double:NEGATIVE_INFINITY:0
  String:_static_NOT_AVAILABLE:0
  int:MAX_VALUE:0
  String:_static_REGION_ISRAEL:0
  char[]:digits:0
  double:NaN:0
  Boolean:TRUE:0
  String:_static_REGION_AFRICA:0
  String:_static_REGION_NZ:0
  String:_static_REGION_SA:0
  int:MIN_VALUE:0
  String:_sfdcAdditionalCodeLocations:0
  char[]:DigitOnes:0
  int:BYTES:0
  String:_sfdcAdditionalCodeLocations:0
  int:MIN_EXPONENT:0
  int[]:sizeTable:0
  String:_static_REGION_ASIA:0
  int:MAX_EXPONENT:0
  String:_static_REGION_OCEANIA:0
  int:SIZE:0
  double:POSITIVE_INFINITY:0
  double:MIN_NORMAL:0
  int:BYTES:0

12:48:44.217 (217637192)|CUMULATIVE_LIMIT_USAGE_END

12:48:44.0 (219280896)|CODE_UNIT_FINISHED|LocalTimeUserTrigger on User trigger event BeforeUpdate for [005E0000004yLLO]
12:48:44.276 (276145588)|ENTERING_MANAGED_PKG|skuid
12:48:44.276 (276880693)|CUMULATIVE_LIMIT_USAGE
12:48:44.276 (276880693)|LIMIT_USAGE_FOR_NS|(default)|
  Number of SOQL queries: 0 out of 100
  Number of query rows: 0 out of 50000
  Number of SOSL queries: 0 out of 20
  Number of DML statements: 0 out of 150
  Number of DML rows: 0 out of 10000
  Maximum CPU time: 0 out of 10000
  Maximum heap size: 0 out of 6000000
  Number of callouts: 0 out of 100
  Number of Email Invocations: 0 out of 10
  Number of future calls: 0 out of 50
  Number of queueable jobs added to the queue: 0 out of 50
  Number of Mobile Apex push calls: 0 out of 10

12:48:44.276 (276880693)|LIMIT_USAGE_FOR_NS|tz|
  Number of SOQL queries: 0 out of 100
  Number of query rows: 1 out of 50000
  Number of SOSL queries: 0 out of 20
  Number of DML statements: 0 out of 150
  Number of DML rows: 0 out of 10000
  Maximum CPU time: 0 out of 10000
  Maximum heap size: 0 out of 6000000
  Number of callouts: 0 out of 100
  Number of Email Invocations: 0 out of 10
  Number of future calls: 0 out of 50
  Number of queueable jobs added to the queue: 0 out of 50
  Number of Mobile Apex push calls: 0 out of 10

12:48:44.276 (276880693)|CUMULATIVE_LIMIT_USAGE_END

12:48:44.0 (279415881)|CODE_UNIT_STARTED|[EXTERNAL]|Workflow:User
12:48:44.0 (284664198)|WF_RULE_EVAL_BEGIN|Workflow
12:48:44.0 (284692426)|WF_CRITERIA_BEGIN|[User: Elissa Sadhana Team (WCI) 005E0000004yLLO]|Member_Community_New_User301V000000063fo|01QV00000001N6N|ON_CREATE_ONLY|0
12:48:44.0 (284704031)|WF_RULE_NOT_EVALUATED
12:48:44.0 (284711642)|WF_SPOOL_ACTION_BEGIN|Workflow
12:48:44.0 (284720300)|WF_ACTION| None
12:48:44.0 (284725416)|WF_RULE_EVAL_END
12:48:44.0 (284771775)|WF_ACTIONS_END| None
12:48:44.0 (284780766)|CODE_UNIT_FINISHED|Workflow:User
12:48:44.0 (439891701)|CODE_UNIT_FINISHED|TRIGGERS
12:48:44.0 (439911063)|EXECUTION_FINISHED
12:48:44.443 (443973967)|CUMULATIVE_PROFILING_BEGIN
12:48:44.443 (443973967)|CUMULATIVE_PROFILING|SOQL operations|
(tz): [SELECT tz__Country__c FROM tz__lt_country_names__mdt WHERE MasterLabel = :countryCode]: executed 2 times in 25 ms

12:48:44.443 (443973967)|CUMULATIVE_PROFILING|No profiling information for SOSL operations
12:48:44.443 (443973967)|CUMULATIVE_PROFILING|No profiling information for DML operations
12:48:44.443 (443973967)|CUMULATIVE_PROFILING|method invocations|
Trigger.LocalTimeUserTrigger: line 10, column 1: webService static String getOffsetFull(String, String, String): executed 2 times in 26 ms
External entry point: public void invoke(): executed 1 time in 18 ms
Trigger.LocalTimeUserTrigger: line 12, column 1: global static Object deserializeUntyped(String): executed 2 times in 1 ms
Trigger.LocalTimeUserTrigger: line 7, column 1: global public System.Iterator iterator(): executed 6 times in 0 ms
Trigger.LocalTimeUserTrigger: line 13, column 1: global public Object get(Object): executed 2 times in 0 ms

12:48:44.443 (443973967)|CUMULATIVE_PROFILING_END
