41.0 APEX_CODE,FINEST;APEX_PROFILING,FINEST;CALLOUT,INFO;DB,INFO;SYSTEM,DEBUG;VALIDATION,INFO;VISUALFORCE,INFO;WAVE,INFO;WORKFLOW,INFO
10:22:33.0 (297052)|USER_INFO|[EXTERNAL]|005E0000004yLLO|worldcare@sadhanaconsulting.com.devfull|Eastern Standard Time|GMT-05:00
10:22:33.0 (334921)|EXECUTION_STARTED
10:22:33.0 (339460)|CODE_UNIT_STARTED|[EXTERNAL]|VisualForce View State
10:22:33.0 (6538292)|CODE_UNIT_FINISHED|VisualForce View State
10:22:33.0 (7915941)|EXECUTION_FINISHED
10:22:33.10 (10050845)|USER_INFO|[EXTERNAL]|005E0000004yLLO|worldcare@sadhanaconsulting.com.devfull|Eastern Standard Time|GMT-05:00
10:22:33.10 (10065882)|EXECUTION_STARTED
10:22:33.10 (10068739)|CODE_UNIT_STARTED|[EXTERNAL]|VF: /apex/editStaticResource.apexp
10:22:33.10 (15307965)|HEAP_ALLOCATE|[EXTERNAL]|Bytes:-4
10:22:33.17 (17210856)|HEAP_ALLOCATE|[EXTERNAL]|Bytes:-4
10:22:33.17 (17615603)|SYSTEM_MODE_ENTER|false
10:22:33.17 (113637672)|HEAP_ALLOCATE|[EXTERNAL]|Bytes:-4
10:22:33.117 (117890713)|CUMULATIVE_LIMIT_USAGE
10:22:33.117 (117890713)|LIMIT_USAGE_FOR_NS|(default)|
  Number of SOQL queries: 0 out of 100
  Number of query rows: 0 out of 50000
  Number of SOSL queries: 0 out of 20
  Number of DML statements: 0 out of 150
  Number of DML rows: 0 out of 10000
  Maximum CPU time: 0 out of 10000
  Maximum heap size: 0 out of 6000000
  Number of callouts: 0 out of 100
  Number of Email Invocations: 0 out of 10
  Number of future calls: 0 out of 50
  Number of queueable jobs added to the queue: 0 out of 50
  Number of Mobile Apex push calls: 0 out of 10

10:22:33.117 (117890713)|TOTAL_EMAIL_RECIPIENTS_QUEUED|0
10:22:33.117 (117890713)|CUMULATIVE_LIMIT_USAGE_END

10:22:33.10 (117948402)|CODE_UNIT_FINISHED|VF: /apex/editStaticResource.apexp
10:22:33.10 (119188766)|EXECUTION_FINISHED
10:22:33.121 (121607985)|CUMULATIVE_PROFILING_BEGIN
10:22:33.121 (121607985)|CUMULATIVE_PROFILING|No profiling information for SOQL operations
10:22:33.121 (121607985)|CUMULATIVE_PROFILING|No profiling information for SOSL operations
10:22:33.121 (121607985)|CUMULATIVE_PROFILING|No profiling information for DML operations
10:22:33.121 (121607985)|CUMULATIVE_PROFILING|No profiling information for method invocations
10:22:33.121 (121607985)|CUMULATIVE_PROFILING_END
