40.0 APEX_CODE,FINEST;APEX_PROFILING,FINEST;CALLOUT,INFO;DB,INFO;SYSTEM,DEBUG;VALIDATION,INFO;VISUALFORCE,INFO;WAVE,INFO;WORKFLOW,INFO
16:34:35.0 (363010)|USER_INFO|[EXTERNAL]|005E0000004yLLO|worldcare@sadhanaconsulting.com.devfull|Eastern Standard Time|GMT-05:00
16:34:35.0 (408122)|EXECUTION_STARTED
16:34:35.0 (413577)|CODE_UNIT_STARTED|[EXTERNAL]|TRIGGERS
16:34:35.0 (1774849)|CODE_UNIT_STARTED|[EXTERNAL]|01qV0000000DErk|LocalTimeUserTrigger on User trigger event BeforeUpdate for [005E0000004yLLO]
16:34:35.0 (1854356)|HEAP_ALLOCATE|[EXTERNAL]|Bytes:8
16:34:35.0 (1897204)|HEAP_ALLOCATE|[EXTERNAL]|Bytes:8
16:34:35.0 (2281540)|HEAP_ALLOCATE|[72]|Bytes:3
16:34:35.0 (2325337)|HEAP_ALLOCATE|[77]|Bytes:152
16:34:35.0 (2345347)|HEAP_ALLOCATE|[342]|Bytes:408
16:34:35.0 (2385357)|HEAP_ALLOCATE|[355]|Bytes:408
16:34:35.0 (2423985)|HEAP_ALLOCATE|[467]|Bytes:48
16:34:35.0 (2473567)|HEAP_ALLOCATE|[139]|Bytes:6
16:34:35.0 (2509868)|HEAP_ALLOCATE|[EXTERNAL]|Bytes:4
16:34:35.0 (2520656)|VARIABLE_SCOPE_BEGIN|[5]|this|LocalTimeUserTrigger|true|false
16:34:35.0 (2581860)|VARIABLE_ASSIGNMENT|[5]|this|{}|0x3c4cd033
16:34:35.0 (2627892)|HEAP_ALLOCATE|[EXTERNAL]|Bytes:4
16:34:35.0 (2638554)|VARIABLE_SCOPE_BEGIN|[5]|this|LocalTimeUserTrigger|true|false
16:34:35.0 (2654405)|VARIABLE_ASSIGNMENT|[5]|this|{}|0x3c4cd033
16:34:35.0 (2664361)|STATEMENT_EXECUTE|[5]
16:34:35.0 (2699774)|HEAP_ALLOCATE|[50]|Bytes:5
16:34:35.0 (2744104)|HEAP_ALLOCATE|[56]|Bytes:5
16:34:35.0 (2769590)|HEAP_ALLOCATE|[64]|Bytes:7
16:34:35.0 (3179756)|HEAP_ALLOCATE|[7]|Bytes:5
16:34:35.0 (3218796)|HEAP_ALLOCATE|[7]|Bytes:4
16:34:35.0 (3233496)|VARIABLE_SCOPE_BEGIN|[7]|u|User|true|false
16:34:35.0 (39246323)|VARIABLE_ASSIGNMENT|[7]|u|{"ProfileId":"00eE0000000zEdeIAE","LastModifiedDate":"2017-11-10T21:28:09.000Z","ReceivesAdminInfoEma (3 more) ...":false,"Email":"depot@sadhanaconsult (7 more) ...","TimeZoneSidKey":"America/New_York","LanguageLocaleKey":"fr","UserRoleId":"00EE0000000hj7TMAQ","License_Type__c":"Salesforce","IsActive":true,"Nurse__c":false,"LastLoginDate":"2017-11-10T21:34:32.000Z","PostalCode":"03820","ForecastEnabled":false,"IsExtIndicatorVisibl (1 more) ...":false,"DigestFrequency":"D","UTC_Offset__c":-4.00,"IsProfilePhotoActive":false,"Default_Patient_Coun (6 more) ...":"US","CompanyName":"Sadhana Consulting L (2 more) ...","CommunityNickname":"prozek","CreatedById":"005E0000002k2ScIAI","Street":"1 S Pine Street","Acquisition_Site__c":"001E000001HBa8R","Server_URL__c":"https://cs12.salesfo (17 more) ...","LastPasswordChangeDa (2 more) ...":"2017-10-10T13:48:13.000Z","LocaleSidKey":"en_US","FirstName":"Elissa","Name_Formula__c":"Elissa Sadhana Team  (5 more) ...","Title":"Consultant","City":"Dover","EmailEncodingKey":"ISO-8859-1","ReceivesInfoEmails":false,"SystemModstamp":"2017-11-10T21:28:09.000Z","User_18_Digit_ID__c":"005E0000004yLLOIA2","IsPortalEnabled":false,"Username":"worldcare@sadhanacon (19 more) ...","Alias":"Sadhana","DefaultGroupNotifica (13 more) ...":"N","CreatedDate":"2014-03-07T01:09:17.000Z","LastName":"Sadhana Team (WCI)","Id":"005E0000004yLLOIA2","IsPortalSelfRegister (2 more) ...":false,"UserType":"Standard","LastModifiedById":"005E0000004yLLOIA2"}|0x2de69ae
16:34:35.0 (39295959)|STATEMENT_EXECUTE|[7]
16:34:35.0 (39298135)|STATEMENT_EXECUTE|[9]
16:34:35.0 (39299242)|STATEMENT_EXECUTE|[9]
16:34:35.0 (39300409)|STATEMENT_EXECUTE|[10]
16:34:35.0 (40175696)|VARIABLE_SCOPE_BEGIN|[3]|LocalTime.NOT_AVAILABLE|String|false|true
16:34:35.0 (40189187)|VARIABLE_SCOPE_BEGIN|[9]|LocalTime.REGION_AFRICA|String|false|true
16:34:35.0 (40195571)|VARIABLE_SCOPE_BEGIN|[6]|LocalTime.REGION_ASIA|String|false|true
16:34:35.0 (40201995)|VARIABLE_SCOPE_BEGIN|[5]|LocalTime.REGION_EUROPE|String|false|true
16:34:35.0 (40207939)|VARIABLE_SCOPE_BEGIN|[11]|LocalTime.REGION_ISRAEL|String|false|true
16:34:35.0 (40214183)|VARIABLE_SCOPE_BEGIN|[4]|LocalTime.REGION_NA|String|false|true
16:34:35.0 (40220110)|VARIABLE_SCOPE_BEGIN|[10]|LocalTime.REGION_NZ|String|false|true
16:34:35.0 (40225620)|VARIABLE_SCOPE_BEGIN|[7]|LocalTime.REGION_OCEANIA|String|false|true
16:34:35.0 (40231152)|VARIABLE_SCOPE_BEGIN|[8]|LocalTime.REGION_SA|String|false|true
16:34:35.0 (40292347)|HEAP_ALLOCATE|[10]|Bytes:86
16:34:35.0 (40307855)|HEAP_ALLOCATE|[10]|Bytes:3
16:34:35.0 (40358925)|VARIABLE_ASSIGNMENT|[10]|LocalTime.NOT_AVAILABLE|"N/A"
16:34:35.0 (40367032)|HEAP_ALLOCATE|[10]|Bytes:6
16:34:35.0 (40374849)|VARIABLE_ASSIGNMENT|[10]|LocalTime.REGION_AFRICA|"AFRICA"
16:34:35.0 (40380175)|HEAP_ALLOCATE|[10]|Bytes:4
16:34:35.0 (40386352)|VARIABLE_ASSIGNMENT|[10]|LocalTime.REGION_ASIA|"ASIA"
16:34:35.0 (40391087)|HEAP_ALLOCATE|[10]|Bytes:6
16:34:35.0 (40398009)|VARIABLE_ASSIGNMENT|[10]|LocalTime.REGION_EUROPE|"EUROPE"
16:34:35.0 (40402757)|HEAP_ALLOCATE|[10]|Bytes:6
16:34:35.0 (40408913)|VARIABLE_ASSIGNMENT|[10]|LocalTime.REGION_ISRAEL|"ISRAEL"
16:34:35.0 (40413335)|HEAP_ALLOCATE|[10]|Bytes:2
16:34:35.0 (40419374)|VARIABLE_ASSIGNMENT|[10]|LocalTime.REGION_NA|"NA"
16:34:35.0 (40424350)|HEAP_ALLOCATE|[10]|Bytes:2
16:34:35.0 (40430294)|VARIABLE_ASSIGNMENT|[10]|LocalTime.REGION_NZ|"NZ"
16:34:35.0 (40435079)|HEAP_ALLOCATE|[10]|Bytes:7
16:34:35.0 (40441326)|VARIABLE_ASSIGNMENT|[10]|LocalTime.REGION_OCEANIA|"OCEANIA"
16:34:35.0 (40446265)|HEAP_ALLOCATE|[10]|Bytes:2
16:34:35.0 (40452550)|VARIABLE_ASSIGNMENT|[10]|LocalTime.REGION_SA|"SA"
16:34:35.0 (40469648)|METHOD_ENTRY|[2]|01pE0000001ksei|LocalTime.LocalTime()
16:34:35.0 (40475403)|STATEMENT_EXECUTE|[2]
16:34:35.0 (40497577)|ENTERING_MANAGED_PKG|tz
16:34:35.0 (40515193)|METHOD_EXIT|[2]|LocalTime
16:34:35.0 (40541253)|METHOD_ENTRY|[10]|01pE0000001ksei|tz.LocalTime.getOffsetFull(String, String, String)
16:34:35.0 (40548025)|ENTERING_MANAGED_PKG|tz
16:34:35.0 (40739962)|ENTERING_MANAGED_PKG|tz
16:34:35.0 (40825088)|ENTERING_MANAGED_PKG|tz
16:34:35.0 (41726152)|SOQL_EXECUTE_BEGIN|[333]|Aggregations:0|SELECT tz__Country__c FROM tz__lt_country_names__mdt WHERE MasterLabel = :tmpVar1
16:34:35.0 (68984473)|SOQL_EXECUTE_END|[333]|Rows:1
16:34:35.0 (69487728)|ENTERING_MANAGED_PKG|tz
16:34:35.0 (69557004)|METHOD_EXIT|[10]|01pE0000001ksei|tz.LocalTime.getOffsetFull(String, String, String)
16:34:35.0 (69568304)|VARIABLE_SCOPE_BEGIN|[10]|jsonStr|String|false|false
16:34:35.0 (69589627)|VARIABLE_ASSIGNMENT|[10]|jsonStr|"{\"offset\":\"N/A\",\"dst (92 more) ..."
16:34:35.0 (69595755)|STATEMENT_EXECUTE|[11]
16:34:35.0 (69597431)|STATEMENT_EXECUTE|[12]
16:34:35.0 (69646044)|HEAP_ALLOCATE|[12]|Bytes:24
16:34:35.0 (69662761)|SYSTEM_METHOD_ENTRY|[1]|JSON.JSON()
16:34:35.0 (69667105)|STATEMENT_EXECUTE|[1]
16:34:35.0 (69675749)|SYSTEM_METHOD_EXIT|[1]|JSON
16:34:35.0 (69691778)|METHOD_ENTRY|[12]||System.JSON.deserializeUntyped(String)
16:34:35.0 (70154518)|METHOD_EXIT|[12]||System.JSON.deserializeUntyped(String)
16:34:35.0 (70170879)|VARIABLE_SCOPE_BEGIN|[12]|m|Map<String,ANY>|true|false
16:34:35.0 (70194495)|VARIABLE_ASSIGNMENT|[12]|m|"Map of size 6 too large to display"|0x5e317342
16:34:35.0 (70201264)|STATEMENT_EXECUTE|[13]
16:34:35.0 (70205879)|HEAP_ALLOCATE|[13]|Bytes:6
16:34:35.0 (70250929)|VARIABLE_SCOPE_BEGIN|[13]|offset|String|false|false
16:34:35.0 (70268951)|VARIABLE_ASSIGNMENT|[13]|offset|"N/A"
16:34:35.0 (70276591)|HEAP_ALLOCATE|[14]|Bytes:3
16:34:35.0 (70301257)|STATEMENT_EXECUTE|[14]
16:34:35.0 (70321478)|HEAP_ALLOCATE|[7]|Bytes:5
16:34:35.0 (70340178)|VARIABLE_ASSIGNMENT|[7]|u|null|
16:34:35.70 (70352236)|CUMULATIVE_LIMIT_USAGE
16:34:35.70 (70352236)|LIMIT_USAGE_FOR_NS|(default)|
  Number of SOQL queries: 0 out of 100
  Number of query rows: 0 out of 50000
  Number of SOSL queries: 0 out of 20
  Number of DML statements: 0 out of 150
  Number of DML rows: 0 out of 10000
  Maximum CPU time: 0 out of 10000
  Maximum heap size: 0 out of 6000000
  Number of callouts: 0 out of 100
  Number of Email Invocations: 0 out of 10
  Number of future calls: 0 out of 50
  Number of queueable jobs added to the queue: 0 out of 50
  Number of Mobile Apex push calls: 0 out of 10

16:34:35.70 (70352236)|LIMIT_USAGE_FOR_NS|tz|
  Number of SOQL queries: 0 out of 100
  Number of query rows: 1 out of 50000
  Number of SOSL queries: 0 out of 20
  Number of DML statements: 0 out of 150
  Number of DML rows: 0 out of 10000
  Maximum CPU time: 0 out of 10000
  Maximum heap size: 0 out of 6000000
  Number of callouts: 0 out of 100
  Number of Email Invocations: 0 out of 10
  Number of future calls: 0 out of 50
  Number of queueable jobs added to the queue: 0 out of 50
  Number of Mobile Apex push calls: 0 out of 10

16:34:35.70 (70352236)|TOTAL_EMAIL_RECIPIENTS_QUEUED|0
16:34:35.70 (70352236)|STATIC_VARIABLE_LIST|
  char[]:DigitTens:0
  long:serialVersionUID:0
  String:_static_REGION_EUROPE:0
  String:_static_REGION_NA:0
  long:serialVersionUID:0
  double:MAX_VALUE:0
  Boolean:FALSE:0
  long:serialVersionUID:0
  String:_sfdcAdditionalCodeLocations:0
  double:MIN_VALUE:0
  int:SIZE:0
  double:NEGATIVE_INFINITY:0
  String:_static_NOT_AVAILABLE:0
  int:MAX_VALUE:0
  String:_static_REGION_ISRAEL:0
  char[]:digits:0
  double:NaN:0
  Boolean:TRUE:0
  String:_static_REGION_AFRICA:0
  String:_static_REGION_NZ:0
  String:_static_REGION_SA:0
  int:MIN_VALUE:0
  char[]:DigitOnes:0
  int:BYTES:0
  String:_sfdcAdditionalCodeLocations:0
  int:MIN_EXPONENT:0
  int[]:sizeTable:0
  String:_static_REGION_ASIA:0
  int:MAX_EXPONENT:0
  String:_static_REGION_OCEANIA:0
  int:SIZE:0
  double:POSITIVE_INFINITY:0
  double:MIN_NORMAL:0
  int:BYTES:0

16:34:35.70 (70352236)|CUMULATIVE_LIMIT_USAGE_END

16:34:35.0 (71658547)|CODE_UNIT_FINISHED|LocalTimeUserTrigger on User trigger event BeforeUpdate for [005E0000004yLLO]
16:34:35.180 (180978906)|ENTERING_MANAGED_PKG|skuid
16:34:35.181 (181975293)|CUMULATIVE_LIMIT_USAGE
16:34:35.181 (181975293)|LIMIT_USAGE_FOR_NS|(default)|
  Number of SOQL queries: 0 out of 100
  Number of query rows: 0 out of 50000
  Number of SOSL queries: 0 out of 20
  Number of DML statements: 0 out of 150
  Number of DML rows: 0 out of 10000
  Maximum CPU time: 0 out of 10000
  Maximum heap size: 0 out of 6000000
  Number of callouts: 0 out of 100
  Number of Email Invocations: 0 out of 10
  Number of future calls: 0 out of 50
  Number of queueable jobs added to the queue: 0 out of 50
  Number of Mobile Apex push calls: 0 out of 10

16:34:35.181 (181975293)|LIMIT_USAGE_FOR_NS|tz|
  Number of SOQL queries: 0 out of 100
  Number of query rows: 1 out of 50000
  Number of SOSL queries: 0 out of 20
  Number of DML statements: 0 out of 150
  Number of DML rows: 0 out of 10000
  Maximum CPU time: 0 out of 10000
  Maximum heap size: 0 out of 6000000
  Number of callouts: 0 out of 100
  Number of Email Invocations: 0 out of 10
  Number of future calls: 0 out of 50
  Number of queueable jobs added to the queue: 0 out of 50
  Number of Mobile Apex push calls: 0 out of 10

16:34:35.181 (181975293)|CUMULATIVE_LIMIT_USAGE_END

16:34:35.0 (185001834)|CODE_UNIT_STARTED|[EXTERNAL]|Workflow:User
16:34:35.0 (191725326)|WF_RULE_EVAL_BEGIN|Workflow
16:34:35.0 (191749097)|WF_CRITERIA_BEGIN|[User: Elissa Sadhana Team (WCI) 005E0000004yLLO]|Member_Community_New_User301V000000063fo|01QV00000001N6N|ON_CREATE_ONLY|0
16:34:35.0 (191760188)|WF_RULE_NOT_EVALUATED
16:34:35.0 (191765987)|WF_SPOOL_ACTION_BEGIN|Workflow
16:34:35.0 (191772575)|WF_ACTION| None
16:34:35.0 (191776220)|WF_RULE_EVAL_END
16:34:35.0 (191809797)|WF_ACTIONS_END| None
16:34:35.0 (191818033)|CODE_UNIT_FINISHED|Workflow:User
16:34:35.0 (200796517)|CODE_UNIT_STARTED|[EXTERNAL]|01qV0000000DErk|LocalTimeUserTrigger on User trigger event BeforeUpdate for [005E0000004yLLO]
16:34:35.0 (200831064)|HEAP_ALLOCATE|[EXTERNAL]|Bytes:8
16:34:35.0 (200856048)|HEAP_ALLOCATE|[EXTERNAL]|Bytes:8
16:34:35.0 (200897917)|HEAP_ALLOCATE|[EXTERNAL]|Bytes:4
16:34:35.0 (200909740)|VARIABLE_SCOPE_BEGIN|[5]|this|LocalTimeUserTrigger|true|false
16:34:35.0 (200943177)|VARIABLE_ASSIGNMENT|[5]|this|{}|0x43cc6ddd
16:34:35.0 (200969169)|HEAP_ALLOCATE|[EXTERNAL]|Bytes:4
16:34:35.0 (200976783)|VARIABLE_SCOPE_BEGIN|[5]|this|LocalTimeUserTrigger|true|false
16:34:35.0 (200989523)|VARIABLE_ASSIGNMENT|[5]|this|{}|0x43cc6ddd
16:34:35.0 (200997982)|STATEMENT_EXECUTE|[5]
16:34:35.0 (201059461)|HEAP_ALLOCATE|[7]|Bytes:5
16:34:35.0 (201082097)|HEAP_ALLOCATE|[7]|Bytes:4
16:34:35.0 (201093176)|VARIABLE_SCOPE_BEGIN|[7]|u|User|true|false
16:34:35.0 (240929727)|VARIABLE_ASSIGNMENT|[7]|u|{"ProfileId":"00eE0000000zEdeIAE","LastModifiedDate":"2017-11-10T21:34:35.000Z","ReceivesAdminInfoEma (3 more) ...":false,"Email":"depot@sadhanaconsult (7 more) ...","TimeZoneSidKey":"America/New_York","LanguageLocaleKey":"en_US","UserRoleId":"00EE0000000hj7TMAQ","License_Type__c":"Salesforce","IsActive":true,"Nurse__c":false,"LastLoginDate":"2017-11-10T21:34:32.000Z","PostalCode":"03820","ForecastEnabled":false,"IsExtIndicatorVisibl (1 more) ...":false,"DigestFrequency":"D","UTC_Offset__c":-4.00,"IsProfilePhotoActive":false,"Default_Patient_Coun (6 more) ...":"US","CompanyName":"Sadhana Consulting L (2 more) ...","CommunityNickname":"prozek","CreatedById":"005E0000002k2ScIAI","Street":"1 S Pine Street","Acquisition_Site__c":"001E000001HBa8R","Server_URL__c":"https://cs12.salesfo (17 more) ...","LastPasswordChangeDa (2 more) ...":"2017-10-10T13:48:13.000Z","LocaleSidKey":"en_US","FirstName":"Elissa","Name_Formula__c":"Elissa Sadhana Team  (5 more) ...","Title":"Consultant","City":"Dover","EmailEncodingKey":"ISO-8859-1","ReceivesInfoEmails":false,"SystemModstamp":"2017-11-10T21:34:35.000Z","User_18_Digit_ID__c":"005E0000004yLLOIA2","IsPortalEnabled":false,"Username":"worldcare@sadhanacon (19 more) ...","Alias":"Sadhana","DefaultGroupNotifica (13 more) ...":"N","CreatedDate":"2014-03-07T01:09:17.000Z","LastName":"Sadhana Team (WCI)","Id":"005E0000004yLLOIA2","IsPortalSelfRegister (2 more) ...":false,"UserType":"Standard","LastModifiedById":"005E0000004yLLOIA2"}|0x58ae3f64
16:34:35.0 (240963211)|STATEMENT_EXECUTE|[7]
16:34:35.0 (240965368)|STATEMENT_EXECUTE|[9]
16:34:35.0 (240966471)|STATEMENT_EXECUTE|[9]
16:34:35.0 (240967515)|STATEMENT_EXECUTE|[10]
16:34:35.0 (241019433)|METHOD_ENTRY|[10]|01pE0000001ksei|tz.LocalTime.getOffsetFull(String, String, String)
16:34:35.0 (241031735)|ENTERING_MANAGED_PKG|tz
16:34:35.0 (241073627)|ENTERING_MANAGED_PKG|tz
16:34:35.0 (241132742)|ENTERING_MANAGED_PKG|tz
16:34:35.0 (241517553)|SOQL_EXECUTE_BEGIN|[333]|Aggregations:0|SELECT tz__Country__c FROM tz__lt_country_names__mdt WHERE MasterLabel = :tmpVar1
16:34:35.0 (254112918)|SOQL_EXECUTE_END|[333]|Rows:1
16:34:35.0 (254415176)|ENTERING_MANAGED_PKG|tz
16:34:35.0 (254478821)|METHOD_EXIT|[10]|01pE0000001ksei|tz.LocalTime.getOffsetFull(String, String, String)
16:34:35.0 (254489695)|VARIABLE_SCOPE_BEGIN|[10]|jsonStr|String|false|false
16:34:35.0 (254509550)|VARIABLE_ASSIGNMENT|[10]|jsonStr|"{\"offset\":\"N/A\",\"dst (92 more) ..."
16:34:35.0 (254515396)|STATEMENT_EXECUTE|[11]
16:34:35.0 (254517270)|STATEMENT_EXECUTE|[12]
16:34:35.0 (254527825)|METHOD_ENTRY|[12]||System.JSON.deserializeUntyped(String)
16:34:35.0 (254961062)|METHOD_EXIT|[12]||System.JSON.deserializeUntyped(String)
16:34:35.0 (254976378)|VARIABLE_SCOPE_BEGIN|[12]|m|Map<String,ANY>|true|false
16:34:35.0 (254999581)|VARIABLE_ASSIGNMENT|[12]|m|"Map of size 6 too large to display"|0x15980db0
16:34:35.0 (255006704)|STATEMENT_EXECUTE|[13]
16:34:35.0 (255027002)|VARIABLE_SCOPE_BEGIN|[13]|offset|String|false|false
16:34:35.0 (255038231)|VARIABLE_ASSIGNMENT|[13]|offset|"N/A"
16:34:35.0 (255058379)|STATEMENT_EXECUTE|[14]
16:34:35.0 (255077421)|HEAP_ALLOCATE|[7]|Bytes:5
16:34:35.0 (255096428)|VARIABLE_ASSIGNMENT|[7]|u|null|
16:34:35.255 (255108102)|CUMULATIVE_LIMIT_USAGE
16:34:35.255 (255108102)|LIMIT_USAGE_FOR_NS|(default)|
  Number of SOQL queries: 0 out of 100
  Number of query rows: 0 out of 50000
  Number of SOSL queries: 0 out of 20
  Number of DML statements: 0 out of 150
  Number of DML rows: 0 out of 10000
  Maximum CPU time: 0 out of 10000
  Maximum heap size: 0 out of 6000000
  Number of callouts: 0 out of 100
  Number of Email Invocations: 0 out of 10
  Number of future calls: 0 out of 50
  Number of queueable jobs added to the queue: 0 out of 50
  Number of Mobile Apex push calls: 0 out of 10

16:34:35.255 (255108102)|LIMIT_USAGE_FOR_NS|tz|
  Number of SOQL queries: 0 out of 100
  Number of query rows: 1 out of 50000
  Number of SOSL queries: 0 out of 20
  Number of DML statements: 0 out of 150
  Number of DML rows: 0 out of 10000
  Maximum CPU time: 0 out of 10000
  Maximum heap size: 0 out of 6000000
  Number of callouts: 0 out of 100
  Number of Email Invocations: 0 out of 10
  Number of future calls: 0 out of 50
  Number of queueable jobs added to the queue: 0 out of 50
  Number of Mobile Apex push calls: 0 out of 10

16:34:35.255 (255108102)|TOTAL_EMAIL_RECIPIENTS_QUEUED|0
16:34:35.255 (255108102)|STATIC_VARIABLE_LIST|
  char[]:DigitTens:0
  long:serialVersionUID:0
  String:_static_REGION_EUROPE:0
  String:_static_REGION_NA:0
  long:serialVersionUID:0
  double:MAX_VALUE:0
  Boolean:FALSE:0
  long:serialVersionUID:0
  String:_sfdcAdditionalCodeLocations:0
  double:MIN_VALUE:0
  int:SIZE:0
  double:NEGATIVE_INFINITY:0
  String:_static_NOT_AVAILABLE:0
  int:MAX_VALUE:0
  String:_static_REGION_ISRAEL:0
  char[]:digits:0
  double:NaN:0
  Boolean:TRUE:0
  String:_static_REGION_AFRICA:0
  String:_static_REGION_NZ:0
  String:_static_REGION_SA:0
  int:MIN_VALUE:0
  String:_sfdcAdditionalCodeLocations:0
  char[]:DigitOnes:0
  int:BYTES:0
  String:_sfdcAdditionalCodeLocations:0
  int:MIN_EXPONENT:0
  int[]:sizeTable:0
  String:_static_REGION_ASIA:0
  int:MAX_EXPONENT:0
  String:_static_REGION_OCEANIA:0
  int:SIZE:0
  double:POSITIVE_INFINITY:0
  double:MIN_NORMAL:0
  int:BYTES:0

16:34:35.255 (255108102)|CUMULATIVE_LIMIT_USAGE_END

16:34:35.0 (256426153)|CODE_UNIT_FINISHED|LocalTimeUserTrigger on User trigger event BeforeUpdate for [005E0000004yLLO]
16:34:35.319 (319379032)|ENTERING_MANAGED_PKG|skuid
16:34:35.320 (320053591)|CUMULATIVE_LIMIT_USAGE
16:34:35.320 (320053591)|LIMIT_USAGE_FOR_NS|(default)|
  Number of SOQL queries: 0 out of 100
  Number of query rows: 0 out of 50000
  Number of SOSL queries: 0 out of 20
  Number of DML statements: 0 out of 150
  Number of DML rows: 0 out of 10000
  Maximum CPU time: 0 out of 10000
  Maximum heap size: 0 out of 6000000
  Number of callouts: 0 out of 100
  Number of Email Invocations: 0 out of 10
  Number of future calls: 0 out of 50
  Number of queueable jobs added to the queue: 0 out of 50
  Number of Mobile Apex push calls: 0 out of 10

16:34:35.320 (320053591)|LIMIT_USAGE_FOR_NS|tz|
  Number of SOQL queries: 0 out of 100
  Number of query rows: 1 out of 50000
  Number of SOSL queries: 0 out of 20
  Number of DML statements: 0 out of 150
  Number of DML rows: 0 out of 10000
  Maximum CPU time: 0 out of 10000
  Maximum heap size: 0 out of 6000000
  Number of callouts: 0 out of 100
  Number of Email Invocations: 0 out of 10
  Number of future calls: 0 out of 50
  Number of queueable jobs added to the queue: 0 out of 50
  Number of Mobile Apex push calls: 0 out of 10

16:34:35.320 (320053591)|CUMULATIVE_LIMIT_USAGE_END

16:34:35.0 (323006381)|CODE_UNIT_STARTED|[EXTERNAL]|Workflow:User
16:34:35.0 (328156523)|WF_RULE_EVAL_BEGIN|Workflow
16:34:35.0 (328182317)|WF_CRITERIA_BEGIN|[User: Elissa Sadhana Team (WCI) 005E0000004yLLO]|Member_Community_New_User301V000000063fo|01QV00000001N6N|ON_CREATE_ONLY|0
16:34:35.0 (328194142)|WF_RULE_NOT_EVALUATED
16:34:35.0 (328202511)|WF_SPOOL_ACTION_BEGIN|Workflow
16:34:35.0 (328211775)|WF_ACTION| None
16:34:35.0 (328215818)|WF_RULE_EVAL_END
16:34:35.0 (328257347)|WF_ACTIONS_END| None
16:34:35.0 (328265234)|CODE_UNIT_FINISHED|Workflow:User
16:34:35.0 (480851485)|CODE_UNIT_FINISHED|TRIGGERS
16:34:35.0 (480877276)|EXECUTION_FINISHED
16:34:35.489 (489362784)|CUMULATIVE_PROFILING_BEGIN
16:34:35.489 (489362784)|CUMULATIVE_PROFILING|SOQL operations|
(tz): [SELECT tz__Country__c FROM tz__lt_country_names__mdt WHERE MasterLabel = :countryCode]: executed 2 times in 42 ms

16:34:35.489 (489362784)|CUMULATIVE_PROFILING|No profiling information for SOSL operations
16:34:35.489 (489362784)|CUMULATIVE_PROFILING|No profiling information for DML operations
16:34:35.489 (489362784)|CUMULATIVE_PROFILING|method invocations|
External entry point: public void invoke(): executed 1 time in 55 ms
Trigger.LocalTimeUserTrigger: line 10, column 1: webService static String getOffsetFull(String, String, String): executed 2 times in 42 ms
Trigger.LocalTimeUserTrigger: line 12, column 1: global static Object deserializeUntyped(String): executed 2 times in 1 ms
Trigger.LocalTimeUserTrigger: line 7, column 1: global public System.Iterator iterator(): executed 6 times in 0 ms
Trigger.LocalTimeUserTrigger: line 13, column 1: global public Object get(Object): executed 2 times in 0 ms

16:34:35.489 (489362784)|CUMULATIVE_PROFILING_END
