41.0 APEX_CODE,FINEST;APEX_PROFILING,FINEST;CALLOUT,INFO;DB,INFO;SYSTEM,DEBUG;VALIDATION,INFO;VISUALFORCE,INFO;WAVE,INFO;WORKFLOW,INFO
10:16:05.0 (326586)|USER_INFO|[EXTERNAL]|005E0000004yLLO|worldcare@sadhanaconsulting.com.devfull|Eastern Standard Time|GMT-05:00
10:16:05.0 (368091)|EXECUTION_STARTED
10:16:05.0 (372156)|CODE_UNIT_STARTED|[EXTERNAL]|VisualForce View State
10:16:05.0 (10309576)|CODE_UNIT_FINISHED|VisualForce View State
10:16:05.0 (11811176)|EXECUTION_FINISHED
10:16:05.23 (23651386)|USER_INFO|[EXTERNAL]|005E0000004yLLO|worldcare@sadhanaconsulting.com.devfull|Eastern Standard Time|GMT-05:00
10:16:05.23 (23673614)|EXECUTION_STARTED
10:16:05.23 (23677775)|CODE_UNIT_STARTED|[EXTERNAL]|VF: /apex/editApexPage.apexp
10:16:05.23 (35743410)|CODE_UNIT_STARTED|[EXTERNAL]|VF Controller Save
10:16:05.23 (35766304)|SYSTEM_MODE_ENTER|false
10:16:05.23 (172243684)|CODE_UNIT_FINISHED|VF Controller Save
10:16:05.186 (186629151)|CUMULATIVE_LIMIT_USAGE
10:16:05.186 (186629151)|LIMIT_USAGE_FOR_NS|(default)|
  Number of SOQL queries: 0 out of 100
  Number of query rows: 0 out of 50000
  Number of SOSL queries: 0 out of 20
  Number of DML statements: 0 out of 150
  Number of DML rows: 0 out of 10000
  Maximum CPU time: 0 out of 10000
  Maximum heap size: 0 out of 6000000
  Number of callouts: 0 out of 100
  Number of Email Invocations: 0 out of 10
  Number of future calls: 0 out of 50
  Number of queueable jobs added to the queue: 0 out of 50
  Number of Mobile Apex push calls: 0 out of 10

10:16:05.186 (186629151)|TOTAL_EMAIL_RECIPIENTS_QUEUED|0
10:16:05.186 (186629151)|CUMULATIVE_LIMIT_USAGE_END

10:16:05.23 (186691781)|CODE_UNIT_FINISHED|VF: /apex/editApexPage.apexp
10:16:05.23 (188055152)|EXECUTION_FINISHED
10:16:05.190 (190820094)|CUMULATIVE_PROFILING_BEGIN
10:16:05.190 (190820094)|CUMULATIVE_PROFILING|No profiling information for SOQL operations
10:16:05.190 (190820094)|CUMULATIVE_PROFILING|No profiling information for SOSL operations
10:16:05.190 (190820094)|CUMULATIVE_PROFILING|No profiling information for DML operations
10:16:05.190 (190820094)|CUMULATIVE_PROFILING|No profiling information for method invocations
10:16:05.190 (190820094)|CUMULATIVE_PROFILING_END
