41.0 APEX_CODE,FINEST;APEX_PROFILING,FINEST;CALLOUT,INFO;DB,INFO;SYSTEM,DEBUG;VALIDATION,INFO;VISUALFORCE,INFO;WAVE,INFO;WORKFLOW,INFO
11:38:37.0 (318777)|USER_INFO|[EXTERNAL]|005E0000004yLLO|worldcare@sadhanaconsulting.com.devfull|Eastern Standard Time|GMT-05:00
11:38:37.0 (391932)|EXECUTION_STARTED
11:38:37.0 (397405)|CODE_UNIT_STARTED|[EXTERNAL]|01pV0000000LQk8|portalAccount.CreateNewAccount
11:38:37.0 (600437)|HEAP_ALLOCATE|[72]|Bytes:3
11:38:37.0 (651511)|HEAP_ALLOCATE|[77]|Bytes:152
11:38:37.0 (671666)|HEAP_ALLOCATE|[342]|Bytes:408
11:38:37.0 (695782)|HEAP_ALLOCATE|[355]|Bytes:408
11:38:37.0 (718288)|HEAP_ALLOCATE|[467]|Bytes:48
11:38:37.0 (751625)|HEAP_ALLOCATE|[139]|Bytes:6
11:38:37.0 (814511)|HEAP_ALLOCATE|[EXTERNAL]|Bytes:252
11:38:37.0 (824419)|HEAP_ALLOCATE|[EXTERNAL]|Bytes:25
11:38:37.0 (835677)|SYSTEM_METHOD_ENTRY|[1]|RestRequest.RestRequest()
11:38:37.0 (842393)|STATEMENT_EXECUTE|[1]
11:38:37.0 (853281)|SYSTEM_METHOD_EXIT|[1]|RestRequest
11:38:37.0 (861506)|HEAP_ALLOCATE|[EXTERNAL]|Bytes:32
11:38:37.0 (880728)|HEAP_ALLOCATE|[EXTERNAL]|Bytes:8
11:38:37.0 (885331)|HEAP_ALLOCATE|[EXTERNAL]|Bytes:10
11:38:37.0 (893411)|VARIABLE_SCOPE_BEGIN|[16]|this|System.RestRequest|true|false
11:38:37.0 (953858)|VARIABLE_ASSIGNMENT|[16]|this|{}|0x7ab0a314
11:38:37.0 (967839)|VARIABLE_SCOPE_BEGIN|[16]|request|java:com.force.swag.rest.RestRequest|true|false
11:38:37.0 (1105932)|VARIABLE_ASSIGNMENT|[16]|request|"com.force.swag.rest.RestRequestServletImpl@48133d8a"|0x48133d8a
11:38:37.0 (1118667)|VARIABLE_SCOPE_BEGIN|[16]|urlMapping|String|false|false
11:38:37.0 (1130027)|VARIABLE_ASSIGNMENT|[16]|urlMapping|"/Account/*"
11:38:37.0 (1612667)|HEAP_ALLOCATE|[EXTERNAL]|Bytes:32
11:38:37.0 (1622281)|HEAP_ALLOCATE|[EXTERNAL]|Bytes:6
11:38:37.0 (1626004)|HEAP_ALLOCATE|[EXTERNAL]|Bytes:3
11:38:37.0 (1631617)|VARIABLE_SCOPE_BEGIN|[28]|this|System.RestRequest|true|false
11:38:37.0 (1669352)|VARIABLE_ASSIGNMENT|[28]|this|{"headers":"0x69a698a5","httpMethod":"POST","params":"0x1435dd3c","remoteAddress":"198.46.82.32","requestURI":"/Account","resourcePath":"/services/apexrest/A (8 more) ..."}|0x7ab0a314
11:38:37.0 (1679293)|VARIABLE_SCOPE_BEGIN|[28]|name|String|false|false
11:38:37.0 (1687150)|VARIABLE_ASSIGNMENT|[28]|name|"Accept"
11:38:37.0 (1692102)|VARIABLE_SCOPE_BEGIN|[28]|value|String|false|false
11:38:37.0 (1700987)|VARIABLE_ASSIGNMENT|[28]|value|"\u002A/*"
11:38:37.0 (1789284)|HEAP_ALLOCATE|[EXTERNAL]|Bytes:32
11:38:37.0 (1797826)|HEAP_ALLOCATE|[EXTERNAL]|Bytes:11
11:38:37.0 (1801585)|HEAP_ALLOCATE|[EXTERNAL]|Bytes:44
11:38:37.0 (1806126)|VARIABLE_SCOPE_BEGIN|[28]|this|System.RestRequest|true|false
11:38:37.0 (1837713)|VARIABLE_ASSIGNMENT|[28]|this|{"headers":"0x69a698a5","httpMethod":"POST","params":"0x1435dd3c","remoteAddress":"198.46.82.32","requestURI":"/Account","resourcePath":"/services/apexrest/A (8 more) ..."}|0x7ab0a314
11:38:37.0 (1846731)|VARIABLE_SCOPE_BEGIN|[28]|name|String|false|false
11:38:37.0 (1854455)|VARIABLE_ASSIGNMENT|[28]|name|"CipherSuite"
11:38:37.0 (1858908)|VARIABLE_SCOPE_BEGIN|[28]|value|String|false|false
11:38:37.0 (1866619)|VARIABLE_ASSIGNMENT|[28]|value|"ECDHE-RSA-AES256-GCM (24 more) ..."
11:38:37.0 (1920389)|HEAP_ALLOCATE|[EXTERNAL]|Bytes:32
11:38:37.0 (1928258)|HEAP_ALLOCATE|[EXTERNAL]|Bytes:4
11:38:37.0 (1931829)|HEAP_ALLOCATE|[EXTERNAL]|Bytes:19
11:38:37.0 (1936385)|VARIABLE_SCOPE_BEGIN|[28]|this|System.RestRequest|true|false
11:38:37.0 (1972117)|VARIABLE_ASSIGNMENT|[28]|this|{"headers":"0x69a698a5","httpMethod":"POST","params":"0x1435dd3c","remoteAddress":"198.46.82.32","requestURI":"/Account","resourcePath":"/services/apexrest/A (8 more) ..."}|0x7ab0a314
11:38:37.0 (1981952)|VARIABLE_SCOPE_BEGIN|[28]|name|String|false|false
11:38:37.0 (1990043)|VARIABLE_ASSIGNMENT|[28]|name|"Host"
11:38:37.0 (1994304)|VARIABLE_SCOPE_BEGIN|[28]|value|String|false|false
11:38:37.0 (2001467)|VARIABLE_ASSIGNMENT|[28]|value|"cs12.salesforce.com"
11:38:37.0 (2055739)|HEAP_ALLOCATE|[EXTERNAL]|Bytes:32
11:38:37.0 (2063469)|HEAP_ALLOCATE|[EXTERNAL]|Bytes:16
11:38:37.0 (2066639)|HEAP_ALLOCATE|[EXTERNAL]|Bytes:12
11:38:37.0 (2071133)|VARIABLE_SCOPE_BEGIN|[28]|this|System.RestRequest|true|false
11:38:37.0 (2101118)|VARIABLE_ASSIGNMENT|[28]|this|{"headers":"0x69a698a5","httpMethod":"POST","params":"0x1435dd3c","remoteAddress":"198.46.82.32","requestURI":"/Account","resourcePath":"/services/apexrest/A (8 more) ..."}|0x7ab0a314
11:38:37.0 (2109902)|VARIABLE_SCOPE_BEGIN|[28]|name|String|false|false
11:38:37.0 (2117446)|VARIABLE_ASSIGNMENT|[28]|name|"X-Salesforce-SIP"
11:38:37.0 (2122247)|VARIABLE_SCOPE_BEGIN|[28]|value|String|false|false
11:38:37.0 (2129068)|VARIABLE_ASSIGNMENT|[28]|value|"198.46.82.32"
11:38:37.0 (2181001)|HEAP_ALLOCATE|[EXTERNAL]|Bytes:32
11:38:37.0 (2188783)|HEAP_ALLOCATE|[EXTERNAL]|Bytes:12
11:38:37.0 (2192003)|HEAP_ALLOCATE|[EXTERNAL]|Bytes:16
11:38:37.0 (2196468)|VARIABLE_SCOPE_BEGIN|[28]|this|System.RestRequest|true|false
11:38:37.0 (2226206)|VARIABLE_ASSIGNMENT|[28]|this|{"headers":"0x69a698a5","httpMethod":"POST","params":"0x1435dd3c","remoteAddress":"198.46.82.32","requestURI":"/Account","resourcePath":"/services/apexrest/A (8 more) ..."}|0x7ab0a314
11:38:37.0 (2234822)|VARIABLE_SCOPE_BEGIN|[28]|name|String|false|false
11:38:37.0 (2242140)|VARIABLE_ASSIGNMENT|[28]|name|"Content-Type"
11:38:37.0 (2246390)|VARIABLE_SCOPE_BEGIN|[28]|value|String|false|false
11:38:37.0 (2253726)|VARIABLE_ASSIGNMENT|[28]|value|"application/json"
11:38:37.0 (2350257)|HEAP_ALLOCATE|[EXTERNAL]|Bytes:156
11:38:37.0 (2360429)|HEAP_ALLOCATE|[EXTERNAL]|Bytes:10
11:38:37.0 (2369823)|SYSTEM_METHOD_ENTRY|[1]|RestResponse.RestResponse()
11:38:37.0 (2374445)|STATEMENT_EXECUTE|[1]
11:38:37.0 (2381753)|SYSTEM_METHOD_EXIT|[1]|RestResponse
11:38:37.0 (2389183)|HEAP_ALLOCATE|[EXTERNAL]|Bytes:16
11:38:37.0 (2394851)|VARIABLE_SCOPE_BEGIN|[7]|this|System.RestResponse|true|false
11:38:37.0 (2417632)|VARIABLE_ASSIGNMENT|[7]|this|{}|0x6be274ad
11:38:37.0 (2547790)|VARIABLE_SCOPE_BEGIN|[4]|RestContext.request|System.RestRequest|true|true
11:38:37.0 (2559538)|VARIABLE_SCOPE_BEGIN|[5]|RestContext.response|System.RestResponse|true|true
11:38:37.0 (2570290)|HEAP_ALLOCATE|[EXTERNAL]|Bytes:112
11:38:37.0 (2576430)|HEAP_ALLOCATE|[EXTERNAL]|Bytes:5
11:38:37.0 (2584549)|SYSTEM_METHOD_ENTRY|[2]|RestContext.RestContext()
11:38:37.0 (2589035)|STATEMENT_EXECUTE|[2]
11:38:37.0 (2595794)|SYSTEM_METHOD_EXIT|[2]|RestContext
11:38:37.0 (2603850)|HEAP_ALLOCATE|[EXTERNAL]|Bytes:32
11:38:37.0 (2637312)|VARIABLE_ASSIGNMENT|[EXTERNAL]|RestContext.request|{"headers":"0x69a698a5","httpMethod":"POST","params":"0x1435dd3c","remoteAddress":"198.46.82.32","requestURI":"/Account","resourcePath":"/services/apexrest/A (8 more) ..."}|0x7ab0a314
11:38:37.0 (2656257)|HEAP_ALLOCATE|[EXTERNAL]|Bytes:16
11:38:37.0 (2678265)|VARIABLE_ASSIGNMENT|[EXTERNAL]|RestContext.response|{"headers":"0x3acceb36"}|0x6be274ad
11:38:37.0 (3431142)|HEAP_ALLOCATE|[EXTERNAL]|Bytes:4
11:38:37.0 (3448457)|METHOD_ENTRY|[2]|01pV0000000LQk8|portalAccount.portalAccount()
11:38:37.0 (3454864)|STATEMENT_EXECUTE|[2]
11:38:37.0 (3458573)|STATEMENT_EXECUTE|[2]
11:38:37.0 (3874556)|SYSTEM_MODE_ENTER|false
11:38:37.0 (3892637)|HEAP_ALLOCATE|[EXTERNAL]|Bytes:5
11:38:37.0 (3904021)|SYSTEM_MODE_EXIT|false
11:38:37.0 (3913001)|METHOD_EXIT|[2]|portalAccount
11:38:37.0 (3919964)|HEAP_ALLOCATE|[EXTERNAL]|Bytes:7
11:38:37.0 (3923778)|HEAP_ALLOCATE|[EXTERNAL]|Bytes:7
11:38:37.0 (3926896)|HEAP_ALLOCATE|[EXTERNAL]|Bytes:14
11:38:37.0 (3929819)|HEAP_ALLOCATE|[EXTERNAL]|Bytes:6
11:38:37.0 (3933210)|HEAP_ALLOCATE|[EXTERNAL]|Bytes:4
11:38:37.0 (3936125)|HEAP_ALLOCATE|[EXTERNAL]|Bytes:6
11:38:37.0 (3939005)|HEAP_ALLOCATE|[EXTERNAL]|Bytes:25
11:38:37.0 (3942004)|HEAP_ALLOCATE|[EXTERNAL]|Bytes:12
11:38:37.0 (3945431)|HEAP_ALLOCATE|[EXTERNAL]|Bytes:12
11:38:37.0 (3948406)|HEAP_ALLOCATE|[EXTERNAL]|Bytes:13
11:38:37.0 (3951240)|HEAP_ALLOCATE|[EXTERNAL]|Bytes:5
11:38:37.0 (3954189)|HEAP_ALLOCATE|[EXTERNAL]|Bytes:9
11:38:37.0 (3957157)|HEAP_ALLOCATE|[EXTERNAL]|Bytes:10
11:38:37.0 (3959955)|HEAP_ALLOCATE|[EXTERNAL]|Bytes:6
11:38:37.0 (3967538)|HEAP_ALLOCATE|[EXTERNAL]|Bytes:5
11:38:37.0 (3975473)|VARIABLE_SCOPE_BEGIN|[31]|UID|String|false|false
11:38:37.0 (3986516)|VARIABLE_ASSIGNMENT|[31]|UID|"MLK-001"
11:38:37.0 (3992019)|VARIABLE_SCOPE_BEGIN|[31]|partner|String|false|false
11:38:37.0 (3999454)|VARIABLE_ASSIGNMENT|[31]|partner|"1.800MD"
11:38:37.0 (4004351)|VARIABLE_SCOPE_BEGIN|[31]|firstName|String|false|false
11:38:37.0 (4012259)|VARIABLE_ASSIGNMENT|[31]|firstName|"Manuela-Tester"
11:38:37.0 (4016949)|VARIABLE_SCOPE_BEGIN|[31]|lastName|String|false|false
11:38:37.0 (4024261)|VARIABLE_ASSIGNMENT|[31]|lastName|"Kayser"
11:38:37.0 (4038022)|VARIABLE_SCOPE_BEGIN|[31]|DOB|Date|false|false
11:38:37.0 (4070549)|VARIABLE_ASSIGNMENT|[31]|DOB|"1990-10-31T00:00:00.000Z"
11:38:37.0 (4076920)|VARIABLE_SCOPE_BEGIN|[31]|sex|String|false|false
11:38:37.0 (4084622)|VARIABLE_ASSIGNMENT|[31]|sex|"Female"
11:38:37.0 (4089244)|VARIABLE_SCOPE_BEGIN|[31]|email|String|false|false
11:38:37.0 (4097637)|VARIABLE_ASSIGNMENT|[31]|email|"manuela.lkayser@gmai (5 more) ..."
11:38:37.0 (4102563)|VARIABLE_SCOPE_BEGIN|[31]|homePhone|String|false|false
11:38:37.0 (4109644)|VARIABLE_ASSIGNMENT|[31]|homePhone|"111-222-3333"
11:38:37.0 (4114366)|VARIABLE_SCOPE_BEGIN|[31]|mobilePhone|String|false|false
11:38:37.0 (4121452)|VARIABLE_ASSIGNMENT|[31]|mobilePhone|"212-333-5555"
11:38:37.0 (4125931)|VARIABLE_SCOPE_BEGIN|[31]|country|String|false|false
11:38:37.0 (4132975)|VARIABLE_ASSIGNMENT|[31]|country|"United States"
11:38:37.0 (4137626)|VARIABLE_SCOPE_BEGIN|[31]|state|String|false|false
11:38:37.0 (4144398)|VARIABLE_ASSIGNMENT|[31]|state|"Maine"
11:38:37.0 (4148893)|VARIABLE_SCOPE_BEGIN|[31]|city|String|false|false
11:38:37.0 (4155920)|VARIABLE_ASSIGNMENT|[31]|city|"Kennebunk"
11:38:37.0 (4161059)|VARIABLE_SCOPE_BEGIN|[31]|streetAddress1|String|false|false
11:38:37.0 (4168066)|VARIABLE_ASSIGNMENT|[31]|streetAddress1|"1 Main ST."
11:38:37.0 (4172690)|VARIABLE_SCOPE_BEGIN|[31]|streetAddress2|String|false|false
11:38:37.0 (4179121)|VARIABLE_ASSIGNMENT|[31]|streetAddress2|"Apt. 9"
11:38:37.0 (4183661)|VARIABLE_SCOPE_BEGIN|[31]|zip|String|false|false
11:38:37.0 (4190000)|VARIABLE_ASSIGNMENT|[31]|zip|"04043"
11:38:37.0 (4210543)|SYSTEM_MODE_ENTER|false
11:38:37.0 (4220157)|HEAP_ALLOCATE|[33]|Bytes:5
11:38:37.0 (4226944)|STATEMENT_EXECUTE|[31]
11:38:37.0 (4228766)|STATEMENT_EXECUTE|[33]
11:38:37.0 (4234337)|VARIABLE_SCOPE_BEGIN|[33]|message|String|false|false
11:38:37.0 (4244329)|VARIABLE_ASSIGNMENT|[33]|message|""
11:38:37.0 (4249328)|STATEMENT_EXECUTE|[36]
11:38:37.0 (4252053)|HEAP_ALLOCATE|[36]|Bytes:2
11:38:37.0 (4265158)|HEAP_ALLOCATE|[36]|Bytes:18
11:38:37.0 (4272684)|VARIABLE_SCOPE_BEGIN|[36]|streetAddress|String|false|false
11:38:37.0 (4283148)|VARIABLE_ASSIGNMENT|[36]|streetAddress|"1 Main ST., Apt. 9"
11:38:37.0 (4288188)|STATEMENT_EXECUTE|[39]
11:38:37.0 (4291752)|HEAP_ALLOCATE|[39]|Bytes:69
11:38:37.0 (4309701)|HEAP_ALLOCATE|[39]|Bytes:4
11:38:37.0 (4322631)|HEAP_ALLOCATE|[39]|Bytes:7
11:38:37.0 (5231688)|SOQL_EXECUTE_BEGIN|[39]|Aggregations:0|SELECT Id FROM Account WHERE Source_Partner_UID__c = :tmpVar1 LIMIT 1
11:38:37.0 (5248856)|LIMIT_USAGE|[39]|SOQL|1|100
11:38:37.0 (5279540)|LIMIT_USAGE|[39]|AGGS|0|300
11:38:37.0 (12968186)|SOQL_EXECUTE_END|[39]|Rows:0
11:38:37.0 (12983649)|LIMIT_USAGE|[39]|SOQL_ROWS|0|50000
11:38:37.0 (13017110)|HEAP_ALLOCATE|[39]|Bytes:4
11:38:37.0 (13031424)|HEAP_ALLOCATE|[39]|Bytes:0
11:38:37.0 (13148208)|HEAP_ALLOCATE|[39]|Bytes:4
11:38:37.0 (13167831)|VARIABLE_SCOPE_BEGIN|[39]|a|List<Account>|true|false
11:38:37.0 (13187190)|VARIABLE_ASSIGNMENT|[39]|a|[]|0x335fa407
11:38:37.0 (13257575)|STATEMENT_EXECUTE|[40]
11:38:37.0 (13261321)|STATEMENT_EXECUTE|[43]
11:38:37.0 (13286884)|HEAP_ALLOCATE|[43]|Bytes:4
11:38:37.0 (13403531)|VARIABLE_SCOPE_BEGIN|[43]|account|Account|true|false
11:38:37.0 (13425484)|VARIABLE_ASSIGNMENT|[43]|account|{}|0x5c94c5e9
11:38:37.0 (13432183)|STATEMENT_EXECUTE|[44]
11:38:37.0 (13437538)|HEAP_ALLOCATE|[44]|Bytes:102
11:38:37.0 (13453311)|HEAP_ALLOCATE|[44]|Bytes:4
11:38:37.0 (13759430)|SOQL_EXECUTE_BEGIN|[44]|Aggregations:0|SELECT Id FROM RecordType WHERE (SobjectType = 'Account' AND IsPersonType = TRUE AND Name = 'Patient')
11:38:37.0 (13772114)|LIMIT_USAGE|[44]|SOQL|2|100
11:38:37.0 (13795071)|LIMIT_USAGE|[44]|AGGS|0|300
11:38:37.0 (29602195)|SOQL_EXECUTE_END|[44]|Rows:1
11:38:37.0 (29624748)|LIMIT_USAGE|[44]|SOQL_ROWS|1|50000
11:38:37.0 (29647425)|HEAP_ALLOCATE|[44]|Bytes:8
11:38:37.0 (29666059)|HEAP_ALLOCATE|[44]|Bytes:29
11:38:37.0 (29773614)|HEAP_ALLOCATE|[44]|Bytes:8
11:38:37.0 (29795373)|HEAP_ALLOCATE|[44]|Bytes:36
11:38:37.0 (29845886)|HEAP_ALLOCATE|[44]|Bytes:8
11:38:37.0 (29959243)|VARIABLE_ASSIGNMENT|[44]|this.RecordTypeId|"012E0000000NFJvIAO"|0x5c94c5e9
11:38:37.0 (29976594)|STATEMENT_EXECUTE|[45]
11:38:37.0 (30030349)|VARIABLE_ASSIGNMENT|[45]|this.Source_Partner__c|"1.800MD"|0x5c94c5e9
11:38:37.0 (30040771)|STATEMENT_EXECUTE|[46]
11:38:37.0 (30085538)|VARIABLE_ASSIGNMENT|[46]|this.Source_Partner_UID__c|"MLK-001"|0x5c94c5e9
11:38:37.0 (30094914)|STATEMENT_EXECUTE|[47]
11:38:37.0 (30143717)|VARIABLE_ASSIGNMENT|[47]|this.FirstName|"Manuela-Tester"|0x5c94c5e9
11:38:37.0 (30154233)|STATEMENT_EXECUTE|[48]
11:38:37.0 (30196092)|VARIABLE_ASSIGNMENT|[48]|this.LastName|"Kayser"|0x5c94c5e9
11:38:37.0 (30204957)|STATEMENT_EXECUTE|[49]
11:38:37.0 (30274330)|VARIABLE_ASSIGNMENT|[49]|this.PersonBirthdate|"1990-10-31T00:00:00.000Z"|0x5c94c5e9
11:38:37.0 (30284266)|STATEMENT_EXECUTE|[50]
11:38:37.0 (30333182)|VARIABLE_ASSIGNMENT|[50]|this.Gender__c|"Female"|0x5c94c5e9
11:38:37.0 (30342430)|STATEMENT_EXECUTE|[51]
11:38:37.0 (30392152)|VARIABLE_ASSIGNMENT|[51]|this.PersonEmail|"manuela.lkayser@gmai (5 more) ..."|0x5c94c5e9
11:38:37.0 (30401900)|STATEMENT_EXECUTE|[52]
11:38:37.0 (30450651)|VARIABLE_ASSIGNMENT|[52]|this.PersonHomePhone|"111-222-3333"|0x5c94c5e9
11:38:37.0 (30460390)|STATEMENT_EXECUTE|[53]
11:38:37.0 (30508715)|VARIABLE_ASSIGNMENT|[53]|this.PersonMobilePhone|"212-333-5555"|0x5c94c5e9
11:38:37.0 (30517946)|STATEMENT_EXECUTE|[54]
11:38:37.0 (30567067)|VARIABLE_ASSIGNMENT|[54]|this.BillingCountry|"United States"|0x5c94c5e9
11:38:37.0 (30576118)|STATEMENT_EXECUTE|[55]
11:38:37.0 (30623194)|VARIABLE_ASSIGNMENT|[55]|this.BillingState|"Maine"|0x5c94c5e9
11:38:37.0 (30632550)|STATEMENT_EXECUTE|[56]
11:38:37.0 (30679264)|VARIABLE_ASSIGNMENT|[56]|this.BillingCity|"Kennebunk"|0x5c94c5e9
11:38:37.0 (30688907)|STATEMENT_EXECUTE|[57]
11:38:37.0 (30731712)|VARIABLE_ASSIGNMENT|[57]|this.BillingStreet|"1 Main ST., Apt. 9"|0x5c94c5e9
11:38:37.0 (30741230)|STATEMENT_EXECUTE|[58]
11:38:37.0 (30783984)|VARIABLE_ASSIGNMENT|[58]|this.BillingPostalCode|"04043"|0x5c94c5e9
11:38:37.0 (30807782)|STATEMENT_EXECUTE|[61]
11:38:37.0 (30811751)|STATEMENT_EXECUTE|[61]
11:38:37.0 (30814380)|STATEMENT_EXECUTE|[63]
11:38:37.0 (30863316)|HEAP_ALLOCATE|[63]|Bytes:8
11:38:37.0 (30878875)|DML_BEGIN|[63]|Op:Insert|Type:Account|Rows:1
11:38:37.0 (30901664)|LIMIT_USAGE|[63]|DML|1|150
11:38:37.0 (30920411)|LIMIT_USAGE|[63]|DML_ROWS|1|10000
11:38:37.0 (30949580)|HEAP_ALLOCATE|[EXTERNAL]|Bytes:8
11:38:37.60 (60736921)|ENTERING_MANAGED_PKG|tz
11:38:37.60 (65009618)|ENTERING_MANAGED_PKG|tz
11:38:37.60 (65637518)|ENTERING_MANAGED_PKG|tz
11:38:37.60 (68269502)|ENTERING_MANAGED_PKG|tz
11:38:37.60 (68483967)|ENTERING_MANAGED_PKG|tz
11:38:37.60 (69005204)|ENTERING_MANAGED_PKG|tz
11:38:37.60 (71503588)|ENTERING_MANAGED_PKG|tz
11:38:37.60 (71693754)|ENTERING_MANAGED_PKG|tz
11:38:37.60 (72930272)|ENTERING_MANAGED_PKG|tz
11:38:37.60 (73183010)|ENTERING_MANAGED_PKG|tz
11:38:37.60 (73270102)|ENTERING_MANAGED_PKG|tz
11:38:37.60 (79143252)|ENTERING_MANAGED_PKG|tz
11:38:37.60 (79181613)|ENTERING_MANAGED_PKG|tz
11:38:37.60 (79421972)|ENTERING_MANAGED_PKG|tz
11:38:37.60 (79548161)|ENTERING_MANAGED_PKG|tz
11:38:37.60 (79742106)|ENTERING_MANAGED_PKG|tz
11:38:37.60 (80652601)|SOQL_EXECUTE_BEGIN|[369]|Aggregations:0|SELECT tz__Country__c FROM tz__lt_country_names__mdt WHERE MasterLabel = :tmpVar1
11:38:37.60 (93354856)|SOQL_EXECUTE_END|[369]|Rows:1
11:38:37.60 (94167199)|ENTERING_MANAGED_PKG|tz
11:38:37.60 (95230109)|SOQL_EXECUTE_BEGIN|[381]|Aggregations:0|SELECT tz__State__c FROM tz__lt_state_codes__mdt WHERE MasterLabel = :tmpVar1
11:38:37.60 (99907093)|SOQL_EXECUTE_END|[381]|Rows:1
11:38:37.60 (100450009)|ENTERING_MANAGED_PKG|tz
11:38:37.60 (101474140)|SOQL_EXECUTE_BEGIN|[392]|Aggregations:0|SELECT tz__Region__c, tz__Abbr__c, tz__DST_Abbr__c, tz__Offset__c, tz__DST_Offset__c, tz__Timezone_IANA__c FROM tz__lt_timezones__mdt WHERE MasterLabel = :tmpVar1
11:38:37.60 (130863490)|SOQL_EXECUTE_END|[392]|Rows:0
11:38:37.60 (131592000)|SOQL_EXECUTE_BEGIN|[415]|Aggregations:0|SELECT tz__Region__c, tz__Abbr__c, tz__DST_Abbr__c, tz__Offset__c, tz__DST_Offset__c, tz__Timezone_IANA__c FROM tz__lt_timezones__mdt WHERE MasterLabel = :tmpVar1
11:38:37.60 (150963758)|SOQL_EXECUTE_END|[415]|Rows:1
11:38:37.60 (151214625)|ENTERING_MANAGED_PKG|tz
11:38:37.60 (156112610)|SOQL_EXECUTE_BEGIN|[79]|Aggregations:0|SELECT tz__Full_Name__c FROM tz__lt_timezone_names__mdt WHERE MasterLabel = :tmpVar1
11:38:37.60 (162796356)|SOQL_EXECUTE_END|[79]|Rows:1
11:38:37.163 (163181262)|CUMULATIVE_LIMIT_USAGE
11:38:37.163 (163181262)|LIMIT_USAGE_FOR_NS|(default)|
  Number of SOQL queries: 2 out of 100
  Number of query rows: 1 out of 50000
  Number of SOSL queries: 0 out of 20
  Number of DML statements: 1 out of 150
  Number of DML rows: 1 out of 10000
  Maximum CPU time: 35 out of 10000
  Maximum heap size: 0 out of 6000000
  Number of callouts: 0 out of 100
  Number of Email Invocations: 0 out of 10
  Number of future calls: 0 out of 50
  Number of queueable jobs added to the queue: 0 out of 50
  Number of Mobile Apex push calls: 0 out of 10

11:38:37.163 (163181262)|LIMIT_USAGE_FOR_NS|tz|
  Number of SOQL queries: 0 out of 100
  Number of query rows: 4 out of 50000
  Number of SOSL queries: 0 out of 20
  Number of DML statements: 0 out of 150
  Number of DML rows: 0 out of 10000
  Maximum CPU time: 0 out of 10000
  Maximum heap size: 0 out of 6000000
  Number of callouts: 0 out of 100
  Number of Email Invocations: 0 out of 10
  Number of future calls: 0 out of 50
  Number of queueable jobs added to the queue: 0 out of 50
  Number of Mobile Apex push calls: 0 out of 10

11:38:37.163 (163181262)|CUMULATIVE_LIMIT_USAGE_END

11:38:37.0 (361109350)|CODE_UNIT_STARTED|[EXTERNAL]|Workflow:Account
11:38:37.0 (376385347)|WF_RULE_EVAL_BEGIN|Workflow
11:38:37.0 (376436850)|WF_CRITERIA_BEGIN|[Person Account: Manuela-Tester Kayser 001V000000Vxnei]|Set Billing Region|01Q440000001M85|ON_ALL_CHANGES|0
11:38:37.0 (376925435)|WF_FORMULA|Formula:ENCODED:[treatNullAsNull](ISNEW() && NOT(ISBLANK({!ID:BillingCountry})))
&#124;&#124;
ISCHANGED({!ID:BillingCountry})|Values:BillingCountry=United States
11:38:37.0 (376943010)|WF_CRITERIA_END|true
11:38:37.0 (377806469)|WF_CRITERIA_BEGIN|[Person Account: Manuela-Tester Kayser 001V000000Vxnei]|New_Patient_Case_Update_Acct_Patient_Case_Number301E0000000g3t8|01QE0000000kIlb|ON_ALL_CHANGES|0
11:38:37.0 (377871948)|WF_FORMULA|Formula:ENCODED:[treatNullAsNull]true|Values:
11:38:37.0 (377881095)|WF_CRITERIA_END|true
11:38:37.0 (377906967)|WF_CRITERIA_BEGIN|[Person Account: Manuela-Tester Kayser 001V000000Vxnei]|Set Phone on Patient Accounts|01QE0000000Ubik|ON_ALL_CHANGES|0
11:38:37.0 (378426748)|WF_FORMULA|Formula:ENCODED:[treatNullAsNull]ISCHANGED({!ID:00NE0000005flNw}) &#124;&#124; ISCHANGED({!ID:PersonHomePhone}) &#124;&#124; ISCHANGED({!ID:00NE0000005flO2}) &#124;&#124; ISCHANGED({!ID:PersonMobilePhone})|Values:PersonHomePhone=111-222-3333, Preferred_Contact_Method__c=null, PersonMobilePhone=212-333-5555, Work_Phone__c=null
11:38:37.0 (378442388)|WF_CRITERIA_END|false
11:38:37.0 (378461636)|WF_CRITERIA_BEGIN|[Person Account: Manuela-Tester Kayser 001V000000Vxnei]|Notify - New Member Portal Account|01QV00000001JfJ|ON_CREATE_ONLY|0
11:38:37.0 (379459330)|WF_FORMULA|Formula:ENCODED:[treatNullAsNull]{!ID:CreatedBy.Profile} = "00eE0000000afh0"
&#124;&#124;
{!ID:CreatedBy.Profile} = "00eE0000000afgq"|Values:CreatedBy.ProfileId=00eE0000000zEde
11:38:37.0 (379472512)|WF_CRITERIA_END|false
11:38:37.0 (379492075)|WF_CRITERIA_BEGIN|[Person Account: Manuela-Tester Kayser 001V000000Vxnei]|Patient_Name_Changed301E0000000LL3k|01QE0000000Ubkb|ON_RECURSIVE_UPDATE|0
11:38:37.0 (379535223)|WF_FORMULA|Formula:ENCODED:[treatNullAsNull]true|Values:
11:38:37.0 (379543804)|WF_CRITERIA_END|true
11:38:37.0 (379567219)|WF_CRITERIA_BEGIN|[Person Account: Manuela-Tester Kayser 001V000000Vxnei]|Patient_Region_Update_Case30144000000U2Wf|01Q440000001M8A|ON_ALL_CHANGES|0
11:38:37.0 (379606481)|WF_FORMULA|Formula:ENCODED:[treatNullAsNull]true|Values:
11:38:37.0 (379614601)|WF_CRITERIA_END|true
11:38:37.0 (379635727)|WF_CRITERIA_BEGIN|[Person Account: Manuela-Tester Kayser 001V000000Vxnei]|New_Patient_Account_Create_MRN_Number301E0000000LLLI|01QE0000000kKA8|ON_CREATE_ONLY|0
11:38:37.0 (379673690)|WF_FORMULA|Formula:ENCODED:[treatNullAsNull]true|Values:
11:38:37.0 (379681473)|WF_CRITERIA_END|true
11:38:37.0 (379702512)|WF_CRITERIA_BEGIN|[Person Account: Manuela-Tester Kayser 001V000000Vxnei]|Step_1_Create_Patient_Registration_Record301V0000000641t|01QV00000001NNJ|ON_CREATE_ONLY|0
11:38:37.0 (379739673)|WF_FORMULA|Formula:ENCODED:[treatNullAsNull]true|Values:
11:38:37.0 (379747538)|WF_CRITERIA_END|true
11:38:37.0 (379763841)|WF_SPOOL_ACTION_BEGIN|Workflow
11:38:37.0 (396429928)|WF_FIELD_UPDATE|[Person Account: Manuela-Tester Kayser 001V000000Vxnei]|Field:Person Account: Billing Region|Value:North America|Id=04Y44000000DmyD|CurrentRule:Set Billing Region (Id=01Q440000001M85)
11:38:37.0 (396477327)|WF_ACTION| Field Update: 1; Flow Trigger: 5;
11:38:37.0 (396484070)|WF_RULE_EVAL_END
11:38:37.398 (398468025)|ENTERING_MANAGED_PKG|tz
11:38:37.398 (398619696)|ENTERING_MANAGED_PKG|tz
11:38:37.398 (399566310)|ENTERING_MANAGED_PKG|tz
11:38:37.398 (399741118)|ENTERING_MANAGED_PKG|tz
11:38:37.398 (400104170)|ENTERING_MANAGED_PKG|tz
11:38:37.398 (401312163)|ENTERING_MANAGED_PKG|tz
11:38:37.398 (401497669)|ENTERING_MANAGED_PKG|tz
11:38:37.398 (402203697)|ENTERING_MANAGED_PKG|tz
11:38:37.398 (402364930)|ENTERING_MANAGED_PKG|tz
11:38:37.398 (402424398)|ENTERING_MANAGED_PKG|tz
11:38:37.398 (403209359)|ENTERING_MANAGED_PKG|tz
11:38:37.398 (403414203)|ENTERING_MANAGED_PKG|tz
11:38:37.398 (403467644)|ENTERING_MANAGED_PKG|tz
11:38:37.398 (403599729)|ENTERING_MANAGED_PKG|tz
11:38:37.398 (404019976)|SOQL_EXECUTE_BEGIN|[369]|Aggregations:0|SELECT tz__Country__c FROM tz__lt_country_names__mdt WHERE MasterLabel = :tmpVar1
11:38:37.398 (410410751)|SOQL_EXECUTE_END|[369]|Rows:1
11:38:37.398 (410860130)|ENTERING_MANAGED_PKG|tz
11:38:37.398 (411142318)|SOQL_EXECUTE_BEGIN|[381]|Aggregations:0|SELECT tz__State__c FROM tz__lt_state_codes__mdt WHERE MasterLabel = :tmpVar1
11:38:37.398 (414060142)|SOQL_EXECUTE_END|[381]|Rows:1
11:38:37.398 (414403548)|ENTERING_MANAGED_PKG|tz
11:38:37.398 (414961971)|SOQL_EXECUTE_BEGIN|[392]|Aggregations:0|SELECT tz__Region__c, tz__Abbr__c, tz__DST_Abbr__c, tz__Offset__c, tz__DST_Offset__c, tz__Timezone_IANA__c FROM tz__lt_timezones__mdt WHERE MasterLabel = :tmpVar1
11:38:37.398 (429626768)|SOQL_EXECUTE_END|[392]|Rows:0
11:38:37.398 (430258335)|SOQL_EXECUTE_BEGIN|[415]|Aggregations:0|SELECT tz__Region__c, tz__Abbr__c, tz__DST_Abbr__c, tz__Offset__c, tz__DST_Offset__c, tz__Timezone_IANA__c FROM tz__lt_timezones__mdt WHERE MasterLabel = :tmpVar1
11:38:37.398 (443271724)|SOQL_EXECUTE_END|[415]|Rows:1
11:38:37.398 (443452767)|ENTERING_MANAGED_PKG|tz
11:38:37.398 (445007807)|SOQL_EXECUTE_BEGIN|[79]|Aggregations:0|SELECT tz__Full_Name__c FROM tz__lt_timezone_names__mdt WHERE MasterLabel = :tmpVar1
11:38:37.398 (448167960)|SOQL_EXECUTE_END|[79]|Rows:1
11:38:37.448 (448407721)|CUMULATIVE_LIMIT_USAGE
11:38:37.448 (448407721)|LIMIT_USAGE_FOR_NS|(default)|
  Number of SOQL queries: 2 out of 100
  Number of query rows: 1 out of 50000
  Number of SOSL queries: 0 out of 20
  Number of DML statements: 1 out of 150
  Number of DML rows: 1 out of 10000
  Maximum CPU time: 113 out of 10000
  Maximum heap size: 0 out of 6000000
  Number of callouts: 0 out of 100
  Number of Email Invocations: 0 out of 10
  Number of future calls: 0 out of 50
  Number of queueable jobs added to the queue: 0 out of 50
  Number of Mobile Apex push calls: 0 out of 10

11:38:37.448 (448407721)|LIMIT_USAGE_FOR_NS|tz|
  Number of SOQL queries: 0 out of 100
  Number of query rows: 8 out of 50000
  Number of SOSL queries: 0 out of 20
  Number of DML statements: 0 out of 150
  Number of DML rows: 0 out of 10000
  Maximum CPU time: 0 out of 10000
  Maximum heap size: 0 out of 6000000
  Number of callouts: 0 out of 100
  Number of Email Invocations: 0 out of 10
  Number of future calls: 0 out of 50
  Number of queueable jobs added to the queue: 0 out of 50
  Number of Mobile Apex push calls: 0 out of 10

11:38:37.448 (448407721)|CUMULATIVE_LIMIT_USAGE_END

11:38:37.0 (502407386)|WF_FLOW_ACTION_BEGIN|09LV0000000Cw9e
11:38:37.502 (502537561)|FLOW_CREATE_INTERVIEW_BEGIN|00DV000000892HU|300V00000004RMN|301V0000000641t
11:38:37.502 (504665221)|FLOW_CREATE_INTERVIEW_END|6232c152ff1451ca471f56f7cb7315fe484e40c-7ba4|Step 1 : Create Patient Registration Record
11:38:37.505 (505091188)|FLOW_START_INTERVIEWS_BEGIN|1
11:38:37.505 (505117759)|FLOW_START_INTERVIEW_BEGIN|6232c152ff1451ca471f56f7cb7315fe484e40c-7ba4|Step 1 : Create Patient Registration Record
11:38:37.505 (535313796)|FLOW_START_INTERVIEW_END|6232c152ff1451ca471f56f7cb7315fe484e40c-7ba4|Step 1 : Create Patient Registration Record
11:38:37.505 (581003939)|LIMIT_USAGE|[EXTERNAL]|FIELDSETS_DESCRIBES|1|100
11:38:37.505 (581049927)|LIMIT_USAGE|[EXTERNAL]|FIELDSETS_DESCRIBES|2|100
11:38:37.505 (581104883)|LIMIT_USAGE|[EXTERNAL]|DML|2|150
11:38:37.505 (581116786)|LIMIT_USAGE|[EXTERNAL]|DML_ROWS|2|10000
11:38:37.505 (644895590)|FLOW_START_INTERVIEWS_END|1
11:38:37.0 (646287498)|WF_FLOW_ACTION_END|09LV0000000Cw9e
11:38:37.0 (646322789)|WF_FLOW_ACTION_BEGIN|09L44000000GtJE
11:38:37.646 (646457825)|FLOW_CREATE_INTERVIEW_BEGIN|00DV000000892HU|300E0000000g0Q9|30144000000U2Wf
11:38:37.646 (648798712)|FLOW_CREATE_INTERVIEW_END|6233c152ff1451ca471f56f7cb7315fe484e40c-7ba5|Patient Billing Region Updated - Update Case
11:38:37.649 (649201701)|FLOW_START_INTERVIEWS_BEGIN|1
11:38:37.649 (649227892)|FLOW_START_INTERVIEW_BEGIN|6233c152ff1451ca471f56f7cb7315fe484e40c-7ba5|Patient Billing Region Updated - Update Case
11:38:37.649 (656992808)|FLOW_START_INTERVIEW_END|6233c152ff1451ca471f56f7cb7315fe484e40c-7ba5|Patient Billing Region Updated - Update Case
11:38:37.649 (657011986)|FLOW_START_INTERVIEWS_END|1
11:38:37.0 (657771613)|WF_FLOW_ACTION_END|09L44000000GtJE
11:38:37.0 (657799011)|WF_FLOW_ACTION_BEGIN|09LE0000000fyq4
11:38:37.657 (657873333)|FLOW_CREATE_INTERVIEW_BEGIN|00DV000000892HU|300E0000000g0pE|301E0000000g3t8
11:38:37.657 (659668522)|FLOW_CREATE_INTERVIEW_END|6234c152ff1451ca471f56f7cb7315fe484e40c-7ba6|New Acq Site Case - Update Account "Current Patient Case Number"
11:38:37.659 (659970188)|FLOW_START_INTERVIEWS_BEGIN|1
11:38:37.659 (659992892)|FLOW_START_INTERVIEW_BEGIN|6234c152ff1451ca471f56f7cb7315fe484e40c-7ba6|New Acq Site Case - Update Account "Current Patient Case Number"
11:38:37.659 (666527810)|FLOW_START_INTERVIEW_END|6234c152ff1451ca471f56f7cb7315fe484e40c-7ba6|New Acq Site Case - Update Account "Current Patient Case Number"
11:38:37.659 (666544462)|FLOW_START_INTERVIEWS_END|1
11:38:37.0 (667340358)|WF_FLOW_ACTION_END|09LE0000000fyq4
11:38:37.0 (667359993)|WF_FLOW_ACTION_BEGIN|09LE000000001TC
11:38:37.667 (667425479)|FLOW_CREATE_INTERVIEW_BEGIN|00DV000000892HU|300E0000000LVQ2|301E0000000LL3k
11:38:37.667 (668988589)|FLOW_CREATE_INTERVIEW_END|6235c152ff1451ca471f56f7cb7315fe484e40c-7ba7|Patient Name Changed
11:38:37.669 (669260287)|FLOW_START_INTERVIEWS_BEGIN|1
11:38:37.669 (669281451)|FLOW_START_INTERVIEW_BEGIN|6235c152ff1451ca471f56f7cb7315fe484e40c-7ba7|Patient Name Changed
11:38:37.669 (675595160)|FLOW_START_INTERVIEW_END|6235c152ff1451ca471f56f7cb7315fe484e40c-7ba7|Patient Name Changed
11:38:37.669 (675610846)|FLOW_START_INTERVIEWS_END|1
11:38:37.0 (676287613)|WF_FLOW_ACTION_END|09LE000000001TC
11:38:37.0 (676305555)|WF_FLOW_ACTION_BEGIN|09LE0000000fzLC
11:38:37.676 (676361243)|FLOW_CREATE_INTERVIEW_BEGIN|00DV000000892HU|300E0000000LVTs|301E0000000LLLI
11:38:37.676 (677572844)|FLOW_CREATE_INTERVIEW_END|6236c152ff1451ca471f56f7cb7315fe484e40c-7ba8|New Patient - Create MRN Number
11:38:37.677 (677830007)|FLOW_START_INTERVIEWS_BEGIN|1
11:38:37.677 (677851190)|FLOW_START_INTERVIEW_BEGIN|6236c152ff1451ca471f56f7cb7315fe484e40c-7ba8|New Patient - Create MRN Number
11:38:37.677 (684034814)|FLOW_START_INTERVIEW_END|6236c152ff1451ca471f56f7cb7315fe484e40c-7ba8|New Patient - Create MRN Number
11:38:37.677 (688947678)|LIMIT_USAGE|[EXTERNAL]|FIELDSETS_DESCRIBES|3|100
11:38:37.677 (688975170)|LIMIT_USAGE|[EXTERNAL]|FIELDSETS_DESCRIBES|4|100
11:38:37.677 (689017349)|LIMIT_USAGE|[EXTERNAL]|DML|3|150
11:38:37.677 (689029890)|LIMIT_USAGE|[EXTERNAL]|DML_ROWS|3|10000
11:38:37.710 (710390883)|CODE_UNIT_STARTED|[EXTERNAL]|Workflow:01IE0000000uWmw
11:38:37.710 (716864725)|WF_RULE_EVAL_BEGIN|Workflow
11:38:37.710 (716894913)|WF_CRITERIA_BEGIN|[MRN Number: MRN-6403 a0PV00000032eL9]|New_MRN_Number_Update_Patient301E0000000LLLH|01QE0000000kKA3|ON_RECURSIVE_UPDATE|0
11:38:37.710 (716999963)|WF_FORMULA|Formula:ENCODED:[treatNullAsNull]true|Values:
11:38:37.710 (717010246)|WF_CRITERIA_END|true
11:38:37.710 (717498661)|WF_SPOOL_ACTION_BEGIN|Workflow
11:38:37.710 (717530978)|WF_ACTION| Flow Trigger: 1;
11:38:37.710 (717537030)|WF_RULE_EVAL_END
11:38:37.710 (717570244)|WF_FLOW_ACTION_BEGIN|09LE0000000fzL7
11:38:37.717 (717624098)|FLOW_CREATE_INTERVIEW_BEGIN|00DV000000892HU|300E0000000LVTr|301E0000000LLLH
11:38:37.717 (719717914)|FLOW_CREATE_INTERVIEW_END|6237c152ff1451ca471f56f7cb7315fe484e40c-7ba9|New MRN Number - Update Patient
11:38:37.720 (720096588)|FLOW_START_INTERVIEWS_BEGIN|1
11:38:37.720 (720122776)|FLOW_START_INTERVIEW_BEGIN|6237c152ff1451ca471f56f7cb7315fe484e40c-7ba9|New MRN Number - Update Patient
11:38:37.720 (721109470)|FLOW_START_INTERVIEW_END|6237c152ff1451ca471f56f7cb7315fe484e40c-7ba9|New MRN Number - Update Patient
11:38:37.720 (811556781)|LIMIT_USAGE|[EXTERNAL]|FIELDSETS_DESCRIBES|5|100
11:38:37.720 (811632497)|LIMIT_USAGE|[EXTERNAL]|FIELDSETS_DESCRIBES|6|100
11:38:37.720 (818512746)|LIMIT_USAGE|[EXTERNAL]|SOQL_ROWS|2|50000
11:38:37.720 (818537954)|LIMIT_USAGE|[EXTERNAL]|SOQL|3|100
11:38:37.720 (818547880)|LIMIT_USAGE|[EXTERNAL]|AGGS|1|300
11:38:37.720 (818610149)|LIMIT_USAGE|[EXTERNAL]|DML|4|150
11:38:37.720 (818622530)|LIMIT_USAGE|[EXTERNAL]|DML_ROWS|4|10000
11:38:37.833 (833087220)|ENTERING_MANAGED_PKG|tz
11:38:37.833 (833254663)|ENTERING_MANAGED_PKG|tz
11:38:37.833 (834448721)|ENTERING_MANAGED_PKG|tz
11:38:37.833 (834653315)|ENTERING_MANAGED_PKG|tz
11:38:37.833 (835035689)|ENTERING_MANAGED_PKG|tz
11:38:37.833 (835955536)|ENTERING_MANAGED_PKG|tz
11:38:37.833 (836128942)|ENTERING_MANAGED_PKG|tz
11:38:37.833 (836826274)|ENTERING_MANAGED_PKG|tz
11:38:37.833 (836999462)|ENTERING_MANAGED_PKG|tz
11:38:37.833 (837059080)|ENTERING_MANAGED_PKG|tz
11:38:37.833 (837819696)|ENTERING_MANAGED_PKG|tz
11:38:37.833 (838022392)|ENTERING_MANAGED_PKG|tz
11:38:37.833 (838059326)|ENTERING_MANAGED_PKG|tz
11:38:37.833 (838176190)|ENTERING_MANAGED_PKG|tz
11:38:37.833 (838566581)|SOQL_EXECUTE_BEGIN|[369]|Aggregations:0|SELECT tz__Country__c FROM tz__lt_country_names__mdt WHERE MasterLabel = :tmpVar1
11:38:37.833 (844748996)|SOQL_EXECUTE_END|[369]|Rows:1
11:38:37.833 (845207237)|ENTERING_MANAGED_PKG|tz
11:38:37.833 (845497970)|SOQL_EXECUTE_BEGIN|[381]|Aggregations:0|SELECT tz__State__c FROM tz__lt_state_codes__mdt WHERE MasterLabel = :tmpVar1
11:38:37.833 (848470115)|SOQL_EXECUTE_END|[381]|Rows:1
11:38:37.833 (848818222)|ENTERING_MANAGED_PKG|tz
11:38:37.833 (849255796)|SOQL_EXECUTE_BEGIN|[392]|Aggregations:0|SELECT tz__Region__c, tz__Abbr__c, tz__DST_Abbr__c, tz__Offset__c, tz__DST_Offset__c, tz__Timezone_IANA__c FROM tz__lt_timezones__mdt WHERE MasterLabel = :tmpVar1
11:38:37.833 (863064011)|SOQL_EXECUTE_END|[392]|Rows:0
11:38:37.833 (863570118)|SOQL_EXECUTE_BEGIN|[415]|Aggregations:0|SELECT tz__Region__c, tz__Abbr__c, tz__DST_Abbr__c, tz__Offset__c, tz__DST_Offset__c, tz__Timezone_IANA__c FROM tz__lt_timezones__mdt WHERE MasterLabel = :tmpVar1
11:38:37.833 (877092497)|SOQL_EXECUTE_END|[415]|Rows:1
11:38:37.833 (877247346)|ENTERING_MANAGED_PKG|tz
11:38:37.833 (878752096)|SOQL_EXECUTE_BEGIN|[79]|Aggregations:0|SELECT tz__Full_Name__c FROM tz__lt_timezone_names__mdt WHERE MasterLabel = :tmpVar1
11:38:37.833 (882170278)|SOQL_EXECUTE_END|[79]|Rows:1
11:38:37.882 (882413525)|CUMULATIVE_LIMIT_USAGE
11:38:37.882 (882413525)|LIMIT_USAGE_FOR_NS|(default)|
  Number of SOQL queries: 3 out of 100
  Number of query rows: 2 out of 50000
  Number of SOSL queries: 0 out of 20
  Number of DML statements: 4 out of 150
  Number of DML rows: 4 out of 10000
  Maximum CPU time: 282 out of 10000
  Maximum heap size: 0 out of 6000000
  Number of callouts: 0 out of 100
  Number of Email Invocations: 0 out of 10
  Number of future calls: 0 out of 50
  Number of queueable jobs added to the queue: 0 out of 50
  Number of Mobile Apex push calls: 0 out of 10

11:38:37.882 (882413525)|LIMIT_USAGE_FOR_NS|tz|
  Number of SOQL queries: 0 out of 100
  Number of query rows: 12 out of 50000
  Number of SOSL queries: 0 out of 20
  Number of DML statements: 0 out of 150
  Number of DML rows: 0 out of 10000
  Maximum CPU time: 0 out of 10000
  Maximum heap size: 0 out of 6000000
  Number of callouts: 0 out of 100
  Number of Email Invocations: 0 out of 10
  Number of future calls: 0 out of 50
  Number of queueable jobs added to the queue: 0 out of 50
  Number of Mobile Apex push calls: 0 out of 10

11:38:37.882 (882413525)|CUMULATIVE_LIMIT_USAGE_END

11:38:37.710 (925952153)|WF_FLOW_ACTION_END|09LE0000000fzL7
11:38:37.710 (926064386)|WF_ACTIONS_END| Flow Trigger: 1;
11:38:37.710 (926080105)|CODE_UNIT_FINISHED|Workflow:01IE0000000uWmw
11:38:37.677 (926981112)|FLOW_START_INTERVIEWS_END|1
11:38:37.0 (927484931)|WF_FLOW_ACTION_END|09LE0000000fzLC
11:38:37.0 (927539134)|WF_RULE_EVAL_BEGIN|Workflow
11:38:37.0 (927587058)|WF_CRITERIA_BEGIN|[Person Account: Manuela-Tester Kayser 001V000000Vxnei]|Set Phone on Patient Accounts|01QE0000000Ubik|ON_ALL_CHANGES|1
11:38:37.0 (927818097)|WF_FORMULA|Formula:ENCODED:[treatNullAsNull]ISCHANGED({!ID:00NE0000005flNw}) &#124;&#124; ISCHANGED({!ID:PersonHomePhone}) &#124;&#124; ISCHANGED({!ID:00NE0000005flO2}) &#124;&#124; ISCHANGED({!ID:PersonMobilePhone})|Values:PersonHomePhone=111-222-3333, Preferred_Contact_Method__c=null, PersonMobilePhone=212-333-5555, Work_Phone__c=null
11:38:37.0 (927833765)|WF_CRITERIA_END|false
11:38:37.0 (927853272)|WF_CRITERIA_BEGIN|[Person Account: Manuela-Tester Kayser 001V000000Vxnei]|Notify - New Member Portal Account|01QV00000001JfJ|ON_CREATE_ONLY|1
11:38:37.0 (927974961)|WF_FORMULA|Formula:ENCODED:[treatNullAsNull]{!ID:CreatedBy.Profile} = "00eE0000000afh0"
&#124;&#124;
{!ID:CreatedBy.Profile} = "00eE0000000afgq"|Values:CreatedBy.ProfileId=00eE0000000zEde
11:38:37.0 (927986218)|WF_CRITERIA_END|false
11:38:37.0 (928004400)|WF_CRITERIA_BEGIN|[Person Account: Manuela-Tester Kayser 001V000000Vxnei]|Patient_Name_Changed301E0000000LL3k|01QE0000000Ubkb|ON_RECURSIVE_UPDATE|1
11:38:37.0 (928016833)|WF_CRITERIA_END|true
11:38:37.0 (928038761)|WF_SPOOL_ACTION_BEGIN|Workflow
11:38:37.0 (928060066)|WF_ACTION| Flow Trigger: 1;
11:38:37.0 (928066046)|WF_RULE_EVAL_END
11:38:37.0 (928094813)|WF_FLOW_ACTION_BEGIN|09LE000000001TC
11:38:37.928 (928170700)|FLOW_CREATE_INTERVIEW_BEGIN|00DV000000892HU|300E0000000LVQ2|301E0000000LL3k
11:38:37.928 (928230865)|FLOW_CREATE_INTERVIEW_END|6238c152ff1451ca471f56f7cb7315fe484e40c-7baa|Patient Name Changed
11:38:37.928 (928650369)|FLOW_START_INTERVIEWS_BEGIN|1
11:38:37.928 (928674781)|FLOW_START_INTERVIEW_BEGIN|6238c152ff1451ca471f56f7cb7315fe484e40c-7baa|Patient Name Changed
11:38:37.928 (934766885)|FLOW_START_INTERVIEW_END|6238c152ff1451ca471f56f7cb7315fe484e40c-7baa|Patient Name Changed
11:38:37.928 (934781621)|FLOW_START_INTERVIEWS_END|1
11:38:37.0 (935592970)|WF_FLOW_ACTION_END|09LE000000001TC
11:38:37.0 (935680161)|WF_ACTIONS_END| Field Update: 1; Flow Trigger: 6;
11:38:37.0 (935691680)|CODE_UNIT_FINISHED|Workflow:Account
11:38:37.0 (936330260)|DML_END|[63]
11:38:37.0 (936361489)|STATEMENT_EXECUTE|[64]
11:38:37.0 (936375179)|HEAP_ALLOCATE|[64]|Bytes:35
11:38:37.0 (936390095)|HEAP_ALLOCATE|[64]|Bytes:1
11:38:37.0 (936395293)|HEAP_ALLOCATE|[64]|Bytes:9
11:38:37.0 (936519051)|HEAP_ALLOCATE|[64]|Bytes:18
11:38:37.0 (936547630)|HEAP_ALLOCATE|[64]|Bytes:83
11:38:37.0 (936575257)|VARIABLE_ASSIGNMENT|[64]|message|"Succes: account reco (63 more) ..."
11:38:37.0 (936584459)|STATEMENT_EXECUTE|[75]
11:38:37.0 (936593186)|SYSTEM_MODE_EXIT|false
11:38:38.2 (1002156849)|CUMULATIVE_LIMIT_USAGE
11:38:38.2 (1002156849)|LIMIT_USAGE_FOR_NS|(default)|
  Number of SOQL queries: 3 out of 100
  Number of query rows: 2 out of 50000
  Number of SOSL queries: 0 out of 20
  Number of DML statements: 4 out of 150
  Number of DML rows: 4 out of 10000
  Maximum CPU time: 282 out of 10000
  Maximum heap size: 0 out of 6000000
  Number of callouts: 0 out of 100
  Number of Email Invocations: 0 out of 10
  Number of future calls: 0 out of 50
  Number of queueable jobs added to the queue: 0 out of 50
  Number of Mobile Apex push calls: 0 out of 10

11:38:38.2 (1002156849)|LIMIT_USAGE_FOR_NS|tz|
  Number of SOQL queries: 0 out of 100
  Number of query rows: 12 out of 50000
  Number of SOSL queries: 0 out of 20
  Number of DML statements: 0 out of 150
  Number of DML rows: 0 out of 10000
  Maximum CPU time: 0 out of 10000
  Maximum heap size: 0 out of 6000000
  Number of callouts: 0 out of 100
  Number of Email Invocations: 0 out of 10
  Number of future calls: 0 out of 50
  Number of queueable jobs added to the queue: 0 out of 50
  Number of Mobile Apex push calls: 0 out of 10

11:38:38.2 (1002156849)|TOTAL_EMAIL_RECIPIENTS_QUEUED|0
11:38:38.2 (1002156849)|STATIC_VARIABLE_LIST|
  String:_sfdcAdditionalCodeLocations:0
  String:_static_REGION_EUROPE:0
  String:_static_REGION_NA:0
  String:_static_LT_CONTACT:0
  long:serialVersionUID:0
  Boolean:_static_AccountBeforeUpdateProcessing:0
  String:_sfdcAdditionalCodeLocations:0
  double:MAX_VALUE:0
  long:serialVersionUID:0
  int:SIZE:0
  String:_sfdcAdditionalCodeLocations:0
  int:MAX_VALUE:0
  String:_sfdcAdditionalCodeLocations:0
  String:_static_LT_CASE:0
  int:MIN_VALUE:0
  char[]:DigitOnes:0
  String:_static_LT_OPPORTUNITY:0
  String:_static_LEAD_FILTER:0
  int:MIN_EXPONENT:0
  String:_static_REGION_ASIA:0
  int:MAX_EXPONENT:0
  String:_static_ACCOUNT_FILTER:0
  String:_static_LT_ACTIVITY:0
  int:BYTES:0
  char[]:DigitTens:0
  long:serialVersionUID:0
  String:_static_LT_LEAD:0
  String:_sfdcAdditionalCodeLocations:0
  Boolean:FALSE:0
  String:_sfdcAdditionalCodeLocations:0
  String:_static_ss_email:0
  String:__sfdcInnerTypes:0
  Boolean:_static_LocalTimeBatchProcessing:0
  double:MIN_VALUE:0
  String:_sfdcAdditionalCodeLocations:0
  double:NEGATIVE_INFINITY:0
  String:_static_NOT_AVAILABLE:0
  String:_static_REGION_ISRAEL:0
  char[]:digits:0
  String:_static_LT_TASK:0
  String:_static_LT_DATA_WS:0
  double:NaN:0
  Boolean:TRUE:0
  String:_static_REGION_AFRICA:0
  String:_static_REGION_NZ:0
  String:_static_LT_ACCOUNT:0
  String:_static_REGION_SA:0
  Boolean:_static_LeadBeforeUpdateProcessing:0
  String:__sfdcProperties:0
  int:BYTES:0
  Boolean:_static_CaseAfterUpdateProcessing:0
  String:_sfdcAdditionalCodeLocations:0
  String:_sfdcAdditionalCodeLocations:0
  int[]:sizeTable:0
  String:__sfdcProperties:0
  String:__sfdcProperties:0
  String:_static_REGION_OCEANIA:0
  int:SIZE:0
  double:POSITIVE_INFINITY:0
  String:_static_NONE:0
  String:_sfdcAdditionalCodeLocations:0
  String:_static_CONTACT_FILTER:0
  double:MIN_NORMAL:0
  String:_static_LT_DST_WS:0
  String:_static_LT_PERSON_ACCOUNT:0
  Boolean:_static_ContactBeforeUpdateProcessing:0

11:38:38.2 (1002156849)|CUMULATIVE_LIMIT_USAGE_END

11:38:38.2 (1002354340)|CODE_UNIT_FINISHED|portalAccount.CreateNewAccount
11:38:38.2 (1003964746)|EXECUTION_FINISHED
11:38:38.22 (1022917166)|CUMULATIVE_PROFILING_BEGIN
11:38:38.22 (1022917166)|CUMULATIVE_PROFILING|SOQL operations|
(tz): [SELECT tz__Region__c, tz__Abbr__c, tz__DST_Abbr__c, tz__Offset__c, tz__DST_Offset__c, tz__Timezone_IANA__c
                            FROM tz__lt_timezones__mdt WHERE MasterLabel = :sPostalCode]: executed 3 times in 60 ms
(tz): [SELECT tz__Region__c, tz__Abbr__c, tz__DST_Abbr__c, tz__Offset__c, tz__DST_Offset__c, tz__Timezone_IANA__c
                        FROM tz__lt_timezones__mdt WHERE MasterLabel = :sKey]: executed 3 times in 47 ms
(tz): [SELECT tz__Country__c FROM tz__lt_country_names__mdt WHERE MasterLabel = :countryCode]: executed 3 times in 27 ms
(tz): [SELECT tz__Full_Name__c FROM tz__lt_timezone_names__mdt WHERE MasterLabel = :sName]: executed 3 times in 17 ms
Class.portalAccount.CreateNewAccount: line 44, column 1: [SELECT Id FROM RecordType WHERE SobjectType='Account' AND IsPersonType=True AND Name='Patient']: executed 1 time in 16 ms
(tz): [SELECT tz__State__c FROM tz__lt_state_codes__mdt WHERE MasterLabel = :sState]: executed 3 times in 12 ms
Class.portalAccount.CreateNewAccount: line 39, column 1: [SELECT Id FROM Account WHERE Source_Partner_UID__c = :UID LIMIT 1]: executed 1 time in 9 ms

11:38:38.22 (1022917166)|CUMULATIVE_PROFILING|No profiling information for SOSL operations
11:38:38.22 (1022917166)|CUMULATIVE_PROFILING|DML operations|
Class.portalAccount.CreateNewAccount: line 63, column 1: Insert: Account: executed 1 time in 906 ms

11:38:38.22 (1022917166)|CUMULATIVE_PROFILING|method invocations|
External entry point: global static String CreateNewAccount(String, String, String, String, Date, String, String, String, String, String, String, String, String, String, String): executed 1 time in 933 ms
Class.portalAccount.CreateNewAccount: line 64, column 1: public static String valueOf(Object): executed 1 time in 0 ms
Class.portalAccount.CreateNewAccount: line 40, column 1: global public Boolean isEmpty(): executed 1 time in 0 ms

11:38:38.22 (1022917166)|CUMULATIVE_PROFILING_END
