41.0 APEX_CODE,FINEST;APEX_PROFILING,FINEST;CALLOUT,INFO;DB,INFO;SYSTEM,DEBUG;VALIDATION,INFO;VISUALFORCE,INFO;WAVE,INFO;WORKFLOW,INFO
18:25:50.0 (351802)|USER_INFO|[EXTERNAL]|005E0000004yLLO|worldcare@sadhanaconsulting.com.devfull|Eastern Standard Time|GMT-05:00
18:25:50.0 (392959)|EXECUTION_STARTED
18:25:50.0 (397571)|CODE_UNIT_STARTED|[EXTERNAL]|VisualForce View State
18:25:50.0 (10549718)|CODE_UNIT_FINISHED|VisualForce View State
18:25:50.0 (12181507)|EXECUTION_FINISHED
18:25:50.69 (69680247)|USER_INFO|[EXTERNAL]|005E0000004yLLO|worldcare@sadhanaconsulting.com.devfull|Eastern Standard Time|GMT-05:00
18:25:50.69 (69704981)|EXECUTION_STARTED
18:25:50.69 (69709318)|CODE_UNIT_STARTED|[EXTERNAL]|VF: /apex/editApexPage.apexp
18:25:50.69 (86112169)|CODE_UNIT_STARTED|[EXTERNAL]|VF Controller Save
18:25:50.69 (86138401)|SYSTEM_MODE_ENTER|false
18:25:50.69 (532967985)|CODE_UNIT_FINISHED|VF Controller Save
18:25:50.69 (604680649)|VF_SERIALIZE_VIEWSTATE_BEGIN|
18:25:50.69 (611195497)|VF_SERIALIZE_VIEWSTATE_END
18:25:50.619 (619191264)|CUMULATIVE_LIMIT_USAGE
18:25:50.619 (619191264)|LIMIT_USAGE_FOR_NS|(default)|
  Number of SOQL queries: 0 out of 100
  Number of query rows: 0 out of 50000
  Number of SOSL queries: 0 out of 20
  Number of DML statements: 0 out of 150
  Number of DML rows: 0 out of 10000
  Maximum CPU time: 0 out of 10000
  Maximum heap size: 0 out of 6000000
  Number of callouts: 0 out of 100
  Number of Email Invocations: 0 out of 10
  Number of future calls: 0 out of 50
  Number of queueable jobs added to the queue: 0 out of 50
  Number of Mobile Apex push calls: 0 out of 10

18:25:50.619 (619191264)|TOTAL_EMAIL_RECIPIENTS_QUEUED|0
18:25:50.619 (619191264)|CUMULATIVE_LIMIT_USAGE_END

18:25:50.69 (619245127)|CODE_UNIT_FINISHED|VF: /apex/editApexPage.apexp
18:25:50.69 (621543902)|EXECUTION_FINISHED
18:25:50.624 (624705718)|CUMULATIVE_PROFILING_BEGIN
18:25:50.624 (624705718)|CUMULATIVE_PROFILING|No profiling information for SOQL operations
18:25:50.624 (624705718)|CUMULATIVE_PROFILING|No profiling information for SOSL operations
18:25:50.624 (624705718)|CUMULATIVE_PROFILING|No profiling information for DML operations
18:25:50.624 (624705718)|CUMULATIVE_PROFILING|No profiling information for method invocations
18:25:50.624 (624705718)|CUMULATIVE_PROFILING_END
