41.0 APEX_CODE,FINEST;APEX_PROFILING,FINEST;CALLOUT,INFO;DB,INFO;SYSTEM,DEBUG;VALIDATION,INFO;VISUALFORCE,INFO;WAVE,INFO;WORKFLOW,INFO
08:25:19.0 (79217)|USER_INFO|[EXTERNAL]|005V0000004uuRl|manuelaworldcare@sadhanaconsulting.com.devfull|Eastern Standard Time|GMT-05:00
08:25:19.0 (118453)|EXECUTION_STARTED
08:25:19.0 (124532)|CODE_UNIT_STARTED|[EXTERNAL]|VisualForce View State
08:25:19.0 (5076184)|HEAP_ALLOCATE|[72]|Bytes:3
08:25:19.0 (5125867)|HEAP_ALLOCATE|[77]|Bytes:152
08:25:19.0 (5146083)|HEAP_ALLOCATE|[342]|Bytes:408
08:25:19.0 (5168091)|HEAP_ALLOCATE|[355]|Bytes:408
08:25:19.0 (5189707)|HEAP_ALLOCATE|[467]|Bytes:48
08:25:19.0 (5223123)|HEAP_ALLOCATE|[139]|Bytes:6
08:25:19.0 (7087459)|CODE_UNIT_FINISHED|VisualForce View State
08:25:19.0 (8759454)|EXECUTION_FINISHED
08:25:19.352 (352730688)|USER_INFO|[EXTERNAL]|005V0000004uuRl|manuelaworldcare@sadhanaconsulting.com.devfull|Eastern Standard Time|GMT-05:00
08:25:19.352 (355164286)|SYSTEM_MODE_ENTER|true
08:25:19.352 (358039633)|HEAP_ALLOCATE|[EXTERNAL]|Bytes:120
08:25:19.352 (358066908)|HEAP_ALLOCATE|[EXTERNAL]|Bytes:10
08:25:19.352 (358088738)|SYSTEM_METHOD_ENTRY|[1]|pagemessagecomponentcontroller.pagemessagecomponentcontroller()
08:25:19.352 (358101320)|STATEMENT_EXECUTE|[1]
08:25:19.391 (391070016)|CUMULATIVE_LIMIT_USAGE
08:25:19.391 (391070016)|LIMIT_USAGE_FOR_NS|(default)|
  Number of SOQL queries: 0 out of 100
  Number of query rows: 0 out of 50000
  Number of SOSL queries: 0 out of 20
  Number of DML statements: 0 out of 150
  Number of DML rows: 0 out of 10000
  Maximum CPU time: 0 out of 10000
  Maximum heap size: 0 out of 6000000
  Number of callouts: 0 out of 100
  Number of Email Invocations: 0 out of 10
  Number of future calls: 0 out of 50
  Number of queueable jobs added to the queue: 0 out of 50
  Number of Mobile Apex push calls: 0 out of 10

08:25:19.391 (391070016)|CUMULATIVE_LIMIT_USAGE_END

