40.0 APEX_CODE,FINEST;APEX_PROFILING,FINEST;CALLOUT,INFO;DB,INFO;SYSTEM,DEBUG;VALIDATION,INFO;VISUALFORCE,INFO;WAVE,INFO;WORKFLOW,INFO
10:26:01.0 (523777)|USER_INFO|[EXTERNAL]|005E0000004yLLO|worldcare@sadhanaconsulting.com.devfull|Eastern Standard Time|GMT-05:00
10:26:01.0 (722429)|EXECUTION_STARTED
10:26:01.0 (728578)|CODE_UNIT_STARTED|[EXTERNAL]|TRIGGERS
10:26:01.0 (4295204)|CODE_UNIT_STARTED|[EXTERNAL]|01qV0000000DErk|LocalTimeUserTrigger on User trigger event BeforeUpdate for [005E0000004yLLO]
10:26:01.0 (4369765)|HEAP_ALLOCATE|[EXTERNAL]|Bytes:8
10:26:01.0 (4408834)|HEAP_ALLOCATE|[EXTERNAL]|Bytes:8
10:26:01.0 (4817256)|HEAP_ALLOCATE|[72]|Bytes:3
10:26:01.0 (4908392)|HEAP_ALLOCATE|[77]|Bytes:152
10:26:01.0 (4933014)|HEAP_ALLOCATE|[342]|Bytes:408
10:26:01.0 (4955273)|HEAP_ALLOCATE|[355]|Bytes:408
10:26:01.0 (4975560)|HEAP_ALLOCATE|[467]|Bytes:48
10:26:01.0 (5057576)|HEAP_ALLOCATE|[139]|Bytes:6
10:26:01.0 (5107270)|HEAP_ALLOCATE|[EXTERNAL]|Bytes:4
10:26:01.0 (5140180)|VARIABLE_SCOPE_BEGIN|[5]|this|LocalTimeUserTrigger|true|false
10:26:01.0 (5321452)|VARIABLE_ASSIGNMENT|[5]|this|{}|0x9de4b9
10:26:01.0 (5383355)|HEAP_ALLOCATE|[EXTERNAL]|Bytes:4
10:26:01.0 (5407593)|VARIABLE_SCOPE_BEGIN|[5]|this|LocalTimeUserTrigger|true|false
10:26:01.0 (5430887)|VARIABLE_ASSIGNMENT|[5]|this|{}|0x9de4b9
10:26:01.0 (5442020)|STATEMENT_EXECUTE|[5]
10:26:01.0 (5479577)|HEAP_ALLOCATE|[50]|Bytes:5
10:26:01.0 (5511267)|HEAP_ALLOCATE|[56]|Bytes:5
10:26:01.0 (5523264)|HEAP_ALLOCATE|[64]|Bytes:7
10:26:01.0 (6009994)|HEAP_ALLOCATE|[7]|Bytes:5
10:26:01.0 (6053757)|HEAP_ALLOCATE|[7]|Bytes:4
10:26:01.0 (6068681)|VARIABLE_SCOPE_BEGIN|[7]|u|User|true|false
10:26:01.0 (44789289)|VARIABLE_ASSIGNMENT|[7]|u|{"ProfileId":"00eE0000000zEdeIAE","LastModifiedDate":"2017-11-10T15:25:40.000Z","ReceivesAdminInfoEma (3 more) ...":false,"Email":"depot@sadhanaconsult (7 more) ...","TimeZoneSidKey":"America/New_York","LanguageLocaleKey":"fr","UserRoleId":"00EE0000000hj7TMAQ","License_Type__c":"Salesforce","IsActive":true,"Nurse__c":false,"LastLoginDate":"2017-11-10T15:06:05.000Z","PostalCode":"03820","ForecastEnabled":false,"IsExtIndicatorVisibl (1 more) ...":false,"DigestFrequency":"D","UTC_Offset__c":-4.00,"IsProfilePhotoActive":false,"Default_Patient_Coun (6 more) ...":"US","CompanyName":"Sadhana Consulting L (2 more) ...","CommunityNickname":"prozek","CreatedById":"005E0000002k2ScIAI","Street":"1 S Pine Street","Acquisition_Site__c":"001E000001HBa8R","Server_URL__c":"https://cs12.salesfo (17 more) ...","LastPasswordChangeDa (2 more) ...":"2017-10-10T13:48:13.000Z","LocaleSidKey":"en_US","FirstName":"Elissa","Name_Formula__c":"Elissa Sadhana Team  (5 more) ...","Title":"Consultant","City":"Dover","EmailEncodingKey":"ISO-8859-1","ReceivesInfoEmails":false,"SystemModstamp":"2017-11-10T15:25:40.000Z","User_18_Digit_ID__c":"005E0000004yLLOIA2","IsPortalEnabled":false,"Username":"worldcare@sadhanacon (19 more) ...","Alias":"Sadhana","DefaultGroupNotifica (13 more) ...":"N","CreatedDate":"2014-03-07T01:09:17.000Z","LastName":"Sadhana Team (WCI)","Id":"005E0000004yLLOIA2","IsPortalSelfRegister (2 more) ...":false,"UserType":"Standard","LastModifiedById":"005E0000004yLLOIA2"}|0x53fdd724
10:26:01.0 (44833103)|STATEMENT_EXECUTE|[7]
10:26:01.0 (44835382)|STATEMENT_EXECUTE|[9]
10:26:01.0 (44836539)|STATEMENT_EXECUTE|[9]
10:26:01.0 (44837614)|STATEMENT_EXECUTE|[10]
10:26:01.0 (45828098)|VARIABLE_SCOPE_BEGIN|[3]|LocalTime.NOT_AVAILABLE|String|false|true
10:26:01.0 (45841718)|VARIABLE_SCOPE_BEGIN|[9]|LocalTime.REGION_AFRICA|String|false|true
10:26:01.0 (45848433)|VARIABLE_SCOPE_BEGIN|[6]|LocalTime.REGION_ASIA|String|false|true
10:26:01.0 (45855261)|VARIABLE_SCOPE_BEGIN|[5]|LocalTime.REGION_EUROPE|String|false|true
10:26:01.0 (45861207)|VARIABLE_SCOPE_BEGIN|[11]|LocalTime.REGION_ISRAEL|String|false|true
10:26:01.0 (45867346)|VARIABLE_SCOPE_BEGIN|[4]|LocalTime.REGION_NA|String|false|true
10:26:01.0 (45873495)|VARIABLE_SCOPE_BEGIN|[10]|LocalTime.REGION_NZ|String|false|true
10:26:01.0 (45879637)|VARIABLE_SCOPE_BEGIN|[7]|LocalTime.REGION_OCEANIA|String|false|true
10:26:01.0 (45886014)|VARIABLE_SCOPE_BEGIN|[8]|LocalTime.REGION_SA|String|false|true
10:26:01.0 (45960292)|HEAP_ALLOCATE|[10]|Bytes:86
10:26:01.0 (45977394)|HEAP_ALLOCATE|[10]|Bytes:3
10:26:01.0 (46020274)|VARIABLE_ASSIGNMENT|[10]|LocalTime.NOT_AVAILABLE|"N/A"
10:26:01.0 (46029599)|HEAP_ALLOCATE|[10]|Bytes:6
10:26:01.0 (46039397)|VARIABLE_ASSIGNMENT|[10]|LocalTime.REGION_AFRICA|"AFRICA"
10:26:01.0 (46045497)|HEAP_ALLOCATE|[10]|Bytes:4
10:26:01.0 (46053182)|VARIABLE_ASSIGNMENT|[10]|LocalTime.REGION_ASIA|"ASIA"
10:26:01.0 (46058358)|HEAP_ALLOCATE|[10]|Bytes:6
10:26:01.0 (46065360)|VARIABLE_ASSIGNMENT|[10]|LocalTime.REGION_EUROPE|"EUROPE"
10:26:01.0 (46070108)|HEAP_ALLOCATE|[10]|Bytes:6
10:26:01.0 (46076644)|VARIABLE_ASSIGNMENT|[10]|LocalTime.REGION_ISRAEL|"ISRAEL"
10:26:01.0 (46086212)|HEAP_ALLOCATE|[10]|Bytes:2
10:26:01.0 (46093801)|VARIABLE_ASSIGNMENT|[10]|LocalTime.REGION_NA|"NA"
10:26:01.0 (46099344)|HEAP_ALLOCATE|[10]|Bytes:2
10:26:01.0 (46105862)|VARIABLE_ASSIGNMENT|[10]|LocalTime.REGION_NZ|"NZ"
10:26:01.0 (46110583)|HEAP_ALLOCATE|[10]|Bytes:7
10:26:01.0 (46117085)|VARIABLE_ASSIGNMENT|[10]|LocalTime.REGION_OCEANIA|"OCEANIA"
10:26:01.0 (46121930)|HEAP_ALLOCATE|[10]|Bytes:2
10:26:01.0 (46128232)|VARIABLE_ASSIGNMENT|[10]|LocalTime.REGION_SA|"SA"
10:26:01.0 (46194903)|METHOD_ENTRY|[2]|01pE0000001ksei|LocalTime.LocalTime()
10:26:01.0 (46205153)|STATEMENT_EXECUTE|[2]
10:26:01.0 (46242395)|ENTERING_MANAGED_PKG|tz
10:26:01.0 (46286679)|METHOD_EXIT|[2]|LocalTime
10:26:01.0 (46342516)|METHOD_ENTRY|[10]|01pE0000001ksei|tz.LocalTime.getOffsetFull(String, String, String)
10:26:01.0 (46363676)|ENTERING_MANAGED_PKG|tz
10:26:01.0 (46608043)|ENTERING_MANAGED_PKG|tz
10:26:01.0 (46704066)|ENTERING_MANAGED_PKG|tz
10:26:01.0 (47920560)|SOQL_EXECUTE_BEGIN|[333]|Aggregations:0|SELECT tz__Country__c FROM tz__lt_country_names__mdt WHERE MasterLabel = :tmpVar1
10:26:01.0 (62291624)|SOQL_EXECUTE_END|[333]|Rows:1
10:26:01.0 (62995430)|ENTERING_MANAGED_PKG|tz
10:26:01.0 (63081901)|METHOD_EXIT|[10]|01pE0000001ksei|tz.LocalTime.getOffsetFull(String, String, String)
10:26:01.0 (63095591)|VARIABLE_SCOPE_BEGIN|[10]|jsonStr|String|false|false
10:26:01.0 (63132196)|VARIABLE_ASSIGNMENT|[10]|jsonStr|"{\"offset\":\"N/A\",\"dst (92 more) ..."
10:26:01.0 (63139683)|STATEMENT_EXECUTE|[11]
10:26:01.0 (63141736)|STATEMENT_EXECUTE|[12]
10:26:01.0 (63223230)|HEAP_ALLOCATE|[12]|Bytes:24
10:26:01.0 (63244263)|SYSTEM_METHOD_ENTRY|[1]|JSON.JSON()
10:26:01.0 (63248714)|STATEMENT_EXECUTE|[1]
10:26:01.0 (63261028)|SYSTEM_METHOD_EXIT|[1]|JSON
10:26:01.0 (63296500)|METHOD_ENTRY|[12]||System.JSON.deserializeUntyped(String)
10:26:01.0 (63865743)|METHOD_EXIT|[12]||System.JSON.deserializeUntyped(String)
10:26:01.0 (63882030)|VARIABLE_SCOPE_BEGIN|[12]|m|Map<String,ANY>|true|false
10:26:01.0 (63910216)|VARIABLE_ASSIGNMENT|[12]|m|"Map of size 6 too large to display"|0x52e2ae86
10:26:01.0 (63917259)|STATEMENT_EXECUTE|[13]
10:26:01.0 (63922633)|HEAP_ALLOCATE|[13]|Bytes:6
10:26:01.0 (63969098)|VARIABLE_SCOPE_BEGIN|[13]|offset|String|false|false
10:26:01.0 (63983092)|VARIABLE_ASSIGNMENT|[13]|offset|"N/A"
10:26:01.0 (63989886)|HEAP_ALLOCATE|[14]|Bytes:3
10:26:01.0 (64024309)|STATEMENT_EXECUTE|[14]
10:26:01.0 (64046014)|HEAP_ALLOCATE|[7]|Bytes:5
10:26:01.0 (64065254)|VARIABLE_ASSIGNMENT|[7]|u|null|
10:26:01.64 (64078135)|CUMULATIVE_LIMIT_USAGE
10:26:01.64 (64078135)|LIMIT_USAGE_FOR_NS|(default)|
  Number of SOQL queries: 0 out of 100
  Number of query rows: 0 out of 50000
  Number of SOSL queries: 0 out of 20
  Number of DML statements: 0 out of 150
  Number of DML rows: 0 out of 10000
  Maximum CPU time: 0 out of 10000
  Maximum heap size: 0 out of 6000000
  Number of callouts: 0 out of 100
  Number of Email Invocations: 0 out of 10
  Number of future calls: 0 out of 50
  Number of queueable jobs added to the queue: 0 out of 50
  Number of Mobile Apex push calls: 0 out of 10

10:26:01.64 (64078135)|LIMIT_USAGE_FOR_NS|tz|
  Number of SOQL queries: 0 out of 100
  Number of query rows: 1 out of 50000
  Number of SOSL queries: 0 out of 20
  Number of DML statements: 0 out of 150
  Number of DML rows: 0 out of 10000
  Maximum CPU time: 0 out of 10000
  Maximum heap size: 0 out of 6000000
  Number of callouts: 0 out of 100
  Number of Email Invocations: 0 out of 10
  Number of future calls: 0 out of 50
  Number of queueable jobs added to the queue: 0 out of 50
  Number of Mobile Apex push calls: 0 out of 10

10:26:01.64 (64078135)|TOTAL_EMAIL_RECIPIENTS_QUEUED|0
10:26:01.64 (64078135)|STATIC_VARIABLE_LIST|
  char[]:DigitTens:0
  long:serialVersionUID:0
  String:_static_REGION_EUROPE:0
  String:_static_REGION_NA:0
  long:serialVersionUID:0
  double:MAX_VALUE:0
  Boolean:FALSE:0
  long:serialVersionUID:0
  String:_sfdcAdditionalCodeLocations:0
  double:MIN_VALUE:0
  int:SIZE:0
  double:NEGATIVE_INFINITY:0
  String:_static_NOT_AVAILABLE:0
  int:MAX_VALUE:0
  String:_static_REGION_ISRAEL:0
  char[]:digits:0
  double:NaN:0
  Boolean:TRUE:0
  String:_static_REGION_AFRICA:0
  String:_static_REGION_NZ:0
  String:_static_REGION_SA:0
  int:MIN_VALUE:0
  char[]:DigitOnes:0
  int:BYTES:0
  String:_sfdcAdditionalCodeLocations:0
  int:MIN_EXPONENT:0
  int[]:sizeTable:0
  String:_static_REGION_ASIA:0
  int:MAX_EXPONENT:0
  String:_static_REGION_OCEANIA:0
  int:SIZE:0
  double:POSITIVE_INFINITY:0
  double:MIN_NORMAL:0
  int:BYTES:0

10:26:01.64 (64078135)|CUMULATIVE_LIMIT_USAGE_END

10:26:01.0 (67034165)|CODE_UNIT_FINISHED|LocalTimeUserTrigger on User trigger event BeforeUpdate for [005E0000004yLLO]
10:26:01.237 (237193722)|ENTERING_MANAGED_PKG|skuid
10:26:01.238 (238274748)|CUMULATIVE_LIMIT_USAGE
10:26:01.238 (238274748)|LIMIT_USAGE_FOR_NS|(default)|
  Number of SOQL queries: 0 out of 100
  Number of query rows: 0 out of 50000
  Number of SOSL queries: 0 out of 20
  Number of DML statements: 0 out of 150
  Number of DML rows: 0 out of 10000
  Maximum CPU time: 0 out of 10000
  Maximum heap size: 0 out of 6000000
  Number of callouts: 0 out of 100
  Number of Email Invocations: 0 out of 10
  Number of future calls: 0 out of 50
  Number of queueable jobs added to the queue: 0 out of 50
  Number of Mobile Apex push calls: 0 out of 10

10:26:01.238 (238274748)|LIMIT_USAGE_FOR_NS|tz|
  Number of SOQL queries: 0 out of 100
  Number of query rows: 1 out of 50000
  Number of SOSL queries: 0 out of 20
  Number of DML statements: 0 out of 150
  Number of DML rows: 0 out of 10000
  Maximum CPU time: 0 out of 10000
  Maximum heap size: 0 out of 6000000
  Number of callouts: 0 out of 100
  Number of Email Invocations: 0 out of 10
  Number of future calls: 0 out of 50
  Number of queueable jobs added to the queue: 0 out of 50
  Number of Mobile Apex push calls: 0 out of 10

10:26:01.238 (238274748)|CUMULATIVE_LIMIT_USAGE_END

10:26:01.0 (244695526)|CODE_UNIT_STARTED|[EXTERNAL]|Workflow:User
10:26:01.0 (254499810)|WF_RULE_EVAL_BEGIN|Workflow
10:26:01.0 (254536423)|WF_CRITERIA_BEGIN|[User: Elissa Sadhana Team (WCI) 005E0000004yLLO]|Member_Community_New_User301V000000063fo|01QV00000001N6N|ON_CREATE_ONLY|0
10:26:01.0 (254549165)|WF_RULE_NOT_EVALUATED
10:26:01.0 (254556975)|WF_SPOOL_ACTION_BEGIN|Workflow
10:26:01.0 (254566412)|WF_ACTION| None
10:26:01.0 (254571407)|WF_RULE_EVAL_END
10:26:01.0 (254616024)|WF_ACTIONS_END| None
10:26:01.0 (254626971)|CODE_UNIT_FINISHED|Workflow:User
10:26:01.0 (270108541)|CODE_UNIT_STARTED|[EXTERNAL]|01qV0000000DErk|LocalTimeUserTrigger on User trigger event BeforeUpdate for [005E0000004yLLO]
10:26:01.0 (270196100)|HEAP_ALLOCATE|[EXTERNAL]|Bytes:8
10:26:01.0 (270232207)|HEAP_ALLOCATE|[EXTERNAL]|Bytes:8
10:26:01.0 (270323339)|HEAP_ALLOCATE|[EXTERNAL]|Bytes:4
10:26:01.0 (270344748)|VARIABLE_SCOPE_BEGIN|[5]|this|LocalTimeUserTrigger|true|false
10:26:01.0 (270400377)|VARIABLE_ASSIGNMENT|[5]|this|{}|0x7c387d27
10:26:01.0 (270449345)|HEAP_ALLOCATE|[EXTERNAL]|Bytes:4
10:26:01.0 (270462787)|VARIABLE_SCOPE_BEGIN|[5]|this|LocalTimeUserTrigger|true|false
10:26:01.0 (270484495)|VARIABLE_ASSIGNMENT|[5]|this|{}|0x7c387d27
10:26:01.0 (270501446)|STATEMENT_EXECUTE|[5]
10:26:01.0 (270612623)|HEAP_ALLOCATE|[7]|Bytes:5
10:26:01.0 (270642997)|HEAP_ALLOCATE|[7]|Bytes:4
10:26:01.0 (270661395)|VARIABLE_SCOPE_BEGIN|[7]|u|User|true|false
10:26:01.0 (276493883)|VARIABLE_ASSIGNMENT|[7]|u|{"ProfileId":"00eE0000000zEdeIAE","LastModifiedDate":"2017-11-10T15:26:01.000Z","ReceivesAdminInfoEma (3 more) ...":false,"Email":"depot@sadhanaconsult (7 more) ...","TimeZoneSidKey":"America/New_York","LanguageLocaleKey":"en_US","UserRoleId":"00EE0000000hj7TMAQ","License_Type__c":"Salesforce","IsActive":true,"Nurse__c":false,"LastLoginDate":"2017-11-10T15:06:05.000Z","PostalCode":"03820","ForecastEnabled":false,"IsExtIndicatorVisibl (1 more) ...":false,"DigestFrequency":"D","UTC_Offset__c":-4.00,"IsProfilePhotoActive":false,"Default_Patient_Coun (6 more) ...":"US","CompanyName":"Sadhana Consulting L (2 more) ...","CommunityNickname":"prozek","CreatedById":"005E0000002k2ScIAI","Street":"1 S Pine Street","Acquisition_Site__c":"001E000001HBa8R","Server_URL__c":"https://cs12.salesfo (17 more) ...","LastPasswordChangeDa (2 more) ...":"2017-10-10T13:48:13.000Z","LocaleSidKey":"en_US","FirstName":"Elissa","Name_Formula__c":"Elissa Sadhana Team  (5 more) ...","Title":"Consultant","City":"Dover","EmailEncodingKey":"ISO-8859-1","ReceivesInfoEmails":false,"SystemModstamp":"2017-11-10T15:26:01.000Z","User_18_Digit_ID__c":"005E0000004yLLOIA2","IsPortalEnabled":false,"Username":"worldcare@sadhanacon (19 more) ...","Alias":"Sadhana","DefaultGroupNotifica (13 more) ...":"N","CreatedDate":"2014-03-07T01:09:17.000Z","LastName":"Sadhana Team (WCI)","Id":"005E0000004yLLOIA2","IsPortalSelfRegister (2 more) ...":false,"UserType":"Standard","LastModifiedById":"005E0000004yLLOIA2"}|0x4c997f1e
10:26:01.0 (276531099)|STATEMENT_EXECUTE|[7]
10:26:01.0 (276533422)|STATEMENT_EXECUTE|[9]
10:26:01.0 (276534437)|STATEMENT_EXECUTE|[9]
10:26:01.0 (276535456)|STATEMENT_EXECUTE|[10]
10:26:01.0 (276594325)|METHOD_ENTRY|[10]|01pE0000001ksei|tz.LocalTime.getOffsetFull(String, String, String)
10:26:01.0 (276607478)|ENTERING_MANAGED_PKG|tz
10:26:01.0 (276660932)|ENTERING_MANAGED_PKG|tz
10:26:01.0 (276721024)|ENTERING_MANAGED_PKG|tz
10:26:01.0 (276991333)|SOQL_EXECUTE_BEGIN|[333]|Aggregations:0|SELECT tz__Country__c FROM tz__lt_country_names__mdt WHERE MasterLabel = :tmpVar1
10:26:01.0 (290019491)|SOQL_EXECUTE_END|[333]|Rows:1
10:26:01.0 (290320327)|ENTERING_MANAGED_PKG|tz
10:26:01.0 (290388358)|METHOD_EXIT|[10]|01pE0000001ksei|tz.LocalTime.getOffsetFull(String, String, String)
10:26:01.0 (290400803)|VARIABLE_SCOPE_BEGIN|[10]|jsonStr|String|false|false
10:26:01.0 (290428857)|VARIABLE_ASSIGNMENT|[10]|jsonStr|"{\"offset\":\"N/A\",\"dst (92 more) ..."
10:26:01.0 (290435496)|STATEMENT_EXECUTE|[11]
10:26:01.0 (290437508)|STATEMENT_EXECUTE|[12]
10:26:01.0 (290448903)|METHOD_ENTRY|[12]||System.JSON.deserializeUntyped(String)
10:26:01.0 (290892080)|METHOD_EXIT|[12]||System.JSON.deserializeUntyped(String)
10:26:01.0 (290905849)|VARIABLE_SCOPE_BEGIN|[12]|m|Map<String,ANY>|true|false
10:26:01.0 (290931916)|VARIABLE_ASSIGNMENT|[12]|m|"Map of size 6 too large to display"|0x199f0078
10:26:01.0 (290939332)|STATEMENT_EXECUTE|[13]
10:26:01.0 (290956500)|VARIABLE_SCOPE_BEGIN|[13]|offset|String|false|false
10:26:01.0 (290967803)|VARIABLE_ASSIGNMENT|[13]|offset|"N/A"
10:26:01.0 (290982324)|STATEMENT_EXECUTE|[14]
10:26:01.0 (290997934)|HEAP_ALLOCATE|[7]|Bytes:5
10:26:01.0 (291018205)|VARIABLE_ASSIGNMENT|[7]|u|null|
10:26:01.291 (291030921)|CUMULATIVE_LIMIT_USAGE
10:26:01.291 (291030921)|LIMIT_USAGE_FOR_NS|(default)|
  Number of SOQL queries: 0 out of 100
  Number of query rows: 0 out of 50000
  Number of SOSL queries: 0 out of 20
  Number of DML statements: 0 out of 150
  Number of DML rows: 0 out of 10000
  Maximum CPU time: 0 out of 10000
  Maximum heap size: 0 out of 6000000
  Number of callouts: 0 out of 100
  Number of Email Invocations: 0 out of 10
  Number of future calls: 0 out of 50
  Number of queueable jobs added to the queue: 0 out of 50
  Number of Mobile Apex push calls: 0 out of 10

10:26:01.291 (291030921)|LIMIT_USAGE_FOR_NS|tz|
  Number of SOQL queries: 0 out of 100
  Number of query rows: 1 out of 50000
  Number of SOSL queries: 0 out of 20
  Number of DML statements: 0 out of 150
  Number of DML rows: 0 out of 10000
  Maximum CPU time: 0 out of 10000
  Maximum heap size: 0 out of 6000000
  Number of callouts: 0 out of 100
  Number of Email Invocations: 0 out of 10
  Number of future calls: 0 out of 50
  Number of queueable jobs added to the queue: 0 out of 50
  Number of Mobile Apex push calls: 0 out of 10

10:26:01.291 (291030921)|TOTAL_EMAIL_RECIPIENTS_QUEUED|0
10:26:01.291 (291030921)|STATIC_VARIABLE_LIST|
  char[]:DigitTens:0
  long:serialVersionUID:0
  String:_static_REGION_EUROPE:0
  String:_static_REGION_NA:0
  long:serialVersionUID:0
  double:MAX_VALUE:0
  Boolean:FALSE:0
  long:serialVersionUID:0
  String:_sfdcAdditionalCodeLocations:0
  double:MIN_VALUE:0
  int:SIZE:0
  double:NEGATIVE_INFINITY:0
  String:_static_NOT_AVAILABLE:0
  int:MAX_VALUE:0
  String:_static_REGION_ISRAEL:0
  char[]:digits:0
  double:NaN:0
  Boolean:TRUE:0
  String:_static_REGION_AFRICA:0
  String:_static_REGION_NZ:0
  String:_static_REGION_SA:0
  int:MIN_VALUE:0
  String:_sfdcAdditionalCodeLocations:0
  char[]:DigitOnes:0
  int:BYTES:0
  String:_sfdcAdditionalCodeLocations:0
  int:MIN_EXPONENT:0
  int[]:sizeTable:0
  String:_static_REGION_ASIA:0
  int:MAX_EXPONENT:0
  String:_static_REGION_OCEANIA:0
  int:SIZE:0
  double:POSITIVE_INFINITY:0
  double:MIN_NORMAL:0
  int:BYTES:0

10:26:01.291 (291030921)|CUMULATIVE_LIMIT_USAGE_END

10:26:01.0 (292687327)|CODE_UNIT_FINISHED|LocalTimeUserTrigger on User trigger event BeforeUpdate for [005E0000004yLLO]
10:26:01.371 (371961629)|ENTERING_MANAGED_PKG|skuid
10:26:01.372 (372659636)|CUMULATIVE_LIMIT_USAGE
10:26:01.372 (372659636)|LIMIT_USAGE_FOR_NS|(default)|
  Number of SOQL queries: 0 out of 100
  Number of query rows: 0 out of 50000
  Number of SOSL queries: 0 out of 20
  Number of DML statements: 0 out of 150
  Number of DML rows: 0 out of 10000
  Maximum CPU time: 0 out of 10000
  Maximum heap size: 0 out of 6000000
  Number of callouts: 0 out of 100
  Number of Email Invocations: 0 out of 10
  Number of future calls: 0 out of 50
  Number of queueable jobs added to the queue: 0 out of 50
  Number of Mobile Apex push calls: 0 out of 10

10:26:01.372 (372659636)|LIMIT_USAGE_FOR_NS|tz|
  Number of SOQL queries: 0 out of 100
  Number of query rows: 1 out of 50000
  Number of SOSL queries: 0 out of 20
  Number of DML statements: 0 out of 150
  Number of DML rows: 0 out of 10000
  Maximum CPU time: 0 out of 10000
  Maximum heap size: 0 out of 6000000
  Number of callouts: 0 out of 100
  Number of Email Invocations: 0 out of 10
  Number of future calls: 0 out of 50
  Number of queueable jobs added to the queue: 0 out of 50
  Number of Mobile Apex push calls: 0 out of 10

10:26:01.372 (372659636)|CUMULATIVE_LIMIT_USAGE_END

10:26:01.0 (378409359)|CODE_UNIT_STARTED|[EXTERNAL]|Workflow:User
10:26:01.0 (384474003)|WF_RULE_EVAL_BEGIN|Workflow
10:26:01.0 (384504232)|WF_CRITERIA_BEGIN|[User: Elissa Sadhana Team (WCI) 005E0000004yLLO]|Member_Community_New_User301V000000063fo|01QV00000001N6N|ON_CREATE_ONLY|0
10:26:01.0 (384516240)|WF_RULE_NOT_EVALUATED
10:26:01.0 (384523371)|WF_SPOOL_ACTION_BEGIN|Workflow
10:26:01.0 (384532452)|WF_ACTION| None
10:26:01.0 (384537193)|WF_RULE_EVAL_END
10:26:01.0 (384582802)|WF_ACTIONS_END| None
10:26:01.0 (384591710)|CODE_UNIT_FINISHED|Workflow:User
10:26:01.0 (657187117)|CODE_UNIT_FINISHED|TRIGGERS
10:26:01.0 (657207843)|EXECUTION_FINISHED
10:26:01.662 (662246828)|CUMULATIVE_PROFILING_BEGIN
10:26:01.662 (662246828)|CUMULATIVE_PROFILING|SOQL operations|
(tz): [SELECT tz__Country__c FROM tz__lt_country_names__mdt WHERE MasterLabel = :countryCode]: executed 2 times in 30 ms

10:26:01.662 (662246828)|CUMULATIVE_PROFILING|No profiling information for SOSL operations
10:26:01.662 (662246828)|CUMULATIVE_PROFILING|No profiling information for DML operations
10:26:01.662 (662246828)|CUMULATIVE_PROFILING|method invocations|
Trigger.LocalTimeUserTrigger: line 10, column 1: webService static String getOffsetFull(String, String, String): executed 2 times in 31 ms
External entry point: public void invoke(): executed 1 time in 21 ms
Trigger.LocalTimeUserTrigger: line 7, column 1: global public System.Iterator iterator(): executed 6 times in 1 ms
Trigger.LocalTimeUserTrigger: line 12, column 1: global static Object deserializeUntyped(String): executed 2 times in 0 ms
Trigger.LocalTimeUserTrigger: line 13, column 1: global public Object get(Object): executed 2 times in 0 ms

10:26:01.662 (662246828)|CUMULATIVE_PROFILING_END
