41.0 APEX_CODE,FINEST;APEX_PROFILING,FINEST;CALLOUT,INFO;DB,INFO;SYSTEM,DEBUG;VALIDATION,INFO;VISUALFORCE,INFO;WAVE,INFO;WORKFLOW,INFO
08:40:00.2 (2680530)|USER_INFO|[EXTERNAL]|005V0000004uuRl|manuelaworldcare@sadhanaconsulting.com.devfull|Eastern Standard Time|GMT-05:00
08:40:00.2 (2724626)|EXECUTION_STARTED
08:40:00.2 (2728924)|CODE_UNIT_STARTED|[EXTERNAL]|VisualForce View State
08:40:00.2 (9256180)|HEAP_ALLOCATE|[72]|Bytes:3
08:40:00.2 (9318749)|HEAP_ALLOCATE|[77]|Bytes:152
08:40:00.2 (9340621)|HEAP_ALLOCATE|[342]|Bytes:408
08:40:00.2 (9362970)|HEAP_ALLOCATE|[355]|Bytes:408
08:40:00.2 (9383770)|HEAP_ALLOCATE|[467]|Bytes:48
08:40:00.2 (9417805)|HEAP_ALLOCATE|[139]|Bytes:6
08:40:00.2 (14578543)|CODE_UNIT_FINISHED|VisualForce View State
08:40:00.2 (15885208)|EXECUTION_FINISHED
08:40:01.397 (1397171561)|USER_INFO|[EXTERNAL]|005V0000004uuRl|manuelaworldcare@sadhanaconsulting.com.devfull|Eastern Standard Time|GMT-05:00
08:40:01.397 (1398117775)|SYSTEM_MODE_ENTER|true
08:40:01.397 (1398167455)|HEAP_ALLOCATE|[EXTERNAL]|Bytes:120
08:40:01.397 (1398184401)|HEAP_ALLOCATE|[EXTERNAL]|Bytes:10
08:40:01.397 (1398200437)|SYSTEM_METHOD_ENTRY|[1]|pagemessagecomponentcontroller.pagemessagecomponentcontroller()
08:40:01.397 (1398206686)|STATEMENT_EXECUTE|[1]
08:40:01.504 (1504671615)|CUMULATIVE_LIMIT_USAGE
08:40:01.504 (1504671615)|LIMIT_USAGE_FOR_NS|(default)|
  Number of SOQL queries: 0 out of 100
  Number of query rows: 0 out of 50000
  Number of SOSL queries: 0 out of 20
  Number of DML statements: 0 out of 150
  Number of DML rows: 0 out of 10000
  Maximum CPU time: 0 out of 10000
  Maximum heap size: 0 out of 6000000
  Number of callouts: 0 out of 100
  Number of Email Invocations: 0 out of 10
  Number of future calls: 0 out of 50
  Number of queueable jobs added to the queue: 0 out of 50
  Number of Mobile Apex push calls: 0 out of 10

08:40:01.504 (1504671615)|CUMULATIVE_LIMIT_USAGE_END

