40.0 APEX_CODE,FINEST;APEX_PROFILING,FINEST;CALLOUT,INFO;DB,INFO;SYSTEM,DEBUG;VALIDATION,INFO;VISUALFORCE,INFO;WAVE,INFO;WORKFLOW,INFO
11:58:08.0 (88310)|USER_INFO|[EXTERNAL]|005E0000004yLLO|worldcare@sadhanaconsulting.com.devfull|Eastern Standard Time|GMT-05:00
11:58:08.0 (142216)|EXECUTION_STARTED
11:58:08.0 (148808)|CODE_UNIT_STARTED|[EXTERNAL]|TRIGGERS
11:58:08.0 (1162209)|CODE_UNIT_STARTED|[EXTERNAL]|01qV0000000DErk|LocalTimeUserTrigger on User trigger event BeforeUpdate for [005E0000004yLLO]
11:58:08.0 (1208112)|HEAP_ALLOCATE|[EXTERNAL]|Bytes:8
11:58:08.0 (1245378)|HEAP_ALLOCATE|[EXTERNAL]|Bytes:8
11:58:08.0 (1639745)|HEAP_ALLOCATE|[72]|Bytes:3
11:58:08.0 (1695140)|HEAP_ALLOCATE|[77]|Bytes:152
11:58:08.0 (1731941)|HEAP_ALLOCATE|[342]|Bytes:408
11:58:08.0 (1774090)|HEAP_ALLOCATE|[355]|Bytes:408
11:58:08.0 (1814226)|HEAP_ALLOCATE|[467]|Bytes:48
11:58:08.0 (1877760)|HEAP_ALLOCATE|[139]|Bytes:6
11:58:08.0 (1927832)|HEAP_ALLOCATE|[EXTERNAL]|Bytes:4
11:58:08.0 (1942369)|VARIABLE_SCOPE_BEGIN|[5]|this|LocalTimeUserTrigger|true|false
11:58:08.0 (1997213)|VARIABLE_ASSIGNMENT|[5]|this|{}|0x67d3b407
11:58:08.0 (2039320)|HEAP_ALLOCATE|[EXTERNAL]|Bytes:4
11:58:08.0 (2052382)|VARIABLE_SCOPE_BEGIN|[5]|this|LocalTimeUserTrigger|true|false
11:58:08.0 (2077679)|VARIABLE_ASSIGNMENT|[5]|this|{}|0x67d3b407
11:58:08.0 (2094569)|STATEMENT_EXECUTE|[5]
11:58:08.0 (2142283)|HEAP_ALLOCATE|[50]|Bytes:5
11:58:08.0 (2182609)|HEAP_ALLOCATE|[56]|Bytes:5
11:58:08.0 (2209965)|HEAP_ALLOCATE|[64]|Bytes:7
11:58:08.0 (2700625)|HEAP_ALLOCATE|[7]|Bytes:5
11:58:08.0 (2738142)|HEAP_ALLOCATE|[7]|Bytes:4
11:58:08.0 (2759201)|VARIABLE_SCOPE_BEGIN|[7]|u|User|true|false
11:58:08.0 (37148769)|VARIABLE_ASSIGNMENT|[7]|u|{"ProfileId":"00eE0000000zEdeIAE","LastModifiedDate":"2017-11-10T16:58:07.000Z","ReceivesAdminInfoEma (3 more) ...":false,"Email":"depot@sadhanaconsult (7 more) ...","TimeZoneSidKey":"America/New_York","LanguageLocaleKey":"fr","UserRoleId":"00EE0000000hj7TMAQ","License_Type__c":"Salesforce","IsActive":true,"Nurse__c":false,"LastLoginDate":"2017-11-10T16:55:46.000Z","PostalCode":"03820","ForecastEnabled":false,"IsExtIndicatorVisibl (1 more) ...":false,"DigestFrequency":"D","UTC_Offset__c":-4.00,"IsProfilePhotoActive":false,"Default_Patient_Coun (6 more) ...":"US","CompanyName":"Sadhana Consulting L (2 more) ...","CommunityNickname":"prozek","CreatedById":"005E0000002k2ScIAI","Street":"1 S Pine Street","Acquisition_Site__c":"001E000001HBa8R","Server_URL__c":"https://cs12.salesfo (17 more) ...","LastPasswordChangeDa (2 more) ...":"2017-10-10T13:48:13.000Z","LocaleSidKey":"en_US","FirstName":"Elissa","Name_Formula__c":"Elissa Sadhana Team  (5 more) ...","Title":"Consultant","City":"Dover","EmailEncodingKey":"ISO-8859-1","ReceivesInfoEmails":false,"SystemModstamp":"2017-11-10T16:58:07.000Z","User_18_Digit_ID__c":"005E0000004yLLOIA2","IsPortalEnabled":false,"Username":"worldcare@sadhanacon (19 more) ...","Alias":"Sadhana","DefaultGroupNotifica (13 more) ...":"N","CreatedDate":"2014-03-07T01:09:17.000Z","LastName":"Sadhana Team (WCI)","Id":"005E0000004yLLOIA2","IsPortalSelfRegister (2 more) ...":false,"UserType":"Standard","LastModifiedById":"005E0000004yLLOIA2"}|0xc236490
11:58:08.0 (37197592)|STATEMENT_EXECUTE|[7]
11:58:08.0 (37201035)|STATEMENT_EXECUTE|[9]
11:58:08.0 (37202806)|STATEMENT_EXECUTE|[9]
11:58:08.0 (37204500)|STATEMENT_EXECUTE|[10]
11:58:08.0 (37387724)|VARIABLE_SCOPE_BEGIN|[3]|LocalTime.NOT_AVAILABLE|String|false|true
11:58:08.0 (37406574)|VARIABLE_SCOPE_BEGIN|[9]|LocalTime.REGION_AFRICA|String|false|true
11:58:08.0 (37419818)|VARIABLE_SCOPE_BEGIN|[6]|LocalTime.REGION_ASIA|String|false|true
11:58:08.0 (37433436)|VARIABLE_SCOPE_BEGIN|[5]|LocalTime.REGION_EUROPE|String|false|true
11:58:08.0 (37446902)|VARIABLE_SCOPE_BEGIN|[11]|LocalTime.REGION_ISRAEL|String|false|true
11:58:08.0 (37461264)|VARIABLE_SCOPE_BEGIN|[4]|LocalTime.REGION_NA|String|false|true
11:58:08.0 (37474735)|VARIABLE_SCOPE_BEGIN|[10]|LocalTime.REGION_NZ|String|false|true
11:58:08.0 (37488585)|VARIABLE_SCOPE_BEGIN|[7]|LocalTime.REGION_OCEANIA|String|false|true
11:58:08.0 (37501856)|VARIABLE_SCOPE_BEGIN|[8]|LocalTime.REGION_SA|String|false|true
11:58:08.0 (37564950)|HEAP_ALLOCATE|[10]|Bytes:86
11:58:08.0 (37583302)|HEAP_ALLOCATE|[10]|Bytes:3
11:58:08.0 (37603217)|VARIABLE_ASSIGNMENT|[10]|LocalTime.NOT_AVAILABLE|"N/A"
11:58:08.0 (37614686)|HEAP_ALLOCATE|[10]|Bytes:6
11:58:08.0 (37630784)|VARIABLE_ASSIGNMENT|[10]|LocalTime.REGION_AFRICA|"AFRICA"
11:58:08.0 (37641755)|HEAP_ALLOCATE|[10]|Bytes:4
11:58:08.0 (37657277)|VARIABLE_ASSIGNMENT|[10]|LocalTime.REGION_ASIA|"ASIA"
11:58:08.0 (37668914)|HEAP_ALLOCATE|[10]|Bytes:6
11:58:08.0 (37685612)|VARIABLE_ASSIGNMENT|[10]|LocalTime.REGION_EUROPE|"EUROPE"
11:58:08.0 (37697186)|HEAP_ALLOCATE|[10]|Bytes:6
11:58:08.0 (37713942)|VARIABLE_ASSIGNMENT|[10]|LocalTime.REGION_ISRAEL|"ISRAEL"
11:58:08.0 (37724631)|HEAP_ALLOCATE|[10]|Bytes:2
11:58:08.0 (37741278)|VARIABLE_ASSIGNMENT|[10]|LocalTime.REGION_NA|"NA"
11:58:08.0 (37752613)|HEAP_ALLOCATE|[10]|Bytes:2
11:58:08.0 (37769201)|VARIABLE_ASSIGNMENT|[10]|LocalTime.REGION_NZ|"NZ"
11:58:08.0 (37779500)|HEAP_ALLOCATE|[10]|Bytes:7
11:58:08.0 (37794358)|VARIABLE_ASSIGNMENT|[10]|LocalTime.REGION_OCEANIA|"OCEANIA"
11:58:08.0 (37805947)|HEAP_ALLOCATE|[10]|Bytes:2
11:58:08.0 (37822145)|VARIABLE_ASSIGNMENT|[10]|LocalTime.REGION_SA|"SA"
11:58:08.0 (37850089)|METHOD_ENTRY|[2]|01pE0000001ksei|LocalTime.LocalTime()
11:58:08.0 (37862480)|STATEMENT_EXECUTE|[2]
11:58:08.0 (37885258)|ENTERING_MANAGED_PKG|tz
11:58:08.0 (37912757)|METHOD_EXIT|[2]|LocalTime
11:58:08.0 (37942624)|METHOD_ENTRY|[10]|01pE0000001ksei|tz.LocalTime.getOffsetFull(String, String, String)
11:58:08.0 (37956089)|ENTERING_MANAGED_PKG|tz
11:58:08.0 (38194964)|ENTERING_MANAGED_PKG|tz
11:58:08.0 (38314494)|ENTERING_MANAGED_PKG|tz
11:58:08.0 (38930001)|SOQL_EXECUTE_BEGIN|[333]|Aggregations:0|SELECT tz__Country__c FROM tz__lt_country_names__mdt WHERE MasterLabel = :tmpVar1
11:58:08.0 (49955668)|SOQL_EXECUTE_END|[333]|Rows:1
11:58:08.0 (50415875)|ENTERING_MANAGED_PKG|tz
11:58:08.0 (50474485)|METHOD_EXIT|[10]|01pE0000001ksei|tz.LocalTime.getOffsetFull(String, String, String)
11:58:08.0 (50485300)|VARIABLE_SCOPE_BEGIN|[10]|jsonStr|String|false|false
11:58:08.0 (50501835)|VARIABLE_ASSIGNMENT|[10]|jsonStr|"{\"offset\":\"N/A\",\"dst (92 more) ..."
11:58:08.0 (50507575)|STATEMENT_EXECUTE|[11]
11:58:08.0 (50509125)|STATEMENT_EXECUTE|[12]
11:58:08.0 (50553113)|HEAP_ALLOCATE|[12]|Bytes:24
11:58:08.0 (50567518)|SYSTEM_METHOD_ENTRY|[1]|JSON.JSON()
11:58:08.0 (50571725)|STATEMENT_EXECUTE|[1]
11:58:08.0 (50579178)|SYSTEM_METHOD_EXIT|[1]|JSON
11:58:08.0 (50593654)|METHOD_ENTRY|[12]||System.JSON.deserializeUntyped(String)
11:58:08.0 (51030004)|METHOD_EXIT|[12]||System.JSON.deserializeUntyped(String)
11:58:08.0 (51046100)|VARIABLE_SCOPE_BEGIN|[12]|m|Map<String,ANY>|true|false
11:58:08.0 (51068828)|VARIABLE_ASSIGNMENT|[12]|m|"Map of size 6 too large to display"|0x650b2b54
11:58:08.0 (51075426)|STATEMENT_EXECUTE|[13]
11:58:08.0 (51079749)|HEAP_ALLOCATE|[13]|Bytes:6
11:58:08.0 (51120349)|VARIABLE_SCOPE_BEGIN|[13]|offset|String|false|false
11:58:08.0 (51134006)|VARIABLE_ASSIGNMENT|[13]|offset|"N/A"
11:58:08.0 (51147571)|HEAP_ALLOCATE|[14]|Bytes:3
11:58:08.0 (51170286)|STATEMENT_EXECUTE|[14]
11:58:08.0 (51184894)|HEAP_ALLOCATE|[7]|Bytes:5
11:58:08.0 (51202499)|VARIABLE_ASSIGNMENT|[7]|u|null|
11:58:08.51 (51213554)|CUMULATIVE_LIMIT_USAGE
11:58:08.51 (51213554)|LIMIT_USAGE_FOR_NS|(default)|
  Number of SOQL queries: 0 out of 100
  Number of query rows: 0 out of 50000
  Number of SOSL queries: 0 out of 20
  Number of DML statements: 0 out of 150
  Number of DML rows: 0 out of 10000
  Maximum CPU time: 0 out of 10000
  Maximum heap size: 0 out of 6000000
  Number of callouts: 0 out of 100
  Number of Email Invocations: 0 out of 10
  Number of future calls: 0 out of 50
  Number of queueable jobs added to the queue: 0 out of 50
  Number of Mobile Apex push calls: 0 out of 10

11:58:08.51 (51213554)|LIMIT_USAGE_FOR_NS|tz|
  Number of SOQL queries: 0 out of 100
  Number of query rows: 1 out of 50000
  Number of SOSL queries: 0 out of 20
  Number of DML statements: 0 out of 150
  Number of DML rows: 0 out of 10000
  Maximum CPU time: 0 out of 10000
  Maximum heap size: 0 out of 6000000
  Number of callouts: 0 out of 100
  Number of Email Invocations: 0 out of 10
  Number of future calls: 0 out of 50
  Number of queueable jobs added to the queue: 0 out of 50
  Number of Mobile Apex push calls: 0 out of 10

11:58:08.51 (51213554)|TOTAL_EMAIL_RECIPIENTS_QUEUED|0
11:58:08.51 (51213554)|STATIC_VARIABLE_LIST|
  char[]:DigitTens:0
  long:serialVersionUID:0
  String:_static_REGION_EUROPE:0
  String:_static_REGION_NA:0
  long:serialVersionUID:0
  double:MAX_VALUE:0
  Boolean:FALSE:0
  long:serialVersionUID:0
  String:_sfdcAdditionalCodeLocations:0
  double:MIN_VALUE:0
  int:SIZE:0
  double:NEGATIVE_INFINITY:0
  String:_static_NOT_AVAILABLE:0
  int:MAX_VALUE:0
  String:_static_REGION_ISRAEL:0
  char[]:digits:0
  double:NaN:0
  Boolean:TRUE:0
  String:_static_REGION_AFRICA:0
  String:_static_REGION_NZ:0
  String:_static_REGION_SA:0
  int:MIN_VALUE:0
  char[]:DigitOnes:0
  int:BYTES:0
  String:_sfdcAdditionalCodeLocations:0
  int:MIN_EXPONENT:0
  int[]:sizeTable:0
  String:_static_REGION_ASIA:0
  int:MAX_EXPONENT:0
  String:_static_REGION_OCEANIA:0
  int:SIZE:0
  double:POSITIVE_INFINITY:0
  double:MIN_NORMAL:0
  int:BYTES:0

11:58:08.51 (51213554)|CUMULATIVE_LIMIT_USAGE_END

11:58:08.0 (52340127)|CODE_UNIT_FINISHED|LocalTimeUserTrigger on User trigger event BeforeUpdate for [005E0000004yLLO]
11:58:08.151 (151420970)|ENTERING_MANAGED_PKG|skuid
11:58:08.152 (152408498)|CUMULATIVE_LIMIT_USAGE
11:58:08.152 (152408498)|LIMIT_USAGE_FOR_NS|(default)|
  Number of SOQL queries: 0 out of 100
  Number of query rows: 0 out of 50000
  Number of SOSL queries: 0 out of 20
  Number of DML statements: 0 out of 150
  Number of DML rows: 0 out of 10000
  Maximum CPU time: 0 out of 10000
  Maximum heap size: 0 out of 6000000
  Number of callouts: 0 out of 100
  Number of Email Invocations: 0 out of 10
  Number of future calls: 0 out of 50
  Number of queueable jobs added to the queue: 0 out of 50
  Number of Mobile Apex push calls: 0 out of 10

11:58:08.152 (152408498)|LIMIT_USAGE_FOR_NS|tz|
  Number of SOQL queries: 0 out of 100
  Number of query rows: 1 out of 50000
  Number of SOSL queries: 0 out of 20
  Number of DML statements: 0 out of 150
  Number of DML rows: 0 out of 10000
  Maximum CPU time: 0 out of 10000
  Maximum heap size: 0 out of 6000000
  Number of callouts: 0 out of 100
  Number of Email Invocations: 0 out of 10
  Number of future calls: 0 out of 50
  Number of queueable jobs added to the queue: 0 out of 50
  Number of Mobile Apex push calls: 0 out of 10

11:58:08.152 (152408498)|CUMULATIVE_LIMIT_USAGE_END

11:58:08.0 (155134440)|CODE_UNIT_STARTED|[EXTERNAL]|Workflow:User
11:58:08.0 (161592555)|WF_RULE_EVAL_BEGIN|Workflow
11:58:08.0 (161620577)|WF_CRITERIA_BEGIN|[User: Elissa Sadhana Team (WCI) 005E0000004yLLO]|Member_Community_New_User301V000000063fo|01QV00000001N6N|ON_CREATE_ONLY|0
11:58:08.0 (161633284)|WF_RULE_NOT_EVALUATED
11:58:08.0 (161640328)|WF_SPOOL_ACTION_BEGIN|Workflow
11:58:08.0 (161649523)|WF_ACTION| None
11:58:08.0 (161653254)|WF_RULE_EVAL_END
11:58:08.0 (161704393)|WF_ACTIONS_END| None
11:58:08.0 (161713114)|CODE_UNIT_FINISHED|Workflow:User
11:58:08.0 (167563782)|CODE_UNIT_STARTED|[EXTERNAL]|01qV0000000DErk|LocalTimeUserTrigger on User trigger event BeforeUpdate for [005E0000004yLLO]
11:58:08.0 (167595450)|HEAP_ALLOCATE|[EXTERNAL]|Bytes:8
11:58:08.0 (167618399)|HEAP_ALLOCATE|[EXTERNAL]|Bytes:8
11:58:08.0 (167661053)|HEAP_ALLOCATE|[EXTERNAL]|Bytes:4
11:58:08.0 (167672805)|VARIABLE_SCOPE_BEGIN|[5]|this|LocalTimeUserTrigger|true|false
11:58:08.0 (167710028)|VARIABLE_ASSIGNMENT|[5]|this|{}|0x28609b1d
11:58:08.0 (167737400)|HEAP_ALLOCATE|[EXTERNAL]|Bytes:4
11:58:08.0 (167744534)|VARIABLE_SCOPE_BEGIN|[5]|this|LocalTimeUserTrigger|true|false
11:58:08.0 (167757818)|VARIABLE_ASSIGNMENT|[5]|this|{}|0x28609b1d
11:58:08.0 (167766552)|STATEMENT_EXECUTE|[5]
11:58:08.0 (167833339)|HEAP_ALLOCATE|[7]|Bytes:5
11:58:08.0 (167855804)|HEAP_ALLOCATE|[7]|Bytes:4
11:58:08.0 (167865977)|VARIABLE_SCOPE_BEGIN|[7]|u|User|true|false
11:58:08.0 (172023162)|VARIABLE_ASSIGNMENT|[7]|u|{"ProfileId":"00eE0000000zEdeIAE","LastModifiedDate":"2017-11-10T16:58:08.000Z","ReceivesAdminInfoEma (3 more) ...":false,"Email":"depot@sadhanaconsult (7 more) ...","TimeZoneSidKey":"America/New_York","LanguageLocaleKey":"en_US","UserRoleId":"00EE0000000hj7TMAQ","License_Type__c":"Salesforce","IsActive":true,"Nurse__c":false,"LastLoginDate":"2017-11-10T16:55:46.000Z","PostalCode":"03820","ForecastEnabled":false,"IsExtIndicatorVisibl (1 more) ...":false,"DigestFrequency":"D","UTC_Offset__c":-4.00,"IsProfilePhotoActive":false,"Default_Patient_Coun (6 more) ...":"US","CompanyName":"Sadhana Consulting L (2 more) ...","CommunityNickname":"prozek","CreatedById":"005E0000002k2ScIAI","Street":"1 S Pine Street","Acquisition_Site__c":"001E000001HBa8R","Server_URL__c":"https://cs12.salesfo (17 more) ...","LastPasswordChangeDa (2 more) ...":"2017-10-10T13:48:13.000Z","LocaleSidKey":"en_US","FirstName":"Elissa","Name_Formula__c":"Elissa Sadhana Team  (5 more) ...","Title":"Consultant","City":"Dover","EmailEncodingKey":"ISO-8859-1","ReceivesInfoEmails":false,"SystemModstamp":"2017-11-10T16:58:08.000Z","User_18_Digit_ID__c":"005E0000004yLLOIA2","IsPortalEnabled":false,"Username":"worldcare@sadhanacon (19 more) ...","Alias":"Sadhana","DefaultGroupNotifica (13 more) ...":"N","CreatedDate":"2014-03-07T01:09:17.000Z","LastName":"Sadhana Team (WCI)","Id":"005E0000004yLLOIA2","IsPortalSelfRegister (2 more) ...":false,"UserType":"Standard","LastModifiedById":"005E0000004yLLOIA2"}|0x44a6e3f1
11:58:08.0 (172052100)|STATEMENT_EXECUTE|[7]
11:58:08.0 (172054012)|STATEMENT_EXECUTE|[9]
11:58:08.0 (172055037)|STATEMENT_EXECUTE|[9]
11:58:08.0 (172056203)|STATEMENT_EXECUTE|[10]
11:58:08.0 (172102308)|METHOD_ENTRY|[10]|01pE0000001ksei|tz.LocalTime.getOffsetFull(String, String, String)
11:58:08.0 (172113026)|ENTERING_MANAGED_PKG|tz
11:58:08.0 (172149057)|ENTERING_MANAGED_PKG|tz
11:58:08.0 (172202415)|ENTERING_MANAGED_PKG|tz
11:58:08.0 (172549122)|SOQL_EXECUTE_BEGIN|[333]|Aggregations:0|SELECT tz__Country__c FROM tz__lt_country_names__mdt WHERE MasterLabel = :tmpVar1
11:58:08.0 (183126423)|SOQL_EXECUTE_END|[333]|Rows:1
11:58:08.0 (183421915)|ENTERING_MANAGED_PKG|tz
11:58:08.0 (183473569)|METHOD_EXIT|[10]|01pE0000001ksei|tz.LocalTime.getOffsetFull(String, String, String)
11:58:08.0 (183483499)|VARIABLE_SCOPE_BEGIN|[10]|jsonStr|String|false|false
11:58:08.0 (183502060)|VARIABLE_ASSIGNMENT|[10]|jsonStr|"{\"offset\":\"N/A\",\"dst (92 more) ..."
11:58:08.0 (183507719)|STATEMENT_EXECUTE|[11]
11:58:08.0 (183509391)|STATEMENT_EXECUTE|[12]
11:58:08.0 (183520187)|METHOD_ENTRY|[12]||System.JSON.deserializeUntyped(String)
11:58:08.0 (183955843)|METHOD_EXIT|[12]||System.JSON.deserializeUntyped(String)
11:58:08.0 (183971434)|VARIABLE_SCOPE_BEGIN|[12]|m|Map<String,ANY>|true|false
11:58:08.0 (183994860)|VARIABLE_ASSIGNMENT|[12]|m|"Map of size 6 too large to display"|0x7af54882
11:58:08.0 (184001343)|STATEMENT_EXECUTE|[13]
11:58:08.0 (184020327)|VARIABLE_SCOPE_BEGIN|[13]|offset|String|false|false
11:58:08.0 (184031396)|VARIABLE_ASSIGNMENT|[13]|offset|"N/A"
11:58:08.0 (184049536)|STATEMENT_EXECUTE|[14]
11:58:08.0 (184066166)|HEAP_ALLOCATE|[7]|Bytes:5
11:58:08.0 (184084361)|VARIABLE_ASSIGNMENT|[7]|u|null|
11:58:08.184 (184095762)|CUMULATIVE_LIMIT_USAGE
11:58:08.184 (184095762)|LIMIT_USAGE_FOR_NS|(default)|
  Number of SOQL queries: 0 out of 100
  Number of query rows: 0 out of 50000
  Number of SOSL queries: 0 out of 20
  Number of DML statements: 0 out of 150
  Number of DML rows: 0 out of 10000
  Maximum CPU time: 0 out of 10000
  Maximum heap size: 0 out of 6000000
  Number of callouts: 0 out of 100
  Number of Email Invocations: 0 out of 10
  Number of future calls: 0 out of 50
  Number of queueable jobs added to the queue: 0 out of 50
  Number of Mobile Apex push calls: 0 out of 10

11:58:08.184 (184095762)|LIMIT_USAGE_FOR_NS|tz|
  Number of SOQL queries: 0 out of 100
  Number of query rows: 1 out of 50000
  Number of SOSL queries: 0 out of 20
  Number of DML statements: 0 out of 150
  Number of DML rows: 0 out of 10000
  Maximum CPU time: 0 out of 10000
  Maximum heap size: 0 out of 6000000
  Number of callouts: 0 out of 100
  Number of Email Invocations: 0 out of 10
  Number of future calls: 0 out of 50
  Number of queueable jobs added to the queue: 0 out of 50
  Number of Mobile Apex push calls: 0 out of 10

11:58:08.184 (184095762)|TOTAL_EMAIL_RECIPIENTS_QUEUED|0
11:58:08.184 (184095762)|STATIC_VARIABLE_LIST|
  char[]:DigitTens:0
  long:serialVersionUID:0
  String:_static_REGION_EUROPE:0
  String:_static_REGION_NA:0
  long:serialVersionUID:0
  double:MAX_VALUE:0
  Boolean:FALSE:0
  long:serialVersionUID:0
  String:_sfdcAdditionalCodeLocations:0
  double:MIN_VALUE:0
  int:SIZE:0
  double:NEGATIVE_INFINITY:0
  String:_static_NOT_AVAILABLE:0
  int:MAX_VALUE:0
  String:_static_REGION_ISRAEL:0
  char[]:digits:0
  double:NaN:0
  Boolean:TRUE:0
  String:_static_REGION_AFRICA:0
  String:_static_REGION_NZ:0
  String:_static_REGION_SA:0
  int:MIN_VALUE:0
  String:_sfdcAdditionalCodeLocations:0
  char[]:DigitOnes:0
  int:BYTES:0
  String:_sfdcAdditionalCodeLocations:0
  int:MIN_EXPONENT:0
  int[]:sizeTable:0
  String:_static_REGION_ASIA:0
  int:MAX_EXPONENT:0
  String:_static_REGION_OCEANIA:0
  int:SIZE:0
  double:POSITIVE_INFINITY:0
  double:MIN_NORMAL:0
  int:BYTES:0

11:58:08.184 (184095762)|CUMULATIVE_LIMIT_USAGE_END

11:58:08.0 (185816404)|CODE_UNIT_FINISHED|LocalTimeUserTrigger on User trigger event BeforeUpdate for [005E0000004yLLO]
11:58:08.243 (243592880)|ENTERING_MANAGED_PKG|skuid
11:58:08.244 (244318103)|CUMULATIVE_LIMIT_USAGE
11:58:08.244 (244318103)|LIMIT_USAGE_FOR_NS|(default)|
  Number of SOQL queries: 0 out of 100
  Number of query rows: 0 out of 50000
  Number of SOSL queries: 0 out of 20
  Number of DML statements: 0 out of 150
  Number of DML rows: 0 out of 10000
  Maximum CPU time: 0 out of 10000
  Maximum heap size: 0 out of 6000000
  Number of callouts: 0 out of 100
  Number of Email Invocations: 0 out of 10
  Number of future calls: 0 out of 50
  Number of queueable jobs added to the queue: 0 out of 50
  Number of Mobile Apex push calls: 0 out of 10

11:58:08.244 (244318103)|LIMIT_USAGE_FOR_NS|tz|
  Number of SOQL queries: 0 out of 100
  Number of query rows: 1 out of 50000
  Number of SOSL queries: 0 out of 20
  Number of DML statements: 0 out of 150
  Number of DML rows: 0 out of 10000
  Maximum CPU time: 0 out of 10000
  Maximum heap size: 0 out of 6000000
  Number of callouts: 0 out of 100
  Number of Email Invocations: 0 out of 10
  Number of future calls: 0 out of 50
  Number of queueable jobs added to the queue: 0 out of 50
  Number of Mobile Apex push calls: 0 out of 10

11:58:08.244 (244318103)|CUMULATIVE_LIMIT_USAGE_END

11:58:08.0 (247140885)|CODE_UNIT_STARTED|[EXTERNAL]|Workflow:User
11:58:08.0 (252298060)|WF_RULE_EVAL_BEGIN|Workflow
11:58:08.0 (252328273)|WF_CRITERIA_BEGIN|[User: Elissa Sadhana Team (WCI) 005E0000004yLLO]|Member_Community_New_User301V000000063fo|01QV00000001N6N|ON_CREATE_ONLY|0
11:58:08.0 (252340300)|WF_RULE_NOT_EVALUATED
11:58:08.0 (252347916)|WF_SPOOL_ACTION_BEGIN|Workflow
11:58:08.0 (252357034)|WF_ACTION| None
11:58:08.0 (252361110)|WF_RULE_EVAL_END
11:58:08.0 (252419043)|WF_ACTIONS_END| None
11:58:08.0 (252429836)|CODE_UNIT_FINISHED|Workflow:User
11:58:08.0 (451997976)|CODE_UNIT_FINISHED|TRIGGERS
11:58:08.0 (452025642)|EXECUTION_FINISHED
11:58:08.456 (456403399)|CUMULATIVE_PROFILING_BEGIN
11:58:08.456 (456403399)|CUMULATIVE_PROFILING|SOQL operations|
(tz): [SELECT tz__Country__c FROM tz__lt_country_names__mdt WHERE MasterLabel = :countryCode]: executed 2 times in 23 ms

11:58:08.456 (456403399)|CUMULATIVE_PROFILING|No profiling information for SOSL operations
11:58:08.456 (456403399)|CUMULATIVE_PROFILING|No profiling information for DML operations
11:58:08.456 (456403399)|CUMULATIVE_PROFILING|method invocations|
Trigger.LocalTimeUserTrigger: line 10, column 1: webService static String getOffsetFull(String, String, String): executed 2 times in 24 ms
External entry point: public void invoke(): executed 1 time in 17 ms
Trigger.LocalTimeUserTrigger: line 7, column 1: global public System.Iterator iterator(): executed 6 times in 0 ms
Trigger.LocalTimeUserTrigger: line 12, column 1: global static Object deserializeUntyped(String): executed 2 times in 0 ms
Trigger.LocalTimeUserTrigger: line 13, column 1: global public Object get(Object): executed 2 times in 0 ms

11:58:08.456 (456403399)|CUMULATIVE_PROFILING_END
