40.0 APEX_CODE,FINEST;APEX_PROFILING,FINEST;CALLOUT,INFO;DB,INFO;SYSTEM,DEBUG;VALIDATION,INFO;VISUALFORCE,INFO;WAVE,INFO;WORKFLOW,INFO
10:28:48.0 (341767)|USER_INFO|[EXTERNAL]|005E0000004yLLO|worldcare@sadhanaconsulting.com.devfull|Eastern Standard Time|GMT-05:00
10:28:48.0 (387725)|EXECUTION_STARTED
10:28:48.0 (393153)|CODE_UNIT_STARTED|[EXTERNAL]|TRIGGERS
10:28:48.0 (1516378)|CODE_UNIT_STARTED|[EXTERNAL]|01qV0000000DErk|LocalTimeUserTrigger on User trigger event BeforeUpdate for [005E0000004yLLO]
10:28:48.0 (1582456)|HEAP_ALLOCATE|[EXTERNAL]|Bytes:8
10:28:48.0 (1627393)|HEAP_ALLOCATE|[EXTERNAL]|Bytes:8
10:28:48.0 (1975784)|HEAP_ALLOCATE|[72]|Bytes:3
10:28:48.0 (2026234)|HEAP_ALLOCATE|[77]|Bytes:152
10:28:48.0 (2058103)|HEAP_ALLOCATE|[342]|Bytes:408
10:28:48.0 (2099856)|HEAP_ALLOCATE|[355]|Bytes:408
10:28:48.0 (2147677)|HEAP_ALLOCATE|[467]|Bytes:48
10:28:48.0 (2201876)|HEAP_ALLOCATE|[139]|Bytes:6
10:28:48.0 (2251929)|HEAP_ALLOCATE|[EXTERNAL]|Bytes:4
10:28:48.0 (2267824)|VARIABLE_SCOPE_BEGIN|[5]|this|LocalTimeUserTrigger|true|false
10:28:48.0 (2319913)|VARIABLE_ASSIGNMENT|[5]|this|{}|0x47270745
10:28:48.0 (2367326)|HEAP_ALLOCATE|[EXTERNAL]|Bytes:4
10:28:48.0 (2379970)|VARIABLE_SCOPE_BEGIN|[5]|this|LocalTimeUserTrigger|true|false
10:28:48.0 (2403159)|VARIABLE_ASSIGNMENT|[5]|this|{}|0x47270745
10:28:48.0 (2413941)|STATEMENT_EXECUTE|[5]
10:28:48.0 (2451234)|HEAP_ALLOCATE|[50]|Bytes:5
10:28:48.0 (2483707)|HEAP_ALLOCATE|[56]|Bytes:5
10:28:48.0 (2508189)|HEAP_ALLOCATE|[64]|Bytes:7
10:28:48.0 (2945692)|HEAP_ALLOCATE|[7]|Bytes:5
10:28:48.0 (2986913)|HEAP_ALLOCATE|[7]|Bytes:4
10:28:48.0 (3010252)|VARIABLE_SCOPE_BEGIN|[7]|u|User|true|false
10:28:48.0 (33106512)|VARIABLE_ASSIGNMENT|[7]|u|{"ProfileId":"00eE0000000zEdeIAE","LastModifiedDate":"2017-11-10T15:27:36.000Z","ReceivesAdminInfoEma (3 more) ...":false,"Email":"depot@sadhanaconsult (7 more) ...","TimeZoneSidKey":"America/New_York","LanguageLocaleKey":"fr","UserRoleId":"00EE0000000hj7TMAQ","License_Type__c":"Salesforce","IsActive":true,"Nurse__c":false,"LastLoginDate":"2017-11-10T15:06:05.000Z","PostalCode":"03820","ForecastEnabled":false,"IsExtIndicatorVisibl (1 more) ...":false,"DigestFrequency":"D","UTC_Offset__c":-4.00,"IsProfilePhotoActive":false,"Default_Patient_Coun (6 more) ...":"US","CompanyName":"Sadhana Consulting L (2 more) ...","CommunityNickname":"prozek","CreatedById":"005E0000002k2ScIAI","Street":"1 S Pine Street","Acquisition_Site__c":"001E000001HBa8R","Server_URL__c":"https://cs12.salesfo (17 more) ...","LastPasswordChangeDa (2 more) ...":"2017-10-10T13:48:13.000Z","LocaleSidKey":"en_US","FirstName":"Elissa","Name_Formula__c":"Elissa Sadhana Team  (5 more) ...","Title":"Consultant","City":"Dover","EmailEncodingKey":"ISO-8859-1","ReceivesInfoEmails":false,"SystemModstamp":"2017-11-10T15:27:36.000Z","User_18_Digit_ID__c":"005E0000004yLLOIA2","IsPortalEnabled":false,"Username":"worldcare@sadhanacon (19 more) ...","Alias":"Sadhana","DefaultGroupNotifica (13 more) ...":"N","CreatedDate":"2014-03-07T01:09:17.000Z","LastName":"Sadhana Team (WCI)","Id":"005E0000004yLLOIA2","IsPortalSelfRegister (2 more) ...":false,"UserType":"Standard","LastModifiedById":"005E0000004yLLOIA2"}|0x788d063c
10:28:48.0 (33148674)|STATEMENT_EXECUTE|[7]
10:28:48.0 (33150921)|STATEMENT_EXECUTE|[9]
10:28:48.0 (33151910)|STATEMENT_EXECUTE|[9]
10:28:48.0 (33152985)|STATEMENT_EXECUTE|[10]
10:28:48.0 (34041620)|VARIABLE_SCOPE_BEGIN|[3]|LocalTime.NOT_AVAILABLE|String|false|true
10:28:48.0 (34054967)|VARIABLE_SCOPE_BEGIN|[9]|LocalTime.REGION_AFRICA|String|false|true
10:28:48.0 (34061463)|VARIABLE_SCOPE_BEGIN|[6]|LocalTime.REGION_ASIA|String|false|true
10:28:48.0 (34067939)|VARIABLE_SCOPE_BEGIN|[5]|LocalTime.REGION_EUROPE|String|false|true
10:28:48.0 (34073849)|VARIABLE_SCOPE_BEGIN|[11]|LocalTime.REGION_ISRAEL|String|false|true
10:28:48.0 (34080070)|VARIABLE_SCOPE_BEGIN|[4]|LocalTime.REGION_NA|String|false|true
10:28:48.0 (34095491)|VARIABLE_SCOPE_BEGIN|[10]|LocalTime.REGION_NZ|String|false|true
10:28:48.0 (34101283)|VARIABLE_SCOPE_BEGIN|[7]|LocalTime.REGION_OCEANIA|String|false|true
10:28:48.0 (34107185)|VARIABLE_SCOPE_BEGIN|[8]|LocalTime.REGION_SA|String|false|true
10:28:48.0 (34171110)|HEAP_ALLOCATE|[10]|Bytes:86
10:28:48.0 (34187771)|HEAP_ALLOCATE|[10]|Bytes:3
10:28:48.0 (34199989)|VARIABLE_ASSIGNMENT|[10]|LocalTime.NOT_AVAILABLE|"N/A"
10:28:48.0 (34204997)|HEAP_ALLOCATE|[10]|Bytes:6
10:28:48.0 (34211255)|VARIABLE_ASSIGNMENT|[10]|LocalTime.REGION_AFRICA|"AFRICA"
10:28:48.0 (34215515)|HEAP_ALLOCATE|[10]|Bytes:4
10:28:48.0 (34221211)|VARIABLE_ASSIGNMENT|[10]|LocalTime.REGION_ASIA|"ASIA"
10:28:48.0 (34225405)|HEAP_ALLOCATE|[10]|Bytes:6
10:28:48.0 (34231578)|VARIABLE_ASSIGNMENT|[10]|LocalTime.REGION_EUROPE|"EUROPE"
10:28:48.0 (34235691)|HEAP_ALLOCATE|[10]|Bytes:6
10:28:48.0 (34241765)|VARIABLE_ASSIGNMENT|[10]|LocalTime.REGION_ISRAEL|"ISRAEL"
10:28:48.0 (34245771)|HEAP_ALLOCATE|[10]|Bytes:2
10:28:48.0 (34251557)|VARIABLE_ASSIGNMENT|[10]|LocalTime.REGION_NA|"NA"
10:28:48.0 (34256001)|HEAP_ALLOCATE|[10]|Bytes:2
10:28:48.0 (34261552)|VARIABLE_ASSIGNMENT|[10]|LocalTime.REGION_NZ|"NZ"
10:28:48.0 (34285596)|HEAP_ALLOCATE|[10]|Bytes:7
10:28:48.0 (34302385)|VARIABLE_ASSIGNMENT|[10]|LocalTime.REGION_OCEANIA|"OCEANIA"
10:28:48.0 (34310089)|HEAP_ALLOCATE|[10]|Bytes:2
10:28:48.0 (34317804)|VARIABLE_ASSIGNMENT|[10]|LocalTime.REGION_SA|"SA"
10:28:48.0 (34337495)|METHOD_ENTRY|[2]|01pE0000001ksei|LocalTime.LocalTime()
10:28:48.0 (34344297)|STATEMENT_EXECUTE|[2]
10:28:48.0 (34367545)|ENTERING_MANAGED_PKG|tz
10:28:48.0 (34389894)|METHOD_EXIT|[2]|LocalTime
10:28:48.0 (34415396)|METHOD_ENTRY|[10]|01pE0000001ksei|tz.LocalTime.getOffsetFull(String, String, String)
10:28:48.0 (34421818)|ENTERING_MANAGED_PKG|tz
10:28:48.0 (34645438)|ENTERING_MANAGED_PKG|tz
10:28:48.0 (34728506)|ENTERING_MANAGED_PKG|tz
10:28:48.0 (35803338)|SOQL_EXECUTE_BEGIN|[333]|Aggregations:0|SELECT tz__Country__c FROM tz__lt_country_names__mdt WHERE MasterLabel = :tmpVar1
10:28:48.0 (50000654)|SOQL_EXECUTE_END|[333]|Rows:1
10:28:48.0 (50620500)|ENTERING_MANAGED_PKG|tz
10:28:48.0 (50705392)|METHOD_EXIT|[10]|01pE0000001ksei|tz.LocalTime.getOffsetFull(String, String, String)
10:28:48.0 (50715898)|VARIABLE_SCOPE_BEGIN|[10]|jsonStr|String|false|false
10:28:48.0 (50740490)|VARIABLE_ASSIGNMENT|[10]|jsonStr|"{\"offset\":\"N/A\",\"dst (92 more) ..."
10:28:48.0 (50748864)|STATEMENT_EXECUTE|[11]
10:28:48.0 (50750622)|STATEMENT_EXECUTE|[12]
10:28:48.0 (50818735)|HEAP_ALLOCATE|[12]|Bytes:24
10:28:48.0 (50838282)|SYSTEM_METHOD_ENTRY|[1]|JSON.JSON()
10:28:48.0 (50842192)|STATEMENT_EXECUTE|[1]
10:28:48.0 (50853235)|SYSTEM_METHOD_EXIT|[1]|JSON
10:28:48.0 (50868398)|METHOD_ENTRY|[12]||System.JSON.deserializeUntyped(String)
10:28:48.0 (51415736)|METHOD_EXIT|[12]||System.JSON.deserializeUntyped(String)
10:28:48.0 (51436946)|VARIABLE_SCOPE_BEGIN|[12]|m|Map<String,ANY>|true|false
10:28:48.0 (51472643)|VARIABLE_ASSIGNMENT|[12]|m|"Map of size 6 too large to display"|0x7221ef6f
10:28:48.0 (51482542)|STATEMENT_EXECUTE|[13]
10:28:48.0 (51488050)|HEAP_ALLOCATE|[13]|Bytes:6
10:28:48.0 (51536030)|VARIABLE_SCOPE_BEGIN|[13]|offset|String|false|false
10:28:48.0 (51548985)|VARIABLE_ASSIGNMENT|[13]|offset|"N/A"
10:28:48.0 (51555590)|HEAP_ALLOCATE|[14]|Bytes:3
10:28:48.0 (51586729)|STATEMENT_EXECUTE|[14]
10:28:48.0 (51604820)|HEAP_ALLOCATE|[7]|Bytes:5
10:28:48.0 (51622602)|VARIABLE_ASSIGNMENT|[7]|u|null|
10:28:48.51 (51634380)|CUMULATIVE_LIMIT_USAGE
10:28:48.51 (51634380)|LIMIT_USAGE_FOR_NS|(default)|
  Number of SOQL queries: 0 out of 100
  Number of query rows: 0 out of 50000
  Number of SOSL queries: 0 out of 20
  Number of DML statements: 0 out of 150
  Number of DML rows: 0 out of 10000
  Maximum CPU time: 0 out of 10000
  Maximum heap size: 0 out of 6000000
  Number of callouts: 0 out of 100
  Number of Email Invocations: 0 out of 10
  Number of future calls: 0 out of 50
  Number of queueable jobs added to the queue: 0 out of 50
  Number of Mobile Apex push calls: 0 out of 10

10:28:48.51 (51634380)|LIMIT_USAGE_FOR_NS|tz|
  Number of SOQL queries: 0 out of 100
  Number of query rows: 1 out of 50000
  Number of SOSL queries: 0 out of 20
  Number of DML statements: 0 out of 150
  Number of DML rows: 0 out of 10000
  Maximum CPU time: 0 out of 10000
  Maximum heap size: 0 out of 6000000
  Number of callouts: 0 out of 100
  Number of Email Invocations: 0 out of 10
  Number of future calls: 0 out of 50
  Number of queueable jobs added to the queue: 0 out of 50
  Number of Mobile Apex push calls: 0 out of 10

10:28:48.51 (51634380)|TOTAL_EMAIL_RECIPIENTS_QUEUED|0
10:28:48.51 (51634380)|STATIC_VARIABLE_LIST|
  char[]:DigitTens:0
  long:serialVersionUID:0
  String:_static_REGION_EUROPE:0
  String:_static_REGION_NA:0
  long:serialVersionUID:0
  double:MAX_VALUE:0
  Boolean:FALSE:0
  long:serialVersionUID:0
  String:_sfdcAdditionalCodeLocations:0
  double:MIN_VALUE:0
  int:SIZE:0
  double:NEGATIVE_INFINITY:0
  String:_static_NOT_AVAILABLE:0
  int:MAX_VALUE:0
  String:_static_REGION_ISRAEL:0
  char[]:digits:0
  double:NaN:0
  Boolean:TRUE:0
  String:_static_REGION_AFRICA:0
  String:_static_REGION_NZ:0
  String:_static_REGION_SA:0
  int:MIN_VALUE:0
  char[]:DigitOnes:0
  int:BYTES:0
  String:_sfdcAdditionalCodeLocations:0
  int:MIN_EXPONENT:0
  int[]:sizeTable:0
  String:_static_REGION_ASIA:0
  int:MAX_EXPONENT:0
  String:_static_REGION_OCEANIA:0
  int:SIZE:0
  double:POSITIVE_INFINITY:0
  double:MIN_NORMAL:0
  int:BYTES:0

10:28:48.51 (51634380)|CUMULATIVE_LIMIT_USAGE_END

10:28:48.0 (53673895)|CODE_UNIT_FINISHED|LocalTimeUserTrigger on User trigger event BeforeUpdate for [005E0000004yLLO]
10:28:48.156 (156260879)|ENTERING_MANAGED_PKG|skuid
10:28:48.157 (157358164)|CUMULATIVE_LIMIT_USAGE
10:28:48.157 (157358164)|LIMIT_USAGE_FOR_NS|(default)|
  Number of SOQL queries: 0 out of 100
  Number of query rows: 0 out of 50000
  Number of SOSL queries: 0 out of 20
  Number of DML statements: 0 out of 150
  Number of DML rows: 0 out of 10000
  Maximum CPU time: 0 out of 10000
  Maximum heap size: 0 out of 6000000
  Number of callouts: 0 out of 100
  Number of Email Invocations: 0 out of 10
  Number of future calls: 0 out of 50
  Number of queueable jobs added to the queue: 0 out of 50
  Number of Mobile Apex push calls: 0 out of 10

10:28:48.157 (157358164)|LIMIT_USAGE_FOR_NS|tz|
  Number of SOQL queries: 0 out of 100
  Number of query rows: 1 out of 50000
  Number of SOSL queries: 0 out of 20
  Number of DML statements: 0 out of 150
  Number of DML rows: 0 out of 10000
  Maximum CPU time: 0 out of 10000
  Maximum heap size: 0 out of 6000000
  Number of callouts: 0 out of 100
  Number of Email Invocations: 0 out of 10
  Number of future calls: 0 out of 50
  Number of queueable jobs added to the queue: 0 out of 50
  Number of Mobile Apex push calls: 0 out of 10

10:28:48.157 (157358164)|CUMULATIVE_LIMIT_USAGE_END

10:28:48.0 (160813286)|CODE_UNIT_STARTED|[EXTERNAL]|Workflow:User
10:28:48.0 (167785834)|WF_RULE_EVAL_BEGIN|Workflow
10:28:48.0 (167822473)|WF_CRITERIA_BEGIN|[User: Elissa Sadhana Team (WCI) 005E0000004yLLO]|Member_Community_New_User301V000000063fo|01QV00000001N6N|ON_CREATE_ONLY|0
10:28:48.0 (167841831)|WF_RULE_NOT_EVALUATED
10:28:48.0 (167854080)|WF_SPOOL_ACTION_BEGIN|Workflow
10:28:48.0 (167865643)|WF_ACTION| None
10:28:48.0 (167870318)|WF_RULE_EVAL_END
10:28:48.0 (167911697)|WF_ACTIONS_END| None
10:28:48.0 (167919611)|CODE_UNIT_FINISHED|Workflow:User
10:28:48.0 (177679802)|CODE_UNIT_STARTED|[EXTERNAL]|01qV0000000DErk|LocalTimeUserTrigger on User trigger event BeforeUpdate for [005E0000004yLLO]
10:28:48.0 (177751744)|HEAP_ALLOCATE|[EXTERNAL]|Bytes:8
10:28:48.0 (177807655)|HEAP_ALLOCATE|[EXTERNAL]|Bytes:8
10:28:48.0 (177933020)|HEAP_ALLOCATE|[EXTERNAL]|Bytes:4
10:28:48.0 (177951687)|VARIABLE_SCOPE_BEGIN|[5]|this|LocalTimeUserTrigger|true|false
10:28:48.0 (177996684)|VARIABLE_ASSIGNMENT|[5]|this|{}|0x4afcb7c4
10:28:48.0 (178044170)|HEAP_ALLOCATE|[EXTERNAL]|Bytes:4
10:28:48.0 (178056713)|VARIABLE_SCOPE_BEGIN|[5]|this|LocalTimeUserTrigger|true|false
10:28:48.0 (178078231)|VARIABLE_ASSIGNMENT|[5]|this|{}|0x4afcb7c4
10:28:48.0 (178093102)|STATEMENT_EXECUTE|[5]
10:28:48.0 (178213909)|HEAP_ALLOCATE|[7]|Bytes:5
10:28:48.0 (178285326)|HEAP_ALLOCATE|[7]|Bytes:4
10:28:48.0 (178311921)|VARIABLE_SCOPE_BEGIN|[7]|u|User|true|false
10:28:48.0 (183252165)|VARIABLE_ASSIGNMENT|[7]|u|{"ProfileId":"00eE0000000zEdeIAE","LastModifiedDate":"2017-11-10T15:28:48.000Z","ReceivesAdminInfoEma (3 more) ...":false,"Email":"depot@sadhanaconsult (7 more) ...","TimeZoneSidKey":"America/New_York","LanguageLocaleKey":"en_US","UserRoleId":"00EE0000000hj7TMAQ","License_Type__c":"Salesforce","IsActive":true,"Nurse__c":false,"LastLoginDate":"2017-11-10T15:06:05.000Z","PostalCode":"03820","ForecastEnabled":false,"IsExtIndicatorVisibl (1 more) ...":false,"DigestFrequency":"D","UTC_Offset__c":-4.00,"IsProfilePhotoActive":false,"Default_Patient_Coun (6 more) ...":"US","CompanyName":"Sadhana Consulting L (2 more) ...","CommunityNickname":"prozek","CreatedById":"005E0000002k2ScIAI","Street":"1 S Pine Street","Acquisition_Site__c":"001E000001HBa8R","Server_URL__c":"https://cs12.salesfo (17 more) ...","LastPasswordChangeDa (2 more) ...":"2017-10-10T13:48:13.000Z","LocaleSidKey":"en_US","FirstName":"Elissa","Name_Formula__c":"Elissa Sadhana Team  (5 more) ...","Title":"Consultant","City":"Dover","EmailEncodingKey":"ISO-8859-1","ReceivesInfoEmails":false,"SystemModstamp":"2017-11-10T15:28:48.000Z","User_18_Digit_ID__c":"005E0000004yLLOIA2","IsPortalEnabled":false,"Username":"worldcare@sadhanacon (19 more) ...","Alias":"Sadhana","DefaultGroupNotifica (13 more) ...":"N","CreatedDate":"2014-03-07T01:09:17.000Z","LastName":"Sadhana Team (WCI)","Id":"005E0000004yLLOIA2","IsPortalSelfRegister (2 more) ...":false,"UserType":"Standard","LastModifiedById":"005E0000004yLLOIA2"}|0x54b4680f
10:28:48.0 (183298458)|STATEMENT_EXECUTE|[7]
10:28:48.0 (183301804)|STATEMENT_EXECUTE|[9]
10:28:48.0 (183303745)|STATEMENT_EXECUTE|[9]
10:28:48.0 (183305478)|STATEMENT_EXECUTE|[10]
10:28:48.0 (183370348)|METHOD_ENTRY|[10]|01pE0000001ksei|tz.LocalTime.getOffsetFull(String, String, String)
10:28:48.0 (183383195)|ENTERING_MANAGED_PKG|tz
10:28:48.0 (183427360)|ENTERING_MANAGED_PKG|tz
10:28:48.0 (183483363)|ENTERING_MANAGED_PKG|tz
10:28:48.0 (183844730)|SOQL_EXECUTE_BEGIN|[333]|Aggregations:0|SELECT tz__Country__c FROM tz__lt_country_names__mdt WHERE MasterLabel = :tmpVar1
10:28:48.0 (196836353)|SOQL_EXECUTE_END|[333]|Rows:1
10:28:48.0 (197220650)|ENTERING_MANAGED_PKG|tz
10:28:48.0 (197287950)|METHOD_EXIT|[10]|01pE0000001ksei|tz.LocalTime.getOffsetFull(String, String, String)
10:28:48.0 (197297428)|VARIABLE_SCOPE_BEGIN|[10]|jsonStr|String|false|false
10:28:48.0 (197320483)|VARIABLE_ASSIGNMENT|[10]|jsonStr|"{\"offset\":\"N/A\",\"dst (92 more) ..."
10:28:48.0 (197328262)|STATEMENT_EXECUTE|[11]
10:28:48.0 (197329871)|STATEMENT_EXECUTE|[12]
10:28:48.0 (197339262)|METHOD_ENTRY|[12]||System.JSON.deserializeUntyped(String)
10:28:48.0 (197998937)|METHOD_EXIT|[12]||System.JSON.deserializeUntyped(String)
10:28:48.0 (198019358)|VARIABLE_SCOPE_BEGIN|[12]|m|Map<String,ANY>|true|false
10:28:48.0 (198056906)|VARIABLE_ASSIGNMENT|[12]|m|"Map of size 6 too large to display"|0x5c08fa0d
10:28:48.0 (198066528)|STATEMENT_EXECUTE|[13]
10:28:48.0 (198086891)|VARIABLE_SCOPE_BEGIN|[13]|offset|String|false|false
10:28:48.0 (198098084)|VARIABLE_ASSIGNMENT|[13]|offset|"N/A"
10:28:48.0 (198121924)|STATEMENT_EXECUTE|[14]
10:28:48.0 (198142179)|HEAP_ALLOCATE|[7]|Bytes:5
10:28:48.0 (198174384)|VARIABLE_ASSIGNMENT|[7]|u|null|
10:28:48.198 (198188671)|CUMULATIVE_LIMIT_USAGE
10:28:48.198 (198188671)|LIMIT_USAGE_FOR_NS|(default)|
  Number of SOQL queries: 0 out of 100
  Number of query rows: 0 out of 50000
  Number of SOSL queries: 0 out of 20
  Number of DML statements: 0 out of 150
  Number of DML rows: 0 out of 10000
  Maximum CPU time: 0 out of 10000
  Maximum heap size: 0 out of 6000000
  Number of callouts: 0 out of 100
  Number of Email Invocations: 0 out of 10
  Number of future calls: 0 out of 50
  Number of queueable jobs added to the queue: 0 out of 50
  Number of Mobile Apex push calls: 0 out of 10

10:28:48.198 (198188671)|LIMIT_USAGE_FOR_NS|tz|
  Number of SOQL queries: 0 out of 100
  Number of query rows: 1 out of 50000
  Number of SOSL queries: 0 out of 20
  Number of DML statements: 0 out of 150
  Number of DML rows: 0 out of 10000
  Maximum CPU time: 0 out of 10000
  Maximum heap size: 0 out of 6000000
  Number of callouts: 0 out of 100
  Number of Email Invocations: 0 out of 10
  Number of future calls: 0 out of 50
  Number of queueable jobs added to the queue: 0 out of 50
  Number of Mobile Apex push calls: 0 out of 10

10:28:48.198 (198188671)|TOTAL_EMAIL_RECIPIENTS_QUEUED|0
10:28:48.198 (198188671)|STATIC_VARIABLE_LIST|
  char[]:DigitTens:0
  long:serialVersionUID:0
  String:_static_REGION_EUROPE:0
  String:_static_REGION_NA:0
  long:serialVersionUID:0
  double:MAX_VALUE:0
  Boolean:FALSE:0
  long:serialVersionUID:0
  String:_sfdcAdditionalCodeLocations:0
  double:MIN_VALUE:0
  int:SIZE:0
  double:NEGATIVE_INFINITY:0
  String:_static_NOT_AVAILABLE:0
  int:MAX_VALUE:0
  String:_static_REGION_ISRAEL:0
  char[]:digits:0
  double:NaN:0
  Boolean:TRUE:0
  String:_static_REGION_AFRICA:0
  String:_static_REGION_NZ:0
  String:_static_REGION_SA:0
  int:MIN_VALUE:0
  String:_sfdcAdditionalCodeLocations:0
  char[]:DigitOnes:0
  int:BYTES:0
  String:_sfdcAdditionalCodeLocations:0
  int:MIN_EXPONENT:0
  int[]:sizeTable:0
  String:_static_REGION_ASIA:0
  int:MAX_EXPONENT:0
  String:_static_REGION_OCEANIA:0
  int:SIZE:0
  double:POSITIVE_INFINITY:0
  double:MIN_NORMAL:0
  int:BYTES:0

10:28:48.198 (198188671)|CUMULATIVE_LIMIT_USAGE_END

10:28:48.0 (199411643)|CODE_UNIT_FINISHED|LocalTimeUserTrigger on User trigger event BeforeUpdate for [005E0000004yLLO]
10:28:48.252 (252983159)|ENTERING_MANAGED_PKG|skuid
10:28:48.253 (253677966)|CUMULATIVE_LIMIT_USAGE
10:28:48.253 (253677966)|LIMIT_USAGE_FOR_NS|(default)|
  Number of SOQL queries: 0 out of 100
  Number of query rows: 0 out of 50000
  Number of SOSL queries: 0 out of 20
  Number of DML statements: 0 out of 150
  Number of DML rows: 0 out of 10000
  Maximum CPU time: 0 out of 10000
  Maximum heap size: 0 out of 6000000
  Number of callouts: 0 out of 100
  Number of Email Invocations: 0 out of 10
  Number of future calls: 0 out of 50
  Number of queueable jobs added to the queue: 0 out of 50
  Number of Mobile Apex push calls: 0 out of 10

10:28:48.253 (253677966)|LIMIT_USAGE_FOR_NS|tz|
  Number of SOQL queries: 0 out of 100
  Number of query rows: 1 out of 50000
  Number of SOSL queries: 0 out of 20
  Number of DML statements: 0 out of 150
  Number of DML rows: 0 out of 10000
  Maximum CPU time: 0 out of 10000
  Maximum heap size: 0 out of 6000000
  Number of callouts: 0 out of 100
  Number of Email Invocations: 0 out of 10
  Number of future calls: 0 out of 50
  Number of queueable jobs added to the queue: 0 out of 50
  Number of Mobile Apex push calls: 0 out of 10

10:28:48.253 (253677966)|CUMULATIVE_LIMIT_USAGE_END

10:28:48.0 (256250760)|CODE_UNIT_STARTED|[EXTERNAL]|Workflow:User
10:28:48.0 (260870210)|WF_RULE_EVAL_BEGIN|Workflow
10:28:48.0 (260898320)|WF_CRITERIA_BEGIN|[User: Elissa Sadhana Team (WCI) 005E0000004yLLO]|Member_Community_New_User301V000000063fo|01QV00000001N6N|ON_CREATE_ONLY|0
10:28:48.0 (260909507)|WF_RULE_NOT_EVALUATED
10:28:48.0 (260916282)|WF_SPOOL_ACTION_BEGIN|Workflow
10:28:48.0 (260926141)|WF_ACTION| None
10:28:48.0 (260930432)|WF_RULE_EVAL_END
10:28:48.0 (260971769)|WF_ACTIONS_END| None
10:28:48.0 (260980096)|CODE_UNIT_FINISHED|Workflow:User
10:28:48.0 (385671426)|CODE_UNIT_FINISHED|TRIGGERS
10:28:48.0 (385693079)|EXECUTION_FINISHED
10:28:48.396 (396512472)|CUMULATIVE_PROFILING_BEGIN
10:28:48.396 (396512472)|CUMULATIVE_PROFILING|SOQL operations|
(tz): [SELECT tz__Country__c FROM tz__lt_country_names__mdt WHERE MasterLabel = :countryCode]: executed 2 times in 28 ms

10:28:48.396 (396512472)|CUMULATIVE_PROFILING|No profiling information for SOSL operations
10:28:48.396 (396512472)|CUMULATIVE_PROFILING|No profiling information for DML operations
10:28:48.396 (396512472)|CUMULATIVE_PROFILING|method invocations|
Trigger.LocalTimeUserTrigger: line 10, column 1: webService static String getOffsetFull(String, String, String): executed 2 times in 31 ms
External entry point: public void invoke(): executed 1 time in 20 ms
Trigger.LocalTimeUserTrigger: line 12, column 1: global static Object deserializeUntyped(String): executed 2 times in 1 ms
Trigger.LocalTimeUserTrigger: line 7, column 1: global public System.Iterator iterator(): executed 6 times in 0 ms
Trigger.LocalTimeUserTrigger: line 13, column 1: global public Object get(Object): executed 2 times in 0 ms

10:28:48.396 (396512472)|CUMULATIVE_PROFILING_END
