41.0 APEX_CODE,FINEST;APEX_PROFILING,FINEST;CALLOUT,INFO;DB,INFO;SYSTEM,DEBUG;VALIDATION,INFO;VISUALFORCE,INFO;WAVE,INFO;WORKFLOW,INFO
16:34:07.0 (435835)|USER_INFO|[EXTERNAL]|005E0000004yLLO|worldcare@sadhanaconsulting.com.devfull|Eastern Standard Time|GMT-05:00
16:34:07.0 (486058)|EXECUTION_STARTED
16:34:07.0 (492066)|CODE_UNIT_STARTED|[EXTERNAL]|066V0000000E94F|VF: /apex/ReportDetail
16:34:07.0 (8746370)|SYSTEM_MODE_ENTER|true
16:34:07.0 (9123989)|HEAP_ALLOCATE|[72]|Bytes:3
16:34:07.0 (9181146)|HEAP_ALLOCATE|[77]|Bytes:152
16:34:07.0 (9204072)|HEAP_ALLOCATE|[342]|Bytes:408
16:34:07.0 (9226520)|HEAP_ALLOCATE|[355]|Bytes:408
16:34:07.0 (9247483)|HEAP_ALLOCATE|[467]|Bytes:48
16:34:07.0 (9283334)|HEAP_ALLOCATE|[139]|Bytes:6
16:34:07.0 (9305187)|HEAP_ALLOCATE|[EXTERNAL]|Bytes:84
16:34:07.0 (9312192)|HEAP_ALLOCATE|[EXTERNAL]|Bytes:3
16:34:07.0 (9324358)|METHOD_ENTRY|[1]|01pV0000000LP3I|GetReportDetail.GetReportDetail()
16:34:07.0 (9331472)|STATEMENT_EXECUTE|[1]
16:34:07.0 (9337129)|STATEMENT_EXECUTE|[1]
16:34:07.0 (9374151)|HEAP_ALLOCATE|[50]|Bytes:5
16:34:07.0 (9404348)|HEAP_ALLOCATE|[56]|Bytes:5
16:34:07.0 (9416494)|HEAP_ALLOCATE|[64]|Bytes:7
16:34:07.0 (9448292)|SYSTEM_MODE_ENTER|false
16:34:07.0 (9469271)|HEAP_ALLOCATE|[EXTERNAL]|Bytes:5
16:34:07.0 (9480468)|SYSTEM_MODE_EXIT|false
16:34:07.0 (9490477)|METHOD_EXIT|[1]|GetReportDetail
16:34:07.0 (9514516)|HEAP_ALLOCATE|[EXTERNAL]|Bytes:8
16:34:07.0 (9526367)|VARIABLE_SCOPE_BEGIN|[5]|this|GetReportDetail|true|false
16:34:07.0 (9582623)|VARIABLE_ASSIGNMENT|[5]|this|{}|0x186067c3
16:34:07.0 (9605389)|SYSTEM_MODE_ENTER|false
16:34:07.0 (9613977)|HEAP_ALLOCATE|[7]|Bytes:5
16:34:07.0 (9619717)|STATEMENT_EXECUTE|[1]
16:34:07.0 (9627814)|HEAP_ALLOCATE|[7]|Bytes:5
16:34:07.0 (9632626)|STATEMENT_EXECUTE|[3]
16:34:07.0 (9644579)|HEAP_ALLOCATE|[7]|Bytes:6
16:34:07.0 (9696451)|STATEMENT_EXECUTE|[5]
16:34:07.0 (9698782)|STATEMENT_EXECUTE|[7]
16:34:07.0 (9701936)|HEAP_ALLOCATE|[7]|Bytes:4
16:34:07.0 (10554146)|HEAP_ALLOCATE|[7]|Bytes:4
16:34:07.0 (10604505)|LIMIT_USAGE|[7]|RECORD_TYPE_DESCRIBES|1|100
16:34:07.0 (12786169)|HEAP_ALLOCATE|[7]|Bytes:40
16:34:07.0 (12807288)|VARIABLE_SCOPE_BEGIN|[7]|recordTypes|Map<String,Schema.RecordTypeInfo>|true|false
16:34:07.0 (12844390)|VARIABLE_ASSIGNMENT|[7]|recordTypes|"Map of size 9 too large to display"|0x61723274
16:34:07.0 (12856011)|STATEMENT_EXECUTE|[8]
16:34:07.0 (12861623)|HEAP_ALLOCATE|[8]|Bytes:12
16:34:07.0 (13027542)|HEAP_ALLOCATE|[8]|Bytes:4
16:34:07.0 (13045762)|VARIABLE_SCOPE_BEGIN|[8]|standardRecTypeId|Id|false|false
16:34:07.0 (13344365)|VARIABLE_ASSIGNMENT|[8]|standardRecTypeId|"012E0000000NFJoIAO"
16:34:07.0 (13361234)|STATEMENT_EXECUTE|[10]
16:34:07.0 (13371628)|HEAP_ALLOCATE|[11]|Bytes:169
16:34:07.0 (13403415)|HEAP_ALLOCATE|[11]|Bytes:4
16:34:07.0 (13426836)|HEAP_ALLOCATE|[11]|Bytes:7
16:34:07.0 (18448721)|SOQL_EXECUTE_BEGIN|[11]|Aggregations:0|SELECT CaseNumber, MRN__c, Subject, Initial_Diagnosis__c, Status, CreatedDate, Id FROM Case WHERE RecordTypeId = :tmpVar1 ORDER BY CreatedDate DESC NULLS FIRST LIMIT 100
16:34:07.0 (18466017)|LIMIT_USAGE|[11]|SOQL|1|100
16:34:07.0 (18477390)|LIMIT_USAGE|[11]|AGGS|0|300
16:34:07.0 (35563103)|SOQL_EXECUTE_END|[11]|Rows:100
16:34:07.0 (35584555)|LIMIT_USAGE|[11]|SOQL_ROWS|100|50000
16:34:07.0 (35620714)|HEAP_ALLOCATE|[11]|Bytes:404
16:34:07.0 (35867632)|HEAP_ALLOCATE|[11]|Bytes:18255
16:34:07.0 (35958085)|HEAP_ALLOCATE|[11]|Bytes:404
16:34:07.0 (36101613)|VARIABLE_ASSIGNMENT|[EXTERNAL]|this|{}|0x186067c3
16:34:07.0 (36132167)|VARIABLE_ASSIGNMENT|[EXTERNAL]|value|"List of size 100 too large to display"|0x586b8b6
16:34:07.0 (36159420)|VARIABLE_ASSIGNMENT|[3]|this.Records|"List of size 100 too large to display"|0x186067c3
16:34:07.0 (36185106)|SYSTEM_MODE_EXIT|false
16:34:07.0 (36293620)|SYSTEM_MODE_ENTER|true
16:34:07.147 (147566383)|CUMULATIVE_LIMIT_USAGE
16:34:07.147 (147566383)|LIMIT_USAGE_FOR_NS|(default)|
  Number of SOQL queries: 1 out of 100
  Number of query rows: 100 out of 50000
  Number of SOSL queries: 0 out of 20
  Number of DML statements: 0 out of 150
  Number of DML rows: 0 out of 10000
  Maximum CPU time: 0 out of 10000
  Maximum heap size: 0 out of 6000000
  Number of callouts: 0 out of 100
  Number of Email Invocations: 0 out of 10
  Number of future calls: 0 out of 50
  Number of queueable jobs added to the queue: 0 out of 50
  Number of Mobile Apex push calls: 0 out of 10

16:34:07.147 (147566383)|TOTAL_EMAIL_RECIPIENTS_QUEUED|0
16:34:07.147 (147566383)|STATIC_VARIABLE_LIST|
  char[]:DigitTens:0
  long:serialVersionUID:0
  long:serialVersionUID:0
  String:_sfdcAdditionalCodeLocations:0
  double:MAX_VALUE:0
  Boolean:FALSE:0
  long:serialVersionUID:0
  double:MIN_VALUE:0
  int:SIZE:0
  double:NEGATIVE_INFINITY:0
  int:MAX_VALUE:0
  char[]:digits:0
  double:NaN:0
  Boolean:TRUE:0
  int:MIN_VALUE:0
  char[]:DigitOnes:0
  String:_sfdcAdditionalCodeLocations:0
  int:BYTES:0
  int:MIN_EXPONENT:0
  int[]:sizeTable:0
  int:MAX_EXPONENT:0
  String:__sfdcProperties:0
  int:SIZE:0
  double:POSITIVE_INFINITY:0
  double:MIN_NORMAL:0
  int:BYTES:0

16:34:07.147 (147566383)|CUMULATIVE_LIMIT_USAGE_END

16:34:07.0 (147737508)|CODE_UNIT_FINISHED|VF: /apex/ReportDetail
16:34:07.0 (148700636)|EXECUTION_FINISHED
16:34:07.150 (150389343)|CUMULATIVE_PROFILING_BEGIN
16:34:07.150 (150389343)|CUMULATIVE_PROFILING|SOQL operations|
Class.GetReportDetail.<init>: line 11, column 1: [select CaseNumber, MRN__c, Subject,Initial_Diagnosis__c, Status,CreatedDate, Id from Case where RecordTypeId =: standardRecTypeId ORDER BY CreatedDate DESC limit 100 ]: executed 1 time in 22 ms

16:34:07.150 (150389343)|CUMULATIVE_PROFILING|No profiling information for SOSL operations
16:34:07.150 (150389343)|CUMULATIVE_PROFILING|No profiling information for DML operations
16:34:07.150 (150389343)|CUMULATIVE_PROFILING|method invocations|
External entry point: public void <init>(): executed 1 time in 27 ms
Class.GetReportDetail.<init>: line 7, column 1: global Schema.DescribeSObjectResult getDescribe(): executed 1 time in 1 ms
Class.GetReportDetail.<init>: line 8, column 1: global public Object get(Object): executed 1 time in 0 ms
Class.GetReportDetail.<init>: line 10, column 1: public void __sfdc_Records(List<Case>): executed 1 time in 0 ms

16:34:07.150 (150389343)|CUMULATIVE_PROFILING_END
