41.0 APEX_CODE,FINEST;APEX_PROFILING,FINEST;CALLOUT,INFO;DB,INFO;SYSTEM,DEBUG;VALIDATION,INFO;VISUALFORCE,INFO;WAVE,INFO;WORKFLOW,INFO
12:18:39.0 (341077)|USER_INFO|[EXTERNAL]|005E0000004yLLO|worldcare@sadhanaconsulting.com.devfull|Eastern Standard Time|GMT-05:00
12:18:39.0 (384898)|EXECUTION_STARTED
12:18:39.0 (390560)|CODE_UNIT_STARTED|[EXTERNAL]|01pV0000000LQkD|portalUser.CreateNewUser
12:18:39.0 (642280)|HEAP_ALLOCATE|[72]|Bytes:3
12:18:39.0 (702626)|HEAP_ALLOCATE|[77]|Bytes:152
12:18:39.0 (724599)|HEAP_ALLOCATE|[342]|Bytes:408
12:18:39.0 (747309)|HEAP_ALLOCATE|[355]|Bytes:408
12:18:39.0 (768127)|HEAP_ALLOCATE|[467]|Bytes:48
12:18:39.0 (804352)|HEAP_ALLOCATE|[139]|Bytes:6
12:18:39.0 (859932)|HEAP_ALLOCATE|[EXTERNAL]|Bytes:252
12:18:39.0 (867807)|HEAP_ALLOCATE|[EXTERNAL]|Bytes:25
12:18:39.0 (878978)|SYSTEM_METHOD_ENTRY|[1]|RestRequest.RestRequest()
12:18:39.0 (885422)|STATEMENT_EXECUTE|[1]
12:18:39.0 (896563)|SYSTEM_METHOD_EXIT|[1]|RestRequest
12:18:39.0 (905743)|HEAP_ALLOCATE|[EXTERNAL]|Bytes:32
12:18:39.0 (932850)|HEAP_ALLOCATE|[EXTERNAL]|Bytes:8
12:18:39.0 (936912)|HEAP_ALLOCATE|[EXTERNAL]|Bytes:7
12:18:39.0 (945325)|VARIABLE_SCOPE_BEGIN|[16]|this|System.RestRequest|true|false
12:18:39.0 (1012508)|VARIABLE_ASSIGNMENT|[16]|this|{}|0x4be28e77
12:18:39.0 (1024881)|VARIABLE_SCOPE_BEGIN|[16]|request|java:com.force.swag.rest.RestRequest|true|false
12:18:39.0 (1193569)|VARIABLE_ASSIGNMENT|[16]|request|"com.force.swag.rest.RestRequestServletImpl@923c5d6"|0x923c5d6
12:18:39.0 (1204294)|VARIABLE_SCOPE_BEGIN|[16]|urlMapping|String|false|false
12:18:39.0 (1216053)|VARIABLE_ASSIGNMENT|[16]|urlMapping|"/User/*"
12:18:39.0 (1725631)|HEAP_ALLOCATE|[EXTERNAL]|Bytes:32
12:18:39.0 (1733260)|HEAP_ALLOCATE|[EXTERNAL]|Bytes:6
12:18:39.0 (1736091)|HEAP_ALLOCATE|[EXTERNAL]|Bytes:3
12:18:39.0 (1741292)|VARIABLE_SCOPE_BEGIN|[28]|this|System.RestRequest|true|false
12:18:39.0 (1777702)|VARIABLE_ASSIGNMENT|[28]|this|{"headers":"0x3c684c14","httpMethod":"POST","params":"0x1c04a0fd","remoteAddress":"198.46.82.32","requestURI":"/User","resourcePath":"/services/apexrest/U (5 more) ..."}|0x4be28e77
12:18:39.0 (1786690)|VARIABLE_SCOPE_BEGIN|[28]|name|String|false|false
12:18:39.0 (1794307)|VARIABLE_ASSIGNMENT|[28]|name|"Accept"
12:18:39.0 (1798694)|VARIABLE_SCOPE_BEGIN|[28]|value|String|false|false
12:18:39.0 (1806619)|VARIABLE_ASSIGNMENT|[28]|value|"\u002A/*"
12:18:39.0 (1906441)|HEAP_ALLOCATE|[EXTERNAL]|Bytes:32
12:18:39.0 (1913526)|HEAP_ALLOCATE|[EXTERNAL]|Bytes:11
12:18:39.0 (1916794)|HEAP_ALLOCATE|[EXTERNAL]|Bytes:44
12:18:39.0 (1920829)|VARIABLE_SCOPE_BEGIN|[28]|this|System.RestRequest|true|false
12:18:39.0 (1950689)|VARIABLE_ASSIGNMENT|[28]|this|{"headers":"0x3c684c14","httpMethod":"POST","params":"0x1c04a0fd","remoteAddress":"198.46.82.32","requestURI":"/User","resourcePath":"/services/apexrest/U (5 more) ..."}|0x4be28e77
12:18:39.0 (1958559)|VARIABLE_SCOPE_BEGIN|[28]|name|String|false|false
12:18:39.0 (1965649)|VARIABLE_ASSIGNMENT|[28]|name|"CipherSuite"
12:18:39.0 (1969409)|VARIABLE_SCOPE_BEGIN|[28]|value|String|false|false
12:18:39.0 (1976385)|VARIABLE_ASSIGNMENT|[28]|value|"ECDHE-RSA-AES256-GCM (24 more) ..."
12:18:39.0 (2027309)|HEAP_ALLOCATE|[EXTERNAL]|Bytes:32
12:18:39.0 (2034246)|HEAP_ALLOCATE|[EXTERNAL]|Bytes:4
12:18:39.0 (2037098)|HEAP_ALLOCATE|[EXTERNAL]|Bytes:19
12:18:39.0 (2040901)|VARIABLE_SCOPE_BEGIN|[28]|this|System.RestRequest|true|false
12:18:39.0 (2069420)|VARIABLE_ASSIGNMENT|[28]|this|{"headers":"0x3c684c14","httpMethod":"POST","params":"0x1c04a0fd","remoteAddress":"198.46.82.32","requestURI":"/User","resourcePath":"/services/apexrest/U (5 more) ..."}|0x4be28e77
12:18:39.0 (2077577)|VARIABLE_SCOPE_BEGIN|[28]|name|String|false|false
12:18:39.0 (2084773)|VARIABLE_ASSIGNMENT|[28]|name|"Host"
12:18:39.0 (2088423)|VARIABLE_SCOPE_BEGIN|[28]|value|String|false|false
12:18:39.0 (2094756)|VARIABLE_ASSIGNMENT|[28]|value|"cs12.salesforce.com"
12:18:39.0 (2144506)|HEAP_ALLOCATE|[EXTERNAL]|Bytes:32
12:18:39.0 (2150897)|HEAP_ALLOCATE|[EXTERNAL]|Bytes:16
12:18:39.0 (2153618)|HEAP_ALLOCATE|[EXTERNAL]|Bytes:12
12:18:39.0 (2157480)|VARIABLE_SCOPE_BEGIN|[28]|this|System.RestRequest|true|false
12:18:39.0 (2188765)|VARIABLE_ASSIGNMENT|[28]|this|{"headers":"0x3c684c14","httpMethod":"POST","params":"0x1c04a0fd","remoteAddress":"198.46.82.32","requestURI":"/User","resourcePath":"/services/apexrest/U (5 more) ..."}|0x4be28e77
12:18:39.0 (2196766)|VARIABLE_SCOPE_BEGIN|[28]|name|String|false|false
12:18:39.0 (2203749)|VARIABLE_ASSIGNMENT|[28]|name|"X-Salesforce-SIP"
12:18:39.0 (2207592)|VARIABLE_SCOPE_BEGIN|[28]|value|String|false|false
12:18:39.0 (2213826)|VARIABLE_ASSIGNMENT|[28]|value|"198.46.82.32"
12:18:39.0 (2263453)|HEAP_ALLOCATE|[EXTERNAL]|Bytes:32
12:18:39.0 (2269748)|HEAP_ALLOCATE|[EXTERNAL]|Bytes:12
12:18:39.0 (2272750)|HEAP_ALLOCATE|[EXTERNAL]|Bytes:16
12:18:39.0 (2276713)|VARIABLE_SCOPE_BEGIN|[28]|this|System.RestRequest|true|false
12:18:39.0 (2304427)|VARIABLE_ASSIGNMENT|[28]|this|{"headers":"0x3c684c14","httpMethod":"POST","params":"0x1c04a0fd","remoteAddress":"198.46.82.32","requestURI":"/User","resourcePath":"/services/apexrest/U (5 more) ..."}|0x4be28e77
12:18:39.0 (2311751)|VARIABLE_SCOPE_BEGIN|[28]|name|String|false|false
12:18:39.0 (2318619)|VARIABLE_ASSIGNMENT|[28]|name|"Content-Type"
12:18:39.0 (2322289)|VARIABLE_SCOPE_BEGIN|[28]|value|String|false|false
12:18:39.0 (2328387)|VARIABLE_ASSIGNMENT|[28]|value|"application/json"
12:18:39.0 (2426135)|HEAP_ALLOCATE|[EXTERNAL]|Bytes:156
12:18:39.0 (2434857)|HEAP_ALLOCATE|[EXTERNAL]|Bytes:10
12:18:39.0 (2443432)|SYSTEM_METHOD_ENTRY|[1]|RestResponse.RestResponse()
12:18:39.0 (2447294)|STATEMENT_EXECUTE|[1]
12:18:39.0 (2453799)|SYSTEM_METHOD_EXIT|[1]|RestResponse
12:18:39.0 (2460406)|HEAP_ALLOCATE|[EXTERNAL]|Bytes:16
12:18:39.0 (2465166)|VARIABLE_SCOPE_BEGIN|[7]|this|System.RestResponse|true|false
12:18:39.0 (2486402)|VARIABLE_ASSIGNMENT|[7]|this|{}|0x434a043c
12:18:39.0 (2616440)|VARIABLE_SCOPE_BEGIN|[4]|RestContext.request|System.RestRequest|true|true
12:18:39.0 (2626637)|VARIABLE_SCOPE_BEGIN|[5]|RestContext.response|System.RestResponse|true|true
12:18:39.0 (2636771)|HEAP_ALLOCATE|[EXTERNAL]|Bytes:112
12:18:39.0 (2642138)|HEAP_ALLOCATE|[EXTERNAL]|Bytes:5
12:18:39.0 (2649413)|SYSTEM_METHOD_ENTRY|[2]|RestContext.RestContext()
12:18:39.0 (2652927)|STATEMENT_EXECUTE|[2]
12:18:39.0 (2659064)|SYSTEM_METHOD_EXIT|[2]|RestContext
12:18:39.0 (2666322)|HEAP_ALLOCATE|[EXTERNAL]|Bytes:32
12:18:39.0 (2697915)|VARIABLE_ASSIGNMENT|[EXTERNAL]|RestContext.request|{"headers":"0x3c684c14","httpMethod":"POST","params":"0x1c04a0fd","remoteAddress":"198.46.82.32","requestURI":"/User","resourcePath":"/services/apexrest/U (5 more) ..."}|0x4be28e77
12:18:39.0 (2714736)|HEAP_ALLOCATE|[EXTERNAL]|Bytes:16
12:18:39.0 (2733876)|VARIABLE_ASSIGNMENT|[EXTERNAL]|RestContext.response|{"headers":"0x545064f6"}|0x434a043c
12:18:39.0 (3333482)|HEAP_ALLOCATE|[EXTERNAL]|Bytes:4
12:18:39.0 (3351793)|METHOD_ENTRY|[2]|01pV0000000LQkD|portalUser.portalUser()
12:18:39.0 (3358287)|STATEMENT_EXECUTE|[2]
12:18:39.0 (3362289)|STATEMENT_EXECUTE|[2]
12:18:39.0 (4470134)|SYSTEM_MODE_ENTER|false
12:18:39.0 (4491176)|HEAP_ALLOCATE|[EXTERNAL]|Bytes:5
12:18:39.0 (4503868)|SYSTEM_MODE_EXIT|false
12:18:39.0 (4514890)|METHOD_EXIT|[2]|portalUser
12:18:39.0 (4521451)|HEAP_ALLOCATE|[EXTERNAL]|Bytes:7
12:18:39.0 (4524763)|HEAP_ALLOCATE|[EXTERNAL]|Bytes:6
12:18:39.0 (4527401)|HEAP_ALLOCATE|[EXTERNAL]|Bytes:14
12:18:39.0 (4530195)|HEAP_ALLOCATE|[EXTERNAL]|Bytes:25
12:18:39.0 (4532685)|HEAP_ALLOCATE|[EXTERNAL]|Bytes:8
12:18:39.0 (4540523)|VARIABLE_SCOPE_BEGIN|[28]|UID|String|false|false
12:18:39.0 (4551544)|VARIABLE_ASSIGNMENT|[28]|UID|"MLK-001"
12:18:39.0 (4556749)|VARIABLE_SCOPE_BEGIN|[28]|lastName|String|false|false
12:18:39.0 (4563997)|VARIABLE_ASSIGNMENT|[28]|lastName|"Kayser"
12:18:39.0 (4568243)|VARIABLE_SCOPE_BEGIN|[28]|firstName|String|false|false
12:18:39.0 (4574546)|VARIABLE_ASSIGNMENT|[28]|firstName|"Manuela-Tester"
12:18:39.0 (4578786)|VARIABLE_SCOPE_BEGIN|[28]|email|String|false|false
12:18:39.0 (4586497)|VARIABLE_ASSIGNMENT|[28]|email|"manuela.lkayser@gmai (5 more) ..."
12:18:39.0 (4590753)|VARIABLE_SCOPE_BEGIN|[28]|password|String|false|false
12:18:39.0 (4597043)|VARIABLE_ASSIGNMENT|[28]|password|"test-123"
12:18:39.0 (4617140)|SYSTEM_MODE_ENTER|false
12:18:39.0 (4626030)|HEAP_ALLOCATE|[30]|Bytes:5
12:18:39.0 (4631526)|STATEMENT_EXECUTE|[28]
12:18:39.0 (4633246)|STATEMENT_EXECUTE|[30]
12:18:39.0 (4639386)|VARIABLE_SCOPE_BEGIN|[30]|message|String|false|false
12:18:39.0 (4648975)|VARIABLE_ASSIGNMENT|[30]|message|""
12:18:39.0 (4652935)|STATEMENT_EXECUTE|[33]
12:18:39.0 (4655297)|HEAP_ALLOCATE|[33]|Bytes:69
12:18:39.0 (4672320)|HEAP_ALLOCATE|[33]|Bytes:4
12:18:39.0 (4684644)|HEAP_ALLOCATE|[33]|Bytes:7
12:18:39.0 (8721415)|SOQL_EXECUTE_BEGIN|[33]|Aggregations:0|SELECT Id FROM Account WHERE Source_Partner_UID__c = :tmpVar1 LIMIT 1
12:18:39.0 (8741727)|LIMIT_USAGE|[33]|SOQL|1|100
12:18:39.0 (8758443)|LIMIT_USAGE|[33]|AGGS|0|300
12:18:39.0 (16957698)|SOQL_EXECUTE_END|[33]|Rows:1
12:18:39.0 (16970214)|LIMIT_USAGE|[33]|SOQL_ROWS|1|50000
12:18:39.0 (16990319)|HEAP_ALLOCATE|[33]|Bytes:8
12:18:39.0 (17006558)|HEAP_ALLOCATE|[33]|Bytes:29
12:18:39.0 (17150359)|HEAP_ALLOCATE|[33]|Bytes:8
12:18:39.0 (17171546)|VARIABLE_SCOPE_BEGIN|[33]|a|List<Account>|true|false
12:18:39.0 (17199523)|VARIABLE_ASSIGNMENT|[33]|a|[{"Id":"001V000000VxnmDIAR"}]|0x3b145d36
12:18:39.0 (17285070)|STATEMENT_EXECUTE|[34]
12:18:39.0 (17287803)|STATEMENT_EXECUTE|[36]
12:18:39.0 (17303054)|HEAP_ALLOCATE|[36]|Bytes:8
12:18:39.0 (17314214)|VARIABLE_SCOPE_BEGIN|[36]|account|Account|true|false
12:18:39.0 (17329464)|VARIABLE_ASSIGNMENT|[36]|account|{"Id":"001V000000VxnmDIAR"}|0x655df425
12:18:39.0 (17335381)|STATEMENT_EXECUTE|[37]
12:18:39.0 (17371795)|VARIABLE_SCOPE_BEGIN|[37]|accountId|Id|false|false
12:18:39.0 (17481525)|VARIABLE_ASSIGNMENT|[37]|accountId|"001V000000VxnmDIAR"
12:18:39.0 (17490217)|STATEMENT_EXECUTE|[38]
12:18:39.0 (17496295)|HEAP_ALLOCATE|[38]|Bytes:63
12:18:39.0 (17512653)|HEAP_ALLOCATE|[38]|Bytes:4
12:18:39.0 (17722850)|SOQL_EXECUTE_BEGIN|[38]|Aggregations:0|SELECT PersonContactId FROM Account WHERE Id = :tmpVar1 LIMIT 1
12:18:39.0 (17749041)|LIMIT_USAGE|[38]|SOQL|2|100
12:18:39.0 (17760426)|LIMIT_USAGE|[38]|AGGS|0|300
12:18:39.0 (21967886)|SOQL_EXECUTE_END|[38]|Rows:1
12:18:39.0 (21978859)|LIMIT_USAGE|[38]|SOQL_ROWS|2|50000
12:18:39.0 (21992251)|HEAP_ALLOCATE|[38]|Bytes:8
12:18:39.0 (22003470)|HEAP_ALLOCATE|[38]|Bytes:66
12:18:39.0 (22035180)|HEAP_ALLOCATE|[38]|Bytes:8
12:18:39.0 (22048171)|HEAP_ALLOCATE|[38]|Bytes:33
12:18:39.0 (22063789)|HEAP_ALLOCATE|[38]|Bytes:12
12:18:39.0 (22071713)|VARIABLE_SCOPE_BEGIN|[38]|Acc|Account|true|false
12:18:39.0 (22090018)|VARIABLE_ASSIGNMENT|[38]|Acc|{"PersonContactId":"003V000000VotfgIAB","Id":"001V000000VxnmDIAR"}|0x1ba6776
12:18:39.0 (22096559)|STATEMENT_EXECUTE|[43]
12:18:39.0 (22122561)|VARIABLE_SCOPE_BEGIN|[43]|contactId|Id|false|false
12:18:39.0 (22189035)|VARIABLE_ASSIGNMENT|[43]|contactId|"003V000000VotfgIAB"
12:18:39.0 (22197414)|STATEMENT_EXECUTE|[46]
12:18:39.0 (22237053)|HEAP_ALLOCATE|[46]|Bytes:4
12:18:39.0 (22355758)|VARIABLE_SCOPE_BEGIN|[46]|user|User|true|false
12:18:39.0 (22375964)|VARIABLE_ASSIGNMENT|[46]|user|{}|0x1fcf6f72
12:18:39.0 (22381835)|STATEMENT_EXECUTE|[47]
12:18:39.0 (24728784)|VARIABLE_ASSIGNMENT|[47]|this.ContactId|"003V000000VotfgIAB"|0x1fcf6f72
12:18:39.0 (24740547)|STATEMENT_EXECUTE|[48]
12:18:39.0 (24779020)|VARIABLE_ASSIGNMENT|[48]|this.Username|"manuela.lkayser@gmai (5 more) ..."|0x1fcf6f72
12:18:39.0 (24786947)|STATEMENT_EXECUTE|[49]
12:18:39.0 (24815586)|VARIABLE_ASSIGNMENT|[49]|this.FirstName|"Manuela-Tester"|0x1fcf6f72
12:18:39.0 (24823312)|STATEMENT_EXECUTE|[50]
12:18:39.0 (24846472)|VARIABLE_ASSIGNMENT|[50]|this.LastName|"Kayser"|0x1fcf6f72
12:18:39.0 (24853035)|STATEMENT_EXECUTE|[51]
12:18:39.0 (24881615)|VARIABLE_ASSIGNMENT|[51]|this.Email|"manuela.lkayser@gmai (5 more) ..."|0x1fcf6f72
12:18:39.0 (24888849)|STATEMENT_EXECUTE|[53]
12:18:39.0 (24893234)|HEAP_ALLOCATE|[53]|Bytes:1
12:18:39.0 (24955553)|HEAP_ALLOCATE|[53]|Bytes:15
12:18:39.0 (24987742)|HEAP_ALLOCATE|[53]|Bytes:8
12:18:39.0 (25036320)|VARIABLE_ASSIGNMENT|[53]|this.Alias|"manuela."|0x1fcf6f72
12:18:39.0 (25045118)|STATEMENT_EXECUTE|[54]
12:18:39.0 (25049012)|HEAP_ALLOCATE|[54]|Bytes:16
12:18:39.0 (25092432)|VARIABLE_ASSIGNMENT|[54]|this.TimeZoneSidKey|"America/New_York"|0x1fcf6f72
12:18:39.0 (25100583)|STATEMENT_EXECUTE|[55]
12:18:39.0 (25104402)|HEAP_ALLOCATE|[55]|Bytes:5
12:18:39.0 (25139371)|VARIABLE_ASSIGNMENT|[55]|this.LocaleSidKey|"en_US"|0x1fcf6f72
12:18:39.0 (25146888)|STATEMENT_EXECUTE|[56]
12:18:39.0 (25150310)|HEAP_ALLOCATE|[56]|Bytes:5
12:18:39.0 (25184202)|VARIABLE_ASSIGNMENT|[56]|this.EmailEncodingKey|"UTF-8"|0x1fcf6f72
12:18:39.0 (25191796)|STATEMENT_EXECUTE|[57]
12:18:39.0 (25221243)|VARIABLE_ASSIGNMENT|[57]|this.LanguageLocaleKey|"en_US"|0x1fcf6f72
12:18:39.0 (25228346)|STATEMENT_EXECUTE|[60]
12:18:39.0 (25232172)|HEAP_ALLOCATE|[60]|Bytes:72
12:18:39.0 (25247429)|HEAP_ALLOCATE|[60]|Bytes:4
12:18:39.0 (26192723)|SOQL_EXECUTE_BEGIN|[60]|Aggregations:0|SELECT Id FROM Profile WHERE Name = 'WCI: Client Community Plus' LIMIT 1
12:18:39.0 (26205289)|LIMIT_USAGE|[60]|SOQL|3|100
12:18:39.0 (26214885)|LIMIT_USAGE|[60]|AGGS|0|300
12:18:39.0 (30820360)|SOQL_EXECUTE_END|[60]|Rows:1
12:18:39.0 (30833613)|LIMIT_USAGE|[60]|SOQL_ROWS|3|50000
12:18:39.0 (30852345)|HEAP_ALLOCATE|[60]|Bytes:8
12:18:39.0 (30867833)|HEAP_ALLOCATE|[60]|Bytes:29
12:18:39.0 (30963209)|HEAP_ALLOCATE|[60]|Bytes:8
12:18:39.0 (30980365)|HEAP_ALLOCATE|[60]|Bytes:33
12:18:39.0 (31028387)|HEAP_ALLOCATE|[60]|Bytes:8
12:18:39.0 (31143312)|VARIABLE_ASSIGNMENT|[60]|this.ProfileId|"00e44000000ITMVAA4"|0x1fcf6f72
12:18:39.0 (31153635)|STATEMENT_EXECUTE|[61]
12:18:39.0 (31225232)|VARIABLE_ASSIGNMENT|[61]|this.IsActive|true|0x1fcf6f72
12:18:39.0 (31234255)|STATEMENT_EXECUTE|[63]
12:18:39.0 (31235525)|STATEMENT_EXECUTE|[63]
12:18:39.0 (31236780)|STATEMENT_EXECUTE|[65]
12:18:39.0 (31269691)|HEAP_ALLOCATE|[65]|Bytes:8
12:18:39.0 (31281345)|DML_BEGIN|[65]|Op:Insert|Type:User|Rows:1
12:18:39.0 (31292457)|LIMIT_USAGE|[65]|DML|1|150
12:18:39.0 (31302528)|LIMIT_USAGE|[65]|DML_ROWS|1|10000
12:18:39.0 (31320173)|HEAP_ALLOCATE|[EXTERNAL]|Bytes:8
12:18:39.0 (44644495)|CODE_UNIT_STARTED|[EXTERNAL]|01qV0000000DErk|LocalTimeUserTrigger on User trigger event BeforeInsert for [new]
12:18:39.0 (44691834)|HEAP_ALLOCATE|[EXTERNAL]|Bytes:8
12:18:39.0 (44803204)|HEAP_ALLOCATE|[EXTERNAL]|Bytes:4
12:18:39.0 (44818339)|VARIABLE_SCOPE_BEGIN|[5]|this|LocalTimeUserTrigger|true|false
12:18:39.0 (44871319)|VARIABLE_ASSIGNMENT|[5]|this|{}|0x261050ec
12:18:39.0 (44930335)|HEAP_ALLOCATE|[EXTERNAL]|Bytes:4
12:18:39.0 (44940984)|VARIABLE_SCOPE_BEGIN|[5]|this|LocalTimeUserTrigger|true|false
12:18:39.0 (44956060)|VARIABLE_ASSIGNMENT|[5]|this|{}|0x261050ec
12:18:39.0 (44963721)|STATEMENT_EXECUTE|[5]
12:18:39.0 (45230668)|HEAP_ALLOCATE|[7]|Bytes:5
12:18:39.0 (45258660)|HEAP_ALLOCATE|[7]|Bytes:4
12:18:39.0 (45271141)|VARIABLE_SCOPE_BEGIN|[7]|u|User|true|false
12:18:39.0 (79471707)|VARIABLE_ASSIGNMENT|[7]|u|{"ProfileId":"00e44000000ITMVAA4","ReceivesAdminInfoEma (3 more) ...":false,"LocaleSidKey":"en_US","Email":"manuela.lkayser@gmai (5 more) ...","TimeZoneSidKey":"America/New_York","LanguageLocaleKey":"en_US","License_Type__c":"Customer Community P (9 more) ...","FirstName":"Manuela-Tester","IsActive":true,"Nurse__c":false,"Name_Formula__c":"Manuela-Tester Kayse (1 more) ...","ContactId":"003V000000VotfgIAB","EmailEncodingKey":"UTF-8","ForecastEnabled":false,"ReceivesInfoEmails":false,"IsExtIndicatorVisibl (1 more) ...":false,"IsProfilePhotoActive":false,"CommunityNickname":"manuela.lkayser1.511 (16 more) ...","IsPortalEnabled":false,"Username":"manuela.lkayser@gmai (5 more) ...","Alias":"manuela.","LastName":"Kayser","Server_URL__c":"https://cs12.salesfo (7 more) ...","IsPortalSelfRegister (2 more) ...":false}|0x25ebc1da
12:18:39.0 (79506827)|STATEMENT_EXECUTE|[7]
12:18:39.0 (79508986)|STATEMENT_EXECUTE|[9]
12:18:39.0 (79510016)|STATEMENT_EXECUTE|[9]
12:18:39.0 (79511162)|STATEMENT_EXECUTE|[10]
12:18:39.0 (80651702)|VARIABLE_SCOPE_BEGIN|[3]|LocalTime.NOT_AVAILABLE|String|false|true
12:18:39.0 (80740636)|VARIABLE_SCOPE_BEGIN|[9]|LocalTime.REGION_AFRICA|String|false|true
12:18:39.0 (80767835)|VARIABLE_SCOPE_BEGIN|[6]|LocalTime.REGION_ASIA|String|false|true
12:18:39.0 (80778306)|VARIABLE_SCOPE_BEGIN|[5]|LocalTime.REGION_EUROPE|String|false|true
12:18:39.0 (80786054)|VARIABLE_SCOPE_BEGIN|[11]|LocalTime.REGION_ISRAEL|String|false|true
12:18:39.0 (80794022)|VARIABLE_SCOPE_BEGIN|[4]|LocalTime.REGION_NA|String|false|true
12:18:39.0 (80802233)|VARIABLE_SCOPE_BEGIN|[10]|LocalTime.REGION_NZ|String|false|true
12:18:39.0 (80810181)|VARIABLE_SCOPE_BEGIN|[7]|LocalTime.REGION_OCEANIA|String|false|true
12:18:39.0 (80817936)|VARIABLE_SCOPE_BEGIN|[8]|LocalTime.REGION_SA|String|false|true
12:18:39.0 (80853903)|HEAP_ALLOCATE|[10]|Bytes:92
12:18:39.0 (80868130)|HEAP_ALLOCATE|[10]|Bytes:3
12:18:39.0 (80905158)|VARIABLE_ASSIGNMENT|[10]|LocalTime.NOT_AVAILABLE|"N/A"
12:18:39.0 (80912317)|HEAP_ALLOCATE|[10]|Bytes:6
12:18:39.0 (80920861)|VARIABLE_ASSIGNMENT|[10]|LocalTime.REGION_AFRICA|"AFRICA"
12:18:39.0 (80925626)|HEAP_ALLOCATE|[10]|Bytes:4
12:18:39.0 (80931553)|VARIABLE_ASSIGNMENT|[10]|LocalTime.REGION_ASIA|"ASIA"
12:18:39.0 (80935806)|HEAP_ALLOCATE|[10]|Bytes:6
12:18:39.0 (80941886)|VARIABLE_ASSIGNMENT|[10]|LocalTime.REGION_EUROPE|"EUROPE"
12:18:39.0 (80945879)|HEAP_ALLOCATE|[10]|Bytes:6
12:18:39.0 (80951773)|VARIABLE_ASSIGNMENT|[10]|LocalTime.REGION_ISRAEL|"ISRAEL"
12:18:39.0 (80955713)|HEAP_ALLOCATE|[10]|Bytes:2
12:18:39.0 (80962122)|VARIABLE_ASSIGNMENT|[10]|LocalTime.REGION_NA|"NA"
12:18:39.0 (80966515)|HEAP_ALLOCATE|[10]|Bytes:2
12:18:39.0 (80972347)|VARIABLE_ASSIGNMENT|[10]|LocalTime.REGION_NZ|"NZ"
12:18:39.0 (80976601)|HEAP_ALLOCATE|[10]|Bytes:7
12:18:39.0 (80982790)|VARIABLE_ASSIGNMENT|[10]|LocalTime.REGION_OCEANIA|"OCEANIA"
12:18:39.0 (80987058)|HEAP_ALLOCATE|[10]|Bytes:2
12:18:39.0 (80993163)|VARIABLE_ASSIGNMENT|[10]|LocalTime.REGION_SA|"SA"
12:18:39.0 (81026586)|METHOD_ENTRY|[2]|01pE0000001ksei|LocalTime.LocalTime()
12:18:39.0 (81038690)|STATEMENT_EXECUTE|[2]
12:18:39.0 (81048616)|ENTERING_MANAGED_PKG|tz
12:18:39.0 (81080447)|METHOD_EXIT|[2]|LocalTime
12:18:39.0 (81144017)|METHOD_ENTRY|[10]|01pE0000001ksei|tz.LocalTime.getOffsetFull(String, String, String)
12:18:39.0 (81154847)|ENTERING_MANAGED_PKG|tz
12:18:39.0 (81419536)|ENTERING_MANAGED_PKG|tz
12:18:39.0 (81623298)|ENTERING_MANAGED_PKG|tz
12:18:39.0 (82765793)|SOQL_EXECUTE_BEGIN|[369]|Aggregations:0|SELECT tz__Country__c FROM tz__lt_country_names__mdt WHERE MasterLabel = :tmpVar1
12:18:39.0 (98422153)|SOQL_EXECUTE_END|[369]|Rows:1
12:18:39.0 (98949972)|ENTERING_MANAGED_PKG|tz
12:18:39.0 (99032727)|METHOD_EXIT|[10]|01pE0000001ksei|tz.LocalTime.getOffsetFull(String, String, String)
12:18:39.0 (99048469)|VARIABLE_SCOPE_BEGIN|[10]|jsonStr|String|false|false
12:18:39.0 (99077073)|VARIABLE_ASSIGNMENT|[10]|jsonStr|"{\"offset\":\"N/A\",\"dst (92 more) ..."
12:18:39.0 (99084547)|STATEMENT_EXECUTE|[11]
12:18:39.0 (99086273)|STATEMENT_EXECUTE|[12]
12:18:39.0 (99137096)|HEAP_ALLOCATE|[12]|Bytes:24
12:18:39.0 (99159599)|SYSTEM_METHOD_ENTRY|[1]|JSON.JSON()
12:18:39.0 (99163848)|STATEMENT_EXECUTE|[1]
12:18:39.0 (99175536)|SYSTEM_METHOD_EXIT|[1]|JSON
12:18:39.0 (99193695)|METHOD_ENTRY|[12]||System.JSON.deserializeUntyped(String)
12:18:39.0 (99694905)|METHOD_EXIT|[12]||System.JSON.deserializeUntyped(String)
12:18:39.0 (99713088)|VARIABLE_SCOPE_BEGIN|[12]|m|Map<String,ANY>|true|false
12:18:39.0 (99741090)|VARIABLE_ASSIGNMENT|[12]|m|"Map of size 6 too large to display"|0x1b7d592c
12:18:39.0 (99747828)|STATEMENT_EXECUTE|[13]
12:18:39.0 (99751702)|HEAP_ALLOCATE|[13]|Bytes:6
12:18:39.0 (99798068)|VARIABLE_SCOPE_BEGIN|[13]|offset|String|false|false
12:18:39.0 (99812696)|VARIABLE_ASSIGNMENT|[13]|offset|"N/A"
12:18:39.0 (99819378)|HEAP_ALLOCATE|[14]|Bytes:3
12:18:39.0 (99851000)|STATEMENT_EXECUTE|[14]
12:18:39.0 (99870794)|HEAP_ALLOCATE|[7]|Bytes:5
12:18:39.0 (99888668)|VARIABLE_ASSIGNMENT|[7]|u|null|
12:18:39.99 (99899976)|CUMULATIVE_LIMIT_USAGE
12:18:39.99 (99899976)|LIMIT_USAGE_FOR_NS|(default)|
  Number of SOQL queries: 3 out of 100
  Number of query rows: 3 out of 50000
  Number of SOSL queries: 0 out of 20
  Number of DML statements: 1 out of 150
  Number of DML rows: 1 out of 10000
  Maximum CPU time: 0 out of 10000
  Maximum heap size: 0 out of 6000000
  Number of callouts: 0 out of 100
  Number of Email Invocations: 0 out of 10
  Number of future calls: 0 out of 50
  Number of queueable jobs added to the queue: 0 out of 50
  Number of Mobile Apex push calls: 0 out of 10

12:18:39.99 (99899976)|LIMIT_USAGE_FOR_NS|tz|
  Number of SOQL queries: 0 out of 100
  Number of query rows: 1 out of 50000
  Number of SOSL queries: 0 out of 20
  Number of DML statements: 0 out of 150
  Number of DML rows: 0 out of 10000
  Maximum CPU time: 0 out of 10000
  Maximum heap size: 0 out of 6000000
  Number of callouts: 0 out of 100
  Number of Email Invocations: 0 out of 10
  Number of future calls: 0 out of 50
  Number of queueable jobs added to the queue: 0 out of 50
  Number of Mobile Apex push calls: 0 out of 10

12:18:39.99 (99899976)|TOTAL_EMAIL_RECIPIENTS_QUEUED|0
12:18:39.99 (99899976)|STATIC_VARIABLE_LIST|
  char[]:DigitTens:0
  long:serialVersionUID:0
  String:_static_REGION_EUROPE:0
  String:_static_REGION_NA:0
  long:serialVersionUID:0
  String:_sfdcAdditionalCodeLocations:0
  double:MAX_VALUE:0
  Boolean:FALSE:0
  long:serialVersionUID:0
  String:_sfdcAdditionalCodeLocations:0
  double:MIN_VALUE:0
  int:SIZE:0
  String:_sfdcAdditionalCodeLocations:0
  String:_sfdcAdditionalCodeLocations:0
  double:NEGATIVE_INFINITY:0
  String:_static_NOT_AVAILABLE:0
  int:MAX_VALUE:0
  String:_static_REGION_ISRAEL:0
  char[]:digits:0
  String:_sfdcAdditionalCodeLocations:0
  String:_sfdcAdditionalCodeLocations:0
  double:NaN:0
  Boolean:TRUE:0
  String:_static_REGION_AFRICA:0
  String:_static_REGION_NZ:0
  String:_static_REGION_SA:0
  int:MIN_VALUE:0
  char[]:DigitOnes:0
  String:__sfdcProperties:0
  int:BYTES:0
  String:_sfdcAdditionalCodeLocations:0
  int:MIN_EXPONENT:0
  int[]:sizeTable:0
  String:__sfdcProperties:0
  String:__sfdcProperties:0
  String:_static_REGION_ASIA:0
  int:MAX_EXPONENT:0
  String:_static_REGION_OCEANIA:0
  int:SIZE:0
  double:POSITIVE_INFINITY:0
  double:MIN_NORMAL:0
  int:BYTES:0

12:18:39.99 (99899976)|CUMULATIVE_LIMIT_USAGE_END

12:18:39.0 (101702291)|CODE_UNIT_FINISHED|LocalTimeUserTrigger on User trigger event BeforeInsert for [new]
12:18:39.0 (646056228)|CODE_UNIT_STARTED|[EXTERNAL]|Validation:NetworkMember:new
12:18:39.0 (646079955)|VALIDATION_RULE|NonNegativeReputationPoints|NonNegativeReputationPoints
12:18:39.0 (646210813)|VALIDATION_FORMULA|ReputationPoints<0|ReputationPoints=1.0
12:18:39.0 (646220709)|VALIDATION_PASS
12:18:39.0 (646265902)|CODE_UNIT_FINISHED|Validation:NetworkMember:new
12:18:39.697 (697639335)|ENTERING_MANAGED_PKG|skuid
12:18:39.697 (720084451)|ENTERING_MANAGED_PKG|skuid
12:18:39.697 (762938470)|ENTERING_MANAGED_PKG|skuid
12:18:39.697 (765422866)|ENTERING_MANAGED_PKG|skuid
12:18:39.697 (766090246)|ENTERING_MANAGED_PKG|skuid
12:18:39.697 (766984246)|SOQL_EXECUTE_BEGIN|[567]|Aggregations:0|select Id, AllowedLicenses, UsedLicenses, NamespacePrefix from PackageLicense where NamespacePrefix in :allNamespacesToConsider and AllowedLicenses >= 1 and Status in ('Active','Trial')
12:18:39.697 (771820269)|SOQL_EXECUTE_END|[567]|Rows:0
12:18:39.697 (772228059)|ENTERING_MANAGED_PKG|skuid
12:18:39.697 (773692297)|SOQL_EXECUTE_BEGIN|[544]|Aggregations:0|select Id, Name, NamespacePrefix from PermissionSet where Name in :permSetNames and NamespacePrefix in :permSetNamespaces
12:18:39.697 (788116279)|SOQL_EXECUTE_END|[544]|Rows:1
12:18:39.697 (788618342)|ENTERING_MANAGED_PKG|skuid
12:18:39.697 (789063612)|ENTERING_MANAGED_PKG|skuid
12:18:39.697 (789140390)|ENTERING_MANAGED_PKG|skuid
12:18:39.697 (789921327)|SOQL_EXECUTE_BEGIN|[238]|Aggregations:0|SELECT Id,     UserId,     PackageLicense.NamespacePrefix FROM	UserPackageLicense 
12:18:39.697 (793455146)|SOQL_EXECUTE_END|[238]|Rows:0
12:18:39.697 (794779751)|ENTERING_MANAGED_PKG|skuid
12:18:39.697 (794851653)|ENTERING_MANAGED_PKG|skuid
12:18:39.697 (795582819)|SOQL_EXECUTE_BEGIN|[53]|Aggregations:0|SELECT Id,     AssigneeId,     PermissionSetId,     PermissionSet.Name,     PermissionSet.NamespacePrefix FROM	PermissionSetAssignment 
12:18:39.697 (803167186)|SOQL_EXECUTE_END|[53]|Rows:0
12:18:39.697 (804500234)|DML_BEGIN|[102]|Op:Insert|Type:SObject|Rows:1
12:18:39.697 (969431572)|DML_END|[102]
12:18:39.969 (969656303)|CUMULATIVE_LIMIT_USAGE
12:18:39.969 (969656303)|LIMIT_USAGE_FOR_NS|(default)|
  Number of SOQL queries: 3 out of 100
  Number of query rows: 3 out of 50000
  Number of SOSL queries: 0 out of 20
  Number of DML statements: 1 out of 150
  Number of DML rows: 1 out of 10000
  Maximum CPU time: 103 out of 10000
  Maximum heap size: 0 out of 6000000
  Number of callouts: 0 out of 100
  Number of Email Invocations: 0 out of 10
  Number of future calls: 0 out of 50
  Number of queueable jobs added to the queue: 0 out of 50
  Number of Mobile Apex push calls: 0 out of 10

12:18:39.969 (969656303)|LIMIT_USAGE_FOR_NS|skuid|
  Number of SOQL queries: 4 out of 100
  Number of query rows: 1 out of 50000
  Number of SOSL queries: 0 out of 20
  Number of DML statements: 1 out of 150
  Number of DML rows: 1 out of 10000
  Maximum CPU time: 0 out of 10000
  Maximum heap size: 0 out of 6000000
  Number of callouts: 0 out of 100
  Number of Email Invocations: 0 out of 10
  Number of future calls: 0 out of 50
  Number of queueable jobs added to the queue: 0 out of 50
  Number of Mobile Apex push calls: 0 out of 10

12:18:39.969 (969656303)|LIMIT_USAGE_FOR_NS|tz|
  Number of SOQL queries: 0 out of 100
  Number of query rows: 1 out of 50000
  Number of SOSL queries: 0 out of 20
  Number of DML statements: 0 out of 150
  Number of DML rows: 0 out of 10000
  Maximum CPU time: 0 out of 10000
  Maximum heap size: 0 out of 6000000
  Number of callouts: 0 out of 100
  Number of Email Invocations: 0 out of 10
  Number of future calls: 0 out of 50
  Number of queueable jobs added to the queue: 0 out of 50
  Number of Mobile Apex push calls: 0 out of 10

12:18:39.969 (969656303)|CUMULATIVE_LIMIT_USAGE_END

12:18:39.0 (972026998)|CODE_UNIT_STARTED|[EXTERNAL]|Workflow:User
12:18:39.0 (981613912)|WF_RULE_EVAL_BEGIN|Workflow
12:18:39.0 (981646171)|WF_CRITERIA_BEGIN|[User: Manuela-Tester Kayser 005V0000004yIyQ]|Member_Community_New_User301V0000000DC8m|01QV000000095wl|ON_CREATE_ONLY|0
12:18:39.0 (981731108)|WF_FORMULA|Formula:ENCODED:[treatNullAsNull]true|Values:
12:18:39.0 (981740102)|WF_CRITERIA_END|true
12:18:39.0 (982447182)|WF_SPOOL_ACTION_BEGIN|Workflow
12:18:39.0 (982477425)|WF_ACTION| Flow Trigger: 1;
12:18:39.0 (982482910)|WF_RULE_EVAL_END
12:18:39.0 (983544653)|WF_FLOW_ACTION_BEGIN|09LV00000008V0N
12:18:39.983 (983646874)|FLOW_CREATE_INTERVIEW_BEGIN|00DV000000892HU|300V00000004RHN|301V0000000DC8m
12:18:39.983 (985932865)|FLOW_CREATE_INTERVIEW_END|3114c152ff1451ca471f56f7cb7315fe4b24ef-b633|Member Community: New User
12:18:39.986 (986258963)|FLOW_START_INTERVIEWS_BEGIN|1
12:18:39.986 (986281049)|FLOW_START_INTERVIEW_BEGIN|3114c152ff1451ca471f56f7cb7315fe4b24ef-b633|Member Community: New User
12:18:39.986 (997600748)|FLOW_START_INTERVIEW_END|3114c152ff1451ca471f56f7cb7315fe4b24ef-b633|Member Community: New User
12:18:39.986 (1045896034)|LIMIT_USAGE|[EXTERNAL]|FIELDSETS_DESCRIBES|1|100
12:18:39.986 (1045945799)|LIMIT_USAGE|[EXTERNAL]|FIELDSETS_DESCRIBES|2|100
12:18:39.986 (1054360408)|LIMIT_USAGE|[EXTERNAL]|SOQL_ROWS|4|50000
12:18:39.986 (1054379324)|LIMIT_USAGE|[EXTERNAL]|SOQL|4|100
12:18:39.986 (1054387074)|LIMIT_USAGE|[EXTERNAL]|AGGS|1|300
12:18:39.986 (1054459222)|LIMIT_USAGE|[EXTERNAL]|DML|2|150
12:18:39.986 (1054471209)|LIMIT_USAGE|[EXTERNAL]|DML_ROWS|2|10000
12:18:39.986 (1073199553)|FLOW_ELEMENT_ERROR|The flow tried to update these records: null. This error occurred: MIXED_DML_OPERATION: DML operation on setup object is not permitted after you have updated a non-setup object (or vice versa): Account, original object: PermissionSetAssignment. For details, see <a href='https://developer.salesforce.com/docs/atlas.en-us.api.meta/api/sforce_api_calls_concepts_core_data_objects.htm#'>API Exceptions</a>.|FlowRecordUpdate|myRule_1_A1
12:18:39.986 (1096457172)|FLOW_START_INTERVIEWS_END|1
12:18:40.96 (1096535620)|WF_FLOW_ACTION_ERROR|09LV00000008V0N|300V00000004RHN|Error executing flow: Member_Community_New_User, FlowDefId: 300V00000004RHN, FlowVersionId: 301V0000000DC8m
12:18:40.96 (1096578913)|WF_FLOW_ACTION_ERROR_DETAIL|<b>An unhandled fault has occurred in this flow</b><br>An unhandled fault has occurred while processing the flow.  Please contact your system administrator for more information.
12:18:40.96 (1096672351)|WF_FLOW_ACTION_END|09LV00000008V0N
12:18:40.96 (1096689696)|CODE_UNIT_FINISHED|Workflow:User
12:18:40.96 (1106572480)|DML_END|[65]
12:18:40.96 (1106665004)|EXCEPTION_THROWN|[65]|System.DmlException: Insert failed. First exception on row 0; first error: CANNOT_EXECUTE_FLOW_TRIGGER, The record couldn’t be saved because it failed to trigger a flow. A flow trigger failed to execute the flow with version ID 301V0000000DC8m. Flow error messages: <b>An unhandled fault has occurred in this flow</b><br>An unhandled fault has occurred while processing the flow.  Please contact your system administrator for more information.  Contact your administrator for help.: []
12:18:40.96 (1107136819)|HEAP_ALLOCATE|[65]|Bytes:468
12:18:40.96 (1107226540)|VARIABLE_SCOPE_BEGIN|[69]|e|System.DmlException|true|false
12:18:40.96 (1107364429)|VARIABLE_ASSIGNMENT|[69]|e|"common.apex.runtime.impl.DmlExecutionException: Insert failed. First exception on row 0; first error: CANNOT_EXECUTE_FLOW_TRIGGER, The record couldn’t be saved because it failed to trigger a flow. A flow trigger failed to execute the flow with version ID 301V0000000DC8m. Flow error messages: \u003Cb\u003EAn unhandled fault has occurred in this flow\u003C/b\u003E\u003Cbr\u003EAn unhandled fault has occurred while processing the flow.  Please contact your system administrator for more information.  Contact your administrator for help.: []"|0x4b4caf40
12:18:40.96 (1107389420)|STATEMENT_EXECUTE|[69]
12:18:40.96 (1107391732)|STATEMENT_EXECUTE|[70]
12:18:40.96 (1107399898)|HEAP_ALLOCATE|[70]|Bytes:8
12:18:40.96 (1107470381)|HEAP_ALLOCATE|[70]|Bytes:464
12:18:40.96 (1107497336)|HEAP_ALLOCATE|[70]|Bytes:472
12:18:40.96 (1107520988)|VARIABLE_ASSIGNMENT|[70]|message|"Failed: Insert faile (452 more) ..."
12:18:40.96 (1107528485)|STATEMENT_EXECUTE|[77]
12:18:40.96 (1107536627)|SYSTEM_MODE_EXIT|false
12:18:40.118 (1118709173)|CUMULATIVE_LIMIT_USAGE
12:18:40.118 (1118709173)|LIMIT_USAGE_FOR_NS|(default)|
  Number of SOQL queries: 3 out of 100
  Number of query rows: 3 out of 50000
  Number of SOSL queries: 0 out of 20
  Number of DML statements: 1 out of 150
  Number of DML rows: 1 out of 10000
  Maximum CPU time: 0 out of 10000
  Maximum heap size: 0 out of 6000000
  Number of callouts: 0 out of 100
  Number of Email Invocations: 0 out of 10
  Number of future calls: 0 out of 50
  Number of queueable jobs added to the queue: 0 out of 50
  Number of Mobile Apex push calls: 0 out of 10

12:18:40.118 (1118709173)|TOTAL_EMAIL_RECIPIENTS_QUEUED|0
12:18:40.118 (1118709173)|STATIC_VARIABLE_LIST|
  String:_static_REGION_EUROPE:0
  String:_static_REGION_NA:0
  long:serialVersionUID:0
  Map<Id,SObject>:_static_permSetsById:0
  double:MAX_VALUE:0
  long:serialVersionUID:0
  int:SIZE:0
  String:_sfdcAdditionalCodeLocations:0
  Map<Id,SObject>:_static_packageLicensesById:0
  int:MAX_VALUE:0
  String:_sfdcAdditionalCodeLocations:0
  String:_sfdcAdditionalCodeLocations:0
  int:MIN_VALUE:0
  char[]:DigitOnes:0
  int:MIN_EXPONENT:0
  String:_static_REGION_ASIA:0
  int:MAX_EXPONENT:0
  String:_sfdcAdditionalCodeLocations:0
  int:BYTES:0
  String:_sfdcAdditionalCodeLocations:0
  char[]:DigitTens:0
  long:serialVersionUID:0
  Map<Id,Set<String>>:_static_licenseNamespacesToRevoke:0
  String:_sfdcAdditionalCodeLocations:0
  Boolean:FALSE:0
  String:_sfdcAdditionalCodeLocations:0
  Map<Id,Set<String>>:_static_licenseNamespacesToAssign:0
  double:MIN_VALUE:0
  String:_sfdcAdditionalCodeLocations:0
  double:NEGATIVE_INFINITY:0
  String:_static_NOT_AVAILABLE:0
  String:_static_REGION_ISRAEL:0
  char[]:digits:0
  double:NaN:0
  Boolean:TRUE:0
  String:_static_REGION_AFRICA:0
  String:_static_REGION_NZ:0
  Map<String,Integer>:_static_licensesAvailableByPackage:0
  Map<String,SObject>:_static_packageLicensesByNamespace:0
  String:_static_REGION_SA:0
  Map<String,SObject>:_static_permSetsByUniqueId:0
  String:_sfdcAdditionalCodeLocations:0
  String:__sfdcProperties:0
  Map<Id,Set<String>>:_static_permissionSetNamesToRevoke:0
  int:BYTES:0
  String:_sfdcAdditionalCodeLocations:0
  int[]:sizeTable:0
  String:__sfdcProperties:0
  String:__sfdcProperties:0
  Map<Id,Set<String>>:_static_permissionSetNamesToAssign:0
  String:__sfdcParameterizedTypes:0
  String:_static_REGION_OCEANIA:0
  int:SIZE:0
  double:POSITIVE_INFINITY:0
  double:MIN_NORMAL:0

12:18:40.118 (1118709173)|CUMULATIVE_LIMIT_USAGE_END

12:18:40.96 (1119008331)|CODE_UNIT_FINISHED|portalUser.CreateNewUser
12:18:40.96 (1120405095)|EXECUTION_FINISHED
12:18:40.145 (1145956725)|CUMULATIVE_PROFILING_BEGIN
12:18:40.145 (1145956725)|CUMULATIVE_PROFILING|SOQL operations|
(tz): [SELECT tz__Country__c FROM tz__lt_country_names__mdt WHERE MasterLabel = :countryCode]: executed 1 time in 17 ms
(skuid): com.salesforce.api.Database.query(String): executed 1 time in 16 ms
Class.portalUser.CreateNewUser: line 33, column 1: [SELECT Id FROM Account WHERE Source_Partner_UID__c = :UID LIMIT 1]: executed 1 time in 12 ms
Class.portalUser.CreateNewUser: line 60, column 1: [SELECT Id FROM Profile WHERE Name='WCI: Client Community Plus' LIMIT 1]: executed 1 time in 5 ms
(skuid): com.salesforce.api.Database.query(String): executed 1 time in 5 ms
Class.portalUser.CreateNewUser: line 38, column 1: [
                SELECT PersonContactId 
                FROM Account 
                WHERE Id = :accountId LIMIT 1
            ]: executed 1 time in 4 ms

12:18:40.145 (1145956725)|CUMULATIVE_PROFILING|No profiling information for SOSL operations
12:18:40.145 (1145956725)|CUMULATIVE_PROFILING|DML operations|
Class.portalUser.CreateNewUser: line 65, column 1: Insert: User: executed 1 time in 1076 ms
(skuid): com.salesforce.api.Database.insert(List<SObject>, Boolean): executed 1 time in 165 ms

12:18:40.145 (1145956725)|CUMULATIVE_PROFILING|method invocations|
External entry point: global static String CreateNewUser(String, String, String, String, String): executed 1 time in 1104 ms
External entry point: public void invoke(): executed 1 time in 55 ms
Trigger.LocalTimeUserTrigger: line 10, column 1: webService static String getOffsetFull(String, String, String): executed 1 time in 18 ms
Trigger.LocalTimeUserTrigger: line 12, column 1: global static Object deserializeUntyped(String): executed 1 time in 1 ms
Trigger.LocalTimeUserTrigger: line 7, column 1: global public System.Iterator iterator(): executed 3 times in 0 ms
Trigger.LocalTimeUserTrigger: line 13, column 1: global public Object get(Object): executed 1 time in 0 ms
Class.portalUser.CreateNewUser: line 34, column 1: global public Boolean isEmpty(): executed 1 time in 0 ms
Class.portalUser.CreateNewUser: line 53, column 1: public String substringBefore(String): executed 2 times in 0 ms
Class.portalUser.CreateNewUser: line 70, column 1: global String getMessage(): executed 1 time in 0 ms

12:18:40.145 (1145956725)|CUMULATIVE_PROFILING_END
