41.0 APEX_CODE,FINEST;APEX_PROFILING,FINEST;CALLOUT,INFO;DB,INFO;SYSTEM,DEBUG;VALIDATION,INFO;VISUALFORCE,INFO;WAVE,INFO;WORKFLOW,INFO
08:25:27.2 (2775279)|USER_INFO|[EXTERNAL]|005V0000004uuRl|manuelaworldcare@sadhanaconsulting.com.devfull|Eastern Standard Time|GMT-05:00
08:25:27.2 (2822481)|EXECUTION_STARTED
08:25:27.2 (2828136)|CODE_UNIT_STARTED|[EXTERNAL]|VisualForce View State
08:25:27.2 (8479024)|HEAP_ALLOCATE|[72]|Bytes:3
08:25:27.2 (8539647)|HEAP_ALLOCATE|[77]|Bytes:152
08:25:27.2 (8564490)|HEAP_ALLOCATE|[342]|Bytes:408
08:25:27.2 (8588611)|HEAP_ALLOCATE|[355]|Bytes:408
08:25:27.2 (8610885)|HEAP_ALLOCATE|[467]|Bytes:48
08:25:27.2 (8648333)|HEAP_ALLOCATE|[139]|Bytes:6
08:25:27.2 (13083946)|CODE_UNIT_FINISHED|VisualForce View State
08:25:27.2 (14514997)|EXECUTION_FINISHED
08:25:28.533 (1533974582)|USER_INFO|[EXTERNAL]|005V0000004uuRl|manuelaworldcare@sadhanaconsulting.com.devfull|Eastern Standard Time|GMT-05:00
08:25:28.533 (1534847282)|SYSTEM_MODE_ENTER|true
08:25:28.533 (1534913946)|HEAP_ALLOCATE|[EXTERNAL]|Bytes:120
08:25:28.533 (1534934932)|HEAP_ALLOCATE|[EXTERNAL]|Bytes:10
08:25:28.533 (1534954489)|SYSTEM_METHOD_ENTRY|[1]|pagemessagecomponentcontroller.pagemessagecomponentcontroller()
08:25:28.533 (1534963639)|STATEMENT_EXECUTE|[1]
08:25:28.668 (1668239857)|CUMULATIVE_LIMIT_USAGE
08:25:28.668 (1668239857)|LIMIT_USAGE_FOR_NS|(default)|
  Number of SOQL queries: 0 out of 100
  Number of query rows: 0 out of 50000
  Number of SOSL queries: 0 out of 20
  Number of DML statements: 0 out of 150
  Number of DML rows: 0 out of 10000
  Maximum CPU time: 0 out of 10000
  Maximum heap size: 0 out of 6000000
  Number of callouts: 0 out of 100
  Number of Email Invocations: 0 out of 10
  Number of future calls: 0 out of 50
  Number of queueable jobs added to the queue: 0 out of 50
  Number of Mobile Apex push calls: 0 out of 10

08:25:28.668 (1668239857)|CUMULATIVE_LIMIT_USAGE_END

