41.0 APEX_CODE,FINEST;APEX_PROFILING,FINEST;CALLOUT,INFO;DB,INFO;SYSTEM,DEBUG;VALIDATION,INFO;VISUALFORCE,INFO;WAVE,INFO;WORKFLOW,INFO
10:20:37.0 (300970)|USER_INFO|[EXTERNAL]|005E0000004yLLO|worldcare@sadhanaconsulting.com.devfull|Eastern Standard Time|GMT-05:00
10:20:37.0 (339100)|EXECUTION_STARTED
10:20:37.0 (343889)|CODE_UNIT_STARTED|[EXTERNAL]|VisualForce View State
10:20:37.0 (7036295)|CODE_UNIT_FINISHED|VisualForce View State
10:20:37.0 (8371055)|EXECUTION_FINISHED
10:20:37.10 (10362747)|USER_INFO|[EXTERNAL]|005E0000004yLLO|worldcare@sadhanaconsulting.com.devfull|Eastern Standard Time|GMT-05:00
10:20:37.10 (10377026)|EXECUTION_STARTED
10:20:37.10 (10379665)|CODE_UNIT_STARTED|[EXTERNAL]|VF: /apex/editStaticResource.apexp
10:20:37.10 (16334094)|HEAP_ALLOCATE|[EXTERNAL]|Bytes:-4
10:20:37.18 (18205027)|HEAP_ALLOCATE|[EXTERNAL]|Bytes:-4
10:20:37.18 (18592790)|SYSTEM_MODE_ENTER|false
10:20:37.18 (265378841)|HEAP_ALLOCATE|[EXTERNAL]|Bytes:-4
10:20:37.269 (269128081)|CUMULATIVE_LIMIT_USAGE
10:20:37.269 (269128081)|LIMIT_USAGE_FOR_NS|(default)|
  Number of SOQL queries: 0 out of 100
  Number of query rows: 0 out of 50000
  Number of SOSL queries: 0 out of 20
  Number of DML statements: 0 out of 150
  Number of DML rows: 0 out of 10000
  Maximum CPU time: 0 out of 10000
  Maximum heap size: 0 out of 6000000
  Number of callouts: 0 out of 100
  Number of Email Invocations: 0 out of 10
  Number of future calls: 0 out of 50
  Number of queueable jobs added to the queue: 0 out of 50
  Number of Mobile Apex push calls: 0 out of 10

10:20:37.269 (269128081)|TOTAL_EMAIL_RECIPIENTS_QUEUED|0
10:20:37.269 (269128081)|CUMULATIVE_LIMIT_USAGE_END

10:20:37.10 (269175571)|CODE_UNIT_FINISHED|VF: /apex/editStaticResource.apexp
10:20:37.10 (270401642)|EXECUTION_FINISHED
10:20:37.273 (273074558)|CUMULATIVE_PROFILING_BEGIN
10:20:37.273 (273074558)|CUMULATIVE_PROFILING|No profiling information for SOQL operations
10:20:37.273 (273074558)|CUMULATIVE_PROFILING|No profiling information for SOSL operations
10:20:37.273 (273074558)|CUMULATIVE_PROFILING|No profiling information for DML operations
10:20:37.273 (273074558)|CUMULATIVE_PROFILING|No profiling information for method invocations
10:20:37.273 (273074558)|CUMULATIVE_PROFILING_END
