40.0 APEX_CODE,FINEST;APEX_PROFILING,FINEST;CALLOUT,INFO;DB,INFO;SYSTEM,DEBUG;VALIDATION,INFO;VISUALFORCE,INFO;WAVE,INFO;WORKFLOW,INFO
10:27:36.0 (314718)|USER_INFO|[EXTERNAL]|005E0000004yLLO|worldcare@sadhanaconsulting.com.devfull|Eastern Standard Time|GMT-05:00
10:27:36.0 (350672)|EXECUTION_STARTED
10:27:36.0 (355373)|CODE_UNIT_STARTED|[EXTERNAL]|TRIGGERS
10:27:36.0 (1291595)|CODE_UNIT_STARTED|[EXTERNAL]|01qV0000000DErk|LocalTimeUserTrigger on User trigger event BeforeUpdate for [005E0000004yLLO]
10:27:36.0 (1352989)|HEAP_ALLOCATE|[EXTERNAL]|Bytes:8
10:27:36.0 (1391624)|HEAP_ALLOCATE|[EXTERNAL]|Bytes:8
10:27:36.0 (1760907)|HEAP_ALLOCATE|[72]|Bytes:3
10:27:36.0 (1810358)|HEAP_ALLOCATE|[77]|Bytes:152
10:27:36.0 (1831539)|HEAP_ALLOCATE|[342]|Bytes:408
10:27:36.0 (1852264)|HEAP_ALLOCATE|[355]|Bytes:408
10:27:36.0 (1872396)|HEAP_ALLOCATE|[467]|Bytes:48
10:27:36.0 (1904454)|HEAP_ALLOCATE|[139]|Bytes:6
10:27:36.0 (1934052)|HEAP_ALLOCATE|[EXTERNAL]|Bytes:4
10:27:36.0 (1944124)|VARIABLE_SCOPE_BEGIN|[5]|this|LocalTimeUserTrigger|true|false
10:27:36.0 (1985588)|VARIABLE_ASSIGNMENT|[5]|this|{}|0x1e5287a9
10:27:36.0 (2016122)|HEAP_ALLOCATE|[EXTERNAL]|Bytes:4
10:27:36.0 (2024722)|VARIABLE_SCOPE_BEGIN|[5]|this|LocalTimeUserTrigger|true|false
10:27:36.0 (2038204)|VARIABLE_ASSIGNMENT|[5]|this|{}|0x1e5287a9
10:27:36.0 (2048227)|STATEMENT_EXECUTE|[5]
10:27:36.0 (2084421)|HEAP_ALLOCATE|[50]|Bytes:5
10:27:36.0 (2112946)|HEAP_ALLOCATE|[56]|Bytes:5
10:27:36.0 (2125475)|HEAP_ALLOCATE|[64]|Bytes:7
10:27:36.0 (2485515)|HEAP_ALLOCATE|[7]|Bytes:5
10:27:36.0 (2513693)|HEAP_ALLOCATE|[7]|Bytes:4
10:27:36.0 (2529141)|VARIABLE_SCOPE_BEGIN|[7]|u|User|true|false
10:27:36.0 (27999339)|VARIABLE_ASSIGNMENT|[7]|u|{"ProfileId":"00eE0000000zEdeIAE","LastModifiedDate":"2017-11-10T15:26:02.000Z","ReceivesAdminInfoEma (3 more) ...":false,"Email":"depot@sadhanaconsult (7 more) ...","TimeZoneSidKey":"America/New_York","LanguageLocaleKey":"fr","UserRoleId":"00EE0000000hj7TMAQ","License_Type__c":"Salesforce","IsActive":true,"Nurse__c":false,"LastLoginDate":"2017-11-10T15:06:05.000Z","PostalCode":"03820","ForecastEnabled":false,"IsExtIndicatorVisibl (1 more) ...":false,"DigestFrequency":"D","UTC_Offset__c":-4.00,"IsProfilePhotoActive":false,"Default_Patient_Coun (6 more) ...":"US","CompanyName":"Sadhana Consulting L (2 more) ...","CommunityNickname":"prozek","CreatedById":"005E0000002k2ScIAI","Street":"1 S Pine Street","Acquisition_Site__c":"001E000001HBa8R","Server_URL__c":"https://cs12.salesfo (17 more) ...","LastPasswordChangeDa (2 more) ...":"2017-10-10T13:48:13.000Z","LocaleSidKey":"en_US","FirstName":"Elissa","Name_Formula__c":"Elissa Sadhana Team  (5 more) ...","Title":"Consultant","City":"Dover","EmailEncodingKey":"ISO-8859-1","ReceivesInfoEmails":false,"SystemModstamp":"2017-11-10T15:26:02.000Z","User_18_Digit_ID__c":"005E0000004yLLOIA2","IsPortalEnabled":false,"Username":"worldcare@sadhanacon (19 more) ...","Alias":"Sadhana","DefaultGroupNotifica (13 more) ...":"N","CreatedDate":"2014-03-07T01:09:17.000Z","LastName":"Sadhana Team (WCI)","Id":"005E0000004yLLOIA2","IsPortalSelfRegister (2 more) ...":false,"UserType":"Standard","LastModifiedById":"005E0000004yLLOIA2"}|0x9d89e3e
10:27:36.0 (28040769)|STATEMENT_EXECUTE|[7]
10:27:36.0 (28043165)|STATEMENT_EXECUTE|[9]
10:27:36.0 (28044238)|STATEMENT_EXECUTE|[9]
10:27:36.0 (28045307)|STATEMENT_EXECUTE|[10]
10:27:36.0 (29028013)|VARIABLE_SCOPE_BEGIN|[3]|LocalTime.NOT_AVAILABLE|String|false|true
10:27:36.0 (29041152)|VARIABLE_SCOPE_BEGIN|[9]|LocalTime.REGION_AFRICA|String|false|true
10:27:36.0 (29047989)|VARIABLE_SCOPE_BEGIN|[6]|LocalTime.REGION_ASIA|String|false|true
10:27:36.0 (29054739)|VARIABLE_SCOPE_BEGIN|[5]|LocalTime.REGION_EUROPE|String|false|true
10:27:36.0 (29061074)|VARIABLE_SCOPE_BEGIN|[11]|LocalTime.REGION_ISRAEL|String|false|true
10:27:36.0 (29067525)|VARIABLE_SCOPE_BEGIN|[4]|LocalTime.REGION_NA|String|false|true
10:27:36.0 (29073971)|VARIABLE_SCOPE_BEGIN|[10]|LocalTime.REGION_NZ|String|false|true
10:27:36.0 (29079917)|VARIABLE_SCOPE_BEGIN|[7]|LocalTime.REGION_OCEANIA|String|false|true
10:27:36.0 (29085997)|VARIABLE_SCOPE_BEGIN|[8]|LocalTime.REGION_SA|String|false|true
10:27:36.0 (29140599)|HEAP_ALLOCATE|[10]|Bytes:86
10:27:36.0 (29155759)|HEAP_ALLOCATE|[10]|Bytes:3
10:27:36.0 (29167994)|VARIABLE_ASSIGNMENT|[10]|LocalTime.NOT_AVAILABLE|"N/A"
10:27:36.0 (29173030)|HEAP_ALLOCATE|[10]|Bytes:6
10:27:36.0 (29179821)|VARIABLE_ASSIGNMENT|[10]|LocalTime.REGION_AFRICA|"AFRICA"
10:27:36.0 (29184173)|HEAP_ALLOCATE|[10]|Bytes:4
10:27:36.0 (29190144)|VARIABLE_ASSIGNMENT|[10]|LocalTime.REGION_ASIA|"ASIA"
10:27:36.0 (29194505)|HEAP_ALLOCATE|[10]|Bytes:6
10:27:36.0 (29201192)|VARIABLE_ASSIGNMENT|[10]|LocalTime.REGION_EUROPE|"EUROPE"
10:27:36.0 (29205319)|HEAP_ALLOCATE|[10]|Bytes:6
10:27:36.0 (29211377)|VARIABLE_ASSIGNMENT|[10]|LocalTime.REGION_ISRAEL|"ISRAEL"
10:27:36.0 (29215479)|HEAP_ALLOCATE|[10]|Bytes:2
10:27:36.0 (29221553)|VARIABLE_ASSIGNMENT|[10]|LocalTime.REGION_NA|"NA"
10:27:36.0 (29225956)|HEAP_ALLOCATE|[10]|Bytes:2
10:27:36.0 (29232340)|VARIABLE_ASSIGNMENT|[10]|LocalTime.REGION_NZ|"NZ"
10:27:36.0 (29236579)|HEAP_ALLOCATE|[10]|Bytes:7
10:27:36.0 (29242740)|VARIABLE_ASSIGNMENT|[10]|LocalTime.REGION_OCEANIA|"OCEANIA"
10:27:36.0 (29246843)|HEAP_ALLOCATE|[10]|Bytes:2
10:27:36.0 (29252731)|VARIABLE_ASSIGNMENT|[10]|LocalTime.REGION_SA|"SA"
10:27:36.0 (29269755)|METHOD_ENTRY|[2]|01pE0000001ksei|LocalTime.LocalTime()
10:27:36.0 (29275981)|STATEMENT_EXECUTE|[2]
10:27:36.0 (29296941)|ENTERING_MANAGED_PKG|tz
10:27:36.0 (29317837)|METHOD_EXIT|[2]|LocalTime
10:27:36.0 (29340714)|METHOD_ENTRY|[10]|01pE0000001ksei|tz.LocalTime.getOffsetFull(String, String, String)
10:27:36.0 (29347681)|ENTERING_MANAGED_PKG|tz
10:27:36.0 (29543945)|ENTERING_MANAGED_PKG|tz
10:27:36.0 (29629438)|ENTERING_MANAGED_PKG|tz
10:27:36.0 (30681040)|SOQL_EXECUTE_BEGIN|[333]|Aggregations:0|SELECT tz__Country__c FROM tz__lt_country_names__mdt WHERE MasterLabel = :tmpVar1
10:27:36.0 (43529502)|SOQL_EXECUTE_END|[333]|Rows:1
10:27:36.0 (44045806)|ENTERING_MANAGED_PKG|tz
10:27:36.0 (44112929)|METHOD_EXIT|[10]|01pE0000001ksei|tz.LocalTime.getOffsetFull(String, String, String)
10:27:36.0 (44123371)|VARIABLE_SCOPE_BEGIN|[10]|jsonStr|String|false|false
10:27:36.0 (44144326)|VARIABLE_ASSIGNMENT|[10]|jsonStr|"{\"offset\":\"N/A\",\"dst (92 more) ..."
10:27:36.0 (44150872)|STATEMENT_EXECUTE|[11]
10:27:36.0 (44152531)|STATEMENT_EXECUTE|[12]
10:27:36.0 (44201088)|HEAP_ALLOCATE|[12]|Bytes:24
10:27:36.0 (44217733)|SYSTEM_METHOD_ENTRY|[1]|JSON.JSON()
10:27:36.0 (44221812)|STATEMENT_EXECUTE|[1]
10:27:36.0 (44231645)|SYSTEM_METHOD_EXIT|[1]|JSON
10:27:36.0 (44246564)|METHOD_ENTRY|[12]||System.JSON.deserializeUntyped(String)
10:27:36.0 (44797118)|METHOD_EXIT|[12]||System.JSON.deserializeUntyped(String)
10:27:36.0 (44811630)|VARIABLE_SCOPE_BEGIN|[12]|m|Map<String,ANY>|true|false
10:27:36.0 (44835182)|VARIABLE_ASSIGNMENT|[12]|m|"Map of size 6 too large to display"|0x304adeb
10:27:36.0 (44842041)|STATEMENT_EXECUTE|[13]
10:27:36.0 (44846521)|HEAP_ALLOCATE|[13]|Bytes:6
10:27:36.0 (44891246)|VARIABLE_SCOPE_BEGIN|[13]|offset|String|false|false
10:27:36.0 (44904297)|VARIABLE_ASSIGNMENT|[13]|offset|"N/A"
10:27:36.0 (44910965)|HEAP_ALLOCATE|[14]|Bytes:3
10:27:36.0 (44938455)|STATEMENT_EXECUTE|[14]
10:27:36.0 (44956642)|HEAP_ALLOCATE|[7]|Bytes:5
10:27:36.0 (44974806)|VARIABLE_ASSIGNMENT|[7]|u|null|
10:27:36.44 (44986449)|CUMULATIVE_LIMIT_USAGE
10:27:36.44 (44986449)|LIMIT_USAGE_FOR_NS|(default)|
  Number of SOQL queries: 0 out of 100
  Number of query rows: 0 out of 50000
  Number of SOSL queries: 0 out of 20
  Number of DML statements: 0 out of 150
  Number of DML rows: 0 out of 10000
  Maximum CPU time: 0 out of 10000
  Maximum heap size: 0 out of 6000000
  Number of callouts: 0 out of 100
  Number of Email Invocations: 0 out of 10
  Number of future calls: 0 out of 50
  Number of queueable jobs added to the queue: 0 out of 50
  Number of Mobile Apex push calls: 0 out of 10

10:27:36.44 (44986449)|LIMIT_USAGE_FOR_NS|tz|
  Number of SOQL queries: 0 out of 100
  Number of query rows: 1 out of 50000
  Number of SOSL queries: 0 out of 20
  Number of DML statements: 0 out of 150
  Number of DML rows: 0 out of 10000
  Maximum CPU time: 0 out of 10000
  Maximum heap size: 0 out of 6000000
  Number of callouts: 0 out of 100
  Number of Email Invocations: 0 out of 10
  Number of future calls: 0 out of 50
  Number of queueable jobs added to the queue: 0 out of 50
  Number of Mobile Apex push calls: 0 out of 10

10:27:36.44 (44986449)|TOTAL_EMAIL_RECIPIENTS_QUEUED|0
10:27:36.44 (44986449)|STATIC_VARIABLE_LIST|
  char[]:DigitTens:0
  long:serialVersionUID:0
  String:_static_REGION_EUROPE:0
  String:_static_REGION_NA:0
  long:serialVersionUID:0
  double:MAX_VALUE:0
  Boolean:FALSE:0
  long:serialVersionUID:0
  String:_sfdcAdditionalCodeLocations:0
  double:MIN_VALUE:0
  int:SIZE:0
  double:NEGATIVE_INFINITY:0
  String:_static_NOT_AVAILABLE:0
  int:MAX_VALUE:0
  String:_static_REGION_ISRAEL:0
  char[]:digits:0
  double:NaN:0
  Boolean:TRUE:0
  String:_static_REGION_AFRICA:0
  String:_static_REGION_NZ:0
  String:_static_REGION_SA:0
  int:MIN_VALUE:0
  char[]:DigitOnes:0
  int:BYTES:0
  String:_sfdcAdditionalCodeLocations:0
  int:MIN_EXPONENT:0
  int[]:sizeTable:0
  String:_static_REGION_ASIA:0
  int:MAX_EXPONENT:0
  String:_static_REGION_OCEANIA:0
  int:SIZE:0
  double:POSITIVE_INFINITY:0
  double:MIN_NORMAL:0
  int:BYTES:0

10:27:36.44 (44986449)|CUMULATIVE_LIMIT_USAGE_END

10:27:36.0 (46306177)|CODE_UNIT_FINISHED|LocalTimeUserTrigger on User trigger event BeforeUpdate for [005E0000004yLLO]
10:27:36.122 (122392291)|ENTERING_MANAGED_PKG|skuid
10:27:36.123 (123576858)|CUMULATIVE_LIMIT_USAGE
10:27:36.123 (123576858)|LIMIT_USAGE_FOR_NS|(default)|
  Number of SOQL queries: 0 out of 100
  Number of query rows: 0 out of 50000
  Number of SOSL queries: 0 out of 20
  Number of DML statements: 0 out of 150
  Number of DML rows: 0 out of 10000
  Maximum CPU time: 0 out of 10000
  Maximum heap size: 0 out of 6000000
  Number of callouts: 0 out of 100
  Number of Email Invocations: 0 out of 10
  Number of future calls: 0 out of 50
  Number of queueable jobs added to the queue: 0 out of 50
  Number of Mobile Apex push calls: 0 out of 10

10:27:36.123 (123576858)|LIMIT_USAGE_FOR_NS|tz|
  Number of SOQL queries: 0 out of 100
  Number of query rows: 1 out of 50000
  Number of SOSL queries: 0 out of 20
  Number of DML statements: 0 out of 150
  Number of DML rows: 0 out of 10000
  Maximum CPU time: 0 out of 10000
  Maximum heap size: 0 out of 6000000
  Number of callouts: 0 out of 100
  Number of Email Invocations: 0 out of 10
  Number of future calls: 0 out of 50
  Number of queueable jobs added to the queue: 0 out of 50
  Number of Mobile Apex push calls: 0 out of 10

10:27:36.123 (123576858)|CUMULATIVE_LIMIT_USAGE_END

10:27:36.0 (126409698)|CODE_UNIT_STARTED|[EXTERNAL]|Workflow:User
10:27:36.0 (133219771)|WF_RULE_EVAL_BEGIN|Workflow
10:27:36.0 (133246990)|WF_CRITERIA_BEGIN|[User: Elissa Sadhana Team (WCI) 005E0000004yLLO]|Member_Community_New_User301V000000063fo|01QV00000001N6N|ON_CREATE_ONLY|0
10:27:36.0 (133258359)|WF_RULE_NOT_EVALUATED
10:27:36.0 (133265109)|WF_SPOOL_ACTION_BEGIN|Workflow
10:27:36.0 (133274002)|WF_ACTION| None
10:27:36.0 (133278407)|WF_RULE_EVAL_END
10:27:36.0 (133322312)|WF_ACTIONS_END| None
10:27:36.0 (133330153)|CODE_UNIT_FINISHED|Workflow:User
10:27:36.0 (143823346)|CODE_UNIT_STARTED|[EXTERNAL]|01qV0000000DErk|LocalTimeUserTrigger on User trigger event BeforeUpdate for [005E0000004yLLO]
10:27:36.0 (143875660)|HEAP_ALLOCATE|[EXTERNAL]|Bytes:8
10:27:36.0 (143905632)|HEAP_ALLOCATE|[EXTERNAL]|Bytes:8
10:27:36.0 (143969767)|HEAP_ALLOCATE|[EXTERNAL]|Bytes:4
10:27:36.0 (143983371)|VARIABLE_SCOPE_BEGIN|[5]|this|LocalTimeUserTrigger|true|false
10:27:36.0 (144019437)|VARIABLE_ASSIGNMENT|[5]|this|{}|0x15e11e71
10:27:36.0 (144053578)|HEAP_ALLOCATE|[EXTERNAL]|Bytes:4
10:27:36.0 (144062260)|VARIABLE_SCOPE_BEGIN|[5]|this|LocalTimeUserTrigger|true|false
10:27:36.0 (144075941)|VARIABLE_ASSIGNMENT|[5]|this|{}|0x15e11e71
10:27:36.0 (144085938)|STATEMENT_EXECUTE|[5]
10:27:36.0 (144179219)|HEAP_ALLOCATE|[7]|Bytes:5
10:27:36.0 (144202986)|HEAP_ALLOCATE|[7]|Bytes:4
10:27:36.0 (144216511)|VARIABLE_SCOPE_BEGIN|[7]|u|User|true|false
10:27:36.0 (148772828)|VARIABLE_ASSIGNMENT|[7]|u|{"ProfileId":"00eE0000000zEdeIAE","LastModifiedDate":"2017-11-10T15:27:36.000Z","ReceivesAdminInfoEma (3 more) ...":false,"Email":"depot@sadhanaconsult (7 more) ...","TimeZoneSidKey":"America/New_York","LanguageLocaleKey":"en_US","UserRoleId":"00EE0000000hj7TMAQ","License_Type__c":"Salesforce","IsActive":true,"Nurse__c":false,"LastLoginDate":"2017-11-10T15:06:05.000Z","PostalCode":"03820","ForecastEnabled":false,"IsExtIndicatorVisibl (1 more) ...":false,"DigestFrequency":"D","UTC_Offset__c":-4.00,"IsProfilePhotoActive":false,"Default_Patient_Coun (6 more) ...":"US","CompanyName":"Sadhana Consulting L (2 more) ...","CommunityNickname":"prozek","CreatedById":"005E0000002k2ScIAI","Street":"1 S Pine Street","Acquisition_Site__c":"001E000001HBa8R","Server_URL__c":"https://cs12.salesfo (17 more) ...","LastPasswordChangeDa (2 more) ...":"2017-10-10T13:48:13.000Z","LocaleSidKey":"en_US","FirstName":"Elissa","Name_Formula__c":"Elissa Sadhana Team  (5 more) ...","Title":"Consultant","City":"Dover","EmailEncodingKey":"ISO-8859-1","ReceivesInfoEmails":false,"SystemModstamp":"2017-11-10T15:27:36.000Z","User_18_Digit_ID__c":"005E0000004yLLOIA2","IsPortalEnabled":false,"Username":"worldcare@sadhanacon (19 more) ...","Alias":"Sadhana","DefaultGroupNotifica (13 more) ...":"N","CreatedDate":"2014-03-07T01:09:17.000Z","LastName":"Sadhana Team (WCI)","Id":"005E0000004yLLOIA2","IsPortalSelfRegister (2 more) ...":false,"UserType":"Standard","LastModifiedById":"005E0000004yLLOIA2"}|0x6410a26f
10:27:36.0 (148804179)|STATEMENT_EXECUTE|[7]
10:27:36.0 (148806012)|STATEMENT_EXECUTE|[9]
10:27:36.0 (148807019)|STATEMENT_EXECUTE|[9]
10:27:36.0 (148808031)|STATEMENT_EXECUTE|[10]
10:27:36.0 (148863387)|METHOD_ENTRY|[10]|01pE0000001ksei|tz.LocalTime.getOffsetFull(String, String, String)
10:27:36.0 (148874904)|ENTERING_MANAGED_PKG|tz
10:27:36.0 (148916403)|ENTERING_MANAGED_PKG|tz
10:27:36.0 (149002189)|ENTERING_MANAGED_PKG|tz
10:27:36.0 (149445644)|SOQL_EXECUTE_BEGIN|[333]|Aggregations:0|SELECT tz__Country__c FROM tz__lt_country_names__mdt WHERE MasterLabel = :tmpVar1
10:27:36.0 (165399527)|SOQL_EXECUTE_END|[333]|Rows:1
10:27:36.0 (165716157)|ENTERING_MANAGED_PKG|tz
10:27:36.0 (165771912)|METHOD_EXIT|[10]|01pE0000001ksei|tz.LocalTime.getOffsetFull(String, String, String)
10:27:36.0 (165781832)|VARIABLE_SCOPE_BEGIN|[10]|jsonStr|String|false|false
10:27:36.0 (165800700)|VARIABLE_ASSIGNMENT|[10]|jsonStr|"{\"offset\":\"N/A\",\"dst (92 more) ..."
10:27:36.0 (165806834)|STATEMENT_EXECUTE|[11]
10:27:36.0 (165808451)|STATEMENT_EXECUTE|[12]
10:27:36.0 (165817373)|METHOD_ENTRY|[12]||System.JSON.deserializeUntyped(String)
10:27:36.0 (166276744)|METHOD_EXIT|[12]||System.JSON.deserializeUntyped(String)
10:27:36.0 (166291223)|VARIABLE_SCOPE_BEGIN|[12]|m|Map<String,ANY>|true|false
10:27:36.0 (166314770)|VARIABLE_ASSIGNMENT|[12]|m|"Map of size 6 too large to display"|0x63605ba7
10:27:36.0 (166321495)|STATEMENT_EXECUTE|[13]
10:27:36.0 (166340016)|VARIABLE_SCOPE_BEGIN|[13]|offset|String|false|false
10:27:36.0 (166350690)|VARIABLE_ASSIGNMENT|[13]|offset|"N/A"
10:27:36.0 (166371548)|STATEMENT_EXECUTE|[14]
10:27:36.0 (166394731)|HEAP_ALLOCATE|[7]|Bytes:5
10:27:36.0 (166413906)|VARIABLE_ASSIGNMENT|[7]|u|null|
10:27:36.166 (166426281)|CUMULATIVE_LIMIT_USAGE
10:27:36.166 (166426281)|LIMIT_USAGE_FOR_NS|(default)|
  Number of SOQL queries: 0 out of 100
  Number of query rows: 0 out of 50000
  Number of SOSL queries: 0 out of 20
  Number of DML statements: 0 out of 150
  Number of DML rows: 0 out of 10000
  Maximum CPU time: 0 out of 10000
  Maximum heap size: 0 out of 6000000
  Number of callouts: 0 out of 100
  Number of Email Invocations: 0 out of 10
  Number of future calls: 0 out of 50
  Number of queueable jobs added to the queue: 0 out of 50
  Number of Mobile Apex push calls: 0 out of 10

10:27:36.166 (166426281)|LIMIT_USAGE_FOR_NS|tz|
  Number of SOQL queries: 0 out of 100
  Number of query rows: 1 out of 50000
  Number of SOSL queries: 0 out of 20
  Number of DML statements: 0 out of 150
  Number of DML rows: 0 out of 10000
  Maximum CPU time: 0 out of 10000
  Maximum heap size: 0 out of 6000000
  Number of callouts: 0 out of 100
  Number of Email Invocations: 0 out of 10
  Number of future calls: 0 out of 50
  Number of queueable jobs added to the queue: 0 out of 50
  Number of Mobile Apex push calls: 0 out of 10

10:27:36.166 (166426281)|TOTAL_EMAIL_RECIPIENTS_QUEUED|0
10:27:36.166 (166426281)|STATIC_VARIABLE_LIST|
  char[]:DigitTens:0
  long:serialVersionUID:0
  String:_static_REGION_EUROPE:0
  String:_static_REGION_NA:0
  long:serialVersionUID:0
  double:MAX_VALUE:0
  Boolean:FALSE:0
  long:serialVersionUID:0
  String:_sfdcAdditionalCodeLocations:0
  double:MIN_VALUE:0
  int:SIZE:0
  double:NEGATIVE_INFINITY:0
  String:_static_NOT_AVAILABLE:0
  int:MAX_VALUE:0
  String:_static_REGION_ISRAEL:0
  char[]:digits:0
  double:NaN:0
  Boolean:TRUE:0
  String:_static_REGION_AFRICA:0
  String:_static_REGION_NZ:0
  String:_static_REGION_SA:0
  int:MIN_VALUE:0
  String:_sfdcAdditionalCodeLocations:0
  char[]:DigitOnes:0
  int:BYTES:0
  String:_sfdcAdditionalCodeLocations:0
  int:MIN_EXPONENT:0
  int[]:sizeTable:0
  String:_static_REGION_ASIA:0
  int:MAX_EXPONENT:0
  String:_static_REGION_OCEANIA:0
  int:SIZE:0
  double:POSITIVE_INFINITY:0
  double:MIN_NORMAL:0
  int:BYTES:0

10:27:36.166 (166426281)|CUMULATIVE_LIMIT_USAGE_END

10:27:36.0 (167608479)|CODE_UNIT_FINISHED|LocalTimeUserTrigger on User trigger event BeforeUpdate for [005E0000004yLLO]
10:27:36.221 (221143949)|ENTERING_MANAGED_PKG|skuid
10:27:36.221 (221890253)|CUMULATIVE_LIMIT_USAGE
10:27:36.221 (221890253)|LIMIT_USAGE_FOR_NS|(default)|
  Number of SOQL queries: 0 out of 100
  Number of query rows: 0 out of 50000
  Number of SOSL queries: 0 out of 20
  Number of DML statements: 0 out of 150
  Number of DML rows: 0 out of 10000
  Maximum CPU time: 0 out of 10000
  Maximum heap size: 0 out of 6000000
  Number of callouts: 0 out of 100
  Number of Email Invocations: 0 out of 10
  Number of future calls: 0 out of 50
  Number of queueable jobs added to the queue: 0 out of 50
  Number of Mobile Apex push calls: 0 out of 10

10:27:36.221 (221890253)|LIMIT_USAGE_FOR_NS|tz|
  Number of SOQL queries: 0 out of 100
  Number of query rows: 1 out of 50000
  Number of SOSL queries: 0 out of 20
  Number of DML statements: 0 out of 150
  Number of DML rows: 0 out of 10000
  Maximum CPU time: 0 out of 10000
  Maximum heap size: 0 out of 6000000
  Number of callouts: 0 out of 100
  Number of Email Invocations: 0 out of 10
  Number of future calls: 0 out of 50
  Number of queueable jobs added to the queue: 0 out of 50
  Number of Mobile Apex push calls: 0 out of 10

10:27:36.221 (221890253)|CUMULATIVE_LIMIT_USAGE_END

10:27:36.0 (225432413)|CODE_UNIT_STARTED|[EXTERNAL]|Workflow:User
10:27:36.0 (247593944)|WF_RULE_EVAL_BEGIN|Workflow
10:27:36.0 (247621244)|WF_CRITERIA_BEGIN|[User: Elissa Sadhana Team (WCI) 005E0000004yLLO]|Member_Community_New_User301V000000063fo|01QV00000001N6N|ON_CREATE_ONLY|0
10:27:36.0 (247633386)|WF_RULE_NOT_EVALUATED
10:27:36.0 (247640738)|WF_SPOOL_ACTION_BEGIN|Workflow
10:27:36.0 (247650058)|WF_ACTION| None
10:27:36.0 (247654148)|WF_RULE_EVAL_END
10:27:36.0 (247697273)|WF_ACTIONS_END| None
10:27:36.0 (247705276)|CODE_UNIT_FINISHED|Workflow:User
10:27:36.0 (357955321)|CODE_UNIT_FINISHED|TRIGGERS
10:27:36.0 (357979794)|EXECUTION_FINISHED
10:27:36.420 (420721106)|CUMULATIVE_PROFILING_BEGIN
10:27:36.420 (420721106)|CUMULATIVE_PROFILING|SOQL operations|
(tz): [SELECT tz__Country__c FROM tz__lt_country_names__mdt WHERE MasterLabel = :countryCode]: executed 2 times in 30 ms

10:27:36.420 (420721106)|CUMULATIVE_PROFILING|No profiling information for SOSL operations
10:27:36.420 (420721106)|CUMULATIVE_PROFILING|No profiling information for DML operations
10:27:36.420 (420721106)|CUMULATIVE_PROFILING|method invocations|
Trigger.LocalTimeUserTrigger: line 10, column 1: webService static String getOffsetFull(String, String, String): executed 2 times in 32 ms
External entry point: public void invoke(): executed 1 time in 22 ms
Trigger.LocalTimeUserTrigger: line 12, column 1: global static Object deserializeUntyped(String): executed 2 times in 1 ms
Trigger.LocalTimeUserTrigger: line 7, column 1: global public System.Iterator iterator(): executed 6 times in 0 ms
Trigger.LocalTimeUserTrigger: line 13, column 1: global public Object get(Object): executed 2 times in 0 ms

10:27:36.420 (420721106)|CUMULATIVE_PROFILING_END
