41.0 APEX_CODE,FINEST;APEX_PROFILING,FINEST;CALLOUT,INFO;DB,INFO;SYSTEM,DEBUG;VALIDATION,INFO;VISUALFORCE,INFO;WAVE,INFO;WORKFLOW,INFO
08:39:52.0 (332075)|USER_INFO|[EXTERNAL]|005V0000004uuRl|manuelaworldcare@sadhanaconsulting.com.devfull|Eastern Standard Time|GMT-05:00
08:39:52.0 (375816)|EXECUTION_STARTED
08:39:52.0 (381014)|CODE_UNIT_STARTED|[EXTERNAL]|VisualForce View State
08:39:52.0 (5245458)|HEAP_ALLOCATE|[72]|Bytes:3
08:39:52.0 (5305925)|HEAP_ALLOCATE|[77]|Bytes:152
08:39:52.0 (5329284)|HEAP_ALLOCATE|[342]|Bytes:408
08:39:52.0 (5350910)|HEAP_ALLOCATE|[355]|Bytes:408
08:39:52.0 (5372153)|HEAP_ALLOCATE|[467]|Bytes:48
08:39:52.0 (5406078)|HEAP_ALLOCATE|[139]|Bytes:6
08:39:52.0 (7191985)|CODE_UNIT_FINISHED|VisualForce View State
08:39:52.0 (8341681)|EXECUTION_FINISHED
08:39:52.396 (396667215)|USER_INFO|[EXTERNAL]|005V0000004uuRl|manuelaworldcare@sadhanaconsulting.com.devfull|Eastern Standard Time|GMT-05:00
08:39:52.396 (397471479)|SYSTEM_MODE_ENTER|true
08:39:52.396 (399481601)|HEAP_ALLOCATE|[EXTERNAL]|Bytes:120
08:39:52.396 (399502380)|HEAP_ALLOCATE|[EXTERNAL]|Bytes:10
08:39:52.396 (399521873)|SYSTEM_METHOD_ENTRY|[1]|pagemessagecomponentcontroller.pagemessagecomponentcontroller()
08:39:52.396 (399530379)|STATEMENT_EXECUTE|[1]
08:39:52.420 (420219065)|CUMULATIVE_LIMIT_USAGE
08:39:52.420 (420219065)|LIMIT_USAGE_FOR_NS|(default)|
  Number of SOQL queries: 0 out of 100
  Number of query rows: 0 out of 50000
  Number of SOSL queries: 0 out of 20
  Number of DML statements: 0 out of 150
  Number of DML rows: 0 out of 10000
  Maximum CPU time: 0 out of 10000
  Maximum heap size: 0 out of 6000000
  Number of callouts: 0 out of 100
  Number of Email Invocations: 0 out of 10
  Number of future calls: 0 out of 50
  Number of queueable jobs added to the queue: 0 out of 50
  Number of Mobile Apex push calls: 0 out of 10

08:39:52.420 (420219065)|CUMULATIVE_LIMIT_USAGE_END

