40.0 APEX_CODE,FINEST;APEX_PROFILING,FINEST;CALLOUT,INFO;DB,INFO;SYSTEM,DEBUG;VALIDATION,INFO;VISUALFORCE,INFO;WAVE,INFO;WORKFLOW,INFO
12:35:16.0 (405590)|USER_INFO|[EXTERNAL]|005E0000004yLLO|worldcare@sadhanaconsulting.com.devfull|Eastern Standard Time|GMT-05:00
12:35:16.0 (452817)|EXECUTION_STARTED
12:35:16.0 (458304)|CODE_UNIT_STARTED|[EXTERNAL]|TRIGGERS
12:35:16.0 (1808280)|CODE_UNIT_STARTED|[EXTERNAL]|01qV0000000DErk|LocalTimeUserTrigger on User trigger event BeforeUpdate for [005E0000004yLLO]
12:35:16.0 (1868705)|HEAP_ALLOCATE|[EXTERNAL]|Bytes:8
12:35:16.0 (1909646)|HEAP_ALLOCATE|[EXTERNAL]|Bytes:8
12:35:16.0 (2331606)|HEAP_ALLOCATE|[72]|Bytes:3
12:35:16.0 (2393780)|HEAP_ALLOCATE|[77]|Bytes:152
12:35:16.0 (2417532)|HEAP_ALLOCATE|[342]|Bytes:408
12:35:16.0 (2440074)|HEAP_ALLOCATE|[355]|Bytes:408
12:35:16.0 (2461449)|HEAP_ALLOCATE|[467]|Bytes:48
12:35:16.0 (2497644)|HEAP_ALLOCATE|[139]|Bytes:6
12:35:16.0 (2532310)|HEAP_ALLOCATE|[EXTERNAL]|Bytes:4
12:35:16.0 (2541941)|VARIABLE_SCOPE_BEGIN|[5]|this|LocalTimeUserTrigger|true|false
12:35:16.0 (2587675)|VARIABLE_ASSIGNMENT|[5]|this|{}|0x2c885783
12:35:16.0 (2621253)|HEAP_ALLOCATE|[EXTERNAL]|Bytes:4
12:35:16.0 (2629701)|VARIABLE_SCOPE_BEGIN|[5]|this|LocalTimeUserTrigger|true|false
12:35:16.0 (2642204)|VARIABLE_ASSIGNMENT|[5]|this|{}|0x2c885783
12:35:16.0 (2651981)|STATEMENT_EXECUTE|[5]
12:35:16.0 (2692769)|HEAP_ALLOCATE|[50]|Bytes:5
12:35:16.0 (2726803)|HEAP_ALLOCATE|[56]|Bytes:5
12:35:16.0 (2739680)|HEAP_ALLOCATE|[64]|Bytes:7
12:35:16.0 (3144573)|HEAP_ALLOCATE|[7]|Bytes:5
12:35:16.0 (3200927)|HEAP_ALLOCATE|[7]|Bytes:4
12:35:16.0 (3217067)|VARIABLE_SCOPE_BEGIN|[7]|u|User|true|false
12:35:16.0 (32338320)|VARIABLE_ASSIGNMENT|[7]|u|{"ProfileId":"00eE0000000zEdeIAE","LastModifiedDate":"2017-11-10T17:29:06.000Z","ReceivesAdminInfoEma (3 more) ...":false,"Email":"depot@sadhanaconsult (7 more) ...","TimeZoneSidKey":"America/New_York","LanguageLocaleKey":"fr","UserRoleId":"00EE0000000hj7TMAQ","License_Type__c":"Salesforce","IsActive":true,"Nurse__c":false,"LastLoginDate":"2017-11-10T16:55:46.000Z","PostalCode":"03820","ForecastEnabled":false,"IsExtIndicatorVisibl (1 more) ...":false,"DigestFrequency":"D","UTC_Offset__c":-4.00,"IsProfilePhotoActive":false,"Default_Patient_Coun (6 more) ...":"US","CompanyName":"Sadhana Consulting L (2 more) ...","CommunityNickname":"prozek","CreatedById":"005E0000002k2ScIAI","Street":"1 S Pine Street","Acquisition_Site__c":"001E000001HBa8R","Server_URL__c":"https://cs12.salesfo (17 more) ...","LastPasswordChangeDa (2 more) ...":"2017-10-10T13:48:13.000Z","LocaleSidKey":"en_US","FirstName":"Elissa","Name_Formula__c":"Elissa Sadhana Team  (5 more) ...","Title":"Consultant","City":"Dover","EmailEncodingKey":"ISO-8859-1","ReceivesInfoEmails":false,"SystemModstamp":"2017-11-10T17:29:06.000Z","User_18_Digit_ID__c":"005E0000004yLLOIA2","IsPortalEnabled":false,"Username":"worldcare@sadhanacon (19 more) ...","Alias":"Sadhana","DefaultGroupNotifica (13 more) ...":"N","CreatedDate":"2014-03-07T01:09:17.000Z","LastName":"Sadhana Team (WCI)","Id":"005E0000004yLLOIA2","IsPortalSelfRegister (2 more) ...":false,"UserType":"Standard","LastModifiedById":"005E0000004yLLOIA2"}|0x27c0050e
12:35:16.0 (32390281)|STATEMENT_EXECUTE|[7]
12:35:16.0 (32394134)|STATEMENT_EXECUTE|[9]
12:35:16.0 (32395406)|STATEMENT_EXECUTE|[9]
12:35:16.0 (32396624)|STATEMENT_EXECUTE|[10]
12:35:16.0 (33622518)|VARIABLE_SCOPE_BEGIN|[3]|LocalTime.NOT_AVAILABLE|String|false|true
12:35:16.0 (33636220)|VARIABLE_SCOPE_BEGIN|[9]|LocalTime.REGION_AFRICA|String|false|true
12:35:16.0 (33642517)|VARIABLE_SCOPE_BEGIN|[6]|LocalTime.REGION_ASIA|String|false|true
12:35:16.0 (33649248)|VARIABLE_SCOPE_BEGIN|[5]|LocalTime.REGION_EUROPE|String|false|true
12:35:16.0 (33655171)|VARIABLE_SCOPE_BEGIN|[11]|LocalTime.REGION_ISRAEL|String|false|true
12:35:16.0 (33661066)|VARIABLE_SCOPE_BEGIN|[4]|LocalTime.REGION_NA|String|false|true
12:35:16.0 (33666757)|VARIABLE_SCOPE_BEGIN|[10]|LocalTime.REGION_NZ|String|false|true
12:35:16.0 (33673104)|VARIABLE_SCOPE_BEGIN|[7]|LocalTime.REGION_OCEANIA|String|false|true
12:35:16.0 (33678909)|VARIABLE_SCOPE_BEGIN|[8]|LocalTime.REGION_SA|String|false|true
12:35:16.0 (33751502)|HEAP_ALLOCATE|[10]|Bytes:86
12:35:16.0 (33770888)|HEAP_ALLOCATE|[10]|Bytes:3
12:35:16.0 (33819082)|VARIABLE_ASSIGNMENT|[10]|LocalTime.NOT_AVAILABLE|"N/A"
12:35:16.0 (33826602)|HEAP_ALLOCATE|[10]|Bytes:6
12:35:16.0 (33834951)|VARIABLE_ASSIGNMENT|[10]|LocalTime.REGION_AFRICA|"AFRICA"
12:35:16.0 (33845042)|HEAP_ALLOCATE|[10]|Bytes:4
12:35:16.0 (33853255)|VARIABLE_ASSIGNMENT|[10]|LocalTime.REGION_ASIA|"ASIA"
12:35:16.0 (33858536)|HEAP_ALLOCATE|[10]|Bytes:6
12:35:16.0 (33866018)|VARIABLE_ASSIGNMENT|[10]|LocalTime.REGION_EUROPE|"EUROPE"
12:35:16.0 (33870632)|HEAP_ALLOCATE|[10]|Bytes:6
12:35:16.0 (33877524)|VARIABLE_ASSIGNMENT|[10]|LocalTime.REGION_ISRAEL|"ISRAEL"
12:35:16.0 (33882433)|HEAP_ALLOCATE|[10]|Bytes:2
12:35:16.0 (33888897)|VARIABLE_ASSIGNMENT|[10]|LocalTime.REGION_NA|"NA"
12:35:16.0 (33893803)|HEAP_ALLOCATE|[10]|Bytes:2
12:35:16.0 (33900258)|VARIABLE_ASSIGNMENT|[10]|LocalTime.REGION_NZ|"NZ"
12:35:16.0 (33905091)|HEAP_ALLOCATE|[10]|Bytes:7
12:35:16.0 (33915506)|VARIABLE_ASSIGNMENT|[10]|LocalTime.REGION_OCEANIA|"OCEANIA"
12:35:16.0 (33920769)|HEAP_ALLOCATE|[10]|Bytes:2
12:35:16.0 (33927605)|VARIABLE_ASSIGNMENT|[10]|LocalTime.REGION_SA|"SA"
12:35:16.0 (33950841)|METHOD_ENTRY|[2]|01pE0000001ksei|LocalTime.LocalTime()
12:35:16.0 (33958438)|STATEMENT_EXECUTE|[2]
12:35:16.0 (33984348)|ENTERING_MANAGED_PKG|tz
12:35:16.0 (34009419)|METHOD_EXIT|[2]|LocalTime
12:35:16.0 (34069716)|METHOD_ENTRY|[10]|01pE0000001ksei|tz.LocalTime.getOffsetFull(String, String, String)
12:35:16.0 (34078925)|ENTERING_MANAGED_PKG|tz
12:35:16.0 (34317134)|ENTERING_MANAGED_PKG|tz
12:35:16.0 (34410076)|ENTERING_MANAGED_PKG|tz
12:35:16.0 (35633862)|SOQL_EXECUTE_BEGIN|[333]|Aggregations:0|SELECT tz__Country__c FROM tz__lt_country_names__mdt WHERE MasterLabel = :tmpVar1
12:35:16.0 (47388779)|SOQL_EXECUTE_END|[333]|Rows:1
12:35:16.0 (48053558)|ENTERING_MANAGED_PKG|tz
12:35:16.0 (48135932)|METHOD_EXIT|[10]|01pE0000001ksei|tz.LocalTime.getOffsetFull(String, String, String)
12:35:16.0 (48147022)|VARIABLE_SCOPE_BEGIN|[10]|jsonStr|String|false|false
12:35:16.0 (48178894)|VARIABLE_ASSIGNMENT|[10]|jsonStr|"{\"offset\":\"N/A\",\"dst (92 more) ..."
12:35:16.0 (48187054)|STATEMENT_EXECUTE|[11]
12:35:16.0 (48189224)|STATEMENT_EXECUTE|[12]
12:35:16.0 (48269378)|HEAP_ALLOCATE|[12]|Bytes:24
12:35:16.0 (48293218)|SYSTEM_METHOD_ENTRY|[1]|JSON.JSON()
12:35:16.0 (48297374)|STATEMENT_EXECUTE|[1]
12:35:16.0 (48309906)|SYSTEM_METHOD_EXIT|[1]|JSON
12:35:16.0 (48327279)|METHOD_ENTRY|[12]||System.JSON.deserializeUntyped(String)
12:35:16.0 (48819252)|METHOD_EXIT|[12]||System.JSON.deserializeUntyped(String)
12:35:16.0 (48833753)|VARIABLE_SCOPE_BEGIN|[12]|m|Map<String,ANY>|true|false
12:35:16.0 (48860451)|VARIABLE_ASSIGNMENT|[12]|m|"Map of size 6 too large to display"|0x78531509
12:35:16.0 (48868621)|STATEMENT_EXECUTE|[13]
12:35:16.0 (48873345)|HEAP_ALLOCATE|[13]|Bytes:6
12:35:16.0 (48918660)|VARIABLE_SCOPE_BEGIN|[13]|offset|String|false|false
12:35:16.0 (48932171)|VARIABLE_ASSIGNMENT|[13]|offset|"N/A"
12:35:16.0 (48939720)|HEAP_ALLOCATE|[14]|Bytes:3
12:35:16.0 (48974617)|STATEMENT_EXECUTE|[14]
12:35:16.0 (48994783)|HEAP_ALLOCATE|[7]|Bytes:5
12:35:16.0 (49013306)|VARIABLE_ASSIGNMENT|[7]|u|null|
12:35:16.49 (49026097)|CUMULATIVE_LIMIT_USAGE
12:35:16.49 (49026097)|LIMIT_USAGE_FOR_NS|(default)|
  Number of SOQL queries: 0 out of 100
  Number of query rows: 0 out of 50000
  Number of SOSL queries: 0 out of 20
  Number of DML statements: 0 out of 150
  Number of DML rows: 0 out of 10000
  Maximum CPU time: 0 out of 10000
  Maximum heap size: 0 out of 6000000
  Number of callouts: 0 out of 100
  Number of Email Invocations: 0 out of 10
  Number of future calls: 0 out of 50
  Number of queueable jobs added to the queue: 0 out of 50
  Number of Mobile Apex push calls: 0 out of 10

12:35:16.49 (49026097)|LIMIT_USAGE_FOR_NS|tz|
  Number of SOQL queries: 0 out of 100
  Number of query rows: 1 out of 50000
  Number of SOSL queries: 0 out of 20
  Number of DML statements: 0 out of 150
  Number of DML rows: 0 out of 10000
  Maximum CPU time: 0 out of 10000
  Maximum heap size: 0 out of 6000000
  Number of callouts: 0 out of 100
  Number of Email Invocations: 0 out of 10
  Number of future calls: 0 out of 50
  Number of queueable jobs added to the queue: 0 out of 50
  Number of Mobile Apex push calls: 0 out of 10

12:35:16.49 (49026097)|TOTAL_EMAIL_RECIPIENTS_QUEUED|0
12:35:16.49 (49026097)|STATIC_VARIABLE_LIST|
  char[]:DigitTens:0
  long:serialVersionUID:0
  String:_static_REGION_EUROPE:0
  String:_static_REGION_NA:0
  long:serialVersionUID:0
  double:MAX_VALUE:0
  Boolean:FALSE:0
  long:serialVersionUID:0
  String:_sfdcAdditionalCodeLocations:0
  double:MIN_VALUE:0
  int:SIZE:0
  double:NEGATIVE_INFINITY:0
  String:_static_NOT_AVAILABLE:0
  int:MAX_VALUE:0
  String:_static_REGION_ISRAEL:0
  char[]:digits:0
  double:NaN:0
  Boolean:TRUE:0
  String:_static_REGION_AFRICA:0
  String:_static_REGION_NZ:0
  String:_static_REGION_SA:0
  int:MIN_VALUE:0
  char[]:DigitOnes:0
  int:BYTES:0
  String:_sfdcAdditionalCodeLocations:0
  int:MIN_EXPONENT:0
  int[]:sizeTable:0
  String:_static_REGION_ASIA:0
  int:MAX_EXPONENT:0
  String:_static_REGION_OCEANIA:0
  int:SIZE:0
  double:POSITIVE_INFINITY:0
  double:MIN_NORMAL:0
  int:BYTES:0

12:35:16.49 (49026097)|CUMULATIVE_LIMIT_USAGE_END

12:35:16.0 (50322958)|CODE_UNIT_FINISHED|LocalTimeUserTrigger on User trigger event BeforeUpdate for [005E0000004yLLO]
12:35:16.158 (158257567)|ENTERING_MANAGED_PKG|skuid
12:35:16.159 (159394575)|CUMULATIVE_LIMIT_USAGE
12:35:16.159 (159394575)|LIMIT_USAGE_FOR_NS|(default)|
  Number of SOQL queries: 0 out of 100
  Number of query rows: 0 out of 50000
  Number of SOSL queries: 0 out of 20
  Number of DML statements: 0 out of 150
  Number of DML rows: 0 out of 10000
  Maximum CPU time: 0 out of 10000
  Maximum heap size: 0 out of 6000000
  Number of callouts: 0 out of 100
  Number of Email Invocations: 0 out of 10
  Number of future calls: 0 out of 50
  Number of queueable jobs added to the queue: 0 out of 50
  Number of Mobile Apex push calls: 0 out of 10

12:35:16.159 (159394575)|LIMIT_USAGE_FOR_NS|tz|
  Number of SOQL queries: 0 out of 100
  Number of query rows: 1 out of 50000
  Number of SOSL queries: 0 out of 20
  Number of DML statements: 0 out of 150
  Number of DML rows: 0 out of 10000
  Maximum CPU time: 0 out of 10000
  Maximum heap size: 0 out of 6000000
  Number of callouts: 0 out of 100
  Number of Email Invocations: 0 out of 10
  Number of future calls: 0 out of 50
  Number of queueable jobs added to the queue: 0 out of 50
  Number of Mobile Apex push calls: 0 out of 10

12:35:16.159 (159394575)|CUMULATIVE_LIMIT_USAGE_END

12:35:16.0 (163330969)|CODE_UNIT_STARTED|[EXTERNAL]|Workflow:User
12:35:16.0 (170929044)|WF_RULE_EVAL_BEGIN|Workflow
12:35:16.0 (170961889)|WF_CRITERIA_BEGIN|[User: Elissa Sadhana Team (WCI) 005E0000004yLLO]|Member_Community_New_User301V000000063fo|01QV00000001N6N|ON_CREATE_ONLY|0
12:35:16.0 (170972969)|WF_RULE_NOT_EVALUATED
12:35:16.0 (170983189)|WF_SPOOL_ACTION_BEGIN|Workflow
12:35:16.0 (170993379)|WF_ACTION| None
12:35:16.0 (170997500)|WF_RULE_EVAL_END
12:35:16.0 (171041108)|WF_ACTIONS_END| None
12:35:16.0 (171049916)|CODE_UNIT_FINISHED|Workflow:User
12:35:16.0 (183655348)|CODE_UNIT_STARTED|[EXTERNAL]|01qV0000000DErk|LocalTimeUserTrigger on User trigger event BeforeUpdate for [005E0000004yLLO]
12:35:16.0 (183720656)|HEAP_ALLOCATE|[EXTERNAL]|Bytes:8
12:35:16.0 (183753952)|HEAP_ALLOCATE|[EXTERNAL]|Bytes:8
12:35:16.0 (183835173)|HEAP_ALLOCATE|[EXTERNAL]|Bytes:4
12:35:16.0 (183853594)|VARIABLE_SCOPE_BEGIN|[5]|this|LocalTimeUserTrigger|true|false
12:35:16.0 (183895415)|VARIABLE_ASSIGNMENT|[5]|this|{}|0x6bb62523
12:35:16.0 (183944236)|HEAP_ALLOCATE|[EXTERNAL]|Bytes:4
12:35:16.0 (183953676)|VARIABLE_SCOPE_BEGIN|[5]|this|LocalTimeUserTrigger|true|false
12:35:16.0 (183967037)|VARIABLE_ASSIGNMENT|[5]|this|{}|0x6bb62523
12:35:16.0 (183976266)|STATEMENT_EXECUTE|[5]
12:35:16.0 (184086284)|HEAP_ALLOCATE|[7]|Bytes:5
12:35:16.0 (184118862)|HEAP_ALLOCATE|[7]|Bytes:4
12:35:16.0 (184137211)|VARIABLE_SCOPE_BEGIN|[7]|u|User|true|false
12:35:16.0 (188614789)|VARIABLE_ASSIGNMENT|[7]|u|{"ProfileId":"00eE0000000zEdeIAE","LastModifiedDate":"2017-11-10T17:35:16.000Z","ReceivesAdminInfoEma (3 more) ...":false,"Email":"depot@sadhanaconsult (7 more) ...","TimeZoneSidKey":"America/New_York","LanguageLocaleKey":"en_US","UserRoleId":"00EE0000000hj7TMAQ","License_Type__c":"Salesforce","IsActive":true,"Nurse__c":false,"LastLoginDate":"2017-11-10T16:55:46.000Z","PostalCode":"03820","ForecastEnabled":false,"IsExtIndicatorVisibl (1 more) ...":false,"DigestFrequency":"D","UTC_Offset__c":-4.00,"IsProfilePhotoActive":false,"Default_Patient_Coun (6 more) ...":"US","CompanyName":"Sadhana Consulting L (2 more) ...","CommunityNickname":"prozek","CreatedById":"005E0000002k2ScIAI","Street":"1 S Pine Street","Acquisition_Site__c":"001E000001HBa8R","Server_URL__c":"https://cs12.salesfo (17 more) ...","LastPasswordChangeDa (2 more) ...":"2017-10-10T13:48:13.000Z","LocaleSidKey":"en_US","FirstName":"Elissa","Name_Formula__c":"Elissa Sadhana Team  (5 more) ...","Title":"Consultant","City":"Dover","EmailEncodingKey":"ISO-8859-1","ReceivesInfoEmails":false,"SystemModstamp":"2017-11-10T17:35:16.000Z","User_18_Digit_ID__c":"005E0000004yLLOIA2","IsPortalEnabled":false,"Username":"worldcare@sadhanacon (19 more) ...","Alias":"Sadhana","DefaultGroupNotifica (13 more) ...":"N","CreatedDate":"2014-03-07T01:09:17.000Z","LastName":"Sadhana Team (WCI)","Id":"005E0000004yLLOIA2","IsPortalSelfRegister (2 more) ...":false,"UserType":"Standard","LastModifiedById":"005E0000004yLLOIA2"}|0x41a96a9c
12:35:16.0 (188647106)|STATEMENT_EXECUTE|[7]
12:35:16.0 (188649274)|STATEMENT_EXECUTE|[9]
12:35:16.0 (188650382)|STATEMENT_EXECUTE|[9]
12:35:16.0 (188651439)|STATEMENT_EXECUTE|[10]
12:35:16.0 (188729354)|METHOD_ENTRY|[10]|01pE0000001ksei|tz.LocalTime.getOffsetFull(String, String, String)
12:35:16.0 (188743295)|ENTERING_MANAGED_PKG|tz
12:35:16.0 (188791075)|ENTERING_MANAGED_PKG|tz
12:35:16.0 (188852162)|ENTERING_MANAGED_PKG|tz
12:35:16.0 (189274872)|SOQL_EXECUTE_BEGIN|[333]|Aggregations:0|SELECT tz__Country__c FROM tz__lt_country_names__mdt WHERE MasterLabel = :tmpVar1
12:35:16.0 (200201939)|SOQL_EXECUTE_END|[333]|Rows:1
12:35:16.0 (200591399)|ENTERING_MANAGED_PKG|tz
12:35:16.0 (200663082)|METHOD_EXIT|[10]|01pE0000001ksei|tz.LocalTime.getOffsetFull(String, String, String)
12:35:16.0 (200673637)|VARIABLE_SCOPE_BEGIN|[10]|jsonStr|String|false|false
12:35:16.0 (200701057)|VARIABLE_ASSIGNMENT|[10]|jsonStr|"{\"offset\":\"N/A\",\"dst (92 more) ..."
12:35:16.0 (200707671)|STATEMENT_EXECUTE|[11]
12:35:16.0 (200709624)|STATEMENT_EXECUTE|[12]
12:35:16.0 (200719954)|METHOD_ENTRY|[12]||System.JSON.deserializeUntyped(String)
12:35:16.0 (201176012)|METHOD_EXIT|[12]||System.JSON.deserializeUntyped(String)
12:35:16.0 (201191322)|VARIABLE_SCOPE_BEGIN|[12]|m|Map<String,ANY>|true|false
12:35:16.0 (201217642)|VARIABLE_ASSIGNMENT|[12]|m|"Map of size 6 too large to display"|0x3b0b5ad1
12:35:16.0 (201226006)|STATEMENT_EXECUTE|[13]
12:35:16.0 (201245597)|VARIABLE_SCOPE_BEGIN|[13]|offset|String|false|false
12:35:16.0 (201256561)|VARIABLE_ASSIGNMENT|[13]|offset|"N/A"
12:35:16.0 (201282197)|STATEMENT_EXECUTE|[14]
12:35:16.0 (201303638)|HEAP_ALLOCATE|[7]|Bytes:5
12:35:16.0 (201327013)|VARIABLE_ASSIGNMENT|[7]|u|null|
12:35:16.201 (201340679)|CUMULATIVE_LIMIT_USAGE
12:35:16.201 (201340679)|LIMIT_USAGE_FOR_NS|(default)|
  Number of SOQL queries: 0 out of 100
  Number of query rows: 0 out of 50000
  Number of SOSL queries: 0 out of 20
  Number of DML statements: 0 out of 150
  Number of DML rows: 0 out of 10000
  Maximum CPU time: 0 out of 10000
  Maximum heap size: 0 out of 6000000
  Number of callouts: 0 out of 100
  Number of Email Invocations: 0 out of 10
  Number of future calls: 0 out of 50
  Number of queueable jobs added to the queue: 0 out of 50
  Number of Mobile Apex push calls: 0 out of 10

12:35:16.201 (201340679)|LIMIT_USAGE_FOR_NS|tz|
  Number of SOQL queries: 0 out of 100
  Number of query rows: 1 out of 50000
  Number of SOSL queries: 0 out of 20
  Number of DML statements: 0 out of 150
  Number of DML rows: 0 out of 10000
  Maximum CPU time: 0 out of 10000
  Maximum heap size: 0 out of 6000000
  Number of callouts: 0 out of 100
  Number of Email Invocations: 0 out of 10
  Number of future calls: 0 out of 50
  Number of queueable jobs added to the queue: 0 out of 50
  Number of Mobile Apex push calls: 0 out of 10

12:35:16.201 (201340679)|TOTAL_EMAIL_RECIPIENTS_QUEUED|0
12:35:16.201 (201340679)|STATIC_VARIABLE_LIST|
  char[]:DigitTens:0
  long:serialVersionUID:0
  String:_static_REGION_EUROPE:0
  String:_static_REGION_NA:0
  long:serialVersionUID:0
  double:MAX_VALUE:0
  Boolean:FALSE:0
  long:serialVersionUID:0
  String:_sfdcAdditionalCodeLocations:0
  double:MIN_VALUE:0
  int:SIZE:0
  double:NEGATIVE_INFINITY:0
  String:_static_NOT_AVAILABLE:0
  int:MAX_VALUE:0
  String:_static_REGION_ISRAEL:0
  char[]:digits:0
  double:NaN:0
  Boolean:TRUE:0
  String:_static_REGION_AFRICA:0
  String:_static_REGION_NZ:0
  String:_static_REGION_SA:0
  int:MIN_VALUE:0
  String:_sfdcAdditionalCodeLocations:0
  char[]:DigitOnes:0
  int:BYTES:0
  String:_sfdcAdditionalCodeLocations:0
  int:MIN_EXPONENT:0
  int[]:sizeTable:0
  String:_static_REGION_ASIA:0
  int:MAX_EXPONENT:0
  String:_static_REGION_OCEANIA:0
  int:SIZE:0
  double:POSITIVE_INFINITY:0
  double:MIN_NORMAL:0
  int:BYTES:0

12:35:16.201 (201340679)|CUMULATIVE_LIMIT_USAGE_END

12:35:16.0 (203015602)|CODE_UNIT_FINISHED|LocalTimeUserTrigger on User trigger event BeforeUpdate for [005E0000004yLLO]
12:35:16.260 (260674779)|ENTERING_MANAGED_PKG|skuid
12:35:16.261 (261855395)|CUMULATIVE_LIMIT_USAGE
12:35:16.261 (261855395)|LIMIT_USAGE_FOR_NS|(default)|
  Number of SOQL queries: 0 out of 100
  Number of query rows: 0 out of 50000
  Number of SOSL queries: 0 out of 20
  Number of DML statements: 0 out of 150
  Number of DML rows: 0 out of 10000
  Maximum CPU time: 0 out of 10000
  Maximum heap size: 0 out of 6000000
  Number of callouts: 0 out of 100
  Number of Email Invocations: 0 out of 10
  Number of future calls: 0 out of 50
  Number of queueable jobs added to the queue: 0 out of 50
  Number of Mobile Apex push calls: 0 out of 10

12:35:16.261 (261855395)|LIMIT_USAGE_FOR_NS|tz|
  Number of SOQL queries: 0 out of 100
  Number of query rows: 1 out of 50000
  Number of SOSL queries: 0 out of 20
  Number of DML statements: 0 out of 150
  Number of DML rows: 0 out of 10000
  Maximum CPU time: 0 out of 10000
  Maximum heap size: 0 out of 6000000
  Number of callouts: 0 out of 100
  Number of Email Invocations: 0 out of 10
  Number of future calls: 0 out of 50
  Number of queueable jobs added to the queue: 0 out of 50
  Number of Mobile Apex push calls: 0 out of 10

12:35:16.261 (261855395)|CUMULATIVE_LIMIT_USAGE_END

12:35:16.0 (265755093)|CODE_UNIT_STARTED|[EXTERNAL]|Workflow:User
12:35:16.0 (273047175)|WF_RULE_EVAL_BEGIN|Workflow
12:35:16.0 (273077904)|WF_CRITERIA_BEGIN|[User: Elissa Sadhana Team (WCI) 005E0000004yLLO]|Member_Community_New_User301V000000063fo|01QV00000001N6N|ON_CREATE_ONLY|0
12:35:16.0 (273089641)|WF_RULE_NOT_EVALUATED
12:35:16.0 (273100418)|WF_SPOOL_ACTION_BEGIN|Workflow
12:35:16.0 (273111039)|WF_ACTION| None
12:35:16.0 (273115281)|WF_RULE_EVAL_END
12:35:16.0 (273166035)|WF_ACTIONS_END| None
12:35:16.0 (273176224)|CODE_UNIT_FINISHED|Workflow:User
12:35:16.0 (429947651)|CODE_UNIT_FINISHED|TRIGGERS
12:35:16.0 (429973038)|EXECUTION_FINISHED
12:35:16.438 (438910687)|CUMULATIVE_PROFILING_BEGIN
12:35:16.438 (438910687)|CUMULATIVE_PROFILING|SOQL operations|
(tz): [SELECT tz__Country__c FROM tz__lt_country_names__mdt WHERE MasterLabel = :countryCode]: executed 2 times in 24 ms

12:35:16.438 (438910687)|CUMULATIVE_PROFILING|No profiling information for SOSL operations
12:35:16.438 (438910687)|CUMULATIVE_PROFILING|No profiling information for DML operations
12:35:16.438 (438910687)|CUMULATIVE_PROFILING|method invocations|
Trigger.LocalTimeUserTrigger: line 10, column 1: webService static String getOffsetFull(String, String, String): executed 2 times in 26 ms
External entry point: public void invoke(): executed 1 time in 17 ms
Trigger.LocalTimeUserTrigger: line 12, column 1: global static Object deserializeUntyped(String): executed 2 times in 1 ms
Trigger.LocalTimeUserTrigger: line 7, column 1: global public System.Iterator iterator(): executed 6 times in 0 ms
Trigger.LocalTimeUserTrigger: line 13, column 1: global public Object get(Object): executed 2 times in 0 ms

12:35:16.438 (438910687)|CUMULATIVE_PROFILING_END
