41.0 APEX_CODE,FINEST;APEX_PROFILING,FINEST;CALLOUT,INFO;DB,INFO;SYSTEM,DEBUG;VALIDATION,INFO;VISUALFORCE,INFO;WAVE,INFO;WORKFLOW,INFO
15:46:29.2 (2045743)|USER_INFO|[EXTERNAL]|005E0000004yLLO|worldcare@sadhanaconsulting.com.devfull|Eastern Standard Time|GMT-05:00
15:46:29.2 (2100778)|EXECUTION_STARTED
15:46:29.2 (2107200)|CODE_UNIT_STARTED|[EXTERNAL]|VisualForce View State
15:46:29.2 (8437804)|HEAP_ALLOCATE|[72]|Bytes:3
15:46:29.2 (8496685)|HEAP_ALLOCATE|[77]|Bytes:152
15:46:29.2 (8518425)|HEAP_ALLOCATE|[342]|Bytes:408
15:46:29.2 (8541081)|HEAP_ALLOCATE|[355]|Bytes:408
15:46:29.2 (8562346)|HEAP_ALLOCATE|[467]|Bytes:48
15:46:29.2 (8599624)|HEAP_ALLOCATE|[139]|Bytes:6
15:46:29.2 (13101361)|CODE_UNIT_FINISHED|VisualForce View State
15:46:29.2 (14218826)|EXECUTION_FINISHED
15:46:31.525 (2525473359)|USER_INFO|[EXTERNAL]|005E0000004yLLO|worldcare@sadhanaconsulting.com.devfull|Eastern Standard Time|GMT-05:00
15:46:31.525 (2526322034)|SYSTEM_MODE_ENTER|true
15:46:31.525 (2526385338)|HEAP_ALLOCATE|[EXTERNAL]|Bytes:120
15:46:31.525 (2526405811)|HEAP_ALLOCATE|[EXTERNAL]|Bytes:10
15:46:31.525 (2526424839)|SYSTEM_METHOD_ENTRY|[1]|pagemessagecomponentcontroller.pagemessagecomponentcontroller()
15:46:31.525 (2526432114)|STATEMENT_EXECUTE|[1]
15:46:31.626 (2626478932)|CUMULATIVE_LIMIT_USAGE
15:46:31.626 (2626478932)|LIMIT_USAGE_FOR_NS|(default)|
  Number of SOQL queries: 0 out of 100
  Number of query rows: 0 out of 50000
  Number of SOSL queries: 0 out of 20
  Number of DML statements: 0 out of 150
  Number of DML rows: 0 out of 10000
  Maximum CPU time: 0 out of 10000
  Maximum heap size: 0 out of 6000000
  Number of callouts: 0 out of 100
  Number of Email Invocations: 0 out of 10
  Number of future calls: 0 out of 50
  Number of queueable jobs added to the queue: 0 out of 50
  Number of Mobile Apex push calls: 0 out of 10

15:46:31.626 (2626478932)|CUMULATIVE_LIMIT_USAGE_END

