41.0 APEX_CODE,FINEST;APEX_PROFILING,FINEST;CALLOUT,INFO;DB,INFO;SYSTEM,DEBUG;VALIDATION,INFO;VISUALFORCE,INFO;WAVE,INFO;WORKFLOW,INFO
11:21:41.0 (504442)|USER_INFO|[EXTERNAL]|005E0000004yLLO|worldcare@sadhanaconsulting.com.devfull|Eastern Standard Time|GMT-05:00
11:21:41.0 (564223)|EXECUTION_STARTED
11:21:41.0 (571827)|CODE_UNIT_STARTED|[EXTERNAL]|01pV0000000LQk8|portalAccount.CreateNewAccount
11:21:41.0 (979795)|HEAP_ALLOCATE|[72]|Bytes:3
11:21:41.0 (1048528)|HEAP_ALLOCATE|[77]|Bytes:152
11:21:41.0 (1079122)|HEAP_ALLOCATE|[342]|Bytes:408
11:21:41.0 (1107177)|HEAP_ALLOCATE|[355]|Bytes:408
11:21:41.0 (1135082)|HEAP_ALLOCATE|[467]|Bytes:48
11:21:41.0 (1178407)|HEAP_ALLOCATE|[139]|Bytes:6
11:21:41.0 (1249596)|HEAP_ALLOCATE|[EXTERNAL]|Bytes:252
11:21:41.0 (1258924)|HEAP_ALLOCATE|[EXTERNAL]|Bytes:25
11:21:41.0 (1269891)|SYSTEM_METHOD_ENTRY|[1]|RestRequest.RestRequest()
11:21:41.0 (1278648)|STATEMENT_EXECUTE|[1]
11:21:41.0 (1291248)|SYSTEM_METHOD_EXIT|[1]|RestRequest
11:21:41.0 (1305278)|HEAP_ALLOCATE|[EXTERNAL]|Bytes:32
11:21:41.0 (1332589)|HEAP_ALLOCATE|[EXTERNAL]|Bytes:8
11:21:41.0 (1337230)|HEAP_ALLOCATE|[EXTERNAL]|Bytes:10
11:21:41.0 (1347612)|VARIABLE_SCOPE_BEGIN|[16]|this|System.RestRequest|true|false
11:21:41.0 (1421940)|VARIABLE_ASSIGNMENT|[16]|this|{}|0x6757fd8c
11:21:41.0 (1430816)|VARIABLE_SCOPE_BEGIN|[16]|request|java:com.force.swag.rest.RestRequest|true|false
11:21:41.0 (1563843)|VARIABLE_ASSIGNMENT|[16]|request|"com.force.swag.rest.RestRequestServletImpl@578224f7"|0x578224f7
11:21:41.0 (1577315)|VARIABLE_SCOPE_BEGIN|[16]|urlMapping|String|false|false
11:21:41.0 (1589370)|VARIABLE_ASSIGNMENT|[16]|urlMapping|"/Account/*"
11:21:41.0 (2182161)|HEAP_ALLOCATE|[EXTERNAL]|Bytes:32
11:21:41.0 (2191883)|HEAP_ALLOCATE|[EXTERNAL]|Bytes:6
11:21:41.0 (2194931)|HEAP_ALLOCATE|[EXTERNAL]|Bytes:3
11:21:41.0 (2208622)|VARIABLE_SCOPE_BEGIN|[28]|this|System.RestRequest|true|false
11:21:41.0 (2249674)|VARIABLE_ASSIGNMENT|[28]|this|{"headers":"0x4284e863","httpMethod":"POST","params":"0x79edfc01","remoteAddress":"198.46.82.32","requestURI":"/Account","resourcePath":"/services/apexrest/A (8 more) ..."}|0x6757fd8c
11:21:41.0 (2263815)|VARIABLE_SCOPE_BEGIN|[28]|name|String|false|false
11:21:41.0 (2271472)|VARIABLE_ASSIGNMENT|[28]|name|"Accept"
11:21:41.0 (2275706)|VARIABLE_SCOPE_BEGIN|[28]|value|String|false|false
11:21:41.0 (2284350)|VARIABLE_ASSIGNMENT|[28]|value|"\u002A/*"
11:21:41.0 (2404243)|HEAP_ALLOCATE|[EXTERNAL]|Bytes:32
11:21:41.0 (2411557)|HEAP_ALLOCATE|[EXTERNAL]|Bytes:11
11:21:41.0 (2414375)|HEAP_ALLOCATE|[EXTERNAL]|Bytes:44
11:21:41.0 (2419227)|VARIABLE_SCOPE_BEGIN|[28]|this|System.RestRequest|true|false
11:21:41.0 (2456229)|VARIABLE_ASSIGNMENT|[28]|this|{"headers":"0x4284e863","httpMethod":"POST","params":"0x79edfc01","remoteAddress":"198.46.82.32","requestURI":"/Account","resourcePath":"/services/apexrest/A (8 more) ..."}|0x6757fd8c
11:21:41.0 (2464647)|VARIABLE_SCOPE_BEGIN|[28]|name|String|false|false
11:21:41.0 (2472506)|VARIABLE_ASSIGNMENT|[28]|name|"CipherSuite"
11:21:41.0 (2478903)|VARIABLE_SCOPE_BEGIN|[28]|value|String|false|false
11:21:41.0 (2487629)|VARIABLE_ASSIGNMENT|[28]|value|"ECDHE-RSA-AES256-GCM (24 more) ..."
11:21:41.0 (2545694)|HEAP_ALLOCATE|[EXTERNAL]|Bytes:32
11:21:41.0 (2552163)|HEAP_ALLOCATE|[EXTERNAL]|Bytes:4
11:21:41.0 (2554890)|HEAP_ALLOCATE|[EXTERNAL]|Bytes:19
11:21:41.0 (2559199)|VARIABLE_SCOPE_BEGIN|[28]|this|System.RestRequest|true|false
11:21:41.0 (2587830)|VARIABLE_ASSIGNMENT|[28]|this|{"headers":"0x4284e863","httpMethod":"POST","params":"0x79edfc01","remoteAddress":"198.46.82.32","requestURI":"/Account","resourcePath":"/services/apexrest/A (8 more) ..."}|0x6757fd8c
11:21:41.0 (2596341)|VARIABLE_SCOPE_BEGIN|[28]|name|String|false|false
11:21:41.0 (2606707)|VARIABLE_ASSIGNMENT|[28]|name|"Host"
11:21:41.0 (2610556)|VARIABLE_SCOPE_BEGIN|[28]|value|String|false|false
11:21:41.0 (2623190)|VARIABLE_ASSIGNMENT|[28]|value|"cs12.salesforce.com"
11:21:41.0 (2684100)|HEAP_ALLOCATE|[EXTERNAL]|Bytes:32
11:21:41.0 (2690625)|HEAP_ALLOCATE|[EXTERNAL]|Bytes:16
11:21:41.0 (2693210)|HEAP_ALLOCATE|[EXTERNAL]|Bytes:12
11:21:41.0 (2697492)|VARIABLE_SCOPE_BEGIN|[28]|this|System.RestRequest|true|false
11:21:41.0 (2736448)|VARIABLE_ASSIGNMENT|[28]|this|{"headers":"0x4284e863","httpMethod":"POST","params":"0x79edfc01","remoteAddress":"198.46.82.32","requestURI":"/Account","resourcePath":"/services/apexrest/A (8 more) ..."}|0x6757fd8c
11:21:41.0 (2756745)|VARIABLE_SCOPE_BEGIN|[28]|name|String|false|false
11:21:41.0 (2772198)|VARIABLE_ASSIGNMENT|[28]|name|"X-Salesforce-SIP"
11:21:41.0 (2780591)|VARIABLE_SCOPE_BEGIN|[28]|value|String|false|false
11:21:41.0 (2788710)|VARIABLE_ASSIGNMENT|[28]|value|"198.46.82.32"
11:21:41.0 (2863665)|HEAP_ALLOCATE|[EXTERNAL]|Bytes:32
11:21:41.0 (2870915)|HEAP_ALLOCATE|[EXTERNAL]|Bytes:12
11:21:41.0 (2873675)|HEAP_ALLOCATE|[EXTERNAL]|Bytes:16
11:21:41.0 (2878207)|VARIABLE_SCOPE_BEGIN|[28]|this|System.RestRequest|true|false
11:21:41.0 (2911247)|VARIABLE_ASSIGNMENT|[28]|this|{"headers":"0x4284e863","httpMethod":"POST","params":"0x79edfc01","remoteAddress":"198.46.82.32","requestURI":"/Account","resourcePath":"/services/apexrest/A (8 more) ..."}|0x6757fd8c
11:21:41.0 (2923533)|VARIABLE_SCOPE_BEGIN|[28]|name|String|false|false
11:21:41.0 (2930740)|VARIABLE_ASSIGNMENT|[28]|name|"Content-Type"
11:21:41.0 (2934540)|VARIABLE_SCOPE_BEGIN|[28]|value|String|false|false
11:21:41.0 (2941013)|VARIABLE_ASSIGNMENT|[28]|value|"application/json"
11:21:41.0 (3058868)|HEAP_ALLOCATE|[EXTERNAL]|Bytes:156
11:21:41.0 (3074205)|HEAP_ALLOCATE|[EXTERNAL]|Bytes:10
11:21:41.0 (3087784)|SYSTEM_METHOD_ENTRY|[1]|RestResponse.RestResponse()
11:21:41.0 (3094033)|STATEMENT_EXECUTE|[1]
11:21:41.0 (3101667)|SYSTEM_METHOD_EXIT|[1]|RestResponse
11:21:41.0 (3108472)|HEAP_ALLOCATE|[EXTERNAL]|Bytes:16
11:21:41.0 (3114265)|VARIABLE_SCOPE_BEGIN|[7]|this|System.RestResponse|true|false
11:21:41.0 (3136601)|VARIABLE_ASSIGNMENT|[7]|this|{}|0x210ec52d
11:21:41.0 (3297951)|VARIABLE_SCOPE_BEGIN|[4]|RestContext.request|System.RestRequest|true|true
11:21:41.0 (3308611)|VARIABLE_SCOPE_BEGIN|[5]|RestContext.response|System.RestResponse|true|true
11:21:41.0 (3323678)|HEAP_ALLOCATE|[EXTERNAL]|Bytes:112
11:21:41.0 (3334376)|HEAP_ALLOCATE|[EXTERNAL]|Bytes:5
11:21:41.0 (3353114)|SYSTEM_METHOD_ENTRY|[2]|RestContext.RestContext()
11:21:41.0 (3360497)|STATEMENT_EXECUTE|[2]
11:21:41.0 (3370306)|SYSTEM_METHOD_EXIT|[2]|RestContext
11:21:41.0 (3379381)|HEAP_ALLOCATE|[EXTERNAL]|Bytes:32
11:21:41.0 (3422940)|VARIABLE_ASSIGNMENT|[EXTERNAL]|RestContext.request|{"headers":"0x4284e863","httpMethod":"POST","params":"0x79edfc01","remoteAddress":"198.46.82.32","requestURI":"/Account","resourcePath":"/services/apexrest/A (8 more) ..."}|0x6757fd8c
11:21:41.0 (3450048)|HEAP_ALLOCATE|[EXTERNAL]|Bytes:16
11:21:41.0 (3493245)|VARIABLE_ASSIGNMENT|[EXTERNAL]|RestContext.response|{"headers":"0x676de867"}|0x210ec52d
11:21:41.0 (3915143)|HEAP_ALLOCATE|[EXTERNAL]|Bytes:4
11:21:41.0 (3933733)|METHOD_ENTRY|[2]|01pV0000000LQk8|portalAccount.portalAccount()
11:21:41.0 (3940168)|STATEMENT_EXECUTE|[2]
11:21:41.0 (3949017)|STATEMENT_EXECUTE|[2]
11:21:41.0 (4521007)|SYSTEM_MODE_ENTER|false
11:21:41.0 (4542510)|HEAP_ALLOCATE|[EXTERNAL]|Bytes:5
11:21:41.0 (4555093)|SYSTEM_MODE_EXIT|false
11:21:41.0 (4565253)|METHOD_EXIT|[2]|portalAccount
11:21:41.0 (4571767)|HEAP_ALLOCATE|[EXTERNAL]|Bytes:7
11:21:41.0 (4574762)|HEAP_ALLOCATE|[EXTERNAL]|Bytes:7
11:21:41.0 (4582137)|HEAP_ALLOCATE|[EXTERNAL]|Bytes:14
11:21:41.0 (4585240)|HEAP_ALLOCATE|[EXTERNAL]|Bytes:6
11:21:41.0 (4588308)|HEAP_ALLOCATE|[EXTERNAL]|Bytes:4
11:21:41.0 (4590925)|HEAP_ALLOCATE|[EXTERNAL]|Bytes:6
11:21:41.0 (4593595)|HEAP_ALLOCATE|[EXTERNAL]|Bytes:25
11:21:41.0 (4596081)|HEAP_ALLOCATE|[EXTERNAL]|Bytes:12
11:21:41.0 (4598855)|HEAP_ALLOCATE|[EXTERNAL]|Bytes:12
11:21:41.0 (4602482)|HEAP_ALLOCATE|[EXTERNAL]|Bytes:13
11:21:41.0 (4607972)|HEAP_ALLOCATE|[EXTERNAL]|Bytes:5
11:21:41.0 (4611370)|HEAP_ALLOCATE|[EXTERNAL]|Bytes:9
11:21:41.0 (4614013)|HEAP_ALLOCATE|[EXTERNAL]|Bytes:10
11:21:41.0 (4616458)|HEAP_ALLOCATE|[EXTERNAL]|Bytes:6
11:21:41.0 (4618801)|HEAP_ALLOCATE|[EXTERNAL]|Bytes:5
11:21:41.0 (4627069)|VARIABLE_SCOPE_BEGIN|[31]|UID|String|false|false
11:21:41.0 (4641795)|VARIABLE_ASSIGNMENT|[31]|UID|"MLK-001"
11:21:41.0 (4646644)|VARIABLE_SCOPE_BEGIN|[31]|partner|String|false|false
11:21:41.0 (4653522)|VARIABLE_ASSIGNMENT|[31]|partner|"1.800MD"
11:21:41.0 (4660291)|VARIABLE_SCOPE_BEGIN|[31]|firstName|String|false|false
11:21:41.0 (4669380)|VARIABLE_ASSIGNMENT|[31]|firstName|"Manuela-Tester"
11:21:41.0 (4674019)|VARIABLE_SCOPE_BEGIN|[31]|lastName|String|false|false
11:21:41.0 (4680436)|VARIABLE_ASSIGNMENT|[31]|lastName|"Kayser"
11:21:41.0 (4693889)|VARIABLE_SCOPE_BEGIN|[31]|DOB|Date|false|false
11:21:41.0 (4725461)|VARIABLE_ASSIGNMENT|[31]|DOB|"1990-10-31T00:00:00.000Z"
11:21:41.0 (4731033)|VARIABLE_SCOPE_BEGIN|[31]|sex|String|false|false
11:21:41.0 (4737691)|VARIABLE_ASSIGNMENT|[31]|sex|"Female"
11:21:41.0 (4741764)|VARIABLE_SCOPE_BEGIN|[31]|email|String|false|false
11:21:41.0 (4749605)|VARIABLE_ASSIGNMENT|[31]|email|"manuela.lkayser@gmai (5 more) ..."
11:21:41.0 (4758911)|VARIABLE_SCOPE_BEGIN|[31]|homePhone|String|false|false
11:21:41.0 (4766164)|VARIABLE_ASSIGNMENT|[31]|homePhone|"111-222-3333"
11:21:41.0 (4770333)|VARIABLE_SCOPE_BEGIN|[31]|mobilePhone|String|false|false
11:21:41.0 (4778002)|VARIABLE_ASSIGNMENT|[31]|mobilePhone|"212-333-5555"
11:21:41.0 (4785758)|VARIABLE_SCOPE_BEGIN|[31]|country|String|false|false
11:21:41.0 (4793553)|VARIABLE_ASSIGNMENT|[31]|country|"United States"
11:21:41.0 (4797628)|VARIABLE_SCOPE_BEGIN|[31]|state|String|false|false
11:21:41.0 (4804081)|VARIABLE_ASSIGNMENT|[31]|state|"Maine"
11:21:41.0 (4808265)|VARIABLE_SCOPE_BEGIN|[31]|city|String|false|false
11:21:41.0 (4819066)|VARIABLE_ASSIGNMENT|[31]|city|"Kennebunk"
11:21:41.0 (4823112)|VARIABLE_SCOPE_BEGIN|[31]|streetAddress1|String|false|false
11:21:41.0 (4829454)|VARIABLE_ASSIGNMENT|[31]|streetAddress1|"1 Main ST."
11:21:41.0 (4837249)|VARIABLE_SCOPE_BEGIN|[31]|streetAddress2|String|false|false
11:21:41.0 (4845474)|VARIABLE_ASSIGNMENT|[31]|streetAddress2|"Apt. 9"
11:21:41.0 (4849969)|VARIABLE_SCOPE_BEGIN|[31]|zip|String|false|false
11:21:41.0 (4856024)|VARIABLE_ASSIGNMENT|[31]|zip|"04043"
11:21:41.0 (4881553)|SYSTEM_MODE_ENTER|false
11:21:41.0 (4890676)|HEAP_ALLOCATE|[33]|Bytes:5
11:21:41.0 (4897642)|STATEMENT_EXECUTE|[31]
11:21:41.0 (4900526)|STATEMENT_EXECUTE|[33]
11:21:41.0 (4908349)|VARIABLE_SCOPE_BEGIN|[33]|message|String|false|false
11:21:41.0 (4919548)|VARIABLE_ASSIGNMENT|[33]|message|""
11:21:41.0 (4923774)|STATEMENT_EXECUTE|[36]
11:21:41.0 (4926768)|HEAP_ALLOCATE|[36]|Bytes:2
11:21:41.0 (4944645)|HEAP_ALLOCATE|[36]|Bytes:18
11:21:41.0 (4951581)|VARIABLE_SCOPE_BEGIN|[36]|streetAddress|String|false|false
11:21:41.0 (4966330)|VARIABLE_ASSIGNMENT|[36]|streetAddress|"1 Main ST., Apt. 9"
11:21:41.0 (4970923)|STATEMENT_EXECUTE|[39]
11:21:41.0 (4973920)|HEAP_ALLOCATE|[39]|Bytes:69
11:21:41.0 (4991464)|HEAP_ALLOCATE|[39]|Bytes:4
11:21:41.0 (5008517)|HEAP_ALLOCATE|[39]|Bytes:7
11:21:41.0 (9805938)|SOQL_EXECUTE_BEGIN|[39]|Aggregations:0|SELECT Id FROM Account WHERE Source_Partner_UID__c = :tmpVar1 LIMIT 1
11:21:41.0 (9831736)|LIMIT_USAGE|[39]|SOQL|1|100
11:21:41.0 (9859286)|LIMIT_USAGE|[39]|AGGS|0|300
11:21:41.0 (17093424)|SOQL_EXECUTE_END|[39]|Rows:0
11:21:41.0 (17114476)|LIMIT_USAGE|[39]|SOQL_ROWS|0|50000
11:21:41.0 (17139049)|HEAP_ALLOCATE|[39]|Bytes:4
11:21:41.0 (17155004)|HEAP_ALLOCATE|[39]|Bytes:0
11:21:41.0 (17363815)|HEAP_ALLOCATE|[39]|Bytes:4
11:21:41.0 (17399908)|VARIABLE_SCOPE_BEGIN|[39]|a|List<Account>|true|false
11:21:41.0 (17427904)|VARIABLE_ASSIGNMENT|[39]|a|[]|0x642b9e01
11:21:41.0 (17551598)|STATEMENT_EXECUTE|[40]
11:21:41.0 (17558893)|STATEMENT_EXECUTE|[43]
11:21:41.0 (17590073)|HEAP_ALLOCATE|[43]|Bytes:4
11:21:41.0 (17745341)|VARIABLE_SCOPE_BEGIN|[43]|account|Account|true|false
11:21:41.0 (17771708)|VARIABLE_ASSIGNMENT|[43]|account|{}|0x39f818c3
11:21:41.0 (17778833)|STATEMENT_EXECUTE|[44]
11:21:41.0 (17790961)|HEAP_ALLOCATE|[44]|Bytes:102
11:21:41.0 (17814261)|HEAP_ALLOCATE|[44]|Bytes:4
11:21:41.0 (18202102)|SOQL_EXECUTE_BEGIN|[44]|Aggregations:0|SELECT Id FROM RecordType WHERE (SobjectType = 'Account' AND IsPersonType = TRUE AND Name = 'Patient')
11:21:41.0 (18215534)|LIMIT_USAGE|[44]|SOQL|2|100
11:21:41.0 (18224347)|LIMIT_USAGE|[44]|AGGS|0|300
11:21:41.0 (37316607)|SOQL_EXECUTE_END|[44]|Rows:1
11:21:41.0 (37345842)|LIMIT_USAGE|[44]|SOQL_ROWS|1|50000
11:21:41.0 (37377681)|HEAP_ALLOCATE|[44]|Bytes:8
11:21:41.0 (37402152)|HEAP_ALLOCATE|[44]|Bytes:29
11:21:41.0 (37554330)|HEAP_ALLOCATE|[44]|Bytes:8
11:21:41.0 (37586679)|HEAP_ALLOCATE|[44]|Bytes:36
11:21:41.0 (37658141)|HEAP_ALLOCATE|[44]|Bytes:8
11:21:41.0 (37842046)|VARIABLE_ASSIGNMENT|[44]|this.RecordTypeId|"012E0000000NFJvIAO"|0x39f818c3
11:21:41.0 (37856170)|STATEMENT_EXECUTE|[45]
11:21:41.0 (37929268)|VARIABLE_ASSIGNMENT|[45]|this.Source_Partner__c|"1.800MD"|0x39f818c3
11:21:41.0 (37937682)|STATEMENT_EXECUTE|[46]
11:21:41.0 (37991456)|VARIABLE_ASSIGNMENT|[46]|this.Source_Partner_UID__c|"MLK-001"|0x39f818c3
11:21:41.0 (38004677)|STATEMENT_EXECUTE|[47]
11:21:41.0 (38070974)|VARIABLE_ASSIGNMENT|[47]|this.FirstName|"Manuela-Tester"|0x39f818c3
11:21:41.0 (38080337)|STATEMENT_EXECUTE|[48]
11:21:41.0 (38132272)|VARIABLE_ASSIGNMENT|[48]|this.LastName|"Kayser"|0x39f818c3
11:21:41.0 (38140878)|STATEMENT_EXECUTE|[49]
11:21:41.0 (38219494)|VARIABLE_ASSIGNMENT|[49]|this.PersonBirthdate|"1990-10-31T00:00:00.000Z"|0x39f818c3
11:21:41.0 (38228439)|STATEMENT_EXECUTE|[50]
11:21:41.0 (38288097)|VARIABLE_ASSIGNMENT|[50]|this.Gender__c|"Female"|0x39f818c3
11:21:41.0 (38300967)|STATEMENT_EXECUTE|[51]
11:21:41.0 (38358605)|VARIABLE_ASSIGNMENT|[51]|this.PersonEmail|"manuela.lkayser@gmai (5 more) ..."|0x39f818c3
11:21:41.0 (38371020)|STATEMENT_EXECUTE|[52]
11:21:41.0 (38428651)|VARIABLE_ASSIGNMENT|[52]|this.PersonHomePhone|"111-222-3333"|0x39f818c3
11:21:41.0 (38438565)|STATEMENT_EXECUTE|[53]
11:21:41.0 (38494806)|VARIABLE_ASSIGNMENT|[53]|this.PersonMobilePhone|"212-333-5555"|0x39f818c3
11:21:41.0 (38505428)|STATEMENT_EXECUTE|[54]
11:21:41.0 (38563953)|VARIABLE_ASSIGNMENT|[54]|this.BillingCountry|"United States"|0x39f818c3
11:21:41.0 (38572781)|STATEMENT_EXECUTE|[55]
11:21:41.0 (38622483)|VARIABLE_ASSIGNMENT|[55]|this.BillingState|"Maine"|0x39f818c3
11:21:41.0 (38630781)|STATEMENT_EXECUTE|[56]
11:21:41.0 (38680127)|VARIABLE_ASSIGNMENT|[56]|this.BillingCity|"Kennebunk"|0x39f818c3
11:21:41.0 (38688592)|STATEMENT_EXECUTE|[57]
11:21:41.0 (38732199)|VARIABLE_ASSIGNMENT|[57]|this.BillingStreet|"1 Main ST., Apt. 9"|0x39f818c3
11:21:41.0 (38740204)|STATEMENT_EXECUTE|[58]
11:21:41.0 (38787115)|VARIABLE_ASSIGNMENT|[58]|this.BillingPostalCode|"04043"|0x39f818c3
11:21:41.0 (38797407)|STATEMENT_EXECUTE|[61]
11:21:41.0 (38798855)|STATEMENT_EXECUTE|[61]
11:21:41.0 (38800019)|STATEMENT_EXECUTE|[63]
11:21:41.0 (38845631)|HEAP_ALLOCATE|[63]|Bytes:8
11:21:41.0 (38856658)|DML_BEGIN|[63]|Op:Insert|Type:Account|Rows:1
11:21:41.0 (38868785)|LIMIT_USAGE|[63]|DML|1|150
11:21:41.0 (38878733)|LIMIT_USAGE|[63]|DML_ROWS|1|10000
11:21:41.0 (38900058)|HEAP_ALLOCATE|[EXTERNAL]|Bytes:8
11:21:41.63 (63355280)|ENTERING_MANAGED_PKG|tz
11:21:41.63 (70672935)|ENTERING_MANAGED_PKG|tz
11:21:41.63 (71383036)|ENTERING_MANAGED_PKG|tz
11:21:41.63 (74323685)|ENTERING_MANAGED_PKG|tz
11:21:41.63 (74536812)|ENTERING_MANAGED_PKG|tz
11:21:41.63 (75072157)|ENTERING_MANAGED_PKG|tz
11:21:41.63 (78023160)|ENTERING_MANAGED_PKG|tz
11:21:41.63 (78223007)|ENTERING_MANAGED_PKG|tz
11:21:41.63 (79474056)|ENTERING_MANAGED_PKG|tz
11:21:41.63 (79725085)|ENTERING_MANAGED_PKG|tz
11:21:41.63 (79810460)|ENTERING_MANAGED_PKG|tz
11:21:41.63 (88846388)|ENTERING_MANAGED_PKG|tz
11:21:41.63 (88881804)|ENTERING_MANAGED_PKG|tz
11:21:41.63 (89133084)|ENTERING_MANAGED_PKG|tz
11:21:41.63 (89286131)|ENTERING_MANAGED_PKG|tz
11:21:41.63 (89508062)|ENTERING_MANAGED_PKG|tz
11:21:41.63 (90784559)|SOQL_EXECUTE_BEGIN|[369]|Aggregations:0|SELECT tz__Country__c FROM tz__lt_country_names__mdt WHERE MasterLabel = :tmpVar1
11:21:41.63 (103484224)|SOQL_EXECUTE_END|[369]|Rows:1
11:21:41.63 (104366075)|ENTERING_MANAGED_PKG|tz
11:21:41.63 (105707060)|SOQL_EXECUTE_BEGIN|[381]|Aggregations:0|SELECT tz__State__c FROM tz__lt_state_codes__mdt WHERE MasterLabel = :tmpVar1
11:21:41.63 (111083102)|SOQL_EXECUTE_END|[381]|Rows:1
11:21:41.63 (111651440)|ENTERING_MANAGED_PKG|tz
11:21:41.63 (112776556)|SOQL_EXECUTE_BEGIN|[392]|Aggregations:0|SELECT tz__Region__c, tz__Abbr__c, tz__DST_Abbr__c, tz__Offset__c, tz__DST_Offset__c, tz__Timezone_IANA__c FROM tz__lt_timezones__mdt WHERE MasterLabel = :tmpVar1
11:21:41.63 (154388269)|SOQL_EXECUTE_END|[392]|Rows:0
11:21:41.63 (155416472)|SOQL_EXECUTE_BEGIN|[415]|Aggregations:0|SELECT tz__Region__c, tz__Abbr__c, tz__DST_Abbr__c, tz__Offset__c, tz__DST_Offset__c, tz__Timezone_IANA__c FROM tz__lt_timezones__mdt WHERE MasterLabel = :tmpVar1
11:21:41.63 (169014774)|SOQL_EXECUTE_END|[415]|Rows:1
11:21:41.63 (169287119)|ENTERING_MANAGED_PKG|tz
11:21:41.63 (173122534)|SOQL_EXECUTE_BEGIN|[79]|Aggregations:0|SELECT tz__Full_Name__c FROM tz__lt_timezone_names__mdt WHERE MasterLabel = :tmpVar1
11:21:41.63 (178035090)|SOQL_EXECUTE_END|[79]|Rows:1
11:21:41.178 (178475834)|CUMULATIVE_LIMIT_USAGE
11:21:41.178 (178475834)|LIMIT_USAGE_FOR_NS|(default)|
  Number of SOQL queries: 2 out of 100
  Number of query rows: 1 out of 50000
  Number of SOSL queries: 0 out of 20
  Number of DML statements: 1 out of 150
  Number of DML rows: 1 out of 10000
  Maximum CPU time: 38 out of 10000
  Maximum heap size: 0 out of 6000000
  Number of callouts: 0 out of 100
  Number of Email Invocations: 0 out of 10
  Number of future calls: 0 out of 50
  Number of queueable jobs added to the queue: 0 out of 50
  Number of Mobile Apex push calls: 0 out of 10

11:21:41.178 (178475834)|LIMIT_USAGE_FOR_NS|tz|
  Number of SOQL queries: 0 out of 100
  Number of query rows: 4 out of 50000
  Number of SOSL queries: 0 out of 20
  Number of DML statements: 0 out of 150
  Number of DML rows: 0 out of 10000
  Maximum CPU time: 0 out of 10000
  Maximum heap size: 0 out of 6000000
  Number of callouts: 0 out of 100
  Number of Email Invocations: 0 out of 10
  Number of future calls: 0 out of 50
  Number of queueable jobs added to the queue: 0 out of 50
  Number of Mobile Apex push calls: 0 out of 10

11:21:41.178 (178475834)|CUMULATIVE_LIMIT_USAGE_END

11:21:41.0 (407129976)|CODE_UNIT_STARTED|[EXTERNAL]|Workflow:Account
11:21:41.0 (419796248)|WF_RULE_EVAL_BEGIN|Workflow
11:21:41.0 (419846314)|WF_CRITERIA_BEGIN|[Person Account: Manuela-Tester Kayser 001V000000VxnW5]|Set Billing Region|01Q440000001M85|ON_ALL_CHANGES|0
11:21:41.0 (420205247)|WF_FORMULA|Formula:ENCODED:[treatNullAsNull](ISNEW() && NOT(ISBLANK({!ID:BillingCountry})))
&#124;&#124;
ISCHANGED({!ID:BillingCountry})|Values:BillingCountry=United States
11:21:41.0 (420219877)|WF_CRITERIA_END|true
11:21:41.0 (421163065)|WF_CRITERIA_BEGIN|[Person Account: Manuela-Tester Kayser 001V000000VxnW5]|New_Patient_Case_Update_Acct_Patient_Case_Number301E0000000g3t8|01QE0000000kIlb|ON_ALL_CHANGES|0
11:21:41.0 (421218416)|WF_FORMULA|Formula:ENCODED:[treatNullAsNull]true|Values:
11:21:41.0 (421226195)|WF_CRITERIA_END|true
11:21:41.0 (421251983)|WF_CRITERIA_BEGIN|[Person Account: Manuela-Tester Kayser 001V000000VxnW5]|Set Phone on Patient Accounts|01QE0000000Ubik|ON_ALL_CHANGES|0
11:21:41.0 (421773262)|WF_FORMULA|Formula:ENCODED:[treatNullAsNull]ISCHANGED({!ID:00NE0000005flNw}) &#124;&#124; ISCHANGED({!ID:PersonHomePhone}) &#124;&#124; ISCHANGED({!ID:00NE0000005flO2}) &#124;&#124; ISCHANGED({!ID:PersonMobilePhone})|Values:PersonHomePhone=111-222-3333, Preferred_Contact_Method__c=null, PersonMobilePhone=212-333-5555, Work_Phone__c=null
11:21:41.0 (421786640)|WF_CRITERIA_END|false
11:21:41.0 (421805560)|WF_CRITERIA_BEGIN|[Person Account: Manuela-Tester Kayser 001V000000VxnW5]|Notify - New Member Portal Account|01QV00000001JfJ|ON_CREATE_ONLY|0
11:21:41.0 (422866477)|WF_FORMULA|Formula:ENCODED:[treatNullAsNull]{!ID:CreatedBy.Profile} = "00eE0000000afh0"
&#124;&#124;
{!ID:CreatedBy.Profile} = "00eE0000000afgq"|Values:CreatedBy.ProfileId=00eE0000000zEde
11:21:41.0 (422878048)|WF_CRITERIA_END|false
11:21:41.0 (422897253)|WF_CRITERIA_BEGIN|[Person Account: Manuela-Tester Kayser 001V000000VxnW5]|Patient_Name_Changed301E0000000LL3k|01QE0000000Ubkb|ON_RECURSIVE_UPDATE|0
11:21:41.0 (422940146)|WF_FORMULA|Formula:ENCODED:[treatNullAsNull]true|Values:
11:21:41.0 (422947446)|WF_CRITERIA_END|true
11:21:41.0 (422970732)|WF_CRITERIA_BEGIN|[Person Account: Manuela-Tester Kayser 001V000000VxnW5]|Patient_Region_Update_Case30144000000U2Wf|01Q440000001M8A|ON_ALL_CHANGES|0
11:21:41.0 (423008935)|WF_FORMULA|Formula:ENCODED:[treatNullAsNull]true|Values:
11:21:41.0 (423016568)|WF_CRITERIA_END|true
11:21:41.0 (423041980)|WF_CRITERIA_BEGIN|[Person Account: Manuela-Tester Kayser 001V000000VxnW5]|New_Patient_Account_Create_MRN_Number301E0000000LLLI|01QE0000000kKA8|ON_CREATE_ONLY|0
11:21:41.0 (423079085)|WF_FORMULA|Formula:ENCODED:[treatNullAsNull]true|Values:
11:21:41.0 (423085790)|WF_CRITERIA_END|true
11:21:41.0 (423105647)|WF_CRITERIA_BEGIN|[Person Account: Manuela-Tester Kayser 001V000000VxnW5]|Step_1_Create_Patient_Registration_Record301V0000000641t|01QV00000001NNJ|ON_CREATE_ONLY|0
11:21:41.0 (423141068)|WF_FORMULA|Formula:ENCODED:[treatNullAsNull]true|Values:
11:21:41.0 (423147605)|WF_CRITERIA_END|true
11:21:41.0 (423164508)|WF_SPOOL_ACTION_BEGIN|Workflow
11:21:41.0 (427566007)|WF_FIELD_UPDATE|[Person Account: Manuela-Tester Kayser 001V000000VxnW5]|Field:Person Account: Billing Region|Value:North America|Id=04Y44000000DmyD|CurrentRule:Set Billing Region (Id=01Q440000001M85)
11:21:41.0 (427624818)|WF_ACTION| Field Update: 1; Flow Trigger: 5;
11:21:41.0 (427632317)|WF_RULE_EVAL_END
11:21:41.429 (429562004)|ENTERING_MANAGED_PKG|tz
11:21:41.429 (429745398)|ENTERING_MANAGED_PKG|tz
11:21:41.429 (430886044)|ENTERING_MANAGED_PKG|tz
11:21:41.429 (431065647)|ENTERING_MANAGED_PKG|tz
11:21:41.429 (431447124)|ENTERING_MANAGED_PKG|tz
11:21:41.429 (432521999)|ENTERING_MANAGED_PKG|tz
11:21:41.429 (432695055)|ENTERING_MANAGED_PKG|tz
11:21:41.429 (433422377)|ENTERING_MANAGED_PKG|tz
11:21:41.429 (433581606)|ENTERING_MANAGED_PKG|tz
11:21:41.429 (433639446)|ENTERING_MANAGED_PKG|tz
11:21:41.429 (434454167)|ENTERING_MANAGED_PKG|tz
11:21:41.429 (434660089)|ENTERING_MANAGED_PKG|tz
11:21:41.429 (434691632)|ENTERING_MANAGED_PKG|tz
11:21:41.429 (434804572)|ENTERING_MANAGED_PKG|tz
11:21:41.429 (435169933)|SOQL_EXECUTE_BEGIN|[369]|Aggregations:0|SELECT tz__Country__c FROM tz__lt_country_names__mdt WHERE MasterLabel = :tmpVar1
11:21:41.429 (441599714)|SOQL_EXECUTE_END|[369]|Rows:1
11:21:41.429 (442061067)|ENTERING_MANAGED_PKG|tz
11:21:41.429 (442345501)|SOQL_EXECUTE_BEGIN|[381]|Aggregations:0|SELECT tz__State__c FROM tz__lt_state_codes__mdt WHERE MasterLabel = :tmpVar1
11:21:41.429 (445604670)|SOQL_EXECUTE_END|[381]|Rows:1
11:21:41.429 (445943197)|ENTERING_MANAGED_PKG|tz
11:21:41.429 (446395523)|SOQL_EXECUTE_BEGIN|[392]|Aggregations:0|SELECT tz__Region__c, tz__Abbr__c, tz__DST_Abbr__c, tz__Offset__c, tz__DST_Offset__c, tz__Timezone_IANA__c FROM tz__lt_timezones__mdt WHERE MasterLabel = :tmpVar1
11:21:41.429 (459893590)|SOQL_EXECUTE_END|[392]|Rows:0
11:21:41.429 (460479491)|SOQL_EXECUTE_BEGIN|[415]|Aggregations:0|SELECT tz__Region__c, tz__Abbr__c, tz__DST_Abbr__c, tz__Offset__c, tz__DST_Offset__c, tz__Timezone_IANA__c FROM tz__lt_timezones__mdt WHERE MasterLabel = :tmpVar1
11:21:41.429 (474358673)|SOQL_EXECUTE_END|[415]|Rows:1
11:21:41.429 (474559156)|ENTERING_MANAGED_PKG|tz
11:21:41.429 (476163951)|SOQL_EXECUTE_BEGIN|[79]|Aggregations:0|SELECT tz__Full_Name__c FROM tz__lt_timezone_names__mdt WHERE MasterLabel = :tmpVar1
11:21:41.429 (479381215)|SOQL_EXECUTE_END|[79]|Rows:1
11:21:41.479 (479679176)|CUMULATIVE_LIMIT_USAGE
11:21:41.479 (479679176)|LIMIT_USAGE_FOR_NS|(default)|
  Number of SOQL queries: 2 out of 100
  Number of query rows: 1 out of 50000
  Number of SOSL queries: 0 out of 20
  Number of DML statements: 1 out of 150
  Number of DML rows: 1 out of 10000
  Maximum CPU time: 111 out of 10000
  Maximum heap size: 0 out of 6000000
  Number of callouts: 0 out of 100
  Number of Email Invocations: 0 out of 10
  Number of future calls: 0 out of 50
  Number of queueable jobs added to the queue: 0 out of 50
  Number of Mobile Apex push calls: 0 out of 10

11:21:41.479 (479679176)|LIMIT_USAGE_FOR_NS|tz|
  Number of SOQL queries: 0 out of 100
  Number of query rows: 8 out of 50000
  Number of SOSL queries: 0 out of 20
  Number of DML statements: 0 out of 150
  Number of DML rows: 0 out of 10000
  Maximum CPU time: 0 out of 10000
  Maximum heap size: 0 out of 6000000
  Number of callouts: 0 out of 100
  Number of Email Invocations: 0 out of 10
  Number of future calls: 0 out of 50
  Number of queueable jobs added to the queue: 0 out of 50
  Number of Mobile Apex push calls: 0 out of 10

11:21:41.479 (479679176)|CUMULATIVE_LIMIT_USAGE_END

11:21:41.0 (523342809)|WF_FLOW_ACTION_BEGIN|09LV0000000Cw9e
11:21:41.523 (523459041)|FLOW_CREATE_INTERVIEW_BEGIN|00DV000000892HU|300V00000004RMN|301V0000000641t
11:21:41.523 (525632910)|FLOW_CREATE_INTERVIEW_END|246402534c84ee017f9d4f818abc15fe4770009-296b|Step 1 : Create Patient Registration Record
11:21:41.526 (526097637)|FLOW_START_INTERVIEWS_BEGIN|1
11:21:41.526 (526122040)|FLOW_START_INTERVIEW_BEGIN|246402534c84ee017f9d4f818abc15fe4770009-296b|Step 1 : Create Patient Registration Record
11:21:41.526 (557747462)|FLOW_START_INTERVIEW_END|246402534c84ee017f9d4f818abc15fe4770009-296b|Step 1 : Create Patient Registration Record
11:21:41.526 (569812807)|LIMIT_USAGE|[EXTERNAL]|FIELDSETS_DESCRIBES|1|100
11:21:41.526 (569843820)|LIMIT_USAGE|[EXTERNAL]|FIELDSETS_DESCRIBES|2|100
11:21:41.526 (569885170)|LIMIT_USAGE|[EXTERNAL]|DML|2|150
11:21:41.526 (569894534)|LIMIT_USAGE|[EXTERNAL]|DML_ROWS|2|10000
11:21:41.526 (606743828)|FLOW_START_INTERVIEWS_END|1
11:21:41.0 (607731382)|WF_FLOW_ACTION_END|09LV0000000Cw9e
11:21:41.0 (607755540)|WF_FLOW_ACTION_BEGIN|09L44000000GtJE
11:21:41.607 (607861715)|FLOW_CREATE_INTERVIEW_BEGIN|00DV000000892HU|300E0000000g0Q9|30144000000U2Wf
11:21:41.607 (610210137)|FLOW_CREATE_INTERVIEW_END|246502534c84ee017f9d4f818abc15fe4770009-296c|Patient Billing Region Updated - Update Case
11:21:41.610 (610643141)|FLOW_START_INTERVIEWS_BEGIN|1
11:21:41.610 (610668208)|FLOW_START_INTERVIEW_BEGIN|246502534c84ee017f9d4f818abc15fe4770009-296c|Patient Billing Region Updated - Update Case
11:21:41.610 (618459394)|FLOW_START_INTERVIEW_END|246502534c84ee017f9d4f818abc15fe4770009-296c|Patient Billing Region Updated - Update Case
11:21:41.610 (618474469)|FLOW_START_INTERVIEWS_END|1
11:21:41.0 (619262862)|WF_FLOW_ACTION_END|09L44000000GtJE
11:21:41.0 (619282445)|WF_FLOW_ACTION_BEGIN|09LE0000000fyq4
11:21:41.619 (619361434)|FLOW_CREATE_INTERVIEW_BEGIN|00DV000000892HU|300E0000000g0pE|301E0000000g3t8
11:21:41.619 (621282075)|FLOW_CREATE_INTERVIEW_END|246602534c84ee017f9d4f818abc15fe4770009-296d|New Acq Site Case - Update Account "Current Patient Case Number"
11:21:41.621 (621589319)|FLOW_START_INTERVIEWS_BEGIN|1
11:21:41.621 (621611405)|FLOW_START_INTERVIEW_BEGIN|246602534c84ee017f9d4f818abc15fe4770009-296d|New Acq Site Case - Update Account "Current Patient Case Number"
11:21:41.621 (628392392)|FLOW_START_INTERVIEW_END|246602534c84ee017f9d4f818abc15fe4770009-296d|New Acq Site Case - Update Account "Current Patient Case Number"
11:21:41.621 (628406819)|FLOW_START_INTERVIEWS_END|1
11:21:41.0 (629092735)|WF_FLOW_ACTION_END|09LE0000000fyq4
11:21:41.0 (629110028)|WF_FLOW_ACTION_BEGIN|09LE000000001TC
11:21:41.629 (629170360)|FLOW_CREATE_INTERVIEW_BEGIN|00DV000000892HU|300E0000000LVQ2|301E0000000LL3k
11:21:41.629 (630740517)|FLOW_CREATE_INTERVIEW_END|246702534c84ee017f9d4f818abc15fe4770009-296e|Patient Name Changed
11:21:41.631 (631053276)|FLOW_START_INTERVIEWS_BEGIN|1
11:21:41.631 (631074216)|FLOW_START_INTERVIEW_BEGIN|246702534c84ee017f9d4f818abc15fe4770009-296e|Patient Name Changed
11:21:41.631 (637820540)|FLOW_START_INTERVIEW_END|246702534c84ee017f9d4f818abc15fe4770009-296e|Patient Name Changed
11:21:41.631 (637834206)|FLOW_START_INTERVIEWS_END|1
11:21:41.0 (638549374)|WF_FLOW_ACTION_END|09LE000000001TC
11:21:41.0 (638567549)|WF_FLOW_ACTION_BEGIN|09LE0000000fzLC
11:21:41.638 (638628591)|FLOW_CREATE_INTERVIEW_BEGIN|00DV000000892HU|300E0000000LVTs|301E0000000LLLI
11:21:41.638 (640085694)|FLOW_CREATE_INTERVIEW_END|246802534c84ee017f9d4f818abc15fe4770009-296f|New Patient - Create MRN Number
11:21:41.640 (640355985)|FLOW_START_INTERVIEWS_BEGIN|1
11:21:41.640 (640376734)|FLOW_START_INTERVIEW_BEGIN|246802534c84ee017f9d4f818abc15fe4770009-296f|New Patient - Create MRN Number
11:21:41.640 (646888667)|FLOW_START_INTERVIEW_END|246802534c84ee017f9d4f818abc15fe4770009-296f|New Patient - Create MRN Number
11:21:41.640 (652253983)|LIMIT_USAGE|[EXTERNAL]|FIELDSETS_DESCRIBES|3|100
11:21:41.640 (652282854)|LIMIT_USAGE|[EXTERNAL]|FIELDSETS_DESCRIBES|4|100
11:21:41.640 (652321926)|LIMIT_USAGE|[EXTERNAL]|DML|3|150
11:21:41.640 (652331236)|LIMIT_USAGE|[EXTERNAL]|DML_ROWS|3|10000
11:21:41.674 (674758567)|CODE_UNIT_STARTED|[EXTERNAL]|Workflow:01IE0000000uWmw
11:21:41.674 (681089456)|WF_RULE_EVAL_BEGIN|Workflow
11:21:41.674 (681110835)|WF_CRITERIA_BEGIN|[MRN Number: MRN-6401 a0PV00000032eKz]|New_MRN_Number_Update_Patient301E0000000LLLH|01QE0000000kKA3|ON_RECURSIVE_UPDATE|0
11:21:41.674 (681195945)|WF_FORMULA|Formula:ENCODED:[treatNullAsNull]true|Values:
11:21:41.674 (681205486)|WF_CRITERIA_END|true
11:21:41.674 (681689855)|WF_SPOOL_ACTION_BEGIN|Workflow
11:21:41.674 (681720851)|WF_ACTION| Flow Trigger: 1;
11:21:41.674 (681726331)|WF_RULE_EVAL_END
11:21:41.674 (681753137)|WF_FLOW_ACTION_BEGIN|09LE0000000fzL7
11:21:41.681 (681797872)|FLOW_CREATE_INTERVIEW_BEGIN|00DV000000892HU|300E0000000LVTr|301E0000000LLLH
11:21:41.681 (683619360)|FLOW_CREATE_INTERVIEW_END|246902534c84ee017f9d4f818abc15fe4770009-2970|New MRN Number - Update Patient
11:21:41.683 (683926442)|FLOW_START_INTERVIEWS_BEGIN|1
11:21:41.683 (683948400)|FLOW_START_INTERVIEW_BEGIN|246902534c84ee017f9d4f818abc15fe4770009-2970|New MRN Number - Update Patient
11:21:41.683 (684896824)|FLOW_START_INTERVIEW_END|246902534c84ee017f9d4f818abc15fe4770009-2970|New MRN Number - Update Patient
11:21:41.683 (773905605)|LIMIT_USAGE|[EXTERNAL]|FIELDSETS_DESCRIBES|5|100
11:21:41.683 (773984893)|LIMIT_USAGE|[EXTERNAL]|FIELDSETS_DESCRIBES|6|100
11:21:41.683 (784114426)|LIMIT_USAGE|[EXTERNAL]|SOQL_ROWS|2|50000
11:21:41.683 (784135286)|LIMIT_USAGE|[EXTERNAL]|SOQL|3|100
11:21:41.683 (784142233)|LIMIT_USAGE|[EXTERNAL]|AGGS|1|300
11:21:41.683 (784211308)|LIMIT_USAGE|[EXTERNAL]|DML|4|150
11:21:41.683 (784222559)|LIMIT_USAGE|[EXTERNAL]|DML_ROWS|4|10000
11:21:41.796 (796732367)|ENTERING_MANAGED_PKG|tz
11:21:41.796 (796874411)|ENTERING_MANAGED_PKG|tz
11:21:41.796 (797925971)|ENTERING_MANAGED_PKG|tz
11:21:41.796 (798107604)|ENTERING_MANAGED_PKG|tz
11:21:41.796 (798475550)|ENTERING_MANAGED_PKG|tz
11:21:41.796 (799342888)|ENTERING_MANAGED_PKG|tz
11:21:41.796 (799514386)|ENTERING_MANAGED_PKG|tz
11:21:41.796 (800209126)|ENTERING_MANAGED_PKG|tz
11:21:41.796 (800369777)|ENTERING_MANAGED_PKG|tz
11:21:41.796 (800427218)|ENTERING_MANAGED_PKG|tz
11:21:41.796 (801147524)|ENTERING_MANAGED_PKG|tz
11:21:41.796 (801335767)|ENTERING_MANAGED_PKG|tz
11:21:41.796 (801367472)|ENTERING_MANAGED_PKG|tz
11:21:41.796 (801478913)|ENTERING_MANAGED_PKG|tz
11:21:41.796 (801768466)|SOQL_EXECUTE_BEGIN|[369]|Aggregations:0|SELECT tz__Country__c FROM tz__lt_country_names__mdt WHERE MasterLabel = :tmpVar1
11:21:41.796 (809039480)|SOQL_EXECUTE_END|[369]|Rows:1
11:21:41.796 (809484445)|ENTERING_MANAGED_PKG|tz
11:21:41.796 (809757317)|SOQL_EXECUTE_BEGIN|[381]|Aggregations:0|SELECT tz__State__c FROM tz__lt_state_codes__mdt WHERE MasterLabel = :tmpVar1
11:21:41.796 (814452644)|SOQL_EXECUTE_END|[381]|Rows:1
11:21:41.796 (814784648)|ENTERING_MANAGED_PKG|tz
11:21:41.796 (815243060)|SOQL_EXECUTE_BEGIN|[392]|Aggregations:0|SELECT tz__Region__c, tz__Abbr__c, tz__DST_Abbr__c, tz__Offset__c, tz__DST_Offset__c, tz__Timezone_IANA__c FROM tz__lt_timezones__mdt WHERE MasterLabel = :tmpVar1
11:21:41.796 (830427885)|SOQL_EXECUTE_END|[392]|Rows:0
11:21:41.796 (831024722)|SOQL_EXECUTE_BEGIN|[415]|Aggregations:0|SELECT tz__Region__c, tz__Abbr__c, tz__DST_Abbr__c, tz__Offset__c, tz__DST_Offset__c, tz__Timezone_IANA__c FROM tz__lt_timezones__mdt WHERE MasterLabel = :tmpVar1
11:21:41.796 (846668860)|SOQL_EXECUTE_END|[415]|Rows:1
11:21:41.796 (846934356)|ENTERING_MANAGED_PKG|tz
11:21:41.796 (848748545)|SOQL_EXECUTE_BEGIN|[79]|Aggregations:0|SELECT tz__Full_Name__c FROM tz__lt_timezone_names__mdt WHERE MasterLabel = :tmpVar1
11:21:41.796 (853974135)|SOQL_EXECUTE_END|[79]|Rows:1
11:21:41.854 (854322825)|CUMULATIVE_LIMIT_USAGE
11:21:41.854 (854322825)|LIMIT_USAGE_FOR_NS|(default)|
  Number of SOQL queries: 3 out of 100
  Number of query rows: 2 out of 50000
  Number of SOSL queries: 0 out of 20
  Number of DML statements: 4 out of 150
  Number of DML rows: 4 out of 10000
  Maximum CPU time: 282 out of 10000
  Maximum heap size: 0 out of 6000000
  Number of callouts: 0 out of 100
  Number of Email Invocations: 0 out of 10
  Number of future calls: 0 out of 50
  Number of queueable jobs added to the queue: 0 out of 50
  Number of Mobile Apex push calls: 0 out of 10

11:21:41.854 (854322825)|LIMIT_USAGE_FOR_NS|tz|
  Number of SOQL queries: 0 out of 100
  Number of query rows: 12 out of 50000
  Number of SOSL queries: 0 out of 20
  Number of DML statements: 0 out of 150
  Number of DML rows: 0 out of 10000
  Maximum CPU time: 0 out of 10000
  Maximum heap size: 0 out of 6000000
  Number of callouts: 0 out of 100
  Number of Email Invocations: 0 out of 10
  Number of future calls: 0 out of 50
  Number of queueable jobs added to the queue: 0 out of 50
  Number of Mobile Apex push calls: 0 out of 10

11:21:41.854 (854322825)|CUMULATIVE_LIMIT_USAGE_END

11:21:41.674 (892179947)|WF_FLOW_ACTION_END|09LE0000000fzL7
11:21:41.674 (892293668)|WF_ACTIONS_END| Flow Trigger: 1;
11:21:41.674 (892305481)|CODE_UNIT_FINISHED|Workflow:01IE0000000uWmw
11:21:41.640 (893095780)|FLOW_START_INTERVIEWS_END|1
11:21:41.0 (893610588)|WF_FLOW_ACTION_END|09LE0000000fzLC
11:21:41.0 (893658336)|WF_RULE_EVAL_BEGIN|Workflow
11:21:41.0 (893703627)|WF_CRITERIA_BEGIN|[Person Account: Manuela-Tester Kayser 001V000000VxnW5]|Set Phone on Patient Accounts|01QE0000000Ubik|ON_ALL_CHANGES|1
11:21:41.0 (893937010)|WF_FORMULA|Formula:ENCODED:[treatNullAsNull]ISCHANGED({!ID:00NE0000005flNw}) &#124;&#124; ISCHANGED({!ID:PersonHomePhone}) &#124;&#124; ISCHANGED({!ID:00NE0000005flO2}) &#124;&#124; ISCHANGED({!ID:PersonMobilePhone})|Values:PersonHomePhone=111-222-3333, Preferred_Contact_Method__c=null, PersonMobilePhone=212-333-5555, Work_Phone__c=null
11:21:41.0 (893952914)|WF_CRITERIA_END|false
11:21:41.0 (893971971)|WF_CRITERIA_BEGIN|[Person Account: Manuela-Tester Kayser 001V000000VxnW5]|Notify - New Member Portal Account|01QV00000001JfJ|ON_CREATE_ONLY|1
11:21:41.0 (894094586)|WF_FORMULA|Formula:ENCODED:[treatNullAsNull]{!ID:CreatedBy.Profile} = "00eE0000000afh0"
&#124;&#124;
{!ID:CreatedBy.Profile} = "00eE0000000afgq"|Values:CreatedBy.ProfileId=00eE0000000zEde
11:21:41.0 (894105594)|WF_CRITERIA_END|false
11:21:41.0 (894123439)|WF_CRITERIA_BEGIN|[Person Account: Manuela-Tester Kayser 001V000000VxnW5]|Patient_Name_Changed301E0000000LL3k|01QE0000000Ubkb|ON_RECURSIVE_UPDATE|1
11:21:41.0 (894134818)|WF_CRITERIA_END|true
11:21:41.0 (894156116)|WF_SPOOL_ACTION_BEGIN|Workflow
11:21:41.0 (894178588)|WF_ACTION| Flow Trigger: 1;
11:21:41.0 (894184024)|WF_RULE_EVAL_END
11:21:41.0 (894212904)|WF_FLOW_ACTION_BEGIN|09LE000000001TC
11:21:41.894 (894293865)|FLOW_CREATE_INTERVIEW_BEGIN|00DV000000892HU|300E0000000LVQ2|301E0000000LL3k
11:21:41.894 (894360920)|FLOW_CREATE_INTERVIEW_END|247002534c84ee017f9d4f818abc15fe4770009-2971|Patient Name Changed
11:21:41.894 (894812181)|FLOW_START_INTERVIEWS_BEGIN|1
11:21:41.894 (894835535)|FLOW_START_INTERVIEW_BEGIN|247002534c84ee017f9d4f818abc15fe4770009-2971|Patient Name Changed
11:21:41.894 (901469323)|FLOW_START_INTERVIEW_END|247002534c84ee017f9d4f818abc15fe4770009-2971|Patient Name Changed
11:21:41.894 (901486166)|FLOW_START_INTERVIEWS_END|1
11:21:41.0 (902127590)|WF_FLOW_ACTION_END|09LE000000001TC
11:21:41.0 (902232161)|WF_ACTIONS_END| Field Update: 1; Flow Trigger: 6;
11:21:41.0 (902242602)|CODE_UNIT_FINISHED|Workflow:Account
11:21:41.0 (902820154)|DML_END|[63]
11:21:41.0 (902852376)|STATEMENT_EXECUTE|[64]
11:21:41.0 (902867615)|HEAP_ALLOCATE|[64]|Bytes:35
11:21:41.0 (902883266)|HEAP_ALLOCATE|[64]|Bytes:1
11:21:41.0 (902888038)|HEAP_ALLOCATE|[64]|Bytes:9
11:21:41.0 (903030948)|HEAP_ALLOCATE|[64]|Bytes:18
11:21:41.0 (903065916)|HEAP_ALLOCATE|[64]|Bytes:83
11:21:41.0 (903096254)|VARIABLE_ASSIGNMENT|[64]|message|"Succes: account reco (63 more) ..."
11:21:41.0 (903104932)|STATEMENT_EXECUTE|[75]
11:21:41.0 (903114605)|SYSTEM_MODE_EXIT|false
11:21:41.963 (963954983)|CUMULATIVE_LIMIT_USAGE
11:21:41.963 (963954983)|LIMIT_USAGE_FOR_NS|(default)|
  Number of SOQL queries: 3 out of 100
  Number of query rows: 2 out of 50000
  Number of SOSL queries: 0 out of 20
  Number of DML statements: 4 out of 150
  Number of DML rows: 4 out of 10000
  Maximum CPU time: 282 out of 10000
  Maximum heap size: 0 out of 6000000
  Number of callouts: 0 out of 100
  Number of Email Invocations: 0 out of 10
  Number of future calls: 0 out of 50
  Number of queueable jobs added to the queue: 0 out of 50
  Number of Mobile Apex push calls: 0 out of 10

11:21:41.963 (963954983)|LIMIT_USAGE_FOR_NS|tz|
  Number of SOQL queries: 0 out of 100
  Number of query rows: 12 out of 50000
  Number of SOSL queries: 0 out of 20
  Number of DML statements: 0 out of 150
  Number of DML rows: 0 out of 10000
  Maximum CPU time: 0 out of 10000
  Maximum heap size: 0 out of 6000000
  Number of callouts: 0 out of 100
  Number of Email Invocations: 0 out of 10
  Number of future calls: 0 out of 50
  Number of queueable jobs added to the queue: 0 out of 50
  Number of Mobile Apex push calls: 0 out of 10

11:21:41.963 (963954983)|TOTAL_EMAIL_RECIPIENTS_QUEUED|0
11:21:41.963 (963954983)|STATIC_VARIABLE_LIST|
  String:_sfdcAdditionalCodeLocations:0
  String:_static_REGION_EUROPE:0
  String:_static_REGION_NA:0
  String:_static_LT_CONTACT:0
  long:serialVersionUID:0
  Boolean:_static_AccountBeforeUpdateProcessing:0
  String:_sfdcAdditionalCodeLocations:0
  double:MAX_VALUE:0
  long:serialVersionUID:0
  int:SIZE:0
  String:_sfdcAdditionalCodeLocations:0
  int:MAX_VALUE:0
  String:_sfdcAdditionalCodeLocations:0
  String:_static_LT_CASE:0
  int:MIN_VALUE:0
  char[]:DigitOnes:0
  String:_static_LT_OPPORTUNITY:0
  String:_static_LEAD_FILTER:0
  int:MIN_EXPONENT:0
  String:_static_REGION_ASIA:0
  int:MAX_EXPONENT:0
  String:_static_ACCOUNT_FILTER:0
  String:_static_LT_ACTIVITY:0
  int:BYTES:0
  char[]:DigitTens:0
  long:serialVersionUID:0
  String:_static_LT_LEAD:0
  String:_sfdcAdditionalCodeLocations:0
  Boolean:FALSE:0
  String:_sfdcAdditionalCodeLocations:0
  String:_static_ss_email:0
  String:__sfdcInnerTypes:0
  Boolean:_static_LocalTimeBatchProcessing:0
  double:MIN_VALUE:0
  String:_sfdcAdditionalCodeLocations:0
  double:NEGATIVE_INFINITY:0
  String:_static_NOT_AVAILABLE:0
  String:_static_REGION_ISRAEL:0
  char[]:digits:0
  String:_static_LT_TASK:0
  String:_static_LT_DATA_WS:0
  double:NaN:0
  Boolean:TRUE:0
  String:_static_REGION_AFRICA:0
  String:_static_REGION_NZ:0
  String:_static_LT_ACCOUNT:0
  String:_static_REGION_SA:0
  Boolean:_static_LeadBeforeUpdateProcessing:0
  String:__sfdcProperties:0
  int:BYTES:0
  Boolean:_static_CaseAfterUpdateProcessing:0
  String:_sfdcAdditionalCodeLocations:0
  String:_sfdcAdditionalCodeLocations:0
  int[]:sizeTable:0
  String:__sfdcProperties:0
  String:__sfdcProperties:0
  String:_static_REGION_OCEANIA:0
  int:SIZE:0
  double:POSITIVE_INFINITY:0
  String:_static_NONE:0
  String:_sfdcAdditionalCodeLocations:0
  String:_static_CONTACT_FILTER:0
  double:MIN_NORMAL:0
  String:_static_LT_DST_WS:0
  String:_static_LT_PERSON_ACCOUNT:0
  Boolean:_static_ContactBeforeUpdateProcessing:0

11:21:41.963 (963954983)|CUMULATIVE_LIMIT_USAGE_END

11:21:41.0 (964162710)|CODE_UNIT_FINISHED|portalAccount.CreateNewAccount
11:21:41.0 (965314978)|EXECUTION_FINISHED
11:21:41.967 (967042946)|CUMULATIVE_PROFILING_BEGIN
11:21:41.967 (967042946)|CUMULATIVE_PROFILING|SOQL operations|
(tz): [SELECT tz__Region__c, tz__Abbr__c, tz__DST_Abbr__c, tz__Offset__c, tz__DST_Offset__c, tz__Timezone_IANA__c
                            FROM tz__lt_timezones__mdt WHERE MasterLabel = :sPostalCode]: executed 3 times in 71 ms
(tz): [SELECT tz__Region__c, tz__Abbr__c, tz__DST_Abbr__c, tz__Offset__c, tz__DST_Offset__c, tz__Timezone_IANA__c
                        FROM tz__lt_timezones__mdt WHERE MasterLabel = :sKey]: executed 3 times in 45 ms
(tz): [SELECT tz__Country__c FROM tz__lt_country_names__mdt WHERE MasterLabel = :countryCode]: executed 3 times in 28 ms
Class.portalAccount.CreateNewAccount: line 44, column 1: [SELECT Id FROM RecordType WHERE SobjectType='Account' AND IsPersonType=True AND Name='Patient']: executed 1 time in 19 ms
(tz): [SELECT tz__Full_Name__c FROM tz__lt_timezone_names__mdt WHERE MasterLabel = :sName]: executed 3 times in 16 ms
(tz): [SELECT tz__State__c FROM tz__lt_state_codes__mdt WHERE MasterLabel = :sState]: executed 3 times in 15 ms
Class.portalAccount.CreateNewAccount: line 39, column 1: [SELECT Id FROM Account WHERE Source_Partner_UID__c = :UID LIMIT 1]: executed 1 time in 12 ms

11:21:41.967 (967042946)|CUMULATIVE_PROFILING|No profiling information for SOSL operations
11:21:41.967 (967042946)|CUMULATIVE_PROFILING|DML operations|
Class.portalAccount.CreateNewAccount: line 63, column 1: Insert: Account: executed 1 time in 864 ms

11:21:41.967 (967042946)|CUMULATIVE_PROFILING|method invocations|
External entry point: global static String CreateNewAccount(String, String, String, String, Date, String, String, String, String, String, String, String, String, String, String): executed 1 time in 899 ms
Class.portalAccount.CreateNewAccount: line 64, column 1: public static String valueOf(Object): executed 1 time in 0 ms
Class.portalAccount.CreateNewAccount: line 40, column 1: global public Boolean isEmpty(): executed 1 time in 0 ms

11:21:41.967 (967042946)|CUMULATIVE_PROFILING_END
