40.0 APEX_CODE,FINEST;APEX_PROFILING,FINEST;CALLOUT,INFO;DB,INFO;SYSTEM,DEBUG;VALIDATION,INFO;VISUALFORCE,INFO;WAVE,INFO;WORKFLOW,INFO
10:49:36.0 (355344)|USER_INFO|[EXTERNAL]|005E0000004yLLO|worldcare@sadhanaconsulting.com.devfull|Eastern Standard Time|GMT-05:00
10:49:36.0 (398058)|EXECUTION_STARTED
10:49:36.0 (403042)|CODE_UNIT_STARTED|[EXTERNAL]|TRIGGERS
10:49:36.0 (1346347)|CODE_UNIT_STARTED|[EXTERNAL]|01qV0000000DErk|LocalTimeUserTrigger on User trigger event BeforeUpdate for [005E0000004yLLO]
10:49:36.0 (1408417)|HEAP_ALLOCATE|[EXTERNAL]|Bytes:8
10:49:36.0 (1441696)|HEAP_ALLOCATE|[EXTERNAL]|Bytes:8
10:49:36.0 (1860218)|HEAP_ALLOCATE|[72]|Bytes:3
10:49:36.0 (1916863)|HEAP_ALLOCATE|[77]|Bytes:152
10:49:36.0 (1938485)|HEAP_ALLOCATE|[342]|Bytes:408
10:49:36.0 (1961039)|HEAP_ALLOCATE|[355]|Bytes:408
10:49:36.0 (1983497)|HEAP_ALLOCATE|[467]|Bytes:48
10:49:36.0 (2019496)|HEAP_ALLOCATE|[139]|Bytes:6
10:49:36.0 (2060048)|HEAP_ALLOCATE|[EXTERNAL]|Bytes:4
10:49:36.0 (2072702)|VARIABLE_SCOPE_BEGIN|[5]|this|LocalTimeUserTrigger|true|false
10:49:36.0 (2134840)|VARIABLE_ASSIGNMENT|[5]|this|{}|0x26365631
10:49:36.0 (2191974)|HEAP_ALLOCATE|[EXTERNAL]|Bytes:4
10:49:36.0 (2203754)|VARIABLE_SCOPE_BEGIN|[5]|this|LocalTimeUserTrigger|true|false
10:49:36.0 (2218077)|VARIABLE_ASSIGNMENT|[5]|this|{}|0x26365631
10:49:36.0 (2227372)|STATEMENT_EXECUTE|[5]
10:49:36.0 (2267122)|HEAP_ALLOCATE|[50]|Bytes:5
10:49:36.0 (2298331)|HEAP_ALLOCATE|[56]|Bytes:5
10:49:36.0 (2310626)|HEAP_ALLOCATE|[64]|Bytes:7
10:49:36.0 (2690030)|HEAP_ALLOCATE|[7]|Bytes:5
10:49:36.0 (2722260)|HEAP_ALLOCATE|[7]|Bytes:4
10:49:36.0 (2737004)|VARIABLE_SCOPE_BEGIN|[7]|u|User|true|false
10:49:36.0 (39018421)|VARIABLE_ASSIGNMENT|[7]|u|{"ProfileId":"00eE0000000zEdeIAE","LastModifiedDate":"2017-11-10T15:42:01.000Z","ReceivesAdminInfoEma (3 more) ...":false,"Email":"depot@sadhanaconsult (7 more) ...","TimeZoneSidKey":"America/New_York","LanguageLocaleKey":"fr","UserRoleId":"00EE0000000hj7TMAQ","License_Type__c":"Salesforce","IsActive":true,"Nurse__c":false,"LastLoginDate":"2017-11-10T15:06:05.000Z","PostalCode":"03820","ForecastEnabled":false,"IsExtIndicatorVisibl (1 more) ...":false,"DigestFrequency":"D","UTC_Offset__c":-4.00,"IsProfilePhotoActive":false,"Default_Patient_Coun (6 more) ...":"US","CompanyName":"Sadhana Consulting L (2 more) ...","CommunityNickname":"prozek","CreatedById":"005E0000002k2ScIAI","Street":"1 S Pine Street","Acquisition_Site__c":"001E000001HBa8R","Server_URL__c":"https://cs12.salesfo (17 more) ...","LastPasswordChangeDa (2 more) ...":"2017-10-10T13:48:13.000Z","LocaleSidKey":"en_US","FirstName":"Elissa","Name_Formula__c":"Elissa Sadhana Team  (5 more) ...","Title":"Consultant","City":"Dover","EmailEncodingKey":"ISO-8859-1","ReceivesInfoEmails":false,"SystemModstamp":"2017-11-10T15:42:01.000Z","User_18_Digit_ID__c":"005E0000004yLLOIA2","IsPortalEnabled":false,"Username":"worldcare@sadhanacon (19 more) ...","Alias":"Sadhana","DefaultGroupNotifica (13 more) ...":"N","CreatedDate":"2014-03-07T01:09:17.000Z","LastName":"Sadhana Team (WCI)","Id":"005E0000004yLLOIA2","IsPortalSelfRegister (2 more) ...":false,"UserType":"Standard","LastModifiedById":"005E0000004yLLOIA2"}|0x53e5e664
10:49:36.0 (39054845)|STATEMENT_EXECUTE|[7]
10:49:36.0 (39057214)|STATEMENT_EXECUTE|[9]
10:49:36.0 (39058533)|STATEMENT_EXECUTE|[9]
10:49:36.0 (39059604)|STATEMENT_EXECUTE|[10]
10:49:36.0 (46338728)|VARIABLE_SCOPE_BEGIN|[3]|LocalTime.NOT_AVAILABLE|String|false|true
10:49:36.0 (46357229)|VARIABLE_SCOPE_BEGIN|[9]|LocalTime.REGION_AFRICA|String|false|true
10:49:36.0 (46367020)|VARIABLE_SCOPE_BEGIN|[6]|LocalTime.REGION_ASIA|String|false|true
10:49:36.0 (46376924)|VARIABLE_SCOPE_BEGIN|[5]|LocalTime.REGION_EUROPE|String|false|true
10:49:36.0 (46386005)|VARIABLE_SCOPE_BEGIN|[11]|LocalTime.REGION_ISRAEL|String|false|true
10:49:36.0 (46395498)|VARIABLE_SCOPE_BEGIN|[4]|LocalTime.REGION_NA|String|false|true
10:49:36.0 (46405109)|VARIABLE_SCOPE_BEGIN|[10]|LocalTime.REGION_NZ|String|false|true
10:49:36.0 (46414336)|VARIABLE_SCOPE_BEGIN|[7]|LocalTime.REGION_OCEANIA|String|false|true
10:49:36.0 (46423526)|VARIABLE_SCOPE_BEGIN|[8]|LocalTime.REGION_SA|String|false|true
10:49:36.0 (46477578)|HEAP_ALLOCATE|[10]|Bytes:86
10:49:36.0 (46490830)|HEAP_ALLOCATE|[10]|Bytes:3
10:49:36.0 (46502909)|VARIABLE_ASSIGNMENT|[10]|LocalTime.NOT_AVAILABLE|"N/A"
10:49:36.0 (46508304)|HEAP_ALLOCATE|[10]|Bytes:6
10:49:36.0 (46514991)|VARIABLE_ASSIGNMENT|[10]|LocalTime.REGION_AFRICA|"AFRICA"
10:49:36.0 (46519701)|HEAP_ALLOCATE|[10]|Bytes:4
10:49:36.0 (46525744)|VARIABLE_ASSIGNMENT|[10]|LocalTime.REGION_ASIA|"ASIA"
10:49:36.0 (46530444)|HEAP_ALLOCATE|[10]|Bytes:6
10:49:36.0 (46537177)|VARIABLE_ASSIGNMENT|[10]|LocalTime.REGION_EUROPE|"EUROPE"
10:49:36.0 (46541609)|HEAP_ALLOCATE|[10]|Bytes:6
10:49:36.0 (46547998)|VARIABLE_ASSIGNMENT|[10]|LocalTime.REGION_ISRAEL|"ISRAEL"
10:49:36.0 (46552381)|HEAP_ALLOCATE|[10]|Bytes:2
10:49:36.0 (46558571)|VARIABLE_ASSIGNMENT|[10]|LocalTime.REGION_NA|"NA"
10:49:36.0 (46563247)|HEAP_ALLOCATE|[10]|Bytes:2
10:49:36.0 (46569518)|VARIABLE_ASSIGNMENT|[10]|LocalTime.REGION_NZ|"NZ"
10:49:36.0 (46573894)|HEAP_ALLOCATE|[10]|Bytes:7
10:49:36.0 (46580533)|VARIABLE_ASSIGNMENT|[10]|LocalTime.REGION_OCEANIA|"OCEANIA"
10:49:36.0 (46585226)|HEAP_ALLOCATE|[10]|Bytes:2
10:49:36.0 (46591656)|VARIABLE_ASSIGNMENT|[10]|LocalTime.REGION_SA|"SA"
10:49:36.0 (46608735)|METHOD_ENTRY|[2]|01pE0000001ksei|LocalTime.LocalTime()
10:49:36.0 (46615835)|STATEMENT_EXECUTE|[2]
10:49:36.0 (46635707)|ENTERING_MANAGED_PKG|tz
10:49:36.0 (46654768)|METHOD_EXIT|[2]|LocalTime
10:49:36.0 (46692966)|METHOD_ENTRY|[10]|01pE0000001ksei|tz.LocalTime.getOffsetFull(String, String, String)
10:49:36.0 (46701428)|ENTERING_MANAGED_PKG|tz
10:49:36.0 (46897838)|ENTERING_MANAGED_PKG|tz
10:49:36.0 (46996003)|ENTERING_MANAGED_PKG|tz
10:49:36.0 (48003141)|SOQL_EXECUTE_BEGIN|[333]|Aggregations:0|SELECT tz__Country__c FROM tz__lt_country_names__mdt WHERE MasterLabel = :tmpVar1
10:49:36.0 (60634037)|SOQL_EXECUTE_END|[333]|Rows:1
10:49:36.0 (61225746)|ENTERING_MANAGED_PKG|tz
10:49:36.0 (61313731)|METHOD_EXIT|[10]|01pE0000001ksei|tz.LocalTime.getOffsetFull(String, String, String)
10:49:36.0 (61325077)|VARIABLE_SCOPE_BEGIN|[10]|jsonStr|String|false|false
10:49:36.0 (61350809)|VARIABLE_ASSIGNMENT|[10]|jsonStr|"{\"offset\":\"N/A\",\"dst (92 more) ..."
10:49:36.0 (61358328)|STATEMENT_EXECUTE|[11]
10:49:36.0 (61360128)|STATEMENT_EXECUTE|[12]
10:49:36.0 (61426210)|HEAP_ALLOCATE|[12]|Bytes:24
10:49:36.0 (61444864)|SYSTEM_METHOD_ENTRY|[1]|JSON.JSON()
10:49:36.0 (61449109)|STATEMENT_EXECUTE|[1]
10:49:36.0 (61459348)|SYSTEM_METHOD_EXIT|[1]|JSON
10:49:36.0 (61475253)|METHOD_ENTRY|[12]||System.JSON.deserializeUntyped(String)
10:49:36.0 (61958783)|METHOD_EXIT|[12]||System.JSON.deserializeUntyped(String)
10:49:36.0 (61973009)|VARIABLE_SCOPE_BEGIN|[12]|m|Map<String,ANY>|true|false
10:49:36.0 (62002326)|VARIABLE_ASSIGNMENT|[12]|m|"Map of size 6 too large to display"|0x34c37a80
10:49:36.0 (62011746)|STATEMENT_EXECUTE|[13]
10:49:36.0 (62016768)|HEAP_ALLOCATE|[13]|Bytes:6
10:49:36.0 (62061375)|VARIABLE_SCOPE_BEGIN|[13]|offset|String|false|false
10:49:36.0 (62074752)|VARIABLE_ASSIGNMENT|[13]|offset|"N/A"
10:49:36.0 (62081660)|HEAP_ALLOCATE|[14]|Bytes:3
10:49:36.0 (62115505)|STATEMENT_EXECUTE|[14]
10:49:36.0 (62135651)|HEAP_ALLOCATE|[7]|Bytes:5
10:49:36.0 (62154555)|VARIABLE_ASSIGNMENT|[7]|u|null|
10:49:36.62 (62166826)|CUMULATIVE_LIMIT_USAGE
10:49:36.62 (62166826)|LIMIT_USAGE_FOR_NS|(default)|
  Number of SOQL queries: 0 out of 100
  Number of query rows: 0 out of 50000
  Number of SOSL queries: 0 out of 20
  Number of DML statements: 0 out of 150
  Number of DML rows: 0 out of 10000
  Maximum CPU time: 0 out of 10000
  Maximum heap size: 0 out of 6000000
  Number of callouts: 0 out of 100
  Number of Email Invocations: 0 out of 10
  Number of future calls: 0 out of 50
  Number of queueable jobs added to the queue: 0 out of 50
  Number of Mobile Apex push calls: 0 out of 10

10:49:36.62 (62166826)|LIMIT_USAGE_FOR_NS|tz|
  Number of SOQL queries: 0 out of 100
  Number of query rows: 1 out of 50000
  Number of SOSL queries: 0 out of 20
  Number of DML statements: 0 out of 150
  Number of DML rows: 0 out of 10000
  Maximum CPU time: 0 out of 10000
  Maximum heap size: 0 out of 6000000
  Number of callouts: 0 out of 100
  Number of Email Invocations: 0 out of 10
  Number of future calls: 0 out of 50
  Number of queueable jobs added to the queue: 0 out of 50
  Number of Mobile Apex push calls: 0 out of 10

10:49:36.62 (62166826)|TOTAL_EMAIL_RECIPIENTS_QUEUED|0
10:49:36.62 (62166826)|STATIC_VARIABLE_LIST|
  char[]:DigitTens:0
  long:serialVersionUID:0
  String:_static_REGION_EUROPE:0
  String:_static_REGION_NA:0
  long:serialVersionUID:0
  double:MAX_VALUE:0
  Boolean:FALSE:0
  long:serialVersionUID:0
  String:_sfdcAdditionalCodeLocations:0
  double:MIN_VALUE:0
  int:SIZE:0
  double:NEGATIVE_INFINITY:0
  String:_static_NOT_AVAILABLE:0
  int:MAX_VALUE:0
  String:_static_REGION_ISRAEL:0
  char[]:digits:0
  double:NaN:0
  Boolean:TRUE:0
  String:_static_REGION_AFRICA:0
  String:_static_REGION_NZ:0
  String:_static_REGION_SA:0
  int:MIN_VALUE:0
  char[]:DigitOnes:0
  int:BYTES:0
  String:_sfdcAdditionalCodeLocations:0
  int:MIN_EXPONENT:0
  int[]:sizeTable:0
  String:_static_REGION_ASIA:0
  int:MAX_EXPONENT:0
  String:_static_REGION_OCEANIA:0
  int:SIZE:0
  double:POSITIVE_INFINITY:0
  double:MIN_NORMAL:0
  int:BYTES:0

10:49:36.62 (62166826)|CUMULATIVE_LIMIT_USAGE_END

10:49:36.0 (63318411)|CODE_UNIT_FINISHED|LocalTimeUserTrigger on User trigger event BeforeUpdate for [005E0000004yLLO]
10:49:36.140 (140635800)|ENTERING_MANAGED_PKG|skuid
10:49:36.141 (141583745)|CUMULATIVE_LIMIT_USAGE
10:49:36.141 (141583745)|LIMIT_USAGE_FOR_NS|(default)|
  Number of SOQL queries: 0 out of 100
  Number of query rows: 0 out of 50000
  Number of SOSL queries: 0 out of 20
  Number of DML statements: 0 out of 150
  Number of DML rows: 0 out of 10000
  Maximum CPU time: 0 out of 10000
  Maximum heap size: 0 out of 6000000
  Number of callouts: 0 out of 100
  Number of Email Invocations: 0 out of 10
  Number of future calls: 0 out of 50
  Number of queueable jobs added to the queue: 0 out of 50
  Number of Mobile Apex push calls: 0 out of 10

10:49:36.141 (141583745)|LIMIT_USAGE_FOR_NS|tz|
  Number of SOQL queries: 0 out of 100
  Number of query rows: 1 out of 50000
  Number of SOSL queries: 0 out of 20
  Number of DML statements: 0 out of 150
  Number of DML rows: 0 out of 10000
  Maximum CPU time: 0 out of 10000
  Maximum heap size: 0 out of 6000000
  Number of callouts: 0 out of 100
  Number of Email Invocations: 0 out of 10
  Number of future calls: 0 out of 50
  Number of queueable jobs added to the queue: 0 out of 50
  Number of Mobile Apex push calls: 0 out of 10

10:49:36.141 (141583745)|CUMULATIVE_LIMIT_USAGE_END

10:49:36.0 (144186764)|CODE_UNIT_STARTED|[EXTERNAL]|Workflow:User
10:49:36.0 (150566154)|WF_RULE_EVAL_BEGIN|Workflow
10:49:36.0 (150598139)|WF_CRITERIA_BEGIN|[User: Elissa Sadhana Team (WCI) 005E0000004yLLO]|Member_Community_New_User301V000000063fo|01QV00000001N6N|ON_CREATE_ONLY|0
10:49:36.0 (150609219)|WF_RULE_NOT_EVALUATED
10:49:36.0 (150619984)|WF_SPOOL_ACTION_BEGIN|Workflow
10:49:36.0 (150630220)|WF_ACTION| None
10:49:36.0 (150634210)|WF_RULE_EVAL_END
10:49:36.0 (150679807)|WF_ACTIONS_END| None
10:49:36.0 (150688410)|CODE_UNIT_FINISHED|Workflow:User
10:49:36.0 (158391358)|CODE_UNIT_STARTED|[EXTERNAL]|01qV0000000DErk|LocalTimeUserTrigger on User trigger event BeforeUpdate for [005E0000004yLLO]
10:49:36.0 (158423316)|HEAP_ALLOCATE|[EXTERNAL]|Bytes:8
10:49:36.0 (158446065)|HEAP_ALLOCATE|[EXTERNAL]|Bytes:8
10:49:36.0 (158491095)|HEAP_ALLOCATE|[EXTERNAL]|Bytes:4
10:49:36.0 (158503035)|VARIABLE_SCOPE_BEGIN|[5]|this|LocalTimeUserTrigger|true|false
10:49:36.0 (158538226)|VARIABLE_ASSIGNMENT|[5]|this|{}|0x6faedd22
10:49:36.0 (158564993)|HEAP_ALLOCATE|[EXTERNAL]|Bytes:4
10:49:36.0 (158572377)|VARIABLE_SCOPE_BEGIN|[5]|this|LocalTimeUserTrigger|true|false
10:49:36.0 (158585646)|VARIABLE_ASSIGNMENT|[5]|this|{}|0x6faedd22
10:49:36.0 (158594308)|STATEMENT_EXECUTE|[5]
10:49:36.0 (158653441)|HEAP_ALLOCATE|[7]|Bytes:5
10:49:36.0 (158674020)|HEAP_ALLOCATE|[7]|Bytes:4
10:49:36.0 (158684675)|VARIABLE_SCOPE_BEGIN|[7]|u|User|true|false
10:49:36.0 (162763532)|VARIABLE_ASSIGNMENT|[7]|u|{"ProfileId":"00eE0000000zEdeIAE","LastModifiedDate":"2017-11-10T15:49:36.000Z","ReceivesAdminInfoEma (3 more) ...":false,"Email":"depot@sadhanaconsult (7 more) ...","TimeZoneSidKey":"America/New_York","LanguageLocaleKey":"en_US","UserRoleId":"00EE0000000hj7TMAQ","License_Type__c":"Salesforce","IsActive":true,"Nurse__c":false,"LastLoginDate":"2017-11-10T15:06:05.000Z","PostalCode":"03820","ForecastEnabled":false,"IsExtIndicatorVisibl (1 more) ...":false,"DigestFrequency":"D","UTC_Offset__c":-4.00,"IsProfilePhotoActive":false,"Default_Patient_Coun (6 more) ...":"US","CompanyName":"Sadhana Consulting L (2 more) ...","CommunityNickname":"prozek","CreatedById":"005E0000002k2ScIAI","Street":"1 S Pine Street","Acquisition_Site__c":"001E000001HBa8R","Server_URL__c":"https://cs12.salesfo (17 more) ...","LastPasswordChangeDa (2 more) ...":"2017-10-10T13:48:13.000Z","LocaleSidKey":"en_US","FirstName":"Elissa","Name_Formula__c":"Elissa Sadhana Team  (5 more) ...","Title":"Consultant","City":"Dover","EmailEncodingKey":"ISO-8859-1","ReceivesInfoEmails":false,"SystemModstamp":"2017-11-10T15:49:36.000Z","User_18_Digit_ID__c":"005E0000004yLLOIA2","IsPortalEnabled":false,"Username":"worldcare@sadhanacon (19 more) ...","Alias":"Sadhana","DefaultGroupNotifica (13 more) ...":"N","CreatedDate":"2014-03-07T01:09:17.000Z","LastName":"Sadhana Team (WCI)","Id":"005E0000004yLLOIA2","IsPortalSelfRegister (2 more) ...":false,"UserType":"Standard","LastModifiedById":"005E0000004yLLOIA2"}|0x34319179
10:49:36.0 (162793101)|STATEMENT_EXECUTE|[7]
10:49:36.0 (162795093)|STATEMENT_EXECUTE|[9]
10:49:36.0 (162796293)|STATEMENT_EXECUTE|[9]
10:49:36.0 (162797462)|STATEMENT_EXECUTE|[10]
10:49:36.0 (162847538)|METHOD_ENTRY|[10]|01pE0000001ksei|tz.LocalTime.getOffsetFull(String, String, String)
10:49:36.0 (162859440)|ENTERING_MANAGED_PKG|tz
10:49:36.0 (162894135)|ENTERING_MANAGED_PKG|tz
10:49:36.0 (162947929)|ENTERING_MANAGED_PKG|tz
10:49:36.0 (163206435)|SOQL_EXECUTE_BEGIN|[333]|Aggregations:0|SELECT tz__Country__c FROM tz__lt_country_names__mdt WHERE MasterLabel = :tmpVar1
10:49:36.0 (173225385)|SOQL_EXECUTE_END|[333]|Rows:1
10:49:36.0 (173492112)|ENTERING_MANAGED_PKG|tz
10:49:36.0 (173543003)|METHOD_EXIT|[10]|01pE0000001ksei|tz.LocalTime.getOffsetFull(String, String, String)
10:49:36.0 (173552535)|VARIABLE_SCOPE_BEGIN|[10]|jsonStr|String|false|false
10:49:36.0 (173573882)|VARIABLE_ASSIGNMENT|[10]|jsonStr|"{\"offset\":\"N/A\",\"dst (92 more) ..."
10:49:36.0 (173580396)|STATEMENT_EXECUTE|[11]
10:49:36.0 (173581965)|STATEMENT_EXECUTE|[12]
10:49:36.0 (173591922)|METHOD_ENTRY|[12]||System.JSON.deserializeUntyped(String)
10:49:36.0 (174015899)|METHOD_EXIT|[12]||System.JSON.deserializeUntyped(String)
10:49:36.0 (174031227)|VARIABLE_SCOPE_BEGIN|[12]|m|Map<String,ANY>|true|false
10:49:36.0 (174053966)|VARIABLE_ASSIGNMENT|[12]|m|"Map of size 6 too large to display"|0x184e2992
10:49:36.0 (174061300)|STATEMENT_EXECUTE|[13]
10:49:36.0 (174079441)|VARIABLE_SCOPE_BEGIN|[13]|offset|String|false|false
10:49:36.0 (174090843)|VARIABLE_ASSIGNMENT|[13]|offset|"N/A"
10:49:36.0 (174112548)|STATEMENT_EXECUTE|[14]
10:49:36.0 (174128543)|HEAP_ALLOCATE|[7]|Bytes:5
10:49:36.0 (174147512)|VARIABLE_ASSIGNMENT|[7]|u|null|
10:49:36.174 (174157563)|CUMULATIVE_LIMIT_USAGE
10:49:36.174 (174157563)|LIMIT_USAGE_FOR_NS|(default)|
  Number of SOQL queries: 0 out of 100
  Number of query rows: 0 out of 50000
  Number of SOSL queries: 0 out of 20
  Number of DML statements: 0 out of 150
  Number of DML rows: 0 out of 10000
  Maximum CPU time: 0 out of 10000
  Maximum heap size: 0 out of 6000000
  Number of callouts: 0 out of 100
  Number of Email Invocations: 0 out of 10
  Number of future calls: 0 out of 50
  Number of queueable jobs added to the queue: 0 out of 50
  Number of Mobile Apex push calls: 0 out of 10

10:49:36.174 (174157563)|LIMIT_USAGE_FOR_NS|tz|
  Number of SOQL queries: 0 out of 100
  Number of query rows: 1 out of 50000
  Number of SOSL queries: 0 out of 20
  Number of DML statements: 0 out of 150
  Number of DML rows: 0 out of 10000
  Maximum CPU time: 0 out of 10000
  Maximum heap size: 0 out of 6000000
  Number of callouts: 0 out of 100
  Number of Email Invocations: 0 out of 10
  Number of future calls: 0 out of 50
  Number of queueable jobs added to the queue: 0 out of 50
  Number of Mobile Apex push calls: 0 out of 10

10:49:36.174 (174157563)|TOTAL_EMAIL_RECIPIENTS_QUEUED|0
10:49:36.174 (174157563)|STATIC_VARIABLE_LIST|
  char[]:DigitTens:0
  long:serialVersionUID:0
  String:_static_REGION_EUROPE:0
  String:_static_REGION_NA:0
  long:serialVersionUID:0
  double:MAX_VALUE:0
  Boolean:FALSE:0
  long:serialVersionUID:0
  String:_sfdcAdditionalCodeLocations:0
  double:MIN_VALUE:0
  int:SIZE:0
  double:NEGATIVE_INFINITY:0
  String:_static_NOT_AVAILABLE:0
  int:MAX_VALUE:0
  String:_static_REGION_ISRAEL:0
  char[]:digits:0
  double:NaN:0
  Boolean:TRUE:0
  String:_static_REGION_AFRICA:0
  String:_static_REGION_NZ:0
  String:_static_REGION_SA:0
  int:MIN_VALUE:0
  String:_sfdcAdditionalCodeLocations:0
  char[]:DigitOnes:0
  int:BYTES:0
  String:_sfdcAdditionalCodeLocations:0
  int:MIN_EXPONENT:0
  int[]:sizeTable:0
  String:_static_REGION_ASIA:0
  int:MAX_EXPONENT:0
  String:_static_REGION_OCEANIA:0
  int:SIZE:0
  double:POSITIVE_INFINITY:0
  double:MIN_NORMAL:0
  int:BYTES:0

10:49:36.174 (174157563)|CUMULATIVE_LIMIT_USAGE_END

10:49:36.0 (175330153)|CODE_UNIT_FINISHED|LocalTimeUserTrigger on User trigger event BeforeUpdate for [005E0000004yLLO]
10:49:36.226 (226921222)|ENTERING_MANAGED_PKG|skuid
10:49:36.227 (227656150)|CUMULATIVE_LIMIT_USAGE
10:49:36.227 (227656150)|LIMIT_USAGE_FOR_NS|(default)|
  Number of SOQL queries: 0 out of 100
  Number of query rows: 0 out of 50000
  Number of SOSL queries: 0 out of 20
  Number of DML statements: 0 out of 150
  Number of DML rows: 0 out of 10000
  Maximum CPU time: 0 out of 10000
  Maximum heap size: 0 out of 6000000
  Number of callouts: 0 out of 100
  Number of Email Invocations: 0 out of 10
  Number of future calls: 0 out of 50
  Number of queueable jobs added to the queue: 0 out of 50
  Number of Mobile Apex push calls: 0 out of 10

10:49:36.227 (227656150)|LIMIT_USAGE_FOR_NS|tz|
  Number of SOQL queries: 0 out of 100
  Number of query rows: 1 out of 50000
  Number of SOSL queries: 0 out of 20
  Number of DML statements: 0 out of 150
  Number of DML rows: 0 out of 10000
  Maximum CPU time: 0 out of 10000
  Maximum heap size: 0 out of 6000000
  Number of callouts: 0 out of 100
  Number of Email Invocations: 0 out of 10
  Number of future calls: 0 out of 50
  Number of queueable jobs added to the queue: 0 out of 50
  Number of Mobile Apex push calls: 0 out of 10

10:49:36.227 (227656150)|CUMULATIVE_LIMIT_USAGE_END

10:49:36.0 (230186840)|CODE_UNIT_STARTED|[EXTERNAL]|Workflow:User
10:49:36.0 (234848031)|WF_RULE_EVAL_BEGIN|Workflow
10:49:36.0 (234880518)|WF_CRITERIA_BEGIN|[User: Elissa Sadhana Team (WCI) 005E0000004yLLO]|Member_Community_New_User301V000000063fo|01QV00000001N6N|ON_CREATE_ONLY|0
10:49:36.0 (234892479)|WF_RULE_NOT_EVALUATED
10:49:36.0 (234903290)|WF_SPOOL_ACTION_BEGIN|Workflow
10:49:36.0 (234913327)|WF_ACTION| None
10:49:36.0 (234917459)|WF_RULE_EVAL_END
10:49:36.0 (234961371)|WF_ACTIONS_END| None
10:49:36.0 (234970053)|CODE_UNIT_FINISHED|Workflow:User
10:49:36.0 (420774197)|CODE_UNIT_FINISHED|TRIGGERS
10:49:36.0 (420808268)|EXECUTION_FINISHED
10:49:36.453 (453419872)|CUMULATIVE_PROFILING_BEGIN
10:49:36.453 (453419872)|CUMULATIVE_PROFILING|SOQL operations|
(tz): [SELECT tz__Country__c FROM tz__lt_country_names__mdt WHERE MasterLabel = :countryCode]: executed 2 times in 24 ms

10:49:36.453 (453419872)|CUMULATIVE_PROFILING|No profiling information for SOSL operations
10:49:36.453 (453419872)|CUMULATIVE_PROFILING|No profiling information for DML operations
10:49:36.453 (453419872)|CUMULATIVE_PROFILING|method invocations|
Trigger.LocalTimeUserTrigger: line 10, column 1: webService static String getOffsetFull(String, String, String): executed 2 times in 25 ms
External entry point: public void invoke(): executed 1 time in 15 ms
Trigger.LocalTimeUserTrigger: line 7, column 1: global public System.Iterator iterator(): executed 6 times in 0 ms
Trigger.LocalTimeUserTrigger: line 12, column 1: global static Object deserializeUntyped(String): executed 2 times in 0 ms
Trigger.LocalTimeUserTrigger: line 13, column 1: global public Object get(Object): executed 2 times in 0 ms

10:49:36.453 (453419872)|CUMULATIVE_PROFILING_END
