40.0 APEX_CODE,FINEST;APEX_PROFILING,FINEST;CALLOUT,INFO;DB,INFO;SYSTEM,DEBUG;VALIDATION,INFO;VISUALFORCE,INFO;WAVE,INFO;WORKFLOW,INFO
10:28:58.0 (358632)|USER_INFO|[EXTERNAL]|005E0000004yLLO|worldcare@sadhanaconsulting.com.devfull|Eastern Standard Time|GMT-05:00
10:28:58.0 (406245)|EXECUTION_STARTED
10:28:58.0 (412532)|CODE_UNIT_STARTED|[EXTERNAL]|TRIGGERS
10:28:58.0 (1427918)|CODE_UNIT_STARTED|[EXTERNAL]|01qV0000000DErk|LocalTimeUserTrigger on User trigger event BeforeUpdate for [005E0000004yLLO]
10:28:58.0 (1486995)|HEAP_ALLOCATE|[EXTERNAL]|Bytes:8
10:28:58.0 (1524324)|HEAP_ALLOCATE|[EXTERNAL]|Bytes:8
10:28:58.0 (1848580)|HEAP_ALLOCATE|[72]|Bytes:3
10:28:58.0 (1903908)|HEAP_ALLOCATE|[77]|Bytes:152
10:28:58.0 (1930601)|HEAP_ALLOCATE|[342]|Bytes:408
10:28:58.0 (1964536)|HEAP_ALLOCATE|[355]|Bytes:408
10:28:58.0 (1998204)|HEAP_ALLOCATE|[467]|Bytes:48
10:28:58.0 (2057249)|HEAP_ALLOCATE|[139]|Bytes:6
10:28:58.0 (2098191)|HEAP_ALLOCATE|[EXTERNAL]|Bytes:4
10:28:58.0 (2111280)|VARIABLE_SCOPE_BEGIN|[5]|this|LocalTimeUserTrigger|true|false
10:28:58.0 (2163099)|VARIABLE_ASSIGNMENT|[5]|this|{}|0x5151806d
10:28:58.0 (2202162)|HEAP_ALLOCATE|[EXTERNAL]|Bytes:4
10:28:58.0 (2212424)|VARIABLE_SCOPE_BEGIN|[5]|this|LocalTimeUserTrigger|true|false
10:28:58.0 (2231167)|VARIABLE_ASSIGNMENT|[5]|this|{}|0x5151806d
10:28:58.0 (2244975)|STATEMENT_EXECUTE|[5]
10:28:58.0 (2288803)|HEAP_ALLOCATE|[50]|Bytes:5
10:28:58.0 (2322766)|HEAP_ALLOCATE|[56]|Bytes:5
10:28:58.0 (2339977)|HEAP_ALLOCATE|[64]|Bytes:7
10:28:58.0 (2734561)|HEAP_ALLOCATE|[7]|Bytes:5
10:28:58.0 (2768746)|HEAP_ALLOCATE|[7]|Bytes:4
10:28:58.0 (2785588)|VARIABLE_SCOPE_BEGIN|[7]|u|User|true|false
10:28:58.0 (33584629)|VARIABLE_ASSIGNMENT|[7]|u|{"ProfileId":"00eE0000000zEdeIAE","LastModifiedDate":"2017-11-10T15:28:58.000Z","ReceivesAdminInfoEma (3 more) ...":false,"Email":"depot@sadhanaconsult (7 more) ...","TimeZoneSidKey":"America/New_York","LanguageLocaleKey":"fr","UserRoleId":"00EE0000000hj7TMAQ","License_Type__c":"Salesforce","IsActive":true,"Nurse__c":false,"LastLoginDate":"2017-11-10T15:06:05.000Z","PostalCode":"03820","ForecastEnabled":false,"IsExtIndicatorVisibl (1 more) ...":false,"DigestFrequency":"D","UTC_Offset__c":-4.00,"IsProfilePhotoActive":false,"Default_Patient_Coun (6 more) ...":"US","CompanyName":"Sadhana Consulting L (2 more) ...","CommunityNickname":"prozek","CreatedById":"005E0000002k2ScIAI","Street":"1 S Pine Street","Acquisition_Site__c":"001E000001HBa8R","Server_URL__c":"https://cs12.salesfo (17 more) ...","LastPasswordChangeDa (2 more) ...":"2017-10-10T13:48:13.000Z","LocaleSidKey":"en_US","FirstName":"Elissa","Name_Formula__c":"Elissa Sadhana Team  (5 more) ...","Title":"Consultant","City":"Dover","EmailEncodingKey":"ISO-8859-1","ReceivesInfoEmails":false,"SystemModstamp":"2017-11-10T15:28:58.000Z","User_18_Digit_ID__c":"005E0000004yLLOIA2","IsPortalEnabled":false,"Username":"worldcare@sadhanacon (19 more) ...","Alias":"Sadhana","DefaultGroupNotifica (13 more) ...":"N","CreatedDate":"2014-03-07T01:09:17.000Z","LastName":"Sadhana Team (WCI)","Id":"005E0000004yLLOIA2","IsPortalSelfRegister (2 more) ...":false,"UserType":"Standard","LastModifiedById":"005E0000004yLLOIA2"}|0x529347e4
10:28:58.0 (33632196)|STATEMENT_EXECUTE|[7]
10:28:58.0 (33634425)|STATEMENT_EXECUTE|[9]
10:28:58.0 (33635617)|STATEMENT_EXECUTE|[9]
10:28:58.0 (33636738)|STATEMENT_EXECUTE|[10]
10:28:58.0 (34575248)|VARIABLE_SCOPE_BEGIN|[3]|LocalTime.NOT_AVAILABLE|String|false|true
10:28:58.0 (34588951)|VARIABLE_SCOPE_BEGIN|[9]|LocalTime.REGION_AFRICA|String|false|true
10:28:58.0 (34596081)|VARIABLE_SCOPE_BEGIN|[6]|LocalTime.REGION_ASIA|String|false|true
10:28:58.0 (34603295)|VARIABLE_SCOPE_BEGIN|[5]|LocalTime.REGION_EUROPE|String|false|true
10:28:58.0 (34609327)|VARIABLE_SCOPE_BEGIN|[11]|LocalTime.REGION_ISRAEL|String|false|true
10:28:58.0 (34615605)|VARIABLE_SCOPE_BEGIN|[4]|LocalTime.REGION_NA|String|false|true
10:28:58.0 (34622075)|VARIABLE_SCOPE_BEGIN|[10]|LocalTime.REGION_NZ|String|false|true
10:28:58.0 (34628332)|VARIABLE_SCOPE_BEGIN|[7]|LocalTime.REGION_OCEANIA|String|false|true
10:28:58.0 (34634575)|VARIABLE_SCOPE_BEGIN|[8]|LocalTime.REGION_SA|String|false|true
10:28:58.0 (34698286)|HEAP_ALLOCATE|[10]|Bytes:86
10:28:58.0 (34715264)|HEAP_ALLOCATE|[10]|Bytes:3
10:28:58.0 (34729886)|VARIABLE_ASSIGNMENT|[10]|LocalTime.NOT_AVAILABLE|"N/A"
10:28:58.0 (34735417)|HEAP_ALLOCATE|[10]|Bytes:6
10:28:58.0 (34742154)|VARIABLE_ASSIGNMENT|[10]|LocalTime.REGION_AFRICA|"AFRICA"
10:28:58.0 (34746856)|HEAP_ALLOCATE|[10]|Bytes:4
10:28:58.0 (34753297)|VARIABLE_ASSIGNMENT|[10]|LocalTime.REGION_ASIA|"ASIA"
10:28:58.0 (34758069)|HEAP_ALLOCATE|[10]|Bytes:6
10:28:58.0 (34764850)|VARIABLE_ASSIGNMENT|[10]|LocalTime.REGION_EUROPE|"EUROPE"
10:28:58.0 (34769378)|HEAP_ALLOCATE|[10]|Bytes:6
10:28:58.0 (34775928)|VARIABLE_ASSIGNMENT|[10]|LocalTime.REGION_ISRAEL|"ISRAEL"
10:28:58.0 (34780501)|HEAP_ALLOCATE|[10]|Bytes:2
10:28:58.0 (34786621)|VARIABLE_ASSIGNMENT|[10]|LocalTime.REGION_NA|"NA"
10:28:58.0 (34791631)|HEAP_ALLOCATE|[10]|Bytes:2
10:28:58.0 (34797807)|VARIABLE_ASSIGNMENT|[10]|LocalTime.REGION_NZ|"NZ"
10:28:58.0 (34802720)|HEAP_ALLOCATE|[10]|Bytes:7
10:28:58.0 (34809309)|VARIABLE_ASSIGNMENT|[10]|LocalTime.REGION_OCEANIA|"OCEANIA"
10:28:58.0 (34818621)|HEAP_ALLOCATE|[10]|Bytes:2
10:28:58.0 (34825564)|VARIABLE_ASSIGNMENT|[10]|LocalTime.REGION_SA|"SA"
10:28:58.0 (34847805)|METHOD_ENTRY|[2]|01pE0000001ksei|LocalTime.LocalTime()
10:28:58.0 (34854000)|STATEMENT_EXECUTE|[2]
10:28:58.0 (34876848)|ENTERING_MANAGED_PKG|tz
10:28:58.0 (34898058)|METHOD_EXIT|[2]|LocalTime
10:28:58.0 (34924347)|METHOD_ENTRY|[10]|01pE0000001ksei|tz.LocalTime.getOffsetFull(String, String, String)
10:28:58.0 (34931067)|ENTERING_MANAGED_PKG|tz
10:28:58.0 (35134692)|ENTERING_MANAGED_PKG|tz
10:28:58.0 (35219097)|ENTERING_MANAGED_PKG|tz
10:28:58.0 (36256945)|SOQL_EXECUTE_BEGIN|[333]|Aggregations:0|SELECT tz__Country__c FROM tz__lt_country_names__mdt WHERE MasterLabel = :tmpVar1
10:28:58.0 (48790746)|SOQL_EXECUTE_END|[333]|Rows:1
10:28:58.0 (49296832)|ENTERING_MANAGED_PKG|tz
10:28:58.0 (49359455)|METHOD_EXIT|[10]|01pE0000001ksei|tz.LocalTime.getOffsetFull(String, String, String)
10:28:58.0 (49370530)|VARIABLE_SCOPE_BEGIN|[10]|jsonStr|String|false|false
10:28:58.0 (49390064)|VARIABLE_ASSIGNMENT|[10]|jsonStr|"{\"offset\":\"N/A\",\"dst (92 more) ..."
10:28:58.0 (49396428)|STATEMENT_EXECUTE|[11]
10:28:58.0 (49398044)|STATEMENT_EXECUTE|[12]
10:28:58.0 (49445282)|HEAP_ALLOCATE|[12]|Bytes:24
10:28:58.0 (49462086)|SYSTEM_METHOD_ENTRY|[1]|JSON.JSON()
10:28:58.0 (49466412)|STATEMENT_EXECUTE|[1]
10:28:58.0 (49474835)|SYSTEM_METHOD_EXIT|[1]|JSON
10:28:58.0 (49491594)|METHOD_ENTRY|[12]||System.JSON.deserializeUntyped(String)
10:28:58.0 (49981865)|METHOD_EXIT|[12]||System.JSON.deserializeUntyped(String)
10:28:58.0 (49996877)|VARIABLE_SCOPE_BEGIN|[12]|m|Map<String,ANY>|true|false
10:28:58.0 (50021738)|VARIABLE_ASSIGNMENT|[12]|m|"Map of size 6 too large to display"|0x6af5d41a
10:28:58.0 (50029559)|STATEMENT_EXECUTE|[13]
10:28:58.0 (50033912)|HEAP_ALLOCATE|[13]|Bytes:6
10:28:58.0 (50077351)|VARIABLE_SCOPE_BEGIN|[13]|offset|String|false|false
10:28:58.0 (50091634)|VARIABLE_ASSIGNMENT|[13]|offset|"N/A"
10:28:58.0 (50098685)|HEAP_ALLOCATE|[14]|Bytes:3
10:28:58.0 (50127676)|STATEMENT_EXECUTE|[14]
10:28:58.0 (50148077)|HEAP_ALLOCATE|[7]|Bytes:5
10:28:58.0 (50166057)|VARIABLE_ASSIGNMENT|[7]|u|null|
10:28:58.50 (50177009)|CUMULATIVE_LIMIT_USAGE
10:28:58.50 (50177009)|LIMIT_USAGE_FOR_NS|(default)|
  Number of SOQL queries: 0 out of 100
  Number of query rows: 0 out of 50000
  Number of SOSL queries: 0 out of 20
  Number of DML statements: 0 out of 150
  Number of DML rows: 0 out of 10000
  Maximum CPU time: 0 out of 10000
  Maximum heap size: 0 out of 6000000
  Number of callouts: 0 out of 100
  Number of Email Invocations: 0 out of 10
  Number of future calls: 0 out of 50
  Number of queueable jobs added to the queue: 0 out of 50
  Number of Mobile Apex push calls: 0 out of 10

10:28:58.50 (50177009)|LIMIT_USAGE_FOR_NS|tz|
  Number of SOQL queries: 0 out of 100
  Number of query rows: 1 out of 50000
  Number of SOSL queries: 0 out of 20
  Number of DML statements: 0 out of 150
  Number of DML rows: 0 out of 10000
  Maximum CPU time: 0 out of 10000
  Maximum heap size: 0 out of 6000000
  Number of callouts: 0 out of 100
  Number of Email Invocations: 0 out of 10
  Number of future calls: 0 out of 50
  Number of queueable jobs added to the queue: 0 out of 50
  Number of Mobile Apex push calls: 0 out of 10

10:28:58.50 (50177009)|TOTAL_EMAIL_RECIPIENTS_QUEUED|0
10:28:58.50 (50177009)|STATIC_VARIABLE_LIST|
  char[]:DigitTens:0
  long:serialVersionUID:0
  String:_static_REGION_EUROPE:0
  String:_static_REGION_NA:0
  long:serialVersionUID:0
  double:MAX_VALUE:0
  Boolean:FALSE:0
  long:serialVersionUID:0
  String:_sfdcAdditionalCodeLocations:0
  double:MIN_VALUE:0
  int:SIZE:0
  double:NEGATIVE_INFINITY:0
  String:_static_NOT_AVAILABLE:0
  int:MAX_VALUE:0
  String:_static_REGION_ISRAEL:0
  char[]:digits:0
  double:NaN:0
  Boolean:TRUE:0
  String:_static_REGION_AFRICA:0
  String:_static_REGION_NZ:0
  String:_static_REGION_SA:0
  int:MIN_VALUE:0
  char[]:DigitOnes:0
  int:BYTES:0
  String:_sfdcAdditionalCodeLocations:0
  int:MIN_EXPONENT:0
  int[]:sizeTable:0
  String:_static_REGION_ASIA:0
  int:MAX_EXPONENT:0
  String:_static_REGION_OCEANIA:0
  int:SIZE:0
  double:POSITIVE_INFINITY:0
  double:MIN_NORMAL:0
  int:BYTES:0

10:28:58.50 (50177009)|CUMULATIVE_LIMIT_USAGE_END

10:28:58.0 (51550130)|CODE_UNIT_FINISHED|LocalTimeUserTrigger on User trigger event BeforeUpdate for [005E0000004yLLO]
10:28:58.144 (144103848)|ENTERING_MANAGED_PKG|skuid
10:28:58.145 (145131516)|CUMULATIVE_LIMIT_USAGE
10:28:58.145 (145131516)|LIMIT_USAGE_FOR_NS|(default)|
  Number of SOQL queries: 0 out of 100
  Number of query rows: 0 out of 50000
  Number of SOSL queries: 0 out of 20
  Number of DML statements: 0 out of 150
  Number of DML rows: 0 out of 10000
  Maximum CPU time: 0 out of 10000
  Maximum heap size: 0 out of 6000000
  Number of callouts: 0 out of 100
  Number of Email Invocations: 0 out of 10
  Number of future calls: 0 out of 50
  Number of queueable jobs added to the queue: 0 out of 50
  Number of Mobile Apex push calls: 0 out of 10

10:28:58.145 (145131516)|LIMIT_USAGE_FOR_NS|tz|
  Number of SOQL queries: 0 out of 100
  Number of query rows: 1 out of 50000
  Number of SOSL queries: 0 out of 20
  Number of DML statements: 0 out of 150
  Number of DML rows: 0 out of 10000
  Maximum CPU time: 0 out of 10000
  Maximum heap size: 0 out of 6000000
  Number of callouts: 0 out of 100
  Number of Email Invocations: 0 out of 10
  Number of future calls: 0 out of 50
  Number of queueable jobs added to the queue: 0 out of 50
  Number of Mobile Apex push calls: 0 out of 10

10:28:58.145 (145131516)|CUMULATIVE_LIMIT_USAGE_END

10:28:58.0 (147907523)|CODE_UNIT_STARTED|[EXTERNAL]|Workflow:User
10:28:58.0 (155421274)|WF_RULE_EVAL_BEGIN|Workflow
10:28:58.0 (155452264)|WF_CRITERIA_BEGIN|[User: Elissa Sadhana Team (WCI) 005E0000004yLLO]|Member_Community_New_User301V000000063fo|01QV00000001N6N|ON_CREATE_ONLY|0
10:28:58.0 (155474428)|WF_RULE_NOT_EVALUATED
10:28:58.0 (155484685)|WF_SPOOL_ACTION_BEGIN|Workflow
10:28:58.0 (155496828)|WF_ACTION| None
10:28:58.0 (155503746)|WF_RULE_EVAL_END
10:28:58.0 (155551439)|WF_ACTIONS_END| None
10:28:58.0 (155565256)|CODE_UNIT_FINISHED|Workflow:User
10:28:58.0 (166816605)|CODE_UNIT_STARTED|[EXTERNAL]|01qV0000000DErk|LocalTimeUserTrigger on User trigger event BeforeUpdate for [005E0000004yLLO]
10:28:58.0 (166870485)|HEAP_ALLOCATE|[EXTERNAL]|Bytes:8
10:28:58.0 (166907241)|HEAP_ALLOCATE|[EXTERNAL]|Bytes:8
10:28:58.0 (166970467)|HEAP_ALLOCATE|[EXTERNAL]|Bytes:4
10:28:58.0 (166986082)|VARIABLE_SCOPE_BEGIN|[5]|this|LocalTimeUserTrigger|true|false
10:28:58.0 (167021311)|VARIABLE_ASSIGNMENT|[5]|this|{}|0x367a2e50
10:28:58.0 (167053962)|HEAP_ALLOCATE|[EXTERNAL]|Bytes:4
10:28:58.0 (167063135)|VARIABLE_SCOPE_BEGIN|[5]|this|LocalTimeUserTrigger|true|false
10:28:58.0 (167077717)|VARIABLE_ASSIGNMENT|[5]|this|{}|0x367a2e50
10:28:58.0 (167087672)|STATEMENT_EXECUTE|[5]
10:28:58.0 (167164751)|HEAP_ALLOCATE|[7]|Bytes:5
10:28:58.0 (167187926)|HEAP_ALLOCATE|[7]|Bytes:4
10:28:58.0 (167200499)|VARIABLE_SCOPE_BEGIN|[7]|u|User|true|false
10:28:58.0 (172412650)|VARIABLE_ASSIGNMENT|[7]|u|{"ProfileId":"00eE0000000zEdeIAE","LastModifiedDate":"2017-11-10T15:28:58.000Z","ReceivesAdminInfoEma (3 more) ...":false,"Email":"depot@sadhanaconsult (7 more) ...","TimeZoneSidKey":"America/New_York","LanguageLocaleKey":"en_US","UserRoleId":"00EE0000000hj7TMAQ","License_Type__c":"Salesforce","IsActive":true,"Nurse__c":false,"LastLoginDate":"2017-11-10T15:06:05.000Z","PostalCode":"03820","ForecastEnabled":false,"IsExtIndicatorVisibl (1 more) ...":false,"DigestFrequency":"D","UTC_Offset__c":-4.00,"IsProfilePhotoActive":false,"Default_Patient_Coun (6 more) ...":"US","CompanyName":"Sadhana Consulting L (2 more) ...","CommunityNickname":"prozek","CreatedById":"005E0000002k2ScIAI","Street":"1 S Pine Street","Acquisition_Site__c":"001E000001HBa8R","Server_URL__c":"https://cs12.salesfo (17 more) ...","LastPasswordChangeDa (2 more) ...":"2017-10-10T13:48:13.000Z","LocaleSidKey":"en_US","FirstName":"Elissa","Name_Formula__c":"Elissa Sadhana Team  (5 more) ...","Title":"Consultant","City":"Dover","EmailEncodingKey":"ISO-8859-1","ReceivesInfoEmails":false,"SystemModstamp":"2017-11-10T15:28:58.000Z","User_18_Digit_ID__c":"005E0000004yLLOIA2","IsPortalEnabled":false,"Username":"worldcare@sadhanacon (19 more) ...","Alias":"Sadhana","DefaultGroupNotifica (13 more) ...":"N","CreatedDate":"2014-03-07T01:09:17.000Z","LastName":"Sadhana Team (WCI)","Id":"005E0000004yLLOIA2","IsPortalSelfRegister (2 more) ...":false,"UserType":"Standard","LastModifiedById":"005E0000004yLLOIA2"}|0x61310888
10:28:58.0 (172445728)|STATEMENT_EXECUTE|[7]
10:28:58.0 (172447607)|STATEMENT_EXECUTE|[9]
10:28:58.0 (172448647)|STATEMENT_EXECUTE|[9]
10:28:58.0 (172449615)|STATEMENT_EXECUTE|[10]
10:28:58.0 (172498982)|METHOD_ENTRY|[10]|01pE0000001ksei|tz.LocalTime.getOffsetFull(String, String, String)
10:28:58.0 (172511523)|ENTERING_MANAGED_PKG|tz
10:28:58.0 (172552355)|ENTERING_MANAGED_PKG|tz
10:28:58.0 (172608405)|ENTERING_MANAGED_PKG|tz
10:28:58.0 (173010453)|SOQL_EXECUTE_BEGIN|[333]|Aggregations:0|SELECT tz__Country__c FROM tz__lt_country_names__mdt WHERE MasterLabel = :tmpVar1
10:28:58.0 (187252883)|SOQL_EXECUTE_END|[333]|Rows:1
10:28:58.0 (187659578)|ENTERING_MANAGED_PKG|tz
10:28:58.0 (187729264)|METHOD_EXIT|[10]|01pE0000001ksei|tz.LocalTime.getOffsetFull(String, String, String)
10:28:58.0 (187740091)|VARIABLE_SCOPE_BEGIN|[10]|jsonStr|String|false|false
10:28:58.0 (187766980)|VARIABLE_ASSIGNMENT|[10]|jsonStr|"{\"offset\":\"N/A\",\"dst (92 more) ..."
10:28:58.0 (187773622)|STATEMENT_EXECUTE|[11]
10:28:58.0 (187775278)|STATEMENT_EXECUTE|[12]
10:28:58.0 (187786582)|METHOD_ENTRY|[12]||System.JSON.deserializeUntyped(String)
10:28:58.0 (188268624)|METHOD_EXIT|[12]||System.JSON.deserializeUntyped(String)
10:28:58.0 (188284982)|VARIABLE_SCOPE_BEGIN|[12]|m|Map<String,ANY>|true|false
10:28:58.0 (188311230)|VARIABLE_ASSIGNMENT|[12]|m|"Map of size 6 too large to display"|0x4b90471b
10:28:58.0 (188319171)|STATEMENT_EXECUTE|[13]
10:28:58.0 (188336820)|VARIABLE_SCOPE_BEGIN|[13]|offset|String|false|false
10:28:58.0 (188348291)|VARIABLE_ASSIGNMENT|[13]|offset|"N/A"
10:28:58.0 (188368818)|STATEMENT_EXECUTE|[14]
10:28:58.0 (188388540)|HEAP_ALLOCATE|[7]|Bytes:5
10:28:58.0 (188408661)|VARIABLE_ASSIGNMENT|[7]|u|null|
10:28:58.188 (188420697)|CUMULATIVE_LIMIT_USAGE
10:28:58.188 (188420697)|LIMIT_USAGE_FOR_NS|(default)|
  Number of SOQL queries: 0 out of 100
  Number of query rows: 0 out of 50000
  Number of SOSL queries: 0 out of 20
  Number of DML statements: 0 out of 150
  Number of DML rows: 0 out of 10000
  Maximum CPU time: 0 out of 10000
  Maximum heap size: 0 out of 6000000
  Number of callouts: 0 out of 100
  Number of Email Invocations: 0 out of 10
  Number of future calls: 0 out of 50
  Number of queueable jobs added to the queue: 0 out of 50
  Number of Mobile Apex push calls: 0 out of 10

10:28:58.188 (188420697)|LIMIT_USAGE_FOR_NS|tz|
  Number of SOQL queries: 0 out of 100
  Number of query rows: 1 out of 50000
  Number of SOSL queries: 0 out of 20
  Number of DML statements: 0 out of 150
  Number of DML rows: 0 out of 10000
  Maximum CPU time: 0 out of 10000
  Maximum heap size: 0 out of 6000000
  Number of callouts: 0 out of 100
  Number of Email Invocations: 0 out of 10
  Number of future calls: 0 out of 50
  Number of queueable jobs added to the queue: 0 out of 50
  Number of Mobile Apex push calls: 0 out of 10

10:28:58.188 (188420697)|TOTAL_EMAIL_RECIPIENTS_QUEUED|0
10:28:58.188 (188420697)|STATIC_VARIABLE_LIST|
  char[]:DigitTens:0
  long:serialVersionUID:0
  String:_static_REGION_EUROPE:0
  String:_static_REGION_NA:0
  long:serialVersionUID:0
  double:MAX_VALUE:0
  Boolean:FALSE:0
  long:serialVersionUID:0
  String:_sfdcAdditionalCodeLocations:0
  double:MIN_VALUE:0
  int:SIZE:0
  double:NEGATIVE_INFINITY:0
  String:_static_NOT_AVAILABLE:0
  int:MAX_VALUE:0
  String:_static_REGION_ISRAEL:0
  char[]:digits:0
  double:NaN:0
  Boolean:TRUE:0
  String:_static_REGION_AFRICA:0
  String:_static_REGION_NZ:0
  String:_static_REGION_SA:0
  int:MIN_VALUE:0
  String:_sfdcAdditionalCodeLocations:0
  char[]:DigitOnes:0
  int:BYTES:0
  String:_sfdcAdditionalCodeLocations:0
  int:MIN_EXPONENT:0
  int[]:sizeTable:0
  String:_static_REGION_ASIA:0
  int:MAX_EXPONENT:0
  String:_static_REGION_OCEANIA:0
  int:SIZE:0
  double:POSITIVE_INFINITY:0
  double:MIN_NORMAL:0
  int:BYTES:0

10:28:58.188 (188420697)|CUMULATIVE_LIMIT_USAGE_END

10:28:58.0 (189662113)|CODE_UNIT_FINISHED|LocalTimeUserTrigger on User trigger event BeforeUpdate for [005E0000004yLLO]
10:28:58.228 (228292482)|ENTERING_MANAGED_PKG|skuid
10:28:58.229 (229058753)|CUMULATIVE_LIMIT_USAGE
10:28:58.229 (229058753)|LIMIT_USAGE_FOR_NS|(default)|
  Number of SOQL queries: 0 out of 100
  Number of query rows: 0 out of 50000
  Number of SOSL queries: 0 out of 20
  Number of DML statements: 0 out of 150
  Number of DML rows: 0 out of 10000
  Maximum CPU time: 0 out of 10000
  Maximum heap size: 0 out of 6000000
  Number of callouts: 0 out of 100
  Number of Email Invocations: 0 out of 10
  Number of future calls: 0 out of 50
  Number of queueable jobs added to the queue: 0 out of 50
  Number of Mobile Apex push calls: 0 out of 10

10:28:58.229 (229058753)|LIMIT_USAGE_FOR_NS|tz|
  Number of SOQL queries: 0 out of 100
  Number of query rows: 1 out of 50000
  Number of SOSL queries: 0 out of 20
  Number of DML statements: 0 out of 150
  Number of DML rows: 0 out of 10000
  Maximum CPU time: 0 out of 10000
  Maximum heap size: 0 out of 6000000
  Number of callouts: 0 out of 100
  Number of Email Invocations: 0 out of 10
  Number of future calls: 0 out of 50
  Number of queueable jobs added to the queue: 0 out of 50
  Number of Mobile Apex push calls: 0 out of 10

10:28:58.229 (229058753)|CUMULATIVE_LIMIT_USAGE_END

10:28:58.0 (232447002)|CODE_UNIT_STARTED|[EXTERNAL]|Workflow:User
10:28:58.0 (238489112)|WF_RULE_EVAL_BEGIN|Workflow
10:28:58.0 (238530950)|WF_CRITERIA_BEGIN|[User: Elissa Sadhana Team (WCI) 005E0000004yLLO]|Member_Community_New_User301V000000063fo|01QV00000001N6N|ON_CREATE_ONLY|0
10:28:58.0 (238552244)|WF_RULE_NOT_EVALUATED
10:28:58.0 (238565472)|WF_SPOOL_ACTION_BEGIN|Workflow
10:28:58.0 (238579333)|WF_ACTION| None
10:28:58.0 (238585124)|WF_RULE_EVAL_END
10:28:58.0 (238627315)|WF_ACTIONS_END| None
10:28:58.0 (238636808)|CODE_UNIT_FINISHED|Workflow:User
10:28:58.0 (378574012)|CODE_UNIT_FINISHED|TRIGGERS
10:28:58.0 (378595861)|EXECUTION_FINISHED
10:28:58.391 (391191424)|CUMULATIVE_PROFILING_BEGIN
10:28:58.391 (391191424)|CUMULATIVE_PROFILING|SOQL operations|
(tz): [SELECT tz__Country__c FROM tz__lt_country_names__mdt WHERE MasterLabel = :countryCode]: executed 2 times in 28 ms

10:28:58.391 (391191424)|CUMULATIVE_PROFILING|No profiling information for SOSL operations
10:28:58.391 (391191424)|CUMULATIVE_PROFILING|No profiling information for DML operations
10:28:58.391 (391191424)|CUMULATIVE_PROFILING|method invocations|
Trigger.LocalTimeUserTrigger: line 10, column 1: webService static String getOffsetFull(String, String, String): executed 2 times in 29 ms
External entry point: public void invoke(): executed 1 time in 21 ms
Trigger.LocalTimeUserTrigger: line 7, column 1: global public System.Iterator iterator(): executed 6 times in 0 ms
Trigger.LocalTimeUserTrigger: line 12, column 1: global static Object deserializeUntyped(String): executed 2 times in 0 ms
Trigger.LocalTimeUserTrigger: line 13, column 1: global public Object get(Object): executed 2 times in 0 ms

10:28:58.391 (391191424)|CUMULATIVE_PROFILING_END
