40.0 APEX_CODE,FINEST;APEX_PROFILING,FINEST;CALLOUT,INFO;DB,INFO;SYSTEM,DEBUG;VALIDATION,INFO;VISUALFORCE,INFO;WAVE,INFO;WORKFLOW,INFO
10:07:03.0 (354673)|USER_INFO|[EXTERNAL]|005E0000004yLLO|worldcare@sadhanaconsulting.com.devfull|Eastern Standard Time|GMT-05:00
10:07:03.0 (411695)|EXECUTION_STARTED
10:07:03.0 (418867)|CODE_UNIT_STARTED|[EXTERNAL]|TRIGGERS
10:07:03.0 (1787316)|CODE_UNIT_STARTED|[EXTERNAL]|01qV0000000DErk|LocalTimeUserTrigger on User trigger event BeforeUpdate for [005E0000004yLLO]
10:07:03.0 (1871090)|HEAP_ALLOCATE|[EXTERNAL]|Bytes:8
10:07:03.0 (1928541)|HEAP_ALLOCATE|[EXTERNAL]|Bytes:8
10:07:03.0 (2363782)|HEAP_ALLOCATE|[72]|Bytes:3
10:07:03.0 (2432849)|HEAP_ALLOCATE|[77]|Bytes:152
10:07:03.0 (2468301)|HEAP_ALLOCATE|[342]|Bytes:408
10:07:03.0 (2502680)|HEAP_ALLOCATE|[355]|Bytes:408
10:07:03.0 (2536023)|HEAP_ALLOCATE|[467]|Bytes:48
10:07:03.0 (2589896)|HEAP_ALLOCATE|[139]|Bytes:6
10:07:03.0 (2641589)|HEAP_ALLOCATE|[EXTERNAL]|Bytes:4
10:07:03.0 (2656063)|VARIABLE_SCOPE_BEGIN|[5]|this|LocalTimeUserTrigger|true|false
10:07:03.0 (2708638)|VARIABLE_ASSIGNMENT|[5]|this|{}|0xbbb186d
10:07:03.0 (2750015)|HEAP_ALLOCATE|[EXTERNAL]|Bytes:4
10:07:03.0 (2763671)|VARIABLE_SCOPE_BEGIN|[5]|this|LocalTimeUserTrigger|true|false
10:07:03.0 (2791240)|VARIABLE_ASSIGNMENT|[5]|this|{}|0xbbb186d
10:07:03.0 (2816075)|STATEMENT_EXECUTE|[5]
10:07:03.0 (2863494)|HEAP_ALLOCATE|[50]|Bytes:5
10:07:03.0 (2908643)|HEAP_ALLOCATE|[56]|Bytes:5
10:07:03.0 (2926087)|HEAP_ALLOCATE|[64]|Bytes:7
10:07:03.0 (3400973)|HEAP_ALLOCATE|[7]|Bytes:5
10:07:03.0 (3434068)|HEAP_ALLOCATE|[7]|Bytes:4
10:07:03.0 (3448896)|VARIABLE_SCOPE_BEGIN|[7]|u|User|true|false
10:07:03.0 (34724828)|VARIABLE_ASSIGNMENT|[7]|u|{"ProfileId":"00eE0000000zEdeIAE","LastModifiedDate":"2017-11-10T15:03:56.000Z","ReceivesAdminInfoEma (3 more) ...":false,"Email":"depot@sadhanaconsult (7 more) ...","TimeZoneSidKey":"America/New_York","LanguageLocaleKey":"fr","UserRoleId":"00EE0000000hj7TMAQ","License_Type__c":"Salesforce","IsActive":true,"Nurse__c":false,"LastLoginDate":"2017-11-10T15:06:05.000Z","PostalCode":"03820","ForecastEnabled":false,"IsExtIndicatorVisibl (1 more) ...":false,"DigestFrequency":"D","UTC_Offset__c":-4.00,"IsProfilePhotoActive":false,"Default_Patient_Coun (6 more) ...":"US","CompanyName":"Sadhana Consulting L (2 more) ...","CommunityNickname":"prozek","CreatedById":"005E0000002k2ScIAI","Street":"1 S Pine Street","Acquisition_Site__c":"001E000001HBa8R","Server_URL__c":"https://cs12.salesfo (17 more) ...","LastPasswordChangeDa (2 more) ...":"2017-10-10T13:48:13.000Z","LocaleSidKey":"en_US","FirstName":"Elissa","Name_Formula__c":"Elissa Sadhana Team  (5 more) ...","Title":"Consultant","City":"Dover","EmailEncodingKey":"ISO-8859-1","ReceivesInfoEmails":false,"SystemModstamp":"2017-11-10T15:03:56.000Z","User_18_Digit_ID__c":"005E0000004yLLOIA2","IsPortalEnabled":false,"Username":"worldcare@sadhanacon (19 more) ...","Alias":"Sadhana","DefaultGroupNotifica (13 more) ...":"N","CreatedDate":"2014-03-07T01:09:17.000Z","LastName":"Sadhana Team (WCI)","Id":"005E0000004yLLOIA2","IsPortalSelfRegister (2 more) ...":false,"UserType":"Standard","LastModifiedById":"005E0000004yLLOIA2"}|0x43264ed4
10:07:03.0 (34770880)|STATEMENT_EXECUTE|[7]
10:07:03.0 (34773416)|STATEMENT_EXECUTE|[9]
10:07:03.0 (34774573)|STATEMENT_EXECUTE|[9]
10:07:03.0 (34775851)|STATEMENT_EXECUTE|[10]
10:07:03.0 (35812015)|VARIABLE_SCOPE_BEGIN|[3]|LocalTime.NOT_AVAILABLE|String|false|true
10:07:03.0 (35827115)|VARIABLE_SCOPE_BEGIN|[9]|LocalTime.REGION_AFRICA|String|false|true
10:07:03.0 (35833317)|VARIABLE_SCOPE_BEGIN|[6]|LocalTime.REGION_ASIA|String|false|true
10:07:03.0 (35839965)|VARIABLE_SCOPE_BEGIN|[5]|LocalTime.REGION_EUROPE|String|false|true
10:07:03.0 (35845829)|VARIABLE_SCOPE_BEGIN|[11]|LocalTime.REGION_ISRAEL|String|false|true
10:07:03.0 (35852399)|VARIABLE_SCOPE_BEGIN|[4]|LocalTime.REGION_NA|String|false|true
10:07:03.0 (35858086)|VARIABLE_SCOPE_BEGIN|[10]|LocalTime.REGION_NZ|String|false|true
10:07:03.0 (35863822)|VARIABLE_SCOPE_BEGIN|[7]|LocalTime.REGION_OCEANIA|String|false|true
10:07:03.0 (35869471)|VARIABLE_SCOPE_BEGIN|[8]|LocalTime.REGION_SA|String|false|true
10:07:03.0 (35941154)|HEAP_ALLOCATE|[10]|Bytes:86
10:07:03.0 (35957601)|HEAP_ALLOCATE|[10]|Bytes:3
10:07:03.0 (35971027)|VARIABLE_ASSIGNMENT|[10]|LocalTime.NOT_AVAILABLE|"N/A"
10:07:03.0 (35976372)|HEAP_ALLOCATE|[10]|Bytes:6
10:07:03.0 (35983352)|VARIABLE_ASSIGNMENT|[10]|LocalTime.REGION_AFRICA|"AFRICA"
10:07:03.0 (35987954)|HEAP_ALLOCATE|[10]|Bytes:4
10:07:03.0 (35994625)|VARIABLE_ASSIGNMENT|[10]|LocalTime.REGION_ASIA|"ASIA"
10:07:03.0 (35999339)|HEAP_ALLOCATE|[10]|Bytes:6
10:07:03.0 (36009296)|VARIABLE_ASSIGNMENT|[10]|LocalTime.REGION_EUROPE|"EUROPE"
10:07:03.0 (36014953)|HEAP_ALLOCATE|[10]|Bytes:6
10:07:03.0 (36021881)|VARIABLE_ASSIGNMENT|[10]|LocalTime.REGION_ISRAEL|"ISRAEL"
10:07:03.0 (36026478)|HEAP_ALLOCATE|[10]|Bytes:2
10:07:03.0 (36033290)|VARIABLE_ASSIGNMENT|[10]|LocalTime.REGION_NA|"NA"
10:07:03.0 (36038029)|HEAP_ALLOCATE|[10]|Bytes:2
10:07:03.0 (36044554)|VARIABLE_ASSIGNMENT|[10]|LocalTime.REGION_NZ|"NZ"
10:07:03.0 (36049346)|HEAP_ALLOCATE|[10]|Bytes:7
10:07:03.0 (36056130)|VARIABLE_ASSIGNMENT|[10]|LocalTime.REGION_OCEANIA|"OCEANIA"
10:07:03.0 (36060815)|HEAP_ALLOCATE|[10]|Bytes:2
10:07:03.0 (36067428)|VARIABLE_ASSIGNMENT|[10]|LocalTime.REGION_SA|"SA"
10:07:03.0 (36090507)|METHOD_ENTRY|[2]|01pE0000001ksei|LocalTime.LocalTime()
10:07:03.0 (36097576)|STATEMENT_EXECUTE|[2]
10:07:03.0 (36120395)|ENTERING_MANAGED_PKG|tz
10:07:03.0 (36144601)|METHOD_EXIT|[2]|LocalTime
10:07:03.0 (36173305)|METHOD_ENTRY|[10]|01pE0000001ksei|tz.LocalTime.getOffsetFull(String, String, String)
10:07:03.0 (36180024)|ENTERING_MANAGED_PKG|tz
10:07:03.0 (36392074)|ENTERING_MANAGED_PKG|tz
10:07:03.0 (36484294)|ENTERING_MANAGED_PKG|tz
10:07:03.0 (37593839)|SOQL_EXECUTE_BEGIN|[333]|Aggregations:0|SELECT tz__Country__c FROM tz__lt_country_names__mdt WHERE MasterLabel = :tmpVar1
10:07:03.0 (52328682)|SOQL_EXECUTE_END|[333]|Rows:1
10:07:03.0 (53123529)|ENTERING_MANAGED_PKG|tz
10:07:03.0 (53204176)|METHOD_EXIT|[10]|01pE0000001ksei|tz.LocalTime.getOffsetFull(String, String, String)
10:07:03.0 (53224459)|VARIABLE_SCOPE_BEGIN|[10]|jsonStr|String|false|false
10:07:03.0 (53258347)|VARIABLE_ASSIGNMENT|[10]|jsonStr|"{\"offset\":\"N/A\",\"dst (92 more) ..."
10:07:03.0 (53270416)|STATEMENT_EXECUTE|[11]
10:07:03.0 (53272976)|STATEMENT_EXECUTE|[12]
10:07:03.0 (53356669)|HEAP_ALLOCATE|[12]|Bytes:24
10:07:03.0 (53385090)|SYSTEM_METHOD_ENTRY|[1]|JSON.JSON()
10:07:03.0 (53392892)|STATEMENT_EXECUTE|[1]
10:07:03.0 (53409095)|SYSTEM_METHOD_EXIT|[1]|JSON
10:07:03.0 (53434246)|METHOD_ENTRY|[12]||System.JSON.deserializeUntyped(String)
10:07:03.0 (54003457)|METHOD_EXIT|[12]||System.JSON.deserializeUntyped(String)
10:07:03.0 (54021412)|VARIABLE_SCOPE_BEGIN|[12]|m|Map<String,ANY>|true|false
10:07:03.0 (54049236)|VARIABLE_ASSIGNMENT|[12]|m|"Map of size 6 too large to display"|0x28207409
10:07:03.0 (54056465)|STATEMENT_EXECUTE|[13]
10:07:03.0 (54060963)|HEAP_ALLOCATE|[13]|Bytes:6
10:07:03.0 (54109715)|VARIABLE_SCOPE_BEGIN|[13]|offset|String|false|false
10:07:03.0 (54124089)|VARIABLE_ASSIGNMENT|[13]|offset|"N/A"
10:07:03.0 (54131079)|HEAP_ALLOCATE|[14]|Bytes:3
10:07:03.0 (54166363)|STATEMENT_EXECUTE|[14]
10:07:03.0 (54186742)|HEAP_ALLOCATE|[7]|Bytes:5
10:07:03.0 (54206237)|VARIABLE_ASSIGNMENT|[7]|u|null|
10:07:03.54 (54219218)|CUMULATIVE_LIMIT_USAGE
10:07:03.54 (54219218)|LIMIT_USAGE_FOR_NS|(default)|
  Number of SOQL queries: 0 out of 100
  Number of query rows: 0 out of 50000
  Number of SOSL queries: 0 out of 20
  Number of DML statements: 0 out of 150
  Number of DML rows: 0 out of 10000
  Maximum CPU time: 0 out of 10000
  Maximum heap size: 0 out of 6000000
  Number of callouts: 0 out of 100
  Number of Email Invocations: 0 out of 10
  Number of future calls: 0 out of 50
  Number of queueable jobs added to the queue: 0 out of 50
  Number of Mobile Apex push calls: 0 out of 10

10:07:03.54 (54219218)|LIMIT_USAGE_FOR_NS|tz|
  Number of SOQL queries: 0 out of 100
  Number of query rows: 1 out of 50000
  Number of SOSL queries: 0 out of 20
  Number of DML statements: 0 out of 150
  Number of DML rows: 0 out of 10000
  Maximum CPU time: 0 out of 10000
  Maximum heap size: 0 out of 6000000
  Number of callouts: 0 out of 100
  Number of Email Invocations: 0 out of 10
  Number of future calls: 0 out of 50
  Number of queueable jobs added to the queue: 0 out of 50
  Number of Mobile Apex push calls: 0 out of 10

10:07:03.54 (54219218)|TOTAL_EMAIL_RECIPIENTS_QUEUED|0
10:07:03.54 (54219218)|STATIC_VARIABLE_LIST|
  char[]:DigitTens:0
  long:serialVersionUID:0
  String:_static_REGION_EUROPE:0
  String:_static_REGION_NA:0
  long:serialVersionUID:0
  double:MAX_VALUE:0
  Boolean:FALSE:0
  long:serialVersionUID:0
  String:_sfdcAdditionalCodeLocations:0
  double:MIN_VALUE:0
  int:SIZE:0
  double:NEGATIVE_INFINITY:0
  String:_static_NOT_AVAILABLE:0
  int:MAX_VALUE:0
  String:_static_REGION_ISRAEL:0
  char[]:digits:0
  double:NaN:0
  Boolean:TRUE:0
  String:_static_REGION_AFRICA:0
  String:_static_REGION_NZ:0
  String:_static_REGION_SA:0
  int:MIN_VALUE:0
  char[]:DigitOnes:0
  int:BYTES:0
  String:_sfdcAdditionalCodeLocations:0
  int:MIN_EXPONENT:0
  int[]:sizeTable:0
  String:_static_REGION_ASIA:0
  int:MAX_EXPONENT:0
  String:_static_REGION_OCEANIA:0
  int:SIZE:0
  double:POSITIVE_INFINITY:0
  double:MIN_NORMAL:0
  int:BYTES:0

10:07:03.54 (54219218)|CUMULATIVE_LIMIT_USAGE_END

10:07:03.0 (55807337)|CODE_UNIT_FINISHED|LocalTimeUserTrigger on User trigger event BeforeUpdate for [005E0000004yLLO]
10:07:03.169 (169445100)|ENTERING_MANAGED_PKG|skuid
10:07:03.170 (170586971)|CUMULATIVE_LIMIT_USAGE
10:07:03.170 (170586971)|LIMIT_USAGE_FOR_NS|(default)|
  Number of SOQL queries: 0 out of 100
  Number of query rows: 0 out of 50000
  Number of SOSL queries: 0 out of 20
  Number of DML statements: 0 out of 150
  Number of DML rows: 0 out of 10000
  Maximum CPU time: 0 out of 10000
  Maximum heap size: 0 out of 6000000
  Number of callouts: 0 out of 100
  Number of Email Invocations: 0 out of 10
  Number of future calls: 0 out of 50
  Number of queueable jobs added to the queue: 0 out of 50
  Number of Mobile Apex push calls: 0 out of 10

10:07:03.170 (170586971)|LIMIT_USAGE_FOR_NS|tz|
  Number of SOQL queries: 0 out of 100
  Number of query rows: 1 out of 50000
  Number of SOSL queries: 0 out of 20
  Number of DML statements: 0 out of 150
  Number of DML rows: 0 out of 10000
  Maximum CPU time: 0 out of 10000
  Maximum heap size: 0 out of 6000000
  Number of callouts: 0 out of 100
  Number of Email Invocations: 0 out of 10
  Number of future calls: 0 out of 50
  Number of queueable jobs added to the queue: 0 out of 50
  Number of Mobile Apex push calls: 0 out of 10

10:07:03.170 (170586971)|CUMULATIVE_LIMIT_USAGE_END

10:07:03.0 (173601147)|CODE_UNIT_STARTED|[EXTERNAL]|Workflow:User
10:07:03.0 (181891943)|WF_RULE_EVAL_BEGIN|Workflow
10:07:03.0 (181922051)|WF_CRITERIA_BEGIN|[User: Elissa Sadhana Team (WCI) 005E0000004yLLO]|Member_Community_New_User301V000000063fo|01QV00000001N6N|ON_CREATE_ONLY|0
10:07:03.0 (181988050)|WF_RULE_NOT_EVALUATED
10:07:03.0 (182000500)|WF_SPOOL_ACTION_BEGIN|Workflow
10:07:03.0 (182013309)|WF_ACTION| None
10:07:03.0 (182019151)|WF_RULE_EVAL_END
10:07:03.0 (182072095)|WF_ACTIONS_END| None
10:07:03.0 (182082995)|CODE_UNIT_FINISHED|Workflow:User
10:07:03.0 (191128768)|CODE_UNIT_STARTED|[EXTERNAL]|01qV0000000DErk|LocalTimeUserTrigger on User trigger event BeforeUpdate for [005E0000004yLLO]
10:07:03.0 (191170074)|HEAP_ALLOCATE|[EXTERNAL]|Bytes:8
10:07:03.0 (191196226)|HEAP_ALLOCATE|[EXTERNAL]|Bytes:8
10:07:03.0 (191249128)|HEAP_ALLOCATE|[EXTERNAL]|Bytes:4
10:07:03.0 (191262536)|VARIABLE_SCOPE_BEGIN|[5]|this|LocalTimeUserTrigger|true|false
10:07:03.0 (191299215)|VARIABLE_ASSIGNMENT|[5]|this|{}|0x416251ba
10:07:03.0 (191330581)|HEAP_ALLOCATE|[EXTERNAL]|Bytes:4
10:07:03.0 (191338405)|VARIABLE_SCOPE_BEGIN|[5]|this|LocalTimeUserTrigger|true|false
10:07:03.0 (191352067)|VARIABLE_ASSIGNMENT|[5]|this|{}|0x416251ba
10:07:03.0 (191361405)|STATEMENT_EXECUTE|[5]
10:07:03.0 (191436338)|HEAP_ALLOCATE|[7]|Bytes:5
10:07:03.0 (191459718)|HEAP_ALLOCATE|[7]|Bytes:4
10:07:03.0 (191471705)|VARIABLE_SCOPE_BEGIN|[7]|u|User|true|false
10:07:03.0 (195929346)|VARIABLE_ASSIGNMENT|[7]|u|{"ProfileId":"00eE0000000zEdeIAE","LastModifiedDate":"2017-11-10T15:07:04.000Z","ReceivesAdminInfoEma (3 more) ...":false,"Email":"depot@sadhanaconsult (7 more) ...","TimeZoneSidKey":"America/New_York","LanguageLocaleKey":"en_US","UserRoleId":"00EE0000000hj7TMAQ","License_Type__c":"Salesforce","IsActive":true,"Nurse__c":false,"LastLoginDate":"2017-11-10T15:06:05.000Z","PostalCode":"03820","ForecastEnabled":false,"IsExtIndicatorVisibl (1 more) ...":false,"DigestFrequency":"D","UTC_Offset__c":-4.00,"IsProfilePhotoActive":false,"Default_Patient_Coun (6 more) ...":"US","CompanyName":"Sadhana Consulting L (2 more) ...","CommunityNickname":"prozek","CreatedById":"005E0000002k2ScIAI","Street":"1 S Pine Street","Acquisition_Site__c":"001E000001HBa8R","Server_URL__c":"https://cs12.salesfo (17 more) ...","LastPasswordChangeDa (2 more) ...":"2017-10-10T13:48:13.000Z","LocaleSidKey":"en_US","FirstName":"Elissa","Name_Formula__c":"Elissa Sadhana Team  (5 more) ...","Title":"Consultant","City":"Dover","EmailEncodingKey":"ISO-8859-1","ReceivesInfoEmails":false,"SystemModstamp":"2017-11-10T15:07:04.000Z","User_18_Digit_ID__c":"005E0000004yLLOIA2","IsPortalEnabled":false,"Username":"worldcare@sadhanacon (19 more) ...","Alias":"Sadhana","DefaultGroupNotifica (13 more) ...":"N","CreatedDate":"2014-03-07T01:09:17.000Z","LastName":"Sadhana Team (WCI)","Id":"005E0000004yLLOIA2","IsPortalSelfRegister (2 more) ...":false,"UserType":"Standard","LastModifiedById":"005E0000004yLLOIA2"}|0x2442d479
10:07:03.0 (195961503)|STATEMENT_EXECUTE|[7]
10:07:03.0 (195963359)|STATEMENT_EXECUTE|[9]
10:07:03.0 (195964328)|STATEMENT_EXECUTE|[9]
10:07:03.0 (195965605)|STATEMENT_EXECUTE|[10]
10:07:03.0 (196019608)|METHOD_ENTRY|[10]|01pE0000001ksei|tz.LocalTime.getOffsetFull(String, String, String)
10:07:03.0 (196031181)|ENTERING_MANAGED_PKG|tz
10:07:03.0 (196073187)|ENTERING_MANAGED_PKG|tz
10:07:03.0 (196129616)|ENTERING_MANAGED_PKG|tz
10:07:03.0 (196518621)|SOQL_EXECUTE_BEGIN|[333]|Aggregations:0|SELECT tz__Country__c FROM tz__lt_country_names__mdt WHERE MasterLabel = :tmpVar1
10:07:03.0 (208015629)|SOQL_EXECUTE_END|[333]|Rows:1
10:07:03.0 (208357847)|ENTERING_MANAGED_PKG|tz
10:07:03.0 (208415825)|METHOD_EXIT|[10]|01pE0000001ksei|tz.LocalTime.getOffsetFull(String, String, String)
10:07:03.0 (208427084)|VARIABLE_SCOPE_BEGIN|[10]|jsonStr|String|false|false
10:07:03.0 (208447086)|VARIABLE_ASSIGNMENT|[10]|jsonStr|"{\"offset\":\"N/A\",\"dst (92 more) ..."
10:07:03.0 (208453816)|STATEMENT_EXECUTE|[11]
10:07:03.0 (208455312)|STATEMENT_EXECUTE|[12]
10:07:03.0 (208465844)|METHOD_ENTRY|[12]||System.JSON.deserializeUntyped(String)
10:07:03.0 (208935898)|METHOD_EXIT|[12]||System.JSON.deserializeUntyped(String)
10:07:03.0 (208958318)|VARIABLE_SCOPE_BEGIN|[12]|m|Map<String,ANY>|true|false
10:07:03.0 (208995760)|VARIABLE_ASSIGNMENT|[12]|m|"Map of size 6 too large to display"|0x18274531
10:07:03.0 (209005184)|STATEMENT_EXECUTE|[13]
10:07:03.0 (209032665)|VARIABLE_SCOPE_BEGIN|[13]|offset|String|false|false
10:07:03.0 (209047745)|VARIABLE_ASSIGNMENT|[13]|offset|"N/A"
10:07:03.0 (209072964)|STATEMENT_EXECUTE|[14]
10:07:03.0 (209092684)|HEAP_ALLOCATE|[7]|Bytes:5
10:07:03.0 (209112844)|VARIABLE_ASSIGNMENT|[7]|u|null|
10:07:03.209 (209125759)|CUMULATIVE_LIMIT_USAGE
10:07:03.209 (209125759)|LIMIT_USAGE_FOR_NS|(default)|
  Number of SOQL queries: 0 out of 100
  Number of query rows: 0 out of 50000
  Number of SOSL queries: 0 out of 20
  Number of DML statements: 0 out of 150
  Number of DML rows: 0 out of 10000
  Maximum CPU time: 0 out of 10000
  Maximum heap size: 0 out of 6000000
  Number of callouts: 0 out of 100
  Number of Email Invocations: 0 out of 10
  Number of future calls: 0 out of 50
  Number of queueable jobs added to the queue: 0 out of 50
  Number of Mobile Apex push calls: 0 out of 10

10:07:03.209 (209125759)|LIMIT_USAGE_FOR_NS|tz|
  Number of SOQL queries: 0 out of 100
  Number of query rows: 1 out of 50000
  Number of SOSL queries: 0 out of 20
  Number of DML statements: 0 out of 150
  Number of DML rows: 0 out of 10000
  Maximum CPU time: 0 out of 10000
  Maximum heap size: 0 out of 6000000
  Number of callouts: 0 out of 100
  Number of Email Invocations: 0 out of 10
  Number of future calls: 0 out of 50
  Number of queueable jobs added to the queue: 0 out of 50
  Number of Mobile Apex push calls: 0 out of 10

10:07:03.209 (209125759)|TOTAL_EMAIL_RECIPIENTS_QUEUED|0
10:07:03.209 (209125759)|STATIC_VARIABLE_LIST|
  char[]:DigitTens:0
  long:serialVersionUID:0
  String:_static_REGION_EUROPE:0
  String:_static_REGION_NA:0
  long:serialVersionUID:0
  double:MAX_VALUE:0
  Boolean:FALSE:0
  long:serialVersionUID:0
  String:_sfdcAdditionalCodeLocations:0
  double:MIN_VALUE:0
  int:SIZE:0
  double:NEGATIVE_INFINITY:0
  String:_static_NOT_AVAILABLE:0
  int:MAX_VALUE:0
  String:_static_REGION_ISRAEL:0
  char[]:digits:0
  double:NaN:0
  Boolean:TRUE:0
  String:_static_REGION_AFRICA:0
  String:_static_REGION_NZ:0
  String:_static_REGION_SA:0
  int:MIN_VALUE:0
  String:_sfdcAdditionalCodeLocations:0
  char[]:DigitOnes:0
  int:BYTES:0
  String:_sfdcAdditionalCodeLocations:0
  int:MIN_EXPONENT:0
  int[]:sizeTable:0
  String:_static_REGION_ASIA:0
  int:MAX_EXPONENT:0
  String:_static_REGION_OCEANIA:0
  int:SIZE:0
  double:POSITIVE_INFINITY:0
  double:MIN_NORMAL:0
  int:BYTES:0

10:07:03.209 (209125759)|CUMULATIVE_LIMIT_USAGE_END

10:07:03.0 (210665308)|CODE_UNIT_FINISHED|LocalTimeUserTrigger on User trigger event BeforeUpdate for [005E0000004yLLO]
10:07:03.268 (268307105)|ENTERING_MANAGED_PKG|skuid
10:07:03.269 (269069867)|CUMULATIVE_LIMIT_USAGE
10:07:03.269 (269069867)|LIMIT_USAGE_FOR_NS|(default)|
  Number of SOQL queries: 0 out of 100
  Number of query rows: 0 out of 50000
  Number of SOSL queries: 0 out of 20
  Number of DML statements: 0 out of 150
  Number of DML rows: 0 out of 10000
  Maximum CPU time: 0 out of 10000
  Maximum heap size: 0 out of 6000000
  Number of callouts: 0 out of 100
  Number of Email Invocations: 0 out of 10
  Number of future calls: 0 out of 50
  Number of queueable jobs added to the queue: 0 out of 50
  Number of Mobile Apex push calls: 0 out of 10

10:07:03.269 (269069867)|LIMIT_USAGE_FOR_NS|tz|
  Number of SOQL queries: 0 out of 100
  Number of query rows: 1 out of 50000
  Number of SOSL queries: 0 out of 20
  Number of DML statements: 0 out of 150
  Number of DML rows: 0 out of 10000
  Maximum CPU time: 0 out of 10000
  Maximum heap size: 0 out of 6000000
  Number of callouts: 0 out of 100
  Number of Email Invocations: 0 out of 10
  Number of future calls: 0 out of 50
  Number of queueable jobs added to the queue: 0 out of 50
  Number of Mobile Apex push calls: 0 out of 10

10:07:03.269 (269069867)|CUMULATIVE_LIMIT_USAGE_END

10:07:03.0 (272194477)|CODE_UNIT_STARTED|[EXTERNAL]|Workflow:User
10:07:03.0 (278098783)|WF_RULE_EVAL_BEGIN|Workflow
10:07:03.0 (278132157)|WF_CRITERIA_BEGIN|[User: Elissa Sadhana Team (WCI) 005E0000004yLLO]|Member_Community_New_User301V000000063fo|01QV00000001N6N|ON_CREATE_ONLY|0
10:07:03.0 (278154837)|WF_RULE_NOT_EVALUATED
10:07:03.0 (278167376)|WF_SPOOL_ACTION_BEGIN|Workflow
10:07:03.0 (278182642)|WF_ACTION| None
10:07:03.0 (278189980)|WF_RULE_EVAL_END
10:07:03.0 (278249567)|WF_ACTIONS_END| None
10:07:03.0 (278262725)|CODE_UNIT_FINISHED|Workflow:User
10:07:03.0 (431008451)|CODE_UNIT_FINISHED|TRIGGERS
10:07:03.0 (431029364)|EXECUTION_FINISHED
10:07:03.441 (441114956)|CUMULATIVE_PROFILING_BEGIN
10:07:03.441 (441114956)|CUMULATIVE_PROFILING|SOQL operations|
(tz): [SELECT tz__Country__c FROM tz__lt_country_names__mdt WHERE MasterLabel = :countryCode]: executed 2 times in 28 ms

10:07:03.441 (441114956)|CUMULATIVE_PROFILING|No profiling information for SOSL operations
10:07:03.441 (441114956)|CUMULATIVE_PROFILING|No profiling information for DML operations
10:07:03.441 (441114956)|CUMULATIVE_PROFILING|method invocations|
Trigger.LocalTimeUserTrigger: line 10, column 1: webService static String getOffsetFull(String, String, String): executed 2 times in 29 ms
External entry point: public void invoke(): executed 1 time in 18 ms
Trigger.LocalTimeUserTrigger: line 12, column 1: global static Object deserializeUntyped(String): executed 2 times in 1 ms
Trigger.LocalTimeUserTrigger: line 7, column 1: global public System.Iterator iterator(): executed 6 times in 0 ms
Trigger.LocalTimeUserTrigger: line 13, column 1: global public Object get(Object): executed 2 times in 0 ms

10:07:03.441 (441114956)|CUMULATIVE_PROFILING_END
