40.0 APEX_CODE,FINEST;APEX_PROFILING,FINEST;CALLOUT,INFO;DB,INFO;SYSTEM,DEBUG;VALIDATION,INFO;VISUALFORCE,INFO;WAVE,INFO;WORKFLOW,INFO
10:07:06.0 (298662)|USER_INFO|[EXTERNAL]|005E0000004yLLO|worldcare@sadhanaconsulting.com.devfull|Eastern Standard Time|GMT-05:00
10:07:06.0 (330794)|EXECUTION_STARTED
10:07:06.0 (335478)|CODE_UNIT_STARTED|[EXTERNAL]|TRIGGERS
10:07:06.0 (1701093)|CODE_UNIT_STARTED|[EXTERNAL]|01qV0000000DErk|LocalTimeUserTrigger on User trigger event BeforeUpdate for [005E0000004yLLO]
10:07:06.0 (1766494)|HEAP_ALLOCATE|[EXTERNAL]|Bytes:8
10:07:06.0 (1800221)|HEAP_ALLOCATE|[EXTERNAL]|Bytes:8
10:07:06.0 (2133525)|HEAP_ALLOCATE|[72]|Bytes:3
10:07:06.0 (2190742)|HEAP_ALLOCATE|[77]|Bytes:152
10:07:06.0 (2211906)|HEAP_ALLOCATE|[342]|Bytes:408
10:07:06.0 (2234329)|HEAP_ALLOCATE|[355]|Bytes:408
10:07:06.0 (2254850)|HEAP_ALLOCATE|[467]|Bytes:48
10:07:06.0 (2290067)|HEAP_ALLOCATE|[139]|Bytes:6
10:07:06.0 (2323213)|HEAP_ALLOCATE|[EXTERNAL]|Bytes:4
10:07:06.0 (2335524)|VARIABLE_SCOPE_BEGIN|[5]|this|LocalTimeUserTrigger|true|false
10:07:06.0 (2386248)|VARIABLE_ASSIGNMENT|[5]|this|{}|0x4634aa7
10:07:06.0 (2419435)|HEAP_ALLOCATE|[EXTERNAL]|Bytes:4
10:07:06.0 (2427539)|VARIABLE_SCOPE_BEGIN|[5]|this|LocalTimeUserTrigger|true|false
10:07:06.0 (2441349)|VARIABLE_ASSIGNMENT|[5]|this|{}|0x4634aa7
10:07:06.0 (2450613)|STATEMENT_EXECUTE|[5]
10:07:06.0 (2485801)|HEAP_ALLOCATE|[50]|Bytes:5
10:07:06.0 (2516152)|HEAP_ALLOCATE|[56]|Bytes:5
10:07:06.0 (2527970)|HEAP_ALLOCATE|[64]|Bytes:7
10:07:06.0 (2916317)|HEAP_ALLOCATE|[7]|Bytes:5
10:07:06.0 (2944773)|HEAP_ALLOCATE|[7]|Bytes:4
10:07:06.0 (2958860)|VARIABLE_SCOPE_BEGIN|[7]|u|User|true|false
10:07:06.0 (27970111)|VARIABLE_ASSIGNMENT|[7]|u|{"ProfileId":"00eE0000000zEdeIAE","LastModifiedDate":"2017-11-10T15:07:04.000Z","ReceivesAdminInfoEma (3 more) ...":false,"Email":"depot@sadhanaconsult (7 more) ...","TimeZoneSidKey":"America/New_York","LanguageLocaleKey":"fr","UserRoleId":"00EE0000000hj7TMAQ","License_Type__c":"Salesforce","IsActive":true,"Nurse__c":false,"LastLoginDate":"2017-11-10T15:06:05.000Z","PostalCode":"03820","ForecastEnabled":false,"IsExtIndicatorVisibl (1 more) ...":false,"DigestFrequency":"D","UTC_Offset__c":-4.00,"IsProfilePhotoActive":false,"Default_Patient_Coun (6 more) ...":"US","CompanyName":"Sadhana Consulting L (2 more) ...","CommunityNickname":"prozek","CreatedById":"005E0000002k2ScIAI","Street":"1 S Pine Street","Acquisition_Site__c":"001E000001HBa8R","Server_URL__c":"https://cs12.salesfo (17 more) ...","LastPasswordChangeDa (2 more) ...":"2017-10-10T13:48:13.000Z","LocaleSidKey":"en_US","FirstName":"Elissa","Name_Formula__c":"Elissa Sadhana Team  (5 more) ...","Title":"Consultant","City":"Dover","EmailEncodingKey":"ISO-8859-1","ReceivesInfoEmails":false,"SystemModstamp":"2017-11-10T15:07:04.000Z","User_18_Digit_ID__c":"005E0000004yLLOIA2","IsPortalEnabled":false,"Username":"worldcare@sadhanacon (19 more) ...","Alias":"Sadhana","DefaultGroupNotifica (13 more) ...":"N","CreatedDate":"2014-03-07T01:09:17.000Z","LastName":"Sadhana Team (WCI)","Id":"005E0000004yLLOIA2","IsPortalSelfRegister (2 more) ...":false,"UserType":"Standard","LastModifiedById":"005E0000004yLLOIA2"}|0x7301d33c
10:07:06.0 (28005215)|STATEMENT_EXECUTE|[7]
10:07:06.0 (28007395)|STATEMENT_EXECUTE|[9]
10:07:06.0 (28008458)|STATEMENT_EXECUTE|[9]
10:07:06.0 (28009772)|STATEMENT_EXECUTE|[10]
10:07:06.0 (28951470)|VARIABLE_SCOPE_BEGIN|[3]|LocalTime.NOT_AVAILABLE|String|false|true
10:07:06.0 (28963126)|VARIABLE_SCOPE_BEGIN|[9]|LocalTime.REGION_AFRICA|String|false|true
10:07:06.0 (28969837)|VARIABLE_SCOPE_BEGIN|[6]|LocalTime.REGION_ASIA|String|false|true
10:07:06.0 (28976535)|VARIABLE_SCOPE_BEGIN|[5]|LocalTime.REGION_EUROPE|String|false|true
10:07:06.0 (28982281)|VARIABLE_SCOPE_BEGIN|[11]|LocalTime.REGION_ISRAEL|String|false|true
10:07:06.0 (28988282)|VARIABLE_SCOPE_BEGIN|[4]|LocalTime.REGION_NA|String|false|true
10:07:06.0 (28994213)|VARIABLE_SCOPE_BEGIN|[10]|LocalTime.REGION_NZ|String|false|true
10:07:06.0 (29000277)|VARIABLE_SCOPE_BEGIN|[7]|LocalTime.REGION_OCEANIA|String|false|true
10:07:06.0 (29006967)|VARIABLE_SCOPE_BEGIN|[8]|LocalTime.REGION_SA|String|false|true
10:07:06.0 (29057845)|HEAP_ALLOCATE|[10]|Bytes:86
10:07:06.0 (29069642)|HEAP_ALLOCATE|[10]|Bytes:3
10:07:06.0 (29083319)|VARIABLE_ASSIGNMENT|[10]|LocalTime.NOT_AVAILABLE|"N/A"
10:07:06.0 (29088830)|HEAP_ALLOCATE|[10]|Bytes:6
10:07:06.0 (29096473)|VARIABLE_ASSIGNMENT|[10]|LocalTime.REGION_AFRICA|"AFRICA"
10:07:06.0 (29101375)|HEAP_ALLOCATE|[10]|Bytes:4
10:07:06.0 (29108095)|VARIABLE_ASSIGNMENT|[10]|LocalTime.REGION_ASIA|"ASIA"
10:07:06.0 (29112687)|HEAP_ALLOCATE|[10]|Bytes:6
10:07:06.0 (29120078)|VARIABLE_ASSIGNMENT|[10]|LocalTime.REGION_EUROPE|"EUROPE"
10:07:06.0 (29124700)|HEAP_ALLOCATE|[10]|Bytes:6
10:07:06.0 (29131254)|VARIABLE_ASSIGNMENT|[10]|LocalTime.REGION_ISRAEL|"ISRAEL"
10:07:06.0 (29135845)|HEAP_ALLOCATE|[10]|Bytes:2
10:07:06.0 (29142735)|VARIABLE_ASSIGNMENT|[10]|LocalTime.REGION_NA|"NA"
10:07:06.0 (29147332)|HEAP_ALLOCATE|[10]|Bytes:2
10:07:06.0 (29154040)|VARIABLE_ASSIGNMENT|[10]|LocalTime.REGION_NZ|"NZ"
10:07:06.0 (29158530)|HEAP_ALLOCATE|[10]|Bytes:7
10:07:06.0 (29165289)|VARIABLE_ASSIGNMENT|[10]|LocalTime.REGION_OCEANIA|"OCEANIA"
10:07:06.0 (29170123)|HEAP_ALLOCATE|[10]|Bytes:2
10:07:06.0 (29176635)|VARIABLE_ASSIGNMENT|[10]|LocalTime.REGION_SA|"SA"
10:07:06.0 (29194133)|METHOD_ENTRY|[2]|01pE0000001ksei|LocalTime.LocalTime()
10:07:06.0 (29199959)|STATEMENT_EXECUTE|[2]
10:07:06.0 (29220343)|ENTERING_MANAGED_PKG|tz
10:07:06.0 (29239528)|METHOD_EXIT|[2]|LocalTime
10:07:06.0 (29259998)|METHOD_ENTRY|[10]|01pE0000001ksei|tz.LocalTime.getOffsetFull(String, String, String)
10:07:06.0 (29266216)|ENTERING_MANAGED_PKG|tz
10:07:06.0 (29452478)|ENTERING_MANAGED_PKG|tz
10:07:06.0 (29537867)|ENTERING_MANAGED_PKG|tz
10:07:06.0 (30793286)|SOQL_EXECUTE_BEGIN|[333]|Aggregations:0|SELECT tz__Country__c FROM tz__lt_country_names__mdt WHERE MasterLabel = :tmpVar1
10:07:06.0 (43782350)|SOQL_EXECUTE_END|[333]|Rows:1
10:07:06.0 (44275165)|ENTERING_MANAGED_PKG|tz
10:07:06.0 (44338603)|METHOD_EXIT|[10]|01pE0000001ksei|tz.LocalTime.getOffsetFull(String, String, String)
10:07:06.0 (44348726)|VARIABLE_SCOPE_BEGIN|[10]|jsonStr|String|false|false
10:07:06.0 (44366939)|VARIABLE_ASSIGNMENT|[10]|jsonStr|"{\"offset\":\"N/A\",\"dst (92 more) ..."
10:07:06.0 (44373299)|STATEMENT_EXECUTE|[11]
10:07:06.0 (44374796)|STATEMENT_EXECUTE|[12]
10:07:06.0 (44419655)|HEAP_ALLOCATE|[12]|Bytes:24
10:07:06.0 (44434430)|SYSTEM_METHOD_ENTRY|[1]|JSON.JSON()
10:07:06.0 (44438710)|STATEMENT_EXECUTE|[1]
10:07:06.0 (44446804)|SYSTEM_METHOD_EXIT|[1]|JSON
10:07:06.0 (44461215)|METHOD_ENTRY|[12]||System.JSON.deserializeUntyped(String)
10:07:06.0 (44927677)|METHOD_EXIT|[12]||System.JSON.deserializeUntyped(String)
10:07:06.0 (44941820)|VARIABLE_SCOPE_BEGIN|[12]|m|Map<String,ANY>|true|false
10:07:06.0 (44964291)|VARIABLE_ASSIGNMENT|[12]|m|"Map of size 6 too large to display"|0x2bb17222
10:07:06.0 (44970969)|STATEMENT_EXECUTE|[13]
10:07:06.0 (44975104)|HEAP_ALLOCATE|[13]|Bytes:6
10:07:06.0 (45018172)|VARIABLE_SCOPE_BEGIN|[13]|offset|String|false|false
10:07:06.0 (45032657)|VARIABLE_ASSIGNMENT|[13]|offset|"N/A"
10:07:06.0 (45039504)|HEAP_ALLOCATE|[14]|Bytes:3
10:07:06.0 (45067290)|STATEMENT_EXECUTE|[14]
10:07:06.0 (45085672)|HEAP_ALLOCATE|[7]|Bytes:5
10:07:06.0 (45103597)|VARIABLE_ASSIGNMENT|[7]|u|null|
10:07:06.45 (45115086)|CUMULATIVE_LIMIT_USAGE
10:07:06.45 (45115086)|LIMIT_USAGE_FOR_NS|(default)|
  Number of SOQL queries: 0 out of 100
  Number of query rows: 0 out of 50000
  Number of SOSL queries: 0 out of 20
  Number of DML statements: 0 out of 150
  Number of DML rows: 0 out of 10000
  Maximum CPU time: 0 out of 10000
  Maximum heap size: 0 out of 6000000
  Number of callouts: 0 out of 100
  Number of Email Invocations: 0 out of 10
  Number of future calls: 0 out of 50
  Number of queueable jobs added to the queue: 0 out of 50
  Number of Mobile Apex push calls: 0 out of 10

10:07:06.45 (45115086)|LIMIT_USAGE_FOR_NS|tz|
  Number of SOQL queries: 0 out of 100
  Number of query rows: 1 out of 50000
  Number of SOSL queries: 0 out of 20
  Number of DML statements: 0 out of 150
  Number of DML rows: 0 out of 10000
  Maximum CPU time: 0 out of 10000
  Maximum heap size: 0 out of 6000000
  Number of callouts: 0 out of 100
  Number of Email Invocations: 0 out of 10
  Number of future calls: 0 out of 50
  Number of queueable jobs added to the queue: 0 out of 50
  Number of Mobile Apex push calls: 0 out of 10

10:07:06.45 (45115086)|TOTAL_EMAIL_RECIPIENTS_QUEUED|0
10:07:06.45 (45115086)|STATIC_VARIABLE_LIST|
  char[]:DigitTens:0
  long:serialVersionUID:0
  String:_static_REGION_EUROPE:0
  String:_static_REGION_NA:0
  long:serialVersionUID:0
  double:MAX_VALUE:0
  Boolean:FALSE:0
  long:serialVersionUID:0
  String:_sfdcAdditionalCodeLocations:0
  double:MIN_VALUE:0
  int:SIZE:0
  double:NEGATIVE_INFINITY:0
  String:_static_NOT_AVAILABLE:0
  int:MAX_VALUE:0
  String:_static_REGION_ISRAEL:0
  char[]:digits:0
  double:NaN:0
  Boolean:TRUE:0
  String:_static_REGION_AFRICA:0
  String:_static_REGION_NZ:0
  String:_static_REGION_SA:0
  int:MIN_VALUE:0
  char[]:DigitOnes:0
  int:BYTES:0
  String:_sfdcAdditionalCodeLocations:0
  int:MIN_EXPONENT:0
  int[]:sizeTable:0
  String:_static_REGION_ASIA:0
  int:MAX_EXPONENT:0
  String:_static_REGION_OCEANIA:0
  int:SIZE:0
  double:POSITIVE_INFINITY:0
  double:MIN_NORMAL:0
  int:BYTES:0

10:07:06.45 (45115086)|CUMULATIVE_LIMIT_USAGE_END

10:07:06.0 (47359506)|CODE_UNIT_FINISHED|LocalTimeUserTrigger on User trigger event BeforeUpdate for [005E0000004yLLO]
10:07:06.150 (150858444)|ENTERING_MANAGED_PKG|skuid
10:07:06.151 (151879811)|CUMULATIVE_LIMIT_USAGE
10:07:06.151 (151879811)|LIMIT_USAGE_FOR_NS|(default)|
  Number of SOQL queries: 0 out of 100
  Number of query rows: 0 out of 50000
  Number of SOSL queries: 0 out of 20
  Number of DML statements: 0 out of 150
  Number of DML rows: 0 out of 10000
  Maximum CPU time: 0 out of 10000
  Maximum heap size: 0 out of 6000000
  Number of callouts: 0 out of 100
  Number of Email Invocations: 0 out of 10
  Number of future calls: 0 out of 50
  Number of queueable jobs added to the queue: 0 out of 50
  Number of Mobile Apex push calls: 0 out of 10

10:07:06.151 (151879811)|LIMIT_USAGE_FOR_NS|tz|
  Number of SOQL queries: 0 out of 100
  Number of query rows: 1 out of 50000
  Number of SOSL queries: 0 out of 20
  Number of DML statements: 0 out of 150
  Number of DML rows: 0 out of 10000
  Maximum CPU time: 0 out of 10000
  Maximum heap size: 0 out of 6000000
  Number of callouts: 0 out of 100
  Number of Email Invocations: 0 out of 10
  Number of future calls: 0 out of 50
  Number of queueable jobs added to the queue: 0 out of 50
  Number of Mobile Apex push calls: 0 out of 10

10:07:06.151 (151879811)|CUMULATIVE_LIMIT_USAGE_END

10:07:06.0 (155512072)|CODE_UNIT_STARTED|[EXTERNAL]|Workflow:User
10:07:06.0 (163406632)|WF_RULE_EVAL_BEGIN|Workflow
10:07:06.0 (163434362)|WF_CRITERIA_BEGIN|[User: Elissa Sadhana Team (WCI) 005E0000004yLLO]|Member_Community_New_User301V000000063fo|01QV00000001N6N|ON_CREATE_ONLY|0
10:07:06.0 (163445487)|WF_RULE_NOT_EVALUATED
10:07:06.0 (163452969)|WF_SPOOL_ACTION_BEGIN|Workflow
10:07:06.0 (163462021)|WF_ACTION| None
10:07:06.0 (163466871)|WF_RULE_EVAL_END
10:07:06.0 (163509640)|WF_ACTIONS_END| None
10:07:06.0 (163518983)|CODE_UNIT_FINISHED|Workflow:User
10:07:06.0 (171877229)|CODE_UNIT_STARTED|[EXTERNAL]|01qV0000000DErk|LocalTimeUserTrigger on User trigger event BeforeUpdate for [005E0000004yLLO]
10:07:06.0 (171906871)|HEAP_ALLOCATE|[EXTERNAL]|Bytes:8
10:07:06.0 (171929720)|HEAP_ALLOCATE|[EXTERNAL]|Bytes:8
10:07:06.0 (171969925)|HEAP_ALLOCATE|[EXTERNAL]|Bytes:4
10:07:06.0 (171982012)|VARIABLE_SCOPE_BEGIN|[5]|this|LocalTimeUserTrigger|true|false
10:07:06.0 (172019121)|VARIABLE_ASSIGNMENT|[5]|this|{}|0x150979f8
10:07:06.0 (172046446)|HEAP_ALLOCATE|[EXTERNAL]|Bytes:4
10:07:06.0 (172054252)|VARIABLE_SCOPE_BEGIN|[5]|this|LocalTimeUserTrigger|true|false
10:07:06.0 (172068276)|VARIABLE_ASSIGNMENT|[5]|this|{}|0x150979f8
10:07:06.0 (172076898)|STATEMENT_EXECUTE|[5]
10:07:06.0 (172132924)|HEAP_ALLOCATE|[7]|Bytes:5
10:07:06.0 (172152738)|HEAP_ALLOCATE|[7]|Bytes:4
10:07:06.0 (172162869)|VARIABLE_SCOPE_BEGIN|[7]|u|User|true|false
10:07:06.0 (176571925)|VARIABLE_ASSIGNMENT|[7]|u|{"ProfileId":"00eE0000000zEdeIAE","LastModifiedDate":"2017-11-10T15:07:06.000Z","ReceivesAdminInfoEma (3 more) ...":false,"Email":"depot@sadhanaconsult (7 more) ...","TimeZoneSidKey":"America/New_York","LanguageLocaleKey":"en_US","UserRoleId":"00EE0000000hj7TMAQ","License_Type__c":"Salesforce","IsActive":true,"Nurse__c":false,"LastLoginDate":"2017-11-10T15:06:05.000Z","PostalCode":"03820","ForecastEnabled":false,"IsExtIndicatorVisibl (1 more) ...":false,"DigestFrequency":"D","UTC_Offset__c":-4.00,"IsProfilePhotoActive":false,"Default_Patient_Coun (6 more) ...":"US","CompanyName":"Sadhana Consulting L (2 more) ...","CommunityNickname":"prozek","CreatedById":"005E0000002k2ScIAI","Street":"1 S Pine Street","Acquisition_Site__c":"001E000001HBa8R","Server_URL__c":"https://cs12.salesfo (17 more) ...","LastPasswordChangeDa (2 more) ...":"2017-10-10T13:48:13.000Z","LocaleSidKey":"en_US","FirstName":"Elissa","Name_Formula__c":"Elissa Sadhana Team  (5 more) ...","Title":"Consultant","City":"Dover","EmailEncodingKey":"ISO-8859-1","ReceivesInfoEmails":false,"SystemModstamp":"2017-11-10T15:07:06.000Z","User_18_Digit_ID__c":"005E0000004yLLOIA2","IsPortalEnabled":false,"Username":"worldcare@sadhanacon (19 more) ...","Alias":"Sadhana","DefaultGroupNotifica (13 more) ...":"N","CreatedDate":"2014-03-07T01:09:17.000Z","LastName":"Sadhana Team (WCI)","Id":"005E0000004yLLOIA2","IsPortalSelfRegister (2 more) ...":false,"UserType":"Standard","LastModifiedById":"005E0000004yLLOIA2"}|0xa8e3c03
10:07:06.0 (176601795)|STATEMENT_EXECUTE|[7]
10:07:06.0 (176603664)|STATEMENT_EXECUTE|[9]
10:07:06.0 (176604589)|STATEMENT_EXECUTE|[9]
10:07:06.0 (176605646)|STATEMENT_EXECUTE|[10]
10:07:06.0 (176655307)|METHOD_ENTRY|[10]|01pE0000001ksei|tz.LocalTime.getOffsetFull(String, String, String)
10:07:06.0 (176665714)|ENTERING_MANAGED_PKG|tz
10:07:06.0 (176704242)|ENTERING_MANAGED_PKG|tz
10:07:06.0 (176759352)|ENTERING_MANAGED_PKG|tz
10:07:06.0 (177097363)|SOQL_EXECUTE_BEGIN|[333]|Aggregations:0|SELECT tz__Country__c FROM tz__lt_country_names__mdt WHERE MasterLabel = :tmpVar1
10:07:06.0 (188830477)|SOQL_EXECUTE_END|[333]|Rows:1
10:07:06.0 (189110276)|ENTERING_MANAGED_PKG|tz
10:07:06.0 (189162230)|METHOD_EXIT|[10]|01pE0000001ksei|tz.LocalTime.getOffsetFull(String, String, String)
10:07:06.0 (189171314)|VARIABLE_SCOPE_BEGIN|[10]|jsonStr|String|false|false
10:07:06.0 (189189570)|VARIABLE_ASSIGNMENT|[10]|jsonStr|"{\"offset\":\"N/A\",\"dst (92 more) ..."
10:07:06.0 (189195264)|STATEMENT_EXECUTE|[11]
10:07:06.0 (189196885)|STATEMENT_EXECUTE|[12]
10:07:06.0 (189206336)|METHOD_ENTRY|[12]||System.JSON.deserializeUntyped(String)
10:07:06.0 (189631650)|METHOD_EXIT|[12]||System.JSON.deserializeUntyped(String)
10:07:06.0 (189645827)|VARIABLE_SCOPE_BEGIN|[12]|m|Map<String,ANY>|true|false
10:07:06.0 (189668497)|VARIABLE_ASSIGNMENT|[12]|m|"Map of size 6 too large to display"|0x72dc102b
10:07:06.0 (189675016)|STATEMENT_EXECUTE|[13]
10:07:06.0 (189692973)|VARIABLE_SCOPE_BEGIN|[13]|offset|String|false|false
10:07:06.0 (189703960)|VARIABLE_ASSIGNMENT|[13]|offset|"N/A"
10:07:06.0 (189723978)|STATEMENT_EXECUTE|[14]
10:07:06.0 (189738986)|HEAP_ALLOCATE|[7]|Bytes:5
10:07:06.0 (189755187)|VARIABLE_ASSIGNMENT|[7]|u|null|
10:07:06.189 (189765232)|CUMULATIVE_LIMIT_USAGE
10:07:06.189 (189765232)|LIMIT_USAGE_FOR_NS|(default)|
  Number of SOQL queries: 0 out of 100
  Number of query rows: 0 out of 50000
  Number of SOSL queries: 0 out of 20
  Number of DML statements: 0 out of 150
  Number of DML rows: 0 out of 10000
  Maximum CPU time: 0 out of 10000
  Maximum heap size: 0 out of 6000000
  Number of callouts: 0 out of 100
  Number of Email Invocations: 0 out of 10
  Number of future calls: 0 out of 50
  Number of queueable jobs added to the queue: 0 out of 50
  Number of Mobile Apex push calls: 0 out of 10

10:07:06.189 (189765232)|LIMIT_USAGE_FOR_NS|tz|
  Number of SOQL queries: 0 out of 100
  Number of query rows: 1 out of 50000
  Number of SOSL queries: 0 out of 20
  Number of DML statements: 0 out of 150
  Number of DML rows: 0 out of 10000
  Maximum CPU time: 0 out of 10000
  Maximum heap size: 0 out of 6000000
  Number of callouts: 0 out of 100
  Number of Email Invocations: 0 out of 10
  Number of future calls: 0 out of 50
  Number of queueable jobs added to the queue: 0 out of 50
  Number of Mobile Apex push calls: 0 out of 10

10:07:06.189 (189765232)|TOTAL_EMAIL_RECIPIENTS_QUEUED|0
10:07:06.189 (189765232)|STATIC_VARIABLE_LIST|
  char[]:DigitTens:0
  long:serialVersionUID:0
  String:_static_REGION_EUROPE:0
  String:_static_REGION_NA:0
  long:serialVersionUID:0
  double:MAX_VALUE:0
  Boolean:FALSE:0
  long:serialVersionUID:0
  String:_sfdcAdditionalCodeLocations:0
  double:MIN_VALUE:0
  int:SIZE:0
  double:NEGATIVE_INFINITY:0
  String:_static_NOT_AVAILABLE:0
  int:MAX_VALUE:0
  String:_static_REGION_ISRAEL:0
  char[]:digits:0
  double:NaN:0
  Boolean:TRUE:0
  String:_static_REGION_AFRICA:0
  String:_static_REGION_NZ:0
  String:_static_REGION_SA:0
  int:MIN_VALUE:0
  String:_sfdcAdditionalCodeLocations:0
  char[]:DigitOnes:0
  int:BYTES:0
  String:_sfdcAdditionalCodeLocations:0
  int:MIN_EXPONENT:0
  int[]:sizeTable:0
  String:_static_REGION_ASIA:0
  int:MAX_EXPONENT:0
  String:_static_REGION_OCEANIA:0
  int:SIZE:0
  double:POSITIVE_INFINITY:0
  double:MIN_NORMAL:0
  int:BYTES:0

10:07:06.189 (189765232)|CUMULATIVE_LIMIT_USAGE_END

10:07:06.0 (191155165)|CODE_UNIT_FINISHED|LocalTimeUserTrigger on User trigger event BeforeUpdate for [005E0000004yLLO]
10:07:06.257 (257085135)|ENTERING_MANAGED_PKG|skuid
10:07:06.257 (257827582)|CUMULATIVE_LIMIT_USAGE
10:07:06.257 (257827582)|LIMIT_USAGE_FOR_NS|(default)|
  Number of SOQL queries: 0 out of 100
  Number of query rows: 0 out of 50000
  Number of SOSL queries: 0 out of 20
  Number of DML statements: 0 out of 150
  Number of DML rows: 0 out of 10000
  Maximum CPU time: 0 out of 10000
  Maximum heap size: 0 out of 6000000
  Number of callouts: 0 out of 100
  Number of Email Invocations: 0 out of 10
  Number of future calls: 0 out of 50
  Number of queueable jobs added to the queue: 0 out of 50
  Number of Mobile Apex push calls: 0 out of 10

10:07:06.257 (257827582)|LIMIT_USAGE_FOR_NS|tz|
  Number of SOQL queries: 0 out of 100
  Number of query rows: 1 out of 50000
  Number of SOSL queries: 0 out of 20
  Number of DML statements: 0 out of 150
  Number of DML rows: 0 out of 10000
  Maximum CPU time: 0 out of 10000
  Maximum heap size: 0 out of 6000000
  Number of callouts: 0 out of 100
  Number of Email Invocations: 0 out of 10
  Number of future calls: 0 out of 50
  Number of queueable jobs added to the queue: 0 out of 50
  Number of Mobile Apex push calls: 0 out of 10

10:07:06.257 (257827582)|CUMULATIVE_LIMIT_USAGE_END

10:07:06.0 (262556404)|CODE_UNIT_STARTED|[EXTERNAL]|Workflow:User
10:07:06.0 (269140888)|WF_RULE_EVAL_BEGIN|Workflow
10:07:06.0 (269169855)|WF_CRITERIA_BEGIN|[User: Elissa Sadhana Team (WCI) 005E0000004yLLO]|Member_Community_New_User301V000000063fo|01QV00000001N6N|ON_CREATE_ONLY|0
10:07:06.0 (269181641)|WF_RULE_NOT_EVALUATED
10:07:06.0 (269188949)|WF_SPOOL_ACTION_BEGIN|Workflow
10:07:06.0 (269197435)|WF_ACTION| None
10:07:06.0 (269201899)|WF_RULE_EVAL_END
10:07:06.0 (269244846)|WF_ACTIONS_END| None
10:07:06.0 (269253946)|CODE_UNIT_FINISHED|Workflow:User
10:07:06.0 (359591929)|CODE_UNIT_FINISHED|TRIGGERS
10:07:06.0 (359614299)|EXECUTION_FINISHED
10:07:06.394 (394814546)|CUMULATIVE_PROFILING_BEGIN
10:07:06.394 (394814546)|CUMULATIVE_PROFILING|SOQL operations|
(tz): [SELECT tz__Country__c FROM tz__lt_country_names__mdt WHERE MasterLabel = :countryCode]: executed 2 times in 26 ms

10:07:06.394 (394814546)|CUMULATIVE_PROFILING|No profiling information for SOSL operations
10:07:06.394 (394814546)|CUMULATIVE_PROFILING|No profiling information for DML operations
10:07:06.394 (394814546)|CUMULATIVE_PROFILING|method invocations|
Trigger.LocalTimeUserTrigger: line 10, column 1: webService static String getOffsetFull(String, String, String): executed 2 times in 27 ms
External entry point: public void invoke(): executed 1 time in 18 ms
Trigger.LocalTimeUserTrigger: line 12, column 1: global static Object deserializeUntyped(String): executed 2 times in 2 ms
Trigger.LocalTimeUserTrigger: line 7, column 1: global public System.Iterator iterator(): executed 6 times in 0 ms
Trigger.LocalTimeUserTrigger: line 13, column 1: global public Object get(Object): executed 2 times in 0 ms

10:07:06.394 (394814546)|CUMULATIVE_PROFILING_END
