40.0 APEX_CODE,FINEST;APEX_PROFILING,FINEST;CALLOUT,INFO;DB,INFO;SYSTEM,DEBUG;VALIDATION,INFO;VISUALFORCE,INFO;WAVE,INFO;WORKFLOW,INFO
18:26:34.0 (373153)|USER_INFO|[EXTERNAL]|005E0000004yLLO|worldcare@sadhanaconsulting.com.devfull|Eastern Standard Time|GMT-05:00
18:26:34.0 (419461)|EXECUTION_STARTED
18:26:34.0 (424270)|CODE_UNIT_STARTED|[EXTERNAL]|TRIGGERS
18:26:34.0 (3272682)|CODE_UNIT_STARTED|[EXTERNAL]|01qV0000000DErk|LocalTimeUserTrigger on User trigger event BeforeUpdate for [005E0000004yLLO]
18:26:34.0 (3328188)|HEAP_ALLOCATE|[EXTERNAL]|Bytes:8
18:26:34.0 (3363443)|HEAP_ALLOCATE|[EXTERNAL]|Bytes:8
18:26:34.0 (3765488)|HEAP_ALLOCATE|[72]|Bytes:3
18:26:34.0 (3854452)|HEAP_ALLOCATE|[77]|Bytes:152
18:26:34.0 (3874919)|HEAP_ALLOCATE|[342]|Bytes:408
18:26:34.0 (3896559)|HEAP_ALLOCATE|[355]|Bytes:408
18:26:34.0 (3917076)|HEAP_ALLOCATE|[467]|Bytes:48
18:26:34.0 (3993286)|HEAP_ALLOCATE|[139]|Bytes:6
18:26:34.0 (4028295)|HEAP_ALLOCATE|[EXTERNAL]|Bytes:4
18:26:34.0 (4056540)|VARIABLE_SCOPE_BEGIN|[5]|this|LocalTimeUserTrigger|true|false
18:26:34.0 (4117211)|VARIABLE_ASSIGNMENT|[5]|this|{}|0x52ca0882
18:26:34.0 (4187837)|HEAP_ALLOCATE|[EXTERNAL]|Bytes:4
18:26:34.0 (4210827)|VARIABLE_SCOPE_BEGIN|[5]|this|LocalTimeUserTrigger|true|false
18:26:34.0 (4233682)|VARIABLE_ASSIGNMENT|[5]|this|{}|0x52ca0882
18:26:34.0 (4243656)|STATEMENT_EXECUTE|[5]
18:26:34.0 (4279390)|HEAP_ALLOCATE|[50]|Bytes:5
18:26:34.0 (4305081)|HEAP_ALLOCATE|[56]|Bytes:5
18:26:34.0 (4318341)|HEAP_ALLOCATE|[64]|Bytes:7
18:26:34.0 (4671603)|HEAP_ALLOCATE|[7]|Bytes:5
18:26:34.0 (4710639)|HEAP_ALLOCATE|[7]|Bytes:4
18:26:34.0 (4724447)|VARIABLE_SCOPE_BEGIN|[7]|u|User|true|false
18:26:34.0 (38520144)|VARIABLE_ASSIGNMENT|[7]|u|{"ProfileId":"00eE0000000zEdeIAE","LastModifiedDate":"2017-11-10T23:26:24.000Z","ReceivesAdminInfoEma (3 more) ...":false,"Email":"depot@sadhanaconsult (7 more) ...","TimeZoneSidKey":"America/New_York","LanguageLocaleKey":"fr","UserRoleId":"00EE0000000hj7TMAQ","License_Type__c":"Salesforce","IsActive":true,"Nurse__c":false,"LastLoginDate":"2017-11-10T21:38:41.000Z","PostalCode":"03820","ForecastEnabled":false,"IsExtIndicatorVisibl (1 more) ...":false,"DigestFrequency":"D","UTC_Offset__c":-4.00,"IsProfilePhotoActive":false,"Default_Patient_Coun (6 more) ...":"US","CompanyName":"Sadhana Consulting L (2 more) ...","CommunityNickname":"prozek","CreatedById":"005E0000002k2ScIAI","Street":"1 S Pine Street","Acquisition_Site__c":"001E000001HBa8R","Server_URL__c":"https://cs12.salesfo (17 more) ...","LastPasswordChangeDa (2 more) ...":"2017-10-10T13:48:13.000Z","LocaleSidKey":"en_US","FirstName":"Elissa","Name_Formula__c":"Elissa Sadhana Team  (5 more) ...","Title":"Consultant","City":"Dover","EmailEncodingKey":"ISO-8859-1","ReceivesInfoEmails":false,"SystemModstamp":"2017-11-10T23:26:24.000Z","User_18_Digit_ID__c":"005E0000004yLLOIA2","IsPortalEnabled":false,"Username":"worldcare@sadhanacon (19 more) ...","Alias":"Sadhana","DefaultGroupNotifica (13 more) ...":"N","CreatedDate":"2014-03-07T01:09:17.000Z","LastName":"Sadhana Team (WCI)","Id":"005E0000004yLLOIA2","IsPortalSelfRegister (2 more) ...":false,"UserType":"Standard","LastModifiedById":"005E0000004yLLOIA2"}|0x2f8b555c
18:26:34.0 (38564118)|STATEMENT_EXECUTE|[7]
18:26:34.0 (38566752)|STATEMENT_EXECUTE|[9]
18:26:34.0 (38567909)|STATEMENT_EXECUTE|[9]
18:26:34.0 (38568968)|STATEMENT_EXECUTE|[10]
18:26:34.0 (43827552)|VARIABLE_SCOPE_BEGIN|[3]|LocalTime.NOT_AVAILABLE|String|false|true
18:26:34.0 (43847799)|VARIABLE_SCOPE_BEGIN|[9]|LocalTime.REGION_AFRICA|String|false|true
18:26:34.0 (43857744)|VARIABLE_SCOPE_BEGIN|[6]|LocalTime.REGION_ASIA|String|false|true
18:26:34.0 (43867280)|VARIABLE_SCOPE_BEGIN|[5]|LocalTime.REGION_EUROPE|String|false|true
18:26:34.0 (43876305)|VARIABLE_SCOPE_BEGIN|[11]|LocalTime.REGION_ISRAEL|String|false|true
18:26:34.0 (43886222)|VARIABLE_SCOPE_BEGIN|[4]|LocalTime.REGION_NA|String|false|true
18:26:34.0 (43895447)|VARIABLE_SCOPE_BEGIN|[10]|LocalTime.REGION_NZ|String|false|true
18:26:34.0 (43904811)|VARIABLE_SCOPE_BEGIN|[7]|LocalTime.REGION_OCEANIA|String|false|true
18:26:34.0 (43919786)|VARIABLE_SCOPE_BEGIN|[8]|LocalTime.REGION_SA|String|false|true
18:26:34.0 (43983449)|HEAP_ALLOCATE|[10]|Bytes:86
18:26:34.0 (43999738)|HEAP_ALLOCATE|[10]|Bytes:3
18:26:34.0 (44059677)|VARIABLE_ASSIGNMENT|[10]|LocalTime.NOT_AVAILABLE|"N/A"
18:26:34.0 (44068669)|HEAP_ALLOCATE|[10]|Bytes:6
18:26:34.0 (44077223)|VARIABLE_ASSIGNMENT|[10]|LocalTime.REGION_AFRICA|"AFRICA"
18:26:34.0 (44082368)|HEAP_ALLOCATE|[10]|Bytes:4
18:26:34.0 (44088472)|VARIABLE_ASSIGNMENT|[10]|LocalTime.REGION_ASIA|"ASIA"
18:26:34.0 (44093030)|HEAP_ALLOCATE|[10]|Bytes:6
18:26:34.0 (44099916)|VARIABLE_ASSIGNMENT|[10]|LocalTime.REGION_EUROPE|"EUROPE"
18:26:34.0 (44104280)|HEAP_ALLOCATE|[10]|Bytes:6
18:26:34.0 (44110053)|VARIABLE_ASSIGNMENT|[10]|LocalTime.REGION_ISRAEL|"ISRAEL"
18:26:34.0 (44114495)|HEAP_ALLOCATE|[10]|Bytes:2
18:26:34.0 (44120556)|VARIABLE_ASSIGNMENT|[10]|LocalTime.REGION_NA|"NA"
18:26:34.0 (44124943)|HEAP_ALLOCATE|[10]|Bytes:2
18:26:34.0 (44131036)|VARIABLE_ASSIGNMENT|[10]|LocalTime.REGION_NZ|"NZ"
18:26:34.0 (44135745)|HEAP_ALLOCATE|[10]|Bytes:7
18:26:34.0 (44141876)|VARIABLE_ASSIGNMENT|[10]|LocalTime.REGION_OCEANIA|"OCEANIA"
18:26:34.0 (44146489)|HEAP_ALLOCATE|[10]|Bytes:2
18:26:34.0 (44152353)|VARIABLE_ASSIGNMENT|[10]|LocalTime.REGION_SA|"SA"
18:26:34.0 (44189817)|METHOD_ENTRY|[2]|01pE0000001ksei|LocalTime.LocalTime()
18:26:34.0 (44198621)|STATEMENT_EXECUTE|[2]
18:26:34.0 (44234200)|ENTERING_MANAGED_PKG|tz
18:26:34.0 (44273508)|METHOD_EXIT|[2]|LocalTime
18:26:34.0 (44333542)|METHOD_ENTRY|[10]|01pE0000001ksei|tz.LocalTime.getOffsetFull(String, String, String)
18:26:34.0 (44343541)|ENTERING_MANAGED_PKG|tz
18:26:34.0 (44605417)|ENTERING_MANAGED_PKG|tz
18:26:34.0 (44702670)|ENTERING_MANAGED_PKG|tz
18:26:34.0 (45894812)|SOQL_EXECUTE_BEGIN|[333]|Aggregations:0|SELECT tz__Country__c FROM tz__lt_country_names__mdt WHERE MasterLabel = :tmpVar1
18:26:34.0 (57996702)|SOQL_EXECUTE_END|[333]|Rows:1
18:26:34.0 (58597556)|ENTERING_MANAGED_PKG|tz
18:26:34.0 (58692009)|METHOD_EXIT|[10]|01pE0000001ksei|tz.LocalTime.getOffsetFull(String, String, String)
18:26:34.0 (58704423)|VARIABLE_SCOPE_BEGIN|[10]|jsonStr|String|false|false
18:26:34.0 (58729493)|VARIABLE_ASSIGNMENT|[10]|jsonStr|"{\"offset\":\"N/A\",\"dst (92 more) ..."
18:26:34.0 (58736124)|STATEMENT_EXECUTE|[11]
18:26:34.0 (58737884)|STATEMENT_EXECUTE|[12]
18:26:34.0 (58809973)|HEAP_ALLOCATE|[12]|Bytes:24
18:26:34.0 (58829829)|SYSTEM_METHOD_ENTRY|[1]|JSON.JSON()
18:26:34.0 (58841405)|STATEMENT_EXECUTE|[1]
18:26:34.0 (58852949)|SYSTEM_METHOD_EXIT|[1]|JSON
18:26:34.0 (58907750)|METHOD_ENTRY|[12]||System.JSON.deserializeUntyped(String)
18:26:34.0 (59461459)|METHOD_EXIT|[12]||System.JSON.deserializeUntyped(String)
18:26:34.0 (59478738)|VARIABLE_SCOPE_BEGIN|[12]|m|Map<String,ANY>|true|false
18:26:34.0 (59505508)|VARIABLE_ASSIGNMENT|[12]|m|"Map of size 6 too large to display"|0x24bcb4f0
18:26:34.0 (59512418)|STATEMENT_EXECUTE|[13]
18:26:34.0 (59517223)|HEAP_ALLOCATE|[13]|Bytes:6
18:26:34.0 (59561968)|VARIABLE_SCOPE_BEGIN|[13]|offset|String|false|false
18:26:34.0 (59576508)|VARIABLE_ASSIGNMENT|[13]|offset|"N/A"
18:26:34.0 (59583550)|HEAP_ALLOCATE|[14]|Bytes:3
18:26:34.0 (59606523)|STATEMENT_EXECUTE|[14]
18:26:34.0 (59625008)|HEAP_ALLOCATE|[7]|Bytes:5
18:26:34.0 (59644038)|VARIABLE_ASSIGNMENT|[7]|u|null|
18:26:34.59 (59655976)|CUMULATIVE_LIMIT_USAGE
18:26:34.59 (59655976)|LIMIT_USAGE_FOR_NS|(default)|
  Number of SOQL queries: 0 out of 100
  Number of query rows: 0 out of 50000
  Number of SOSL queries: 0 out of 20
  Number of DML statements: 0 out of 150
  Number of DML rows: 0 out of 10000
  Maximum CPU time: 0 out of 10000
  Maximum heap size: 0 out of 6000000
  Number of callouts: 0 out of 100
  Number of Email Invocations: 0 out of 10
  Number of future calls: 0 out of 50
  Number of queueable jobs added to the queue: 0 out of 50
  Number of Mobile Apex push calls: 0 out of 10

18:26:34.59 (59655976)|LIMIT_USAGE_FOR_NS|tz|
  Number of SOQL queries: 0 out of 100
  Number of query rows: 1 out of 50000
  Number of SOSL queries: 0 out of 20
  Number of DML statements: 0 out of 150
  Number of DML rows: 0 out of 10000
  Maximum CPU time: 0 out of 10000
  Maximum heap size: 0 out of 6000000
  Number of callouts: 0 out of 100
  Number of Email Invocations: 0 out of 10
  Number of future calls: 0 out of 50
  Number of queueable jobs added to the queue: 0 out of 50
  Number of Mobile Apex push calls: 0 out of 10

18:26:34.59 (59655976)|TOTAL_EMAIL_RECIPIENTS_QUEUED|0
18:26:34.59 (59655976)|STATIC_VARIABLE_LIST|
  char[]:DigitTens:0
  long:serialVersionUID:0
  String:_static_REGION_EUROPE:0
  String:_static_REGION_NA:0
  long:serialVersionUID:0
  double:MAX_VALUE:0
  Boolean:FALSE:0
  long:serialVersionUID:0
  String:_sfdcAdditionalCodeLocations:0
  double:MIN_VALUE:0
  int:SIZE:0
  double:NEGATIVE_INFINITY:0
  String:_static_NOT_AVAILABLE:0
  int:MAX_VALUE:0
  String:_static_REGION_ISRAEL:0
  char[]:digits:0
  double:NaN:0
  Boolean:TRUE:0
  String:_static_REGION_AFRICA:0
  String:_static_REGION_NZ:0
  String:_static_REGION_SA:0
  int:MIN_VALUE:0
  char[]:DigitOnes:0
  int:BYTES:0
  String:_sfdcAdditionalCodeLocations:0
  int:MIN_EXPONENT:0
  int[]:sizeTable:0
  String:_static_REGION_ASIA:0
  int:MAX_EXPONENT:0
  String:_static_REGION_OCEANIA:0
  int:SIZE:0
  double:POSITIVE_INFINITY:0
  double:MIN_NORMAL:0
  int:BYTES:0

18:26:34.59 (59655976)|CUMULATIVE_LIMIT_USAGE_END

18:26:34.0 (61678904)|CODE_UNIT_FINISHED|LocalTimeUserTrigger on User trigger event BeforeUpdate for [005E0000004yLLO]
18:26:34.200 (200025662)|ENTERING_MANAGED_PKG|skuid
18:26:34.201 (201689768)|CUMULATIVE_LIMIT_USAGE
18:26:34.201 (201689768)|LIMIT_USAGE_FOR_NS|(default)|
  Number of SOQL queries: 0 out of 100
  Number of query rows: 0 out of 50000
  Number of SOSL queries: 0 out of 20
  Number of DML statements: 0 out of 150
  Number of DML rows: 0 out of 10000
  Maximum CPU time: 0 out of 10000
  Maximum heap size: 0 out of 6000000
  Number of callouts: 0 out of 100
  Number of Email Invocations: 0 out of 10
  Number of future calls: 0 out of 50
  Number of queueable jobs added to the queue: 0 out of 50
  Number of Mobile Apex push calls: 0 out of 10

18:26:34.201 (201689768)|LIMIT_USAGE_FOR_NS|tz|
  Number of SOQL queries: 0 out of 100
  Number of query rows: 1 out of 50000
  Number of SOSL queries: 0 out of 20
  Number of DML statements: 0 out of 150
  Number of DML rows: 0 out of 10000
  Maximum CPU time: 0 out of 10000
  Maximum heap size: 0 out of 6000000
  Number of callouts: 0 out of 100
  Number of Email Invocations: 0 out of 10
  Number of future calls: 0 out of 50
  Number of queueable jobs added to the queue: 0 out of 50
  Number of Mobile Apex push calls: 0 out of 10

18:26:34.201 (201689768)|CUMULATIVE_LIMIT_USAGE_END

18:26:34.0 (207395622)|CODE_UNIT_STARTED|[EXTERNAL]|Workflow:User
18:26:34.0 (227862430)|WF_RULE_EVAL_BEGIN|Workflow
18:26:34.0 (227907005)|WF_CRITERIA_BEGIN|[User: Elissa Sadhana Team (WCI) 005E0000004yLLO]|Member_Community_New_User301V000000063fo|01QV00000001N6N|ON_CREATE_ONLY|0
18:26:34.0 (227925872)|WF_RULE_NOT_EVALUATED
18:26:34.0 (227937283)|WF_SPOOL_ACTION_BEGIN|Workflow
18:26:34.0 (227950950)|WF_ACTION| None
18:26:34.0 (227957615)|WF_RULE_EVAL_END
18:26:34.0 (228013482)|WF_ACTIONS_END| None
18:26:34.0 (228028429)|CODE_UNIT_FINISHED|Workflow:User
18:26:34.0 (244217221)|CODE_UNIT_STARTED|[EXTERNAL]|01qV0000000DErk|LocalTimeUserTrigger on User trigger event BeforeUpdate for [005E0000004yLLO]
18:26:34.0 (244308604)|HEAP_ALLOCATE|[EXTERNAL]|Bytes:8
18:26:34.0 (244354205)|HEAP_ALLOCATE|[EXTERNAL]|Bytes:8
18:26:34.0 (244459482)|HEAP_ALLOCATE|[EXTERNAL]|Bytes:4
18:26:34.0 (244489199)|VARIABLE_SCOPE_BEGIN|[5]|this|LocalTimeUserTrigger|true|false
18:26:34.0 (244538271)|VARIABLE_ASSIGNMENT|[5]|this|{}|0x6fb76ff4
18:26:34.0 (244579287)|HEAP_ALLOCATE|[EXTERNAL]|Bytes:4
18:26:34.0 (244589415)|VARIABLE_SCOPE_BEGIN|[5]|this|LocalTimeUserTrigger|true|false
18:26:34.0 (244603280)|VARIABLE_ASSIGNMENT|[5]|this|{}|0x6fb76ff4
18:26:34.0 (244612772)|STATEMENT_EXECUTE|[5]
18:26:34.0 (244716497)|HEAP_ALLOCATE|[7]|Bytes:5
18:26:34.0 (244744640)|HEAP_ALLOCATE|[7]|Bytes:4
18:26:34.0 (244762043)|VARIABLE_SCOPE_BEGIN|[7]|u|User|true|false
18:26:34.0 (249075128)|VARIABLE_ASSIGNMENT|[7]|u|{"ProfileId":"00eE0000000zEdeIAE","LastModifiedDate":"2017-11-10T23:26:34.000Z","ReceivesAdminInfoEma (3 more) ...":false,"Email":"depot@sadhanaconsult (7 more) ...","TimeZoneSidKey":"America/New_York","LanguageLocaleKey":"en_US","UserRoleId":"00EE0000000hj7TMAQ","License_Type__c":"Salesforce","IsActive":true,"Nurse__c":false,"LastLoginDate":"2017-11-10T21:38:41.000Z","PostalCode":"03820","ForecastEnabled":false,"IsExtIndicatorVisibl (1 more) ...":false,"DigestFrequency":"D","UTC_Offset__c":-4.00,"IsProfilePhotoActive":false,"Default_Patient_Coun (6 more) ...":"US","CompanyName":"Sadhana Consulting L (2 more) ...","CommunityNickname":"prozek","CreatedById":"005E0000002k2ScIAI","Street":"1 S Pine Street","Acquisition_Site__c":"001E000001HBa8R","Server_URL__c":"https://cs12.salesfo (17 more) ...","LastPasswordChangeDa (2 more) ...":"2017-10-10T13:48:13.000Z","LocaleSidKey":"en_US","FirstName":"Elissa","Name_Formula__c":"Elissa Sadhana Team  (5 more) ...","Title":"Consultant","City":"Dover","EmailEncodingKey":"ISO-8859-1","ReceivesInfoEmails":false,"SystemModstamp":"2017-11-10T23:26:34.000Z","User_18_Digit_ID__c":"005E0000004yLLOIA2","IsPortalEnabled":false,"Username":"worldcare@sadhanacon (19 more) ...","Alias":"Sadhana","DefaultGroupNotifica (13 more) ...":"N","CreatedDate":"2014-03-07T01:09:17.000Z","LastName":"Sadhana Team (WCI)","Id":"005E0000004yLLOIA2","IsPortalSelfRegister (2 more) ...":false,"UserType":"Standard","LastModifiedById":"005E0000004yLLOIA2"}|0x7c92800a
18:26:34.0 (249107329)|STATEMENT_EXECUTE|[7]
18:26:34.0 (249109133)|STATEMENT_EXECUTE|[9]
18:26:34.0 (249110167)|STATEMENT_EXECUTE|[9]
18:26:34.0 (249111152)|STATEMENT_EXECUTE|[10]
18:26:34.0 (249166461)|METHOD_ENTRY|[10]|01pE0000001ksei|tz.LocalTime.getOffsetFull(String, String, String)
18:26:34.0 (249180176)|ENTERING_MANAGED_PKG|tz
18:26:34.0 (249224595)|ENTERING_MANAGED_PKG|tz
18:26:34.0 (249284548)|ENTERING_MANAGED_PKG|tz
18:26:34.0 (249658222)|SOQL_EXECUTE_BEGIN|[333]|Aggregations:0|SELECT tz__Country__c FROM tz__lt_country_names__mdt WHERE MasterLabel = :tmpVar1
18:26:34.0 (264416677)|SOQL_EXECUTE_END|[333]|Rows:1
18:26:34.0 (264879268)|ENTERING_MANAGED_PKG|tz
18:26:34.0 (264949737)|METHOD_EXIT|[10]|01pE0000001ksei|tz.LocalTime.getOffsetFull(String, String, String)
18:26:34.0 (264960696)|VARIABLE_SCOPE_BEGIN|[10]|jsonStr|String|false|false
18:26:34.0 (264984397)|VARIABLE_ASSIGNMENT|[10]|jsonStr|"{\"offset\":\"N/A\",\"dst (92 more) ..."
18:26:34.0 (264995453)|STATEMENT_EXECUTE|[11]
18:26:34.0 (264998965)|STATEMENT_EXECUTE|[12]
18:26:34.0 (265013291)|METHOD_ENTRY|[12]||System.JSON.deserializeUntyped(String)
18:26:34.0 (265723851)|METHOD_EXIT|[12]||System.JSON.deserializeUntyped(String)
18:26:34.0 (265743730)|VARIABLE_SCOPE_BEGIN|[12]|m|Map<String,ANY>|true|false
18:26:34.0 (265777368)|VARIABLE_ASSIGNMENT|[12]|m|"Map of size 6 too large to display"|0x6ce9d00b
18:26:34.0 (265788966)|STATEMENT_EXECUTE|[13]
18:26:34.0 (265813993)|VARIABLE_SCOPE_BEGIN|[13]|offset|String|false|false
18:26:34.0 (265832182)|VARIABLE_ASSIGNMENT|[13]|offset|"N/A"
18:26:34.0 (265861616)|STATEMENT_EXECUTE|[14]
18:26:34.0 (265886128)|HEAP_ALLOCATE|[7]|Bytes:5
18:26:34.0 (265913834)|VARIABLE_ASSIGNMENT|[7]|u|null|
18:26:34.265 (265931271)|CUMULATIVE_LIMIT_USAGE
18:26:34.265 (265931271)|LIMIT_USAGE_FOR_NS|(default)|
  Number of SOQL queries: 0 out of 100
  Number of query rows: 0 out of 50000
  Number of SOSL queries: 0 out of 20
  Number of DML statements: 0 out of 150
  Number of DML rows: 0 out of 10000
  Maximum CPU time: 0 out of 10000
  Maximum heap size: 0 out of 6000000
  Number of callouts: 0 out of 100
  Number of Email Invocations: 0 out of 10
  Number of future calls: 0 out of 50
  Number of queueable jobs added to the queue: 0 out of 50
  Number of Mobile Apex push calls: 0 out of 10

18:26:34.265 (265931271)|LIMIT_USAGE_FOR_NS|tz|
  Number of SOQL queries: 0 out of 100
  Number of query rows: 1 out of 50000
  Number of SOSL queries: 0 out of 20
  Number of DML statements: 0 out of 150
  Number of DML rows: 0 out of 10000
  Maximum CPU time: 0 out of 10000
  Maximum heap size: 0 out of 6000000
  Number of callouts: 0 out of 100
  Number of Email Invocations: 0 out of 10
  Number of future calls: 0 out of 50
  Number of queueable jobs added to the queue: 0 out of 50
  Number of Mobile Apex push calls: 0 out of 10

18:26:34.265 (265931271)|TOTAL_EMAIL_RECIPIENTS_QUEUED|0
18:26:34.265 (265931271)|STATIC_VARIABLE_LIST|
  char[]:DigitTens:0
  long:serialVersionUID:0
  String:_static_REGION_EUROPE:0
  String:_static_REGION_NA:0
  long:serialVersionUID:0
  double:MAX_VALUE:0
  Boolean:FALSE:0
  long:serialVersionUID:0
  String:_sfdcAdditionalCodeLocations:0
  double:MIN_VALUE:0
  int:SIZE:0
  double:NEGATIVE_INFINITY:0
  String:_static_NOT_AVAILABLE:0
  int:MAX_VALUE:0
  String:_static_REGION_ISRAEL:0
  char[]:digits:0
  double:NaN:0
  Boolean:TRUE:0
  String:_static_REGION_AFRICA:0
  String:_static_REGION_NZ:0
  String:_static_REGION_SA:0
  int:MIN_VALUE:0
  String:_sfdcAdditionalCodeLocations:0
  char[]:DigitOnes:0
  int:BYTES:0
  String:_sfdcAdditionalCodeLocations:0
  int:MIN_EXPONENT:0
  int[]:sizeTable:0
  String:_static_REGION_ASIA:0
  int:MAX_EXPONENT:0
  String:_static_REGION_OCEANIA:0
  int:SIZE:0
  double:POSITIVE_INFINITY:0
  double:MIN_NORMAL:0
  int:BYTES:0

18:26:34.265 (265931271)|CUMULATIVE_LIMIT_USAGE_END

18:26:34.0 (267792842)|CODE_UNIT_FINISHED|LocalTimeUserTrigger on User trigger event BeforeUpdate for [005E0000004yLLO]
18:26:34.355 (355592491)|ENTERING_MANAGED_PKG|skuid
18:26:34.356 (356608610)|CUMULATIVE_LIMIT_USAGE
18:26:34.356 (356608610)|LIMIT_USAGE_FOR_NS|(default)|
  Number of SOQL queries: 0 out of 100
  Number of query rows: 0 out of 50000
  Number of SOSL queries: 0 out of 20
  Number of DML statements: 0 out of 150
  Number of DML rows: 0 out of 10000
  Maximum CPU time: 0 out of 10000
  Maximum heap size: 0 out of 6000000
  Number of callouts: 0 out of 100
  Number of Email Invocations: 0 out of 10
  Number of future calls: 0 out of 50
  Number of queueable jobs added to the queue: 0 out of 50
  Number of Mobile Apex push calls: 0 out of 10

18:26:34.356 (356608610)|LIMIT_USAGE_FOR_NS|tz|
  Number of SOQL queries: 0 out of 100
  Number of query rows: 1 out of 50000
  Number of SOSL queries: 0 out of 20
  Number of DML statements: 0 out of 150
  Number of DML rows: 0 out of 10000
  Maximum CPU time: 0 out of 10000
  Maximum heap size: 0 out of 6000000
  Number of callouts: 0 out of 100
  Number of Email Invocations: 0 out of 10
  Number of future calls: 0 out of 50
  Number of queueable jobs added to the queue: 0 out of 50
  Number of Mobile Apex push calls: 0 out of 10

18:26:34.356 (356608610)|CUMULATIVE_LIMIT_USAGE_END

18:26:34.0 (362157318)|CODE_UNIT_STARTED|[EXTERNAL]|Workflow:User
18:26:34.0 (369974232)|WF_RULE_EVAL_BEGIN|Workflow
18:26:34.0 (370014199)|WF_CRITERIA_BEGIN|[User: Elissa Sadhana Team (WCI) 005E0000004yLLO]|Member_Community_New_User301V000000063fo|01QV00000001N6N|ON_CREATE_ONLY|0
18:26:34.0 (370036293)|WF_RULE_NOT_EVALUATED
18:26:34.0 (370051425)|WF_SPOOL_ACTION_BEGIN|Workflow
18:26:34.0 (370067250)|WF_ACTION| None
18:26:34.0 (370074659)|WF_RULE_EVAL_END
18:26:34.0 (370130212)|WF_ACTIONS_END| None
18:26:34.0 (370144427)|CODE_UNIT_FINISHED|Workflow:User
18:26:34.0 (557815928)|CODE_UNIT_FINISHED|TRIGGERS
18:26:34.0 (557838012)|EXECUTION_FINISHED
18:26:34.571 (571688850)|CUMULATIVE_PROFILING_BEGIN
18:26:34.571 (571688850)|CUMULATIVE_PROFILING|SOQL operations|
(tz): [SELECT tz__Country__c FROM tz__lt_country_names__mdt WHERE MasterLabel = :countryCode]: executed 2 times in 29 ms

18:26:34.571 (571688850)|CUMULATIVE_PROFILING|No profiling information for SOSL operations
18:26:34.571 (571688850)|CUMULATIVE_PROFILING|No profiling information for DML operations
18:26:34.571 (571688850)|CUMULATIVE_PROFILING|method invocations|
Trigger.LocalTimeUserTrigger: line 10, column 1: webService static String getOffsetFull(String, String, String): executed 2 times in 30 ms
External entry point: public void invoke(): executed 1 time in 22 ms
Trigger.LocalTimeUserTrigger: line 7, column 1: global public System.Iterator iterator(): executed 6 times in 0 ms
Trigger.LocalTimeUserTrigger: line 12, column 1: global static Object deserializeUntyped(String): executed 2 times in 0 ms
Trigger.LocalTimeUserTrigger: line 13, column 1: global public Object get(Object): executed 2 times in 0 ms

18:26:34.571 (571688850)|CUMULATIVE_PROFILING_END
