41.0 APEX_CODE,FINEST;APEX_PROFILING,FINEST;CALLOUT,INFO;DB,INFO;SYSTEM,DEBUG;VALIDATION,INFO;VISUALFORCE,INFO;WAVE,INFO;WORKFLOW,INFO
08:33:29.0 (376706)|USER_INFO|[EXTERNAL]|005V0000004uuRl|manuelaworldcare@sadhanaconsulting.com.devfull|Eastern Standard Time|GMT-05:00
08:33:29.0 (420321)|EXECUTION_STARTED
08:33:29.0 (425435)|CODE_UNIT_STARTED|[EXTERNAL]|VisualForce View State
08:33:29.0 (6335981)|HEAP_ALLOCATE|[72]|Bytes:3
08:33:29.0 (6394851)|HEAP_ALLOCATE|[77]|Bytes:152
08:33:29.0 (6415501)|HEAP_ALLOCATE|[342]|Bytes:408
08:33:29.0 (6437228)|HEAP_ALLOCATE|[355]|Bytes:408
08:33:29.0 (6457693)|HEAP_ALLOCATE|[467]|Bytes:48
08:33:29.0 (6493986)|HEAP_ALLOCATE|[139]|Bytes:6
08:33:29.0 (11485246)|CODE_UNIT_FINISHED|VisualForce View State
08:33:29.0 (12654861)|EXECUTION_FINISHED
08:33:30.296 (1296125469)|USER_INFO|[EXTERNAL]|005V0000004uuRl|manuelaworldcare@sadhanaconsulting.com.devfull|Eastern Standard Time|GMT-05:00
08:33:30.296 (1296973161)|SYSTEM_MODE_ENTER|true
08:33:30.296 (1298941001)|HEAP_ALLOCATE|[EXTERNAL]|Bytes:120
08:33:30.296 (1298958479)|HEAP_ALLOCATE|[EXTERNAL]|Bytes:10
08:33:30.296 (1298975435)|SYSTEM_METHOD_ENTRY|[1]|pagemessagecomponentcontroller.pagemessagecomponentcontroller()
08:33:30.296 (1298983368)|STATEMENT_EXECUTE|[1]
08:33:30.330 (1330693256)|CUMULATIVE_LIMIT_USAGE
08:33:30.330 (1330693256)|LIMIT_USAGE_FOR_NS|(default)|
  Number of SOQL queries: 0 out of 100
  Number of query rows: 0 out of 50000
  Number of SOSL queries: 0 out of 20
  Number of DML statements: 0 out of 150
  Number of DML rows: 0 out of 10000
  Maximum CPU time: 0 out of 10000
  Maximum heap size: 0 out of 6000000
  Number of callouts: 0 out of 100
  Number of Email Invocations: 0 out of 10
  Number of future calls: 0 out of 50
  Number of queueable jobs added to the queue: 0 out of 50
  Number of Mobile Apex push calls: 0 out of 10

08:33:30.330 (1330693256)|CUMULATIVE_LIMIT_USAGE_END

