41.0 APEX_CODE,FINEST;APEX_PROFILING,FINEST;CALLOUT,INFO;DB,INFO;SYSTEM,DEBUG;VALIDATION,INFO;VISUALFORCE,INFO;WAVE,INFO;WORKFLOW,INFO
09:53:40.0 (357207)|USER_INFO|[EXTERNAL]|005V0000004uuRl|manuelaworldcare@sadhanaconsulting.com.devfull|Eastern Standard Time|GMT-05:00
09:53:40.0 (407970)|EXECUTION_STARTED
09:53:40.0 (412818)|CODE_UNIT_STARTED|[EXTERNAL]|01pV0000000LQk8|portalAccount.CreateNewAccount
09:53:40.0 (683142)|HEAP_ALLOCATE|[72]|Bytes:3
09:53:40.0 (729840)|HEAP_ALLOCATE|[77]|Bytes:152
09:53:40.0 (747906)|HEAP_ALLOCATE|[342]|Bytes:408
09:53:40.0 (769102)|HEAP_ALLOCATE|[355]|Bytes:408
09:53:40.0 (789371)|HEAP_ALLOCATE|[467]|Bytes:48
09:53:40.0 (820706)|HEAP_ALLOCATE|[139]|Bytes:6
09:53:40.0 (882606)|HEAP_ALLOCATE|[EXTERNAL]|Bytes:252
09:53:40.0 (893088)|HEAP_ALLOCATE|[EXTERNAL]|Bytes:25
09:53:40.0 (905915)|SYSTEM_METHOD_ENTRY|[1]|RestRequest.RestRequest()
09:53:40.0 (911689)|STATEMENT_EXECUTE|[1]
09:53:40.0 (920891)|SYSTEM_METHOD_EXIT|[1]|RestRequest
09:53:40.0 (927742)|HEAP_ALLOCATE|[EXTERNAL]|Bytes:32
09:53:40.0 (946990)|HEAP_ALLOCATE|[EXTERNAL]|Bytes:8
09:53:40.0 (950690)|HEAP_ALLOCATE|[EXTERNAL]|Bytes:10
09:53:40.0 (957890)|VARIABLE_SCOPE_BEGIN|[16]|this|System.RestRequest|true|false
09:53:40.0 (1024591)|VARIABLE_ASSIGNMENT|[16]|this|{}|0x9b36bab
09:53:40.0 (1033462)|VARIABLE_SCOPE_BEGIN|[16]|request|java:com.force.swag.rest.RestRequest|true|false
09:53:40.0 (1191611)|VARIABLE_ASSIGNMENT|[16]|request|"com.force.swag.rest.RestRequestServletImpl@251c552a"|0x251c552a
09:53:40.0 (1202361)|VARIABLE_SCOPE_BEGIN|[16]|urlMapping|String|false|false
09:53:40.0 (1213455)|VARIABLE_ASSIGNMENT|[16]|urlMapping|"/Account/*"
09:53:40.0 (1686775)|HEAP_ALLOCATE|[EXTERNAL]|Bytes:32
09:53:40.0 (1695106)|HEAP_ALLOCATE|[EXTERNAL]|Bytes:13
09:53:40.0 (1698324)|HEAP_ALLOCATE|[EXTERNAL]|Bytes:4
09:53:40.0 (1703917)|VARIABLE_SCOPE_BEGIN|[28]|this|System.RestRequest|true|false
09:53:40.0 (1739913)|VARIABLE_ASSIGNMENT|[28]|this|{"headers":"0x53975020","httpMethod":"POST","params":"0x68eec5ae","remoteAddress":"54.161.248.8","requestURI":"/Account/","resourcePath":"/services/apexrest/A (8 more) ..."}|0x9b36bab
09:53:40.0 (1749153)|VARIABLE_SCOPE_BEGIN|[28]|name|String|false|false
09:53:40.0 (1756672)|VARIABLE_ASSIGNMENT|[28]|name|"X-PrettyPrint"
09:53:40.0 (1760662)|VARIABLE_SCOPE_BEGIN|[28]|value|String|false|false
09:53:40.0 (1767292)|VARIABLE_ASSIGNMENT|[28]|value|"true"
09:53:40.0 (1860529)|HEAP_ALLOCATE|[EXTERNAL]|Bytes:32
09:53:40.0 (1868480)|HEAP_ALLOCATE|[EXTERNAL]|Bytes:6
09:53:40.0 (1871490)|HEAP_ALLOCATE|[EXTERNAL]|Bytes:16
09:53:40.0 (1875993)|VARIABLE_SCOPE_BEGIN|[28]|this|System.RestRequest|true|false
09:53:40.0 (1912354)|VARIABLE_ASSIGNMENT|[28]|this|{"headers":"0x53975020","httpMethod":"POST","params":"0x68eec5ae","remoteAddress":"54.161.248.8","requestURI":"/Account/","resourcePath":"/services/apexrest/A (8 more) ..."}|0x9b36bab
09:53:40.0 (1920749)|VARIABLE_SCOPE_BEGIN|[28]|name|String|false|false
09:53:40.0 (1927434)|VARIABLE_ASSIGNMENT|[28]|name|"Accept"
09:53:40.0 (1931535)|VARIABLE_SCOPE_BEGIN|[28]|value|String|false|false
09:53:40.0 (1937695)|VARIABLE_ASSIGNMENT|[28]|value|"application/json"
09:53:40.0 (1989843)|HEAP_ALLOCATE|[EXTERNAL]|Bytes:32
09:53:40.0 (1996867)|HEAP_ALLOCATE|[EXTERNAL]|Bytes:11
09:53:40.0 (1999654)|HEAP_ALLOCATE|[EXTERNAL]|Bytes:44
09:53:40.0 (2003925)|VARIABLE_SCOPE_BEGIN|[28]|this|System.RestRequest|true|false
09:53:40.0 (2034350)|VARIABLE_ASSIGNMENT|[28]|this|{"headers":"0x53975020","httpMethod":"POST","params":"0x68eec5ae","remoteAddress":"54.161.248.8","requestURI":"/Account/","resourcePath":"/services/apexrest/A (8 more) ..."}|0x9b36bab
09:53:40.0 (2042339)|VARIABLE_SCOPE_BEGIN|[28]|name|String|false|false
09:53:40.0 (2049232)|VARIABLE_ASSIGNMENT|[28]|name|"CipherSuite"
09:53:40.0 (2052852)|VARIABLE_SCOPE_BEGIN|[28]|value|String|false|false
09:53:40.0 (2060141)|VARIABLE_ASSIGNMENT|[28]|value|"ECDHE-RSA-AES256-GCM (24 more) ..."
09:53:40.0 (2110052)|HEAP_ALLOCATE|[EXTERNAL]|Bytes:32
09:53:40.0 (2116788)|HEAP_ALLOCATE|[EXTERNAL]|Bytes:10
09:53:40.0 (2119618)|HEAP_ALLOCATE|[EXTERNAL]|Bytes:16
09:53:40.0 (2123893)|VARIABLE_SCOPE_BEGIN|[28]|this|System.RestRequest|true|false
09:53:40.0 (2151625)|VARIABLE_ASSIGNMENT|[28]|this|{"headers":"0x53975020","httpMethod":"POST","params":"0x68eec5ae","remoteAddress":"54.161.248.8","requestURI":"/Account/","resourcePath":"/services/apexrest/A (8 more) ..."}|0x9b36bab
09:53:40.0 (2159484)|VARIABLE_SCOPE_BEGIN|[28]|name|String|false|false
09:53:40.0 (2166047)|VARIABLE_ASSIGNMENT|[28]|name|"User-Agent"
09:53:40.0 (2169924)|VARIABLE_SCOPE_BEGIN|[28]|value|String|false|false
09:53:40.0 (2176012)|VARIABLE_ASSIGNMENT|[28]|value|"Workbench/41.0.0"
09:53:40.0 (2223982)|HEAP_ALLOCATE|[EXTERNAL]|Bytes:32
09:53:40.0 (2230737)|HEAP_ALLOCATE|[EXTERNAL]|Bytes:4
09:53:40.0 (2233591)|HEAP_ALLOCATE|[EXTERNAL]|Bytes:19
09:53:40.0 (2237921)|VARIABLE_SCOPE_BEGIN|[28]|this|System.RestRequest|true|false
09:53:40.0 (2265824)|VARIABLE_ASSIGNMENT|[28]|this|{"headers":"0x53975020","httpMethod":"POST","params":"0x68eec5ae","remoteAddress":"54.161.248.8","requestURI":"/Account/","resourcePath":"/services/apexrest/A (8 more) ..."}|0x9b36bab
09:53:40.0 (2273061)|VARIABLE_SCOPE_BEGIN|[28]|name|String|false|false
09:53:40.0 (2279587)|VARIABLE_ASSIGNMENT|[28]|name|"Host"
09:53:40.0 (2283217)|VARIABLE_SCOPE_BEGIN|[28]|value|String|false|false
09:53:40.0 (2289572)|VARIABLE_ASSIGNMENT|[28]|value|"cs12.salesforce.com"
09:53:40.0 (2338462)|HEAP_ALLOCATE|[EXTERNAL]|Bytes:32
09:53:40.0 (2345063)|HEAP_ALLOCATE|[EXTERNAL]|Bytes:15
09:53:40.0 (2348208)|HEAP_ALLOCATE|[EXTERNAL]|Bytes:4
09:53:40.0 (2352795)|VARIABLE_SCOPE_BEGIN|[28]|this|System.RestRequest|true|false
09:53:40.0 (2380609)|VARIABLE_ASSIGNMENT|[28]|this|{"headers":"0x53975020","httpMethod":"POST","params":"0x68eec5ae","remoteAddress":"54.161.248.8","requestURI":"/Account/","resourcePath":"/services/apexrest/A (8 more) ..."}|0x9b36bab
09:53:40.0 (2388313)|VARIABLE_SCOPE_BEGIN|[28]|name|String|false|false
09:53:40.0 (2395385)|VARIABLE_ASSIGNMENT|[28]|name|"Accept-Encoding"
09:53:40.0 (2398914)|VARIABLE_SCOPE_BEGIN|[28]|value|String|false|false
09:53:40.0 (2404781)|VARIABLE_ASSIGNMENT|[28]|value|"gzip"
09:53:40.0 (2453593)|HEAP_ALLOCATE|[EXTERNAL]|Bytes:32
09:53:40.0 (2460243)|HEAP_ALLOCATE|[EXTERNAL]|Bytes:16
09:53:40.0 (2463221)|HEAP_ALLOCATE|[EXTERNAL]|Bytes:12
09:53:40.0 (2467662)|VARIABLE_SCOPE_BEGIN|[28]|this|System.RestRequest|true|false
09:53:40.0 (2495378)|VARIABLE_ASSIGNMENT|[28]|this|{"headers":"0x53975020","httpMethod":"POST","params":"0x68eec5ae","remoteAddress":"54.161.248.8","requestURI":"/Account/","resourcePath":"/services/apexrest/A (8 more) ..."}|0x9b36bab
09:53:40.0 (2503266)|VARIABLE_SCOPE_BEGIN|[28]|name|String|false|false
09:53:40.0 (2510471)|VARIABLE_ASSIGNMENT|[28]|name|"X-Salesforce-SIP"
09:53:40.0 (2514037)|VARIABLE_SCOPE_BEGIN|[28]|value|String|false|false
09:53:40.0 (2520149)|VARIABLE_ASSIGNMENT|[28]|value|"54.161.248.8"
09:53:40.0 (2880974)|HEAP_ALLOCATE|[EXTERNAL]|Bytes:32
09:53:40.0 (2888448)|HEAP_ALLOCATE|[EXTERNAL]|Bytes:12
09:53:40.0 (2891355)|HEAP_ALLOCATE|[EXTERNAL]|Bytes:31
09:53:40.0 (2895762)|VARIABLE_SCOPE_BEGIN|[28]|this|System.RestRequest|true|false
09:53:40.0 (2924159)|VARIABLE_ASSIGNMENT|[28]|this|{"headers":"0x53975020","httpMethod":"POST","params":"0x68eec5ae","remoteAddress":"54.161.248.8","requestURI":"/Account/","resourcePath":"/services/apexrest/A (8 more) ..."}|0x9b36bab
09:53:40.0 (2932248)|VARIABLE_SCOPE_BEGIN|[28]|name|String|false|false
09:53:40.0 (2938867)|VARIABLE_ASSIGNMENT|[28]|name|"Content-Type"
09:53:40.0 (2942763)|VARIABLE_SCOPE_BEGIN|[28]|value|String|false|false
09:53:40.0 (2949940)|VARIABLE_ASSIGNMENT|[28]|value|"application/json; ch (11 more) ..."
09:53:40.0 (3046363)|HEAP_ALLOCATE|[EXTERNAL]|Bytes:156
09:53:40.0 (3056221)|HEAP_ALLOCATE|[EXTERNAL]|Bytes:10
09:53:40.0 (3064981)|SYSTEM_METHOD_ENTRY|[1]|RestResponse.RestResponse()
09:53:40.0 (3068916)|STATEMENT_EXECUTE|[1]
09:53:40.0 (3074806)|SYSTEM_METHOD_EXIT|[1]|RestResponse
09:53:40.0 (3081401)|HEAP_ALLOCATE|[EXTERNAL]|Bytes:16
09:53:40.0 (3086977)|VARIABLE_SCOPE_BEGIN|[7]|this|System.RestResponse|true|false
09:53:40.0 (3106903)|VARIABLE_ASSIGNMENT|[7]|this|{}|0x7a12052b
09:53:40.0 (3239784)|VARIABLE_SCOPE_BEGIN|[4]|RestContext.request|System.RestRequest|true|true
09:53:40.0 (3250546)|VARIABLE_SCOPE_BEGIN|[5]|RestContext.response|System.RestResponse|true|true
09:53:40.0 (3261041)|HEAP_ALLOCATE|[EXTERNAL]|Bytes:112
09:53:40.0 (3267235)|HEAP_ALLOCATE|[EXTERNAL]|Bytes:5
09:53:40.0 (3275053)|SYSTEM_METHOD_ENTRY|[2]|RestContext.RestContext()
09:53:40.0 (3279197)|STATEMENT_EXECUTE|[2]
09:53:40.0 (3285177)|SYSTEM_METHOD_EXIT|[2]|RestContext
09:53:40.0 (3291187)|HEAP_ALLOCATE|[EXTERNAL]|Bytes:32
09:53:40.0 (3324400)|VARIABLE_ASSIGNMENT|[EXTERNAL]|RestContext.request|{"headers":"0x53975020","httpMethod":"POST","params":"0x68eec5ae","remoteAddress":"54.161.248.8","requestURI":"/Account/","resourcePath":"/services/apexrest/A (8 more) ..."}|0x9b36bab
09:53:40.0 (3340847)|HEAP_ALLOCATE|[EXTERNAL]|Bytes:16
09:53:40.0 (3360484)|VARIABLE_ASSIGNMENT|[EXTERNAL]|RestContext.response|{"headers":"0x3de0aa46"}|0x7a12052b
09:53:40.0 (3613938)|HEAP_ALLOCATE|[EXTERNAL]|Bytes:4
09:53:40.0 (3656921)|METHOD_ENTRY|[2]|01pV0000000LQk8|portalAccount.portalAccount()
09:53:40.0 (3662979)|STATEMENT_EXECUTE|[2]
09:53:40.0 (3666731)|STATEMENT_EXECUTE|[2]
09:53:40.0 (4207728)|SYSTEM_MODE_ENTER|false
09:53:40.0 (4226671)|HEAP_ALLOCATE|[EXTERNAL]|Bytes:5
09:53:40.0 (4236259)|SYSTEM_MODE_EXIT|false
09:53:40.0 (4244478)|METHOD_EXIT|[2]|portalAccount
09:53:40.0 (4250578)|HEAP_ALLOCATE|[EXTERNAL]|Bytes:7
09:53:40.0 (4253862)|HEAP_ALLOCATE|[EXTERNAL]|Bytes:10
09:53:40.0 (4256441)|HEAP_ALLOCATE|[EXTERNAL]|Bytes:5
09:53:40.0 (4259478)|HEAP_ALLOCATE|[EXTERNAL]|Bytes:4
09:53:40.0 (4262368)|HEAP_ALLOCATE|[EXTERNAL]|Bytes:4
09:53:40.0 (4264941)|HEAP_ALLOCATE|[EXTERNAL]|Bytes:15
09:53:40.0 (4267377)|HEAP_ALLOCATE|[EXTERNAL]|Bytes:12
09:53:40.0 (4269793)|HEAP_ALLOCATE|[EXTERNAL]|Bytes:12
09:53:40.0 (4272162)|HEAP_ALLOCATE|[EXTERNAL]|Bytes:13
09:53:40.0 (4274507)|HEAP_ALLOCATE|[EXTERNAL]|Bytes:5
09:53:40.0 (4276887)|HEAP_ALLOCATE|[EXTERNAL]|Bytes:9
09:53:40.0 (4279245)|HEAP_ALLOCATE|[EXTERNAL]|Bytes:11
09:53:40.0 (4281663)|HEAP_ALLOCATE|[EXTERNAL]|Bytes:6
09:53:40.0 (4284066)|HEAP_ALLOCATE|[EXTERNAL]|Bytes:5
09:53:40.0 (4436634)|VARIABLE_SCOPE_BEGIN|[31]|UID|String|false|false
09:53:40.0 (4449612)|VARIABLE_ASSIGNMENT|[31]|UID|"JSM-123"
09:53:40.0 (4454559)|VARIABLE_SCOPE_BEGIN|[31]|firstName|String|false|false
09:53:40.0 (4461143)|VARIABLE_ASSIGNMENT|[31]|firstName|"Joe-Tester"
09:53:40.0 (4465415)|VARIABLE_SCOPE_BEGIN|[31]|lastName|String|false|false
09:53:40.0 (4471893)|VARIABLE_ASSIGNMENT|[31]|lastName|"Smith"
09:53:40.0 (4484449)|VARIABLE_SCOPE_BEGIN|[31]|DOB|Date|false|false
09:53:40.0 (4517380)|VARIABLE_ASSIGNMENT|[31]|DOB|"1990-10-31T00:00:00.000Z"
09:53:40.0 (4522760)|VARIABLE_SCOPE_BEGIN|[31]|sex|String|false|false
09:53:40.0 (4529797)|VARIABLE_ASSIGNMENT|[31]|sex|"Male"
09:53:40.0 (4534070)|VARIABLE_SCOPE_BEGIN|[31]|email|String|false|false
09:53:40.0 (4540483)|VARIABLE_ASSIGNMENT|[31]|email|"jsmith@test.com"
09:53:40.0 (4544667)|VARIABLE_SCOPE_BEGIN|[31]|homePhone|String|false|false
09:53:40.0 (4551257)|VARIABLE_ASSIGNMENT|[31]|homePhone|"111-222-3333"
09:53:40.0 (4555477)|VARIABLE_SCOPE_BEGIN|[31]|mobilePhone|String|false|false
09:53:40.0 (4561824)|VARIABLE_ASSIGNMENT|[31]|mobilePhone|"212-333-5555"
09:53:40.0 (4566079)|VARIABLE_SCOPE_BEGIN|[31]|country|String|false|false
09:53:40.0 (4572342)|VARIABLE_ASSIGNMENT|[31]|country|"United States"
09:53:40.0 (4576405)|VARIABLE_SCOPE_BEGIN|[31]|state|String|false|false
09:53:40.0 (4582502)|VARIABLE_ASSIGNMENT|[31]|state|"Maine"
09:53:40.0 (4586898)|VARIABLE_SCOPE_BEGIN|[31]|city|String|false|false
09:53:40.0 (4593159)|VARIABLE_ASSIGNMENT|[31]|city|"Kennebunk"
09:53:40.0 (4597218)|VARIABLE_SCOPE_BEGIN|[31]|streetAddress1|String|false|false
09:53:40.0 (4603374)|VARIABLE_ASSIGNMENT|[31]|streetAddress1|"1 Maine ST."
09:53:40.0 (4607459)|VARIABLE_SCOPE_BEGIN|[31]|streetAddress2|String|false|false
09:53:40.0 (4613340)|VARIABLE_ASSIGNMENT|[31]|streetAddress2|"Apt. 9"
09:53:40.0 (4617277)|VARIABLE_SCOPE_BEGIN|[31]|zip|String|false|false
09:53:40.0 (4623200)|VARIABLE_ASSIGNMENT|[31]|zip|"04043"
09:53:40.0 (4643019)|SYSTEM_MODE_ENTER|false
09:53:40.0 (4651486)|HEAP_ALLOCATE|[34]|Bytes:5
09:53:40.0 (4657565)|STATEMENT_EXECUTE|[31]
09:53:40.0 (4659039)|STATEMENT_EXECUTE|[34]
09:53:40.0 (4662170)|HEAP_ALLOCATE|[34]|Bytes:2
09:53:40.0 (4675639)|HEAP_ALLOCATE|[34]|Bytes:19
09:53:40.0 (4682978)|VARIABLE_SCOPE_BEGIN|[34]|streetAddress|String|false|false
09:53:40.0 (4694008)|VARIABLE_ASSIGNMENT|[34]|streetAddress|"1 Maine ST., Apt. 9"
09:53:40.0 (4698440)|STATEMENT_EXECUTE|[35]
09:53:40.0 (4700976)|HEAP_ALLOCATE|[35]|Bytes:4
09:53:40.0 (4706130)|VARIABLE_SCOPE_BEGIN|[35]|password|String|false|false
09:53:40.0 (4714277)|VARIABLE_ASSIGNMENT|[35]|password|"test"
09:53:40.0 (4718047)|STATEMENT_EXECUTE|[38]
09:53:40.0 (4720139)|HEAP_ALLOCATE|[38]|Bytes:69
09:53:40.0 (4735487)|HEAP_ALLOCATE|[38]|Bytes:4
09:53:40.0 (4747088)|HEAP_ALLOCATE|[38]|Bytes:7
09:53:40.0 (5003390)|SOQL_EXECUTE_BEGIN|[38]|Aggregations:0|SELECT Id FROM Account WHERE Source_Partner_UID__c = :tmpVar1 LIMIT 1
09:53:40.0 (5019349)|LIMIT_USAGE|[38]|SOQL|1|100
09:53:40.0 (5030682)|LIMIT_USAGE|[38]|AGGS|0|300
09:53:40.0 (71302563)|SOQL_EXECUTE_END|[38]|Rows:0
09:53:40.0 (71326996)|LIMIT_USAGE|[38]|SOQL_ROWS|0|50000
09:53:40.0 (71347190)|HEAP_ALLOCATE|[38]|Bytes:4
09:53:40.0 (71359946)|HEAP_ALLOCATE|[38]|Bytes:0
09:53:40.0 (71466803)|HEAP_ALLOCATE|[38]|Bytes:4
09:53:40.0 (71489424)|VARIABLE_SCOPE_BEGIN|[38]|a|List<Account>|true|false
09:53:40.0 (71518601)|VARIABLE_ASSIGNMENT|[38]|a|[]|0x678cc694
09:53:40.0 (71579279)|STATEMENT_EXECUTE|[39]
09:53:40.0 (71582425)|STATEMENT_EXECUTE|[42]
09:53:40.0 (71608605)|HEAP_ALLOCATE|[42]|Bytes:4
09:53:40.0 (71729639)|VARIABLE_SCOPE_BEGIN|[42]|account|Account|true|false
09:53:40.0 (71752595)|VARIABLE_ASSIGNMENT|[42]|account|{}|0x20435703
09:53:40.0 (71759924)|STATEMENT_EXECUTE|[43]
09:53:40.0 (71764123)|HEAP_ALLOCATE|[43]|Bytes:102
09:53:40.0 (71779701)|HEAP_ALLOCATE|[43]|Bytes:4
09:53:40.0 (72018446)|SOQL_EXECUTE_BEGIN|[43]|Aggregations:0|SELECT Id FROM RecordType WHERE (SobjectType = 'Account' AND IsPersonType = TRUE AND Name = 'Patient')
09:53:40.0 (72031094)|LIMIT_USAGE|[43]|SOQL|2|100
09:53:40.0 (72040769)|LIMIT_USAGE|[43]|AGGS|0|300
09:53:40.0 (88234577)|SOQL_EXECUTE_END|[43]|Rows:1
09:53:40.0 (88260425)|LIMIT_USAGE|[43]|SOQL_ROWS|1|50000
09:53:40.0 (88278574)|HEAP_ALLOCATE|[43]|Bytes:8
09:53:40.0 (88294449)|HEAP_ALLOCATE|[43]|Bytes:29
09:53:40.0 (88382784)|HEAP_ALLOCATE|[43]|Bytes:8
09:53:40.0 (88401005)|HEAP_ALLOCATE|[43]|Bytes:36
09:53:40.0 (88471524)|HEAP_ALLOCATE|[43]|Bytes:8
09:53:40.0 (88630082)|VARIABLE_ASSIGNMENT|[43]|this.RecordTypeId|"012E0000000NFJvIAO"|0x20435703
09:53:40.0 (88648066)|STATEMENT_EXECUTE|[44]
09:53:40.0 (88721030)|VARIABLE_ASSIGNMENT|[44]|this.Source_Partner_UID__c|"JSM-123"|0x20435703
09:53:40.0 (88730552)|STATEMENT_EXECUTE|[45]
09:53:40.0 (88779593)|VARIABLE_ASSIGNMENT|[45]|this.FirstName|"Joe-Tester"|0x20435703
09:53:40.0 (88788467)|STATEMENT_EXECUTE|[46]
09:53:40.0 (88827917)|VARIABLE_ASSIGNMENT|[46]|this.LastName|"Smith"|0x20435703
09:53:40.0 (88836595)|STATEMENT_EXECUTE|[47]
09:53:40.0 (88905943)|VARIABLE_ASSIGNMENT|[47]|this.PersonBirthdate|"1990-10-31T00:00:00.000Z"|0x20435703
09:53:40.0 (88914988)|STATEMENT_EXECUTE|[48]
09:53:40.0 (88964878)|VARIABLE_ASSIGNMENT|[48]|this.Gender__c|"Male"|0x20435703
09:53:40.0 (88973767)|STATEMENT_EXECUTE|[49]
09:53:40.0 (89044037)|VARIABLE_ASSIGNMENT|[49]|this.PersonEmail|"jsmith@test.com"|0x20435703
09:53:40.0 (89063860)|STATEMENT_EXECUTE|[50]
09:53:40.0 (89123754)|VARIABLE_ASSIGNMENT|[50]|this.PersonHomePhone|"111-222-3333"|0x20435703
09:53:40.0 (89132752)|STATEMENT_EXECUTE|[51]
09:53:40.0 (89178226)|VARIABLE_ASSIGNMENT|[51]|this.PersonMobilePhone|"212-333-5555"|0x20435703
09:53:40.0 (89186715)|STATEMENT_EXECUTE|[52]
09:53:40.0 (89256829)|VARIABLE_ASSIGNMENT|[52]|this.BillingCountry|"United States"|0x20435703
09:53:40.0 (89270950)|STATEMENT_EXECUTE|[53]
09:53:40.0 (89341518)|VARIABLE_ASSIGNMENT|[53]|this.BillingState|"Maine"|0x20435703
09:53:40.0 (89355233)|STATEMENT_EXECUTE|[54]
09:53:40.0 (89420406)|VARIABLE_ASSIGNMENT|[54]|this.BillingCity|"Kennebunk"|0x20435703
09:53:40.0 (89429869)|STATEMENT_EXECUTE|[55]
09:53:40.0 (89474167)|VARIABLE_ASSIGNMENT|[55]|this.BillingStreet|"1 Maine ST., Apt. 9"|0x20435703
09:53:40.0 (89482378)|STATEMENT_EXECUTE|[56]
09:53:40.0 (89523576)|VARIABLE_ASSIGNMENT|[56]|this.BillingPostalCode|"04043"|0x20435703
09:53:40.0 (89531781)|STATEMENT_EXECUTE|[59]
09:53:40.0 (89532968)|STATEMENT_EXECUTE|[59]
09:53:40.0 (89534092)|STATEMENT_EXECUTE|[61]
09:53:40.0 (89565846)|HEAP_ALLOCATE|[61]|Bytes:8
09:53:40.0 (89576455)|DML_BEGIN|[61]|Op:Insert|Type:Account|Rows:1
09:53:40.0 (89587841)|LIMIT_USAGE|[61]|DML|1|150
09:53:40.0 (89598063)|LIMIT_USAGE|[61]|DML_ROWS|1|10000
09:53:40.0 (89613231)|HEAP_ALLOCATE|[EXTERNAL]|Bytes:8
09:53:40.124 (124869505)|ENTERING_MANAGED_PKG|tz
09:53:40.124 (129433099)|ENTERING_MANAGED_PKG|tz
09:53:40.124 (130044596)|ENTERING_MANAGED_PKG|tz
09:53:40.124 (133212662)|ENTERING_MANAGED_PKG|tz
09:53:40.124 (133427483)|ENTERING_MANAGED_PKG|tz
09:53:40.124 (133923593)|ENTERING_MANAGED_PKG|tz
09:53:40.124 (137092684)|ENTERING_MANAGED_PKG|tz
09:53:40.124 (137329734)|ENTERING_MANAGED_PKG|tz
09:53:40.124 (138865306)|ENTERING_MANAGED_PKG|tz
09:53:40.124 (139223353)|ENTERING_MANAGED_PKG|tz
09:53:40.124 (139300994)|ENTERING_MANAGED_PKG|tz
09:53:40.124 (144132923)|ENTERING_MANAGED_PKG|tz
09:53:40.124 (144174395)|ENTERING_MANAGED_PKG|tz
09:53:40.124 (144516918)|ENTERING_MANAGED_PKG|tz
09:53:40.124 (144700175)|ENTERING_MANAGED_PKG|tz
09:53:40.124 (144984545)|ENTERING_MANAGED_PKG|tz
09:53:40.124 (146408478)|SOQL_EXECUTE_BEGIN|[333]|Aggregations:0|SELECT tz__Country__c FROM tz__lt_country_names__mdt WHERE MasterLabel = :tmpVar1
09:53:40.124 (158657640)|SOQL_EXECUTE_END|[333]|Rows:1
09:53:40.124 (159505884)|ENTERING_MANAGED_PKG|tz
09:53:40.124 (160910322)|SOQL_EXECUTE_BEGIN|[345]|Aggregations:0|SELECT tz__State__c FROM tz__lt_state_codes__mdt WHERE MasterLabel = :tmpVar1
09:53:40.124 (168732414)|SOQL_EXECUTE_END|[345]|Rows:1
09:53:40.124 (169341871)|ENTERING_MANAGED_PKG|tz
09:53:40.124 (170612054)|SOQL_EXECUTE_BEGIN|[356]|Aggregations:0|SELECT tz__Region__c, tz__Abbr__c, tz__DST_Abbr__c, tz__Offset__c, tz__DST_Offset__c, tz__Timezone_IANA__c FROM tz__lt_timezones__mdt WHERE MasterLabel = :tmpVar1
09:53:40.124 (204897653)|SOQL_EXECUTE_END|[356]|Rows:0
09:53:40.124 (205604736)|SOQL_EXECUTE_BEGIN|[379]|Aggregations:0|SELECT tz__Region__c, tz__Abbr__c, tz__DST_Abbr__c, tz__Offset__c, tz__DST_Offset__c, tz__Timezone_IANA__c FROM tz__lt_timezones__mdt WHERE MasterLabel = :tmpVar1
09:53:40.124 (221848780)|SOQL_EXECUTE_END|[379]|Rows:1
09:53:40.124 (222122749)|ENTERING_MANAGED_PKG|tz
09:53:40.124 (225234057)|SOQL_EXECUTE_BEGIN|[72]|Aggregations:0|SELECT tz__Full_Name__c FROM tz__lt_timezone_names__mdt WHERE MasterLabel = :tmpVar1
09:53:40.124 (230133445)|SOQL_EXECUTE_END|[72]|Rows:1
09:53:40.230 (230615569)|CUMULATIVE_LIMIT_USAGE
09:53:40.230 (230615569)|LIMIT_USAGE_FOR_NS|(default)|
  Number of SOQL queries: 2 out of 100
  Number of query rows: 1 out of 50000
  Number of SOSL queries: 0 out of 20
  Number of DML statements: 1 out of 150
  Number of DML rows: 1 out of 10000
  Maximum CPU time: 33 out of 10000
  Maximum heap size: 0 out of 6000000
  Number of callouts: 0 out of 100
  Number of Email Invocations: 0 out of 10
  Number of future calls: 0 out of 50
  Number of queueable jobs added to the queue: 0 out of 50
  Number of Mobile Apex push calls: 0 out of 10

09:53:40.230 (230615569)|LIMIT_USAGE_FOR_NS|tz|
  Number of SOQL queries: 0 out of 100
  Number of query rows: 4 out of 50000
  Number of SOSL queries: 0 out of 20
  Number of DML statements: 0 out of 150
  Number of DML rows: 0 out of 10000
  Maximum CPU time: 0 out of 10000
  Maximum heap size: 0 out of 6000000
  Number of callouts: 0 out of 100
  Number of Email Invocations: 0 out of 10
  Number of future calls: 0 out of 50
  Number of queueable jobs added to the queue: 0 out of 50
  Number of Mobile Apex push calls: 0 out of 10

09:53:40.230 (230615569)|CUMULATIVE_LIMIT_USAGE_END

09:53:40.0 (923429356)|CODE_UNIT_STARTED|[EXTERNAL]|Workflow:Account
09:53:40.0 (950447323)|WF_RULE_EVAL_BEGIN|Workflow
09:53:40.0 (950516834)|WF_CRITERIA_BEGIN|[Person Account: Joe-Tester Smith 001V000000VuUtl]|Set Billing Region|01Q440000001M85|ON_ALL_CHANGES|0
09:53:40.0 (951066295)|WF_FORMULA|Formula:ENCODED:[treatNullAsNull](ISNEW() && NOT(ISBLANK({!ID:BillingCountry})))
&#124;&#124;
ISCHANGED({!ID:BillingCountry})|Values:BillingCountry=United States
09:53:40.0 (951080407)|WF_CRITERIA_END|true
09:53:40.0 (952408656)|WF_CRITERIA_BEGIN|[Person Account: Joe-Tester Smith 001V000000VuUtl]|New_Patient_Case_Update_Acct_Patient_Case_Number301E0000000g3t8|01QE0000000kIlb|ON_ALL_CHANGES|0
09:53:40.0 (952465618)|WF_FORMULA|Formula:ENCODED:[treatNullAsNull]true|Values:
09:53:40.0 (952472959)|WF_CRITERIA_END|true
09:53:40.0 (952496280)|WF_CRITERIA_BEGIN|[Person Account: Joe-Tester Smith 001V000000VuUtl]|Set Phone on Patient Accounts|01QE0000000Ubik|ON_ALL_CHANGES|0
09:53:40.0 (953035963)|WF_FORMULA|Formula:ENCODED:[treatNullAsNull]ISCHANGED({!ID:00NE0000005flNw}) &#124;&#124; ISCHANGED({!ID:PersonHomePhone}) &#124;&#124; ISCHANGED({!ID:00NE0000005flO2}) &#124;&#124; ISCHANGED({!ID:PersonMobilePhone})|Values:PersonHomePhone=111-222-3333, Preferred_Contact_Method__c=null, PersonMobilePhone=212-333-5555, Work_Phone__c=null
09:53:40.0 (953054508)|WF_CRITERIA_END|false
09:53:40.0 (953072927)|WF_CRITERIA_BEGIN|[Person Account: Joe-Tester Smith 001V000000VuUtl]|Notify - New Member Portal Account|01QV00000001JfJ|ON_CREATE_ONLY|0
09:53:40.0 (954155161)|WF_FORMULA|Formula:ENCODED:[treatNullAsNull]{!ID:CreatedBy.Profile} = "00eE0000000afh0"
&#124;&#124;
{!ID:CreatedBy.Profile} = "00eE0000000afgq"|Values:CreatedBy.ProfileId=00eE0000000zEde
09:53:40.0 (954167435)|WF_CRITERIA_END|false
09:53:40.0 (954185385)|WF_CRITERIA_BEGIN|[Person Account: Joe-Tester Smith 001V000000VuUtl]|Patient_Name_Changed301E0000000LL3k|01QE0000000Ubkb|ON_RECURSIVE_UPDATE|0
09:53:40.0 (954229471)|WF_FORMULA|Formula:ENCODED:[treatNullAsNull]true|Values:
09:53:40.0 (954237075)|WF_CRITERIA_END|true
09:53:40.0 (954259143)|WF_CRITERIA_BEGIN|[Person Account: Joe-Tester Smith 001V000000VuUtl]|Patient_Region_Update_Case30144000000U2Wf|01Q440000001M8A|ON_ALL_CHANGES|0
09:53:40.0 (954296982)|WF_FORMULA|Formula:ENCODED:[treatNullAsNull]true|Values:
09:53:40.0 (954304131)|WF_CRITERIA_END|true
09:53:40.0 (954326569)|WF_CRITERIA_BEGIN|[Person Account: Joe-Tester Smith 001V000000VuUtl]|New_Patient_Account_Create_MRN_Number301E0000000LLLI|01QE0000000kKA8|ON_CREATE_ONLY|0
09:53:40.0 (954368998)|WF_FORMULA|Formula:ENCODED:[treatNullAsNull]true|Values:
09:53:40.0 (954376049)|WF_CRITERIA_END|true
09:53:40.0 (954395792)|WF_CRITERIA_BEGIN|[Person Account: Joe-Tester Smith 001V000000VuUtl]|Step_1_Create_Patient_Registration_Record301V0000000641t|01QV00000001NNJ|ON_CREATE_ONLY|0
09:53:40.0 (954431555)|WF_FORMULA|Formula:ENCODED:[treatNullAsNull]true|Values:
09:53:40.0 (954438177)|WF_CRITERIA_END|true
09:53:40.0 (954456523)|WF_SPOOL_ACTION_BEGIN|Workflow
09:53:40.0 (959118502)|WF_FIELD_UPDATE|[Person Account: Joe-Tester Smith 001V000000VuUtl]|Field:Person Account: Billing Region|Value:North America|Id=04Y44000000DmyD|CurrentRule:Set Billing Region (Id=01Q440000001M85)
09:53:40.0 (959167164)|WF_ACTION| Field Update: 1; Flow Trigger: 5;
09:53:40.0 (959172504)|WF_RULE_EVAL_END
09:53:40.962 (962577960)|ENTERING_MANAGED_PKG|tz
09:53:40.962 (962778137)|ENTERING_MANAGED_PKG|tz
09:53:40.962 (963956663)|ENTERING_MANAGED_PKG|tz
09:53:40.962 (964141233)|ENTERING_MANAGED_PKG|tz
09:53:40.962 (964581188)|ENTERING_MANAGED_PKG|tz
09:53:40.962 (965758716)|ENTERING_MANAGED_PKG|tz
09:53:40.962 (965936434)|ENTERING_MANAGED_PKG|tz
09:53:40.962 (966913551)|ENTERING_MANAGED_PKG|tz
09:53:40.962 (967078060)|ENTERING_MANAGED_PKG|tz
09:53:40.962 (967139897)|ENTERING_MANAGED_PKG|tz
09:53:40.962 (967856983)|ENTERING_MANAGED_PKG|tz
09:53:40.962 (968076594)|ENTERING_MANAGED_PKG|tz
09:53:40.962 (968111886)|ENTERING_MANAGED_PKG|tz
09:53:40.962 (968266913)|ENTERING_MANAGED_PKG|tz
09:53:40.962 (968678382)|SOQL_EXECUTE_BEGIN|[333]|Aggregations:0|SELECT tz__Country__c FROM tz__lt_country_names__mdt WHERE MasterLabel = :tmpVar1
09:53:40.962 (976195031)|SOQL_EXECUTE_END|[333]|Rows:1
09:53:40.962 (976718449)|ENTERING_MANAGED_PKG|tz
09:53:40.962 (977099230)|SOQL_EXECUTE_BEGIN|[345]|Aggregations:0|SELECT tz__State__c FROM tz__lt_state_codes__mdt WHERE MasterLabel = :tmpVar1
09:53:40.962 (980786404)|SOQL_EXECUTE_END|[345]|Rows:1
09:53:40.962 (981410513)|ENTERING_MANAGED_PKG|tz
09:53:40.962 (982088881)|SOQL_EXECUTE_BEGIN|[356]|Aggregations:0|SELECT tz__Region__c, tz__Abbr__c, tz__DST_Abbr__c, tz__Offset__c, tz__DST_Offset__c, tz__Timezone_IANA__c FROM tz__lt_timezones__mdt WHERE MasterLabel = :tmpVar1
09:53:40.962 (998878052)|SOQL_EXECUTE_END|[356]|Rows:0
09:53:40.962 (999639432)|SOQL_EXECUTE_BEGIN|[379]|Aggregations:0|SELECT tz__Region__c, tz__Abbr__c, tz__DST_Abbr__c, tz__Offset__c, tz__DST_Offset__c, tz__Timezone_IANA__c FROM tz__lt_timezones__mdt WHERE MasterLabel = :tmpVar1
09:53:40.962 (1018567539)|SOQL_EXECUTE_END|[379]|Rows:1
09:53:40.962 (1018795098)|ENTERING_MANAGED_PKG|tz
09:53:40.962 (1020683641)|SOQL_EXECUTE_BEGIN|[72]|Aggregations:0|SELECT tz__Full_Name__c FROM tz__lt_timezone_names__mdt WHERE MasterLabel = :tmpVar1
09:53:40.962 (1024420522)|SOQL_EXECUTE_END|[72]|Rows:1
09:53:41.24 (1024807989)|CUMULATIVE_LIMIT_USAGE
09:53:41.24 (1024807989)|LIMIT_USAGE_FOR_NS|(default)|
  Number of SOQL queries: 2 out of 100
  Number of query rows: 1 out of 50000
  Number of SOSL queries: 0 out of 20
  Number of DML statements: 1 out of 150
  Number of DML rows: 1 out of 10000
  Maximum CPU time: 109 out of 10000
  Maximum heap size: 0 out of 6000000
  Number of callouts: 0 out of 100
  Number of Email Invocations: 0 out of 10
  Number of future calls: 0 out of 50
  Number of queueable jobs added to the queue: 0 out of 50
  Number of Mobile Apex push calls: 0 out of 10

09:53:41.24 (1024807989)|LIMIT_USAGE_FOR_NS|tz|
  Number of SOQL queries: 0 out of 100
  Number of query rows: 8 out of 50000
  Number of SOSL queries: 0 out of 20
  Number of DML statements: 0 out of 150
  Number of DML rows: 0 out of 10000
  Maximum CPU time: 0 out of 10000
  Maximum heap size: 0 out of 6000000
  Number of callouts: 0 out of 100
  Number of Email Invocations: 0 out of 10
  Number of future calls: 0 out of 50
  Number of queueable jobs added to the queue: 0 out of 50
  Number of Mobile Apex push calls: 0 out of 10

09:53:41.24 (1024807989)|CUMULATIVE_LIMIT_USAGE_END

09:53:41.79 (1079214149)|WF_FLOW_ACTION_BEGIN|09LV0000000Cw9e
09:53:41.79 (1079370746)|FLOW_CREATE_INTERVIEW_BEGIN|00DV000000892HU|300V00000004RMN|301V0000000641t
09:53:41.79 (1081763890)|FLOW_CREATE_INTERVIEW_END|207276469d7052bafbed67028b2815fc54a166-7737|Step 1 : Create Patient Registration Record
09:53:41.82 (1082314049)|FLOW_START_INTERVIEWS_BEGIN|1
09:53:41.82 (1082341827)|FLOW_START_INTERVIEW_BEGIN|207276469d7052bafbed67028b2815fc54a166-7737|Step 1 : Create Patient Registration Record
09:53:41.82 (1123961786)|FLOW_START_INTERVIEW_END|207276469d7052bafbed67028b2815fc54a166-7737|Step 1 : Create Patient Registration Record
09:53:41.82 (1137333356)|LIMIT_USAGE|[EXTERNAL]|FIELDSETS_DESCRIBES|1|100
09:53:41.82 (1137368429)|LIMIT_USAGE|[EXTERNAL]|FIELDSETS_DESCRIBES|2|100
09:53:41.82 (1137432159)|LIMIT_USAGE|[EXTERNAL]|DML|2|150
09:53:41.82 (1137442999)|LIMIT_USAGE|[EXTERNAL]|DML_ROWS|2|10000
09:53:41.82 (1202790905)|FLOW_START_INTERVIEWS_END|1
09:53:41.79 (1204379655)|WF_FLOW_ACTION_END|09LV0000000Cw9e
09:53:41.79 (1204413682)|WF_FLOW_ACTION_BEGIN|09L44000000GtJE
09:53:41.204 (1204564912)|FLOW_CREATE_INTERVIEW_BEGIN|00DV000000892HU|300E0000000g0Q9|30144000000U2Wf
09:53:41.204 (1207350649)|FLOW_CREATE_INTERVIEW_END|207376469d7052bafbed67028b2815fc54a166-7736|Patient Billing Region Updated - Update Case
09:53:41.207 (1207879555)|FLOW_START_INTERVIEWS_BEGIN|1
09:53:41.207 (1207921484)|FLOW_START_INTERVIEW_BEGIN|207376469d7052bafbed67028b2815fc54a166-7736|Patient Billing Region Updated - Update Case
09:53:41.207 (1215530362)|FLOW_START_INTERVIEW_END|207376469d7052bafbed67028b2815fc54a166-7736|Patient Billing Region Updated - Update Case
09:53:41.207 (1215548103)|FLOW_START_INTERVIEWS_END|1
09:53:41.79 (1216564433)|WF_FLOW_ACTION_END|09L44000000GtJE
09:53:41.79 (1216583082)|WF_FLOW_ACTION_BEGIN|09LE0000000fyq4
09:53:41.216 (1216667567)|FLOW_CREATE_INTERVIEW_BEGIN|00DV000000892HU|300E0000000g0pE|301E0000000g3t8
09:53:41.216 (1218814850)|FLOW_CREATE_INTERVIEW_END|207476469d7052bafbed67028b2815fc54a166-7735|New Acq Site Case - Update Account "Current Patient Case Number"
09:53:41.219 (1219175181)|FLOW_START_INTERVIEWS_BEGIN|1
09:53:41.219 (1219197039)|FLOW_START_INTERVIEW_BEGIN|207476469d7052bafbed67028b2815fc54a166-7735|New Acq Site Case - Update Account "Current Patient Case Number"
09:53:41.219 (1228793261)|FLOW_START_INTERVIEW_END|207476469d7052bafbed67028b2815fc54a166-7735|New Acq Site Case - Update Account "Current Patient Case Number"
09:53:41.219 (1228819433)|FLOW_START_INTERVIEWS_END|1
09:53:41.79 (1229627324)|WF_FLOW_ACTION_END|09LE0000000fyq4
09:53:41.79 (1229651670)|WF_FLOW_ACTION_BEGIN|09LE000000001TC
09:53:41.229 (1229761371)|FLOW_CREATE_INTERVIEW_BEGIN|00DV000000892HU|300E0000000LVQ2|301E0000000LL3k
09:53:41.229 (1232439129)|FLOW_CREATE_INTERVIEW_END|207576469d7052bafbed67028b2815fc54a166-7734|Patient Name Changed
09:53:41.232 (1232963641)|FLOW_START_INTERVIEWS_BEGIN|1
09:53:41.232 (1232999114)|FLOW_START_INTERVIEW_BEGIN|207576469d7052bafbed67028b2815fc54a166-7734|Patient Name Changed
09:53:41.232 (1239661253)|FLOW_START_INTERVIEW_END|207576469d7052bafbed67028b2815fc54a166-7734|Patient Name Changed
09:53:41.232 (1239678554)|FLOW_START_INTERVIEWS_END|1
09:53:41.79 (1240503856)|WF_FLOW_ACTION_END|09LE000000001TC
09:53:41.79 (1240524244)|WF_FLOW_ACTION_BEGIN|09LE0000000fzLC
09:53:41.240 (1240616986)|FLOW_CREATE_INTERVIEW_BEGIN|00DV000000892HU|300E0000000LVTs|301E0000000LLLI
09:53:41.240 (1242357799)|FLOW_CREATE_INTERVIEW_END|207676469d7052bafbed67028b2815fc54a166-7733|New Patient - Create MRN Number
09:53:41.242 (1242695627)|FLOW_START_INTERVIEWS_BEGIN|1
09:53:41.242 (1242718083)|FLOW_START_INTERVIEW_BEGIN|207676469d7052bafbed67028b2815fc54a166-7733|New Patient - Create MRN Number
09:53:41.242 (1249306310)|FLOW_START_INTERVIEW_END|207676469d7052bafbed67028b2815fc54a166-7733|New Patient - Create MRN Number
09:53:41.242 (1254864927)|LIMIT_USAGE|[EXTERNAL]|FIELDSETS_DESCRIBES|3|100
09:53:41.242 (1254894665)|LIMIT_USAGE|[EXTERNAL]|FIELDSETS_DESCRIBES|4|100
09:53:41.242 (1254953027)|LIMIT_USAGE|[EXTERNAL]|DML|3|150
09:53:41.242 (1254964196)|LIMIT_USAGE|[EXTERNAL]|DML_ROWS|3|10000
09:53:41.276 (1276753896)|CODE_UNIT_STARTED|[EXTERNAL]|Workflow:01IE0000000uWmw
09:53:41.276 (1285626551)|WF_RULE_EVAL_BEGIN|Workflow
09:53:41.276 (1285672469)|WF_CRITERIA_BEGIN|[MRN Number: MRN-6385 a0PV0000003CEOK]|New_MRN_Number_Update_Patient301E0000000LLLH|01QE0000000kKA3|ON_RECURSIVE_UPDATE|0
09:53:41.276 (1285846823)|WF_FORMULA|Formula:ENCODED:[treatNullAsNull]true|Values:
09:53:41.276 (1285857200)|WF_CRITERIA_END|true
09:53:41.276 (1286513935)|WF_SPOOL_ACTION_BEGIN|Workflow
09:53:41.276 (1286558115)|WF_ACTION| Flow Trigger: 1;
09:53:41.276 (1286567839)|WF_RULE_EVAL_END
09:53:41.276 (1286611915)|WF_FLOW_ACTION_BEGIN|09LE0000000fzL7
09:53:41.286 (1286713764)|FLOW_CREATE_INTERVIEW_BEGIN|00DV000000892HU|300E0000000LVTr|301E0000000LLLH
09:53:41.286 (1289280630)|FLOW_CREATE_INTERVIEW_END|207776469d7052bafbed67028b2815fc54a166-7732|New MRN Number - Update Patient
09:53:41.289 (1289776839)|FLOW_START_INTERVIEWS_BEGIN|1
09:53:41.289 (1289803665)|FLOW_START_INTERVIEW_BEGIN|207776469d7052bafbed67028b2815fc54a166-7732|New MRN Number - Update Patient
09:53:41.289 (1291134373)|FLOW_START_INTERVIEW_END|207776469d7052bafbed67028b2815fc54a166-7732|New MRN Number - Update Patient
09:53:41.289 (1402044172)|LIMIT_USAGE|[EXTERNAL]|FIELDSETS_DESCRIBES|5|100
09:53:41.289 (1402137602)|LIMIT_USAGE|[EXTERNAL]|FIELDSETS_DESCRIBES|6|100
09:53:41.289 (1408979016)|LIMIT_USAGE|[EXTERNAL]|SOQL_ROWS|2|50000
09:53:41.289 (1409020561)|LIMIT_USAGE|[EXTERNAL]|SOQL|3|100
09:53:41.289 (1409029737)|LIMIT_USAGE|[EXTERNAL]|AGGS|1|300
09:53:41.289 (1409115220)|LIMIT_USAGE|[EXTERNAL]|DML|4|150
09:53:41.289 (1409133390)|LIMIT_USAGE|[EXTERNAL]|DML_ROWS|4|10000
09:53:41.425 (1425853082)|ENTERING_MANAGED_PKG|tz
09:53:41.425 (1426091436)|ENTERING_MANAGED_PKG|tz
09:53:41.425 (1427498245)|ENTERING_MANAGED_PKG|tz
09:53:41.425 (1427768366)|ENTERING_MANAGED_PKG|tz
09:53:41.425 (1428247240)|ENTERING_MANAGED_PKG|tz
09:53:41.425 (1429503242)|ENTERING_MANAGED_PKG|tz
09:53:41.425 (1429721412)|ENTERING_MANAGED_PKG|tz
09:53:41.425 (1430683268)|ENTERING_MANAGED_PKG|tz
09:53:41.425 (1430889171)|ENTERING_MANAGED_PKG|tz
09:53:41.425 (1430982068)|ENTERING_MANAGED_PKG|tz
09:53:41.425 (1431821200)|ENTERING_MANAGED_PKG|tz
09:53:41.425 (1432101673)|ENTERING_MANAGED_PKG|tz
09:53:41.425 (1432158415)|ENTERING_MANAGED_PKG|tz
09:53:41.425 (1432384563)|ENTERING_MANAGED_PKG|tz
09:53:41.425 (1432823451)|SOQL_EXECUTE_BEGIN|[333]|Aggregations:0|SELECT tz__Country__c FROM tz__lt_country_names__mdt WHERE MasterLabel = :tmpVar1
09:53:41.425 (1441393124)|SOQL_EXECUTE_END|[333]|Rows:1
09:53:41.425 (1442230073)|ENTERING_MANAGED_PKG|tz
09:53:41.425 (1442712993)|SOQL_EXECUTE_BEGIN|[345]|Aggregations:0|SELECT tz__State__c FROM tz__lt_state_codes__mdt WHERE MasterLabel = :tmpVar1
09:53:41.425 (1447401502)|SOQL_EXECUTE_END|[345]|Rows:1
09:53:41.425 (1447888103)|ENTERING_MANAGED_PKG|tz
09:53:41.425 (1448485994)|SOQL_EXECUTE_BEGIN|[356]|Aggregations:0|SELECT tz__Region__c, tz__Abbr__c, tz__DST_Abbr__c, tz__Offset__c, tz__DST_Offset__c, tz__Timezone_IANA__c FROM tz__lt_timezones__mdt WHERE MasterLabel = :tmpVar1
09:53:41.425 (1468344057)|SOQL_EXECUTE_END|[356]|Rows:0
09:53:41.425 (1469251090)|SOQL_EXECUTE_BEGIN|[379]|Aggregations:0|SELECT tz__Region__c, tz__Abbr__c, tz__DST_Abbr__c, tz__Offset__c, tz__DST_Offset__c, tz__Timezone_IANA__c FROM tz__lt_timezones__mdt WHERE MasterLabel = :tmpVar1
09:53:41.425 (1484972112)|SOQL_EXECUTE_END|[379]|Rows:1
09:53:41.425 (1485152275)|ENTERING_MANAGED_PKG|tz
09:53:41.425 (1486699720)|SOQL_EXECUTE_BEGIN|[72]|Aggregations:0|SELECT tz__Full_Name__c FROM tz__lt_timezone_names__mdt WHERE MasterLabel = :tmpVar1
09:53:41.425 (1492128925)|SOQL_EXECUTE_END|[72]|Rows:1
09:53:41.492 (1492383571)|CUMULATIVE_LIMIT_USAGE
09:53:41.492 (1492383571)|LIMIT_USAGE_FOR_NS|(default)|
  Number of SOQL queries: 3 out of 100
  Number of query rows: 2 out of 50000
  Number of SOSL queries: 0 out of 20
  Number of DML statements: 4 out of 150
  Number of DML rows: 4 out of 10000
  Maximum CPU time: 314 out of 10000
  Maximum heap size: 0 out of 6000000
  Number of callouts: 0 out of 100
  Number of Email Invocations: 0 out of 10
  Number of future calls: 0 out of 50
  Number of queueable jobs added to the queue: 0 out of 50
  Number of Mobile Apex push calls: 0 out of 10

09:53:41.492 (1492383571)|LIMIT_USAGE_FOR_NS|tz|
  Number of SOQL queries: 0 out of 100
  Number of query rows: 12 out of 50000
  Number of SOSL queries: 0 out of 20
  Number of DML statements: 0 out of 150
  Number of DML rows: 0 out of 10000
  Maximum CPU time: 0 out of 10000
  Maximum heap size: 0 out of 6000000
  Number of callouts: 0 out of 100
  Number of Email Invocations: 0 out of 10
  Number of future calls: 0 out of 50
  Number of queueable jobs added to the queue: 0 out of 50
  Number of Mobile Apex push calls: 0 out of 10

09:53:41.492 (1492383571)|CUMULATIVE_LIMIT_USAGE_END

09:53:41.276 (1543574075)|WF_FLOW_ACTION_END|09LE0000000fzL7
09:53:41.276 (1543687586)|WF_ACTIONS_END| Flow Trigger: 1;
09:53:41.276 (1543699624)|CODE_UNIT_FINISHED|Workflow:01IE0000000uWmw
09:53:41.242 (1544561956)|FLOW_START_INTERVIEWS_END|1
09:53:41.79 (1545481021)|WF_FLOW_ACTION_END|09LE0000000fzLC
09:53:41.79 (1545525525)|WF_RULE_EVAL_BEGIN|Workflow
09:53:41.79 (1545568480)|WF_CRITERIA_BEGIN|[Person Account: Joe-Tester Smith 001V000000VuUtl]|Set Phone on Patient Accounts|01QE0000000Ubik|ON_ALL_CHANGES|1
09:53:41.79 (1545794877)|WF_FORMULA|Formula:ENCODED:[treatNullAsNull]ISCHANGED({!ID:00NE0000005flNw}) &#124;&#124; ISCHANGED({!ID:PersonHomePhone}) &#124;&#124; ISCHANGED({!ID:00NE0000005flO2}) &#124;&#124; ISCHANGED({!ID:PersonMobilePhone})|Values:PersonHomePhone=111-222-3333, Preferred_Contact_Method__c=null, PersonMobilePhone=212-333-5555, Work_Phone__c=null
09:53:41.79 (1545809799)|WF_CRITERIA_END|false
09:53:41.79 (1545827624)|WF_CRITERIA_BEGIN|[Person Account: Joe-Tester Smith 001V000000VuUtl]|Notify - New Member Portal Account|01QV00000001JfJ|ON_CREATE_ONLY|1
09:53:41.79 (1545942096)|WF_FORMULA|Formula:ENCODED:[treatNullAsNull]{!ID:CreatedBy.Profile} = "00eE0000000afh0"
&#124;&#124;
{!ID:CreatedBy.Profile} = "00eE0000000afgq"|Values:CreatedBy.ProfileId=00eE0000000zEde
09:53:41.79 (1545952045)|WF_CRITERIA_END|false
09:53:41.79 (1545967788)|WF_CRITERIA_BEGIN|[Person Account: Joe-Tester Smith 001V000000VuUtl]|Patient_Name_Changed301E0000000LL3k|01QE0000000Ubkb|ON_RECURSIVE_UPDATE|1
09:53:41.79 (1545978264)|WF_CRITERIA_END|true
09:53:41.79 (1545997717)|WF_SPOOL_ACTION_BEGIN|Workflow
09:53:41.79 (1546018139)|WF_ACTION| Flow Trigger: 1;
09:53:41.79 (1546023743)|WF_RULE_EVAL_END
09:53:41.79 (1546054896)|WF_FLOW_ACTION_BEGIN|09LE000000001TC
09:53:41.546 (1546138434)|FLOW_CREATE_INTERVIEW_BEGIN|00DV000000892HU|300E0000000LVQ2|301E0000000LL3k
09:53:41.546 (1546213979)|FLOW_CREATE_INTERVIEW_END|207876469d7052bafbed67028b2815fc54a166-7731|Patient Name Changed
09:53:41.546 (1546607027)|FLOW_START_INTERVIEWS_BEGIN|1
09:53:41.546 (1546631135)|FLOW_START_INTERVIEW_BEGIN|207876469d7052bafbed67028b2815fc54a166-7731|Patient Name Changed
09:53:41.546 (1552710991)|FLOW_START_INTERVIEW_END|207876469d7052bafbed67028b2815fc54a166-7731|Patient Name Changed
09:53:41.546 (1552724717)|FLOW_START_INTERVIEWS_END|1
09:53:41.79 (1553357775)|WF_FLOW_ACTION_END|09LE000000001TC
09:53:41.79 (1553451263)|WF_ACTIONS_END| Field Update: 1; Flow Trigger: 6;
09:53:41.79 (1553460799)|CODE_UNIT_FINISHED|Workflow:Account
09:53:41.79 (1553997985)|DML_END|[61]
09:53:41.79 (1554023203)|STATEMENT_EXECUTE|[62]
09:53:41.79 (1554033906)|HEAP_ALLOCATE|[62]|Bytes:32
09:53:41.79 (1554186987)|HEAP_ALLOCATE|[62]|Bytes:18
09:53:41.79 (1554216055)|HEAP_ALLOCATE|[62]|Bytes:50
09:53:41.79 (1554229288)|SYSTEM_MODE_EXIT|false
09:53:41.710 (1710480590)|CUMULATIVE_LIMIT_USAGE
09:53:41.710 (1710480590)|LIMIT_USAGE_FOR_NS|(default)|
  Number of SOQL queries: 3 out of 100
  Number of query rows: 2 out of 50000
  Number of SOSL queries: 0 out of 20
  Number of DML statements: 4 out of 150
  Number of DML rows: 4 out of 10000
  Maximum CPU time: 314 out of 10000
  Maximum heap size: 0 out of 6000000
  Number of callouts: 0 out of 100
  Number of Email Invocations: 0 out of 10
  Number of future calls: 0 out of 50
  Number of queueable jobs added to the queue: 0 out of 50
  Number of Mobile Apex push calls: 0 out of 10

09:53:41.710 (1710480590)|LIMIT_USAGE_FOR_NS|tz|
  Number of SOQL queries: 0 out of 100
  Number of query rows: 12 out of 50000
  Number of SOSL queries: 0 out of 20
  Number of DML statements: 0 out of 150
  Number of DML rows: 0 out of 10000
  Maximum CPU time: 0 out of 10000
  Maximum heap size: 0 out of 6000000
  Number of callouts: 0 out of 100
  Number of Email Invocations: 0 out of 10
  Number of future calls: 0 out of 50
  Number of queueable jobs added to the queue: 0 out of 50
  Number of Mobile Apex push calls: 0 out of 10

09:53:41.710 (1710480590)|TOTAL_EMAIL_RECIPIENTS_QUEUED|0
09:53:41.710 (1710480590)|STATIC_VARIABLE_LIST|
  String:_sfdcAdditionalCodeLocations:0
  String:_static_REGION_EUROPE:0
  String:_static_REGION_NA:0
  String:_static_LT_CONTACT:0
  long:serialVersionUID:0
  Boolean:_static_AccountBeforeUpdateProcessing:0
  String:_sfdcAdditionalCodeLocations:0
  double:MAX_VALUE:0
  long:serialVersionUID:0
  int:SIZE:0
  String:_sfdcAdditionalCodeLocations:0
  int:MAX_VALUE:0
  String:_sfdcAdditionalCodeLocations:0
  String:_static_LT_CASE:0
  int:MIN_VALUE:0
  char[]:DigitOnes:0
  String:_static_LT_OPPORTUNITY:0
  String:_static_LEAD_FILTER:0
  int:MIN_EXPONENT:0
  String:_static_REGION_ASIA:0
  int:MAX_EXPONENT:0
  String:_static_ACCOUNT_FILTER:0
  String:_static_LT_ACTIVITY:0
  int:BYTES:0
  char[]:DigitTens:0
  long:serialVersionUID:0
  String:_static_LT_LEAD:0
  String:_sfdcAdditionalCodeLocations:0
  Boolean:FALSE:0
  String:_sfdcAdditionalCodeLocations:0
  String:_static_ss_email:0
  String:__sfdcInnerTypes:0
  Boolean:_static_LocalTimeBatchProcessing:0
  double:MIN_VALUE:0
  String:_sfdcAdditionalCodeLocations:0
  double:NEGATIVE_INFINITY:0
  String:_static_NOT_AVAILABLE:0
  String:_static_REGION_ISRAEL:0
  char[]:digits:0
  String:_static_LT_TASK:0
  String:_static_LT_DATA_WS:0
  double:NaN:0
  Boolean:TRUE:0
  String:_static_REGION_AFRICA:0
  String:_static_REGION_NZ:0
  String:_static_LT_ACCOUNT:0
  String:_static_REGION_SA:0
  Boolean:_static_LeadBeforeUpdateProcessing:0
  String:__sfdcProperties:0
  int:BYTES:0
  Boolean:_static_CaseAfterUpdateProcessing:0
  String:_sfdcAdditionalCodeLocations:0
  String:_sfdcAdditionalCodeLocations:0
  int[]:sizeTable:0
  String:__sfdcProperties:0
  String:__sfdcProperties:0
  String:_static_REGION_OCEANIA:0
  int:SIZE:0
  double:POSITIVE_INFINITY:0
  String:_sfdcAdditionalCodeLocations:0
  String:_static_CONTACT_FILTER:0
  double:MIN_NORMAL:0
  String:_static_LT_DST_WS:0
  String:_static_LT_PERSON_ACCOUNT:0
  Boolean:_static_ContactBeforeUpdateProcessing:0

09:53:41.710 (1710480590)|CUMULATIVE_LIMIT_USAGE_END

09:53:41.79 (1710689911)|CODE_UNIT_FINISHED|portalAccount.CreateNewAccount
09:53:41.79 (1712107405)|EXECUTION_FINISHED
09:53:41.725 (1725702205)|CUMULATIVE_PROFILING_BEGIN
09:53:41.725 (1725702205)|CUMULATIVE_PROFILING|SOQL operations|
(tz): [SELECT tz__Region__c, tz__Abbr__c, tz__DST_Abbr__c, tz__Offset__c, tz__DST_Offset__c, tz__Timezone_IANA__c
                            FROM tz__lt_timezones__mdt WHERE MasterLabel = :sPostalCode]: executed 3 times in 74 ms
Class.portalAccount.CreateNewAccount: line 38, column 1: [SELECT Id FROM Account WHERE Source_Partner_UID__c = :UID LIMIT 1]: executed 1 time in 67 ms
(tz): [SELECT tz__Region__c, tz__Abbr__c, tz__DST_Abbr__c, tz__Offset__c, tz__DST_Offset__c, tz__Timezone_IANA__c
                        FROM tz__lt_timezones__mdt WHERE MasterLabel = :sKey]: executed 3 times in 53 ms
(tz): [SELECT tz__Country__c FROM tz__lt_country_names__mdt WHERE MasterLabel = :countryCode]: executed 3 times in 30 ms
(tz): [SELECT tz__State__c FROM tz__lt_state_codes__mdt WHERE MasterLabel = :sState]: executed 3 times in 18 ms
Class.portalAccount.CreateNewAccount: line 43, column 1: [SELECT Id FROM RecordType WHERE SobjectType='Account' AND IsPersonType=True AND Name='Patient']: executed 1 time in 17 ms
(tz): [SELECT tz__Full_Name__c FROM tz__lt_timezone_names__mdt WHERE MasterLabel = :sName]: executed 3 times in 16 ms

09:53:41.725 (1725702205)|CUMULATIVE_PROFILING|No profiling information for SOSL operations
09:53:41.725 (1725702205)|CUMULATIVE_PROFILING|DML operations|
Class.portalAccount.CreateNewAccount: line 61, column 1: Insert: Account: executed 1 time in 1465 ms

09:53:41.725 (1725702205)|CUMULATIVE_PROFILING|method invocations|
External entry point: global static String CreateNewAccount(String, String, String, Date, String, String, String, String, String, String, String, String, String, String): executed 1 time in 1551 ms
Class.portalAccount.CreateNewAccount: line 39, column 1: global public Boolean isEmpty(): executed 1 time in 0 ms
Class.portalAccount.CreateNewAccount: line 62, column 1: public static String valueOf(Object): executed 1 time in 0 ms

09:53:41.725 (1725702205)|CUMULATIVE_PROFILING_END
