40.0 APEX_CODE,FINEST;APEX_PROFILING,FINEST;CALLOUT,INFO;DB,INFO;SYSTEM,DEBUG;VALIDATION,INFO;VISUALFORCE,INFO;WAVE,INFO;WORKFLOW,INFO
09:59:10.0 (342944)|USER_INFO|[EXTERNAL]|005E0000004yLLO|worldcare@sadhanaconsulting.com.devfull|Eastern Standard Time|GMT-05:00
09:59:10.0 (381946)|EXECUTION_STARTED
09:59:10.0 (386769)|CODE_UNIT_STARTED|[EXTERNAL]|TRIGGERS
09:59:10.0 (1330030)|CODE_UNIT_STARTED|[EXTERNAL]|01qV0000000DErk|LocalTimeUserTrigger on User trigger event BeforeUpdate for [005E0000004yLLO]
09:59:10.0 (1388029)|HEAP_ALLOCATE|[EXTERNAL]|Bytes:8
09:59:10.0 (1425244)|HEAP_ALLOCATE|[EXTERNAL]|Bytes:8
09:59:10.0 (1763643)|HEAP_ALLOCATE|[72]|Bytes:3
09:59:10.0 (1810220)|HEAP_ALLOCATE|[77]|Bytes:152
09:59:10.0 (1830503)|HEAP_ALLOCATE|[342]|Bytes:408
09:59:10.0 (1851692)|HEAP_ALLOCATE|[355]|Bytes:408
09:59:10.0 (1871847)|HEAP_ALLOCATE|[467]|Bytes:48
09:59:10.0 (1902135)|HEAP_ALLOCATE|[139]|Bytes:6
09:59:10.0 (1933936)|HEAP_ALLOCATE|[EXTERNAL]|Bytes:4
09:59:10.0 (1944318)|VARIABLE_SCOPE_BEGIN|[5]|this|LocalTimeUserTrigger|true|false
09:59:10.0 (1989512)|VARIABLE_ASSIGNMENT|[5]|this|{}|0x7768a67d
09:59:10.0 (2019973)|HEAP_ALLOCATE|[EXTERNAL]|Bytes:4
09:59:10.0 (2029257)|VARIABLE_SCOPE_BEGIN|[5]|this|LocalTimeUserTrigger|true|false
09:59:10.0 (2043615)|VARIABLE_ASSIGNMENT|[5]|this|{}|0x7768a67d
09:59:10.0 (2052934)|STATEMENT_EXECUTE|[5]
09:59:10.0 (2089543)|HEAP_ALLOCATE|[50]|Bytes:5
09:59:10.0 (2117060)|HEAP_ALLOCATE|[56]|Bytes:5
09:59:10.0 (2135075)|HEAP_ALLOCATE|[64]|Bytes:7
09:59:10.0 (2492118)|HEAP_ALLOCATE|[7]|Bytes:5
09:59:10.0 (2520779)|HEAP_ALLOCATE|[7]|Bytes:4
09:59:10.0 (2535744)|VARIABLE_SCOPE_BEGIN|[7]|u|User|true|false
09:59:10.0 (34493316)|VARIABLE_ASSIGNMENT|[7]|u|{"ProfileId":"00eE0000000zEdeIAE","LastModifiedDate":"2017-11-10T14:59:07.000Z","ReceivesAdminInfoEma (3 more) ...":false,"Email":"depot@sadhanaconsult (7 more) ...","TimeZoneSidKey":"America/New_York","LanguageLocaleKey":"fr","UserRoleId":"00EE0000000hj7TMAQ","License_Type__c":"Salesforce","IsActive":true,"Nurse__c":false,"LastLoginDate":"2017-11-10T14:41:55.000Z","PostalCode":"03820","ForecastEnabled":false,"IsExtIndicatorVisibl (1 more) ...":false,"DigestFrequency":"D","UTC_Offset__c":-4.00,"IsProfilePhotoActive":false,"Default_Patient_Coun (6 more) ...":"US","CompanyName":"Sadhana Consulting L (2 more) ...","CommunityNickname":"prozek","CreatedById":"005E0000002k2ScIAI","Street":"1 S Pine Street","Acquisition_Site__c":"001E000001HBa8R","Server_URL__c":"https://cs12.salesfo (17 more) ...","LastPasswordChangeDa (2 more) ...":"2017-10-10T13:48:13.000Z","LocaleSidKey":"en_US","FirstName":"Elissa","Name_Formula__c":"Elissa Sadhana Team  (5 more) ...","Title":"Consultant","City":"Dover","EmailEncodingKey":"ISO-8859-1","ReceivesInfoEmails":false,"SystemModstamp":"2017-11-10T14:59:07.000Z","User_18_Digit_ID__c":"005E0000004yLLOIA2","IsPortalEnabled":false,"Username":"worldcare@sadhanacon (19 more) ...","Alias":"Sadhana","DefaultGroupNotifica (13 more) ...":"N","CreatedDate":"2014-03-07T01:09:17.000Z","LastName":"Sadhana Team (WCI)","Id":"005E0000004yLLOIA2","IsPortalSelfRegister (2 more) ...":false,"UserType":"Standard","LastModifiedById":"005E0000004yLLOIA2"}|0x15bb3e9b
09:59:10.0 (34536808)|STATEMENT_EXECUTE|[7]
09:59:10.0 (34538844)|STATEMENT_EXECUTE|[9]
09:59:10.0 (34539945)|STATEMENT_EXECUTE|[9]
09:59:10.0 (34541105)|STATEMENT_EXECUTE|[10]
09:59:10.0 (35498535)|VARIABLE_SCOPE_BEGIN|[3]|LocalTime.NOT_AVAILABLE|String|false|true
09:59:10.0 (35511544)|VARIABLE_SCOPE_BEGIN|[9]|LocalTime.REGION_AFRICA|String|false|true
09:59:10.0 (35517556)|VARIABLE_SCOPE_BEGIN|[6]|LocalTime.REGION_ASIA|String|false|true
09:59:10.0 (35523579)|VARIABLE_SCOPE_BEGIN|[5]|LocalTime.REGION_EUROPE|String|false|true
09:59:10.0 (35529089)|VARIABLE_SCOPE_BEGIN|[11]|LocalTime.REGION_ISRAEL|String|false|true
09:59:10.0 (35534417)|VARIABLE_SCOPE_BEGIN|[4]|LocalTime.REGION_NA|String|false|true
09:59:10.0 (35539783)|VARIABLE_SCOPE_BEGIN|[10]|LocalTime.REGION_NZ|String|false|true
09:59:10.0 (35545250)|VARIABLE_SCOPE_BEGIN|[7]|LocalTime.REGION_OCEANIA|String|false|true
09:59:10.0 (35550812)|VARIABLE_SCOPE_BEGIN|[8]|LocalTime.REGION_SA|String|false|true
09:59:10.0 (35616653)|HEAP_ALLOCATE|[10]|Bytes:86
09:59:10.0 (35632438)|HEAP_ALLOCATE|[10]|Bytes:3
09:59:10.0 (35649358)|VARIABLE_ASSIGNMENT|[10]|LocalTime.NOT_AVAILABLE|"N/A"
09:59:10.0 (35655229)|HEAP_ALLOCATE|[10]|Bytes:6
09:59:10.0 (35661710)|VARIABLE_ASSIGNMENT|[10]|LocalTime.REGION_AFRICA|"AFRICA"
09:59:10.0 (35666369)|HEAP_ALLOCATE|[10]|Bytes:4
09:59:10.0 (35672067)|VARIABLE_ASSIGNMENT|[10]|LocalTime.REGION_ASIA|"ASIA"
09:59:10.0 (35676654)|HEAP_ALLOCATE|[10]|Bytes:6
09:59:10.0 (35683196)|VARIABLE_ASSIGNMENT|[10]|LocalTime.REGION_EUROPE|"EUROPE"
09:59:10.0 (35687592)|HEAP_ALLOCATE|[10]|Bytes:6
09:59:10.0 (35693740)|VARIABLE_ASSIGNMENT|[10]|LocalTime.REGION_ISRAEL|"ISRAEL"
09:59:10.0 (35698030)|HEAP_ALLOCATE|[10]|Bytes:2
09:59:10.0 (35703920)|VARIABLE_ASSIGNMENT|[10]|LocalTime.REGION_NA|"NA"
09:59:10.0 (35708482)|HEAP_ALLOCATE|[10]|Bytes:2
09:59:10.0 (35714400)|VARIABLE_ASSIGNMENT|[10]|LocalTime.REGION_NZ|"NZ"
09:59:10.0 (35718815)|HEAP_ALLOCATE|[10]|Bytes:7
09:59:10.0 (35724842)|VARIABLE_ASSIGNMENT|[10]|LocalTime.REGION_OCEANIA|"OCEANIA"
09:59:10.0 (35729387)|HEAP_ALLOCATE|[10]|Bytes:2
09:59:10.0 (35735602)|VARIABLE_ASSIGNMENT|[10]|LocalTime.REGION_SA|"SA"
09:59:10.0 (35755023)|METHOD_ENTRY|[2]|01pE0000001ksei|LocalTime.LocalTime()
09:59:10.0 (35761763)|STATEMENT_EXECUTE|[2]
09:59:10.0 (35781787)|ENTERING_MANAGED_PKG|tz
09:59:10.0 (35800809)|METHOD_EXIT|[2]|LocalTime
09:59:10.0 (35828028)|METHOD_ENTRY|[10]|01pE0000001ksei|tz.LocalTime.getOffsetFull(String, String, String)
09:59:10.0 (35834986)|ENTERING_MANAGED_PKG|tz
09:59:10.0 (36038704)|ENTERING_MANAGED_PKG|tz
09:59:10.0 (36156004)|ENTERING_MANAGED_PKG|tz
09:59:10.0 (37152147)|SOQL_EXECUTE_BEGIN|[333]|Aggregations:0|SELECT tz__Country__c FROM tz__lt_country_names__mdt WHERE MasterLabel = :tmpVar1
09:59:10.0 (48196573)|SOQL_EXECUTE_END|[333]|Rows:1
09:59:10.0 (48719679)|ENTERING_MANAGED_PKG|tz
09:59:10.0 (48790207)|METHOD_EXIT|[10]|01pE0000001ksei|tz.LocalTime.getOffsetFull(String, String, String)
09:59:10.0 (48801366)|VARIABLE_SCOPE_BEGIN|[10]|jsonStr|String|false|false
09:59:10.0 (48824431)|VARIABLE_ASSIGNMENT|[10]|jsonStr|"{\"offset\":\"N/A\",\"dst (92 more) ..."
09:59:10.0 (48830644)|STATEMENT_EXECUTE|[11]
09:59:10.0 (48832376)|STATEMENT_EXECUTE|[12]
09:59:10.0 (48889962)|HEAP_ALLOCATE|[12]|Bytes:24
09:59:10.0 (48909234)|SYSTEM_METHOD_ENTRY|[1]|JSON.JSON()
09:59:10.0 (48913249)|STATEMENT_EXECUTE|[1]
09:59:10.0 (48922641)|SYSTEM_METHOD_EXIT|[1]|JSON
09:59:10.0 (48939026)|METHOD_ENTRY|[12]||System.JSON.deserializeUntyped(String)
09:59:10.0 (49412885)|METHOD_EXIT|[12]||System.JSON.deserializeUntyped(String)
09:59:10.0 (49428583)|VARIABLE_SCOPE_BEGIN|[12]|m|Map<String,ANY>|true|false
09:59:10.0 (49453631)|VARIABLE_ASSIGNMENT|[12]|m|"Map of size 6 too large to display"|0x38e7c55c
09:59:10.0 (49460822)|STATEMENT_EXECUTE|[13]
09:59:10.0 (49479117)|HEAP_ALLOCATE|[13]|Bytes:6
09:59:10.0 (49528868)|VARIABLE_SCOPE_BEGIN|[13]|offset|String|false|false
09:59:10.0 (49542918)|VARIABLE_ASSIGNMENT|[13]|offset|"N/A"
09:59:10.0 (49550916)|HEAP_ALLOCATE|[14]|Bytes:3
09:59:10.0 (49580334)|STATEMENT_EXECUTE|[14]
09:59:10.0 (49599409)|HEAP_ALLOCATE|[7]|Bytes:5
09:59:10.0 (49629740)|VARIABLE_ASSIGNMENT|[7]|u|null|
09:59:10.49 (49643260)|CUMULATIVE_LIMIT_USAGE
09:59:10.49 (49643260)|LIMIT_USAGE_FOR_NS|(default)|
  Number of SOQL queries: 0 out of 100
  Number of query rows: 0 out of 50000
  Number of SOSL queries: 0 out of 20
  Number of DML statements: 0 out of 150
  Number of DML rows: 0 out of 10000
  Maximum CPU time: 0 out of 10000
  Maximum heap size: 0 out of 6000000
  Number of callouts: 0 out of 100
  Number of Email Invocations: 0 out of 10
  Number of future calls: 0 out of 50
  Number of queueable jobs added to the queue: 0 out of 50
  Number of Mobile Apex push calls: 0 out of 10

09:59:10.49 (49643260)|LIMIT_USAGE_FOR_NS|tz|
  Number of SOQL queries: 0 out of 100
  Number of query rows: 1 out of 50000
  Number of SOSL queries: 0 out of 20
  Number of DML statements: 0 out of 150
  Number of DML rows: 0 out of 10000
  Maximum CPU time: 0 out of 10000
  Maximum heap size: 0 out of 6000000
  Number of callouts: 0 out of 100
  Number of Email Invocations: 0 out of 10
  Number of future calls: 0 out of 50
  Number of queueable jobs added to the queue: 0 out of 50
  Number of Mobile Apex push calls: 0 out of 10

09:59:10.49 (49643260)|TOTAL_EMAIL_RECIPIENTS_QUEUED|0
09:59:10.49 (49643260)|STATIC_VARIABLE_LIST|
  char[]:DigitTens:0
  long:serialVersionUID:0
  String:_static_REGION_EUROPE:0
  String:_static_REGION_NA:0
  long:serialVersionUID:0
  double:MAX_VALUE:0
  Boolean:FALSE:0
  long:serialVersionUID:0
  String:_sfdcAdditionalCodeLocations:0
  double:MIN_VALUE:0
  int:SIZE:0
  double:NEGATIVE_INFINITY:0
  String:_static_NOT_AVAILABLE:0
  int:MAX_VALUE:0
  String:_static_REGION_ISRAEL:0
  char[]:digits:0
  double:NaN:0
  Boolean:TRUE:0
  String:_static_REGION_AFRICA:0
  String:_static_REGION_NZ:0
  String:_static_REGION_SA:0
  int:MIN_VALUE:0
  char[]:DigitOnes:0
  int:BYTES:0
  String:_sfdcAdditionalCodeLocations:0
  int:MIN_EXPONENT:0
  int[]:sizeTable:0
  String:_static_REGION_ASIA:0
  int:MAX_EXPONENT:0
  String:_static_REGION_OCEANIA:0
  int:SIZE:0
  double:POSITIVE_INFINITY:0
  double:MIN_NORMAL:0
  int:BYTES:0

09:59:10.49 (49643260)|CUMULATIVE_LIMIT_USAGE_END

09:59:10.0 (50900804)|CODE_UNIT_FINISHED|LocalTimeUserTrigger on User trigger event BeforeUpdate for [005E0000004yLLO]
09:59:10.176 (176131494)|ENTERING_MANAGED_PKG|skuid
09:59:10.177 (177140508)|CUMULATIVE_LIMIT_USAGE
09:59:10.177 (177140508)|LIMIT_USAGE_FOR_NS|(default)|
  Number of SOQL queries: 0 out of 100
  Number of query rows: 0 out of 50000
  Number of SOSL queries: 0 out of 20
  Number of DML statements: 0 out of 150
  Number of DML rows: 0 out of 10000
  Maximum CPU time: 0 out of 10000
  Maximum heap size: 0 out of 6000000
  Number of callouts: 0 out of 100
  Number of Email Invocations: 0 out of 10
  Number of future calls: 0 out of 50
  Number of queueable jobs added to the queue: 0 out of 50
  Number of Mobile Apex push calls: 0 out of 10

09:59:10.177 (177140508)|LIMIT_USAGE_FOR_NS|tz|
  Number of SOQL queries: 0 out of 100
  Number of query rows: 1 out of 50000
  Number of SOSL queries: 0 out of 20
  Number of DML statements: 0 out of 150
  Number of DML rows: 0 out of 10000
  Maximum CPU time: 0 out of 10000
  Maximum heap size: 0 out of 6000000
  Number of callouts: 0 out of 100
  Number of Email Invocations: 0 out of 10
  Number of future calls: 0 out of 50
  Number of queueable jobs added to the queue: 0 out of 50
  Number of Mobile Apex push calls: 0 out of 10

09:59:10.177 (177140508)|CUMULATIVE_LIMIT_USAGE_END

09:59:10.0 (180486320)|CODE_UNIT_STARTED|[EXTERNAL]|Workflow:User
09:59:10.0 (189387604)|WF_RULE_EVAL_BEGIN|Workflow
09:59:10.0 (189413908)|WF_CRITERIA_BEGIN|[User: Elissa Sadhana Team (WCI) 005E0000004yLLO]|Member_Community_New_User301V000000063fo|01QV00000001N6N|ON_CREATE_ONLY|0
09:59:10.0 (189424934)|WF_RULE_NOT_EVALUATED
09:59:10.0 (189433428)|WF_SPOOL_ACTION_BEGIN|Workflow
09:59:10.0 (189442184)|WF_ACTION| None
09:59:10.0 (189446020)|WF_RULE_EVAL_END
09:59:10.0 (189484021)|WF_ACTIONS_END| None
09:59:10.0 (189491861)|CODE_UNIT_FINISHED|Workflow:User
09:59:10.0 (200624414)|CODE_UNIT_STARTED|[EXTERNAL]|01qV0000000DErk|LocalTimeUserTrigger on User trigger event BeforeUpdate for [005E0000004yLLO]
09:59:10.0 (200658310)|HEAP_ALLOCATE|[EXTERNAL]|Bytes:8
09:59:10.0 (200682104)|HEAP_ALLOCATE|[EXTERNAL]|Bytes:8
09:59:10.0 (200724306)|HEAP_ALLOCATE|[EXTERNAL]|Bytes:4
09:59:10.0 (200735654)|VARIABLE_SCOPE_BEGIN|[5]|this|LocalTimeUserTrigger|true|false
09:59:10.0 (200768721)|VARIABLE_ASSIGNMENT|[5]|this|{}|0x4d925f8c
09:59:10.0 (200794990)|HEAP_ALLOCATE|[EXTERNAL]|Bytes:4
09:59:10.0 (200802848)|VARIABLE_SCOPE_BEGIN|[5]|this|LocalTimeUserTrigger|true|false
09:59:10.0 (200815890)|VARIABLE_ASSIGNMENT|[5]|this|{}|0x4d925f8c
09:59:10.0 (200824345)|STATEMENT_EXECUTE|[5]
09:59:10.0 (200890363)|HEAP_ALLOCATE|[7]|Bytes:5
09:59:10.0 (200911508)|HEAP_ALLOCATE|[7]|Bytes:4
09:59:10.0 (200921543)|VARIABLE_SCOPE_BEGIN|[7]|u|User|true|false
09:59:10.0 (205008874)|VARIABLE_ASSIGNMENT|[7]|u|{"ProfileId":"00eE0000000zEdeIAE","LastModifiedDate":"2017-11-10T14:59:10.000Z","ReceivesAdminInfoEma (3 more) ...":false,"Email":"depot@sadhanaconsult (7 more) ...","TimeZoneSidKey":"America/New_York","LanguageLocaleKey":"en_US","UserRoleId":"00EE0000000hj7TMAQ","License_Type__c":"Salesforce","IsActive":true,"Nurse__c":false,"LastLoginDate":"2017-11-10T14:41:55.000Z","PostalCode":"03820","ForecastEnabled":false,"IsExtIndicatorVisibl (1 more) ...":false,"DigestFrequency":"D","UTC_Offset__c":-4.00,"IsProfilePhotoActive":false,"Default_Patient_Coun (6 more) ...":"US","CompanyName":"Sadhana Consulting L (2 more) ...","CommunityNickname":"prozek","CreatedById":"005E0000002k2ScIAI","Street":"1 S Pine Street","Acquisition_Site__c":"001E000001HBa8R","Server_URL__c":"https://cs12.salesfo (17 more) ...","LastPasswordChangeDa (2 more) ...":"2017-10-10T13:48:13.000Z","LocaleSidKey":"en_US","FirstName":"Elissa","Name_Formula__c":"Elissa Sadhana Team  (5 more) ...","Title":"Consultant","City":"Dover","EmailEncodingKey":"ISO-8859-1","ReceivesInfoEmails":false,"SystemModstamp":"2017-11-10T14:59:10.000Z","User_18_Digit_ID__c":"005E0000004yLLOIA2","IsPortalEnabled":false,"Username":"worldcare@sadhanacon (19 more) ...","Alias":"Sadhana","DefaultGroupNotifica (13 more) ...":"N","CreatedDate":"2014-03-07T01:09:17.000Z","LastName":"Sadhana Team (WCI)","Id":"005E0000004yLLOIA2","IsPortalSelfRegister (2 more) ...":false,"UserType":"Standard","LastModifiedById":"005E0000004yLLOIA2"}|0x3578b996
09:59:10.0 (205039733)|STATEMENT_EXECUTE|[7]
09:59:10.0 (205041593)|STATEMENT_EXECUTE|[9]
09:59:10.0 (205042540)|STATEMENT_EXECUTE|[9]
09:59:10.0 (205043645)|STATEMENT_EXECUTE|[10]
09:59:10.0 (205093618)|METHOD_ENTRY|[10]|01pE0000001ksei|tz.LocalTime.getOffsetFull(String, String, String)
09:59:10.0 (205105094)|ENTERING_MANAGED_PKG|tz
09:59:10.0 (205149348)|ENTERING_MANAGED_PKG|tz
09:59:10.0 (205210543)|ENTERING_MANAGED_PKG|tz
09:59:10.0 (205559296)|SOQL_EXECUTE_BEGIN|[333]|Aggregations:0|SELECT tz__Country__c FROM tz__lt_country_names__mdt WHERE MasterLabel = :tmpVar1
09:59:10.0 (215959093)|SOQL_EXECUTE_END|[333]|Rows:1
09:59:10.0 (216235046)|ENTERING_MANAGED_PKG|tz
09:59:10.0 (216286601)|METHOD_EXIT|[10]|01pE0000001ksei|tz.LocalTime.getOffsetFull(String, String, String)
09:59:10.0 (216296719)|VARIABLE_SCOPE_BEGIN|[10]|jsonStr|String|false|false
09:59:10.0 (216312951)|VARIABLE_ASSIGNMENT|[10]|jsonStr|"{\"offset\":\"N/A\",\"dst (92 more) ..."
09:59:10.0 (216318996)|STATEMENT_EXECUTE|[11]
09:59:10.0 (216320523)|STATEMENT_EXECUTE|[12]
09:59:10.0 (216330147)|METHOD_ENTRY|[12]||System.JSON.deserializeUntyped(String)
09:59:10.0 (216742564)|METHOD_EXIT|[12]||System.JSON.deserializeUntyped(String)
09:59:10.0 (216756898)|VARIABLE_SCOPE_BEGIN|[12]|m|Map<String,ANY>|true|false
09:59:10.0 (216778869)|VARIABLE_ASSIGNMENT|[12]|m|"Map of size 6 too large to display"|0x185fe62d
09:59:10.0 (216785338)|STATEMENT_EXECUTE|[13]
09:59:10.0 (216802804)|VARIABLE_SCOPE_BEGIN|[13]|offset|String|false|false
09:59:10.0 (216813750)|VARIABLE_ASSIGNMENT|[13]|offset|"N/A"
09:59:10.0 (216832319)|STATEMENT_EXECUTE|[14]
09:59:10.0 (216847174)|HEAP_ALLOCATE|[7]|Bytes:5
09:59:10.0 (216863617)|VARIABLE_ASSIGNMENT|[7]|u|null|
09:59:10.216 (216874079)|CUMULATIVE_LIMIT_USAGE
09:59:10.216 (216874079)|LIMIT_USAGE_FOR_NS|(default)|
  Number of SOQL queries: 0 out of 100
  Number of query rows: 0 out of 50000
  Number of SOSL queries: 0 out of 20
  Number of DML statements: 0 out of 150
  Number of DML rows: 0 out of 10000
  Maximum CPU time: 0 out of 10000
  Maximum heap size: 0 out of 6000000
  Number of callouts: 0 out of 100
  Number of Email Invocations: 0 out of 10
  Number of future calls: 0 out of 50
  Number of queueable jobs added to the queue: 0 out of 50
  Number of Mobile Apex push calls: 0 out of 10

09:59:10.216 (216874079)|LIMIT_USAGE_FOR_NS|tz|
  Number of SOQL queries: 0 out of 100
  Number of query rows: 1 out of 50000
  Number of SOSL queries: 0 out of 20
  Number of DML statements: 0 out of 150
  Number of DML rows: 0 out of 10000
  Maximum CPU time: 0 out of 10000
  Maximum heap size: 0 out of 6000000
  Number of callouts: 0 out of 100
  Number of Email Invocations: 0 out of 10
  Number of future calls: 0 out of 50
  Number of queueable jobs added to the queue: 0 out of 50
  Number of Mobile Apex push calls: 0 out of 10

09:59:10.216 (216874079)|TOTAL_EMAIL_RECIPIENTS_QUEUED|0
09:59:10.216 (216874079)|STATIC_VARIABLE_LIST|
  char[]:DigitTens:0
  long:serialVersionUID:0
  String:_static_REGION_EUROPE:0
  String:_static_REGION_NA:0
  long:serialVersionUID:0
  double:MAX_VALUE:0
  Boolean:FALSE:0
  long:serialVersionUID:0
  String:_sfdcAdditionalCodeLocations:0
  double:MIN_VALUE:0
  int:SIZE:0
  double:NEGATIVE_INFINITY:0
  String:_static_NOT_AVAILABLE:0
  int:MAX_VALUE:0
  String:_static_REGION_ISRAEL:0
  char[]:digits:0
  double:NaN:0
  Boolean:TRUE:0
  String:_static_REGION_AFRICA:0
  String:_static_REGION_NZ:0
  String:_static_REGION_SA:0
  int:MIN_VALUE:0
  String:_sfdcAdditionalCodeLocations:0
  char[]:DigitOnes:0
  int:BYTES:0
  String:_sfdcAdditionalCodeLocations:0
  int:MIN_EXPONENT:0
  int[]:sizeTable:0
  String:_static_REGION_ASIA:0
  int:MAX_EXPONENT:0
  String:_static_REGION_OCEANIA:0
  int:SIZE:0
  double:POSITIVE_INFINITY:0
  double:MIN_NORMAL:0
  int:BYTES:0

09:59:10.216 (216874079)|CUMULATIVE_LIMIT_USAGE_END

09:59:10.0 (218042753)|CODE_UNIT_FINISHED|LocalTimeUserTrigger on User trigger event BeforeUpdate for [005E0000004yLLO]
09:59:10.271 (271650475)|ENTERING_MANAGED_PKG|skuid
09:59:10.272 (272212938)|CUMULATIVE_LIMIT_USAGE
09:59:10.272 (272212938)|LIMIT_USAGE_FOR_NS|(default)|
  Number of SOQL queries: 0 out of 100
  Number of query rows: 0 out of 50000
  Number of SOSL queries: 0 out of 20
  Number of DML statements: 0 out of 150
  Number of DML rows: 0 out of 10000
  Maximum CPU time: 0 out of 10000
  Maximum heap size: 0 out of 6000000
  Number of callouts: 0 out of 100
  Number of Email Invocations: 0 out of 10
  Number of future calls: 0 out of 50
  Number of queueable jobs added to the queue: 0 out of 50
  Number of Mobile Apex push calls: 0 out of 10

09:59:10.272 (272212938)|LIMIT_USAGE_FOR_NS|tz|
  Number of SOQL queries: 0 out of 100
  Number of query rows: 1 out of 50000
  Number of SOSL queries: 0 out of 20
  Number of DML statements: 0 out of 150
  Number of DML rows: 0 out of 10000
  Maximum CPU time: 0 out of 10000
  Maximum heap size: 0 out of 6000000
  Number of callouts: 0 out of 100
  Number of Email Invocations: 0 out of 10
  Number of future calls: 0 out of 50
  Number of queueable jobs added to the queue: 0 out of 50
  Number of Mobile Apex push calls: 0 out of 10

09:59:10.272 (272212938)|CUMULATIVE_LIMIT_USAGE_END

09:59:10.0 (274666350)|CODE_UNIT_STARTED|[EXTERNAL]|Workflow:User
09:59:10.0 (278697433)|WF_RULE_EVAL_BEGIN|Workflow
09:59:10.0 (278722576)|WF_CRITERIA_BEGIN|[User: Elissa Sadhana Team (WCI) 005E0000004yLLO]|Member_Community_New_User301V000000063fo|01QV00000001N6N|ON_CREATE_ONLY|0
09:59:10.0 (278733902)|WF_RULE_NOT_EVALUATED
09:59:10.0 (278742228)|WF_SPOOL_ACTION_BEGIN|Workflow
09:59:10.0 (278751530)|WF_ACTION| None
09:59:10.0 (278755397)|WF_RULE_EVAL_END
09:59:10.0 (278797723)|WF_ACTIONS_END| None
09:59:10.0 (278805575)|CODE_UNIT_FINISHED|Workflow:User
09:59:10.0 (364264067)|CODE_UNIT_FINISHED|TRIGGERS
09:59:10.0 (364282642)|EXECUTION_FINISHED
09:59:10.372 (372741369)|CUMULATIVE_PROFILING_BEGIN
09:59:10.372 (372741369)|CUMULATIVE_PROFILING|SOQL operations|
(tz): [SELECT tz__Country__c FROM tz__lt_country_names__mdt WHERE MasterLabel = :countryCode]: executed 2 times in 23 ms

09:59:10.372 (372741369)|CUMULATIVE_PROFILING|No profiling information for SOSL operations
09:59:10.372 (372741369)|CUMULATIVE_PROFILING|No profiling information for DML operations
09:59:10.372 (372741369)|CUMULATIVE_PROFILING|method invocations|
Trigger.LocalTimeUserTrigger: line 10, column 1: webService static String getOffsetFull(String, String, String): executed 2 times in 24 ms
External entry point: public void invoke(): executed 1 time in 16 ms
Trigger.LocalTimeUserTrigger: line 12, column 1: global static Object deserializeUntyped(String): executed 2 times in 1 ms
Trigger.LocalTimeUserTrigger: line 7, column 1: global public System.Iterator iterator(): executed 6 times in 0 ms
Trigger.LocalTimeUserTrigger: line 13, column 1: global public Object get(Object): executed 2 times in 0 ms

09:59:10.372 (372741369)|CUMULATIVE_PROFILING_END
