41.0 APEX_CODE,FINEST;APEX_PROFILING,FINEST;CALLOUT,INFO;DB,INFO;SYSTEM,DEBUG;VALIDATION,INFO;VISUALFORCE,INFO;WAVE,INFO;WORKFLOW,INFO
09:21:27.0 (397549)|USER_INFO|[EXTERNAL]|005V0000004uuRl|manuelaworldcare@sadhanaconsulting.com.devfull|Eastern Standard Time|GMT-05:00
09:21:27.0 (461585)|EXECUTION_STARTED
09:21:27.0 (468567)|CODE_UNIT_STARTED|[EXTERNAL]|01pV0000000LQkD|portalUser.CreateNewUser
09:21:27.0 (783820)|HEAP_ALLOCATE|[72]|Bytes:3
09:21:27.0 (849322)|HEAP_ALLOCATE|[77]|Bytes:152
09:21:27.0 (878211)|HEAP_ALLOCATE|[342]|Bytes:408
09:21:27.0 (914933)|HEAP_ALLOCATE|[355]|Bytes:408
09:21:27.0 (958741)|HEAP_ALLOCATE|[467]|Bytes:48
09:21:27.0 (1022580)|HEAP_ALLOCATE|[139]|Bytes:6
09:21:27.0 (1119785)|HEAP_ALLOCATE|[EXTERNAL]|Bytes:252
09:21:27.0 (1134606)|HEAP_ALLOCATE|[EXTERNAL]|Bytes:25
09:21:27.0 (1151222)|SYSTEM_METHOD_ENTRY|[1]|RestRequest.RestRequest()
09:21:27.0 (1161341)|STATEMENT_EXECUTE|[1]
09:21:27.0 (1182009)|SYSTEM_METHOD_EXIT|[1]|RestRequest
09:21:27.0 (1197608)|HEAP_ALLOCATE|[EXTERNAL]|Bytes:32
09:21:27.0 (1222289)|HEAP_ALLOCATE|[EXTERNAL]|Bytes:8
09:21:27.0 (1235352)|HEAP_ALLOCATE|[EXTERNAL]|Bytes:7
09:21:27.0 (1246050)|VARIABLE_SCOPE_BEGIN|[16]|this|System.RestRequest|true|false
09:21:27.0 (1338563)|VARIABLE_ASSIGNMENT|[16]|this|{}|0x689c07e3
09:21:27.0 (1359934)|VARIABLE_SCOPE_BEGIN|[16]|request|java:com.force.swag.rest.RestRequest|true|false
09:21:27.0 (1556696)|VARIABLE_ASSIGNMENT|[16]|request|"com.force.swag.rest.RestRequestServletImpl@30c673a7"|0x30c673a7
09:21:27.0 (1571242)|VARIABLE_SCOPE_BEGIN|[16]|urlMapping|String|false|false
09:21:27.0 (1590970)|VARIABLE_ASSIGNMENT|[16]|urlMapping|"/User/*"
09:21:27.0 (2331937)|HEAP_ALLOCATE|[EXTERNAL]|Bytes:32
09:21:27.0 (2342669)|HEAP_ALLOCATE|[EXTERNAL]|Bytes:13
09:21:27.0 (2347226)|HEAP_ALLOCATE|[EXTERNAL]|Bytes:4
09:21:27.0 (2354781)|VARIABLE_SCOPE_BEGIN|[28]|this|System.RestRequest|true|false
09:21:27.0 (2420351)|VARIABLE_ASSIGNMENT|[28]|this|{"headers":"0x28343a3b","httpMethod":"POST","params":"0x35b38b35","remoteAddress":"54.81.3.197","requestURI":"/User/","resourcePath":"/services/apexrest/U (5 more) ..."}|0x689c07e3
09:21:27.0 (2442472)|VARIABLE_SCOPE_BEGIN|[28]|name|String|false|false
09:21:27.0 (2457599)|VARIABLE_ASSIGNMENT|[28]|name|"X-PrettyPrint"
09:21:27.0 (2465246)|VARIABLE_SCOPE_BEGIN|[28]|value|String|false|false
09:21:27.0 (2478334)|VARIABLE_ASSIGNMENT|[28]|value|"true"
09:21:27.0 (2627575)|HEAP_ALLOCATE|[EXTERNAL]|Bytes:32
09:21:27.0 (2637472)|HEAP_ALLOCATE|[EXTERNAL]|Bytes:6
09:21:27.0 (2642367)|HEAP_ALLOCATE|[EXTERNAL]|Bytes:16
09:21:27.0 (2650076)|VARIABLE_SCOPE_BEGIN|[28]|this|System.RestRequest|true|false
09:21:27.0 (2706853)|VARIABLE_ASSIGNMENT|[28]|this|{"headers":"0x28343a3b","httpMethod":"POST","params":"0x35b38b35","remoteAddress":"54.81.3.197","requestURI":"/User/","resourcePath":"/services/apexrest/U (5 more) ..."}|0x689c07e3
09:21:27.0 (2723305)|VARIABLE_SCOPE_BEGIN|[28]|name|String|false|false
09:21:27.0 (2740761)|VARIABLE_ASSIGNMENT|[28]|name|"Accept"
09:21:27.0 (2748797)|VARIABLE_SCOPE_BEGIN|[28]|value|String|false|false
09:21:27.0 (2762196)|VARIABLE_ASSIGNMENT|[28]|value|"application/json"
09:21:27.0 (2869055)|HEAP_ALLOCATE|[EXTERNAL]|Bytes:32
09:21:27.0 (2880235)|HEAP_ALLOCATE|[EXTERNAL]|Bytes:11
09:21:27.0 (2885394)|HEAP_ALLOCATE|[EXTERNAL]|Bytes:44
09:21:27.0 (2893186)|VARIABLE_SCOPE_BEGIN|[28]|this|System.RestRequest|true|false
09:21:27.0 (2943724)|VARIABLE_ASSIGNMENT|[28]|this|{"headers":"0x28343a3b","httpMethod":"POST","params":"0x35b38b35","remoteAddress":"54.81.3.197","requestURI":"/User/","resourcePath":"/services/apexrest/U (5 more) ..."}|0x689c07e3
09:21:27.0 (2959631)|VARIABLE_SCOPE_BEGIN|[28]|name|String|false|false
09:21:27.0 (2979916)|VARIABLE_ASSIGNMENT|[28]|name|"CipherSuite"
09:21:27.0 (2989292)|VARIABLE_SCOPE_BEGIN|[28]|value|String|false|false
09:21:27.0 (3005394)|VARIABLE_ASSIGNMENT|[28]|value|"ECDHE-RSA-AES256-GCM (24 more) ..."
09:21:27.0 (3090422)|HEAP_ALLOCATE|[EXTERNAL]|Bytes:32
09:21:27.0 (3106834)|HEAP_ALLOCATE|[EXTERNAL]|Bytes:10
09:21:27.0 (3112495)|HEAP_ALLOCATE|[EXTERNAL]|Bytes:16
09:21:27.0 (3120374)|VARIABLE_SCOPE_BEGIN|[28]|this|System.RestRequest|true|false
09:21:27.0 (3178243)|VARIABLE_ASSIGNMENT|[28]|this|{"headers":"0x28343a3b","httpMethod":"POST","params":"0x35b38b35","remoteAddress":"54.81.3.197","requestURI":"/User/","resourcePath":"/services/apexrest/U (5 more) ..."}|0x689c07e3
09:21:27.0 (3192820)|VARIABLE_SCOPE_BEGIN|[28]|name|String|false|false
09:21:27.0 (3204731)|VARIABLE_ASSIGNMENT|[28]|name|"User-Agent"
09:21:27.0 (3216196)|VARIABLE_SCOPE_BEGIN|[28]|value|String|false|false
09:21:27.0 (3229005)|VARIABLE_ASSIGNMENT|[28]|value|"Workbench/41.0.0"
09:21:27.0 (3320768)|HEAP_ALLOCATE|[EXTERNAL]|Bytes:32
09:21:27.0 (3331277)|HEAP_ALLOCATE|[EXTERNAL]|Bytes:4
09:21:27.0 (3342367)|HEAP_ALLOCATE|[EXTERNAL]|Bytes:19
09:21:27.0 (3350752)|VARIABLE_SCOPE_BEGIN|[28]|this|System.RestRequest|true|false
09:21:27.0 (3400511)|VARIABLE_ASSIGNMENT|[28]|this|{"headers":"0x28343a3b","httpMethod":"POST","params":"0x35b38b35","remoteAddress":"54.81.3.197","requestURI":"/User/","resourcePath":"/services/apexrest/U (5 more) ..."}|0x689c07e3
09:21:27.0 (3415059)|VARIABLE_SCOPE_BEGIN|[28]|name|String|false|false
09:21:27.0 (3429956)|VARIABLE_ASSIGNMENT|[28]|name|"Host"
09:21:27.0 (3437638)|VARIABLE_SCOPE_BEGIN|[28]|value|String|false|false
09:21:27.0 (3455185)|VARIABLE_ASSIGNMENT|[28]|value|"cs12.salesforce.com"
09:21:27.0 (3544746)|HEAP_ALLOCATE|[EXTERNAL]|Bytes:32
09:21:27.0 (3553280)|HEAP_ALLOCATE|[EXTERNAL]|Bytes:15
09:21:27.0 (3557680)|HEAP_ALLOCATE|[EXTERNAL]|Bytes:4
09:21:27.0 (3563771)|VARIABLE_SCOPE_BEGIN|[28]|this|System.RestRequest|true|false
09:21:27.0 (3604615)|VARIABLE_ASSIGNMENT|[28]|this|{"headers":"0x28343a3b","httpMethod":"POST","params":"0x35b38b35","remoteAddress":"54.81.3.197","requestURI":"/User/","resourcePath":"/services/apexrest/U (5 more) ..."}|0x689c07e3
09:21:27.0 (3616056)|VARIABLE_SCOPE_BEGIN|[28]|name|String|false|false
09:21:27.0 (3627809)|VARIABLE_ASSIGNMENT|[28]|name|"Accept-Encoding"
09:21:27.0 (3638189)|VARIABLE_SCOPE_BEGIN|[28]|value|String|false|false
09:21:27.0 (3648383)|VARIABLE_ASSIGNMENT|[28]|value|"gzip"
09:21:27.0 (3736278)|HEAP_ALLOCATE|[EXTERNAL]|Bytes:32
09:21:27.0 (3745947)|HEAP_ALLOCATE|[EXTERNAL]|Bytes:16
09:21:27.0 (3750758)|HEAP_ALLOCATE|[EXTERNAL]|Bytes:11
09:21:27.0 (3760489)|VARIABLE_SCOPE_BEGIN|[28]|this|System.RestRequest|true|false
09:21:27.0 (3803156)|VARIABLE_ASSIGNMENT|[28]|this|{"headers":"0x28343a3b","httpMethod":"POST","params":"0x35b38b35","remoteAddress":"54.81.3.197","requestURI":"/User/","resourcePath":"/services/apexrest/U (5 more) ..."}|0x689c07e3
09:21:27.0 (3824193)|VARIABLE_SCOPE_BEGIN|[28]|name|String|false|false
09:21:27.0 (3836820)|VARIABLE_ASSIGNMENT|[28]|name|"X-Salesforce-SIP"
09:21:27.0 (3842934)|VARIABLE_SCOPE_BEGIN|[28]|value|String|false|false
09:21:27.0 (3854018)|VARIABLE_ASSIGNMENT|[28]|value|"54.81.3.197"
09:21:27.0 (3952001)|HEAP_ALLOCATE|[EXTERNAL]|Bytes:32
09:21:27.0 (3962722)|HEAP_ALLOCATE|[EXTERNAL]|Bytes:12
09:21:27.0 (3968306)|HEAP_ALLOCATE|[EXTERNAL]|Bytes:31
09:21:27.0 (3976321)|VARIABLE_SCOPE_BEGIN|[28]|this|System.RestRequest|true|false
09:21:27.0 (4032488)|VARIABLE_ASSIGNMENT|[28]|this|{"headers":"0x28343a3b","httpMethod":"POST","params":"0x35b38b35","remoteAddress":"54.81.3.197","requestURI":"/User/","resourcePath":"/services/apexrest/U (5 more) ..."}|0x689c07e3
09:21:27.0 (4054842)|VARIABLE_SCOPE_BEGIN|[28]|name|String|false|false
09:21:27.0 (4070890)|VARIABLE_ASSIGNMENT|[28]|name|"Content-Type"
09:21:27.0 (4078692)|VARIABLE_SCOPE_BEGIN|[28]|value|String|false|false
09:21:27.0 (4093504)|VARIABLE_ASSIGNMENT|[28]|value|"application/json; ch (11 more) ..."
09:21:27.0 (4253271)|HEAP_ALLOCATE|[EXTERNAL]|Bytes:156
09:21:27.0 (4267738)|HEAP_ALLOCATE|[EXTERNAL]|Bytes:10
09:21:27.0 (4281964)|SYSTEM_METHOD_ENTRY|[1]|RestResponse.RestResponse()
09:21:27.0 (4289237)|STATEMENT_EXECUTE|[1]
09:21:27.0 (4306350)|SYSTEM_METHOD_EXIT|[1]|RestResponse
09:21:27.0 (4320151)|HEAP_ALLOCATE|[EXTERNAL]|Bytes:16
09:21:27.0 (4329669)|VARIABLE_SCOPE_BEGIN|[7]|this|System.RestResponse|true|false
09:21:27.0 (4367120)|VARIABLE_ASSIGNMENT|[7]|this|{}|0x3d98217f
09:21:27.0 (4574326)|VARIABLE_SCOPE_BEGIN|[4]|RestContext.request|System.RestRequest|true|true
09:21:27.0 (4596323)|VARIABLE_SCOPE_BEGIN|[5]|RestContext.response|System.RestResponse|true|true
09:21:27.0 (4615272)|HEAP_ALLOCATE|[EXTERNAL]|Bytes:112
09:21:27.0 (4626418)|HEAP_ALLOCATE|[EXTERNAL]|Bytes:5
09:21:27.0 (4639319)|SYSTEM_METHOD_ENTRY|[2]|RestContext.RestContext()
09:21:27.0 (4645675)|STATEMENT_EXECUTE|[2]
09:21:27.0 (4654993)|SYSTEM_METHOD_EXIT|[2]|RestContext
09:21:27.0 (4665018)|HEAP_ALLOCATE|[EXTERNAL]|Bytes:32
09:21:27.0 (4723125)|VARIABLE_ASSIGNMENT|[EXTERNAL]|RestContext.request|{"headers":"0x28343a3b","httpMethod":"POST","params":"0x35b38b35","remoteAddress":"54.81.3.197","requestURI":"/User/","resourcePath":"/services/apexrest/U (5 more) ..."}|0x689c07e3
09:21:27.0 (4754977)|HEAP_ALLOCATE|[EXTERNAL]|Bytes:16
09:21:27.0 (4794730)|VARIABLE_ASSIGNMENT|[EXTERNAL]|RestContext.response|{"headers":"0x3e403620"}|0x3d98217f
09:21:27.0 (5066294)|HEAP_ALLOCATE|[EXTERNAL]|Bytes:1
09:21:27.0 (5127168)|METHOD_ENTRY|[2]|01pV0000000LQkD|portalUser.portalUser()
09:21:27.0 (5139786)|STATEMENT_EXECUTE|[2]
09:21:27.0 (5144707)|STATEMENT_EXECUTE|[2]
09:21:27.0 (6027706)|SYSTEM_MODE_ENTER|false
09:21:27.0 (6052963)|HEAP_ALLOCATE|[EXTERNAL]|Bytes:5
09:21:27.0 (6070456)|SYSTEM_MODE_EXIT|false
09:21:27.0 (6090631)|METHOD_EXIT|[2]|portalUser
09:21:27.0 (6102247)|HEAP_ALLOCATE|[EXTERNAL]|Bytes:7
09:21:27.0 (6108863)|HEAP_ALLOCATE|[EXTERNAL]|Bytes:5
09:21:27.0 (6114012)|HEAP_ALLOCATE|[EXTERNAL]|Bytes:15
09:21:27.0 (6386307)|VARIABLE_SCOPE_BEGIN|[6]|UID|String|false|false
09:21:27.0 (6401568)|VARIABLE_ASSIGNMENT|[6]|UID|"JSM-123"
09:21:27.0 (6406836)|VARIABLE_SCOPE_BEGIN|[6]|lastName|String|false|false
09:21:27.0 (6416062)|VARIABLE_ASSIGNMENT|[6]|lastName|"Smith"
09:21:27.0 (6422262)|VARIABLE_SCOPE_BEGIN|[6]|email|String|false|false
09:21:27.0 (6429975)|VARIABLE_ASSIGNMENT|[6]|email|"jsmith@test.com"
09:21:27.0 (6455757)|SYSTEM_MODE_ENTER|false
09:21:27.0 (6464735)|HEAP_ALLOCATE|[9]|Bytes:5
09:21:27.0 (6473584)|STATEMENT_EXECUTE|[6]
09:21:27.0 (6475259)|STATEMENT_EXECUTE|[9]
09:21:27.0 (6478516)|HEAP_ALLOCATE|[9]|Bytes:69
09:21:27.0 (6498470)|HEAP_ALLOCATE|[9]|Bytes:4
09:21:27.0 (6511404)|HEAP_ALLOCATE|[9]|Bytes:7
09:21:27.0 (6773228)|SOQL_EXECUTE_BEGIN|[9]|Aggregations:0|SELECT Id FROM Account WHERE Source_Partner_UID__c = :tmpVar1 LIMIT 1
09:21:27.0 (6787405)|LIMIT_USAGE|[9]|SOQL|1|100
09:21:27.0 (6797090)|LIMIT_USAGE|[9]|AGGS|0|300
09:21:27.0 (10930455)|SOQL_EXECUTE_END|[9]|Rows:1
09:21:27.0 (10941944)|LIMIT_USAGE|[9]|SOQL_ROWS|1|50000
09:21:27.0 (10963011)|HEAP_ALLOCATE|[9]|Bytes:8
09:21:27.0 (10984839)|HEAP_ALLOCATE|[9]|Bytes:29
09:21:27.0 (11095115)|HEAP_ALLOCATE|[9]|Bytes:8
09:21:27.0 (11113057)|VARIABLE_SCOPE_BEGIN|[9]|a|List<Account>|true|false
09:21:27.0 (11141961)|VARIABLE_ASSIGNMENT|[9]|a|[{"Id":"001V000000VuTkhIAF"}]|0x1d050c2b
09:21:27.0 (11221705)|STATEMENT_EXECUTE|[10]
09:21:27.0 (11224260)|STATEMENT_EXECUTE|[12]
09:21:27.0 (11236611)|HEAP_ALLOCATE|[12]|Bytes:8
09:21:27.0 (11251805)|VARIABLE_SCOPE_BEGIN|[12]|account|Account|true|false
09:21:27.0 (11269551)|VARIABLE_ASSIGNMENT|[12]|account|{"Id":"001V000000VuTkhIAF"}|0x1372d272
09:21:27.0 (11276745)|STATEMENT_EXECUTE|[13]
09:21:27.0 (11308075)|VARIABLE_SCOPE_BEGIN|[13]|accountId|Id|false|false
09:21:27.0 (11389137)|VARIABLE_ASSIGNMENT|[13]|accountId|"001V000000VuTkhIAF"
09:21:27.0 (11398388)|STATEMENT_EXECUTE|[14]
09:21:27.0 (11402512)|HEAP_ALLOCATE|[14]|Bytes:63
09:21:27.0 (11420760)|HEAP_ALLOCATE|[14]|Bytes:4
09:21:27.0 (11604988)|SOQL_EXECUTE_BEGIN|[14]|Aggregations:0|SELECT PersonContactId FROM Account WHERE Id = :tmpVar1 LIMIT 1
09:21:27.0 (11615819)|LIMIT_USAGE|[14]|SOQL|2|100
09:21:27.0 (11625070)|LIMIT_USAGE|[14]|AGGS|0|300
09:21:27.0 (14094569)|SOQL_EXECUTE_END|[14]|Rows:1
09:21:27.0 (14105050)|LIMIT_USAGE|[14]|SOQL_ROWS|2|50000
09:21:27.0 (14122412)|HEAP_ALLOCATE|[14]|Bytes:8
09:21:27.0 (14136367)|HEAP_ALLOCATE|[14]|Bytes:66
09:21:27.0 (14172426)|HEAP_ALLOCATE|[14]|Bytes:8
09:21:27.0 (14185930)|HEAP_ALLOCATE|[14]|Bytes:33
09:21:27.0 (14203870)|HEAP_ALLOCATE|[14]|Bytes:12
09:21:27.0 (14212838)|VARIABLE_SCOPE_BEGIN|[14]|Acc|Account|true|false
09:21:27.0 (14234424)|VARIABLE_ASSIGNMENT|[14]|Acc|{"PersonContactId":"003V000000ZkEJbIAN","Id":"001V000000VuTkhIAF"}|0x362b1997
09:21:27.0 (14241830)|STATEMENT_EXECUTE|[19]
09:21:27.0 (14270181)|VARIABLE_SCOPE_BEGIN|[19]|contactId|Id|false|false
09:21:27.0 (14334409)|VARIABLE_ASSIGNMENT|[19]|contactId|"003V000000ZkEJbIAN"
09:21:27.0 (14343308)|STATEMENT_EXECUTE|[22]
09:21:27.0 (14388099)|HEAP_ALLOCATE|[22]|Bytes:4
09:21:27.0 (14500748)|VARIABLE_SCOPE_BEGIN|[22]|user|User|true|false
09:21:27.0 (14523006)|VARIABLE_ASSIGNMENT|[22]|user|{}|0x10c60d30
09:21:27.0 (14533466)|STATEMENT_EXECUTE|[23]
09:21:27.0 (14621271)|VARIABLE_ASSIGNMENT|[23]|this.ContactId|"003V000000ZkEJbIAN"|0x10c60d30
09:21:27.0 (14630459)|STATEMENT_EXECUTE|[24]
09:21:27.0 (14678072)|VARIABLE_ASSIGNMENT|[24]|this.Username|"jsmith@test.com"|0x10c60d30
09:21:27.0 (14687030)|STATEMENT_EXECUTE|[25]
09:21:27.0 (14722698)|VARIABLE_ASSIGNMENT|[25]|this.LastName|"Smith"|0x10c60d30
09:21:27.0 (14732992)|STATEMENT_EXECUTE|[26]
09:21:27.0 (14763341)|VARIABLE_ASSIGNMENT|[26]|this.Email|"jsmith@test.com"|0x10c60d30
09:21:27.0 (14775203)|STATEMENT_EXECUTE|[27]
09:21:27.0 (14833202)|HEAP_ALLOCATE|[27]|Bytes:8
09:21:27.0 (14894384)|VARIABLE_ASSIGNMENT|[27]|this.Alias|"jsmith@t"|0x10c60d30
09:21:27.0 (14903045)|STATEMENT_EXECUTE|[28]
09:21:27.0 (14906858)|HEAP_ALLOCATE|[28]|Bytes:16
09:21:27.0 (14949255)|VARIABLE_ASSIGNMENT|[28]|this.TimeZoneSidKey|"America/New_York"|0x10c60d30
09:21:27.0 (14957342)|STATEMENT_EXECUTE|[29]
09:21:27.0 (14961072)|HEAP_ALLOCATE|[29]|Bytes:5
09:21:27.0 (14998825)|VARIABLE_ASSIGNMENT|[29]|this.LocaleSidKey|"en_US"|0x10c60d30
09:21:27.0 (15006581)|STATEMENT_EXECUTE|[30]
09:21:27.0 (15010741)|HEAP_ALLOCATE|[30]|Bytes:5
09:21:27.0 (15043207)|VARIABLE_ASSIGNMENT|[30]|this.EmailEncodingKey|"UTF-8"|0x10c60d30
09:21:27.0 (15050915)|STATEMENT_EXECUTE|[31]
09:21:27.0 (15086455)|VARIABLE_ASSIGNMENT|[31]|this.LanguageLocaleKey|"en_US"|0x10c60d30
09:21:27.0 (15095255)|STATEMENT_EXECUTE|[32]
09:21:27.0 (15099256)|HEAP_ALLOCATE|[32]|Bytes:78
09:21:27.0 (15114106)|HEAP_ALLOCATE|[32]|Bytes:4
09:21:27.0 (15306412)|SOQL_EXECUTE_BEGIN|[32]|Aggregations:0|SELECT Id FROM UserRole WHERE Name = 'Sadhana Customer Person Account' LIMIT 1
09:21:27.0 (15317361)|LIMIT_USAGE|[32]|SOQL|3|100
09:21:27.0 (15329986)|LIMIT_USAGE|[32]|AGGS|0|300
09:21:27.0 (21148795)|SOQL_EXECUTE_END|[32]|Rows:1
09:21:27.0 (21160927)|LIMIT_USAGE|[32]|SOQL_ROWS|3|50000
09:21:27.0 (21180022)|HEAP_ALLOCATE|[32]|Bytes:8
09:21:27.0 (21194282)|HEAP_ALLOCATE|[32]|Bytes:29
09:21:27.0 (21262253)|HEAP_ALLOCATE|[32]|Bytes:8
09:21:27.0 (21275672)|HEAP_ALLOCATE|[32]|Bytes:34
09:21:27.0 (21307793)|HEAP_ALLOCATE|[32]|Bytes:8
09:21:27.0 (21387475)|VARIABLE_ASSIGNMENT|[32]|this.UserRoleId|"00EE0000000iwZhMAI"|0x10c60d30
09:21:27.0 (21397024)|STATEMENT_EXECUTE|[33]
09:21:27.0 (21401690)|HEAP_ALLOCATE|[33]|Bytes:72
09:21:27.0 (21416710)|HEAP_ALLOCATE|[33]|Bytes:4
09:21:27.0 (21592049)|SOQL_EXECUTE_BEGIN|[33]|Aggregations:0|SELECT Id FROM Profile WHERE Name = 'WCI: Client Community Plus' LIMIT 1
09:21:27.0 (21603144)|LIMIT_USAGE|[33]|SOQL|4|100
09:21:27.0 (21615600)|LIMIT_USAGE|[33]|AGGS|0|300
09:21:27.0 (24165014)|SOQL_EXECUTE_END|[33]|Rows:1
09:21:27.0 (24179969)|LIMIT_USAGE|[33]|SOQL_ROWS|4|50000
09:21:27.0 (24195654)|HEAP_ALLOCATE|[33]|Bytes:8
09:21:27.0 (24209800)|HEAP_ALLOCATE|[33]|Bytes:29
09:21:27.0 (24275989)|HEAP_ALLOCATE|[33]|Bytes:8
09:21:27.0 (24290580)|HEAP_ALLOCATE|[33]|Bytes:33
09:21:27.0 (24322263)|HEAP_ALLOCATE|[33]|Bytes:8
09:21:27.0 (24407161)|VARIABLE_ASSIGNMENT|[33]|this.ProfileId|"00e44000000ITMVAA4"|0x10c60d30
09:21:27.0 (24420512)|STATEMENT_EXECUTE|[34]
09:21:27.0 (24459778)|VARIABLE_ASSIGNMENT|[34]|this.IsActive|true|0x10c60d30
09:21:27.0 (24467980)|STATEMENT_EXECUTE|[36]
09:21:27.0 (24469216)|STATEMENT_EXECUTE|[36]
09:21:27.0 (24470298)|STATEMENT_EXECUTE|[38]
09:21:27.0 (24497997)|HEAP_ALLOCATE|[38]|Bytes:8
09:21:27.0 (24514832)|DML_BEGIN|[38]|Op:Insert|Type:User|Rows:1
09:21:27.0 (24527117)|LIMIT_USAGE|[38]|DML|1|150
09:21:27.0 (24540710)|LIMIT_USAGE|[38]|DML_ROWS|1|10000
09:21:27.0 (24560698)|HEAP_ALLOCATE|[EXTERNAL]|Bytes:8
09:21:27.0 (57503652)|CODE_UNIT_STARTED|[EXTERNAL]|01qV0000000DErk|LocalTimeUserTrigger on User trigger event BeforeInsert for [new]
09:21:27.0 (57587157)|HEAP_ALLOCATE|[EXTERNAL]|Bytes:8
09:21:27.0 (57730296)|HEAP_ALLOCATE|[EXTERNAL]|Bytes:4
09:21:27.0 (57753830)|VARIABLE_SCOPE_BEGIN|[5]|this|LocalTimeUserTrigger|true|false
09:21:27.0 (57819024)|VARIABLE_ASSIGNMENT|[5]|this|{}|0x3feb4432
09:21:27.0 (57898188)|HEAP_ALLOCATE|[EXTERNAL]|Bytes:4
09:21:27.0 (57909448)|VARIABLE_SCOPE_BEGIN|[5]|this|LocalTimeUserTrigger|true|false
09:21:27.0 (57925532)|VARIABLE_ASSIGNMENT|[5]|this|{}|0x3feb4432
09:21:27.0 (57933863)|STATEMENT_EXECUTE|[5]
09:21:27.0 (58313168)|HEAP_ALLOCATE|[7]|Bytes:5
09:21:27.0 (58349674)|HEAP_ALLOCATE|[7]|Bytes:4
09:21:27.0 (58375186)|VARIABLE_SCOPE_BEGIN|[7]|u|User|true|false
09:21:27.0 (126969750)|VARIABLE_ASSIGNMENT|[7]|u|{"ProfileId":"00e44000000ITMVAA4","ReceivesAdminInfoEma (3 more) ...":false,"LocaleSidKey":"en_US","Email":"jsmith@test.com","TimeZoneSidKey":"America/New_York","LanguageLocaleKey":"en_US","UserRoleId":"00EE0000000iwZhMAI","License_Type__c":"Customer Community P (9 more) ...","IsActive":true,"Nurse__c":false,"Name_Formula__c":" Smith","ContactId":"003V000000ZkEJbIAN","EmailEncodingKey":"UTF-8","ForecastEnabled":false,"ReceivesInfoEmails":false,"IsExtIndicatorVisibl (1 more) ...":false,"IsProfilePhotoActive":false,"CommunityNickname":"jsmith1.510842090925 (7 more) ...","IsPortalEnabled":false,"Username":"jsmith@test.com","Alias":"jsmith@t","LastName":"Smith","Server_URL__c":"https://cs12.salesfo (7 more) ...","IsPortalSelfRegister (2 more) ...":false}|0x34e1e922
09:21:27.0 (127004977)|STATEMENT_EXECUTE|[7]
09:21:27.0 (127007608)|STATEMENT_EXECUTE|[9]
09:21:27.0 (127011935)|STATEMENT_EXECUTE|[9]
09:21:27.0 (127013049)|STATEMENT_EXECUTE|[10]
09:21:27.0 (135519882)|VARIABLE_SCOPE_BEGIN|[3]|LocalTime.NOT_AVAILABLE|String|false|true
09:21:27.0 (135581010)|VARIABLE_SCOPE_BEGIN|[9]|LocalTime.REGION_AFRICA|String|false|true
09:21:27.0 (135627419)|VARIABLE_SCOPE_BEGIN|[6]|LocalTime.REGION_ASIA|String|false|true
09:21:27.0 (135742064)|VARIABLE_SCOPE_BEGIN|[5]|LocalTime.REGION_EUROPE|String|false|true
09:21:27.0 (135883397)|VARIABLE_SCOPE_BEGIN|[11]|LocalTime.REGION_ISRAEL|String|false|true
09:21:27.0 (135935132)|VARIABLE_SCOPE_BEGIN|[4]|LocalTime.REGION_NA|String|false|true
09:21:27.0 (135961075)|VARIABLE_SCOPE_BEGIN|[10]|LocalTime.REGION_NZ|String|false|true
09:21:27.0 (135980570)|VARIABLE_SCOPE_BEGIN|[7]|LocalTime.REGION_OCEANIA|String|false|true
09:21:27.0 (136000983)|VARIABLE_SCOPE_BEGIN|[8]|LocalTime.REGION_SA|String|false|true
09:21:27.0 (136030450)|HEAP_ALLOCATE|[10]|Bytes:86
09:21:27.0 (136045119)|HEAP_ALLOCATE|[10]|Bytes:3
09:21:27.0 (136064132)|VARIABLE_ASSIGNMENT|[10]|LocalTime.NOT_AVAILABLE|"N/A"
09:21:27.0 (136071203)|HEAP_ALLOCATE|[10]|Bytes:6
09:21:27.0 (136080914)|VARIABLE_ASSIGNMENT|[10]|LocalTime.REGION_AFRICA|"AFRICA"
09:21:27.0 (136086106)|HEAP_ALLOCATE|[10]|Bytes:4
09:21:27.0 (136092568)|VARIABLE_ASSIGNMENT|[10]|LocalTime.REGION_ASIA|"ASIA"
09:21:27.0 (136097213)|HEAP_ALLOCATE|[10]|Bytes:6
09:21:27.0 (136103707)|VARIABLE_ASSIGNMENT|[10]|LocalTime.REGION_EUROPE|"EUROPE"
09:21:27.0 (136108168)|HEAP_ALLOCATE|[10]|Bytes:6
09:21:27.0 (136114374)|VARIABLE_ASSIGNMENT|[10]|LocalTime.REGION_ISRAEL|"ISRAEL"
09:21:27.0 (136118717)|HEAP_ALLOCATE|[10]|Bytes:2
09:21:27.0 (136125015)|VARIABLE_ASSIGNMENT|[10]|LocalTime.REGION_NA|"NA"
09:21:27.0 (136129739)|HEAP_ALLOCATE|[10]|Bytes:2
09:21:27.0 (136135748)|VARIABLE_ASSIGNMENT|[10]|LocalTime.REGION_NZ|"NZ"
09:21:27.0 (136140090)|HEAP_ALLOCATE|[10]|Bytes:7
09:21:27.0 (136146732)|VARIABLE_ASSIGNMENT|[10]|LocalTime.REGION_OCEANIA|"OCEANIA"
09:21:27.0 (136151299)|HEAP_ALLOCATE|[10]|Bytes:2
09:21:27.0 (136157488)|VARIABLE_ASSIGNMENT|[10]|LocalTime.REGION_SA|"SA"
09:21:27.0 (136195983)|METHOD_ENTRY|[2]|01pE0000001ksei|LocalTime.LocalTime()
09:21:27.0 (136205327)|STATEMENT_EXECUTE|[2]
09:21:27.0 (136211890)|ENTERING_MANAGED_PKG|tz
09:21:27.0 (136235544)|METHOD_EXIT|[2]|LocalTime
09:21:27.0 (136295021)|METHOD_ENTRY|[10]|01pE0000001ksei|tz.LocalTime.getOffsetFull(String, String, String)
09:21:27.0 (136304990)|ENTERING_MANAGED_PKG|tz
09:21:27.0 (136627756)|ENTERING_MANAGED_PKG|tz
09:21:27.0 (136754942)|ENTERING_MANAGED_PKG|tz
09:21:27.0 (138103252)|SOQL_EXECUTE_BEGIN|[333]|Aggregations:0|SELECT tz__Country__c FROM tz__lt_country_names__mdt WHERE MasterLabel = :tmpVar1
09:21:27.0 (152504237)|SOQL_EXECUTE_END|[333]|Rows:1
09:21:27.0 (153023161)|ENTERING_MANAGED_PKG|tz
09:21:27.0 (153132332)|METHOD_EXIT|[10]|01pE0000001ksei|tz.LocalTime.getOffsetFull(String, String, String)
09:21:27.0 (153153967)|VARIABLE_SCOPE_BEGIN|[10]|jsonStr|String|false|false
09:21:27.0 (153189078)|VARIABLE_ASSIGNMENT|[10]|jsonStr|"{\"offset\":\"N/A\",\"dst (92 more) ..."
09:21:27.0 (153196744)|STATEMENT_EXECUTE|[11]
09:21:27.0 (153198603)|STATEMENT_EXECUTE|[12]
09:21:27.0 (153274452)|HEAP_ALLOCATE|[12]|Bytes:24
09:21:27.0 (153295913)|SYSTEM_METHOD_ENTRY|[1]|JSON.JSON()
09:21:27.0 (153300957)|STATEMENT_EXECUTE|[1]
09:21:27.0 (153313008)|SYSTEM_METHOD_EXIT|[1]|JSON
09:21:27.0 (153331355)|METHOD_ENTRY|[12]||System.JSON.deserializeUntyped(String)
09:21:27.0 (153905651)|METHOD_EXIT|[12]||System.JSON.deserializeUntyped(String)
09:21:27.0 (153927135)|VARIABLE_SCOPE_BEGIN|[12]|m|Map<String,ANY>|true|false
09:21:27.0 (153959718)|VARIABLE_ASSIGNMENT|[12]|m|"Map of size 6 too large to display"|0x2e3de14f
09:21:27.0 (153969400)|STATEMENT_EXECUTE|[13]
09:21:27.0 (153974486)|HEAP_ALLOCATE|[13]|Bytes:6
09:21:27.0 (154030868)|VARIABLE_SCOPE_BEGIN|[13]|offset|String|false|false
09:21:27.0 (154047215)|VARIABLE_ASSIGNMENT|[13]|offset|"N/A"
09:21:27.0 (154054786)|HEAP_ALLOCATE|[14]|Bytes:3
09:21:27.0 (154086218)|STATEMENT_EXECUTE|[14]
09:21:27.0 (154105759)|HEAP_ALLOCATE|[7]|Bytes:5
09:21:27.0 (154128420)|VARIABLE_ASSIGNMENT|[7]|u|null|
09:21:27.154 (154140507)|CUMULATIVE_LIMIT_USAGE
09:21:27.154 (154140507)|LIMIT_USAGE_FOR_NS|(default)|
  Number of SOQL queries: 4 out of 100
  Number of query rows: 4 out of 50000
  Number of SOSL queries: 0 out of 20
  Number of DML statements: 1 out of 150
  Number of DML rows: 1 out of 10000
  Maximum CPU time: 0 out of 10000
  Maximum heap size: 0 out of 6000000
  Number of callouts: 0 out of 100
  Number of Email Invocations: 0 out of 10
  Number of future calls: 0 out of 50
  Number of queueable jobs added to the queue: 0 out of 50
  Number of Mobile Apex push calls: 0 out of 10

09:21:27.154 (154140507)|LIMIT_USAGE_FOR_NS|tz|
  Number of SOQL queries: 0 out of 100
  Number of query rows: 1 out of 50000
  Number of SOSL queries: 0 out of 20
  Number of DML statements: 0 out of 150
  Number of DML rows: 0 out of 10000
  Maximum CPU time: 0 out of 10000
  Maximum heap size: 0 out of 6000000
  Number of callouts: 0 out of 100
  Number of Email Invocations: 0 out of 10
  Number of future calls: 0 out of 50
  Number of queueable jobs added to the queue: 0 out of 50
  Number of Mobile Apex push calls: 0 out of 10

09:21:27.154 (154140507)|TOTAL_EMAIL_RECIPIENTS_QUEUED|0
09:21:27.154 (154140507)|STATIC_VARIABLE_LIST|
  char[]:DigitTens:0
  long:serialVersionUID:0
  String:_static_REGION_EUROPE:0
  String:_static_REGION_NA:0
  long:serialVersionUID:0
  String:_sfdcAdditionalCodeLocations:0
  double:MAX_VALUE:0
  Boolean:FALSE:0
  long:serialVersionUID:0
  String:_sfdcAdditionalCodeLocations:0
  double:MIN_VALUE:0
  int:SIZE:0
  String:_sfdcAdditionalCodeLocations:0
  String:_sfdcAdditionalCodeLocations:0
  double:NEGATIVE_INFINITY:0
  String:_static_NOT_AVAILABLE:0
  int:MAX_VALUE:0
  String:_static_REGION_ISRAEL:0
  char[]:digits:0
  String:_sfdcAdditionalCodeLocations:0
  String:_sfdcAdditionalCodeLocations:0
  double:NaN:0
  Boolean:TRUE:0
  String:_static_REGION_AFRICA:0
  String:_static_REGION_NZ:0
  String:_static_REGION_SA:0
  int:MIN_VALUE:0
  char[]:DigitOnes:0
  String:__sfdcProperties:0
  int:BYTES:0
  String:_sfdcAdditionalCodeLocations:0
  int:MIN_EXPONENT:0
  int[]:sizeTable:0
  String:__sfdcProperties:0
  String:__sfdcProperties:0
  String:_static_REGION_ASIA:0
  int:MAX_EXPONENT:0
  String:_static_REGION_OCEANIA:0
  int:SIZE:0
  double:POSITIVE_INFINITY:0
  double:MIN_NORMAL:0
  int:BYTES:0

09:21:27.154 (154140507)|CUMULATIVE_LIMIT_USAGE_END

09:21:27.0 (156167569)|CODE_UNIT_FINISHED|LocalTimeUserTrigger on User trigger event BeforeInsert for [new]
09:21:27.0 (263939361)|DML_END|[38]
09:21:27.0 (264033102)|EXCEPTION_THROWN|[38]|System.DmlException: Insert failed. First exception on row 0; first error: FIELD_INTEGRITY_EXCEPTION, Invalid role assignment.: []
09:21:27.0 (264422920)|HEAP_ALLOCATE|[38]|Bytes:113
09:21:27.0 (264501749)|VARIABLE_SCOPE_BEGIN|[41]|e|System.DmlException|true|false
09:21:27.0 (264602848)|VARIABLE_ASSIGNMENT|[41]|e|"common.apex.runtime.impl.DmlExecutionException: Insert failed. First exception on row 0; first error: FIELD_INTEGRITY_EXCEPTION, Invalid role assignment.: []"|0x5f489069
09:21:27.0 (264616818)|STATEMENT_EXECUTE|[41]
09:21:27.0 (264618772)|STATEMENT_EXECUTE|[42]
09:21:27.0 (264626643)|HEAP_ALLOCATE|[42]|Bytes:30
09:21:27.0 (264640200)|SYSTEM_MODE_EXIT|false
09:21:27.271 (271887720)|CUMULATIVE_LIMIT_USAGE
09:21:27.271 (271887720)|LIMIT_USAGE_FOR_NS|(default)|
  Number of SOQL queries: 4 out of 100
  Number of query rows: 4 out of 50000
  Number of SOSL queries: 0 out of 20
  Number of DML statements: 1 out of 150
  Number of DML rows: 1 out of 10000
  Maximum CPU time: 0 out of 10000
  Maximum heap size: 0 out of 6000000
  Number of callouts: 0 out of 100
  Number of Email Invocations: 0 out of 10
  Number of future calls: 0 out of 50
  Number of queueable jobs added to the queue: 0 out of 50
  Number of Mobile Apex push calls: 0 out of 10

09:21:27.271 (271887720)|TOTAL_EMAIL_RECIPIENTS_QUEUED|0
09:21:27.271 (271887720)|STATIC_VARIABLE_LIST|
  char[]:DigitTens:0
  long:serialVersionUID:0
  String:_static_REGION_EUROPE:0
  String:_static_REGION_NA:0
  long:serialVersionUID:0
  String:_sfdcAdditionalCodeLocations:0
  double:MAX_VALUE:0
  Boolean:FALSE:0
  long:serialVersionUID:0
  String:_sfdcAdditionalCodeLocations:0
  double:MIN_VALUE:0
  int:SIZE:0
  String:_sfdcAdditionalCodeLocations:0
  String:_sfdcAdditionalCodeLocations:0
  double:NEGATIVE_INFINITY:0
  String:_static_NOT_AVAILABLE:0
  int:MAX_VALUE:0
  String:_static_REGION_ISRAEL:0
  char[]:digits:0
  String:_sfdcAdditionalCodeLocations:0
  String:_sfdcAdditionalCodeLocations:0
  double:NaN:0
  Boolean:TRUE:0
  String:_static_REGION_AFRICA:0
  String:_static_REGION_NZ:0
  String:_static_REGION_SA:0
  int:MIN_VALUE:0
  char[]:DigitOnes:0
  String:__sfdcProperties:0
  int:BYTES:0
  String:_sfdcAdditionalCodeLocations:0
  int:MIN_EXPONENT:0
  int[]:sizeTable:0
  String:__sfdcProperties:0
  String:__sfdcProperties:0
  String:_static_REGION_ASIA:0
  int:MAX_EXPONENT:0
  String:_static_REGION_OCEANIA:0
  int:SIZE:0
  double:POSITIVE_INFINITY:0
  double:MIN_NORMAL:0
  int:BYTES:0

09:21:27.271 (271887720)|CUMULATIVE_LIMIT_USAGE_END

09:21:27.0 (272051244)|CODE_UNIT_FINISHED|portalUser.CreateNewUser
09:21:27.0 (274454769)|EXECUTION_FINISHED
09:21:27.303 (303030208)|CUMULATIVE_PROFILING_BEGIN
09:21:27.303 (303030208)|CUMULATIVE_PROFILING|SOQL operations|
(tz): [SELECT tz__Country__c FROM tz__lt_country_names__mdt WHERE MasterLabel = :countryCode]: executed 1 time in 16 ms
Class.portalUser.CreateNewUser: line 32, column 1: [SELECT Id FROM UserRole WHERE Name='Sadhana Customer Person Account' LIMIT 1]: executed 1 time in 6 ms
Class.portalUser.CreateNewUser: line 9, column 1: [SELECT Id FROM Account WHERE Source_Partner_UID__c = :UID LIMIT 1]: executed 1 time in 4 ms
Class.portalUser.CreateNewUser: line 33, column 1: [SELECT Id FROM Profile WHERE Name='WCI: Client Community Plus' LIMIT 1]: executed 1 time in 2 ms
Class.portalUser.CreateNewUser: line 14, column 1: [
                SELECT PersonContactId 
                FROM Account 
                WHERE Id = :accountId LIMIT 1
            ]: executed 1 time in 2 ms

09:21:27.303 (303030208)|CUMULATIVE_PROFILING|No profiling information for SOSL operations
09:21:27.303 (303030208)|CUMULATIVE_PROFILING|DML operations|
Class.portalUser.CreateNewUser: line 38, column 1: Insert: User: executed 1 time in 240 ms

09:21:27.303 (303030208)|CUMULATIVE_PROFILING|method invocations|
External entry point: global static String CreateNewUser(String, String, String): executed 1 time in 260 ms
External entry point: public void invoke(): executed 1 time in 96 ms
Trigger.LocalTimeUserTrigger: line 10, column 1: webService static String getOffsetFull(String, String, String): executed 1 time in 16 ms
Trigger.LocalTimeUserTrigger: line 7, column 1: global public System.Iterator iterator(): executed 3 times in 0 ms
Trigger.LocalTimeUserTrigger: line 12, column 1: global static Object deserializeUntyped(String): executed 1 time in 0 ms
Trigger.LocalTimeUserTrigger: line 13, column 1: global public Object get(Object): executed 1 time in 0 ms
Class.portalUser.CreateNewUser: line 10, column 1: global public Boolean isEmpty(): executed 1 time in 0 ms
Class.portalUser.CreateNewUser: line 27, column 1: public String substring(Integer, Integer): executed 1 time in 0 ms

09:21:27.303 (303030208)|CUMULATIVE_PROFILING_END
