40.0 APEX_CODE,FINEST;APEX_PROFILING,FINEST;CALLOUT,INFO;DB,INFO;SYSTEM,DEBUG;VALIDATION,INFO;VISUALFORCE,INFO;WAVE,INFO;WORKFLOW,INFO
16:15:20.2 (2832390)|USER_INFO|[EXTERNAL]|005E0000004yLLO|worldcare@sadhanaconsulting.com.devfull|Eastern Standard Time|GMT-05:00
16:15:20.2 (2879841)|EXECUTION_STARTED
16:15:20.2 (2885299)|CODE_UNIT_STARTED|[EXTERNAL]|TRIGGERS
16:15:20.2 (3835260)|CODE_UNIT_STARTED|[EXTERNAL]|01qV0000000DErk|LocalTimeUserTrigger on User trigger event BeforeUpdate for [005E0000004yLLO]
16:15:20.2 (3902694)|HEAP_ALLOCATE|[EXTERNAL]|Bytes:8
16:15:20.2 (3943338)|HEAP_ALLOCATE|[EXTERNAL]|Bytes:8
16:15:20.2 (4401393)|HEAP_ALLOCATE|[72]|Bytes:3
16:15:20.2 (4481010)|HEAP_ALLOCATE|[77]|Bytes:152
16:15:20.2 (4504472)|HEAP_ALLOCATE|[342]|Bytes:408
16:15:20.2 (4542866)|HEAP_ALLOCATE|[355]|Bytes:408
16:15:20.2 (4567070)|HEAP_ALLOCATE|[467]|Bytes:48
16:15:20.2 (4606465)|HEAP_ALLOCATE|[139]|Bytes:6
16:15:20.2 (4641776)|HEAP_ALLOCATE|[EXTERNAL]|Bytes:4
16:15:20.2 (4682390)|VARIABLE_SCOPE_BEGIN|[5]|this|LocalTimeUserTrigger|true|false
16:15:20.2 (5004648)|VARIABLE_ASSIGNMENT|[5]|this|{}|0x349be679
16:15:20.2 (5066123)|HEAP_ALLOCATE|[EXTERNAL]|Bytes:4
16:15:20.2 (5098182)|VARIABLE_SCOPE_BEGIN|[5]|this|LocalTimeUserTrigger|true|false
16:15:20.2 (5124309)|VARIABLE_ASSIGNMENT|[5]|this|{}|0x349be679
16:15:20.2 (5137454)|STATEMENT_EXECUTE|[5]
16:15:20.2 (5176412)|HEAP_ALLOCATE|[50]|Bytes:5
16:15:20.2 (5214949)|HEAP_ALLOCATE|[56]|Bytes:5
16:15:20.2 (5240774)|HEAP_ALLOCATE|[64]|Bytes:7
16:15:20.2 (5686421)|HEAP_ALLOCATE|[7]|Bytes:5
16:15:20.2 (5737071)|HEAP_ALLOCATE|[7]|Bytes:4
16:15:20.2 (5753059)|VARIABLE_SCOPE_BEGIN|[7]|u|User|true|false
16:15:20.2 (86685254)|VARIABLE_ASSIGNMENT|[7]|u|{"ProfileId":"00eE0000000zEdeIAE","LastModifiedDate":"2017-11-10T20:58:46.000Z","ReceivesAdminInfoEma (3 more) ...":false,"Email":"depot@sadhanaconsult (7 more) ...","TimeZoneSidKey":"America/New_York","LanguageLocaleKey":"fr","UserRoleId":"00EE0000000hj7TMAQ","License_Type__c":"Salesforce","IsActive":true,"Nurse__c":false,"LastLoginDate":"2017-11-10T20:42:51.000Z","PostalCode":"03820","ForecastEnabled":false,"IsExtIndicatorVisibl (1 more) ...":false,"DigestFrequency":"D","UTC_Offset__c":-4.00,"IsProfilePhotoActive":false,"Default_Patient_Coun (6 more) ...":"US","CompanyName":"Sadhana Consulting L (2 more) ...","CommunityNickname":"prozek","CreatedById":"005E0000002k2ScIAI","Street":"1 S Pine Street","Acquisition_Site__c":"001E000001HBa8R","Server_URL__c":"https://cs12.salesfo (17 more) ...","LastPasswordChangeDa (2 more) ...":"2017-10-10T13:48:13.000Z","LocaleSidKey":"en_US","FirstName":"Elissa","Name_Formula__c":"Elissa Sadhana Team  (5 more) ...","Title":"Consultant","City":"Dover","EmailEncodingKey":"ISO-8859-1","ReceivesInfoEmails":false,"SystemModstamp":"2017-11-10T20:58:46.000Z","User_18_Digit_ID__c":"005E0000004yLLOIA2","IsPortalEnabled":false,"Username":"worldcare@sadhanacon (19 more) ...","Alias":"Sadhana","DefaultGroupNotifica (13 more) ...":"N","CreatedDate":"2014-03-07T01:09:17.000Z","LastName":"Sadhana Team (WCI)","Id":"005E0000004yLLOIA2","IsPortalSelfRegister (2 more) ...":false,"UserType":"Standard","LastModifiedById":"005E0000004yLLOIA2"}|0x1fa42b2b
16:15:20.2 (86726599)|STATEMENT_EXECUTE|[7]
16:15:20.2 (86728967)|STATEMENT_EXECUTE|[9]
16:15:20.2 (86730057)|STATEMENT_EXECUTE|[9]
16:15:20.2 (86731272)|STATEMENT_EXECUTE|[10]
16:15:20.2 (91092474)|VARIABLE_SCOPE_BEGIN|[3]|LocalTime.NOT_AVAILABLE|String|false|true
16:15:20.2 (91109561)|VARIABLE_SCOPE_BEGIN|[9]|LocalTime.REGION_AFRICA|String|false|true
16:15:20.2 (91118867)|VARIABLE_SCOPE_BEGIN|[6]|LocalTime.REGION_ASIA|String|false|true
16:15:20.2 (91128402)|VARIABLE_SCOPE_BEGIN|[5]|LocalTime.REGION_EUROPE|String|false|true
16:15:20.2 (91137267)|VARIABLE_SCOPE_BEGIN|[11]|LocalTime.REGION_ISRAEL|String|false|true
16:15:20.2 (91146147)|VARIABLE_SCOPE_BEGIN|[4]|LocalTime.REGION_NA|String|false|true
16:15:20.2 (91155153)|VARIABLE_SCOPE_BEGIN|[10]|LocalTime.REGION_NZ|String|false|true
16:15:20.2 (91164569)|VARIABLE_SCOPE_BEGIN|[7]|LocalTime.REGION_OCEANIA|String|false|true
16:15:20.2 (91173795)|VARIABLE_SCOPE_BEGIN|[8]|LocalTime.REGION_SA|String|false|true
16:15:20.2 (91240241)|HEAP_ALLOCATE|[10]|Bytes:86
16:15:20.2 (91254545)|HEAP_ALLOCATE|[10]|Bytes:3
16:15:20.2 (91300662)|VARIABLE_ASSIGNMENT|[10]|LocalTime.NOT_AVAILABLE|"N/A"
16:15:20.2 (91307916)|HEAP_ALLOCATE|[10]|Bytes:6
16:15:20.2 (91315398)|VARIABLE_ASSIGNMENT|[10]|LocalTime.REGION_AFRICA|"AFRICA"
16:15:20.2 (91320578)|HEAP_ALLOCATE|[10]|Bytes:4
16:15:20.2 (91326351)|VARIABLE_ASSIGNMENT|[10]|LocalTime.REGION_ASIA|"ASIA"
16:15:20.2 (91330800)|HEAP_ALLOCATE|[10]|Bytes:6
16:15:20.2 (91337341)|VARIABLE_ASSIGNMENT|[10]|LocalTime.REGION_EUROPE|"EUROPE"
16:15:20.2 (91341485)|HEAP_ALLOCATE|[10]|Bytes:6
16:15:20.2 (91347281)|VARIABLE_ASSIGNMENT|[10]|LocalTime.REGION_ISRAEL|"ISRAEL"
16:15:20.2 (91351334)|HEAP_ALLOCATE|[10]|Bytes:2
16:15:20.2 (91357015)|VARIABLE_ASSIGNMENT|[10]|LocalTime.REGION_NA|"NA"
16:15:20.2 (91361249)|HEAP_ALLOCATE|[10]|Bytes:2
16:15:20.2 (91367051)|VARIABLE_ASSIGNMENT|[10]|LocalTime.REGION_NZ|"NZ"
16:15:20.2 (91371105)|HEAP_ALLOCATE|[10]|Bytes:7
16:15:20.2 (91385578)|VARIABLE_ASSIGNMENT|[10]|LocalTime.REGION_OCEANIA|"OCEANIA"
16:15:20.2 (91391254)|HEAP_ALLOCATE|[10]|Bytes:2
16:15:20.2 (91397450)|VARIABLE_ASSIGNMENT|[10]|LocalTime.REGION_SA|"SA"
16:15:20.2 (91415990)|METHOD_ENTRY|[2]|01pE0000001ksei|LocalTime.LocalTime()
16:15:20.2 (91423041)|STATEMENT_EXECUTE|[2]
16:15:20.2 (91446119)|ENTERING_MANAGED_PKG|tz
16:15:20.2 (91468494)|METHOD_EXIT|[2]|LocalTime
16:15:20.2 (91507785)|METHOD_ENTRY|[10]|01pE0000001ksei|tz.LocalTime.getOffsetFull(String, String, String)
16:15:20.2 (91544281)|ENTERING_MANAGED_PKG|tz
16:15:20.2 (91796677)|ENTERING_MANAGED_PKG|tz
16:15:20.2 (91890353)|ENTERING_MANAGED_PKG|tz
16:15:20.2 (101683254)|SOQL_EXECUTE_BEGIN|[333]|Aggregations:0|SELECT tz__Country__c FROM tz__lt_country_names__mdt WHERE MasterLabel = :tmpVar1
16:15:20.2 (180661416)|SOQL_EXECUTE_END|[333]|Rows:1
16:15:20.2 (181259917)|ENTERING_MANAGED_PKG|tz
16:15:20.2 (181353967)|METHOD_EXIT|[10]|01pE0000001ksei|tz.LocalTime.getOffsetFull(String, String, String)
16:15:20.2 (181366074)|VARIABLE_SCOPE_BEGIN|[10]|jsonStr|String|false|false
16:15:20.2 (181395207)|VARIABLE_ASSIGNMENT|[10]|jsonStr|"{\"offset\":\"N/A\",\"dst (92 more) ..."
16:15:20.2 (181401892)|STATEMENT_EXECUTE|[11]
16:15:20.2 (181404075)|STATEMENT_EXECUTE|[12]
16:15:20.2 (181485253)|HEAP_ALLOCATE|[12]|Bytes:24
16:15:20.2 (181508386)|SYSTEM_METHOD_ENTRY|[1]|JSON.JSON()
16:15:20.2 (181513826)|STATEMENT_EXECUTE|[1]
16:15:20.2 (181528096)|SYSTEM_METHOD_EXIT|[1]|JSON
16:15:20.2 (181545214)|METHOD_ENTRY|[12]||System.JSON.deserializeUntyped(String)
16:15:20.2 (182071777)|METHOD_EXIT|[12]||System.JSON.deserializeUntyped(String)
16:15:20.2 (182087567)|VARIABLE_SCOPE_BEGIN|[12]|m|Map<String,ANY>|true|false
16:15:20.2 (182113780)|VARIABLE_ASSIGNMENT|[12]|m|"Map of size 6 too large to display"|0x27213a67
16:15:20.2 (182120159)|STATEMENT_EXECUTE|[13]
16:15:20.2 (182125272)|HEAP_ALLOCATE|[13]|Bytes:6
16:15:20.2 (182168561)|VARIABLE_SCOPE_BEGIN|[13]|offset|String|false|false
16:15:20.2 (182181623)|VARIABLE_ASSIGNMENT|[13]|offset|"N/A"
16:15:20.2 (182188465)|HEAP_ALLOCATE|[14]|Bytes:3
16:15:20.2 (182215881)|STATEMENT_EXECUTE|[14]
16:15:20.2 (182233390)|HEAP_ALLOCATE|[7]|Bytes:5
16:15:20.2 (182251836)|VARIABLE_ASSIGNMENT|[7]|u|null|
16:15:20.182 (182260914)|CUMULATIVE_LIMIT_USAGE
16:15:20.182 (182260914)|LIMIT_USAGE_FOR_NS|(default)|
  Number of SOQL queries: 0 out of 100
  Number of query rows: 0 out of 50000
  Number of SOSL queries: 0 out of 20
  Number of DML statements: 0 out of 150
  Number of DML rows: 0 out of 10000
  Maximum CPU time: 0 out of 10000
  Maximum heap size: 0 out of 6000000
  Number of callouts: 0 out of 100
  Number of Email Invocations: 0 out of 10
  Number of future calls: 0 out of 50
  Number of queueable jobs added to the queue: 0 out of 50
  Number of Mobile Apex push calls: 0 out of 10

16:15:20.182 (182260914)|LIMIT_USAGE_FOR_NS|tz|
  Number of SOQL queries: 0 out of 100
  Number of query rows: 1 out of 50000
  Number of SOSL queries: 0 out of 20
  Number of DML statements: 0 out of 150
  Number of DML rows: 0 out of 10000
  Maximum CPU time: 0 out of 10000
  Maximum heap size: 0 out of 6000000
  Number of callouts: 0 out of 100
  Number of Email Invocations: 0 out of 10
  Number of future calls: 0 out of 50
  Number of queueable jobs added to the queue: 0 out of 50
  Number of Mobile Apex push calls: 0 out of 10

16:15:20.182 (182260914)|TOTAL_EMAIL_RECIPIENTS_QUEUED|0
16:15:20.182 (182260914)|STATIC_VARIABLE_LIST|
  char[]:DigitTens:0
  long:serialVersionUID:0
  String:_static_REGION_EUROPE:0
  String:_static_REGION_NA:0
  long:serialVersionUID:0
  double:MAX_VALUE:0
  Boolean:FALSE:0
  long:serialVersionUID:0
  String:_sfdcAdditionalCodeLocations:0
  double:MIN_VALUE:0
  int:SIZE:0
  double:NEGATIVE_INFINITY:0
  String:_static_NOT_AVAILABLE:0
  int:MAX_VALUE:0
  String:_static_REGION_ISRAEL:0
  char[]:digits:0
  double:NaN:0
  Boolean:TRUE:0
  String:_static_REGION_AFRICA:0
  String:_static_REGION_NZ:0
  String:_static_REGION_SA:0
  int:MIN_VALUE:0
  char[]:DigitOnes:0
  int:BYTES:0
  String:_sfdcAdditionalCodeLocations:0
  int:MIN_EXPONENT:0
  int[]:sizeTable:0
  String:_static_REGION_ASIA:0
  int:MAX_EXPONENT:0
  String:_static_REGION_OCEANIA:0
  int:SIZE:0
  double:POSITIVE_INFINITY:0
  double:MIN_NORMAL:0
  int:BYTES:0

16:15:20.182 (182260914)|CUMULATIVE_LIMIT_USAGE_END

16:15:20.2 (184120094)|CODE_UNIT_FINISHED|LocalTimeUserTrigger on User trigger event BeforeUpdate for [005E0000004yLLO]
16:15:20.350 (350160381)|ENTERING_MANAGED_PKG|skuid
16:15:20.351 (351205916)|CUMULATIVE_LIMIT_USAGE
16:15:20.351 (351205916)|LIMIT_USAGE_FOR_NS|(default)|
  Number of SOQL queries: 0 out of 100
  Number of query rows: 0 out of 50000
  Number of SOSL queries: 0 out of 20
  Number of DML statements: 0 out of 150
  Number of DML rows: 0 out of 10000
  Maximum CPU time: 0 out of 10000
  Maximum heap size: 0 out of 6000000
  Number of callouts: 0 out of 100
  Number of Email Invocations: 0 out of 10
  Number of future calls: 0 out of 50
  Number of queueable jobs added to the queue: 0 out of 50
  Number of Mobile Apex push calls: 0 out of 10

16:15:20.351 (351205916)|LIMIT_USAGE_FOR_NS|tz|
  Number of SOQL queries: 0 out of 100
  Number of query rows: 1 out of 50000
  Number of SOSL queries: 0 out of 20
  Number of DML statements: 0 out of 150
  Number of DML rows: 0 out of 10000
  Maximum CPU time: 0 out of 10000
  Maximum heap size: 0 out of 6000000
  Number of callouts: 0 out of 100
  Number of Email Invocations: 0 out of 10
  Number of future calls: 0 out of 50
  Number of queueable jobs added to the queue: 0 out of 50
  Number of Mobile Apex push calls: 0 out of 10

16:15:20.351 (351205916)|CUMULATIVE_LIMIT_USAGE_END

16:15:20.2 (354765693)|CODE_UNIT_STARTED|[EXTERNAL]|Workflow:User
16:15:20.2 (367707485)|WF_RULE_EVAL_BEGIN|Workflow
16:15:20.2 (367735779)|WF_CRITERIA_BEGIN|[User: Elissa Sadhana Team (WCI) 005E0000004yLLO]|Member_Community_New_User301V000000063fo|01QV00000001N6N|ON_CREATE_ONLY|0
16:15:20.2 (367747126)|WF_RULE_NOT_EVALUATED
16:15:20.2 (367753611)|WF_SPOOL_ACTION_BEGIN|Workflow
16:15:20.2 (367763405)|WF_ACTION| None
16:15:20.2 (367767568)|WF_RULE_EVAL_END
16:15:20.2 (367809947)|WF_ACTIONS_END| None
16:15:20.2 (367817663)|CODE_UNIT_FINISHED|Workflow:User
16:15:20.2 (379347458)|CODE_UNIT_STARTED|[EXTERNAL]|01qV0000000DErk|LocalTimeUserTrigger on User trigger event BeforeUpdate for [005E0000004yLLO]
16:15:20.2 (379394810)|HEAP_ALLOCATE|[EXTERNAL]|Bytes:8
16:15:20.2 (379422430)|HEAP_ALLOCATE|[EXTERNAL]|Bytes:8
16:15:20.2 (379489325)|HEAP_ALLOCATE|[EXTERNAL]|Bytes:4
16:15:20.2 (379502746)|VARIABLE_SCOPE_BEGIN|[5]|this|LocalTimeUserTrigger|true|false
16:15:20.2 (379542244)|VARIABLE_ASSIGNMENT|[5]|this|{}|0x3f91da1b
16:15:20.2 (379573598)|HEAP_ALLOCATE|[EXTERNAL]|Bytes:4
16:15:20.2 (379581883)|VARIABLE_SCOPE_BEGIN|[5]|this|LocalTimeUserTrigger|true|false
16:15:20.2 (379595409)|VARIABLE_ASSIGNMENT|[5]|this|{}|0x3f91da1b
16:15:20.2 (379602478)|STATEMENT_EXECUTE|[5]
16:15:20.2 (379666013)|HEAP_ALLOCATE|[7]|Bytes:5
16:15:20.2 (379694819)|HEAP_ALLOCATE|[7]|Bytes:4
16:15:20.2 (379706569)|VARIABLE_SCOPE_BEGIN|[7]|u|User|true|false
16:15:20.2 (384230208)|VARIABLE_ASSIGNMENT|[7]|u|{"ProfileId":"00eE0000000zEdeIAE","LastModifiedDate":"2017-11-10T21:15:21.000Z","ReceivesAdminInfoEma (3 more) ...":false,"Email":"depot@sadhanaconsult (7 more) ...","TimeZoneSidKey":"America/New_York","LanguageLocaleKey":"en_US","UserRoleId":"00EE0000000hj7TMAQ","License_Type__c":"Salesforce","IsActive":true,"Nurse__c":false,"LastLoginDate":"2017-11-10T20:42:51.000Z","PostalCode":"03820","ForecastEnabled":false,"IsExtIndicatorVisibl (1 more) ...":false,"DigestFrequency":"D","UTC_Offset__c":-4.00,"IsProfilePhotoActive":false,"Default_Patient_Coun (6 more) ...":"US","CompanyName":"Sadhana Consulting L (2 more) ...","CommunityNickname":"prozek","CreatedById":"005E0000002k2ScIAI","Street":"1 S Pine Street","Acquisition_Site__c":"001E000001HBa8R","Server_URL__c":"https://cs12.salesfo (17 more) ...","LastPasswordChangeDa (2 more) ...":"2017-10-10T13:48:13.000Z","LocaleSidKey":"en_US","FirstName":"Elissa","Name_Formula__c":"Elissa Sadhana Team  (5 more) ...","Title":"Consultant","City":"Dover","EmailEncodingKey":"ISO-8859-1","ReceivesInfoEmails":false,"SystemModstamp":"2017-11-10T21:15:21.000Z","User_18_Digit_ID__c":"005E0000004yLLOIA2","IsPortalEnabled":false,"Username":"worldcare@sadhanacon (19 more) ...","Alias":"Sadhana","DefaultGroupNotifica (13 more) ...":"N","CreatedDate":"2014-03-07T01:09:17.000Z","LastName":"Sadhana Team (WCI)","Id":"005E0000004yLLOIA2","IsPortalSelfRegister (2 more) ...":false,"UserType":"Standard","LastModifiedById":"005E0000004yLLOIA2"}|0x6fc831d0
16:15:20.2 (384260376)|STATEMENT_EXECUTE|[7]
16:15:20.2 (384262339)|STATEMENT_EXECUTE|[9]
16:15:20.2 (384263512)|STATEMENT_EXECUTE|[9]
16:15:20.2 (384264594)|STATEMENT_EXECUTE|[10]
16:15:20.2 (384312912)|METHOD_ENTRY|[10]|01pE0000001ksei|tz.LocalTime.getOffsetFull(String, String, String)
16:15:20.2 (384324757)|ENTERING_MANAGED_PKG|tz
16:15:20.2 (384363257)|ENTERING_MANAGED_PKG|tz
16:15:20.2 (384417978)|ENTERING_MANAGED_PKG|tz
16:15:20.2 (384681663)|SOQL_EXECUTE_BEGIN|[333]|Aggregations:0|SELECT tz__Country__c FROM tz__lt_country_names__mdt WHERE MasterLabel = :tmpVar1
16:15:20.2 (397351219)|SOQL_EXECUTE_END|[333]|Rows:1
16:15:20.2 (397631249)|ENTERING_MANAGED_PKG|tz
16:15:20.2 (397688977)|METHOD_EXIT|[10]|01pE0000001ksei|tz.LocalTime.getOffsetFull(String, String, String)
16:15:20.2 (397699047)|VARIABLE_SCOPE_BEGIN|[10]|jsonStr|String|false|false
16:15:20.2 (397718446)|VARIABLE_ASSIGNMENT|[10]|jsonStr|"{\"offset\":\"N/A\",\"dst (92 more) ..."
16:15:20.2 (397724245)|STATEMENT_EXECUTE|[11]
16:15:20.2 (397725876)|STATEMENT_EXECUTE|[12]
16:15:20.2 (397736186)|METHOD_ENTRY|[12]||System.JSON.deserializeUntyped(String)
16:15:20.2 (398220368)|METHOD_EXIT|[12]||System.JSON.deserializeUntyped(String)
16:15:20.2 (398235483)|VARIABLE_SCOPE_BEGIN|[12]|m|Map<String,ANY>|true|false
16:15:20.2 (398258948)|VARIABLE_ASSIGNMENT|[12]|m|"Map of size 6 too large to display"|0x16350156
16:15:20.2 (398265217)|STATEMENT_EXECUTE|[13]
16:15:20.2 (398284168)|VARIABLE_SCOPE_BEGIN|[13]|offset|String|false|false
16:15:20.2 (398294985)|VARIABLE_ASSIGNMENT|[13]|offset|"N/A"
16:15:20.2 (398312406)|STATEMENT_EXECUTE|[14]
16:15:20.2 (398327907)|HEAP_ALLOCATE|[7]|Bytes:5
16:15:20.2 (398347170)|VARIABLE_ASSIGNMENT|[7]|u|null|
16:15:20.398 (398357400)|CUMULATIVE_LIMIT_USAGE
16:15:20.398 (398357400)|LIMIT_USAGE_FOR_NS|(default)|
  Number of SOQL queries: 0 out of 100
  Number of query rows: 0 out of 50000
  Number of SOSL queries: 0 out of 20
  Number of DML statements: 0 out of 150
  Number of DML rows: 0 out of 10000
  Maximum CPU time: 0 out of 10000
  Maximum heap size: 0 out of 6000000
  Number of callouts: 0 out of 100
  Number of Email Invocations: 0 out of 10
  Number of future calls: 0 out of 50
  Number of queueable jobs added to the queue: 0 out of 50
  Number of Mobile Apex push calls: 0 out of 10

16:15:20.398 (398357400)|LIMIT_USAGE_FOR_NS|tz|
  Number of SOQL queries: 0 out of 100
  Number of query rows: 1 out of 50000
  Number of SOSL queries: 0 out of 20
  Number of DML statements: 0 out of 150
  Number of DML rows: 0 out of 10000
  Maximum CPU time: 0 out of 10000
  Maximum heap size: 0 out of 6000000
  Number of callouts: 0 out of 100
  Number of Email Invocations: 0 out of 10
  Number of future calls: 0 out of 50
  Number of queueable jobs added to the queue: 0 out of 50
  Number of Mobile Apex push calls: 0 out of 10

16:15:20.398 (398357400)|TOTAL_EMAIL_RECIPIENTS_QUEUED|0
16:15:20.398 (398357400)|STATIC_VARIABLE_LIST|
  char[]:DigitTens:0
  long:serialVersionUID:0
  String:_static_REGION_EUROPE:0
  String:_static_REGION_NA:0
  long:serialVersionUID:0
  double:MAX_VALUE:0
  Boolean:FALSE:0
  long:serialVersionUID:0
  String:_sfdcAdditionalCodeLocations:0
  double:MIN_VALUE:0
  int:SIZE:0
  double:NEGATIVE_INFINITY:0
  String:_static_NOT_AVAILABLE:0
  int:MAX_VALUE:0
  String:_static_REGION_ISRAEL:0
  char[]:digits:0
  double:NaN:0
  Boolean:TRUE:0
  String:_static_REGION_AFRICA:0
  String:_static_REGION_NZ:0
  String:_static_REGION_SA:0
  int:MIN_VALUE:0
  String:_sfdcAdditionalCodeLocations:0
  char[]:DigitOnes:0
  int:BYTES:0
  String:_sfdcAdditionalCodeLocations:0
  int:MIN_EXPONENT:0
  int[]:sizeTable:0
  String:_static_REGION_ASIA:0
  int:MAX_EXPONENT:0
  String:_static_REGION_OCEANIA:0
  int:SIZE:0
  double:POSITIVE_INFINITY:0
  double:MIN_NORMAL:0
  int:BYTES:0

16:15:20.398 (398357400)|CUMULATIVE_LIMIT_USAGE_END

16:15:20.2 (399741318)|CODE_UNIT_FINISHED|LocalTimeUserTrigger on User trigger event BeforeUpdate for [005E0000004yLLO]
16:15:20.466 (466206728)|ENTERING_MANAGED_PKG|skuid
16:15:20.466 (466859710)|CUMULATIVE_LIMIT_USAGE
16:15:20.466 (466859710)|LIMIT_USAGE_FOR_NS|(default)|
  Number of SOQL queries: 0 out of 100
  Number of query rows: 0 out of 50000
  Number of SOSL queries: 0 out of 20
  Number of DML statements: 0 out of 150
  Number of DML rows: 0 out of 10000
  Maximum CPU time: 0 out of 10000
  Maximum heap size: 0 out of 6000000
  Number of callouts: 0 out of 100
  Number of Email Invocations: 0 out of 10
  Number of future calls: 0 out of 50
  Number of queueable jobs added to the queue: 0 out of 50
  Number of Mobile Apex push calls: 0 out of 10

16:15:20.466 (466859710)|LIMIT_USAGE_FOR_NS|tz|
  Number of SOQL queries: 0 out of 100
  Number of query rows: 1 out of 50000
  Number of SOSL queries: 0 out of 20
  Number of DML statements: 0 out of 150
  Number of DML rows: 0 out of 10000
  Maximum CPU time: 0 out of 10000
  Maximum heap size: 0 out of 6000000
  Number of callouts: 0 out of 100
  Number of Email Invocations: 0 out of 10
  Number of future calls: 0 out of 50
  Number of queueable jobs added to the queue: 0 out of 50
  Number of Mobile Apex push calls: 0 out of 10

16:15:20.466 (466859710)|CUMULATIVE_LIMIT_USAGE_END

16:15:20.2 (470503332)|CODE_UNIT_STARTED|[EXTERNAL]|Workflow:User
16:15:20.2 (476087766)|WF_RULE_EVAL_BEGIN|Workflow
16:15:20.2 (476116876)|WF_CRITERIA_BEGIN|[User: Elissa Sadhana Team (WCI) 005E0000004yLLO]|Member_Community_New_User301V000000063fo|01QV00000001N6N|ON_CREATE_ONLY|0
16:15:20.2 (476128902)|WF_RULE_NOT_EVALUATED
16:15:20.2 (476135459)|WF_SPOOL_ACTION_BEGIN|Workflow
16:15:20.2 (476150940)|WF_ACTION| None
16:15:20.2 (476155945)|WF_RULE_EVAL_END
16:15:20.2 (476204235)|WF_ACTIONS_END| None
16:15:20.2 (476212082)|CODE_UNIT_FINISHED|Workflow:User
16:15:20.2 (721382398)|CODE_UNIT_FINISHED|TRIGGERS
16:15:20.2 (721403580)|EXECUTION_FINISHED
16:15:20.775 (775602607)|CUMULATIVE_PROFILING_BEGIN
16:15:20.775 (775602607)|CUMULATIVE_PROFILING|SOQL operations|
(tz): [SELECT tz__Country__c FROM tz__lt_country_names__mdt WHERE MasterLabel = :countryCode]: executed 2 times in 102 ms

16:15:20.775 (775602607)|CUMULATIVE_PROFILING|No profiling information for SOSL operations
16:15:20.775 (775602607)|CUMULATIVE_PROFILING|No profiling information for DML operations
16:15:20.775 (775602607)|CUMULATIVE_PROFILING|method invocations|
Trigger.LocalTimeUserTrigger: line 10, column 1: webService static String getOffsetFull(String, String, String): executed 2 times in 103 ms
External entry point: public void invoke(): executed 1 time in 19 ms
Trigger.LocalTimeUserTrigger: line 7, column 1: global public System.Iterator iterator(): executed 6 times in 0 ms
Trigger.LocalTimeUserTrigger: line 12, column 1: global static Object deserializeUntyped(String): executed 2 times in 0 ms
Trigger.LocalTimeUserTrigger: line 13, column 1: global public Object get(Object): executed 2 times in 0 ms

16:15:20.775 (775602607)|CUMULATIVE_PROFILING_END
