40.0 APEX_CODE,FINEST;APEX_PROFILING,FINEST;CALLOUT,INFO;DB,INFO;SYSTEM,DEBUG;VALIDATION,INFO;VISUALFORCE,INFO;WAVE,INFO;WORKFLOW,INFO
10:03:56.0 (460907)|USER_INFO|[EXTERNAL]|005E0000004yLLO|worldcare@sadhanaconsulting.com.devfull|Eastern Standard Time|GMT-05:00
10:03:56.0 (512591)|EXECUTION_STARTED
10:03:56.0 (519021)|CODE_UNIT_STARTED|[EXTERNAL]|TRIGGERS
10:03:56.0 (2024087)|CODE_UNIT_STARTED|[EXTERNAL]|01qV0000000DErk|LocalTimeUserTrigger on User trigger event BeforeUpdate for [005E0000004yLLO]
10:03:56.0 (2084740)|HEAP_ALLOCATE|[EXTERNAL]|Bytes:8
10:03:56.0 (2130459)|HEAP_ALLOCATE|[EXTERNAL]|Bytes:8
10:03:56.0 (2517075)|HEAP_ALLOCATE|[72]|Bytes:3
10:03:56.0 (2570600)|HEAP_ALLOCATE|[77]|Bytes:152
10:03:56.0 (2608242)|HEAP_ALLOCATE|[342]|Bytes:408
10:03:56.0 (2652261)|HEAP_ALLOCATE|[355]|Bytes:408
10:03:56.0 (2692233)|HEAP_ALLOCATE|[467]|Bytes:48
10:03:56.0 (2748271)|HEAP_ALLOCATE|[139]|Bytes:6
10:03:56.0 (2800329)|HEAP_ALLOCATE|[EXTERNAL]|Bytes:4
10:03:56.0 (2816954)|VARIABLE_SCOPE_BEGIN|[5]|this|LocalTimeUserTrigger|true|false
10:03:56.0 (2872888)|VARIABLE_ASSIGNMENT|[5]|this|{}|0x6a6171f2
10:03:56.0 (2920244)|HEAP_ALLOCATE|[EXTERNAL]|Bytes:4
10:03:56.0 (2935054)|VARIABLE_SCOPE_BEGIN|[5]|this|LocalTimeUserTrigger|true|false
10:03:56.0 (2967184)|VARIABLE_ASSIGNMENT|[5]|this|{}|0x6a6171f2
10:03:56.0 (2984946)|STATEMENT_EXECUTE|[5]
10:03:56.0 (3031799)|HEAP_ALLOCATE|[50]|Bytes:5
10:03:56.0 (3073456)|HEAP_ALLOCATE|[56]|Bytes:5
10:03:56.0 (3101342)|HEAP_ALLOCATE|[64]|Bytes:7
10:03:56.0 (3563710)|HEAP_ALLOCATE|[7]|Bytes:5
10:03:56.0 (3608243)|HEAP_ALLOCATE|[7]|Bytes:4
10:03:56.0 (3633805)|VARIABLE_SCOPE_BEGIN|[7]|u|User|true|false
10:03:56.0 (40561099)|VARIABLE_ASSIGNMENT|[7]|u|{"ProfileId":"00eE0000000zEdeIAE","LastModifiedDate":"2017-11-10T14:59:34.000Z","ReceivesAdminInfoEma (3 more) ...":false,"Email":"depot@sadhanaconsult (7 more) ...","TimeZoneSidKey":"America/New_York","LanguageLocaleKey":"fr","UserRoleId":"00EE0000000hj7TMAQ","License_Type__c":"Salesforce","IsActive":true,"Nurse__c":false,"LastLoginDate":"2017-11-10T14:41:55.000Z","PostalCode":"03820","ForecastEnabled":false,"IsExtIndicatorVisibl (1 more) ...":false,"DigestFrequency":"D","UTC_Offset__c":-4.00,"IsProfilePhotoActive":false,"Default_Patient_Coun (6 more) ...":"US","CompanyName":"Sadhana Consulting L (2 more) ...","CommunityNickname":"prozek","CreatedById":"005E0000002k2ScIAI","Street":"1 S Pine Street","Acquisition_Site__c":"001E000001HBa8R","Server_URL__c":"https://cs12.salesfo (17 more) ...","LastPasswordChangeDa (2 more) ...":"2017-10-10T13:48:13.000Z","LocaleSidKey":"en_US","FirstName":"Elissa","Name_Formula__c":"Elissa Sadhana Team  (5 more) ...","Title":"Consultant","City":"Dover","EmailEncodingKey":"ISO-8859-1","ReceivesInfoEmails":false,"SystemModstamp":"2017-11-10T14:59:34.000Z","User_18_Digit_ID__c":"005E0000004yLLOIA2","IsPortalEnabled":false,"Username":"worldcare@sadhanacon (19 more) ...","Alias":"Sadhana","DefaultGroupNotifica (13 more) ...":"N","CreatedDate":"2014-03-07T01:09:17.000Z","LastName":"Sadhana Team (WCI)","Id":"005E0000004yLLOIA2","IsPortalSelfRegister (2 more) ...":false,"UserType":"Standard","LastModifiedById":"005E0000004yLLOIA2"}|0x58ec0cf1
10:03:56.0 (40630000)|STATEMENT_EXECUTE|[7]
10:03:56.0 (40633644)|STATEMENT_EXECUTE|[9]
10:03:56.0 (40635300)|STATEMENT_EXECUTE|[9]
10:03:56.0 (40637001)|STATEMENT_EXECUTE|[10]
10:03:56.0 (44906446)|VARIABLE_SCOPE_BEGIN|[3]|LocalTime.NOT_AVAILABLE|String|false|true
10:03:56.0 (44928389)|VARIABLE_SCOPE_BEGIN|[9]|LocalTime.REGION_AFRICA|String|false|true
10:03:56.0 (44938184)|VARIABLE_SCOPE_BEGIN|[6]|LocalTime.REGION_ASIA|String|false|true
10:03:56.0 (44950175)|VARIABLE_SCOPE_BEGIN|[5]|LocalTime.REGION_EUROPE|String|false|true
10:03:56.0 (44969654)|VARIABLE_SCOPE_BEGIN|[11]|LocalTime.REGION_ISRAEL|String|false|true
10:03:56.0 (44982053)|VARIABLE_SCOPE_BEGIN|[4]|LocalTime.REGION_NA|String|false|true
10:03:56.0 (44994859)|VARIABLE_SCOPE_BEGIN|[10]|LocalTime.REGION_NZ|String|false|true
10:03:56.0 (45007248)|VARIABLE_SCOPE_BEGIN|[7]|LocalTime.REGION_OCEANIA|String|false|true
10:03:56.0 (45020976)|VARIABLE_SCOPE_BEGIN|[8]|LocalTime.REGION_SA|String|false|true
10:03:56.0 (45093716)|HEAP_ALLOCATE|[10]|Bytes:86
10:03:56.0 (45115578)|HEAP_ALLOCATE|[10]|Bytes:3
10:03:56.0 (45139195)|VARIABLE_ASSIGNMENT|[10]|LocalTime.NOT_AVAILABLE|"N/A"
10:03:56.0 (45151839)|HEAP_ALLOCATE|[10]|Bytes:6
10:03:56.0 (45168337)|VARIABLE_ASSIGNMENT|[10]|LocalTime.REGION_AFRICA|"AFRICA"
10:03:56.0 (45179761)|HEAP_ALLOCATE|[10]|Bytes:4
10:03:56.0 (45193479)|VARIABLE_ASSIGNMENT|[10]|LocalTime.REGION_ASIA|"ASIA"
10:03:56.0 (45203562)|HEAP_ALLOCATE|[10]|Bytes:6
10:03:56.0 (45220246)|VARIABLE_ASSIGNMENT|[10]|LocalTime.REGION_EUROPE|"EUROPE"
10:03:56.0 (45231085)|HEAP_ALLOCATE|[10]|Bytes:6
10:03:56.0 (45246339)|VARIABLE_ASSIGNMENT|[10]|LocalTime.REGION_ISRAEL|"ISRAEL"
10:03:56.0 (45258425)|HEAP_ALLOCATE|[10]|Bytes:2
10:03:56.0 (45274421)|VARIABLE_ASSIGNMENT|[10]|LocalTime.REGION_NA|"NA"
10:03:56.0 (45285882)|HEAP_ALLOCATE|[10]|Bytes:2
10:03:56.0 (45301367)|VARIABLE_ASSIGNMENT|[10]|LocalTime.REGION_NZ|"NZ"
10:03:56.0 (45321390)|HEAP_ALLOCATE|[10]|Bytes:7
10:03:56.0 (45340738)|VARIABLE_ASSIGNMENT|[10]|LocalTime.REGION_OCEANIA|"OCEANIA"
10:03:56.0 (45351499)|HEAP_ALLOCATE|[10]|Bytes:2
10:03:56.0 (45367721)|VARIABLE_ASSIGNMENT|[10]|LocalTime.REGION_SA|"SA"
10:03:56.0 (45392026)|METHOD_ENTRY|[2]|01pE0000001ksei|LocalTime.LocalTime()
10:03:56.0 (45402448)|STATEMENT_EXECUTE|[2]
10:03:56.0 (45428147)|ENTERING_MANAGED_PKG|tz
10:03:56.0 (45456151)|METHOD_EXIT|[2]|LocalTime
10:03:56.0 (45490086)|METHOD_ENTRY|[10]|01pE0000001ksei|tz.LocalTime.getOffsetFull(String, String, String)
10:03:56.0 (45503978)|ENTERING_MANAGED_PKG|tz
10:03:56.0 (45784946)|ENTERING_MANAGED_PKG|tz
10:03:56.0 (45869679)|ENTERING_MANAGED_PKG|tz
10:03:56.0 (47280207)|SOQL_EXECUTE_BEGIN|[333]|Aggregations:0|SELECT tz__Country__c FROM tz__lt_country_names__mdt WHERE MasterLabel = :tmpVar1
10:03:56.0 (58804996)|SOQL_EXECUTE_END|[333]|Rows:1
10:03:56.0 (59309984)|ENTERING_MANAGED_PKG|tz
10:03:56.0 (59384114)|METHOD_EXIT|[10]|01pE0000001ksei|tz.LocalTime.getOffsetFull(String, String, String)
10:03:56.0 (59396264)|VARIABLE_SCOPE_BEGIN|[10]|jsonStr|String|false|false
10:03:56.0 (59420337)|VARIABLE_ASSIGNMENT|[10]|jsonStr|"{\"offset\":\"N/A\",\"dst (92 more) ..."
10:03:56.0 (59426845)|STATEMENT_EXECUTE|[11]
10:03:56.0 (59428498)|STATEMENT_EXECUTE|[12]
10:03:56.0 (59492919)|HEAP_ALLOCATE|[12]|Bytes:24
10:03:56.0 (59512031)|SYSTEM_METHOD_ENTRY|[1]|JSON.JSON()
10:03:56.0 (59516101)|STATEMENT_EXECUTE|[1]
10:03:56.0 (59524626)|SYSTEM_METHOD_EXIT|[1]|JSON
10:03:56.0 (59541532)|METHOD_ENTRY|[12]||System.JSON.deserializeUntyped(String)
10:03:56.0 (60014268)|METHOD_EXIT|[12]||System.JSON.deserializeUntyped(String)
10:03:56.0 (60028878)|VARIABLE_SCOPE_BEGIN|[12]|m|Map<String,ANY>|true|false
10:03:56.0 (60054241)|VARIABLE_ASSIGNMENT|[12]|m|"Map of size 6 too large to display"|0x6fbf284d
10:03:56.0 (60061395)|STATEMENT_EXECUTE|[13]
10:03:56.0 (60065849)|HEAP_ALLOCATE|[13]|Bytes:6
10:03:56.0 (60111346)|VARIABLE_SCOPE_BEGIN|[13]|offset|String|false|false
10:03:56.0 (60125174)|VARIABLE_ASSIGNMENT|[13]|offset|"N/A"
10:03:56.0 (60132121)|HEAP_ALLOCATE|[14]|Bytes:3
10:03:56.0 (60157453)|STATEMENT_EXECUTE|[14]
10:03:56.0 (60175020)|HEAP_ALLOCATE|[7]|Bytes:5
10:03:56.0 (60194422)|VARIABLE_ASSIGNMENT|[7]|u|null|
10:03:56.60 (60205581)|CUMULATIVE_LIMIT_USAGE
10:03:56.60 (60205581)|LIMIT_USAGE_FOR_NS|(default)|
  Number of SOQL queries: 0 out of 100
  Number of query rows: 0 out of 50000
  Number of SOSL queries: 0 out of 20
  Number of DML statements: 0 out of 150
  Number of DML rows: 0 out of 10000
  Maximum CPU time: 0 out of 10000
  Maximum heap size: 0 out of 6000000
  Number of callouts: 0 out of 100
  Number of Email Invocations: 0 out of 10
  Number of future calls: 0 out of 50
  Number of queueable jobs added to the queue: 0 out of 50
  Number of Mobile Apex push calls: 0 out of 10

10:03:56.60 (60205581)|LIMIT_USAGE_FOR_NS|tz|
  Number of SOQL queries: 0 out of 100
  Number of query rows: 1 out of 50000
  Number of SOSL queries: 0 out of 20
  Number of DML statements: 0 out of 150
  Number of DML rows: 0 out of 10000
  Maximum CPU time: 0 out of 10000
  Maximum heap size: 0 out of 6000000
  Number of callouts: 0 out of 100
  Number of Email Invocations: 0 out of 10
  Number of future calls: 0 out of 50
  Number of queueable jobs added to the queue: 0 out of 50
  Number of Mobile Apex push calls: 0 out of 10

10:03:56.60 (60205581)|TOTAL_EMAIL_RECIPIENTS_QUEUED|0
10:03:56.60 (60205581)|STATIC_VARIABLE_LIST|
  char[]:DigitTens:0
  long:serialVersionUID:0
  String:_static_REGION_EUROPE:0
  String:_static_REGION_NA:0
  long:serialVersionUID:0
  double:MAX_VALUE:0
  Boolean:FALSE:0
  long:serialVersionUID:0
  String:_sfdcAdditionalCodeLocations:0
  double:MIN_VALUE:0
  int:SIZE:0
  double:NEGATIVE_INFINITY:0
  String:_static_NOT_AVAILABLE:0
  int:MAX_VALUE:0
  String:_static_REGION_ISRAEL:0
  char[]:digits:0
  double:NaN:0
  Boolean:TRUE:0
  String:_static_REGION_AFRICA:0
  String:_static_REGION_NZ:0
  String:_static_REGION_SA:0
  int:MIN_VALUE:0
  char[]:DigitOnes:0
  int:BYTES:0
  String:_sfdcAdditionalCodeLocations:0
  int:MIN_EXPONENT:0
  int[]:sizeTable:0
  String:_static_REGION_ASIA:0
  int:MAX_EXPONENT:0
  String:_static_REGION_OCEANIA:0
  int:SIZE:0
  double:POSITIVE_INFINITY:0
  double:MIN_NORMAL:0
  int:BYTES:0

10:03:56.60 (60205581)|CUMULATIVE_LIMIT_USAGE_END

10:03:56.0 (61970791)|CODE_UNIT_FINISHED|LocalTimeUserTrigger on User trigger event BeforeUpdate for [005E0000004yLLO]
10:03:56.156 (156311611)|ENTERING_MANAGED_PKG|skuid
10:03:56.158 (158263306)|CUMULATIVE_LIMIT_USAGE
10:03:56.158 (158263306)|LIMIT_USAGE_FOR_NS|(default)|
  Number of SOQL queries: 0 out of 100
  Number of query rows: 0 out of 50000
  Number of SOSL queries: 0 out of 20
  Number of DML statements: 0 out of 150
  Number of DML rows: 0 out of 10000
  Maximum CPU time: 0 out of 10000
  Maximum heap size: 0 out of 6000000
  Number of callouts: 0 out of 100
  Number of Email Invocations: 0 out of 10
  Number of future calls: 0 out of 50
  Number of queueable jobs added to the queue: 0 out of 50
  Number of Mobile Apex push calls: 0 out of 10

10:03:56.158 (158263306)|LIMIT_USAGE_FOR_NS|tz|
  Number of SOQL queries: 0 out of 100
  Number of query rows: 1 out of 50000
  Number of SOSL queries: 0 out of 20
  Number of DML statements: 0 out of 150
  Number of DML rows: 0 out of 10000
  Maximum CPU time: 0 out of 10000
  Maximum heap size: 0 out of 6000000
  Number of callouts: 0 out of 100
  Number of Email Invocations: 0 out of 10
  Number of future calls: 0 out of 50
  Number of queueable jobs added to the queue: 0 out of 50
  Number of Mobile Apex push calls: 0 out of 10

10:03:56.158 (158263306)|CUMULATIVE_LIMIT_USAGE_END

10:03:56.0 (161244183)|CODE_UNIT_STARTED|[EXTERNAL]|Workflow:User
10:03:56.0 (168556674)|WF_RULE_EVAL_BEGIN|Workflow
10:03:56.0 (168589149)|WF_CRITERIA_BEGIN|[User: Elissa Sadhana Team (WCI) 005E0000004yLLO]|Member_Community_New_User301V000000063fo|01QV00000001N6N|ON_CREATE_ONLY|0
10:03:56.0 (168610439)|WF_RULE_NOT_EVALUATED
10:03:56.0 (168624916)|WF_SPOOL_ACTION_BEGIN|Workflow
10:03:56.0 (168640757)|WF_ACTION| None
10:03:56.0 (168648222)|WF_RULE_EVAL_END
10:03:56.0 (168703015)|WF_ACTIONS_END| None
10:03:56.0 (168717313)|CODE_UNIT_FINISHED|Workflow:User
10:03:56.0 (179360013)|CODE_UNIT_STARTED|[EXTERNAL]|01qV0000000DErk|LocalTimeUserTrigger on User trigger event BeforeUpdate for [005E0000004yLLO]
10:03:56.0 (179426676)|HEAP_ALLOCATE|[EXTERNAL]|Bytes:8
10:03:56.0 (179454593)|HEAP_ALLOCATE|[EXTERNAL]|Bytes:8
10:03:56.0 (179520923)|HEAP_ALLOCATE|[EXTERNAL]|Bytes:4
10:03:56.0 (179536671)|VARIABLE_SCOPE_BEGIN|[5]|this|LocalTimeUserTrigger|true|false
10:03:56.0 (179574962)|VARIABLE_ASSIGNMENT|[5]|this|{}|0x6cf1ae96
10:03:56.0 (179610970)|HEAP_ALLOCATE|[EXTERNAL]|Bytes:4
10:03:56.0 (179620857)|VARIABLE_SCOPE_BEGIN|[5]|this|LocalTimeUserTrigger|true|false
10:03:56.0 (179635077)|VARIABLE_ASSIGNMENT|[5]|this|{}|0x6cf1ae96
10:03:56.0 (179644276)|STATEMENT_EXECUTE|[5]
10:03:56.0 (179740227)|HEAP_ALLOCATE|[7]|Bytes:5
10:03:56.0 (179766470)|HEAP_ALLOCATE|[7]|Bytes:4
10:03:56.0 (179783210)|VARIABLE_SCOPE_BEGIN|[7]|u|User|true|false
10:03:56.0 (186064293)|VARIABLE_ASSIGNMENT|[7]|u|{"ProfileId":"00eE0000000zEdeIAE","LastModifiedDate":"2017-11-10T15:03:56.000Z","ReceivesAdminInfoEma (3 more) ...":false,"Email":"depot@sadhanaconsult (7 more) ...","TimeZoneSidKey":"America/New_York","LanguageLocaleKey":"en_US","UserRoleId":"00EE0000000hj7TMAQ","License_Type__c":"Salesforce","IsActive":true,"Nurse__c":false,"LastLoginDate":"2017-11-10T14:41:55.000Z","PostalCode":"03820","ForecastEnabled":false,"IsExtIndicatorVisibl (1 more) ...":false,"DigestFrequency":"D","UTC_Offset__c":-4.00,"IsProfilePhotoActive":false,"Default_Patient_Coun (6 more) ...":"US","CompanyName":"Sadhana Consulting L (2 more) ...","CommunityNickname":"prozek","CreatedById":"005E0000002k2ScIAI","Street":"1 S Pine Street","Acquisition_Site__c":"001E000001HBa8R","Server_URL__c":"https://cs12.salesfo (17 more) ...","LastPasswordChangeDa (2 more) ...":"2017-10-10T13:48:13.000Z","LocaleSidKey":"en_US","FirstName":"Elissa","Name_Formula__c":"Elissa Sadhana Team  (5 more) ...","Title":"Consultant","City":"Dover","EmailEncodingKey":"ISO-8859-1","ReceivesInfoEmails":false,"SystemModstamp":"2017-11-10T15:03:56.000Z","User_18_Digit_ID__c":"005E0000004yLLOIA2","IsPortalEnabled":false,"Username":"worldcare@sadhanacon (19 more) ...","Alias":"Sadhana","DefaultGroupNotifica (13 more) ...":"N","CreatedDate":"2014-03-07T01:09:17.000Z","LastName":"Sadhana Team (WCI)","Id":"005E0000004yLLOIA2","IsPortalSelfRegister (2 more) ...":false,"UserType":"Standard","LastModifiedById":"005E0000004yLLOIA2"}|0x5fd7c686
10:03:56.0 (186098293)|STATEMENT_EXECUTE|[7]
10:03:56.0 (186100141)|STATEMENT_EXECUTE|[9]
10:03:56.0 (186101305)|STATEMENT_EXECUTE|[9]
10:03:56.0 (186102394)|STATEMENT_EXECUTE|[10]
10:03:56.0 (186168099)|METHOD_ENTRY|[10]|01pE0000001ksei|tz.LocalTime.getOffsetFull(String, String, String)
10:03:56.0 (186180373)|ENTERING_MANAGED_PKG|tz
10:03:56.0 (186225012)|ENTERING_MANAGED_PKG|tz
10:03:56.0 (186286335)|ENTERING_MANAGED_PKG|tz
10:03:56.0 (186658636)|SOQL_EXECUTE_BEGIN|[333]|Aggregations:0|SELECT tz__Country__c FROM tz__lt_country_names__mdt WHERE MasterLabel = :tmpVar1
10:03:56.0 (198930670)|SOQL_EXECUTE_END|[333]|Rows:1
10:03:56.0 (199247027)|ENTERING_MANAGED_PKG|tz
10:03:56.0 (199311200)|METHOD_EXIT|[10]|01pE0000001ksei|tz.LocalTime.getOffsetFull(String, String, String)
10:03:56.0 (199322451)|VARIABLE_SCOPE_BEGIN|[10]|jsonStr|String|false|false
10:03:56.0 (199347293)|VARIABLE_ASSIGNMENT|[10]|jsonStr|"{\"offset\":\"N/A\",\"dst (92 more) ..."
10:03:56.0 (199353467)|STATEMENT_EXECUTE|[11]
10:03:56.0 (199355185)|STATEMENT_EXECUTE|[12]
10:03:56.0 (199365471)|METHOD_ENTRY|[12]||System.JSON.deserializeUntyped(String)
10:03:56.0 (199797490)|METHOD_EXIT|[12]||System.JSON.deserializeUntyped(String)
10:03:56.0 (199811382)|VARIABLE_SCOPE_BEGIN|[12]|m|Map<String,ANY>|true|false
10:03:56.0 (199836127)|VARIABLE_ASSIGNMENT|[12]|m|"Map of size 6 too large to display"|0x628b2bdc
10:03:56.0 (199843069)|STATEMENT_EXECUTE|[13]
10:03:56.0 (199862066)|VARIABLE_SCOPE_BEGIN|[13]|offset|String|false|false
10:03:56.0 (199873388)|VARIABLE_ASSIGNMENT|[13]|offset|"N/A"
10:03:56.0 (199891869)|STATEMENT_EXECUTE|[14]
10:03:56.0 (199909283)|HEAP_ALLOCATE|[7]|Bytes:5
10:03:56.0 (199929161)|VARIABLE_ASSIGNMENT|[7]|u|null|
10:03:56.199 (199940493)|CUMULATIVE_LIMIT_USAGE
10:03:56.199 (199940493)|LIMIT_USAGE_FOR_NS|(default)|
  Number of SOQL queries: 0 out of 100
  Number of query rows: 0 out of 50000
  Number of SOSL queries: 0 out of 20
  Number of DML statements: 0 out of 150
  Number of DML rows: 0 out of 10000
  Maximum CPU time: 0 out of 10000
  Maximum heap size: 0 out of 6000000
  Number of callouts: 0 out of 100
  Number of Email Invocations: 0 out of 10
  Number of future calls: 0 out of 50
  Number of queueable jobs added to the queue: 0 out of 50
  Number of Mobile Apex push calls: 0 out of 10

10:03:56.199 (199940493)|LIMIT_USAGE_FOR_NS|tz|
  Number of SOQL queries: 0 out of 100
  Number of query rows: 1 out of 50000
  Number of SOSL queries: 0 out of 20
  Number of DML statements: 0 out of 150
  Number of DML rows: 0 out of 10000
  Maximum CPU time: 0 out of 10000
  Maximum heap size: 0 out of 6000000
  Number of callouts: 0 out of 100
  Number of Email Invocations: 0 out of 10
  Number of future calls: 0 out of 50
  Number of queueable jobs added to the queue: 0 out of 50
  Number of Mobile Apex push calls: 0 out of 10

10:03:56.199 (199940493)|TOTAL_EMAIL_RECIPIENTS_QUEUED|0
10:03:56.199 (199940493)|STATIC_VARIABLE_LIST|
  char[]:DigitTens:0
  long:serialVersionUID:0
  String:_static_REGION_EUROPE:0
  String:_static_REGION_NA:0
  long:serialVersionUID:0
  double:MAX_VALUE:0
  Boolean:FALSE:0
  long:serialVersionUID:0
  String:_sfdcAdditionalCodeLocations:0
  double:MIN_VALUE:0
  int:SIZE:0
  double:NEGATIVE_INFINITY:0
  String:_static_NOT_AVAILABLE:0
  int:MAX_VALUE:0
  String:_static_REGION_ISRAEL:0
  char[]:digits:0
  double:NaN:0
  Boolean:TRUE:0
  String:_static_REGION_AFRICA:0
  String:_static_REGION_NZ:0
  String:_static_REGION_SA:0
  int:MIN_VALUE:0
  String:_sfdcAdditionalCodeLocations:0
  char[]:DigitOnes:0
  int:BYTES:0
  String:_sfdcAdditionalCodeLocations:0
  int:MIN_EXPONENT:0
  int[]:sizeTable:0
  String:_static_REGION_ASIA:0
  int:MAX_EXPONENT:0
  String:_static_REGION_OCEANIA:0
  int:SIZE:0
  double:POSITIVE_INFINITY:0
  double:MIN_NORMAL:0
  int:BYTES:0

10:03:56.199 (199940493)|CUMULATIVE_LIMIT_USAGE_END

10:03:56.0 (201521994)|CODE_UNIT_FINISHED|LocalTimeUserTrigger on User trigger event BeforeUpdate for [005E0000004yLLO]
10:03:56.262 (262122076)|ENTERING_MANAGED_PKG|skuid
10:03:56.262 (262741975)|CUMULATIVE_LIMIT_USAGE
10:03:56.262 (262741975)|LIMIT_USAGE_FOR_NS|(default)|
  Number of SOQL queries: 0 out of 100
  Number of query rows: 0 out of 50000
  Number of SOSL queries: 0 out of 20
  Number of DML statements: 0 out of 150
  Number of DML rows: 0 out of 10000
  Maximum CPU time: 0 out of 10000
  Maximum heap size: 0 out of 6000000
  Number of callouts: 0 out of 100
  Number of Email Invocations: 0 out of 10
  Number of future calls: 0 out of 50
  Number of queueable jobs added to the queue: 0 out of 50
  Number of Mobile Apex push calls: 0 out of 10

10:03:56.262 (262741975)|LIMIT_USAGE_FOR_NS|tz|
  Number of SOQL queries: 0 out of 100
  Number of query rows: 1 out of 50000
  Number of SOSL queries: 0 out of 20
  Number of DML statements: 0 out of 150
  Number of DML rows: 0 out of 10000
  Maximum CPU time: 0 out of 10000
  Maximum heap size: 0 out of 6000000
  Number of callouts: 0 out of 100
  Number of Email Invocations: 0 out of 10
  Number of future calls: 0 out of 50
  Number of queueable jobs added to the queue: 0 out of 50
  Number of Mobile Apex push calls: 0 out of 10

10:03:56.262 (262741975)|CUMULATIVE_LIMIT_USAGE_END

10:03:56.0 (266375231)|CODE_UNIT_STARTED|[EXTERNAL]|Workflow:User
10:03:56.0 (272505072)|WF_RULE_EVAL_BEGIN|Workflow
10:03:56.0 (272533833)|WF_CRITERIA_BEGIN|[User: Elissa Sadhana Team (WCI) 005E0000004yLLO]|Member_Community_New_User301V000000063fo|01QV00000001N6N|ON_CREATE_ONLY|0
10:03:56.0 (272545552)|WF_RULE_NOT_EVALUATED
10:03:56.0 (272554159)|WF_SPOOL_ACTION_BEGIN|Workflow
10:03:56.0 (272563898)|WF_ACTION| None
10:03:56.0 (272567904)|WF_RULE_EVAL_END
10:03:56.0 (272613546)|WF_ACTIONS_END| None
10:03:56.0 (272622638)|CODE_UNIT_FINISHED|Workflow:User
10:03:56.0 (408191831)|CODE_UNIT_FINISHED|TRIGGERS
10:03:56.0 (408212684)|EXECUTION_FINISHED
10:03:56.419 (419345850)|CUMULATIVE_PROFILING_BEGIN
10:03:56.419 (419345850)|CUMULATIVE_PROFILING|SOQL operations|
(tz): [SELECT tz__Country__c FROM tz__lt_country_names__mdt WHERE MasterLabel = :countryCode]: executed 2 times in 26 ms

10:03:56.419 (419345850)|CUMULATIVE_PROFILING|No profiling information for SOSL operations
10:03:56.419 (419345850)|CUMULATIVE_PROFILING|No profiling information for DML operations
10:03:56.419 (419345850)|CUMULATIVE_PROFILING|method invocations|
Trigger.LocalTimeUserTrigger: line 10, column 1: webService static String getOffsetFull(String, String, String): executed 2 times in 27 ms
External entry point: public void invoke(): executed 1 time in 21 ms
Trigger.LocalTimeUserTrigger: line 12, column 1: global static Object deserializeUntyped(String): executed 2 times in 2 ms
Trigger.LocalTimeUserTrigger: line 7, column 1: global public System.Iterator iterator(): executed 6 times in 0 ms
Trigger.LocalTimeUserTrigger: line 13, column 1: global public Object get(Object): executed 2 times in 0 ms

10:03:56.419 (419345850)|CUMULATIVE_PROFILING_END
