41.0 APEX_CODE,FINEST;APEX_PROFILING,FINEST;CALLOUT,INFO;DB,INFO;SYSTEM,DEBUG;VALIDATION,INFO;VISUALFORCE,INFO;WAVE,INFO;WORKFLOW,INFO
11:22:43.0 (353942)|USER_INFO|[EXTERNAL]|005E0000004yLLO|worldcare@sadhanaconsulting.com.devfull|Eastern Standard Time|GMT-05:00
11:22:43.0 (390790)|EXECUTION_STARTED
11:22:43.0 (396149)|CODE_UNIT_STARTED|[EXTERNAL]|01pV0000000LQk8|portalAccount.CreateNewAccount
11:22:43.0 (658233)|HEAP_ALLOCATE|[72]|Bytes:3
11:22:43.0 (714759)|HEAP_ALLOCATE|[77]|Bytes:152
11:22:43.0 (735395)|HEAP_ALLOCATE|[342]|Bytes:408
11:22:43.0 (759938)|HEAP_ALLOCATE|[355]|Bytes:408
11:22:43.0 (780621)|HEAP_ALLOCATE|[467]|Bytes:48
11:22:43.0 (815187)|HEAP_ALLOCATE|[139]|Bytes:6
11:22:43.0 (871259)|HEAP_ALLOCATE|[EXTERNAL]|Bytes:252
11:22:43.0 (879197)|HEAP_ALLOCATE|[EXTERNAL]|Bytes:25
11:22:43.0 (889325)|SYSTEM_METHOD_ENTRY|[1]|RestRequest.RestRequest()
11:22:43.0 (895277)|STATEMENT_EXECUTE|[1]
11:22:43.0 (906148)|SYSTEM_METHOD_EXIT|[1]|RestRequest
11:22:43.0 (915333)|HEAP_ALLOCATE|[EXTERNAL]|Bytes:32
11:22:43.0 (941056)|HEAP_ALLOCATE|[EXTERNAL]|Bytes:8
11:22:43.0 (945302)|HEAP_ALLOCATE|[EXTERNAL]|Bytes:10
11:22:43.0 (952955)|VARIABLE_SCOPE_BEGIN|[16]|this|System.RestRequest|true|false
11:22:43.0 (1017284)|VARIABLE_ASSIGNMENT|[16]|this|{}|0x19c4e873
11:22:43.0 (1025976)|VARIABLE_SCOPE_BEGIN|[16]|request|java:com.force.swag.rest.RestRequest|true|false
11:22:43.0 (1206124)|VARIABLE_ASSIGNMENT|[16]|request|"com.force.swag.rest.RestRequestServletImpl@4447ada0"|0x4447ada0
11:22:43.0 (1216628)|VARIABLE_SCOPE_BEGIN|[16]|urlMapping|String|false|false
11:22:43.0 (1228359)|VARIABLE_ASSIGNMENT|[16]|urlMapping|"/Account/*"
11:22:43.0 (1739606)|HEAP_ALLOCATE|[EXTERNAL]|Bytes:32
11:22:43.0 (1747512)|HEAP_ALLOCATE|[EXTERNAL]|Bytes:6
11:22:43.0 (1750467)|HEAP_ALLOCATE|[EXTERNAL]|Bytes:3
11:22:43.0 (1755067)|VARIABLE_SCOPE_BEGIN|[28]|this|System.RestRequest|true|false
11:22:43.0 (1792578)|VARIABLE_ASSIGNMENT|[28]|this|{"headers":"0xcfd95c8","httpMethod":"POST","params":"0x27e0fc26","remoteAddress":"198.46.82.32","requestURI":"/Account","resourcePath":"/services/apexrest/A (8 more) ..."}|0x19c4e873
11:22:43.0 (1801410)|VARIABLE_SCOPE_BEGIN|[28]|name|String|false|false
11:22:43.0 (1809075)|VARIABLE_ASSIGNMENT|[28]|name|"Accept"
11:22:43.0 (1812955)|VARIABLE_SCOPE_BEGIN|[28]|value|String|false|false
11:22:43.0 (1821042)|VARIABLE_ASSIGNMENT|[28]|value|"\u002A/*"
11:22:43.0 (1919652)|HEAP_ALLOCATE|[EXTERNAL]|Bytes:32
11:22:43.0 (1926573)|HEAP_ALLOCATE|[EXTERNAL]|Bytes:11
11:22:43.0 (1929550)|HEAP_ALLOCATE|[EXTERNAL]|Bytes:44
11:22:43.0 (1933635)|VARIABLE_SCOPE_BEGIN|[28]|this|System.RestRequest|true|false
11:22:43.0 (1964301)|VARIABLE_ASSIGNMENT|[28]|this|{"headers":"0xcfd95c8","httpMethod":"POST","params":"0x27e0fc26","remoteAddress":"198.46.82.32","requestURI":"/Account","resourcePath":"/services/apexrest/A (8 more) ..."}|0x19c4e873
11:22:43.0 (1972237)|VARIABLE_SCOPE_BEGIN|[28]|name|String|false|false
11:22:43.0 (1979340)|VARIABLE_ASSIGNMENT|[28]|name|"CipherSuite"
11:22:43.0 (1983152)|VARIABLE_SCOPE_BEGIN|[28]|value|String|false|false
11:22:43.0 (1990098)|VARIABLE_ASSIGNMENT|[28]|value|"ECDHE-RSA-AES256-GCM (24 more) ..."
11:22:43.0 (2040128)|HEAP_ALLOCATE|[EXTERNAL]|Bytes:32
11:22:43.0 (2047183)|HEAP_ALLOCATE|[EXTERNAL]|Bytes:4
11:22:43.0 (2049973)|HEAP_ALLOCATE|[EXTERNAL]|Bytes:19
11:22:43.0 (2054027)|VARIABLE_SCOPE_BEGIN|[28]|this|System.RestRequest|true|false
11:22:43.0 (2083636)|VARIABLE_ASSIGNMENT|[28]|this|{"headers":"0xcfd95c8","httpMethod":"POST","params":"0x27e0fc26","remoteAddress":"198.46.82.32","requestURI":"/Account","resourcePath":"/services/apexrest/A (8 more) ..."}|0x19c4e873
11:22:43.0 (2092211)|VARIABLE_SCOPE_BEGIN|[28]|name|String|false|false
11:22:43.0 (2099070)|VARIABLE_ASSIGNMENT|[28]|name|"Host"
11:22:43.0 (2102584)|VARIABLE_SCOPE_BEGIN|[28]|value|String|false|false
11:22:43.0 (2108632)|VARIABLE_ASSIGNMENT|[28]|value|"cs12.salesforce.com"
11:22:43.0 (2182972)|HEAP_ALLOCATE|[EXTERNAL]|Bytes:32
11:22:43.0 (2189816)|HEAP_ALLOCATE|[EXTERNAL]|Bytes:16
11:22:43.0 (2193003)|HEAP_ALLOCATE|[EXTERNAL]|Bytes:12
11:22:43.0 (2197275)|VARIABLE_SCOPE_BEGIN|[28]|this|System.RestRequest|true|false
11:22:43.0 (2226495)|VARIABLE_ASSIGNMENT|[28]|this|{"headers":"0xcfd95c8","httpMethod":"POST","params":"0x27e0fc26","remoteAddress":"198.46.82.32","requestURI":"/Account","resourcePath":"/services/apexrest/A (8 more) ..."}|0x19c4e873
11:22:43.0 (2234264)|VARIABLE_SCOPE_BEGIN|[28]|name|String|false|false
11:22:43.0 (2241440)|VARIABLE_ASSIGNMENT|[28]|name|"X-Salesforce-SIP"
11:22:43.0 (2245447)|VARIABLE_SCOPE_BEGIN|[28]|value|String|false|false
11:22:43.0 (2251594)|VARIABLE_ASSIGNMENT|[28]|value|"198.46.82.32"
11:22:43.0 (2300146)|HEAP_ALLOCATE|[EXTERNAL]|Bytes:32
11:22:43.0 (2306325)|HEAP_ALLOCATE|[EXTERNAL]|Bytes:12
11:22:43.0 (2309080)|HEAP_ALLOCATE|[EXTERNAL]|Bytes:16
11:22:43.0 (2312859)|VARIABLE_SCOPE_BEGIN|[28]|this|System.RestRequest|true|false
11:22:43.0 (2341524)|VARIABLE_ASSIGNMENT|[28]|this|{"headers":"0xcfd95c8","httpMethod":"POST","params":"0x27e0fc26","remoteAddress":"198.46.82.32","requestURI":"/Account","resourcePath":"/services/apexrest/A (8 more) ..."}|0x19c4e873
11:22:43.0 (2348984)|VARIABLE_SCOPE_BEGIN|[28]|name|String|false|false
11:22:43.0 (2355799)|VARIABLE_ASSIGNMENT|[28]|name|"Content-Type"
11:22:43.0 (2359449)|VARIABLE_SCOPE_BEGIN|[28]|value|String|false|false
11:22:43.0 (2365608)|VARIABLE_ASSIGNMENT|[28]|value|"application/json"
11:22:43.0 (2461985)|HEAP_ALLOCATE|[EXTERNAL]|Bytes:156
11:22:43.0 (2470243)|HEAP_ALLOCATE|[EXTERNAL]|Bytes:10
11:22:43.0 (2478010)|SYSTEM_METHOD_ENTRY|[1]|RestResponse.RestResponse()
11:22:43.0 (2481942)|STATEMENT_EXECUTE|[1]
11:22:43.0 (2488186)|SYSTEM_METHOD_EXIT|[1]|RestResponse
11:22:43.0 (2494216)|HEAP_ALLOCATE|[EXTERNAL]|Bytes:16
11:22:43.0 (2499115)|VARIABLE_SCOPE_BEGIN|[7]|this|System.RestResponse|true|false
11:22:43.0 (2520388)|VARIABLE_ASSIGNMENT|[7]|this|{}|0x19d90fd9
11:22:43.0 (2658308)|VARIABLE_SCOPE_BEGIN|[4]|RestContext.request|System.RestRequest|true|true
11:22:43.0 (2672075)|VARIABLE_SCOPE_BEGIN|[5]|RestContext.response|System.RestResponse|true|true
11:22:43.0 (2682454)|HEAP_ALLOCATE|[EXTERNAL]|Bytes:112
11:22:43.0 (2687754)|HEAP_ALLOCATE|[EXTERNAL]|Bytes:5
11:22:43.0 (2694819)|SYSTEM_METHOD_ENTRY|[2]|RestContext.RestContext()
11:22:43.0 (2698398)|STATEMENT_EXECUTE|[2]
11:22:43.0 (2704700)|SYSTEM_METHOD_EXIT|[2]|RestContext
11:22:43.0 (2711843)|HEAP_ALLOCATE|[EXTERNAL]|Bytes:32
11:22:43.0 (2743856)|VARIABLE_ASSIGNMENT|[EXTERNAL]|RestContext.request|{"headers":"0xcfd95c8","httpMethod":"POST","params":"0x27e0fc26","remoteAddress":"198.46.82.32","requestURI":"/Account","resourcePath":"/services/apexrest/A (8 more) ..."}|0x19c4e873
11:22:43.0 (2760271)|HEAP_ALLOCATE|[EXTERNAL]|Bytes:16
11:22:43.0 (2780237)|VARIABLE_ASSIGNMENT|[EXTERNAL]|RestContext.response|{"headers":"0x608a9bef"}|0x19d90fd9
11:22:43.0 (3499368)|HEAP_ALLOCATE|[EXTERNAL]|Bytes:4
11:22:43.0 (3514174)|METHOD_ENTRY|[2]|01pV0000000LQk8|portalAccount.portalAccount()
11:22:43.0 (3520252)|STATEMENT_EXECUTE|[2]
11:22:43.0 (3523788)|STATEMENT_EXECUTE|[2]
11:22:43.0 (4111387)|SYSTEM_MODE_ENTER|false
11:22:43.0 (4132531)|HEAP_ALLOCATE|[EXTERNAL]|Bytes:5
11:22:43.0 (4144112)|SYSTEM_MODE_EXIT|false
11:22:43.0 (4153661)|METHOD_EXIT|[2]|portalAccount
11:22:43.0 (4160139)|HEAP_ALLOCATE|[EXTERNAL]|Bytes:7
11:22:43.0 (4163157)|HEAP_ALLOCATE|[EXTERNAL]|Bytes:7
11:22:43.0 (4165871)|HEAP_ALLOCATE|[EXTERNAL]|Bytes:14
11:22:43.0 (4168390)|HEAP_ALLOCATE|[EXTERNAL]|Bytes:6
11:22:43.0 (4171166)|HEAP_ALLOCATE|[EXTERNAL]|Bytes:4
11:22:43.0 (4173726)|HEAP_ALLOCATE|[EXTERNAL]|Bytes:6
11:22:43.0 (4176158)|HEAP_ALLOCATE|[EXTERNAL]|Bytes:25
11:22:43.0 (4178591)|HEAP_ALLOCATE|[EXTERNAL]|Bytes:12
11:22:43.0 (4181463)|HEAP_ALLOCATE|[EXTERNAL]|Bytes:12
11:22:43.0 (4183894)|HEAP_ALLOCATE|[EXTERNAL]|Bytes:13
11:22:43.0 (4186216)|HEAP_ALLOCATE|[EXTERNAL]|Bytes:5
11:22:43.0 (4188515)|HEAP_ALLOCATE|[EXTERNAL]|Bytes:9
11:22:43.0 (4190808)|HEAP_ALLOCATE|[EXTERNAL]|Bytes:10
11:22:43.0 (4193079)|HEAP_ALLOCATE|[EXTERNAL]|Bytes:6
11:22:43.0 (4195459)|HEAP_ALLOCATE|[EXTERNAL]|Bytes:5
11:22:43.0 (4203037)|VARIABLE_SCOPE_BEGIN|[31]|UID|String|false|false
11:22:43.0 (4213082)|VARIABLE_ASSIGNMENT|[31]|UID|"MLK-001"
11:22:43.0 (4217928)|VARIABLE_SCOPE_BEGIN|[31]|partner|String|false|false
11:22:43.0 (4224308)|VARIABLE_ASSIGNMENT|[31]|partner|"1.800MD"
11:22:43.0 (4228305)|VARIABLE_SCOPE_BEGIN|[31]|firstName|String|false|false
11:22:43.0 (4235150)|VARIABLE_ASSIGNMENT|[31]|firstName|"Manuela-Tester"
11:22:43.0 (4239182)|VARIABLE_SCOPE_BEGIN|[31]|lastName|String|false|false
11:22:43.0 (4245497)|VARIABLE_ASSIGNMENT|[31]|lastName|"Kayser"
11:22:43.0 (4260372)|VARIABLE_SCOPE_BEGIN|[31]|DOB|Date|false|false
11:22:43.0 (4295082)|VARIABLE_ASSIGNMENT|[31]|DOB|"1990-10-31T00:00:00.000Z"
11:22:43.0 (4306335)|VARIABLE_SCOPE_BEGIN|[31]|sex|String|false|false
11:22:43.0 (4315227)|VARIABLE_ASSIGNMENT|[31]|sex|"Female"
11:22:43.0 (4319515)|VARIABLE_SCOPE_BEGIN|[31]|email|String|false|false
11:22:43.0 (4327418)|VARIABLE_ASSIGNMENT|[31]|email|"manuela.lkayser@gmai (5 more) ..."
11:22:43.0 (4331741)|VARIABLE_SCOPE_BEGIN|[31]|homePhone|String|false|false
11:22:43.0 (4337857)|VARIABLE_ASSIGNMENT|[31]|homePhone|"111-222-3333"
11:22:43.0 (4341792)|VARIABLE_SCOPE_BEGIN|[31]|mobilePhone|String|false|false
11:22:43.0 (4348035)|VARIABLE_ASSIGNMENT|[31]|mobilePhone|"212-333-5555"
11:22:43.0 (4352285)|VARIABLE_SCOPE_BEGIN|[31]|country|String|false|false
11:22:43.0 (4358537)|VARIABLE_ASSIGNMENT|[31]|country|"United States"
11:22:43.0 (4362470)|VARIABLE_SCOPE_BEGIN|[31]|state|String|false|false
11:22:43.0 (4368319)|VARIABLE_ASSIGNMENT|[31]|state|"Maine"
11:22:43.0 (4372181)|VARIABLE_SCOPE_BEGIN|[31]|city|String|false|false
11:22:43.0 (4378338)|VARIABLE_ASSIGNMENT|[31]|city|"Kennebunk"
11:22:43.0 (4383050)|VARIABLE_SCOPE_BEGIN|[31]|streetAddress1|String|false|false
11:22:43.0 (4389198)|VARIABLE_ASSIGNMENT|[31]|streetAddress1|"1 Main ST."
11:22:43.0 (4393151)|VARIABLE_SCOPE_BEGIN|[31]|streetAddress2|String|false|false
11:22:43.0 (4399624)|VARIABLE_ASSIGNMENT|[31]|streetAddress2|"Apt. 9"
11:22:43.0 (4403409)|VARIABLE_SCOPE_BEGIN|[31]|zip|String|false|false
11:22:43.0 (4409109)|VARIABLE_ASSIGNMENT|[31]|zip|"04043"
11:22:43.0 (4431156)|SYSTEM_MODE_ENTER|false
11:22:43.0 (4440118)|HEAP_ALLOCATE|[33]|Bytes:5
11:22:43.0 (4446080)|STATEMENT_EXECUTE|[31]
11:22:43.0 (4447637)|STATEMENT_EXECUTE|[33]
11:22:43.0 (4452872)|VARIABLE_SCOPE_BEGIN|[33]|message|String|false|false
11:22:43.0 (4462219)|VARIABLE_ASSIGNMENT|[33]|message|""
11:22:43.0 (4466312)|STATEMENT_EXECUTE|[36]
11:22:43.0 (4468704)|HEAP_ALLOCATE|[36]|Bytes:2
11:22:43.0 (4480223)|HEAP_ALLOCATE|[36]|Bytes:18
11:22:43.0 (4486692)|VARIABLE_SCOPE_BEGIN|[36]|streetAddress|String|false|false
11:22:43.0 (4495541)|VARIABLE_ASSIGNMENT|[36]|streetAddress|"1 Main ST., Apt. 9"
11:22:43.0 (4500138)|STATEMENT_EXECUTE|[39]
11:22:43.0 (4502334)|HEAP_ALLOCATE|[39]|Bytes:69
11:22:43.0 (4518156)|HEAP_ALLOCATE|[39]|Bytes:4
11:22:43.0 (4529497)|HEAP_ALLOCATE|[39]|Bytes:7
11:22:43.0 (8508635)|SOQL_EXECUTE_BEGIN|[39]|Aggregations:0|SELECT Id FROM Account WHERE Source_Partner_UID__c = :tmpVar1 LIMIT 1
11:22:43.0 (8528129)|LIMIT_USAGE|[39]|SOQL|1|100
11:22:43.0 (8540536)|LIMIT_USAGE|[39]|AGGS|0|300
11:22:43.0 (15484341)|SOQL_EXECUTE_END|[39]|Rows:0
11:22:43.0 (15497446)|LIMIT_USAGE|[39]|SOQL_ROWS|0|50000
11:22:43.0 (15516118)|HEAP_ALLOCATE|[39]|Bytes:4
11:22:43.0 (15528564)|HEAP_ALLOCATE|[39]|Bytes:0
11:22:43.0 (15662174)|HEAP_ALLOCATE|[39]|Bytes:4
11:22:43.0 (15680075)|VARIABLE_SCOPE_BEGIN|[39]|a|List<Account>|true|false
11:22:43.0 (15699482)|VARIABLE_ASSIGNMENT|[39]|a|[]|0xe74ca3a
11:22:43.0 (15777153)|STATEMENT_EXECUTE|[40]
11:22:43.0 (15779752)|STATEMENT_EXECUTE|[43]
11:22:43.0 (15806200)|HEAP_ALLOCATE|[43]|Bytes:4
11:22:43.0 (15925202)|VARIABLE_SCOPE_BEGIN|[43]|account|Account|true|false
11:22:43.0 (15946786)|VARIABLE_ASSIGNMENT|[43]|account|{}|0x31184b28
11:22:43.0 (15953297)|STATEMENT_EXECUTE|[44]
11:22:43.0 (15957866)|HEAP_ALLOCATE|[44]|Bytes:102
11:22:43.0 (15973724)|HEAP_ALLOCATE|[44]|Bytes:4
11:22:43.0 (16273371)|SOQL_EXECUTE_BEGIN|[44]|Aggregations:0|SELECT Id FROM RecordType WHERE (SobjectType = 'Account' AND IsPersonType = TRUE AND Name = 'Patient')
11:22:43.0 (16285316)|LIMIT_USAGE|[44]|SOQL|2|100
11:22:43.0 (16294536)|LIMIT_USAGE|[44]|AGGS|0|300
11:22:43.0 (32907334)|SOQL_EXECUTE_END|[44]|Rows:1
11:22:43.0 (32920557)|LIMIT_USAGE|[44]|SOQL_ROWS|1|50000
11:22:43.0 (32937931)|HEAP_ALLOCATE|[44]|Bytes:8
11:22:43.0 (32951826)|HEAP_ALLOCATE|[44]|Bytes:29
11:22:43.0 (33025866)|HEAP_ALLOCATE|[44]|Bytes:8
11:22:43.0 (33041689)|HEAP_ALLOCATE|[44]|Bytes:36
11:22:43.0 (33078587)|HEAP_ALLOCATE|[44]|Bytes:8
11:22:43.0 (33213439)|VARIABLE_ASSIGNMENT|[44]|this.RecordTypeId|"012E0000000NFJvIAO"|0x31184b28
11:22:43.0 (33223643)|STATEMENT_EXECUTE|[45]
11:22:43.0 (33281088)|VARIABLE_ASSIGNMENT|[45]|this.Source_Partner__c|"1.800MD"|0x31184b28
11:22:43.0 (33290029)|STATEMENT_EXECUTE|[46]
11:22:43.0 (33335512)|VARIABLE_ASSIGNMENT|[46]|this.Source_Partner_UID__c|"MLK-001"|0x31184b28
11:22:43.0 (33343926)|STATEMENT_EXECUTE|[47]
11:22:43.0 (33394346)|VARIABLE_ASSIGNMENT|[47]|this.FirstName|"Manuela-Tester"|0x31184b28
11:22:43.0 (33402863)|STATEMENT_EXECUTE|[48]
11:22:43.0 (33443802)|VARIABLE_ASSIGNMENT|[48]|this.LastName|"Kayser"|0x31184b28
11:22:43.0 (33452042)|STATEMENT_EXECUTE|[49]
11:22:43.0 (33524173)|VARIABLE_ASSIGNMENT|[49]|this.PersonBirthdate|"1990-10-31T00:00:00.000Z"|0x31184b28
11:22:43.0 (33532995)|STATEMENT_EXECUTE|[50]
11:22:43.0 (33583156)|VARIABLE_ASSIGNMENT|[50]|this.Gender__c|"Female"|0x31184b28
11:22:43.0 (33591445)|STATEMENT_EXECUTE|[51]
11:22:43.0 (33648304)|VARIABLE_ASSIGNMENT|[51]|this.PersonEmail|"manuela.lkayser@gmai (5 more) ..."|0x31184b28
11:22:43.0 (33656769)|STATEMENT_EXECUTE|[52]
11:22:43.0 (33708845)|VARIABLE_ASSIGNMENT|[52]|this.PersonHomePhone|"111-222-3333"|0x31184b28
11:22:43.0 (33716951)|STATEMENT_EXECUTE|[53]
11:22:43.0 (33765606)|VARIABLE_ASSIGNMENT|[53]|this.PersonMobilePhone|"212-333-5555"|0x31184b28
11:22:43.0 (33773878)|STATEMENT_EXECUTE|[54]
11:22:43.0 (33824632)|VARIABLE_ASSIGNMENT|[54]|this.BillingCountry|"United States"|0x31184b28
11:22:43.0 (33832558)|STATEMENT_EXECUTE|[55]
11:22:43.0 (33874814)|VARIABLE_ASSIGNMENT|[55]|this.BillingState|"Maine"|0x31184b28
11:22:43.0 (33882863)|STATEMENT_EXECUTE|[56]
11:22:43.0 (33924562)|VARIABLE_ASSIGNMENT|[56]|this.BillingCity|"Kennebunk"|0x31184b28
11:22:43.0 (33932468)|STATEMENT_EXECUTE|[57]
11:22:43.0 (33974168)|VARIABLE_ASSIGNMENT|[57]|this.BillingStreet|"1 Main ST., Apt. 9"|0x31184b28
11:22:43.0 (33982019)|STATEMENT_EXECUTE|[58]
11:22:43.0 (34023666)|VARIABLE_ASSIGNMENT|[58]|this.BillingPostalCode|"04043"|0x31184b28
11:22:43.0 (34032429)|STATEMENT_EXECUTE|[61]
11:22:43.0 (34033620)|STATEMENT_EXECUTE|[61]
11:22:43.0 (34034699)|STATEMENT_EXECUTE|[63]
11:22:43.0 (34066299)|HEAP_ALLOCATE|[63]|Bytes:8
11:22:43.0 (34075615)|DML_BEGIN|[63]|Op:Insert|Type:Account|Rows:1
11:22:43.0 (34086949)|LIMIT_USAGE|[63]|DML|1|150
11:22:43.0 (34097227)|LIMIT_USAGE|[63]|DML_ROWS|1|10000
11:22:43.0 (34115560)|HEAP_ALLOCATE|[EXTERNAL]|Bytes:8
11:22:43.57 (57879633)|ENTERING_MANAGED_PKG|tz
11:22:43.57 (64392698)|ENTERING_MANAGED_PKG|tz
11:22:43.57 (65018731)|ENTERING_MANAGED_PKG|tz
11:22:43.57 (67508883)|ENTERING_MANAGED_PKG|tz
11:22:43.57 (67725125)|ENTERING_MANAGED_PKG|tz
11:22:43.57 (68232898)|ENTERING_MANAGED_PKG|tz
11:22:43.57 (71075840)|ENTERING_MANAGED_PKG|tz
11:22:43.57 (71262373)|ENTERING_MANAGED_PKG|tz
11:22:43.57 (72468068)|ENTERING_MANAGED_PKG|tz
11:22:43.57 (72719111)|ENTERING_MANAGED_PKG|tz
11:22:43.57 (72811749)|ENTERING_MANAGED_PKG|tz
11:22:43.57 (76714271)|ENTERING_MANAGED_PKG|tz
11:22:43.57 (76741620)|ENTERING_MANAGED_PKG|tz
11:22:43.57 (76961797)|ENTERING_MANAGED_PKG|tz
11:22:43.57 (77078114)|ENTERING_MANAGED_PKG|tz
11:22:43.57 (77263719)|ENTERING_MANAGED_PKG|tz
11:22:43.57 (78148129)|SOQL_EXECUTE_BEGIN|[369]|Aggregations:0|SELECT tz__Country__c FROM tz__lt_country_names__mdt WHERE MasterLabel = :tmpVar1
11:22:43.57 (89838859)|SOQL_EXECUTE_END|[369]|Rows:1
11:22:43.57 (90581431)|ENTERING_MANAGED_PKG|tz
11:22:43.57 (91565056)|SOQL_EXECUTE_BEGIN|[381]|Aggregations:0|SELECT tz__State__c FROM tz__lt_state_codes__mdt WHERE MasterLabel = :tmpVar1
11:22:43.57 (95977118)|SOQL_EXECUTE_END|[381]|Rows:1
11:22:43.57 (96527408)|ENTERING_MANAGED_PKG|tz
11:22:43.57 (97600820)|SOQL_EXECUTE_BEGIN|[392]|Aggregations:0|SELECT tz__Region__c, tz__Abbr__c, tz__DST_Abbr__c, tz__Offset__c, tz__DST_Offset__c, tz__Timezone_IANA__c FROM tz__lt_timezones__mdt WHERE MasterLabel = :tmpVar1
11:22:43.57 (126715904)|SOQL_EXECUTE_END|[392]|Rows:0
11:22:43.57 (127721394)|SOQL_EXECUTE_BEGIN|[415]|Aggregations:0|SELECT tz__Region__c, tz__Abbr__c, tz__DST_Abbr__c, tz__Offset__c, tz__DST_Offset__c, tz__Timezone_IANA__c FROM tz__lt_timezones__mdt WHERE MasterLabel = :tmpVar1
11:22:43.57 (141169659)|SOQL_EXECUTE_END|[415]|Rows:1
11:22:43.57 (141460783)|ENTERING_MANAGED_PKG|tz
11:22:43.57 (145118313)|SOQL_EXECUTE_BEGIN|[79]|Aggregations:0|SELECT tz__Full_Name__c FROM tz__lt_timezone_names__mdt WHERE MasterLabel = :tmpVar1
11:22:43.57 (150258089)|SOQL_EXECUTE_END|[79]|Rows:1
11:22:43.150 (150669864)|CUMULATIVE_LIMIT_USAGE
11:22:43.150 (150669864)|LIMIT_USAGE_FOR_NS|(default)|
  Number of SOQL queries: 2 out of 100
  Number of query rows: 1 out of 50000
  Number of SOSL queries: 0 out of 20
  Number of DML statements: 1 out of 150
  Number of DML rows: 1 out of 10000
  Maximum CPU time: 34 out of 10000
  Maximum heap size: 0 out of 6000000
  Number of callouts: 0 out of 100
  Number of Email Invocations: 0 out of 10
  Number of future calls: 0 out of 50
  Number of queueable jobs added to the queue: 0 out of 50
  Number of Mobile Apex push calls: 0 out of 10

11:22:43.150 (150669864)|LIMIT_USAGE_FOR_NS|tz|
  Number of SOQL queries: 0 out of 100
  Number of query rows: 4 out of 50000
  Number of SOSL queries: 0 out of 20
  Number of DML statements: 0 out of 150
  Number of DML rows: 0 out of 10000
  Maximum CPU time: 0 out of 10000
  Maximum heap size: 0 out of 6000000
  Number of callouts: 0 out of 100
  Number of Email Invocations: 0 out of 10
  Number of future calls: 0 out of 50
  Number of queueable jobs added to the queue: 0 out of 50
  Number of Mobile Apex push calls: 0 out of 10

11:22:43.150 (150669864)|CUMULATIVE_LIMIT_USAGE_END

11:22:43.0 (455270944)|CODE_UNIT_STARTED|[EXTERNAL]|Workflow:Account
11:22:43.0 (469205551)|WF_RULE_EVAL_BEGIN|Workflow
11:22:43.0 (469243595)|WF_CRITERIA_BEGIN|[Person Account: Manuela-Tester Kayser 001V000000VxnXh]|Set Billing Region|01Q440000001M85|ON_ALL_CHANGES|0
11:22:43.0 (469756603)|WF_FORMULA|Formula:ENCODED:[treatNullAsNull](ISNEW() && NOT(ISBLANK({!ID:BillingCountry})))
&#124;&#124;
ISCHANGED({!ID:BillingCountry})|Values:BillingCountry=United States
11:22:43.0 (469770355)|WF_CRITERIA_END|true
11:22:43.0 (470689709)|WF_CRITERIA_BEGIN|[Person Account: Manuela-Tester Kayser 001V000000VxnXh]|New_Patient_Case_Update_Acct_Patient_Case_Number301E0000000g3t8|01QE0000000kIlb|ON_ALL_CHANGES|0
11:22:43.0 (470742793)|WF_FORMULA|Formula:ENCODED:[treatNullAsNull]true|Values:
11:22:43.0 (470750347)|WF_CRITERIA_END|true
11:22:43.0 (470774510)|WF_CRITERIA_BEGIN|[Person Account: Manuela-Tester Kayser 001V000000VxnXh]|Set Phone on Patient Accounts|01QE0000000Ubik|ON_ALL_CHANGES|0
11:22:43.0 (471359506)|WF_FORMULA|Formula:ENCODED:[treatNullAsNull]ISCHANGED({!ID:00NE0000005flNw}) &#124;&#124; ISCHANGED({!ID:PersonHomePhone}) &#124;&#124; ISCHANGED({!ID:00NE0000005flO2}) &#124;&#124; ISCHANGED({!ID:PersonMobilePhone})|Values:PersonHomePhone=111-222-3333, Preferred_Contact_Method__c=null, PersonMobilePhone=212-333-5555, Work_Phone__c=null
11:22:43.0 (471373390)|WF_CRITERIA_END|false
11:22:43.0 (471391107)|WF_CRITERIA_BEGIN|[Person Account: Manuela-Tester Kayser 001V000000VxnXh]|Notify - New Member Portal Account|01QV00000001JfJ|ON_CREATE_ONLY|0
11:22:43.0 (472400169)|WF_FORMULA|Formula:ENCODED:[treatNullAsNull]{!ID:CreatedBy.Profile} = "00eE0000000afh0"
&#124;&#124;
{!ID:CreatedBy.Profile} = "00eE0000000afgq"|Values:CreatedBy.ProfileId=00eE0000000zEde
11:22:43.0 (472411789)|WF_CRITERIA_END|false
11:22:43.0 (472430063)|WF_CRITERIA_BEGIN|[Person Account: Manuela-Tester Kayser 001V000000VxnXh]|Patient_Name_Changed301E0000000LL3k|01QE0000000Ubkb|ON_RECURSIVE_UPDATE|0
11:22:43.0 (472472248)|WF_FORMULA|Formula:ENCODED:[treatNullAsNull]true|Values:
11:22:43.0 (472479409)|WF_CRITERIA_END|true
11:22:43.0 (472500789)|WF_CRITERIA_BEGIN|[Person Account: Manuela-Tester Kayser 001V000000VxnXh]|Patient_Region_Update_Case30144000000U2Wf|01Q440000001M8A|ON_ALL_CHANGES|0
11:22:43.0 (472537690)|WF_FORMULA|Formula:ENCODED:[treatNullAsNull]true|Values:
11:22:43.0 (472544278)|WF_CRITERIA_END|true
11:22:43.0 (472563477)|WF_CRITERIA_BEGIN|[Person Account: Manuela-Tester Kayser 001V000000VxnXh]|New_Patient_Account_Create_MRN_Number301E0000000LLLI|01QE0000000kKA8|ON_CREATE_ONLY|0
11:22:43.0 (472602321)|WF_FORMULA|Formula:ENCODED:[treatNullAsNull]true|Values:
11:22:43.0 (472609393)|WF_CRITERIA_END|true
11:22:43.0 (472628679)|WF_CRITERIA_BEGIN|[Person Account: Manuela-Tester Kayser 001V000000VxnXh]|Step_1_Create_Patient_Registration_Record301V0000000641t|01QV00000001NNJ|ON_CREATE_ONLY|0
11:22:43.0 (472669331)|WF_FORMULA|Formula:ENCODED:[treatNullAsNull]true|Values:
11:22:43.0 (472676158)|WF_CRITERIA_END|true
11:22:43.0 (472694497)|WF_SPOOL_ACTION_BEGIN|Workflow
11:22:43.0 (476879185)|WF_FIELD_UPDATE|[Person Account: Manuela-Tester Kayser 001V000000VxnXh]|Field:Person Account: Billing Region|Value:North America|Id=04Y44000000DmyD|CurrentRule:Set Billing Region (Id=01Q440000001M85)
11:22:43.0 (476955518)|WF_ACTION| Field Update: 1; Flow Trigger: 5;
11:22:43.0 (476963703)|WF_RULE_EVAL_END
11:22:43.479 (479004590)|ENTERING_MANAGED_PKG|tz
11:22:43.479 (479137933)|ENTERING_MANAGED_PKG|tz
11:22:43.479 (480060659)|ENTERING_MANAGED_PKG|tz
11:22:43.479 (480231948)|ENTERING_MANAGED_PKG|tz
11:22:43.479 (480580059)|ENTERING_MANAGED_PKG|tz
11:22:43.479 (481653493)|ENTERING_MANAGED_PKG|tz
11:22:43.479 (481828887)|ENTERING_MANAGED_PKG|tz
11:22:43.479 (482503309)|ENTERING_MANAGED_PKG|tz
11:22:43.479 (482666541)|ENTERING_MANAGED_PKG|tz
11:22:43.479 (482744953)|ENTERING_MANAGED_PKG|tz
11:22:43.479 (483470915)|ENTERING_MANAGED_PKG|tz
11:22:43.479 (483680949)|ENTERING_MANAGED_PKG|tz
11:22:43.479 (483711694)|ENTERING_MANAGED_PKG|tz
11:22:43.479 (483823821)|ENTERING_MANAGED_PKG|tz
11:22:43.479 (484238211)|SOQL_EXECUTE_BEGIN|[369]|Aggregations:0|SELECT tz__Country__c FROM tz__lt_country_names__mdt WHERE MasterLabel = :tmpVar1
11:22:43.479 (490188358)|SOQL_EXECUTE_END|[369]|Rows:1
11:22:43.479 (490653766)|ENTERING_MANAGED_PKG|tz
11:22:43.479 (490941713)|SOQL_EXECUTE_BEGIN|[381]|Aggregations:0|SELECT tz__State__c FROM tz__lt_state_codes__mdt WHERE MasterLabel = :tmpVar1
11:22:43.479 (494041696)|SOQL_EXECUTE_END|[381]|Rows:1
11:22:43.479 (494395761)|ENTERING_MANAGED_PKG|tz
11:22:43.479 (494823172)|SOQL_EXECUTE_BEGIN|[392]|Aggregations:0|SELECT tz__Region__c, tz__Abbr__c, tz__DST_Abbr__c, tz__Offset__c, tz__DST_Offset__c, tz__Timezone_IANA__c FROM tz__lt_timezones__mdt WHERE MasterLabel = :tmpVar1
11:22:43.479 (512095436)|SOQL_EXECUTE_END|[392]|Rows:0
11:22:43.479 (512744351)|SOQL_EXECUTE_BEGIN|[415]|Aggregations:0|SELECT tz__Region__c, tz__Abbr__c, tz__DST_Abbr__c, tz__Offset__c, tz__DST_Offset__c, tz__Timezone_IANA__c FROM tz__lt_timezones__mdt WHERE MasterLabel = :tmpVar1
11:22:43.479 (526087540)|SOQL_EXECUTE_END|[415]|Rows:1
11:22:43.479 (526285561)|ENTERING_MANAGED_PKG|tz
11:22:43.479 (527931716)|SOQL_EXECUTE_BEGIN|[79]|Aggregations:0|SELECT tz__Full_Name__c FROM tz__lt_timezone_names__mdt WHERE MasterLabel = :tmpVar1
11:22:43.479 (531217125)|SOQL_EXECUTE_END|[79]|Rows:1
11:22:43.531 (531472762)|CUMULATIVE_LIMIT_USAGE
11:22:43.531 (531472762)|LIMIT_USAGE_FOR_NS|(default)|
  Number of SOQL queries: 2 out of 100
  Number of query rows: 1 out of 50000
  Number of SOSL queries: 0 out of 20
  Number of DML statements: 1 out of 150
  Number of DML rows: 1 out of 10000
  Maximum CPU time: 102 out of 10000
  Maximum heap size: 0 out of 6000000
  Number of callouts: 0 out of 100
  Number of Email Invocations: 0 out of 10
  Number of future calls: 0 out of 50
  Number of queueable jobs added to the queue: 0 out of 50
  Number of Mobile Apex push calls: 0 out of 10

11:22:43.531 (531472762)|LIMIT_USAGE_FOR_NS|tz|
  Number of SOQL queries: 0 out of 100
  Number of query rows: 8 out of 50000
  Number of SOSL queries: 0 out of 20
  Number of DML statements: 0 out of 150
  Number of DML rows: 0 out of 10000
  Maximum CPU time: 0 out of 10000
  Maximum heap size: 0 out of 6000000
  Number of callouts: 0 out of 100
  Number of Email Invocations: 0 out of 10
  Number of future calls: 0 out of 50
  Number of queueable jobs added to the queue: 0 out of 50
  Number of Mobile Apex push calls: 0 out of 10

11:22:43.531 (531472762)|CUMULATIVE_LIMIT_USAGE_END

11:22:43.0 (576466570)|WF_FLOW_ACTION_BEGIN|09LV0000000Cw9e
11:22:43.576 (576589652)|FLOW_CREATE_INTERVIEW_BEGIN|00DV000000892HU|300V00000004RMN|301V0000000641t
11:22:43.576 (579107622)|FLOW_CREATE_INTERVIEW_END|73758442c4074adf57f3264a433415fe4872a27-56ff|Step 1 : Create Patient Registration Record
11:22:43.579 (579664460)|FLOW_START_INTERVIEWS_BEGIN|1
11:22:43.579 (579693878)|FLOW_START_INTERVIEW_BEGIN|73758442c4074adf57f3264a433415fe4872a27-56ff|Step 1 : Create Patient Registration Record
11:22:43.579 (612132727)|FLOW_START_INTERVIEW_END|73758442c4074adf57f3264a433415fe4872a27-56ff|Step 1 : Create Patient Registration Record
11:22:43.579 (626981126)|LIMIT_USAGE|[EXTERNAL]|FIELDSETS_DESCRIBES|1|100
11:22:43.579 (627026866)|LIMIT_USAGE|[EXTERNAL]|FIELDSETS_DESCRIBES|2|100
11:22:43.579 (627102966)|LIMIT_USAGE|[EXTERNAL]|DML|2|150
11:22:43.579 (627121568)|LIMIT_USAGE|[EXTERNAL]|DML_ROWS|2|10000
11:22:43.579 (658413313)|FLOW_START_INTERVIEWS_END|1
11:22:43.0 (660289563)|WF_FLOW_ACTION_END|09LV0000000Cw9e
11:22:43.0 (660315081)|WF_FLOW_ACTION_BEGIN|09L44000000GtJE
11:22:43.660 (660421338)|FLOW_CREATE_INTERVIEW_BEGIN|00DV000000892HU|300E0000000g0Q9|30144000000U2Wf
11:22:43.660 (662694679)|FLOW_CREATE_INTERVIEW_END|73768442c4074adf57f3264a433415fe4872a27-56fe|Patient Billing Region Updated - Update Case
11:22:43.663 (663077497)|FLOW_START_INTERVIEWS_BEGIN|1
11:22:43.663 (663101034)|FLOW_START_INTERVIEW_BEGIN|73768442c4074adf57f3264a433415fe4872a27-56fe|Patient Billing Region Updated - Update Case
11:22:43.663 (672801385)|FLOW_START_INTERVIEW_END|73768442c4074adf57f3264a433415fe4872a27-56fe|Patient Billing Region Updated - Update Case
11:22:43.663 (672818865)|FLOW_START_INTERVIEWS_END|1
11:22:43.0 (673756613)|WF_FLOW_ACTION_END|09L44000000GtJE
11:22:43.0 (673779836)|WF_FLOW_ACTION_BEGIN|09LE0000000fyq4
11:22:43.673 (673873747)|FLOW_CREATE_INTERVIEW_BEGIN|00DV000000892HU|300E0000000g0pE|301E0000000g3t8
11:22:43.673 (676112632)|FLOW_CREATE_INTERVIEW_END|73778442c4074adf57f3264a433415fe4872a27-56fd|New Acq Site Case - Update Account "Current Patient Case Number"
11:22:43.676 (676417580)|FLOW_START_INTERVIEWS_BEGIN|1
11:22:43.676 (676440370)|FLOW_START_INTERVIEW_BEGIN|73778442c4074adf57f3264a433415fe4872a27-56fd|New Acq Site Case - Update Account "Current Patient Case Number"
11:22:43.676 (683615862)|FLOW_START_INTERVIEW_END|73778442c4074adf57f3264a433415fe4872a27-56fd|New Acq Site Case - Update Account "Current Patient Case Number"
11:22:43.676 (683633800)|FLOW_START_INTERVIEWS_END|1
11:22:43.0 (684550736)|WF_FLOW_ACTION_END|09LE0000000fyq4
11:22:43.0 (684575552)|WF_FLOW_ACTION_BEGIN|09LE000000001TC
11:22:43.684 (684687774)|FLOW_CREATE_INTERVIEW_BEGIN|00DV000000892HU|300E0000000LVQ2|301E0000000LL3k
11:22:43.684 (687018595)|FLOW_CREATE_INTERVIEW_END|73788442c4074adf57f3264a433415fe4872a27-56fc|Patient Name Changed
11:22:43.687 (687386126)|FLOW_START_INTERVIEWS_BEGIN|1
11:22:43.687 (687410238)|FLOW_START_INTERVIEW_BEGIN|73788442c4074adf57f3264a433415fe4872a27-56fc|Patient Name Changed
11:22:43.687 (694365714)|FLOW_START_INTERVIEW_END|73788442c4074adf57f3264a433415fe4872a27-56fc|Patient Name Changed
11:22:43.687 (694382776)|FLOW_START_INTERVIEWS_END|1
11:22:43.0 (695284768)|WF_FLOW_ACTION_END|09LE000000001TC
11:22:43.0 (695307290)|WF_FLOW_ACTION_BEGIN|09LE0000000fzLC
11:22:43.695 (695399078)|FLOW_CREATE_INTERVIEW_BEGIN|00DV000000892HU|300E0000000LVTs|301E0000000LLLI
11:22:43.695 (697307305)|FLOW_CREATE_INTERVIEW_END|73798442c4074adf57f3264a433415fe4872a27-56fb|New Patient - Create MRN Number
11:22:43.697 (697593302)|FLOW_START_INTERVIEWS_BEGIN|1
11:22:43.697 (697614410)|FLOW_START_INTERVIEW_BEGIN|73798442c4074adf57f3264a433415fe4872a27-56fb|New Patient - Create MRN Number
11:22:43.697 (705964226)|FLOW_START_INTERVIEW_END|73798442c4074adf57f3264a433415fe4872a27-56fb|New Patient - Create MRN Number
11:22:43.697 (711818936)|LIMIT_USAGE|[EXTERNAL]|FIELDSETS_DESCRIBES|3|100
11:22:43.697 (711849026)|LIMIT_USAGE|[EXTERNAL]|FIELDSETS_DESCRIBES|4|100
11:22:43.697 (711892734)|LIMIT_USAGE|[EXTERNAL]|DML|3|150
11:22:43.697 (711903657)|LIMIT_USAGE|[EXTERNAL]|DML_ROWS|3|10000
11:22:43.735 (735093030)|CODE_UNIT_STARTED|[EXTERNAL]|Workflow:01IE0000000uWmw
11:22:43.735 (773660258)|WF_RULE_EVAL_BEGIN|Workflow
11:22:43.735 (773711759)|WF_CRITERIA_BEGIN|[MRN Number: MRN-6402 a0PV00000032eL4]|New_MRN_Number_Update_Patient301E0000000LLLH|01QE0000000kKA3|ON_RECURSIVE_UPDATE|0
11:22:43.735 (773867526)|WF_FORMULA|Formula:ENCODED:[treatNullAsNull]true|Values:
11:22:43.735 (773878018)|WF_CRITERIA_END|true
11:22:43.735 (774643377)|WF_SPOOL_ACTION_BEGIN|Workflow
11:22:43.735 (774680932)|WF_ACTION| Flow Trigger: 1;
11:22:43.735 (774687398)|WF_RULE_EVAL_END
11:22:43.735 (774727901)|WF_FLOW_ACTION_BEGIN|09LE0000000fzL7
11:22:43.774 (774817905)|FLOW_CREATE_INTERVIEW_BEGIN|00DV000000892HU|300E0000000LVTr|301E0000000LLLH
11:22:43.774 (777137863)|FLOW_CREATE_INTERVIEW_END|73808442c4074adf57f3264a433415fe4872a27-56fa|New MRN Number - Update Patient
11:22:43.777 (777574421)|FLOW_START_INTERVIEWS_BEGIN|1
11:22:43.777 (777599522)|FLOW_START_INTERVIEW_BEGIN|73808442c4074adf57f3264a433415fe4872a27-56fa|New MRN Number - Update Patient
11:22:43.777 (778709026)|FLOW_START_INTERVIEW_END|73808442c4074adf57f3264a433415fe4872a27-56fa|New MRN Number - Update Patient
11:22:43.777 (880809190)|LIMIT_USAGE|[EXTERNAL]|FIELDSETS_DESCRIBES|5|100
11:22:43.777 (880889197)|LIMIT_USAGE|[EXTERNAL]|FIELDSETS_DESCRIBES|6|100
11:22:43.777 (886761991)|LIMIT_USAGE|[EXTERNAL]|SOQL_ROWS|2|50000
11:22:43.777 (886780109)|LIMIT_USAGE|[EXTERNAL]|SOQL|3|100
11:22:43.777 (886786751)|LIMIT_USAGE|[EXTERNAL]|AGGS|1|300
11:22:43.777 (886853233)|LIMIT_USAGE|[EXTERNAL]|DML|4|150
11:22:43.777 (886864481)|LIMIT_USAGE|[EXTERNAL]|DML_ROWS|4|10000
11:22:43.899 (899080008)|ENTERING_MANAGED_PKG|tz
11:22:43.899 (899269497)|ENTERING_MANAGED_PKG|tz
11:22:43.899 (900469357)|ENTERING_MANAGED_PKG|tz
11:22:43.899 (900657678)|ENTERING_MANAGED_PKG|tz
11:22:43.899 (901025397)|ENTERING_MANAGED_PKG|tz
11:22:43.899 (901972997)|ENTERING_MANAGED_PKG|tz
11:22:43.899 (902142276)|ENTERING_MANAGED_PKG|tz
11:22:43.899 (902840620)|ENTERING_MANAGED_PKG|tz
11:22:43.899 (902997950)|ENTERING_MANAGED_PKG|tz
11:22:43.899 (903054482)|ENTERING_MANAGED_PKG|tz
11:22:43.899 (903790003)|ENTERING_MANAGED_PKG|tz
11:22:43.899 (903980780)|ENTERING_MANAGED_PKG|tz
11:22:43.899 (904012901)|ENTERING_MANAGED_PKG|tz
11:22:43.899 (904126175)|ENTERING_MANAGED_PKG|tz
11:22:43.899 (904507554)|SOQL_EXECUTE_BEGIN|[369]|Aggregations:0|SELECT tz__Country__c FROM tz__lt_country_names__mdt WHERE MasterLabel = :tmpVar1
11:22:43.899 (910944830)|SOQL_EXECUTE_END|[369]|Rows:1
11:22:43.899 (911424648)|ENTERING_MANAGED_PKG|tz
11:22:43.899 (911730954)|SOQL_EXECUTE_BEGIN|[381]|Aggregations:0|SELECT tz__State__c FROM tz__lt_state_codes__mdt WHERE MasterLabel = :tmpVar1
11:22:43.899 (914951866)|SOQL_EXECUTE_END|[381]|Rows:1
11:22:43.899 (915286579)|ENTERING_MANAGED_PKG|tz
11:22:43.899 (915722613)|SOQL_EXECUTE_BEGIN|[392]|Aggregations:0|SELECT tz__Region__c, tz__Abbr__c, tz__DST_Abbr__c, tz__Offset__c, tz__DST_Offset__c, tz__Timezone_IANA__c FROM tz__lt_timezones__mdt WHERE MasterLabel = :tmpVar1
11:22:43.899 (928606472)|SOQL_EXECUTE_END|[392]|Rows:0
11:22:43.899 (929206974)|SOQL_EXECUTE_BEGIN|[415]|Aggregations:0|SELECT tz__Region__c, tz__Abbr__c, tz__DST_Abbr__c, tz__Offset__c, tz__DST_Offset__c, tz__Timezone_IANA__c FROM tz__lt_timezones__mdt WHERE MasterLabel = :tmpVar1
11:22:43.899 (942212745)|SOQL_EXECUTE_END|[415]|Rows:1
11:22:43.899 (942412763)|ENTERING_MANAGED_PKG|tz
11:22:43.899 (944007695)|SOQL_EXECUTE_BEGIN|[79]|Aggregations:0|SELECT tz__Full_Name__c FROM tz__lt_timezone_names__mdt WHERE MasterLabel = :tmpVar1
11:22:43.899 (947349981)|SOQL_EXECUTE_END|[79]|Rows:1
11:22:43.947 (947598883)|CUMULATIVE_LIMIT_USAGE
11:22:43.947 (947598883)|LIMIT_USAGE_FOR_NS|(default)|
  Number of SOQL queries: 3 out of 100
  Number of query rows: 2 out of 50000
  Number of SOSL queries: 0 out of 20
  Number of DML statements: 4 out of 150
  Number of DML rows: 4 out of 10000
  Maximum CPU time: 290 out of 10000
  Maximum heap size: 0 out of 6000000
  Number of callouts: 0 out of 100
  Number of Email Invocations: 0 out of 10
  Number of future calls: 0 out of 50
  Number of queueable jobs added to the queue: 0 out of 50
  Number of Mobile Apex push calls: 0 out of 10

11:22:43.947 (947598883)|LIMIT_USAGE_FOR_NS|tz|
  Number of SOQL queries: 0 out of 100
  Number of query rows: 12 out of 50000
  Number of SOSL queries: 0 out of 20
  Number of DML statements: 0 out of 150
  Number of DML rows: 0 out of 10000
  Maximum CPU time: 0 out of 10000
  Maximum heap size: 0 out of 6000000
  Number of callouts: 0 out of 100
  Number of Email Invocations: 0 out of 10
  Number of future calls: 0 out of 50
  Number of queueable jobs added to the queue: 0 out of 50
  Number of Mobile Apex push calls: 0 out of 10

11:22:43.947 (947598883)|CUMULATIVE_LIMIT_USAGE_END

11:22:43.735 (984970953)|WF_FLOW_ACTION_END|09LE0000000fzL7
11:22:43.735 (985082999)|WF_ACTIONS_END| Flow Trigger: 1;
11:22:43.735 (985098600)|CODE_UNIT_FINISHED|Workflow:01IE0000000uWmw
11:22:43.697 (986168273)|FLOW_START_INTERVIEWS_END|1
11:22:43.0 (986720005)|WF_FLOW_ACTION_END|09LE0000000fzLC
11:22:43.0 (986794768)|WF_RULE_EVAL_BEGIN|Workflow
11:22:43.0 (986836245)|WF_CRITERIA_BEGIN|[Person Account: Manuela-Tester Kayser 001V000000VxnXh]|Set Phone on Patient Accounts|01QE0000000Ubik|ON_ALL_CHANGES|1
11:22:43.0 (987077203)|WF_FORMULA|Formula:ENCODED:[treatNullAsNull]ISCHANGED({!ID:00NE0000005flNw}) &#124;&#124; ISCHANGED({!ID:PersonHomePhone}) &#124;&#124; ISCHANGED({!ID:00NE0000005flO2}) &#124;&#124; ISCHANGED({!ID:PersonMobilePhone})|Values:PersonHomePhone=111-222-3333, Preferred_Contact_Method__c=null, PersonMobilePhone=212-333-5555, Work_Phone__c=null
11:22:43.0 (987092259)|WF_CRITERIA_END|false
11:22:43.0 (987110446)|WF_CRITERIA_BEGIN|[Person Account: Manuela-Tester Kayser 001V000000VxnXh]|Notify - New Member Portal Account|01QV00000001JfJ|ON_CREATE_ONLY|1
11:22:43.0 (987230699)|WF_FORMULA|Formula:ENCODED:[treatNullAsNull]{!ID:CreatedBy.Profile} = "00eE0000000afh0"
&#124;&#124;
{!ID:CreatedBy.Profile} = "00eE0000000afgq"|Values:CreatedBy.ProfileId=00eE0000000zEde
11:22:43.0 (987240542)|WF_CRITERIA_END|false
11:22:43.0 (987256511)|WF_CRITERIA_BEGIN|[Person Account: Manuela-Tester Kayser 001V000000VxnXh]|Patient_Name_Changed301E0000000LL3k|01QE0000000Ubkb|ON_RECURSIVE_UPDATE|1
11:22:43.0 (987267895)|WF_CRITERIA_END|true
11:22:43.0 (987290687)|WF_SPOOL_ACTION_BEGIN|Workflow
11:22:43.0 (987312373)|WF_ACTION| Flow Trigger: 1;
11:22:43.0 (987317754)|WF_RULE_EVAL_END
11:22:43.0 (987346203)|WF_FLOW_ACTION_BEGIN|09LE000000001TC
11:22:43.987 (987424894)|FLOW_CREATE_INTERVIEW_BEGIN|00DV000000892HU|300E0000000LVQ2|301E0000000LL3k
11:22:43.987 (987486923)|FLOW_CREATE_INTERVIEW_END|73818442c4074adf57f3264a433415fe4872a27-56f9|Patient Name Changed
11:22:43.987 (987943025)|FLOW_START_INTERVIEWS_BEGIN|1
11:22:43.987 (987966221)|FLOW_START_INTERVIEW_BEGIN|73818442c4074adf57f3264a433415fe4872a27-56f9|Patient Name Changed
11:22:43.987 (994347648)|FLOW_START_INTERVIEW_END|73818442c4074adf57f3264a433415fe4872a27-56f9|Patient Name Changed
11:22:43.987 (994360874)|FLOW_START_INTERVIEWS_END|1
11:22:43.0 (995163889)|WF_FLOW_ACTION_END|09LE000000001TC
11:22:43.0 (995253199)|WF_ACTIONS_END| Field Update: 1; Flow Trigger: 6;
11:22:43.0 (995262819)|CODE_UNIT_FINISHED|Workflow:Account
11:22:43.0 (995864738)|DML_END|[63]
11:22:43.0 (995894250)|STATEMENT_EXECUTE|[64]
11:22:43.0 (995907420)|HEAP_ALLOCATE|[64]|Bytes:35
11:22:43.0 (995921719)|HEAP_ALLOCATE|[64]|Bytes:1
11:22:43.0 (995926591)|HEAP_ALLOCATE|[64]|Bytes:9
11:22:43.0 (996063290)|HEAP_ALLOCATE|[64]|Bytes:18
11:22:43.0 (996092887)|HEAP_ALLOCATE|[64]|Bytes:83
11:22:43.0 (996116075)|VARIABLE_ASSIGNMENT|[64]|message|"Succes: account reco (63 more) ..."
11:22:43.0 (996124382)|STATEMENT_EXECUTE|[75]
11:22:43.0 (996132390)|SYSTEM_MODE_EXIT|false
11:22:44.126 (1126402419)|CUMULATIVE_LIMIT_USAGE
11:22:44.126 (1126402419)|LIMIT_USAGE_FOR_NS|(default)|
  Number of SOQL queries: 3 out of 100
  Number of query rows: 2 out of 50000
  Number of SOSL queries: 0 out of 20
  Number of DML statements: 4 out of 150
  Number of DML rows: 4 out of 10000
  Maximum CPU time: 290 out of 10000
  Maximum heap size: 0 out of 6000000
  Number of callouts: 0 out of 100
  Number of Email Invocations: 0 out of 10
  Number of future calls: 0 out of 50
  Number of queueable jobs added to the queue: 0 out of 50
  Number of Mobile Apex push calls: 0 out of 10

11:22:44.126 (1126402419)|LIMIT_USAGE_FOR_NS|tz|
  Number of SOQL queries: 0 out of 100
  Number of query rows: 12 out of 50000
  Number of SOSL queries: 0 out of 20
  Number of DML statements: 0 out of 150
  Number of DML rows: 0 out of 10000
  Maximum CPU time: 0 out of 10000
  Maximum heap size: 0 out of 6000000
  Number of callouts: 0 out of 100
  Number of Email Invocations: 0 out of 10
  Number of future calls: 0 out of 50
  Number of queueable jobs added to the queue: 0 out of 50
  Number of Mobile Apex push calls: 0 out of 10

11:22:44.126 (1126402419)|TOTAL_EMAIL_RECIPIENTS_QUEUED|0
11:22:44.126 (1126402419)|STATIC_VARIABLE_LIST|
  String:_sfdcAdditionalCodeLocations:0
  String:_static_REGION_EUROPE:0
  String:_static_REGION_NA:0
  String:_static_LT_CONTACT:0
  long:serialVersionUID:0
  Boolean:_static_AccountBeforeUpdateProcessing:0
  String:_sfdcAdditionalCodeLocations:0
  double:MAX_VALUE:0
  long:serialVersionUID:0
  int:SIZE:0
  String:_sfdcAdditionalCodeLocations:0
  int:MAX_VALUE:0
  String:_sfdcAdditionalCodeLocations:0
  String:_static_LT_CASE:0
  int:MIN_VALUE:0
  char[]:DigitOnes:0
  String:_static_LT_OPPORTUNITY:0
  String:_static_LEAD_FILTER:0
  int:MIN_EXPONENT:0
  String:_static_REGION_ASIA:0
  int:MAX_EXPONENT:0
  String:_static_ACCOUNT_FILTER:0
  String:_static_LT_ACTIVITY:0
  int:BYTES:0
  char[]:DigitTens:0
  long:serialVersionUID:0
  String:_static_LT_LEAD:0
  String:_sfdcAdditionalCodeLocations:0
  Boolean:FALSE:0
  String:_sfdcAdditionalCodeLocations:0
  String:_static_ss_email:0
  String:__sfdcInnerTypes:0
  Boolean:_static_LocalTimeBatchProcessing:0
  double:MIN_VALUE:0
  String:_sfdcAdditionalCodeLocations:0
  double:NEGATIVE_INFINITY:0
  String:_static_NOT_AVAILABLE:0
  String:_static_REGION_ISRAEL:0
  char[]:digits:0
  String:_static_LT_TASK:0
  String:_static_LT_DATA_WS:0
  double:NaN:0
  Boolean:TRUE:0
  String:_static_REGION_AFRICA:0
  String:_static_REGION_NZ:0
  String:_static_LT_ACCOUNT:0
  String:_static_REGION_SA:0
  Boolean:_static_LeadBeforeUpdateProcessing:0
  String:__sfdcProperties:0
  int:BYTES:0
  Boolean:_static_CaseAfterUpdateProcessing:0
  String:_sfdcAdditionalCodeLocations:0
  String:_sfdcAdditionalCodeLocations:0
  int[]:sizeTable:0
  String:__sfdcProperties:0
  String:__sfdcProperties:0
  String:_static_REGION_OCEANIA:0
  int:SIZE:0
  double:POSITIVE_INFINITY:0
  String:_static_NONE:0
  String:_sfdcAdditionalCodeLocations:0
  String:_static_CONTACT_FILTER:0
  double:MIN_NORMAL:0
  String:_static_LT_DST_WS:0
  String:_static_LT_PERSON_ACCOUNT:0
  Boolean:_static_ContactBeforeUpdateProcessing:0

11:22:44.126 (1126402419)|CUMULATIVE_LIMIT_USAGE_END

11:22:44.126 (1126653303)|CODE_UNIT_FINISHED|portalAccount.CreateNewAccount
11:22:44.126 (1128193943)|EXECUTION_FINISHED
11:22:44.138 (1138214114)|CUMULATIVE_PROFILING_BEGIN
11:22:44.138 (1138214114)|CUMULATIVE_PROFILING|SOQL operations|
(tz): [SELECT tz__Region__c, tz__Abbr__c, tz__DST_Abbr__c, tz__Offset__c, tz__DST_Offset__c, tz__Timezone_IANA__c
                            FROM tz__lt_timezones__mdt WHERE MasterLabel = :sPostalCode]: executed 3 times in 61 ms
(tz): [SELECT tz__Region__c, tz__Abbr__c, tz__DST_Abbr__c, tz__Offset__c, tz__DST_Offset__c, tz__Timezone_IANA__c
                        FROM tz__lt_timezones__mdt WHERE MasterLabel = :sKey]: executed 3 times in 41 ms
(tz): [SELECT tz__Country__c FROM tz__lt_country_names__mdt WHERE MasterLabel = :countryCode]: executed 3 times in 26 ms
Class.portalAccount.CreateNewAccount: line 44, column 1: [SELECT Id FROM RecordType WHERE SobjectType='Account' AND IsPersonType=True AND Name='Patient']: executed 1 time in 17 ms
(tz): [SELECT tz__Full_Name__c FROM tz__lt_timezone_names__mdt WHERE MasterLabel = :sName]: executed 3 times in 12 ms
Class.portalAccount.CreateNewAccount: line 39, column 1: [SELECT Id FROM Account WHERE Source_Partner_UID__c = :UID LIMIT 1]: executed 1 time in 11 ms
(tz): [SELECT tz__State__c FROM tz__lt_state_codes__mdt WHERE MasterLabel = :sState]: executed 3 times in 11 ms

11:22:44.138 (1138214114)|CUMULATIVE_PROFILING|No profiling information for SOSL operations
11:22:44.138 (1138214114)|CUMULATIVE_PROFILING|DML operations|
Class.portalAccount.CreateNewAccount: line 63, column 1: Insert: Account: executed 1 time in 962 ms

11:22:44.138 (1138214114)|CUMULATIVE_PROFILING|method invocations|
External entry point: global static String CreateNewAccount(String, String, String, String, Date, String, String, String, String, String, String, String, String, String, String): executed 1 time in 992 ms
Class.portalAccount.CreateNewAccount: line 64, column 1: public static String valueOf(Object): executed 1 time in 0 ms
Class.portalAccount.CreateNewAccount: line 40, column 1: global public Boolean isEmpty(): executed 1 time in 0 ms

11:22:44.138 (1138214114)|CUMULATIVE_PROFILING_END
