41.0 APEX_CODE,FINEST;APEX_PROFILING,FINEST;CALLOUT,INFO;DB,INFO;SYSTEM,DEBUG;VALIDATION,INFO;VISUALFORCE,INFO;WAVE,INFO;WORKFLOW,INFO
15:46:54.0 (389545)|USER_INFO|[EXTERNAL]|005E0000004yLLO|worldcare@sadhanaconsulting.com.devfull|Eastern Standard Time|GMT-05:00
15:46:54.0 (440703)|EXECUTION_STARTED
15:46:54.0 (446677)|CODE_UNIT_STARTED|[EXTERNAL]|VisualForce View State
15:46:54.0 (6789348)|HEAP_ALLOCATE|[72]|Bytes:3
15:46:54.0 (6855682)|HEAP_ALLOCATE|[77]|Bytes:152
15:46:54.0 (6878990)|HEAP_ALLOCATE|[342]|Bytes:408
15:46:54.0 (6900543)|HEAP_ALLOCATE|[355]|Bytes:408
15:46:54.0 (6921061)|HEAP_ALLOCATE|[467]|Bytes:48
15:46:54.0 (6964422)|HEAP_ALLOCATE|[139]|Bytes:6
15:46:54.0 (12100342)|CODE_UNIT_FINISHED|VisualForce View State
15:46:54.0 (13266886)|EXECUTION_FINISHED
15:46:55.73 (1073948837)|USER_INFO|[EXTERNAL]|005E0000004yLLO|worldcare@sadhanaconsulting.com.devfull|Eastern Standard Time|GMT-05:00
15:46:55.73 (1074793460)|SYSTEM_MODE_ENTER|true
15:46:55.73 (1076765252)|HEAP_ALLOCATE|[EXTERNAL]|Bytes:120
15:46:55.73 (1076784433)|HEAP_ALLOCATE|[EXTERNAL]|Bytes:10
15:46:55.73 (1076797889)|SYSTEM_METHOD_ENTRY|[1]|pagemessagecomponentcontroller.pagemessagecomponentcontroller()
15:46:55.73 (1076803938)|STATEMENT_EXECUTE|[1]
15:46:55.174 (1174406714)|CUMULATIVE_LIMIT_USAGE
15:46:55.174 (1174406714)|LIMIT_USAGE_FOR_NS|(default)|
  Number of SOQL queries: 0 out of 100
  Number of query rows: 0 out of 50000
  Number of SOSL queries: 0 out of 20
  Number of DML statements: 0 out of 150
  Number of DML rows: 0 out of 10000
  Maximum CPU time: 0 out of 10000
  Maximum heap size: 0 out of 6000000
  Number of callouts: 0 out of 100
  Number of Email Invocations: 0 out of 10
  Number of future calls: 0 out of 50
  Number of queueable jobs added to the queue: 0 out of 50
  Number of Mobile Apex push calls: 0 out of 10

15:46:55.174 (1174406714)|CUMULATIVE_LIMIT_USAGE_END

