41.0 APEX_CODE,FINEST;APEX_PROFILING,FINEST;CALLOUT,INFO;DB,INFO;SYSTEM,DEBUG;VALIDATION,INFO;VISUALFORCE,INFO;WAVE,INFO;WORKFLOW,INFO
11:59:03.0 (58587)|USER_INFO|[EXTERNAL]|005E0000004yLLO|worldcare@sadhanaconsulting.com.devfull|Eastern Standard Time|GMT-05:00
11:59:03.0 (102112)|EXECUTION_STARTED
11:59:03.0 (105777)|CODE_UNIT_STARTED|[EXTERNAL]|066V0000000E8ze|VF: /apex/reCAPTCHA
11:59:03.5 (5674477)|CUMULATIVE_LIMIT_USAGE
11:59:03.5 (5674477)|LIMIT_USAGE_FOR_NS|(default)|
  Number of SOQL queries: 0 out of 100
  Number of query rows: 0 out of 50000
  Number of SOSL queries: 0 out of 20
  Number of DML statements: 0 out of 150
  Number of DML rows: 0 out of 10000
  Maximum CPU time: 0 out of 10000
  Maximum heap size: 0 out of 6000000
  Number of callouts: 0 out of 100
  Number of Email Invocations: 0 out of 10
  Number of future calls: 0 out of 50
  Number of queueable jobs added to the queue: 0 out of 50
  Number of Mobile Apex push calls: 0 out of 10

11:59:03.5 (5674477)|TOTAL_EMAIL_RECIPIENTS_QUEUED|0
11:59:03.5 (5674477)|CUMULATIVE_LIMIT_USAGE_END

11:59:03.0 (5725836)|CODE_UNIT_FINISHED|VF: /apex/reCAPTCHA
11:59:03.0 (7001809)|EXECUTION_FINISHED
11:59:03.7 (7933724)|CUMULATIVE_PROFILING_BEGIN
11:59:03.7 (7933724)|CUMULATIVE_PROFILING|No profiling information for SOQL operations
11:59:03.7 (7933724)|CUMULATIVE_PROFILING|No profiling information for SOSL operations
11:59:03.7 (7933724)|CUMULATIVE_PROFILING|No profiling information for DML operations
11:59:03.7 (7933724)|CUMULATIVE_PROFILING|No profiling information for method invocations
11:59:03.7 (7933724)|CUMULATIVE_PROFILING_END
