40.0 APEX_CODE,FINEST;APEX_PROFILING,FINEST;CALLOUT,INFO;DB,INFO;SYSTEM,DEBUG;VALIDATION,INFO;VISUALFORCE,INFO;WAVE,INFO;WORKFLOW,INFO
12:00:13.0 (471586)|USER_INFO|[EXTERNAL]|005E0000004yLLO|worldcare@sadhanaconsulting.com.devfull|Eastern Standard Time|GMT-05:00
12:00:13.0 (532002)|EXECUTION_STARTED
12:00:13.0 (538826)|CODE_UNIT_STARTED|[EXTERNAL]|TRIGGERS
12:00:13.0 (2391187)|CODE_UNIT_STARTED|[EXTERNAL]|01qV0000000DErk|LocalTimeUserTrigger on User trigger event BeforeUpdate for [005E0000004yLLO]
12:00:13.0 (2463097)|HEAP_ALLOCATE|[EXTERNAL]|Bytes:8
12:00:13.0 (2516604)|HEAP_ALLOCATE|[EXTERNAL]|Bytes:8
12:00:13.0 (2956897)|HEAP_ALLOCATE|[72]|Bytes:3
12:00:13.0 (3007198)|HEAP_ALLOCATE|[77]|Bytes:152
12:00:13.0 (3050845)|HEAP_ALLOCATE|[342]|Bytes:408
12:00:13.0 (3093609)|HEAP_ALLOCATE|[355]|Bytes:408
12:00:13.0 (3132964)|HEAP_ALLOCATE|[467]|Bytes:48
12:00:13.0 (3181727)|HEAP_ALLOCATE|[139]|Bytes:6
12:00:13.0 (3233705)|HEAP_ALLOCATE|[EXTERNAL]|Bytes:4
12:00:13.0 (3249762)|VARIABLE_SCOPE_BEGIN|[5]|this|LocalTimeUserTrigger|true|false
12:00:13.0 (3314147)|VARIABLE_ASSIGNMENT|[5]|this|{}|0x3c1f1d46
12:00:13.0 (3363636)|HEAP_ALLOCATE|[EXTERNAL]|Bytes:4
12:00:13.0 (3376772)|VARIABLE_SCOPE_BEGIN|[5]|this|LocalTimeUserTrigger|true|false
12:00:13.0 (3400145)|VARIABLE_ASSIGNMENT|[5]|this|{}|0x3c1f1d46
12:00:13.0 (3415264)|STATEMENT_EXECUTE|[5]
12:00:13.0 (3469736)|HEAP_ALLOCATE|[50]|Bytes:5
12:00:13.0 (3511962)|HEAP_ALLOCATE|[56]|Bytes:5
12:00:13.0 (3537834)|HEAP_ALLOCATE|[64]|Bytes:7
12:00:13.0 (4061840)|HEAP_ALLOCATE|[7]|Bytes:5
12:00:13.0 (4102860)|HEAP_ALLOCATE|[7]|Bytes:4
12:00:13.0 (4120883)|VARIABLE_SCOPE_BEGIN|[7]|u|User|true|false
12:00:13.0 (83362062)|VARIABLE_ASSIGNMENT|[7]|u|{"ProfileId":"00eE0000000zEdeIAE","LastModifiedDate":"2017-11-10T17:00:13.000Z","ReceivesAdminInfoEma (3 more) ...":false,"Email":"depot@sadhanaconsult (7 more) ...","TimeZoneSidKey":"America/New_York","LanguageLocaleKey":"fr","UserRoleId":"00EE0000000hj7TMAQ","License_Type__c":"Salesforce","IsActive":true,"Nurse__c":false,"LastLoginDate":"2017-11-10T16:55:46.000Z","PostalCode":"03820","ForecastEnabled":false,"IsExtIndicatorVisibl (1 more) ...":false,"DigestFrequency":"D","UTC_Offset__c":-4.00,"IsProfilePhotoActive":false,"Default_Patient_Coun (6 more) ...":"US","CompanyName":"Sadhana Consulting L (2 more) ...","CommunityNickname":"prozek","CreatedById":"005E0000002k2ScIAI","Street":"1 S Pine Street","Acquisition_Site__c":"001E000001HBa8R","Server_URL__c":"https://cs12.salesfo (17 more) ...","LastPasswordChangeDa (2 more) ...":"2017-10-10T13:48:13.000Z","LocaleSidKey":"en_US","FirstName":"Elissa","Name_Formula__c":"Elissa Sadhana Team  (5 more) ...","Title":"Consultant","City":"Dover","EmailEncodingKey":"ISO-8859-1","ReceivesInfoEmails":false,"SystemModstamp":"2017-11-10T17:00:13.000Z","User_18_Digit_ID__c":"005E0000004yLLOIA2","IsPortalEnabled":false,"Username":"worldcare@sadhanacon (19 more) ...","Alias":"Sadhana","DefaultGroupNotifica (13 more) ...":"N","CreatedDate":"2014-03-07T01:09:17.000Z","LastName":"Sadhana Team (WCI)","Id":"005E0000004yLLOIA2","IsPortalSelfRegister (2 more) ...":false,"UserType":"Standard","LastModifiedById":"005E0000004yLLOIA2"}|0x73696eb9
12:00:13.0 (83414590)|STATEMENT_EXECUTE|[7]
12:00:13.0 (83417075)|STATEMENT_EXECUTE|[9]
12:00:13.0 (83418065)|STATEMENT_EXECUTE|[9]
12:00:13.0 (83419151)|STATEMENT_EXECUTE|[10]
12:00:13.0 (84188842)|VARIABLE_SCOPE_BEGIN|[3]|LocalTime.NOT_AVAILABLE|String|false|true
12:00:13.0 (84211082)|VARIABLE_SCOPE_BEGIN|[9]|LocalTime.REGION_AFRICA|String|false|true
12:00:13.0 (84219014)|VARIABLE_SCOPE_BEGIN|[6]|LocalTime.REGION_ASIA|String|false|true
12:00:13.0 (84226207)|VARIABLE_SCOPE_BEGIN|[5]|LocalTime.REGION_EUROPE|String|false|true
12:00:13.0 (84232347)|VARIABLE_SCOPE_BEGIN|[11]|LocalTime.REGION_ISRAEL|String|false|true
12:00:13.0 (84238920)|VARIABLE_SCOPE_BEGIN|[4]|LocalTime.REGION_NA|String|false|true
12:00:13.0 (84244684)|VARIABLE_SCOPE_BEGIN|[10]|LocalTime.REGION_NZ|String|false|true
12:00:13.0 (84251137)|VARIABLE_SCOPE_BEGIN|[7]|LocalTime.REGION_OCEANIA|String|false|true
12:00:13.0 (84257448)|VARIABLE_SCOPE_BEGIN|[8]|LocalTime.REGION_SA|String|false|true
12:00:13.0 (84321062)|HEAP_ALLOCATE|[10]|Bytes:86
12:00:13.0 (84338349)|HEAP_ALLOCATE|[10]|Bytes:3
12:00:13.0 (84353614)|VARIABLE_ASSIGNMENT|[10]|LocalTime.NOT_AVAILABLE|"N/A"
12:00:13.0 (84359373)|HEAP_ALLOCATE|[10]|Bytes:6
12:00:13.0 (84366585)|VARIABLE_ASSIGNMENT|[10]|LocalTime.REGION_AFRICA|"AFRICA"
12:00:13.0 (84371627)|HEAP_ALLOCATE|[10]|Bytes:4
12:00:13.0 (84378551)|VARIABLE_ASSIGNMENT|[10]|LocalTime.REGION_ASIA|"ASIA"
12:00:13.0 (84383465)|HEAP_ALLOCATE|[10]|Bytes:6
12:00:13.0 (84391068)|VARIABLE_ASSIGNMENT|[10]|LocalTime.REGION_EUROPE|"EUROPE"
12:00:13.0 (84396186)|HEAP_ALLOCATE|[10]|Bytes:6
12:00:13.0 (84403306)|VARIABLE_ASSIGNMENT|[10]|LocalTime.REGION_ISRAEL|"ISRAEL"
12:00:13.0 (84408423)|HEAP_ALLOCATE|[10]|Bytes:2
12:00:13.0 (84415227)|VARIABLE_ASSIGNMENT|[10]|LocalTime.REGION_NA|"NA"
12:00:13.0 (84420137)|HEAP_ALLOCATE|[10]|Bytes:2
12:00:13.0 (84426836)|VARIABLE_ASSIGNMENT|[10]|LocalTime.REGION_NZ|"NZ"
12:00:13.0 (84432161)|HEAP_ALLOCATE|[10]|Bytes:7
12:00:13.0 (84439102)|VARIABLE_ASSIGNMENT|[10]|LocalTime.REGION_OCEANIA|"OCEANIA"
12:00:13.0 (84444028)|HEAP_ALLOCATE|[10]|Bytes:2
12:00:13.0 (84451295)|VARIABLE_ASSIGNMENT|[10]|LocalTime.REGION_SA|"SA"
12:00:13.0 (84470372)|METHOD_ENTRY|[2]|01pE0000001ksei|LocalTime.LocalTime()
12:00:13.0 (84477815)|STATEMENT_EXECUTE|[2]
12:00:13.0 (84500863)|ENTERING_MANAGED_PKG|tz
12:00:13.0 (84520228)|METHOD_EXIT|[2]|LocalTime
12:00:13.0 (84544326)|METHOD_ENTRY|[10]|01pE0000001ksei|tz.LocalTime.getOffsetFull(String, String, String)
12:00:13.0 (84550629)|ENTERING_MANAGED_PKG|tz
12:00:13.0 (84796767)|ENTERING_MANAGED_PKG|tz
12:00:13.0 (84884055)|ENTERING_MANAGED_PKG|tz
12:00:13.0 (86399839)|SOQL_EXECUTE_BEGIN|[333]|Aggregations:0|SELECT tz__Country__c FROM tz__lt_country_names__mdt WHERE MasterLabel = :tmpVar1
12:00:13.0 (100815104)|SOQL_EXECUTE_END|[333]|Rows:1
12:00:13.0 (101434066)|ENTERING_MANAGED_PKG|tz
12:00:13.0 (101512060)|METHOD_EXIT|[10]|01pE0000001ksei|tz.LocalTime.getOffsetFull(String, String, String)
12:00:13.0 (101532199)|VARIABLE_SCOPE_BEGIN|[10]|jsonStr|String|false|false
12:00:13.0 (101576337)|VARIABLE_ASSIGNMENT|[10]|jsonStr|"{\"offset\":\"N/A\",\"dst (92 more) ..."
12:00:13.0 (101592077)|STATEMENT_EXECUTE|[11]
12:00:13.0 (101594826)|STATEMENT_EXECUTE|[12]
12:00:13.0 (101663913)|HEAP_ALLOCATE|[12]|Bytes:24
12:00:13.0 (101689320)|SYSTEM_METHOD_ENTRY|[1]|JSON.JSON()
12:00:13.0 (101695369)|STATEMENT_EXECUTE|[1]
12:00:13.0 (101704660)|SYSTEM_METHOD_EXIT|[1]|JSON
12:00:13.0 (101722845)|METHOD_ENTRY|[12]||System.JSON.deserializeUntyped(String)
12:00:13.0 (102213892)|METHOD_EXIT|[12]||System.JSON.deserializeUntyped(String)
12:00:13.0 (102228808)|VARIABLE_SCOPE_BEGIN|[12]|m|Map<String,ANY>|true|false
12:00:13.0 (102256773)|VARIABLE_ASSIGNMENT|[12]|m|"Map of size 6 too large to display"|0x1bfb491a
12:00:13.0 (102264004)|STATEMENT_EXECUTE|[13]
12:00:13.0 (102268707)|HEAP_ALLOCATE|[13]|Bytes:6
12:00:13.0 (102312958)|VARIABLE_SCOPE_BEGIN|[13]|offset|String|false|false
12:00:13.0 (102327054)|VARIABLE_ASSIGNMENT|[13]|offset|"N/A"
12:00:13.0 (102334516)|HEAP_ALLOCATE|[14]|Bytes:3
12:00:13.0 (102363005)|STATEMENT_EXECUTE|[14]
12:00:13.0 (102379973)|HEAP_ALLOCATE|[7]|Bytes:5
12:00:13.0 (102398728)|VARIABLE_ASSIGNMENT|[7]|u|null|
12:00:13.102 (102412606)|CUMULATIVE_LIMIT_USAGE
12:00:13.102 (102412606)|LIMIT_USAGE_FOR_NS|(default)|
  Number of SOQL queries: 0 out of 100
  Number of query rows: 0 out of 50000
  Number of SOSL queries: 0 out of 20
  Number of DML statements: 0 out of 150
  Number of DML rows: 0 out of 10000
  Maximum CPU time: 0 out of 10000
  Maximum heap size: 0 out of 6000000
  Number of callouts: 0 out of 100
  Number of Email Invocations: 0 out of 10
  Number of future calls: 0 out of 50
  Number of queueable jobs added to the queue: 0 out of 50
  Number of Mobile Apex push calls: 0 out of 10

12:00:13.102 (102412606)|LIMIT_USAGE_FOR_NS|tz|
  Number of SOQL queries: 0 out of 100
  Number of query rows: 1 out of 50000
  Number of SOSL queries: 0 out of 20
  Number of DML statements: 0 out of 150
  Number of DML rows: 0 out of 10000
  Maximum CPU time: 0 out of 10000
  Maximum heap size: 0 out of 6000000
  Number of callouts: 0 out of 100
  Number of Email Invocations: 0 out of 10
  Number of future calls: 0 out of 50
  Number of queueable jobs added to the queue: 0 out of 50
  Number of Mobile Apex push calls: 0 out of 10

12:00:13.102 (102412606)|TOTAL_EMAIL_RECIPIENTS_QUEUED|0
12:00:13.102 (102412606)|STATIC_VARIABLE_LIST|
  char[]:DigitTens:0
  long:serialVersionUID:0
  String:_static_REGION_EUROPE:0
  String:_static_REGION_NA:0
  long:serialVersionUID:0
  double:MAX_VALUE:0
  Boolean:FALSE:0
  long:serialVersionUID:0
  String:_sfdcAdditionalCodeLocations:0
  double:MIN_VALUE:0
  int:SIZE:0
  double:NEGATIVE_INFINITY:0
  String:_static_NOT_AVAILABLE:0
  int:MAX_VALUE:0
  String:_static_REGION_ISRAEL:0
  char[]:digits:0
  double:NaN:0
  Boolean:TRUE:0
  String:_static_REGION_AFRICA:0
  String:_static_REGION_NZ:0
  String:_static_REGION_SA:0
  int:MIN_VALUE:0
  char[]:DigitOnes:0
  int:BYTES:0
  String:_sfdcAdditionalCodeLocations:0
  int:MIN_EXPONENT:0
  int[]:sizeTable:0
  String:_static_REGION_ASIA:0
  int:MAX_EXPONENT:0
  String:_static_REGION_OCEANIA:0
  int:SIZE:0
  double:POSITIVE_INFINITY:0
  double:MIN_NORMAL:0
  int:BYTES:0

12:00:13.102 (102412606)|CUMULATIVE_LIMIT_USAGE_END

12:00:13.0 (104393136)|CODE_UNIT_FINISHED|LocalTimeUserTrigger on User trigger event BeforeUpdate for [005E0000004yLLO]
12:00:13.233 (233590855)|ENTERING_MANAGED_PKG|skuid
12:00:13.234 (234492787)|CUMULATIVE_LIMIT_USAGE
12:00:13.234 (234492787)|LIMIT_USAGE_FOR_NS|(default)|
  Number of SOQL queries: 0 out of 100
  Number of query rows: 0 out of 50000
  Number of SOSL queries: 0 out of 20
  Number of DML statements: 0 out of 150
  Number of DML rows: 0 out of 10000
  Maximum CPU time: 0 out of 10000
  Maximum heap size: 0 out of 6000000
  Number of callouts: 0 out of 100
  Number of Email Invocations: 0 out of 10
  Number of future calls: 0 out of 50
  Number of queueable jobs added to the queue: 0 out of 50
  Number of Mobile Apex push calls: 0 out of 10

12:00:13.234 (234492787)|LIMIT_USAGE_FOR_NS|tz|
  Number of SOQL queries: 0 out of 100
  Number of query rows: 1 out of 50000
  Number of SOSL queries: 0 out of 20
  Number of DML statements: 0 out of 150
  Number of DML rows: 0 out of 10000
  Maximum CPU time: 0 out of 10000
  Maximum heap size: 0 out of 6000000
  Number of callouts: 0 out of 100
  Number of Email Invocations: 0 out of 10
  Number of future calls: 0 out of 50
  Number of queueable jobs added to the queue: 0 out of 50
  Number of Mobile Apex push calls: 0 out of 10

12:00:13.234 (234492787)|CUMULATIVE_LIMIT_USAGE_END

12:00:13.0 (237535100)|CODE_UNIT_STARTED|[EXTERNAL]|Workflow:User
12:00:13.0 (256685471)|WF_RULE_EVAL_BEGIN|Workflow
12:00:13.0 (256720703)|WF_CRITERIA_BEGIN|[User: Elissa Sadhana Team (WCI) 005E0000004yLLO]|Member_Community_New_User301V000000063fo|01QV00000001N6N|ON_CREATE_ONLY|0
12:00:13.0 (256744065)|WF_RULE_NOT_EVALUATED
12:00:13.0 (256752816)|WF_SPOOL_ACTION_BEGIN|Workflow
12:00:13.0 (256762839)|WF_ACTION| None
12:00:13.0 (256767762)|WF_RULE_EVAL_END
12:00:13.0 (256842967)|WF_ACTIONS_END| None
12:00:13.0 (256858268)|CODE_UNIT_FINISHED|Workflow:User
12:00:13.0 (268109347)|CODE_UNIT_STARTED|[EXTERNAL]|01qV0000000DErk|LocalTimeUserTrigger on User trigger event BeforeUpdate for [005E0000004yLLO]
12:00:13.0 (268178446)|HEAP_ALLOCATE|[EXTERNAL]|Bytes:8
12:00:13.0 (268237160)|HEAP_ALLOCATE|[EXTERNAL]|Bytes:8
12:00:13.0 (268318788)|HEAP_ALLOCATE|[EXTERNAL]|Bytes:4
12:00:13.0 (268334009)|VARIABLE_SCOPE_BEGIN|[5]|this|LocalTimeUserTrigger|true|false
12:00:13.0 (268377920)|VARIABLE_ASSIGNMENT|[5]|this|{}|0x6c710075
12:00:13.0 (268415072)|HEAP_ALLOCATE|[EXTERNAL]|Bytes:4
12:00:13.0 (268425455)|VARIABLE_SCOPE_BEGIN|[5]|this|LocalTimeUserTrigger|true|false
12:00:13.0 (268438777)|VARIABLE_ASSIGNMENT|[5]|this|{}|0x6c710075
12:00:13.0 (268448381)|STATEMENT_EXECUTE|[5]
12:00:13.0 (268549816)|HEAP_ALLOCATE|[7]|Bytes:5
12:00:13.0 (268573144)|HEAP_ALLOCATE|[7]|Bytes:4
12:00:13.0 (268586837)|VARIABLE_SCOPE_BEGIN|[7]|u|User|true|false
12:00:13.0 (273157743)|VARIABLE_ASSIGNMENT|[7]|u|{"ProfileId":"00eE0000000zEdeIAE","LastModifiedDate":"2017-11-10T17:00:13.000Z","ReceivesAdminInfoEma (3 more) ...":false,"Email":"depot@sadhanaconsult (7 more) ...","TimeZoneSidKey":"America/New_York","LanguageLocaleKey":"en_US","UserRoleId":"00EE0000000hj7TMAQ","License_Type__c":"Salesforce","IsActive":true,"Nurse__c":false,"LastLoginDate":"2017-11-10T16:55:46.000Z","PostalCode":"03820","ForecastEnabled":false,"IsExtIndicatorVisibl (1 more) ...":false,"DigestFrequency":"D","UTC_Offset__c":-4.00,"IsProfilePhotoActive":false,"Default_Patient_Coun (6 more) ...":"US","CompanyName":"Sadhana Consulting L (2 more) ...","CommunityNickname":"prozek","CreatedById":"005E0000002k2ScIAI","Street":"1 S Pine Street","Acquisition_Site__c":"001E000001HBa8R","Server_URL__c":"https://cs12.salesfo (17 more) ...","LastPasswordChangeDa (2 more) ...":"2017-10-10T13:48:13.000Z","LocaleSidKey":"en_US","FirstName":"Elissa","Name_Formula__c":"Elissa Sadhana Team  (5 more) ...","Title":"Consultant","City":"Dover","EmailEncodingKey":"ISO-8859-1","ReceivesInfoEmails":false,"SystemModstamp":"2017-11-10T17:00:13.000Z","User_18_Digit_ID__c":"005E0000004yLLOIA2","IsPortalEnabled":false,"Username":"worldcare@sadhanacon (19 more) ...","Alias":"Sadhana","DefaultGroupNotifica (13 more) ...":"N","CreatedDate":"2014-03-07T01:09:17.000Z","LastName":"Sadhana Team (WCI)","Id":"005E0000004yLLOIA2","IsPortalSelfRegister (2 more) ...":false,"UserType":"Standard","LastModifiedById":"005E0000004yLLOIA2"}|0x409cefd2
12:00:13.0 (273193414)|STATEMENT_EXECUTE|[7]
12:00:13.0 (273195621)|STATEMENT_EXECUTE|[9]
12:00:13.0 (273196588)|STATEMENT_EXECUTE|[9]
12:00:13.0 (273197675)|STATEMENT_EXECUTE|[10]
12:00:13.0 (273265275)|METHOD_ENTRY|[10]|01pE0000001ksei|tz.LocalTime.getOffsetFull(String, String, String)
12:00:13.0 (273281217)|ENTERING_MANAGED_PKG|tz
12:00:13.0 (273329251)|ENTERING_MANAGED_PKG|tz
12:00:13.0 (273399077)|ENTERING_MANAGED_PKG|tz
12:00:13.0 (273820599)|SOQL_EXECUTE_BEGIN|[333]|Aggregations:0|SELECT tz__Country__c FROM tz__lt_country_names__mdt WHERE MasterLabel = :tmpVar1
12:00:13.0 (284909772)|SOQL_EXECUTE_END|[333]|Rows:1
12:00:13.0 (285266613)|ENTERING_MANAGED_PKG|tz
12:00:13.0 (285330541)|METHOD_EXIT|[10]|01pE0000001ksei|tz.LocalTime.getOffsetFull(String, String, String)
12:00:13.0 (285340760)|VARIABLE_SCOPE_BEGIN|[10]|jsonStr|String|false|false
12:00:13.0 (285372611)|VARIABLE_ASSIGNMENT|[10]|jsonStr|"{\"offset\":\"N/A\",\"dst (92 more) ..."
12:00:13.0 (285381090)|STATEMENT_EXECUTE|[11]
12:00:13.0 (285382861)|STATEMENT_EXECUTE|[12]
12:00:13.0 (285393988)|METHOD_ENTRY|[12]||System.JSON.deserializeUntyped(String)
12:00:13.0 (285987779)|METHOD_EXIT|[12]||System.JSON.deserializeUntyped(String)
12:00:13.0 (286004470)|VARIABLE_SCOPE_BEGIN|[12]|m|Map<String,ANY>|true|false
12:00:13.0 (286033504)|VARIABLE_ASSIGNMENT|[12]|m|"Map of size 6 too large to display"|0x243a3726
12:00:13.0 (286041370)|STATEMENT_EXECUTE|[13]
12:00:13.0 (286061367)|VARIABLE_SCOPE_BEGIN|[13]|offset|String|false|false
12:00:13.0 (286073552)|VARIABLE_ASSIGNMENT|[13]|offset|"N/A"
12:00:13.0 (286098983)|STATEMENT_EXECUTE|[14]
12:00:13.0 (286116425)|HEAP_ALLOCATE|[7]|Bytes:5
12:00:13.0 (286136805)|VARIABLE_ASSIGNMENT|[7]|u|null|
12:00:13.286 (286152535)|CUMULATIVE_LIMIT_USAGE
12:00:13.286 (286152535)|LIMIT_USAGE_FOR_NS|(default)|
  Number of SOQL queries: 0 out of 100
  Number of query rows: 0 out of 50000
  Number of SOSL queries: 0 out of 20
  Number of DML statements: 0 out of 150
  Number of DML rows: 0 out of 10000
  Maximum CPU time: 0 out of 10000
  Maximum heap size: 0 out of 6000000
  Number of callouts: 0 out of 100
  Number of Email Invocations: 0 out of 10
  Number of future calls: 0 out of 50
  Number of queueable jobs added to the queue: 0 out of 50
  Number of Mobile Apex push calls: 0 out of 10

12:00:13.286 (286152535)|LIMIT_USAGE_FOR_NS|tz|
  Number of SOQL queries: 0 out of 100
  Number of query rows: 1 out of 50000
  Number of SOSL queries: 0 out of 20
  Number of DML statements: 0 out of 150
  Number of DML rows: 0 out of 10000
  Maximum CPU time: 0 out of 10000
  Maximum heap size: 0 out of 6000000
  Number of callouts: 0 out of 100
  Number of Email Invocations: 0 out of 10
  Number of future calls: 0 out of 50
  Number of queueable jobs added to the queue: 0 out of 50
  Number of Mobile Apex push calls: 0 out of 10

12:00:13.286 (286152535)|TOTAL_EMAIL_RECIPIENTS_QUEUED|0
12:00:13.286 (286152535)|STATIC_VARIABLE_LIST|
  char[]:DigitTens:0
  long:serialVersionUID:0
  String:_static_REGION_EUROPE:0
  String:_static_REGION_NA:0
  long:serialVersionUID:0
  double:MAX_VALUE:0
  Boolean:FALSE:0
  long:serialVersionUID:0
  String:_sfdcAdditionalCodeLocations:0
  double:MIN_VALUE:0
  int:SIZE:0
  double:NEGATIVE_INFINITY:0
  String:_static_NOT_AVAILABLE:0
  int:MAX_VALUE:0
  String:_static_REGION_ISRAEL:0
  char[]:digits:0
  double:NaN:0
  Boolean:TRUE:0
  String:_static_REGION_AFRICA:0
  String:_static_REGION_NZ:0
  String:_static_REGION_SA:0
  int:MIN_VALUE:0
  String:_sfdcAdditionalCodeLocations:0
  char[]:DigitOnes:0
  int:BYTES:0
  String:_sfdcAdditionalCodeLocations:0
  int:MIN_EXPONENT:0
  int[]:sizeTable:0
  String:_static_REGION_ASIA:0
  int:MAX_EXPONENT:0
  String:_static_REGION_OCEANIA:0
  int:SIZE:0
  double:POSITIVE_INFINITY:0
  double:MIN_NORMAL:0
  int:BYTES:0

12:00:13.286 (286152535)|CUMULATIVE_LIMIT_USAGE_END

12:00:13.0 (288537314)|CODE_UNIT_FINISHED|LocalTimeUserTrigger on User trigger event BeforeUpdate for [005E0000004yLLO]
12:00:13.323 (323641263)|ENTERING_MANAGED_PKG|skuid
12:00:13.324 (324520826)|CUMULATIVE_LIMIT_USAGE
12:00:13.324 (324520826)|LIMIT_USAGE_FOR_NS|(default)|
  Number of SOQL queries: 0 out of 100
  Number of query rows: 0 out of 50000
  Number of SOSL queries: 0 out of 20
  Number of DML statements: 0 out of 150
  Number of DML rows: 0 out of 10000
  Maximum CPU time: 0 out of 10000
  Maximum heap size: 0 out of 6000000
  Number of callouts: 0 out of 100
  Number of Email Invocations: 0 out of 10
  Number of future calls: 0 out of 50
  Number of queueable jobs added to the queue: 0 out of 50
  Number of Mobile Apex push calls: 0 out of 10

12:00:13.324 (324520826)|LIMIT_USAGE_FOR_NS|tz|
  Number of SOQL queries: 0 out of 100
  Number of query rows: 1 out of 50000
  Number of SOSL queries: 0 out of 20
  Number of DML statements: 0 out of 150
  Number of DML rows: 0 out of 10000
  Maximum CPU time: 0 out of 10000
  Maximum heap size: 0 out of 6000000
  Number of callouts: 0 out of 100
  Number of Email Invocations: 0 out of 10
  Number of future calls: 0 out of 50
  Number of queueable jobs added to the queue: 0 out of 50
  Number of Mobile Apex push calls: 0 out of 10

12:00:13.324 (324520826)|CUMULATIVE_LIMIT_USAGE_END

12:00:13.0 (328133196)|CODE_UNIT_STARTED|[EXTERNAL]|Workflow:User
12:00:13.0 (334106215)|WF_RULE_EVAL_BEGIN|Workflow
12:00:13.0 (334149960)|WF_CRITERIA_BEGIN|[User: Elissa Sadhana Team (WCI) 005E0000004yLLO]|Member_Community_New_User301V000000063fo|01QV00000001N6N|ON_CREATE_ONLY|0
12:00:13.0 (334162150)|WF_RULE_NOT_EVALUATED
12:00:13.0 (334170496)|WF_SPOOL_ACTION_BEGIN|Workflow
12:00:13.0 (334180659)|WF_ACTION| None
12:00:13.0 (334197358)|WF_RULE_EVAL_END
12:00:13.0 (334272978)|WF_ACTIONS_END| None
12:00:13.0 (334291607)|CODE_UNIT_FINISHED|Workflow:User
12:00:13.0 (495759835)|CODE_UNIT_FINISHED|TRIGGERS
12:00:13.0 (495784259)|EXECUTION_FINISHED
12:00:13.499 (499961610)|CUMULATIVE_PROFILING_BEGIN
12:00:13.499 (499961610)|CUMULATIVE_PROFILING|SOQL operations|
(tz): [SELECT tz__Country__c FROM tz__lt_country_names__mdt WHERE MasterLabel = :countryCode]: executed 2 times in 27 ms

12:00:13.499 (499961610)|CUMULATIVE_PROFILING|No profiling information for SOSL operations
12:00:13.499 (499961610)|CUMULATIVE_PROFILING|No profiling information for DML operations
12:00:13.499 (499961610)|CUMULATIVE_PROFILING|method invocations|
Trigger.LocalTimeUserTrigger: line 10, column 1: webService static String getOffsetFull(String, String, String): executed 2 times in 30 ms
External entry point: public void invoke(): executed 1 time in 17 ms
Trigger.LocalTimeUserTrigger: line 7, column 1: global public System.Iterator iterator(): executed 6 times in 0 ms
Trigger.LocalTimeUserTrigger: line 12, column 1: global static Object deserializeUntyped(String): executed 2 times in 0 ms
Trigger.LocalTimeUserTrigger: line 13, column 1: global public Object get(Object): executed 2 times in 0 ms

12:00:13.499 (499961610)|CUMULATIVE_PROFILING_END
