41.0 APEX_CODE,FINEST;APEX_PROFILING,FINEST;CALLOUT,INFO;DB,INFO;SYSTEM,DEBUG;VALIDATION,INFO;VISUALFORCE,INFO;WAVE,INFO;WORKFLOW,INFO
10:54:22.0 (618204)|USER_INFO|[EXTERNAL]|005E0000004yLLO|worldcare@sadhanaconsulting.com.devfull|Eastern Standard Time|GMT-05:00
10:54:22.0 (840565)|EXECUTION_STARTED
10:54:22.0 (846380)|CODE_UNIT_STARTED|[EXTERNAL]|066V0000000E8ze|VF: /apex/reCAPTCHA
10:54:22.7 (7081907)|CUMULATIVE_LIMIT_USAGE
10:54:22.7 (7081907)|LIMIT_USAGE_FOR_NS|(default)|
  Number of SOQL queries: 0 out of 100
  Number of query rows: 0 out of 50000
  Number of SOSL queries: 0 out of 20
  Number of DML statements: 0 out of 150
  Number of DML rows: 0 out of 10000
  Maximum CPU time: 0 out of 10000
  Maximum heap size: 0 out of 6000000
  Number of callouts: 0 out of 100
  Number of Email Invocations: 0 out of 10
  Number of future calls: 0 out of 50
  Number of queueable jobs added to the queue: 0 out of 50
  Number of Mobile Apex push calls: 0 out of 10

10:54:22.7 (7081907)|TOTAL_EMAIL_RECIPIENTS_QUEUED|0
10:54:22.7 (7081907)|CUMULATIVE_LIMIT_USAGE_END

10:54:22.0 (7136445)|CODE_UNIT_FINISHED|VF: /apex/reCAPTCHA
10:54:22.0 (8253593)|EXECUTION_FINISHED
10:54:22.9 (9313341)|CUMULATIVE_PROFILING_BEGIN
10:54:22.9 (9313341)|CUMULATIVE_PROFILING|No profiling information for SOQL operations
10:54:22.9 (9313341)|CUMULATIVE_PROFILING|No profiling information for SOSL operations
10:54:22.9 (9313341)|CUMULATIVE_PROFILING|No profiling information for DML operations
10:54:22.9 (9313341)|CUMULATIVE_PROFILING|No profiling information for method invocations
10:54:22.9 (9313341)|CUMULATIVE_PROFILING_END
