41.0 APEX_CODE,FINEST;APEX_PROFILING,FINEST;CALLOUT,INFO;DB,INFO;SYSTEM,DEBUG;VALIDATION,INFO;VISUALFORCE,INFO;WAVE,INFO;WORKFLOW,INFO
18:26:06.0 (321314)|USER_INFO|[EXTERNAL]|005E0000004yLLO|worldcare@sadhanaconsulting.com.devfull|Eastern Standard Time|GMT-05:00
18:26:06.0 (361106)|EXECUTION_STARTED
18:26:06.0 (366108)|CODE_UNIT_STARTED|[EXTERNAL]|VisualForce View State
18:26:06.0 (11037082)|CODE_UNIT_FINISHED|VisualForce View State
18:26:06.0 (12292813)|EXECUTION_FINISHED
18:26:06.28 (28466616)|USER_INFO|[EXTERNAL]|005E0000004yLLO|worldcare@sadhanaconsulting.com.devfull|Eastern Standard Time|GMT-05:00
18:26:06.28 (28485522)|EXECUTION_STARTED
18:26:06.28 (28488251)|CODE_UNIT_STARTED|[EXTERNAL]|VF: /apex/editApexPage.apexp
18:26:06.28 (46674460)|CODE_UNIT_STARTED|[EXTERNAL]|VF Controller Save
18:26:06.28 (46702828)|SYSTEM_MODE_ENTER|false
18:26:06.28 (215841328)|CODE_UNIT_FINISHED|VF Controller Save
18:26:06.230 (230577900)|CUMULATIVE_LIMIT_USAGE
18:26:06.230 (230577900)|LIMIT_USAGE_FOR_NS|(default)|
  Number of SOQL queries: 0 out of 100
  Number of query rows: 0 out of 50000
  Number of SOSL queries: 0 out of 20
  Number of DML statements: 0 out of 150
  Number of DML rows: 0 out of 10000
  Maximum CPU time: 0 out of 10000
  Maximum heap size: 0 out of 6000000
  Number of callouts: 0 out of 100
  Number of Email Invocations: 0 out of 10
  Number of future calls: 0 out of 50
  Number of queueable jobs added to the queue: 0 out of 50
  Number of Mobile Apex push calls: 0 out of 10

18:26:06.230 (230577900)|TOTAL_EMAIL_RECIPIENTS_QUEUED|0
18:26:06.230 (230577900)|CUMULATIVE_LIMIT_USAGE_END

18:26:06.28 (230625762)|CODE_UNIT_FINISHED|VF: /apex/editApexPage.apexp
18:26:06.28 (231994030)|EXECUTION_FINISHED
18:26:06.234 (234082439)|CUMULATIVE_PROFILING_BEGIN
18:26:06.234 (234082439)|CUMULATIVE_PROFILING|No profiling information for SOQL operations
18:26:06.234 (234082439)|CUMULATIVE_PROFILING|No profiling information for SOSL operations
18:26:06.234 (234082439)|CUMULATIVE_PROFILING|No profiling information for DML operations
18:26:06.234 (234082439)|CUMULATIVE_PROFILING|No profiling information for method invocations
18:26:06.234 (234082439)|CUMULATIVE_PROFILING_END
