41.0 APEX_CODE,FINEST;APEX_PROFILING,FINEST;CALLOUT,INFO;DB,INFO;SYSTEM,DEBUG;VALIDATION,INFO;VISUALFORCE,INFO;WAVE,INFO;WORKFLOW,INFO
15:56:34.2 (2020750)|USER_INFO|[EXTERNAL]|005E0000004yLLO|worldcare@sadhanaconsulting.com.devfull|Eastern Standard Time|GMT-05:00
15:56:34.2 (2075217)|EXECUTION_STARTED
15:56:34.2 (2079624)|CODE_UNIT_STARTED|[EXTERNAL]|VisualForce View State
15:56:34.2 (9507168)|HEAP_ALLOCATE|[72]|Bytes:3
15:56:34.2 (9576485)|HEAP_ALLOCATE|[77]|Bytes:152
15:56:34.2 (9606653)|HEAP_ALLOCATE|[342]|Bytes:408
15:56:34.2 (9630167)|HEAP_ALLOCATE|[355]|Bytes:408
15:56:34.2 (9653521)|HEAP_ALLOCATE|[467]|Bytes:48
15:56:34.2 (9694200)|HEAP_ALLOCATE|[139]|Bytes:6
15:56:34.2 (15006149)|CODE_UNIT_FINISHED|VisualForce View State
15:56:34.2 (16399950)|EXECUTION_FINISHED
15:56:35.105 (1105921208)|USER_INFO|[EXTERNAL]|005E0000004yLLO|worldcare@sadhanaconsulting.com.devfull|Eastern Standard Time|GMT-05:00
15:56:35.105 (1107205386)|SYSTEM_MODE_ENTER|true
15:56:35.105 (1107269660)|HEAP_ALLOCATE|[EXTERNAL]|Bytes:120
15:56:35.105 (1107293510)|HEAP_ALLOCATE|[EXTERNAL]|Bytes:10
15:56:35.105 (1107311878)|SYSTEM_METHOD_ENTRY|[1]|pagemessagecomponentcontroller.pagemessagecomponentcontroller()
15:56:35.105 (1107320943)|STATEMENT_EXECUTE|[1]
15:56:35.233 (1233278167)|CUMULATIVE_LIMIT_USAGE
15:56:35.233 (1233278167)|LIMIT_USAGE_FOR_NS|(default)|
  Number of SOQL queries: 0 out of 100
  Number of query rows: 0 out of 50000
  Number of SOSL queries: 0 out of 20
  Number of DML statements: 0 out of 150
  Number of DML rows: 0 out of 10000
  Maximum CPU time: 0 out of 10000
  Maximum heap size: 0 out of 6000000
  Number of callouts: 0 out of 100
  Number of Email Invocations: 0 out of 10
  Number of future calls: 0 out of 50
  Number of queueable jobs added to the queue: 0 out of 50
  Number of Mobile Apex push calls: 0 out of 10

15:56:35.233 (1233278167)|CUMULATIVE_LIMIT_USAGE_END

