41.0 APEX_CODE,FINEST;APEX_PROFILING,FINEST;CALLOUT,INFO;DB,INFO;SYSTEM,DEBUG;VALIDATION,INFO;VISUALFORCE,INFO;WAVE,INFO;WORKFLOW,INFO
10:37:03.0 (412773)|USER_INFO|[EXTERNAL]|005E0000004yLLO|worldcare@sadhanaconsulting.com.devfull|Eastern Standard Time|GMT-05:00
10:37:03.0 (468391)|EXECUTION_STARTED
10:37:03.0 (475936)|CODE_UNIT_STARTED|[EXTERNAL]|066V0000000E94F|VF: /apex/ReportDetail
10:37:03.0 (3058858)|SYSTEM_MODE_ENTER|true
10:37:03.0 (3477507)|HEAP_ALLOCATE|[72]|Bytes:3
10:37:03.0 (3533223)|HEAP_ALLOCATE|[77]|Bytes:152
10:37:03.0 (3555528)|HEAP_ALLOCATE|[342]|Bytes:408
10:37:03.0 (3577967)|HEAP_ALLOCATE|[355]|Bytes:408
10:37:03.0 (3598263)|HEAP_ALLOCATE|[467]|Bytes:48
10:37:03.0 (3632315)|HEAP_ALLOCATE|[139]|Bytes:6
10:37:03.0 (3654348)|HEAP_ALLOCATE|[EXTERNAL]|Bytes:84
10:37:03.0 (3661939)|HEAP_ALLOCATE|[EXTERNAL]|Bytes:3
10:37:03.0 (3672228)|METHOD_ENTRY|[1]|01pV0000000LP3I|GetReportDetail.GetReportDetail()
10:37:03.0 (3680021)|STATEMENT_EXECUTE|[1]
10:37:03.0 (3686288)|STATEMENT_EXECUTE|[1]
10:37:03.0 (3723088)|HEAP_ALLOCATE|[50]|Bytes:5
10:37:03.0 (3752389)|HEAP_ALLOCATE|[56]|Bytes:5
10:37:03.0 (3764397)|HEAP_ALLOCATE|[64]|Bytes:7
10:37:03.0 (3795623)|SYSTEM_MODE_ENTER|false
10:37:03.0 (3815720)|HEAP_ALLOCATE|[EXTERNAL]|Bytes:5
10:37:03.0 (3825011)|SYSTEM_MODE_EXIT|false
10:37:03.0 (3835302)|METHOD_EXIT|[1]|GetReportDetail
10:37:03.0 (3852821)|HEAP_ALLOCATE|[EXTERNAL]|Bytes:8
10:37:03.0 (3863314)|VARIABLE_SCOPE_BEGIN|[5]|this|GetReportDetail|true|false
10:37:03.0 (3923315)|VARIABLE_ASSIGNMENT|[5]|this|{}|0x216b9a39
10:37:03.0 (3947948)|SYSTEM_MODE_ENTER|false
10:37:03.0 (3956599)|HEAP_ALLOCATE|[7]|Bytes:5
10:37:03.0 (3962063)|STATEMENT_EXECUTE|[1]
10:37:03.0 (3970182)|HEAP_ALLOCATE|[7]|Bytes:5
10:37:03.0 (3974493)|STATEMENT_EXECUTE|[3]
10:37:03.0 (3985017)|HEAP_ALLOCATE|[7]|Bytes:6
10:37:03.0 (4029753)|STATEMENT_EXECUTE|[5]
10:37:03.0 (4032576)|STATEMENT_EXECUTE|[7]
10:37:03.0 (4035578)|HEAP_ALLOCATE|[7]|Bytes:4
10:37:03.0 (4873604)|HEAP_ALLOCATE|[7]|Bytes:4
10:37:03.0 (4922380)|LIMIT_USAGE|[7]|RECORD_TYPE_DESCRIBES|1|100
10:37:03.0 (8609451)|HEAP_ALLOCATE|[7]|Bytes:40
10:37:03.0 (8636128)|VARIABLE_SCOPE_BEGIN|[7]|recordTypes|Map<String,Schema.RecordTypeInfo>|true|false
10:37:03.0 (8675173)|VARIABLE_ASSIGNMENT|[7]|recordTypes|"Map of size 9 too large to display"|0x51bc30c
10:37:03.0 (8688405)|STATEMENT_EXECUTE|[8]
10:37:03.0 (8695417)|HEAP_ALLOCATE|[8]|Bytes:12
10:37:03.0 (8923877)|HEAP_ALLOCATE|[8]|Bytes:4
10:37:03.0 (8942484)|VARIABLE_SCOPE_BEGIN|[8]|standardRecTypeId|Id|false|false
10:37:03.0 (9363627)|VARIABLE_ASSIGNMENT|[8]|standardRecTypeId|"012E0000000NFJoIAO"
10:37:03.0 (9378022)|STATEMENT_EXECUTE|[10]
10:37:03.0 (9384791)|HEAP_ALLOCATE|[11]|Bytes:169
10:37:03.0 (9416522)|HEAP_ALLOCATE|[11]|Bytes:4
10:37:03.0 (9451952)|HEAP_ALLOCATE|[11]|Bytes:7
10:37:03.0 (10137243)|SOQL_EXECUTE_BEGIN|[11]|Aggregations:0|SELECT CaseNumber, MRN__c, Subject, Initial_Diagnosis__c, Status, CreatedDate, Id FROM Case WHERE RecordTypeId = :tmpVar1 ORDER BY CreatedDate DESC NULLS FIRST LIMIT 100
10:37:03.0 (10160562)|LIMIT_USAGE|[11]|SOQL|1|100
10:37:03.0 (10179030)|LIMIT_USAGE|[11]|AGGS|0|300
10:37:03.0 (66669925)|SOQL_EXECUTE_END|[11]|Rows:100
10:37:03.0 (66695952)|LIMIT_USAGE|[11]|SOQL_ROWS|100|50000
10:37:03.0 (66720463)|HEAP_ALLOCATE|[11]|Bytes:404
10:37:03.0 (66898788)|HEAP_ALLOCATE|[11]|Bytes:18283
10:37:03.0 (66947219)|HEAP_ALLOCATE|[11]|Bytes:404
10:37:03.0 (67103894)|VARIABLE_ASSIGNMENT|[EXTERNAL]|this|{}|0x216b9a39
10:37:03.0 (67128809)|VARIABLE_ASSIGNMENT|[EXTERNAL]|value|"List of size 100 too large to display"|0x77722824
10:37:03.0 (67147999)|VARIABLE_ASSIGNMENT|[3]|this.Records|"List of size 100 too large to display"|0x216b9a39
10:37:03.0 (67166324)|SYSTEM_MODE_EXIT|false
10:37:03.0 (67272070)|SYSTEM_MODE_ENTER|true
10:37:03.187 (187949243)|CUMULATIVE_LIMIT_USAGE
10:37:03.187 (187949243)|LIMIT_USAGE_FOR_NS|(default)|
  Number of SOQL queries: 1 out of 100
  Number of query rows: 100 out of 50000
  Number of SOSL queries: 0 out of 20
  Number of DML statements: 0 out of 150
  Number of DML rows: 0 out of 10000
  Maximum CPU time: 0 out of 10000
  Maximum heap size: 0 out of 6000000
  Number of callouts: 0 out of 100
  Number of Email Invocations: 0 out of 10
  Number of future calls: 0 out of 50
  Number of queueable jobs added to the queue: 0 out of 50
  Number of Mobile Apex push calls: 0 out of 10

10:37:03.187 (187949243)|TOTAL_EMAIL_RECIPIENTS_QUEUED|0
10:37:03.187 (187949243)|STATIC_VARIABLE_LIST|
  char[]:DigitTens:0
  long:serialVersionUID:0
  long:serialVersionUID:0
  String:_sfdcAdditionalCodeLocations:0
  double:MAX_VALUE:0
  Boolean:FALSE:0
  long:serialVersionUID:0
  double:MIN_VALUE:0
  int:SIZE:0
  double:NEGATIVE_INFINITY:0
  int:MAX_VALUE:0
  char[]:digits:0
  double:NaN:0
  Boolean:TRUE:0
  int:MIN_VALUE:0
  char[]:DigitOnes:0
  String:_sfdcAdditionalCodeLocations:0
  int:BYTES:0
  int:MIN_EXPONENT:0
  int[]:sizeTable:0
  int:MAX_EXPONENT:0
  String:__sfdcProperties:0
  int:SIZE:0
  double:POSITIVE_INFINITY:0
  double:MIN_NORMAL:0
  int:BYTES:0

10:37:03.187 (187949243)|CUMULATIVE_LIMIT_USAGE_END

10:37:03.0 (188119320)|CODE_UNIT_FINISHED|VF: /apex/ReportDetail
10:37:03.0 (189291901)|EXECUTION_FINISHED
10:37:03.217 (217235238)|CUMULATIVE_PROFILING_BEGIN
10:37:03.217 (217235238)|CUMULATIVE_PROFILING|SOQL operations|
Class.GetReportDetail.<init>: line 11, column 1: [select CaseNumber, MRN__c, Subject,Initial_Diagnosis__c, Status,CreatedDate, Id from Case where RecordTypeId =: standardRecTypeId ORDER BY CreatedDate DESC limit 100 ]: executed 1 time in 58 ms

10:37:03.217 (217235238)|CUMULATIVE_PROFILING|No profiling information for SOSL operations
10:37:03.217 (217235238)|CUMULATIVE_PROFILING|No profiling information for DML operations
10:37:03.217 (217235238)|CUMULATIVE_PROFILING|method invocations|
External entry point: public void <init>(): executed 1 time in 64 ms
Class.GetReportDetail.<init>: line 7, column 1: global Schema.DescribeSObjectResult getDescribe(): executed 1 time in 1 ms
Class.GetReportDetail.<init>: line 8, column 1: global public Object get(Object): executed 1 time in 0 ms
Class.GetReportDetail.<init>: line 10, column 1: public void __sfdc_Records(List<Case>): executed 1 time in 0 ms

10:37:03.217 (217235238)|CUMULATIVE_PROFILING_END
