41.0 APEX_CODE,FINEST;APEX_PROFILING,FINEST;CALLOUT,INFO;DB,INFO;SYSTEM,DEBUG;VALIDATION,INFO;VISUALFORCE,INFO;WAVE,INFO;WORKFLOW,INFO
15:48:16.0 (526131)|USER_INFO|[EXTERNAL]|005E0000004yLLO|worldcare@sadhanaconsulting.com.devfull|Eastern Standard Time|GMT-05:00
15:48:16.0 (5371166)|HEAP_ALLOCATE|[72]|Bytes:3
15:48:16.0 (5422359)|HEAP_ALLOCATE|[77]|Bytes:152
15:48:16.0 (5442523)|HEAP_ALLOCATE|[342]|Bytes:408
15:48:16.0 (5463234)|HEAP_ALLOCATE|[355]|Bytes:408
15:48:16.0 (5482625)|HEAP_ALLOCATE|[467]|Bytes:48
15:48:16.148 (148901227)|USER_INFO|[EXTERNAL]|005E0000004yLLO|worldcare@sadhanaconsulting.com.devfull|Eastern Standard Time|GMT-05:00
15:48:16.166 (166433773)|USER_INFO|[EXTERNAL]|005E0000004yLLO|worldcare@sadhanaconsulting.com.devfull|Eastern Standard Time|GMT-05:00
15:48:16.184 (184544995)|USER_INFO|[EXTERNAL]|005E0000004yLLO|worldcare@sadhanaconsulting.com.devfull|Eastern Standard Time|GMT-05:00
15:48:16.209 (209752140)|USER_INFO|[EXTERNAL]|005E0000004yLLO|worldcare@sadhanaconsulting.com.devfull|Eastern Standard Time|GMT-05:00
LATIVE_LIMIT_USAGE_END

15:48:16.0 (6359846)|CODE_UNIT_FINISHED|VF: /apex/reCAPTCHA
15:48:16.0 (7814519)|EXECUTION_FINISHED
15:48:16.8 (8823236)|CUMULATIVE_PROFILING_BEGIN
15:48:16.8 (8823236)|CUMULATIVE_PROFILING|No profiling information for SOQL operations
15:48:16.8 (8823236)|CUMULATIVE_PROFILING|No profiling information for SOSL operations
15:48:16.8 (8823236)|CUMULATIVE_PROFILING|No profiling information for DML operations
15:48:16.8 (8823236)|CUMULATIVE_PROFILING|No profiling information for method invocations
15:48:16.8 (8823236)|CUMULATIVE_PROFILING_END
