40.0 APEX_CODE,FINEST;APEX_PROFILING,FINEST;CALLOUT,INFO;DB,INFO;SYSTEM,DEBUG;VALIDATION,INFO;VISUALFORCE,INFO;WAVE,INFO;WORKFLOW,INFO
10:21:57.0 (413110)|USER_INFO|[EXTERNAL]|005E0000004yLLO|worldcare@sadhanaconsulting.com.devfull|Eastern Standard Time|GMT-05:00
10:21:57.0 (468041)|EXECUTION_STARTED
10:21:57.0 (473693)|CODE_UNIT_STARTED|[EXTERNAL]|TRIGGERS
10:21:57.0 (1886450)|CODE_UNIT_STARTED|[EXTERNAL]|01qV0000000DErk|LocalTimeUserTrigger on User trigger event BeforeUpdate for [005E0000004yLLO]
10:21:57.0 (1944042)|HEAP_ALLOCATE|[EXTERNAL]|Bytes:8
10:21:57.0 (1982923)|HEAP_ALLOCATE|[EXTERNAL]|Bytes:8
10:21:57.0 (2348421)|HEAP_ALLOCATE|[72]|Bytes:3
10:21:57.0 (2418849)|HEAP_ALLOCATE|[77]|Bytes:152
10:21:57.0 (2440616)|HEAP_ALLOCATE|[342]|Bytes:408
10:21:57.0 (2463054)|HEAP_ALLOCATE|[355]|Bytes:408
10:21:57.0 (2484067)|HEAP_ALLOCATE|[467]|Bytes:48
10:21:57.0 (2557297)|HEAP_ALLOCATE|[139]|Bytes:6
10:21:57.0 (2591350)|HEAP_ALLOCATE|[EXTERNAL]|Bytes:4
10:21:57.0 (2618532)|VARIABLE_SCOPE_BEGIN|[5]|this|LocalTimeUserTrigger|true|false
10:21:57.0 (2913586)|VARIABLE_ASSIGNMENT|[5]|this|{}|0x479c6067
10:21:57.0 (2962725)|HEAP_ALLOCATE|[EXTERNAL]|Bytes:4
10:21:57.0 (2981391)|VARIABLE_SCOPE_BEGIN|[5]|this|LocalTimeUserTrigger|true|false
10:21:57.0 (2997655)|VARIABLE_ASSIGNMENT|[5]|this|{}|0x479c6067
10:21:57.0 (3008152)|STATEMENT_EXECUTE|[5]
10:21:57.0 (3044689)|HEAP_ALLOCATE|[50]|Bytes:5
10:21:57.0 (3075010)|HEAP_ALLOCATE|[56]|Bytes:5
10:21:57.0 (3087862)|HEAP_ALLOCATE|[64]|Bytes:7
10:21:57.0 (3482710)|HEAP_ALLOCATE|[7]|Bytes:5
10:21:57.0 (3529446)|HEAP_ALLOCATE|[7]|Bytes:4
10:21:57.0 (3544113)|VARIABLE_SCOPE_BEGIN|[7]|u|User|true|false
10:21:57.0 (34211678)|VARIABLE_ASSIGNMENT|[7]|u|{"ProfileId":"00eE0000000zEdeIAE","LastModifiedDate":"2017-11-10T15:21:47.000Z","ReceivesAdminInfoEma (3 more) ...":false,"Email":"depot@sadhanaconsult (7 more) ...","TimeZoneSidKey":"America/New_York","LanguageLocaleKey":"fr","UserRoleId":"00EE0000000hj7TMAQ","License_Type__c":"Salesforce","IsActive":true,"Nurse__c":false,"LastLoginDate":"2017-11-10T15:06:05.000Z","PostalCode":"03820","ForecastEnabled":false,"IsExtIndicatorVisibl (1 more) ...":false,"DigestFrequency":"D","UTC_Offset__c":-4.00,"IsProfilePhotoActive":false,"Default_Patient_Coun (6 more) ...":"US","CompanyName":"Sadhana Consulting L (2 more) ...","CommunityNickname":"prozek","CreatedById":"005E0000002k2ScIAI","Street":"1 S Pine Street","Acquisition_Site__c":"001E000001HBa8R","Server_URL__c":"https://cs12.salesfo (17 more) ...","LastPasswordChangeDa (2 more) ...":"2017-10-10T13:48:13.000Z","LocaleSidKey":"en_US","FirstName":"Elissa","Name_Formula__c":"Elissa Sadhana Team  (5 more) ...","Title":"Consultant","City":"Dover","EmailEncodingKey":"ISO-8859-1","ReceivesInfoEmails":false,"SystemModstamp":"2017-11-10T15:21:47.000Z","User_18_Digit_ID__c":"005E0000004yLLOIA2","IsPortalEnabled":false,"Username":"worldcare@sadhanacon (19 more) ...","Alias":"Sadhana","DefaultGroupNotifica (13 more) ...":"N","CreatedDate":"2014-03-07T01:09:17.000Z","LastName":"Sadhana Team (WCI)","Id":"005E0000004yLLOIA2","IsPortalSelfRegister (2 more) ...":false,"UserType":"Standard","LastModifiedById":"005E0000004yLLOIA2"}|0x61722a90
10:21:57.0 (34273124)|STATEMENT_EXECUTE|[7]
10:21:57.0 (34276437)|STATEMENT_EXECUTE|[9]
10:21:57.0 (34278280)|STATEMENT_EXECUTE|[9]
10:21:57.0 (34280396)|STATEMENT_EXECUTE|[10]
10:21:57.0 (35456897)|VARIABLE_SCOPE_BEGIN|[3]|LocalTime.NOT_AVAILABLE|String|false|true
10:21:57.0 (35477933)|VARIABLE_SCOPE_BEGIN|[9]|LocalTime.REGION_AFRICA|String|false|true
10:21:57.0 (35490624)|VARIABLE_SCOPE_BEGIN|[6]|LocalTime.REGION_ASIA|String|false|true
10:21:57.0 (35503930)|VARIABLE_SCOPE_BEGIN|[5]|LocalTime.REGION_EUROPE|String|false|true
10:21:57.0 (35515860)|VARIABLE_SCOPE_BEGIN|[11]|LocalTime.REGION_ISRAEL|String|false|true
10:21:57.0 (35528201)|VARIABLE_SCOPE_BEGIN|[4]|LocalTime.REGION_NA|String|false|true
10:21:57.0 (35540772)|VARIABLE_SCOPE_BEGIN|[10]|LocalTime.REGION_NZ|String|false|true
10:21:57.0 (35553724)|VARIABLE_SCOPE_BEGIN|[7]|LocalTime.REGION_OCEANIA|String|false|true
10:21:57.0 (35564779)|VARIABLE_SCOPE_BEGIN|[8]|LocalTime.REGION_SA|String|false|true
10:21:57.0 (35649499)|HEAP_ALLOCATE|[10]|Bytes:86
10:21:57.0 (35672332)|HEAP_ALLOCATE|[10]|Bytes:3
10:21:57.0 (35728771)|VARIABLE_ASSIGNMENT|[10]|LocalTime.NOT_AVAILABLE|"N/A"
10:21:57.0 (35742190)|HEAP_ALLOCATE|[10]|Bytes:6
10:21:57.0 (35759701)|VARIABLE_ASSIGNMENT|[10]|LocalTime.REGION_AFRICA|"AFRICA"
10:21:57.0 (35770460)|HEAP_ALLOCATE|[10]|Bytes:4
10:21:57.0 (35783111)|VARIABLE_ASSIGNMENT|[10]|LocalTime.REGION_ASIA|"ASIA"
10:21:57.0 (35791399)|HEAP_ALLOCATE|[10]|Bytes:6
10:21:57.0 (35805019)|VARIABLE_ASSIGNMENT|[10]|LocalTime.REGION_EUROPE|"EUROPE"
10:21:57.0 (35814741)|HEAP_ALLOCATE|[10]|Bytes:6
10:21:57.0 (35829844)|VARIABLE_ASSIGNMENT|[10]|LocalTime.REGION_ISRAEL|"ISRAEL"
10:21:57.0 (35840788)|HEAP_ALLOCATE|[10]|Bytes:2
10:21:57.0 (35855864)|VARIABLE_ASSIGNMENT|[10]|LocalTime.REGION_NA|"NA"
10:21:57.0 (35864382)|HEAP_ALLOCATE|[10]|Bytes:2
10:21:57.0 (35875786)|VARIABLE_ASSIGNMENT|[10]|LocalTime.REGION_NZ|"NZ"
10:21:57.0 (35884431)|HEAP_ALLOCATE|[10]|Bytes:7
10:21:57.0 (35900111)|VARIABLE_ASSIGNMENT|[10]|LocalTime.REGION_OCEANIA|"OCEANIA"
10:21:57.0 (35910690)|HEAP_ALLOCATE|[10]|Bytes:2
10:21:57.0 (35926130)|VARIABLE_ASSIGNMENT|[10]|LocalTime.REGION_SA|"SA"
10:21:57.0 (35981621)|METHOD_ENTRY|[2]|01pE0000001ksei|LocalTime.LocalTime()
10:21:57.0 (35994411)|STATEMENT_EXECUTE|[2]
10:21:57.0 (36039935)|ENTERING_MANAGED_PKG|tz
10:21:57.0 (36120620)|METHOD_EXIT|[2]|LocalTime
10:21:57.0 (36183024)|METHOD_ENTRY|[10]|01pE0000001ksei|tz.LocalTime.getOffsetFull(String, String, String)
10:21:57.0 (36193421)|ENTERING_MANAGED_PKG|tz
10:21:57.0 (36429349)|ENTERING_MANAGED_PKG|tz
10:21:57.0 (36523562)|ENTERING_MANAGED_PKG|tz
10:21:57.0 (37777411)|SOQL_EXECUTE_BEGIN|[333]|Aggregations:0|SELECT tz__Country__c FROM tz__lt_country_names__mdt WHERE MasterLabel = :tmpVar1
10:21:57.0 (49410089)|SOQL_EXECUTE_END|[333]|Rows:1
10:21:57.0 (49905679)|ENTERING_MANAGED_PKG|tz
10:21:57.0 (49977092)|METHOD_EXIT|[10]|01pE0000001ksei|tz.LocalTime.getOffsetFull(String, String, String)
10:21:57.0 (49989980)|VARIABLE_SCOPE_BEGIN|[10]|jsonStr|String|false|false
10:21:57.0 (50020604)|VARIABLE_ASSIGNMENT|[10]|jsonStr|"{\"offset\":\"N/A\",\"dst (92 more) ..."
10:21:57.0 (50027828)|STATEMENT_EXECUTE|[11]
10:21:57.0 (50029421)|STATEMENT_EXECUTE|[12]
10:21:57.0 (50084315)|HEAP_ALLOCATE|[12]|Bytes:24
10:21:57.0 (50102115)|SYSTEM_METHOD_ENTRY|[1]|JSON.JSON()
10:21:57.0 (50111833)|STATEMENT_EXECUTE|[1]
10:21:57.0 (50121961)|SYSTEM_METHOD_EXIT|[1]|JSON
10:21:57.0 (50156883)|METHOD_ENTRY|[12]||System.JSON.deserializeUntyped(String)
10:21:57.0 (50627542)|METHOD_EXIT|[12]||System.JSON.deserializeUntyped(String)
10:21:57.0 (50642625)|VARIABLE_SCOPE_BEGIN|[12]|m|Map<String,ANY>|true|false
10:21:57.0 (50667464)|VARIABLE_ASSIGNMENT|[12]|m|"Map of size 6 too large to display"|0x2a1cfefa
10:21:57.0 (50674690)|STATEMENT_EXECUTE|[13]
10:21:57.0 (50679049)|HEAP_ALLOCATE|[13]|Bytes:6
10:21:57.0 (50721383)|VARIABLE_SCOPE_BEGIN|[13]|offset|String|false|false
10:21:57.0 (50734965)|VARIABLE_ASSIGNMENT|[13]|offset|"N/A"
10:21:57.0 (50742035)|HEAP_ALLOCATE|[14]|Bytes:3
10:21:57.0 (50766775)|STATEMENT_EXECUTE|[14]
10:21:57.0 (50782739)|HEAP_ALLOCATE|[7]|Bytes:5
10:21:57.0 (50800785)|VARIABLE_ASSIGNMENT|[7]|u|null|
10:21:57.50 (50813230)|CUMULATIVE_LIMIT_USAGE
10:21:57.50 (50813230)|LIMIT_USAGE_FOR_NS|(default)|
  Number of SOQL queries: 0 out of 100
  Number of query rows: 0 out of 50000
  Number of SOSL queries: 0 out of 20
  Number of DML statements: 0 out of 150
  Number of DML rows: 0 out of 10000
  Maximum CPU time: 0 out of 10000
  Maximum heap size: 0 out of 6000000
  Number of callouts: 0 out of 100
  Number of Email Invocations: 0 out of 10
  Number of future calls: 0 out of 50
  Number of queueable jobs added to the queue: 0 out of 50
  Number of Mobile Apex push calls: 0 out of 10

10:21:57.50 (50813230)|LIMIT_USAGE_FOR_NS|tz|
  Number of SOQL queries: 0 out of 100
  Number of query rows: 1 out of 50000
  Number of SOSL queries: 0 out of 20
  Number of DML statements: 0 out of 150
  Number of DML rows: 0 out of 10000
  Maximum CPU time: 0 out of 10000
  Maximum heap size: 0 out of 6000000
  Number of callouts: 0 out of 100
  Number of Email Invocations: 0 out of 10
  Number of future calls: 0 out of 50
  Number of queueable jobs added to the queue: 0 out of 50
  Number of Mobile Apex push calls: 0 out of 10

10:21:57.50 (50813230)|TOTAL_EMAIL_RECIPIENTS_QUEUED|0
10:21:57.50 (50813230)|STATIC_VARIABLE_LIST|
  char[]:DigitTens:0
  long:serialVersionUID:0
  String:_static_REGION_EUROPE:0
  String:_static_REGION_NA:0
  long:serialVersionUID:0
  double:MAX_VALUE:0
  Boolean:FALSE:0
  long:serialVersionUID:0
  String:_sfdcAdditionalCodeLocations:0
  double:MIN_VALUE:0
  int:SIZE:0
  double:NEGATIVE_INFINITY:0
  String:_static_NOT_AVAILABLE:0
  int:MAX_VALUE:0
  String:_static_REGION_ISRAEL:0
  char[]:digits:0
  double:NaN:0
  Boolean:TRUE:0
  String:_static_REGION_AFRICA:0
  String:_static_REGION_NZ:0
  String:_static_REGION_SA:0
  int:MIN_VALUE:0
  char[]:DigitOnes:0
  int:BYTES:0
  String:_sfdcAdditionalCodeLocations:0
  int:MIN_EXPONENT:0
  int[]:sizeTable:0
  String:_static_REGION_ASIA:0
  int:MAX_EXPONENT:0
  String:_static_REGION_OCEANIA:0
  int:SIZE:0
  double:POSITIVE_INFINITY:0
  double:MIN_NORMAL:0
  int:BYTES:0

10:21:57.50 (50813230)|CUMULATIVE_LIMIT_USAGE_END

10:21:57.0 (52566299)|CODE_UNIT_FINISHED|LocalTimeUserTrigger on User trigger event BeforeUpdate for [005E0000004yLLO]
10:21:57.145 (145276885)|ENTERING_MANAGED_PKG|skuid
10:21:57.146 (146225125)|CUMULATIVE_LIMIT_USAGE
10:21:57.146 (146225125)|LIMIT_USAGE_FOR_NS|(default)|
  Number of SOQL queries: 0 out of 100
  Number of query rows: 0 out of 50000
  Number of SOSL queries: 0 out of 20
  Number of DML statements: 0 out of 150
  Number of DML rows: 0 out of 10000
  Maximum CPU time: 0 out of 10000
  Maximum heap size: 0 out of 6000000
  Number of callouts: 0 out of 100
  Number of Email Invocations: 0 out of 10
  Number of future calls: 0 out of 50
  Number of queueable jobs added to the queue: 0 out of 50
  Number of Mobile Apex push calls: 0 out of 10

10:21:57.146 (146225125)|LIMIT_USAGE_FOR_NS|tz|
  Number of SOQL queries: 0 out of 100
  Number of query rows: 1 out of 50000
  Number of SOSL queries: 0 out of 20
  Number of DML statements: 0 out of 150
  Number of DML rows: 0 out of 10000
  Maximum CPU time: 0 out of 10000
  Maximum heap size: 0 out of 6000000
  Number of callouts: 0 out of 100
  Number of Email Invocations: 0 out of 10
  Number of future calls: 0 out of 50
  Number of queueable jobs added to the queue: 0 out of 50
  Number of Mobile Apex push calls: 0 out of 10

10:21:57.146 (146225125)|CUMULATIVE_LIMIT_USAGE_END

10:21:57.0 (149374748)|CODE_UNIT_STARTED|[EXTERNAL]|Workflow:User
10:21:57.0 (158482533)|WF_RULE_EVAL_BEGIN|Workflow
10:21:57.0 (158516054)|WF_CRITERIA_BEGIN|[User: Elissa Sadhana Team (WCI) 005E0000004yLLO]|Member_Community_New_User301V000000063fo|01QV00000001N6N|ON_CREATE_ONLY|0
10:21:57.0 (158561334)|WF_RULE_NOT_EVALUATED
10:21:57.0 (158572626)|WF_SPOOL_ACTION_BEGIN|Workflow
10:21:57.0 (158583181)|WF_ACTION| None
10:21:57.0 (158587220)|WF_RULE_EVAL_END
10:21:57.0 (158638172)|WF_ACTIONS_END| None
10:21:57.0 (158648790)|CODE_UNIT_FINISHED|Workflow:User
10:21:57.0 (164496757)|CODE_UNIT_STARTED|[EXTERNAL]|01qV0000000DErk|LocalTimeUserTrigger on User trigger event BeforeUpdate for [005E0000004yLLO]
10:21:57.0 (164534979)|HEAP_ALLOCATE|[EXTERNAL]|Bytes:8
10:21:57.0 (164559032)|HEAP_ALLOCATE|[EXTERNAL]|Bytes:8
10:21:57.0 (164606249)|HEAP_ALLOCATE|[EXTERNAL]|Bytes:4
10:21:57.0 (164621193)|VARIABLE_SCOPE_BEGIN|[5]|this|LocalTimeUserTrigger|true|false
10:21:57.0 (164660112)|VARIABLE_ASSIGNMENT|[5]|this|{}|0x34d45239
10:21:57.0 (164689089)|HEAP_ALLOCATE|[EXTERNAL]|Bytes:4
10:21:57.0 (164698061)|VARIABLE_SCOPE_BEGIN|[5]|this|LocalTimeUserTrigger|true|false
10:21:57.0 (164712425)|VARIABLE_ASSIGNMENT|[5]|this|{}|0x34d45239
10:21:57.0 (164721568)|STATEMENT_EXECUTE|[5]
10:21:57.0 (164783222)|HEAP_ALLOCATE|[7]|Bytes:5
10:21:57.0 (164803424)|HEAP_ALLOCATE|[7]|Bytes:4
10:21:57.0 (164814965)|VARIABLE_SCOPE_BEGIN|[7]|u|User|true|false
10:21:57.0 (169138329)|VARIABLE_ASSIGNMENT|[7]|u|{"ProfileId":"00eE0000000zEdeIAE","LastModifiedDate":"2017-11-10T15:21:57.000Z","ReceivesAdminInfoEma (3 more) ...":false,"Email":"depot@sadhanaconsult (7 more) ...","TimeZoneSidKey":"America/New_York","LanguageLocaleKey":"en_US","UserRoleId":"00EE0000000hj7TMAQ","License_Type__c":"Salesforce","IsActive":true,"Nurse__c":false,"LastLoginDate":"2017-11-10T15:06:05.000Z","PostalCode":"03820","ForecastEnabled":false,"IsExtIndicatorVisibl (1 more) ...":false,"DigestFrequency":"D","UTC_Offset__c":-4.00,"IsProfilePhotoActive":false,"Default_Patient_Coun (6 more) ...":"US","CompanyName":"Sadhana Consulting L (2 more) ...","CommunityNickname":"prozek","CreatedById":"005E0000002k2ScIAI","Street":"1 S Pine Street","Acquisition_Site__c":"001E000001HBa8R","Server_URL__c":"https://cs12.salesfo (17 more) ...","LastPasswordChangeDa (2 more) ...":"2017-10-10T13:48:13.000Z","LocaleSidKey":"en_US","FirstName":"Elissa","Name_Formula__c":"Elissa Sadhana Team  (5 more) ...","Title":"Consultant","City":"Dover","EmailEncodingKey":"ISO-8859-1","ReceivesInfoEmails":false,"SystemModstamp":"2017-11-10T15:21:57.000Z","User_18_Digit_ID__c":"005E0000004yLLOIA2","IsPortalEnabled":false,"Username":"worldcare@sadhanacon (19 more) ...","Alias":"Sadhana","DefaultGroupNotifica (13 more) ...":"N","CreatedDate":"2014-03-07T01:09:17.000Z","LastName":"Sadhana Team (WCI)","Id":"005E0000004yLLOIA2","IsPortalSelfRegister (2 more) ...":false,"UserType":"Standard","LastModifiedById":"005E0000004yLLOIA2"}|0x71fc6157
10:21:57.0 (169169085)|STATEMENT_EXECUTE|[7]
10:21:57.0 (169170764)|STATEMENT_EXECUTE|[9]
10:21:57.0 (169171809)|STATEMENT_EXECUTE|[9]
10:21:57.0 (169173075)|STATEMENT_EXECUTE|[10]
10:21:57.0 (169221118)|METHOD_ENTRY|[10]|01pE0000001ksei|tz.LocalTime.getOffsetFull(String, String, String)
10:21:57.0 (169233314)|ENTERING_MANAGED_PKG|tz
10:21:57.0 (169271840)|ENTERING_MANAGED_PKG|tz
10:21:57.0 (169334049)|ENTERING_MANAGED_PKG|tz
10:21:57.0 (169608163)|SOQL_EXECUTE_BEGIN|[333]|Aggregations:0|SELECT tz__Country__c FROM tz__lt_country_names__mdt WHERE MasterLabel = :tmpVar1
10:21:57.0 (180310714)|SOQL_EXECUTE_END|[333]|Rows:1
10:21:57.0 (180604664)|ENTERING_MANAGED_PKG|tz
10:21:57.0 (180665130)|METHOD_EXIT|[10]|01pE0000001ksei|tz.LocalTime.getOffsetFull(String, String, String)
10:21:57.0 (180675200)|VARIABLE_SCOPE_BEGIN|[10]|jsonStr|String|false|false
10:21:57.0 (180701824)|VARIABLE_ASSIGNMENT|[10]|jsonStr|"{\"offset\":\"N/A\",\"dst (92 more) ..."
10:21:57.0 (180708214)|STATEMENT_EXECUTE|[11]
10:21:57.0 (180710054)|STATEMENT_EXECUTE|[12]
10:21:57.0 (180720676)|METHOD_ENTRY|[12]||System.JSON.deserializeUntyped(String)
10:21:57.0 (181149669)|METHOD_EXIT|[12]||System.JSON.deserializeUntyped(String)
10:21:57.0 (181165611)|VARIABLE_SCOPE_BEGIN|[12]|m|Map<String,ANY>|true|false
10:21:57.0 (181191460)|VARIABLE_ASSIGNMENT|[12]|m|"Map of size 6 too large to display"|0x72418fbc
10:21:57.0 (181198352)|STATEMENT_EXECUTE|[13]
10:21:57.0 (181215637)|VARIABLE_SCOPE_BEGIN|[13]|offset|String|false|false
10:21:57.0 (181227143)|VARIABLE_ASSIGNMENT|[13]|offset|"N/A"
10:21:57.0 (181244094)|STATEMENT_EXECUTE|[14]
10:21:57.0 (181259968)|HEAP_ALLOCATE|[7]|Bytes:5
10:21:57.0 (181279781)|VARIABLE_ASSIGNMENT|[7]|u|null|
10:21:57.181 (181292540)|CUMULATIVE_LIMIT_USAGE
10:21:57.181 (181292540)|LIMIT_USAGE_FOR_NS|(default)|
  Number of SOQL queries: 0 out of 100
  Number of query rows: 0 out of 50000
  Number of SOSL queries: 0 out of 20
  Number of DML statements: 0 out of 150
  Number of DML rows: 0 out of 10000
  Maximum CPU time: 0 out of 10000
  Maximum heap size: 0 out of 6000000
  Number of callouts: 0 out of 100
  Number of Email Invocations: 0 out of 10
  Number of future calls: 0 out of 50
  Number of queueable jobs added to the queue: 0 out of 50
  Number of Mobile Apex push calls: 0 out of 10

10:21:57.181 (181292540)|LIMIT_USAGE_FOR_NS|tz|
  Number of SOQL queries: 0 out of 100
  Number of query rows: 1 out of 50000
  Number of SOSL queries: 0 out of 20
  Number of DML statements: 0 out of 150
  Number of DML rows: 0 out of 10000
  Maximum CPU time: 0 out of 10000
  Maximum heap size: 0 out of 6000000
  Number of callouts: 0 out of 100
  Number of Email Invocations: 0 out of 10
  Number of future calls: 0 out of 50
  Number of queueable jobs added to the queue: 0 out of 50
  Number of Mobile Apex push calls: 0 out of 10

10:21:57.181 (181292540)|TOTAL_EMAIL_RECIPIENTS_QUEUED|0
10:21:57.181 (181292540)|STATIC_VARIABLE_LIST|
  char[]:DigitTens:0
  long:serialVersionUID:0
  String:_static_REGION_EUROPE:0
  String:_static_REGION_NA:0
  long:serialVersionUID:0
  double:MAX_VALUE:0
  Boolean:FALSE:0
  long:serialVersionUID:0
  String:_sfdcAdditionalCodeLocations:0
  double:MIN_VALUE:0
  int:SIZE:0
  double:NEGATIVE_INFINITY:0
  String:_static_NOT_AVAILABLE:0
  int:MAX_VALUE:0
  String:_static_REGION_ISRAEL:0
  char[]:digits:0
  double:NaN:0
  Boolean:TRUE:0
  String:_static_REGION_AFRICA:0
  String:_static_REGION_NZ:0
  String:_static_REGION_SA:0
  int:MIN_VALUE:0
  String:_sfdcAdditionalCodeLocations:0
  char[]:DigitOnes:0
  int:BYTES:0
  String:_sfdcAdditionalCodeLocations:0
  int:MIN_EXPONENT:0
  int[]:sizeTable:0
  String:_static_REGION_ASIA:0
  int:MAX_EXPONENT:0
  String:_static_REGION_OCEANIA:0
  int:SIZE:0
  double:POSITIVE_INFINITY:0
  double:MIN_NORMAL:0
  int:BYTES:0

10:21:57.181 (181292540)|CUMULATIVE_LIMIT_USAGE_END

10:21:57.0 (182520578)|CODE_UNIT_FINISHED|LocalTimeUserTrigger on User trigger event BeforeUpdate for [005E0000004yLLO]
10:21:57.247 (247229553)|ENTERING_MANAGED_PKG|skuid
10:21:57.247 (247879759)|CUMULATIVE_LIMIT_USAGE
10:21:57.247 (247879759)|LIMIT_USAGE_FOR_NS|(default)|
  Number of SOQL queries: 0 out of 100
  Number of query rows: 0 out of 50000
  Number of SOSL queries: 0 out of 20
  Number of DML statements: 0 out of 150
  Number of DML rows: 0 out of 10000
  Maximum CPU time: 0 out of 10000
  Maximum heap size: 0 out of 6000000
  Number of callouts: 0 out of 100
  Number of Email Invocations: 0 out of 10
  Number of future calls: 0 out of 50
  Number of queueable jobs added to the queue: 0 out of 50
  Number of Mobile Apex push calls: 0 out of 10

10:21:57.247 (247879759)|LIMIT_USAGE_FOR_NS|tz|
  Number of SOQL queries: 0 out of 100
  Number of query rows: 1 out of 50000
  Number of SOSL queries: 0 out of 20
  Number of DML statements: 0 out of 150
  Number of DML rows: 0 out of 10000
  Maximum CPU time: 0 out of 10000
  Maximum heap size: 0 out of 6000000
  Number of callouts: 0 out of 100
  Number of Email Invocations: 0 out of 10
  Number of future calls: 0 out of 50
  Number of queueable jobs added to the queue: 0 out of 50
  Number of Mobile Apex push calls: 0 out of 10

10:21:57.247 (247879759)|CUMULATIVE_LIMIT_USAGE_END

10:21:57.0 (251243604)|CODE_UNIT_STARTED|[EXTERNAL]|Workflow:User
10:21:57.0 (255903978)|WF_RULE_EVAL_BEGIN|Workflow
10:21:57.0 (255935500)|WF_CRITERIA_BEGIN|[User: Elissa Sadhana Team (WCI) 005E0000004yLLO]|Member_Community_New_User301V000000063fo|01QV00000001N6N|ON_CREATE_ONLY|0
10:21:57.0 (255948186)|WF_RULE_NOT_EVALUATED
10:21:57.0 (255956467)|WF_SPOOL_ACTION_BEGIN|Workflow
10:21:57.0 (255965814)|WF_ACTION| None
10:21:57.0 (255969918)|WF_RULE_EVAL_END
10:21:57.0 (256007973)|WF_ACTIONS_END| None
10:21:57.0 (256016304)|CODE_UNIT_FINISHED|Workflow:User
10:21:57.0 (411183241)|CODE_UNIT_FINISHED|TRIGGERS
10:21:57.0 (411204809)|EXECUTION_FINISHED
10:21:57.432 (432059226)|CUMULATIVE_PROFILING_BEGIN
10:21:57.432 (432059226)|CUMULATIVE_PROFILING|SOQL operations|
(tz): [SELECT tz__Country__c FROM tz__lt_country_names__mdt WHERE MasterLabel = :countryCode]: executed 2 times in 24 ms

10:21:57.432 (432059226)|CUMULATIVE_PROFILING|No profiling information for SOSL operations
10:21:57.432 (432059226)|CUMULATIVE_PROFILING|No profiling information for DML operations
10:21:57.432 (432059226)|CUMULATIVE_PROFILING|method invocations|
Trigger.LocalTimeUserTrigger: line 10, column 1: webService static String getOffsetFull(String, String, String): executed 2 times in 25 ms
External entry point: public void invoke(): executed 1 time in 17 ms
Trigger.LocalTimeUserTrigger: line 12, column 1: global static Object deserializeUntyped(String): executed 2 times in 1 ms
Trigger.LocalTimeUserTrigger: line 7, column 1: global public System.Iterator iterator(): executed 6 times in 0 ms
Trigger.LocalTimeUserTrigger: line 13, column 1: global public Object get(Object): executed 2 times in 0 ms

10:21:57.432 (432059226)|CUMULATIVE_PROFILING_END
