41.0 APEX_CODE,FINEST;APEX_PROFILING,FINEST;CALLOUT,INFO;DB,INFO;SYSTEM,DEBUG;VALIDATION,INFO;VISUALFORCE,INFO;WAVE,INFO;WORKFLOW,INFO
11:57:28.0 (65371)|USER_INFO|[EXTERNAL]|005E0000004yLLO|worldcare@sadhanaconsulting.com.devfull|Eastern Standard Time|GMT-05:00
11:57:28.0 (106128)|EXECUTION_STARTED
11:57:28.0 (110283)|CODE_UNIT_STARTED|[EXTERNAL]|066V0000000E8ze|VF: /apex/reCAPTCHA
11:57:28.5 (5359629)|CUMULATIVE_LIMIT_USAGE
11:57:28.5 (5359629)|LIMIT_USAGE_FOR_NS|(default)|
  Number of SOQL queries: 0 out of 100
  Number of query rows: 0 out of 50000
  Number of SOSL queries: 0 out of 20
  Number of DML statements: 0 out of 150
  Number of DML rows: 0 out of 10000
  Maximum CPU time: 0 out of 10000
  Maximum heap size: 0 out of 6000000
  Number of callouts: 0 out of 100
  Number of Email Invocations: 0 out of 10
  Number of future calls: 0 out of 50
  Number of queueable jobs added to the queue: 0 out of 50
  Number of Mobile Apex push calls: 0 out of 10

11:57:28.5 (5359629)|TOTAL_EMAIL_RECIPIENTS_QUEUED|0
11:57:28.5 (5359629)|CUMULATIVE_LIMIT_USAGE_END

11:57:28.0 (5410628)|CODE_UNIT_FINISHED|VF: /apex/reCAPTCHA
11:57:28.0 (7862725)|EXECUTION_FINISHED
11:57:28.9 (9105937)|CUMULATIVE_PROFILING_BEGIN
11:57:28.9 (9105937)|CUMULATIVE_PROFILING|No profiling information for SOQL operations
11:57:28.9 (9105937)|CUMULATIVE_PROFILING|No profiling information for SOSL operations
11:57:28.9 (9105937)|CUMULATIVE_PROFILING|No profiling information for DML operations
11:57:28.9 (9105937)|CUMULATIVE_PROFILING|No profiling information for method invocations
11:57:28.9 (9105937)|CUMULATIVE_PROFILING_END
