41.0 APEX_CODE,FINEST;APEX_PROFILING,FINEST;CALLOUT,INFO;DB,INFO;SYSTEM,DEBUG;VALIDATION,INFO;VISUALFORCE,INFO;WAVE,INFO;WORKFLOW,INFO
10:32:34.0 (350537)|USER_INFO|[EXTERNAL]|005E0000004yLLO|worldcare@sadhanaconsulting.com.devfull|Eastern Standard Time|GMT-05:00
10:32:34.0 (535391)|EXECUTION_STARTED
10:32:34.0 (540818)|CODE_UNIT_STARTED|[EXTERNAL]|066V0000000E8ze|VF: /apex/reCAPTCHA
10:32:34.6 (6175260)|CUMULATIVE_LIMIT_USAGE
10:32:34.6 (6175260)|LIMIT_USAGE_FOR_NS|(default)|
  Number of SOQL queries: 0 out of 100
  Number of query rows: 0 out of 50000
  Number of SOSL queries: 0 out of 20
  Number of DML statements: 0 out of 150
  Number of DML rows: 0 out of 10000
  Maximum CPU time: 0 out of 10000
  Maximum heap size: 0 out of 6000000
  Number of callouts: 0 out of 100
  Number of Email Invocations: 0 out of 10
  Number of future calls: 0 out of 50
  Number of queueable jobs added to the queue: 0 out of 50
  Number of Mobile Apex push calls: 0 out of 10

10:32:34.6 (6175260)|TOTAL_EMAIL_RECIPIENTS_QUEUED|0
10:32:34.6 (6175260)|CUMULATIVE_LIMIT_USAGE_END

10:32:34.0 (6226981)|CODE_UNIT_FINISHED|VF: /apex/reCAPTCHA
10:32:34.0 (7139544)|EXECUTION_FINISHED
10:32:34.7 (7977986)|CUMULATIVE_PROFILING_BEGIN
10:32:34.7 (7977986)|CUMULATIVE_PROFILING|No profiling information for SOQL operations
10:32:34.7 (7977986)|CUMULATIVE_PROFILING|No profiling information for SOSL operations
10:32:34.7 (7977986)|CUMULATIVE_PROFILING|No profiling information for DML operations
10:32:34.7 (7977986)|CUMULATIVE_PROFILING|No profiling information for method invocations
10:32:34.7 (7977986)|CUMULATIVE_PROFILING_END
