41.0 APEX_CODE,FINEST;APEX_PROFILING,FINEST;CALLOUT,INFO;DB,INFO;SYSTEM,DEBUG;VALIDATION,INFO;VISUALFORCE,INFO;WAVE,INFO;WORKFLOW,INFO
09:51:11.0 (568348)|USER_INFO|[EXTERNAL]|005V0000004uuRl|manuelaworldcare@sadhanaconsulting.com.devfull|Eastern Standard Time|GMT-05:00
09:51:11.0 (613138)|EXECUTION_STARTED
09:51:11.0 (618158)|CODE_UNIT_STARTED|[EXTERNAL]|01pV0000000LQk8|portalAccount.CreateNewAccount
09:51:11.0 (903886)|HEAP_ALLOCATE|[72]|Bytes:3
09:51:11.0 (950630)|HEAP_ALLOCATE|[77]|Bytes:152
09:51:11.0 (973141)|HEAP_ALLOCATE|[342]|Bytes:408
09:51:11.0 (1001590)|HEAP_ALLOCATE|[355]|Bytes:408
09:51:11.0 (1023574)|HEAP_ALLOCATE|[467]|Bytes:48
09:51:11.0 (16126161)|HEAP_ALLOCATE|[139]|Bytes:6
09:51:11.0 (16242750)|HEAP_ALLOCATE|[EXTERNAL]|Bytes:252
09:51:11.0 (16259717)|HEAP_ALLOCATE|[EXTERNAL]|Bytes:25
09:51:11.0 (16275812)|SYSTEM_METHOD_ENTRY|[1]|RestRequest.RestRequest()
09:51:11.0 (16284644)|STATEMENT_EXECUTE|[1]
09:51:11.0 (16301454)|SYSTEM_METHOD_EXIT|[1]|RestRequest
09:51:11.0 (16315640)|HEAP_ALLOCATE|[EXTERNAL]|Bytes:32
09:51:11.0 (16341642)|HEAP_ALLOCATE|[EXTERNAL]|Bytes:8
09:51:11.0 (16349894)|HEAP_ALLOCATE|[EXTERNAL]|Bytes:10
09:51:11.0 (16361272)|VARIABLE_SCOPE_BEGIN|[16]|this|System.RestRequest|true|false
09:51:11.0 (16483190)|VARIABLE_ASSIGNMENT|[16]|this|{}|0x570de73a
09:51:11.0 (16498444)|VARIABLE_SCOPE_BEGIN|[16]|request|java:com.force.swag.rest.RestRequest|true|false
09:51:11.0 (16699795)|VARIABLE_ASSIGNMENT|[16]|request|"com.force.swag.rest.RestRequestServletImpl@60d5ac7b"|0x60d5ac7b
09:51:11.0 (16711470)|VARIABLE_SCOPE_BEGIN|[16]|urlMapping|String|false|false
09:51:11.0 (16723009)|VARIABLE_ASSIGNMENT|[16]|urlMapping|"/Account/*"
09:51:11.0 (17246136)|HEAP_ALLOCATE|[EXTERNAL]|Bytes:32
09:51:11.0 (17255208)|HEAP_ALLOCATE|[EXTERNAL]|Bytes:13
09:51:11.0 (17258540)|HEAP_ALLOCATE|[EXTERNAL]|Bytes:4
09:51:11.0 (17264681)|VARIABLE_SCOPE_BEGIN|[28]|this|System.RestRequest|true|false
09:51:11.0 (17303321)|VARIABLE_ASSIGNMENT|[28]|this|{"headers":"0x4a416665","httpMethod":"POST","params":"0x377e46a7","remoteAddress":"54.92.172.50","requestURI":"/Account/","resourcePath":"/services/apexrest/A (8 more) ..."}|0x570de73a
09:51:11.0 (17313808)|VARIABLE_SCOPE_BEGIN|[28]|name|String|false|false
09:51:11.0 (17321239)|VARIABLE_ASSIGNMENT|[28]|name|"X-PrettyPrint"
09:51:11.0 (17325391)|VARIABLE_SCOPE_BEGIN|[28]|value|String|false|false
09:51:11.0 (17331885)|VARIABLE_ASSIGNMENT|[28]|value|"true"
09:51:11.0 (17421891)|HEAP_ALLOCATE|[EXTERNAL]|Bytes:32
09:51:11.0 (17430121)|HEAP_ALLOCATE|[EXTERNAL]|Bytes:6
09:51:11.0 (17433356)|HEAP_ALLOCATE|[EXTERNAL]|Bytes:16
09:51:11.0 (17437934)|VARIABLE_SCOPE_BEGIN|[28]|this|System.RestRequest|true|false
09:51:11.0 (17470098)|VARIABLE_ASSIGNMENT|[28]|this|{"headers":"0x4a416665","httpMethod":"POST","params":"0x377e46a7","remoteAddress":"54.92.172.50","requestURI":"/Account/","resourcePath":"/services/apexrest/A (8 more) ..."}|0x570de73a
09:51:11.0 (17478094)|VARIABLE_SCOPE_BEGIN|[28]|name|String|false|false
09:51:11.0 (17485604)|VARIABLE_ASSIGNMENT|[28]|name|"Accept"
09:51:11.0 (17489292)|VARIABLE_SCOPE_BEGIN|[28]|value|String|false|false
09:51:11.0 (17495631)|VARIABLE_ASSIGNMENT|[28]|value|"application/json"
09:51:11.0 (17550079)|HEAP_ALLOCATE|[EXTERNAL]|Bytes:32
09:51:11.0 (17557112)|HEAP_ALLOCATE|[EXTERNAL]|Bytes:11
09:51:11.0 (17560250)|HEAP_ALLOCATE|[EXTERNAL]|Bytes:44
09:51:11.0 (17564609)|VARIABLE_SCOPE_BEGIN|[28]|this|System.RestRequest|true|false
09:51:11.0 (17595333)|VARIABLE_ASSIGNMENT|[28]|this|{"headers":"0x4a416665","httpMethod":"POST","params":"0x377e46a7","remoteAddress":"54.92.172.50","requestURI":"/Account/","resourcePath":"/services/apexrest/A (8 more) ..."}|0x570de73a
09:51:11.0 (17603837)|VARIABLE_SCOPE_BEGIN|[28]|name|String|false|false
09:51:11.0 (17610808)|VARIABLE_ASSIGNMENT|[28]|name|"CipherSuite"
09:51:11.0 (17614606)|VARIABLE_SCOPE_BEGIN|[28]|value|String|false|false
09:51:11.0 (17622093)|VARIABLE_ASSIGNMENT|[28]|value|"ECDHE-RSA-AES256-GCM (24 more) ..."
09:51:11.0 (17674976)|HEAP_ALLOCATE|[EXTERNAL]|Bytes:32
09:51:11.0 (17681727)|HEAP_ALLOCATE|[EXTERNAL]|Bytes:10
09:51:11.0 (17684525)|HEAP_ALLOCATE|[EXTERNAL]|Bytes:16
09:51:11.0 (17688938)|VARIABLE_SCOPE_BEGIN|[28]|this|System.RestRequest|true|false
09:51:11.0 (17718913)|VARIABLE_ASSIGNMENT|[28]|this|{"headers":"0x4a416665","httpMethod":"POST","params":"0x377e46a7","remoteAddress":"54.92.172.50","requestURI":"/Account/","resourcePath":"/services/apexrest/A (8 more) ..."}|0x570de73a
09:51:11.0 (17726589)|VARIABLE_SCOPE_BEGIN|[28]|name|String|false|false
09:51:11.0 (17734107)|VARIABLE_ASSIGNMENT|[28]|name|"User-Agent"
09:51:11.0 (17737847)|VARIABLE_SCOPE_BEGIN|[28]|value|String|false|false
09:51:11.0 (17743797)|VARIABLE_ASSIGNMENT|[28]|value|"Workbench/41.0.0"
09:51:11.0 (17798710)|HEAP_ALLOCATE|[EXTERNAL]|Bytes:32
09:51:11.0 (17806093)|HEAP_ALLOCATE|[EXTERNAL]|Bytes:4
09:51:11.0 (17809113)|HEAP_ALLOCATE|[EXTERNAL]|Bytes:19
09:51:11.0 (17813404)|VARIABLE_SCOPE_BEGIN|[28]|this|System.RestRequest|true|false
09:51:11.0 (17843219)|VARIABLE_ASSIGNMENT|[28]|this|{"headers":"0x4a416665","httpMethod":"POST","params":"0x377e46a7","remoteAddress":"54.92.172.50","requestURI":"/Account/","resourcePath":"/services/apexrest/A (8 more) ..."}|0x570de73a
09:51:11.0 (17851424)|VARIABLE_SCOPE_BEGIN|[28]|name|String|false|false
09:51:11.0 (17857840)|VARIABLE_ASSIGNMENT|[28]|name|"Host"
09:51:11.0 (17861457)|VARIABLE_SCOPE_BEGIN|[28]|value|String|false|false
09:51:11.0 (17867983)|VARIABLE_ASSIGNMENT|[28]|value|"cs12.salesforce.com"
09:51:11.0 (17919992)|HEAP_ALLOCATE|[EXTERNAL]|Bytes:32
09:51:11.0 (17926951)|HEAP_ALLOCATE|[EXTERNAL]|Bytes:15
09:51:11.0 (17930093)|HEAP_ALLOCATE|[EXTERNAL]|Bytes:4
09:51:11.0 (17934160)|VARIABLE_SCOPE_BEGIN|[28]|this|System.RestRequest|true|false
09:51:11.0 (17962952)|VARIABLE_ASSIGNMENT|[28]|this|{"headers":"0x4a416665","httpMethod":"POST","params":"0x377e46a7","remoteAddress":"54.92.172.50","requestURI":"/Account/","resourcePath":"/services/apexrest/A (8 more) ..."}|0x570de73a
09:51:11.0 (17970460)|VARIABLE_SCOPE_BEGIN|[28]|name|String|false|false
09:51:11.0 (17977707)|VARIABLE_ASSIGNMENT|[28]|name|"Accept-Encoding"
09:51:11.0 (17981393)|VARIABLE_SCOPE_BEGIN|[28]|value|String|false|false
09:51:11.0 (17987236)|VARIABLE_ASSIGNMENT|[28]|value|"gzip"
09:51:11.0 (18037913)|HEAP_ALLOCATE|[EXTERNAL]|Bytes:32
09:51:11.0 (18045476)|HEAP_ALLOCATE|[EXTERNAL]|Bytes:16
09:51:11.0 (18048304)|HEAP_ALLOCATE|[EXTERNAL]|Bytes:12
09:51:11.0 (18052292)|VARIABLE_SCOPE_BEGIN|[28]|this|System.RestRequest|true|false
09:51:11.0 (18081592)|VARIABLE_ASSIGNMENT|[28]|this|{"headers":"0x4a416665","httpMethod":"POST","params":"0x377e46a7","remoteAddress":"54.92.172.50","requestURI":"/Account/","resourcePath":"/services/apexrest/A (8 more) ..."}|0x570de73a
09:51:11.0 (18089570)|VARIABLE_SCOPE_BEGIN|[28]|name|String|false|false
09:51:11.0 (18096674)|VARIABLE_ASSIGNMENT|[28]|name|"X-Salesforce-SIP"
09:51:11.0 (18100253)|VARIABLE_SCOPE_BEGIN|[28]|value|String|false|false
09:51:11.0 (18106345)|VARIABLE_ASSIGNMENT|[28]|value|"54.92.172.50"
09:51:11.0 (18156662)|HEAP_ALLOCATE|[EXTERNAL]|Bytes:32
09:51:11.0 (18163253)|HEAP_ALLOCATE|[EXTERNAL]|Bytes:12
09:51:11.0 (18166021)|HEAP_ALLOCATE|[EXTERNAL]|Bytes:31
09:51:11.0 (18170117)|VARIABLE_SCOPE_BEGIN|[28]|this|System.RestRequest|true|false
09:51:11.0 (18199048)|VARIABLE_ASSIGNMENT|[28]|this|{"headers":"0x4a416665","httpMethod":"POST","params":"0x377e46a7","remoteAddress":"54.92.172.50","requestURI":"/Account/","resourcePath":"/services/apexrest/A (8 more) ..."}|0x570de73a
09:51:11.0 (18207050)|VARIABLE_SCOPE_BEGIN|[28]|name|String|false|false
09:51:11.0 (18214237)|VARIABLE_ASSIGNMENT|[28]|name|"Content-Type"
09:51:11.0 (18217694)|VARIABLE_SCOPE_BEGIN|[28]|value|String|false|false
09:51:11.0 (18224949)|VARIABLE_ASSIGNMENT|[28]|value|"application/json; ch (11 more) ..."
09:51:11.0 (18323825)|HEAP_ALLOCATE|[EXTERNAL]|Bytes:156
09:51:11.0 (18332475)|HEAP_ALLOCATE|[EXTERNAL]|Bytes:10
09:51:11.0 (18339882)|SYSTEM_METHOD_ENTRY|[1]|RestResponse.RestResponse()
09:51:11.0 (18344204)|STATEMENT_EXECUTE|[1]
09:51:11.0 (18350396)|SYSTEM_METHOD_EXIT|[1]|RestResponse
09:51:11.0 (18357039)|HEAP_ALLOCATE|[EXTERNAL]|Bytes:16
09:51:11.0 (18361350)|VARIABLE_SCOPE_BEGIN|[7]|this|System.RestResponse|true|false
09:51:11.0 (18383018)|VARIABLE_ASSIGNMENT|[7]|this|{}|0xf725345
09:51:11.0 (18521835)|VARIABLE_SCOPE_BEGIN|[4]|RestContext.request|System.RestRequest|true|true
09:51:11.0 (18532599)|VARIABLE_SCOPE_BEGIN|[5]|RestContext.response|System.RestResponse|true|true
09:51:11.0 (18543120)|HEAP_ALLOCATE|[EXTERNAL]|Bytes:112
09:51:11.0 (18548592)|HEAP_ALLOCATE|[EXTERNAL]|Bytes:5
09:51:11.0 (18560294)|SYSTEM_METHOD_ENTRY|[2]|RestContext.RestContext()
09:51:11.0 (18564747)|STATEMENT_EXECUTE|[2]
09:51:11.0 (18571206)|SYSTEM_METHOD_EXIT|[2]|RestContext
09:51:11.0 (18578466)|HEAP_ALLOCATE|[EXTERNAL]|Bytes:32
09:51:11.0 (18613556)|VARIABLE_ASSIGNMENT|[EXTERNAL]|RestContext.request|{"headers":"0x4a416665","httpMethod":"POST","params":"0x377e46a7","remoteAddress":"54.92.172.50","requestURI":"/Account/","resourcePath":"/services/apexrest/A (8 more) ..."}|0x570de73a
09:51:11.0 (18631603)|HEAP_ALLOCATE|[EXTERNAL]|Bytes:16
09:51:11.0 (18652901)|VARIABLE_ASSIGNMENT|[EXTERNAL]|RestContext.response|{"headers":"0x420980a4"}|0xf725345
09:51:11.0 (19158151)|HEAP_ALLOCATE|[EXTERNAL]|Bytes:4
09:51:11.0 (19175576)|METHOD_ENTRY|[2]|01pV0000000LQk8|portalAccount.portalAccount()
09:51:11.0 (19181009)|STATEMENT_EXECUTE|[2]
09:51:11.0 (19184260)|STATEMENT_EXECUTE|[2]
09:51:11.0 (19897114)|SYSTEM_MODE_ENTER|false
09:51:11.0 (19918341)|HEAP_ALLOCATE|[EXTERNAL]|Bytes:5
09:51:11.0 (19928810)|SYSTEM_MODE_EXIT|false
09:51:11.0 (19939504)|METHOD_EXIT|[2]|portalAccount
09:51:11.0 (19946526)|HEAP_ALLOCATE|[EXTERNAL]|Bytes:7
09:51:11.0 (19950511)|HEAP_ALLOCATE|[EXTERNAL]|Bytes:10
09:51:11.0 (19953327)|HEAP_ALLOCATE|[EXTERNAL]|Bytes:5
09:51:11.0 (19956526)|HEAP_ALLOCATE|[EXTERNAL]|Bytes:4
09:51:11.0 (19959119)|HEAP_ALLOCATE|[EXTERNAL]|Bytes:4
09:51:11.0 (19961879)|HEAP_ALLOCATE|[EXTERNAL]|Bytes:15
09:51:11.0 (19964486)|HEAP_ALLOCATE|[EXTERNAL]|Bytes:12
09:51:11.0 (19966984)|HEAP_ALLOCATE|[EXTERNAL]|Bytes:12
09:51:11.0 (19969945)|HEAP_ALLOCATE|[EXTERNAL]|Bytes:13
09:51:11.0 (19972540)|HEAP_ALLOCATE|[EXTERNAL]|Bytes:5
09:51:11.0 (19979053)|HEAP_ALLOCATE|[EXTERNAL]|Bytes:9
09:51:11.0 (19982248)|HEAP_ALLOCATE|[EXTERNAL]|Bytes:11
09:51:11.0 (19984783)|HEAP_ALLOCATE|[EXTERNAL]|Bytes:6
09:51:11.0 (19987379)|HEAP_ALLOCATE|[EXTERNAL]|Bytes:5
09:51:11.0 (20026180)|VARIABLE_SCOPE_BEGIN|[31]|UID|String|false|false
09:51:11.0 (20042679)|VARIABLE_ASSIGNMENT|[31]|UID|"JSM-123"
09:51:11.0 (20048556)|VARIABLE_SCOPE_BEGIN|[31]|firstName|String|false|false
09:51:11.0 (20055521)|VARIABLE_ASSIGNMENT|[31]|firstName|"Joe-Tester"
09:51:11.0 (20060383)|VARIABLE_SCOPE_BEGIN|[31]|lastName|String|false|false
09:51:11.0 (20067213)|VARIABLE_ASSIGNMENT|[31]|lastName|"Smith"
09:51:11.0 (20081956)|VARIABLE_SCOPE_BEGIN|[31]|DOB|Date|false|false
09:51:11.0 (20127076)|VARIABLE_ASSIGNMENT|[31]|DOB|"1990-10-31T00:00:00.000Z"
09:51:11.0 (20135267)|VARIABLE_SCOPE_BEGIN|[31]|sex|String|false|false
09:51:11.0 (20142547)|VARIABLE_ASSIGNMENT|[31]|sex|"Male"
09:51:11.0 (20147165)|VARIABLE_SCOPE_BEGIN|[31]|email|String|false|false
09:51:11.0 (20153886)|VARIABLE_ASSIGNMENT|[31]|email|"jsmith@test.com"
09:51:11.0 (20158199)|VARIABLE_SCOPE_BEGIN|[31]|homePhone|String|false|false
09:51:11.0 (20164535)|VARIABLE_ASSIGNMENT|[31]|homePhone|"111-222-3333"
09:51:11.0 (20168770)|VARIABLE_SCOPE_BEGIN|[31]|mobilePhone|String|false|false
09:51:11.0 (20175297)|VARIABLE_ASSIGNMENT|[31]|mobilePhone|"212-333-5555"
09:51:11.0 (20179328)|VARIABLE_SCOPE_BEGIN|[31]|country|String|false|false
09:51:11.0 (20185328)|VARIABLE_ASSIGNMENT|[31]|country|"United States"
09:51:11.0 (20189472)|VARIABLE_SCOPE_BEGIN|[31]|state|String|false|false
09:51:11.0 (20195907)|VARIABLE_ASSIGNMENT|[31]|state|"Maine"
09:51:11.0 (20200211)|VARIABLE_SCOPE_BEGIN|[31]|city|String|false|false
09:51:11.0 (20206604)|VARIABLE_ASSIGNMENT|[31]|city|"Kennebunk"
09:51:11.0 (20210767)|VARIABLE_SCOPE_BEGIN|[31]|streetAddress1|String|false|false
09:51:11.0 (20217216)|VARIABLE_ASSIGNMENT|[31]|streetAddress1|"1 Maine ST."
09:51:11.0 (20221463)|VARIABLE_SCOPE_BEGIN|[31]|streetAddress2|String|false|false
09:51:11.0 (20227692)|VARIABLE_ASSIGNMENT|[31]|streetAddress2|"Apt. 9"
09:51:11.0 (20232119)|VARIABLE_SCOPE_BEGIN|[31]|zip|String|false|false
09:51:11.0 (20238289)|VARIABLE_ASSIGNMENT|[31]|zip|"04043"
09:51:11.0 (20261263)|SYSTEM_MODE_ENTER|false
09:51:11.0 (20270732)|HEAP_ALLOCATE|[34]|Bytes:5
09:51:11.0 (20277320)|STATEMENT_EXECUTE|[31]
09:51:11.0 (20279033)|STATEMENT_EXECUTE|[34]
09:51:11.0 (20282496)|HEAP_ALLOCATE|[34]|Bytes:2
09:51:11.0 (20297877)|HEAP_ALLOCATE|[34]|Bytes:19
09:51:11.0 (20306302)|VARIABLE_SCOPE_BEGIN|[34]|streetAddress|String|false|false
09:51:11.0 (20318151)|VARIABLE_ASSIGNMENT|[34]|streetAddress|"1 Maine ST., Apt. 9"
09:51:11.0 (20322864)|STATEMENT_EXECUTE|[35]
09:51:11.0 (20325845)|HEAP_ALLOCATE|[35]|Bytes:4
09:51:11.0 (20331051)|VARIABLE_SCOPE_BEGIN|[35]|password|String|false|false
09:51:11.0 (20339905)|VARIABLE_ASSIGNMENT|[35]|password|"test"
09:51:11.0 (20344075)|STATEMENT_EXECUTE|[38]
09:51:11.0 (20346929)|HEAP_ALLOCATE|[38]|Bytes:69
09:51:11.0 (20365030)|HEAP_ALLOCATE|[38]|Bytes:4
09:51:11.0 (20378482)|HEAP_ALLOCATE|[38]|Bytes:7
09:51:11.0 (21405225)|SOQL_EXECUTE_BEGIN|[38]|Aggregations:0|SELECT Id FROM Account WHERE Source_Partner_UID__c = :tmpVar1 LIMIT 1
09:51:11.0 (21444954)|LIMIT_USAGE|[38]|SOQL|1|100
09:51:11.0 (21462962)|LIMIT_USAGE|[38]|AGGS|0|300
09:51:11.0 (49784157)|SOQL_EXECUTE_END|[38]|Rows:0
09:51:11.0 (49815957)|LIMIT_USAGE|[38]|SOQL_ROWS|0|50000
09:51:11.0 (49856430)|HEAP_ALLOCATE|[38]|Bytes:4
09:51:11.0 (49877369)|HEAP_ALLOCATE|[38]|Bytes:0
09:51:11.0 (50071265)|HEAP_ALLOCATE|[38]|Bytes:4
09:51:11.0 (50105222)|VARIABLE_SCOPE_BEGIN|[38]|a|List<Account>|true|false
09:51:11.0 (50147414)|VARIABLE_ASSIGNMENT|[38]|a|[]|0x1431a86e
09:51:11.0 (50274145)|STATEMENT_EXECUTE|[39]
09:51:11.0 (50280407)|STATEMENT_EXECUTE|[42]
09:51:11.0 (50313413)|HEAP_ALLOCATE|[42]|Bytes:4
09:51:11.0 (50474214)|VARIABLE_SCOPE_BEGIN|[42]|account|Account|true|false
09:51:11.0 (50505686)|VARIABLE_ASSIGNMENT|[42]|account|{}|0x3b653e30
09:51:11.0 (50518527)|STATEMENT_EXECUTE|[43]
09:51:11.0 (50525348)|HEAP_ALLOCATE|[43]|Bytes:102
09:51:11.0 (50546125)|HEAP_ALLOCATE|[43]|Bytes:4
09:51:11.0 (51054216)|SOQL_EXECUTE_BEGIN|[43]|Aggregations:0|SELECT Id FROM RecordType WHERE (SobjectType = 'Account' AND IsPersonType = TRUE AND Name = 'Patient')
09:51:11.0 (51074813)|LIMIT_USAGE|[43]|SOQL|2|100
09:51:11.0 (51089938)|LIMIT_USAGE|[43]|AGGS|0|300
09:51:11.0 (81691558)|SOQL_EXECUTE_END|[43]|Rows:1
09:51:11.0 (81715556)|LIMIT_USAGE|[43]|SOQL_ROWS|1|50000
09:51:11.0 (81735888)|HEAP_ALLOCATE|[43]|Bytes:8
09:51:11.0 (81755096)|HEAP_ALLOCATE|[43]|Bytes:29
09:51:11.0 (81842063)|HEAP_ALLOCATE|[43]|Bytes:8
09:51:11.0 (81863773)|HEAP_ALLOCATE|[43]|Bytes:36
09:51:11.0 (81912656)|HEAP_ALLOCATE|[43]|Bytes:8
09:51:11.0 (82037922)|VARIABLE_ASSIGNMENT|[43]|this.RecordTypeId|"012E0000000NFJvIAO"|0x3b653e30
09:51:11.0 (82050439)|STATEMENT_EXECUTE|[44]
09:51:11.0 (82100030)|VARIABLE_ASSIGNMENT|[44]|this.Source_Partner_UID__c|"JSM-123"|0x3b653e30
09:51:11.0 (82110348)|STATEMENT_EXECUTE|[45]
09:51:11.0 (82156029)|VARIABLE_ASSIGNMENT|[45]|this.FirstName|"Joe-Tester"|0x3b653e30
09:51:11.0 (82164541)|STATEMENT_EXECUTE|[46]
09:51:11.0 (82202240)|VARIABLE_ASSIGNMENT|[46]|this.LastName|"Smith"|0x3b653e30
09:51:11.0 (82210399)|STATEMENT_EXECUTE|[47]
09:51:11.0 (82277785)|VARIABLE_ASSIGNMENT|[47]|this.PersonBirthdate|"1990-10-31T00:00:00.000Z"|0x3b653e30
09:51:11.0 (82286368)|STATEMENT_EXECUTE|[48]
09:51:11.0 (82372323)|VARIABLE_ASSIGNMENT|[48]|this.Gender__c|"Male"|0x3b653e30
09:51:11.0 (82383946)|STATEMENT_EXECUTE|[49]
09:51:11.0 (82435817)|VARIABLE_ASSIGNMENT|[49]|this.PersonEmail|"jsmith@test.com"|0x3b653e30
09:51:11.0 (82444619)|STATEMENT_EXECUTE|[50]
09:51:11.0 (82501744)|VARIABLE_ASSIGNMENT|[50]|this.PersonHomePhone|"111-222-3333"|0x3b653e30
09:51:11.0 (82513858)|STATEMENT_EXECUTE|[51]
09:51:11.0 (82592675)|VARIABLE_ASSIGNMENT|[51]|this.PersonMobilePhone|"212-333-5555"|0x3b653e30
09:51:11.0 (82605759)|STATEMENT_EXECUTE|[52]
09:51:11.0 (82682106)|VARIABLE_ASSIGNMENT|[52]|this.BillingCountry|"United States"|0x3b653e30
09:51:11.0 (82695662)|STATEMENT_EXECUTE|[53]
09:51:11.0 (82761579)|VARIABLE_ASSIGNMENT|[53]|this.BillingState|"Maine"|0x3b653e30
09:51:11.0 (82774234)|STATEMENT_EXECUTE|[54]
09:51:11.0 (82847930)|VARIABLE_ASSIGNMENT|[54]|this.BillingCity|"Kennebunk"|0x3b653e30
09:51:11.0 (82860840)|STATEMENT_EXECUTE|[55]
09:51:11.0 (82932689)|VARIABLE_ASSIGNMENT|[55]|this.BillingStreet|"1 Maine ST., Apt. 9"|0x3b653e30
09:51:11.0 (82946006)|STATEMENT_EXECUTE|[56]
09:51:11.0 (83019647)|VARIABLE_ASSIGNMENT|[56]|this.BillingPostalCode|"04043"|0x3b653e30
09:51:11.0 (83034101)|STATEMENT_EXECUTE|[71]
09:51:11.0 (83076044)|HEAP_ALLOCATE|[71]|Bytes:8
09:51:11.0 (83092657)|DML_BEGIN|[71]|Op:Insert|Type:Account|Rows:1
09:51:11.0 (83115109)|LIMIT_USAGE|[71]|DML|1|150
09:51:11.0 (83131946)|LIMIT_USAGE|[71]|DML_ROWS|1|10000
09:51:11.0 (83151615)|HEAP_ALLOCATE|[EXTERNAL]|Bytes:8
09:51:11.101 (101303491)|ENTERING_MANAGED_PKG|tz
09:51:11.101 (109274862)|ENTERING_MANAGED_PKG|tz
09:51:11.101 (110034717)|ENTERING_MANAGED_PKG|tz
09:51:11.101 (113189069)|ENTERING_MANAGED_PKG|tz
09:51:11.101 (113416267)|ENTERING_MANAGED_PKG|tz
09:51:11.101 (113941369)|ENTERING_MANAGED_PKG|tz
09:51:11.101 (116889923)|ENTERING_MANAGED_PKG|tz
09:51:11.101 (117165759)|ENTERING_MANAGED_PKG|tz
09:51:11.101 (118424486)|ENTERING_MANAGED_PKG|tz
09:51:11.101 (118659081)|ENTERING_MANAGED_PKG|tz
09:51:11.101 (118736914)|ENTERING_MANAGED_PKG|tz
09:51:11.101 (123722252)|ENTERING_MANAGED_PKG|tz
09:51:11.101 (123756121)|ENTERING_MANAGED_PKG|tz
09:51:11.101 (124013875)|ENTERING_MANAGED_PKG|tz
09:51:11.101 (124146636)|ENTERING_MANAGED_PKG|tz
09:51:11.101 (124352545)|ENTERING_MANAGED_PKG|tz
09:51:11.101 (125792792)|SOQL_EXECUTE_BEGIN|[333]|Aggregations:0|SELECT tz__Country__c FROM tz__lt_country_names__mdt WHERE MasterLabel = :tmpVar1
09:51:11.101 (141339369)|SOQL_EXECUTE_END|[333]|Rows:1
09:51:11.101 (142243703)|ENTERING_MANAGED_PKG|tz
09:51:11.101 (143794880)|SOQL_EXECUTE_BEGIN|[345]|Aggregations:0|SELECT tz__State__c FROM tz__lt_state_codes__mdt WHERE MasterLabel = :tmpVar1
09:51:11.101 (151039534)|SOQL_EXECUTE_END|[345]|Rows:1
09:51:11.101 (151737819)|ENTERING_MANAGED_PKG|tz
09:51:11.101 (153297609)|SOQL_EXECUTE_BEGIN|[356]|Aggregations:0|SELECT tz__Region__c, tz__Abbr__c, tz__DST_Abbr__c, tz__Offset__c, tz__DST_Offset__c, tz__Timezone_IANA__c FROM tz__lt_timezones__mdt WHERE MasterLabel = :tmpVar1
09:51:11.101 (195062620)|SOQL_EXECUTE_END|[356]|Rows:0
09:51:11.101 (195792134)|SOQL_EXECUTE_BEGIN|[379]|Aggregations:0|SELECT tz__Region__c, tz__Abbr__c, tz__DST_Abbr__c, tz__Offset__c, tz__DST_Offset__c, tz__Timezone_IANA__c FROM tz__lt_timezones__mdt WHERE MasterLabel = :tmpVar1
09:51:11.101 (213726742)|SOQL_EXECUTE_END|[379]|Rows:1
09:51:11.101 (214046510)|ENTERING_MANAGED_PKG|tz
09:51:11.101 (217992570)|SOQL_EXECUTE_BEGIN|[72]|Aggregations:0|SELECT tz__Full_Name__c FROM tz__lt_timezone_names__mdt WHERE MasterLabel = :tmpVar1
09:51:11.101 (225474669)|SOQL_EXECUTE_END|[72]|Rows:1
09:51:11.225 (225937615)|CUMULATIVE_LIMIT_USAGE
09:51:11.225 (225937615)|LIMIT_USAGE_FOR_NS|(default)|
  Number of SOQL queries: 2 out of 100
  Number of query rows: 1 out of 50000
  Number of SOSL queries: 0 out of 20
  Number of DML statements: 1 out of 150
  Number of DML rows: 1 out of 10000
  Maximum CPU time: 37 out of 10000
  Maximum heap size: 0 out of 6000000
  Number of callouts: 0 out of 100
  Number of Email Invocations: 0 out of 10
  Number of future calls: 0 out of 50
  Number of queueable jobs added to the queue: 0 out of 50
  Number of Mobile Apex push calls: 0 out of 10

09:51:11.225 (225937615)|LIMIT_USAGE_FOR_NS|tz|
  Number of SOQL queries: 0 out of 100
  Number of query rows: 4 out of 50000
  Number of SOSL queries: 0 out of 20
  Number of DML statements: 0 out of 150
  Number of DML rows: 0 out of 10000
  Maximum CPU time: 0 out of 10000
  Maximum heap size: 0 out of 6000000
  Number of callouts: 0 out of 100
  Number of Email Invocations: 0 out of 10
  Number of future calls: 0 out of 50
  Number of queueable jobs added to the queue: 0 out of 50
  Number of Mobile Apex push calls: 0 out of 10

09:51:11.225 (225937615)|CUMULATIVE_LIMIT_USAGE_END

09:51:11.0 (755601814)|CODE_UNIT_STARTED|[EXTERNAL]|Workflow:Account
09:51:11.0 (768220293)|WF_RULE_EVAL_BEGIN|Workflow
09:51:11.0 (768264653)|WF_CRITERIA_BEGIN|[Person Account: Joe-Tester Smith 001V000000VuUsT]|Set Billing Region|01Q440000001M85|ON_ALL_CHANGES|0
09:51:11.0 (768635974)|WF_FORMULA|Formula:ENCODED:[treatNullAsNull](ISNEW() && NOT(ISBLANK({!ID:BillingCountry})))
&#124;&#124;
ISCHANGED({!ID:BillingCountry})|Values:BillingCountry=United States
09:51:11.0 (768649322)|WF_CRITERIA_END|true
09:51:11.0 (769764756)|WF_CRITERIA_BEGIN|[Person Account: Joe-Tester Smith 001V000000VuUsT]|New_Patient_Case_Update_Acct_Patient_Case_Number301E0000000g3t8|01QE0000000kIlb|ON_ALL_CHANGES|0
09:51:11.0 (769820879)|WF_FORMULA|Formula:ENCODED:[treatNullAsNull]true|Values:
09:51:11.0 (769827970)|WF_CRITERIA_END|true
09:51:11.0 (769852029)|WF_CRITERIA_BEGIN|[Person Account: Joe-Tester Smith 001V000000VuUsT]|Set Phone on Patient Accounts|01QE0000000Ubik|ON_ALL_CHANGES|0
09:51:11.0 (770386947)|WF_FORMULA|Formula:ENCODED:[treatNullAsNull]ISCHANGED({!ID:00NE0000005flNw}) &#124;&#124; ISCHANGED({!ID:PersonHomePhone}) &#124;&#124; ISCHANGED({!ID:00NE0000005flO2}) &#124;&#124; ISCHANGED({!ID:PersonMobilePhone})|Values:PersonHomePhone=111-222-3333, Preferred_Contact_Method__c=null, PersonMobilePhone=212-333-5555, Work_Phone__c=null
09:51:11.0 (770401288)|WF_CRITERIA_END|false
09:51:11.0 (770419729)|WF_CRITERIA_BEGIN|[Person Account: Joe-Tester Smith 001V000000VuUsT]|Notify - New Member Portal Account|01QV00000001JfJ|ON_CREATE_ONLY|0
09:51:11.0 (771398801)|WF_FORMULA|Formula:ENCODED:[treatNullAsNull]{!ID:CreatedBy.Profile} = "00eE0000000afh0"
&#124;&#124;
{!ID:CreatedBy.Profile} = "00eE0000000afgq"|Values:CreatedBy.ProfileId=00eE0000000zEde
09:51:11.0 (771410619)|WF_CRITERIA_END|false
09:51:11.0 (771429487)|WF_CRITERIA_BEGIN|[Person Account: Joe-Tester Smith 001V000000VuUsT]|Patient_Name_Changed301E0000000LL3k|01QE0000000Ubkb|ON_RECURSIVE_UPDATE|0
09:51:11.0 (771472792)|WF_FORMULA|Formula:ENCODED:[treatNullAsNull]true|Values:
09:51:11.0 (771479947)|WF_CRITERIA_END|true
09:51:11.0 (771502071)|WF_CRITERIA_BEGIN|[Person Account: Joe-Tester Smith 001V000000VuUsT]|Patient_Region_Update_Case30144000000U2Wf|01Q440000001M8A|ON_ALL_CHANGES|0
09:51:11.0 (771538994)|WF_FORMULA|Formula:ENCODED:[treatNullAsNull]true|Values:
09:51:11.0 (771545651)|WF_CRITERIA_END|true
09:51:11.0 (771565338)|WF_CRITERIA_BEGIN|[Person Account: Joe-Tester Smith 001V000000VuUsT]|New_Patient_Account_Create_MRN_Number301E0000000LLLI|01QE0000000kKA8|ON_CREATE_ONLY|0
09:51:11.0 (771600217)|WF_FORMULA|Formula:ENCODED:[treatNullAsNull]true|Values:
09:51:11.0 (771606515)|WF_CRITERIA_END|true
09:51:11.0 (771625803)|WF_CRITERIA_BEGIN|[Person Account: Joe-Tester Smith 001V000000VuUsT]|Step_1_Create_Patient_Registration_Record301V0000000641t|01QV00000001NNJ|ON_CREATE_ONLY|0
09:51:11.0 (771660539)|WF_FORMULA|Formula:ENCODED:[treatNullAsNull]true|Values:
09:51:11.0 (771666952)|WF_CRITERIA_END|true
09:51:11.0 (771682634)|WF_SPOOL_ACTION_BEGIN|Workflow
09:51:11.0 (776392692)|WF_FIELD_UPDATE|[Person Account: Joe-Tester Smith 001V000000VuUsT]|Field:Person Account: Billing Region|Value:North America|Id=04Y44000000DmyD|CurrentRule:Set Billing Region (Id=01Q440000001M85)
09:51:11.0 (776435559)|WF_ACTION| Field Update: 1; Flow Trigger: 5;
09:51:11.0 (776441757)|WF_RULE_EVAL_END
09:51:11.779 (779855978)|ENTERING_MANAGED_PKG|tz
09:51:11.779 (780025182)|ENTERING_MANAGED_PKG|tz
09:51:11.779 (781179658)|ENTERING_MANAGED_PKG|tz
09:51:11.779 (781355853)|ENTERING_MANAGED_PKG|tz
09:51:11.779 (781710721)|ENTERING_MANAGED_PKG|tz
09:51:11.779 (783073268)|ENTERING_MANAGED_PKG|tz
09:51:11.779 (783250476)|ENTERING_MANAGED_PKG|tz
09:51:11.779 (784012209)|ENTERING_MANAGED_PKG|tz
09:51:11.779 (784165427)|ENTERING_MANAGED_PKG|tz
09:51:11.779 (784225227)|ENTERING_MANAGED_PKG|tz
09:51:11.779 (784826104)|ENTERING_MANAGED_PKG|tz
09:51:11.779 (785039480)|ENTERING_MANAGED_PKG|tz
09:51:11.779 (785073188)|ENTERING_MANAGED_PKG|tz
09:51:11.779 (785192428)|ENTERING_MANAGED_PKG|tz
09:51:11.779 (785504891)|SOQL_EXECUTE_BEGIN|[333]|Aggregations:0|SELECT tz__Country__c FROM tz__lt_country_names__mdt WHERE MasterLabel = :tmpVar1
09:51:11.779 (794162656)|SOQL_EXECUTE_END|[333]|Rows:1
09:51:11.779 (794688083)|ENTERING_MANAGED_PKG|tz
09:51:11.779 (794993619)|SOQL_EXECUTE_BEGIN|[345]|Aggregations:0|SELECT tz__State__c FROM tz__lt_state_codes__mdt WHERE MasterLabel = :tmpVar1
09:51:11.779 (800052226)|SOQL_EXECUTE_END|[345]|Rows:1
09:51:11.779 (800475751)|ENTERING_MANAGED_PKG|tz
09:51:11.779 (800915346)|SOQL_EXECUTE_BEGIN|[356]|Aggregations:0|SELECT tz__Region__c, tz__Abbr__c, tz__DST_Abbr__c, tz__Offset__c, tz__DST_Offset__c, tz__Timezone_IANA__c FROM tz__lt_timezones__mdt WHERE MasterLabel = :tmpVar1
09:51:11.779 (817835089)|SOQL_EXECUTE_END|[356]|Rows:0
09:51:11.779 (818481100)|SOQL_EXECUTE_BEGIN|[379]|Aggregations:0|SELECT tz__Region__c, tz__Abbr__c, tz__DST_Abbr__c, tz__Offset__c, tz__DST_Offset__c, tz__Timezone_IANA__c FROM tz__lt_timezones__mdt WHERE MasterLabel = :tmpVar1
09:51:11.779 (836032252)|SOQL_EXECUTE_END|[379]|Rows:1
09:51:11.779 (836262970)|ENTERING_MANAGED_PKG|tz
09:51:11.779 (837963114)|SOQL_EXECUTE_BEGIN|[72]|Aggregations:0|SELECT tz__Full_Name__c FROM tz__lt_timezone_names__mdt WHERE MasterLabel = :tmpVar1
09:51:11.779 (844036534)|SOQL_EXECUTE_END|[72]|Rows:1
09:51:11.844 (844303782)|CUMULATIVE_LIMIT_USAGE
09:51:11.844 (844303782)|LIMIT_USAGE_FOR_NS|(default)|
  Number of SOQL queries: 2 out of 100
  Number of query rows: 1 out of 50000
  Number of SOSL queries: 0 out of 20
  Number of DML statements: 1 out of 150
  Number of DML rows: 1 out of 10000
  Maximum CPU time: 121 out of 10000
  Maximum heap size: 0 out of 6000000
  Number of callouts: 0 out of 100
  Number of Email Invocations: 0 out of 10
  Number of future calls: 0 out of 50
  Number of queueable jobs added to the queue: 0 out of 50
  Number of Mobile Apex push calls: 0 out of 10

09:51:11.844 (844303782)|LIMIT_USAGE_FOR_NS|tz|
  Number of SOQL queries: 0 out of 100
  Number of query rows: 8 out of 50000
  Number of SOSL queries: 0 out of 20
  Number of DML statements: 0 out of 150
  Number of DML rows: 0 out of 10000
  Maximum CPU time: 0 out of 10000
  Maximum heap size: 0 out of 6000000
  Number of callouts: 0 out of 100
  Number of Email Invocations: 0 out of 10
  Number of future calls: 0 out of 50
  Number of queueable jobs added to the queue: 0 out of 50
  Number of Mobile Apex push calls: 0 out of 10

09:51:11.844 (844303782)|CUMULATIVE_LIMIT_USAGE_END

09:51:11.0 (893067183)|WF_FLOW_ACTION_BEGIN|09LV0000000Cw9e
09:51:11.893 (893221702)|FLOW_CREATE_INTERVIEW_BEGIN|00DV000000892HU|300V00000004RMN|301V0000000641t
09:51:11.893 (895819128)|FLOW_CREATE_INTERVIEW_END|18564244c9b35b4cde911a8351bb15fc54b6a2b-3221|Step 1 : Create Patient Registration Record
09:51:11.896 (896174838)|FLOW_START_INTERVIEWS_BEGIN|1
09:51:11.896 (896200367)|FLOW_START_INTERVIEW_BEGIN|18564244c9b35b4cde911a8351bb15fc54b6a2b-3221|Step 1 : Create Patient Registration Record
09:51:11.896 (927511258)|FLOW_START_INTERVIEW_END|18564244c9b35b4cde911a8351bb15fc54b6a2b-3221|Step 1 : Create Patient Registration Record
09:51:11.896 (948039708)|LIMIT_USAGE|[EXTERNAL]|FIELDSETS_DESCRIBES|1|100
09:51:11.896 (948074387)|LIMIT_USAGE|[EXTERNAL]|FIELDSETS_DESCRIBES|2|100
09:51:11.896 (948130469)|LIMIT_USAGE|[EXTERNAL]|DML|2|150
09:51:11.896 (948139921)|LIMIT_USAGE|[EXTERNAL]|DML_ROWS|2|10000
09:51:11.896 (986013620)|FLOW_START_INTERVIEWS_END|1
09:51:11.0 (988134247)|WF_FLOW_ACTION_END|09LV0000000Cw9e
09:51:11.0 (988161548)|WF_FLOW_ACTION_BEGIN|09L44000000GtJE
09:51:11.988 (988264153)|FLOW_CREATE_INTERVIEW_BEGIN|00DV000000892HU|300E0000000g0Q9|30144000000U2Wf
09:51:11.988 (990657640)|FLOW_CREATE_INTERVIEW_END|18574244c9b35b4cde911a8351bb15fc54b6a2b-3220|Patient Billing Region Updated - Update Case
09:51:11.991 (991144768)|FLOW_START_INTERVIEWS_BEGIN|1
09:51:11.991 (991174224)|FLOW_START_INTERVIEW_BEGIN|18574244c9b35b4cde911a8351bb15fc54b6a2b-3220|Patient Billing Region Updated - Update Case
09:51:11.991 (999282092)|FLOW_START_INTERVIEW_END|18574244c9b35b4cde911a8351bb15fc54b6a2b-3220|Patient Billing Region Updated - Update Case
09:51:11.991 (999302008)|FLOW_START_INTERVIEWS_END|1
09:51:12.0 (1000260692)|WF_FLOW_ACTION_END|09L44000000GtJE
09:51:12.0 (1000285472)|WF_FLOW_ACTION_BEGIN|09LE0000000fyq4
09:51:12.0 (1000348746)|FLOW_CREATE_INTERVIEW_BEGIN|00DV000000892HU|300E0000000g0pE|301E0000000g3t8
09:51:12.0 (1002150700)|FLOW_CREATE_INTERVIEW_END|18584244c9b35b4cde911a8351bb15fc54b6a2b-321f|New Acq Site Case - Update Account "Current Patient Case Number"
09:51:12.2 (1002412549)|FLOW_START_INTERVIEWS_BEGIN|1
09:51:12.2 (1002432001)|FLOW_START_INTERVIEW_BEGIN|18584244c9b35b4cde911a8351bb15fc54b6a2b-321f|New Acq Site Case - Update Account "Current Patient Case Number"
09:51:12.2 (1009651637)|FLOW_START_INTERVIEW_END|18584244c9b35b4cde911a8351bb15fc54b6a2b-321f|New Acq Site Case - Update Account "Current Patient Case Number"
09:51:12.2 (1009669436)|FLOW_START_INTERVIEWS_END|1
09:51:12.0 (1010440525)|WF_FLOW_ACTION_END|09LE0000000fyq4
09:51:12.0 (1010464616)|WF_FLOW_ACTION_BEGIN|09LE000000001TC
09:51:12.10 (1010544741)|FLOW_CREATE_INTERVIEW_BEGIN|00DV000000892HU|300E0000000LVQ2|301E0000000LL3k
09:51:12.10 (1012391349)|FLOW_CREATE_INTERVIEW_END|18594244c9b35b4cde911a8351bb15fc54b6a2b-321e|Patient Name Changed
09:51:12.12 (1012679176)|FLOW_START_INTERVIEWS_BEGIN|1
09:51:12.12 (1012704399)|FLOW_START_INTERVIEW_BEGIN|18594244c9b35b4cde911a8351bb15fc54b6a2b-321e|Patient Name Changed
09:51:12.12 (1019121031)|FLOW_START_INTERVIEW_END|18594244c9b35b4cde911a8351bb15fc54b6a2b-321e|Patient Name Changed
09:51:12.12 (1019136188)|FLOW_START_INTERVIEWS_END|1
09:51:12.0 (1020126808)|WF_FLOW_ACTION_END|09LE000000001TC
09:51:12.0 (1020151355)|WF_FLOW_ACTION_BEGIN|09LE0000000fzLC
09:51:12.20 (1020222622)|FLOW_CREATE_INTERVIEW_BEGIN|00DV000000892HU|300E0000000LVTs|301E0000000LLLI
09:51:12.20 (1021929019)|FLOW_CREATE_INTERVIEW_END|18604244c9b35b4cde911a8351bb15fc54b6a2b-321d|New Patient - Create MRN Number
09:51:12.22 (1022203493)|FLOW_START_INTERVIEWS_BEGIN|1
09:51:12.22 (1022224449)|FLOW_START_INTERVIEW_BEGIN|18604244c9b35b4cde911a8351bb15fc54b6a2b-321d|New Patient - Create MRN Number
09:51:12.22 (1028576705)|FLOW_START_INTERVIEW_END|18604244c9b35b4cde911a8351bb15fc54b6a2b-321d|New Patient - Create MRN Number
09:51:12.22 (1034081993)|LIMIT_USAGE|[EXTERNAL]|FIELDSETS_DESCRIBES|3|100
09:51:12.22 (1034106287)|LIMIT_USAGE|[EXTERNAL]|FIELDSETS_DESCRIBES|4|100
09:51:12.22 (1034146307)|LIMIT_USAGE|[EXTERNAL]|DML|3|150
09:51:12.22 (1034155488)|LIMIT_USAGE|[EXTERNAL]|DML_ROWS|3|10000
09:51:12.71 (1071512258)|CODE_UNIT_STARTED|[EXTERNAL]|Workflow:01IE0000000uWmw
09:51:12.71 (1080853724)|WF_RULE_EVAL_BEGIN|Workflow
09:51:12.71 (1080890117)|WF_CRITERIA_BEGIN|[MRN Number: MRN-6384 a0PV0000003CEOF]|New_MRN_Number_Update_Patient301E0000000LLLH|01QE0000000kKA3|ON_RECURSIVE_UPDATE|0
09:51:12.71 (1080984925)|WF_FORMULA|Formula:ENCODED:[treatNullAsNull]true|Values:
09:51:12.71 (1080998439)|WF_CRITERIA_END|true
09:51:12.71 (1081749962)|WF_SPOOL_ACTION_BEGIN|Workflow
09:51:12.71 (1081790363)|WF_ACTION| Flow Trigger: 1;
09:51:12.71 (1081799791)|WF_RULE_EVAL_END
09:51:12.71 (1081851125)|WF_FLOW_ACTION_BEGIN|09LE0000000fzL7
09:51:12.81 (1081928548)|FLOW_CREATE_INTERVIEW_BEGIN|00DV000000892HU|300E0000000LVTr|301E0000000LLLH
09:51:12.81 (1084327945)|FLOW_CREATE_INTERVIEW_END|18614244c9b35b4cde911a8351bb15fc54b6a2b-321c|New MRN Number - Update Patient
09:51:12.84 (1084655749)|FLOW_START_INTERVIEWS_BEGIN|1
09:51:12.84 (1084678648)|FLOW_START_INTERVIEW_BEGIN|18614244c9b35b4cde911a8351bb15fc54b6a2b-321c|New MRN Number - Update Patient
09:51:12.84 (1085690510)|FLOW_START_INTERVIEW_END|18614244c9b35b4cde911a8351bb15fc54b6a2b-321c|New MRN Number - Update Patient
09:51:12.84 (1191834856)|LIMIT_USAGE|[EXTERNAL]|FIELDSETS_DESCRIBES|5|100
09:51:12.84 (1191942497)|LIMIT_USAGE|[EXTERNAL]|FIELDSETS_DESCRIBES|6|100
09:51:12.84 (1201602799)|LIMIT_USAGE|[EXTERNAL]|SOQL_ROWS|2|50000
09:51:12.84 (1201618082)|LIMIT_USAGE|[EXTERNAL]|SOQL|3|100
09:51:12.84 (1201624759)|LIMIT_USAGE|[EXTERNAL]|AGGS|1|300
09:51:12.84 (1201684244)|LIMIT_USAGE|[EXTERNAL]|DML|4|150
09:51:12.84 (1201694977)|LIMIT_USAGE|[EXTERNAL]|DML_ROWS|4|10000
09:51:12.215 (1215111240)|ENTERING_MANAGED_PKG|tz
09:51:12.215 (1215302273)|ENTERING_MANAGED_PKG|tz
09:51:12.215 (1216811050)|ENTERING_MANAGED_PKG|tz
09:51:12.215 (1217078313)|ENTERING_MANAGED_PKG|tz
09:51:12.215 (1217557050)|ENTERING_MANAGED_PKG|tz
09:51:12.215 (1218757992)|ENTERING_MANAGED_PKG|tz
09:51:12.215 (1218942154)|ENTERING_MANAGED_PKG|tz
09:51:12.215 (1219697248)|ENTERING_MANAGED_PKG|tz
09:51:12.215 (1219858459)|ENTERING_MANAGED_PKG|tz
09:51:12.215 (1219917341)|ENTERING_MANAGED_PKG|tz
09:51:12.215 (1220615211)|ENTERING_MANAGED_PKG|tz
09:51:12.215 (1220817993)|ENTERING_MANAGED_PKG|tz
09:51:12.215 (1220880461)|ENTERING_MANAGED_PKG|tz
09:51:12.215 (1221020527)|ENTERING_MANAGED_PKG|tz
09:51:12.215 (1221459717)|SOQL_EXECUTE_BEGIN|[333]|Aggregations:0|SELECT tz__Country__c FROM tz__lt_country_names__mdt WHERE MasterLabel = :tmpVar1
09:51:12.215 (1229578981)|SOQL_EXECUTE_END|[333]|Rows:1
09:51:12.215 (1230108410)|ENTERING_MANAGED_PKG|tz
09:51:12.215 (1230571419)|SOQL_EXECUTE_BEGIN|[345]|Aggregations:0|SELECT tz__State__c FROM tz__lt_state_codes__mdt WHERE MasterLabel = :tmpVar1
09:51:12.215 (1236028638)|SOQL_EXECUTE_END|[345]|Rows:1
09:51:12.215 (1236696134)|ENTERING_MANAGED_PKG|tz
09:51:12.215 (1237489304)|SOQL_EXECUTE_BEGIN|[356]|Aggregations:0|SELECT tz__Region__c, tz__Abbr__c, tz__DST_Abbr__c, tz__Offset__c, tz__DST_Offset__c, tz__Timezone_IANA__c FROM tz__lt_timezones__mdt WHERE MasterLabel = :tmpVar1
09:51:12.215 (1253732115)|SOQL_EXECUTE_END|[356]|Rows:0
09:51:12.215 (1254308984)|SOQL_EXECUTE_BEGIN|[379]|Aggregations:0|SELECT tz__Region__c, tz__Abbr__c, tz__DST_Abbr__c, tz__Offset__c, tz__DST_Offset__c, tz__Timezone_IANA__c FROM tz__lt_timezones__mdt WHERE MasterLabel = :tmpVar1
09:51:12.215 (1306950345)|SOQL_EXECUTE_END|[379]|Rows:1
09:51:12.215 (1307147055)|ENTERING_MANAGED_PKG|tz
09:51:12.215 (1308812107)|SOQL_EXECUTE_BEGIN|[72]|Aggregations:0|SELECT tz__Full_Name__c FROM tz__lt_timezone_names__mdt WHERE MasterLabel = :tmpVar1
09:51:12.215 (1314209346)|SOQL_EXECUTE_END|[72]|Rows:1
09:51:12.314 (1314463651)|CUMULATIVE_LIMIT_USAGE
09:51:12.314 (1314463651)|LIMIT_USAGE_FOR_NS|(default)|
  Number of SOQL queries: 3 out of 100
  Number of query rows: 2 out of 50000
  Number of SOSL queries: 0 out of 20
  Number of DML statements: 4 out of 150
  Number of DML rows: 4 out of 10000
  Maximum CPU time: 308 out of 10000
  Maximum heap size: 0 out of 6000000
  Number of callouts: 0 out of 100
  Number of Email Invocations: 0 out of 10
  Number of future calls: 0 out of 50
  Number of queueable jobs added to the queue: 0 out of 50
  Number of Mobile Apex push calls: 0 out of 10

09:51:12.314 (1314463651)|LIMIT_USAGE_FOR_NS|tz|
  Number of SOQL queries: 0 out of 100
  Number of query rows: 12 out of 50000
  Number of SOSL queries: 0 out of 20
  Number of DML statements: 0 out of 150
  Number of DML rows: 0 out of 10000
  Maximum CPU time: 0 out of 10000
  Maximum heap size: 0 out of 6000000
  Number of callouts: 0 out of 100
  Number of Email Invocations: 0 out of 10
  Number of future calls: 0 out of 50
  Number of queueable jobs added to the queue: 0 out of 50
  Number of Mobile Apex push calls: 0 out of 10

09:51:12.314 (1314463651)|CUMULATIVE_LIMIT_USAGE_END

09:51:12.71 (1353157003)|WF_FLOW_ACTION_END|09LE0000000fzL7
09:51:12.71 (1353274052)|WF_ACTIONS_END| Flow Trigger: 1;
09:51:12.71 (1353289389)|CODE_UNIT_FINISHED|Workflow:01IE0000000uWmw
09:51:12.22 (1354525427)|FLOW_START_INTERVIEWS_END|1
09:51:12.0 (1355275183)|WF_FLOW_ACTION_END|09LE0000000fzLC
09:51:12.0 (1355330404)|WF_RULE_EVAL_BEGIN|Workflow
09:51:12.0 (1355390834)|WF_CRITERIA_BEGIN|[Person Account: Joe-Tester Smith 001V000000VuUsT]|Set Phone on Patient Accounts|01QE0000000Ubik|ON_ALL_CHANGES|1
09:51:12.0 (1355744957)|WF_FORMULA|Formula:ENCODED:[treatNullAsNull]ISCHANGED({!ID:00NE0000005flNw}) &#124;&#124; ISCHANGED({!ID:PersonHomePhone}) &#124;&#124; ISCHANGED({!ID:00NE0000005flO2}) &#124;&#124; ISCHANGED({!ID:PersonMobilePhone})|Values:PersonHomePhone=111-222-3333, Preferred_Contact_Method__c=null, PersonMobilePhone=212-333-5555, Work_Phone__c=null
09:51:12.0 (1355767898)|WF_CRITERIA_END|false
09:51:12.0 (1355798844)|WF_CRITERIA_BEGIN|[Person Account: Joe-Tester Smith 001V000000VuUsT]|Notify - New Member Portal Account|01QV00000001JfJ|ON_CREATE_ONLY|1
09:51:12.0 (1355957144)|WF_FORMULA|Formula:ENCODED:[treatNullAsNull]{!ID:CreatedBy.Profile} = "00eE0000000afh0"
&#124;&#124;
{!ID:CreatedBy.Profile} = "00eE0000000afgq"|Values:CreatedBy.ProfileId=00eE0000000zEde
09:51:12.0 (1355971816)|WF_CRITERIA_END|false
09:51:12.0 (1355999125)|WF_CRITERIA_BEGIN|[Person Account: Joe-Tester Smith 001V000000VuUsT]|Patient_Name_Changed301E0000000LL3k|01QE0000000Ubkb|ON_RECURSIVE_UPDATE|1
09:51:12.0 (1356018009)|WF_CRITERIA_END|true
09:51:12.0 (1356046821)|WF_SPOOL_ACTION_BEGIN|Workflow
09:51:12.0 (1356079788)|WF_ACTION| Flow Trigger: 1;
09:51:12.0 (1356089994)|WF_RULE_EVAL_END
09:51:12.0 (1356126846)|WF_FLOW_ACTION_BEGIN|09LE000000001TC
09:51:12.356 (1356211237)|FLOW_CREATE_INTERVIEW_BEGIN|00DV000000892HU|300E0000000LVQ2|301E0000000LL3k
09:51:12.356 (1356282750)|FLOW_CREATE_INTERVIEW_END|18624244c9b35b4cde911a8351bb15fc54b6a2b-321b|Patient Name Changed
09:51:12.356 (1356629608)|FLOW_START_INTERVIEWS_BEGIN|1
09:51:12.356 (1356656180)|FLOW_START_INTERVIEW_BEGIN|18624244c9b35b4cde911a8351bb15fc54b6a2b-321b|Patient Name Changed
09:51:12.356 (1362572797)|FLOW_START_INTERVIEW_END|18624244c9b35b4cde911a8351bb15fc54b6a2b-321b|Patient Name Changed
09:51:12.356 (1362586613)|FLOW_START_INTERVIEWS_END|1
09:51:12.0 (1363467960)|WF_FLOW_ACTION_END|09LE000000001TC
09:51:12.0 (1363574323)|WF_ACTIONS_END| Field Update: 1; Flow Trigger: 6;
09:51:12.0 (1363586848)|CODE_UNIT_FINISHED|Workflow:Account
09:51:12.0 (1364425145)|DML_END|[71]
09:51:12.0 (1364457251)|STATEMENT_EXECUTE|[72]
09:51:12.0 (1364502382)|VARIABLE_SCOPE_BEGIN|[72]|accountId|Id|false|false
09:51:12.0 (1364736620)|VARIABLE_ASSIGNMENT|[72]|accountId|"001V000000VuUsTIAV"
09:51:12.0 (1364749662)|STATEMENT_EXECUTE|[73]
09:51:12.0 (1364759099)|HEAP_ALLOCATE|[73]|Bytes:63
09:51:12.0 (1364797165)|HEAP_ALLOCATE|[73]|Bytes:4
09:51:12.0 (1365126538)|SOQL_EXECUTE_BEGIN|[73]|Aggregations:0|SELECT PersonContactId FROM Account WHERE Id = :tmpVar1 LIMIT 1
09:51:12.0 (1365144404)|LIMIT_USAGE|[73]|SOQL|4|100
09:51:12.0 (1365155424)|LIMIT_USAGE|[73]|AGGS|1|300
09:51:12.0 (1374494464)|SOQL_EXECUTE_END|[73]|Rows:1
09:51:12.0 (1374511452)|LIMIT_USAGE|[73]|SOQL_ROWS|3|50000
09:51:12.0 (1374527371)|HEAP_ALLOCATE|[73]|Bytes:8
09:51:12.0 (1374542637)|HEAP_ALLOCATE|[73]|Bytes:66
09:51:12.0 (1374578332)|HEAP_ALLOCATE|[73]|Bytes:8
09:51:12.0 (1374595923)|HEAP_ALLOCATE|[73]|Bytes:33
09:51:12.0 (1374614217)|HEAP_ALLOCATE|[73]|Bytes:12
09:51:12.0 (1374625549)|VARIABLE_SCOPE_BEGIN|[73]|Acc|Account|true|false
09:51:12.0 (1374658414)|VARIABLE_ASSIGNMENT|[73]|Acc|{"PersonContactId":"003V000000ZkFX8IAN","Id":"001V000000VuUsTIAV"}|0x669965bf
09:51:12.0 (1374666109)|STATEMENT_EXECUTE|[74]
09:51:12.0 (1374692891)|VARIABLE_SCOPE_BEGIN|[74]|contactId|Id|false|false
09:51:12.0 (1374825633)|VARIABLE_ASSIGNMENT|[74]|contactId|"003V000000ZkFX8IAN"
09:51:12.0 (1374834198)|STATEMENT_EXECUTE|[75]
09:51:12.0 (1374838855)|HEAP_ALLOCATE|[75]|Bytes:39
09:51:12.0 (1374858974)|HEAP_ALLOCATE|[75]|Bytes:4
09:51:12.0 (1374955784)|HEAP_ALLOCATE|[75]|Bytes:85
09:51:12.0 (1374978991)|SYSTEM_METHOD_ENTRY|[1]|UserInfo.UserInfo()
09:51:12.0 (1374983882)|STATEMENT_EXECUTE|[1]
09:51:12.0 (1374994870)|SYSTEM_METHOD_EXIT|[1]|UserInfo
09:51:12.0 (1375016119)|METHOD_ENTRY|[75]||System.UserInfo.getUserId()
09:51:12.0 (1375070670)|METHOD_EXIT|[75]||System.UserInfo.getUserId()
09:51:12.0 (1375274026)|SOQL_EXECUTE_BEGIN|[75]|Aggregations:0|SELECT Id FROM User WHERE Id = :tmpVar1
09:51:12.0 (1375286473)|LIMIT_USAGE|[75]|SOQL|5|100
09:51:12.0 (1375296035)|LIMIT_USAGE|[75]|AGGS|1|300
09:51:12.0 (1407497613)|SOQL_EXECUTE_END|[75]|Rows:1
09:51:12.0 (1407517502)|LIMIT_USAGE|[75]|SOQL_ROWS|4|50000
09:51:12.0 (1407536114)|HEAP_ALLOCATE|[75]|Bytes:8
09:51:12.0 (1407552486)|HEAP_ALLOCATE|[75]|Bytes:29
09:51:12.0 (1407636679)|HEAP_ALLOCATE|[75]|Bytes:8
09:51:12.0 (1407658729)|HEAP_ALLOCATE|[75]|Bytes:30
09:51:12.0 (1407706764)|HEAP_ALLOCATE|[75]|Bytes:8
09:51:12.0 (1407720865)|VARIABLE_SCOPE_BEGIN|[75]|thisUser|User|true|false
09:51:12.0 (1407755454)|VARIABLE_ASSIGNMENT|[75]|thisUser|{"Id":"005V0000004uuRlIAI"}|0x7432de3e
09:51:12.0 (1407998524)|EXCEPTION_THROWN|[76]|System.TypeException: System.runAs can only be used within a test method: 
09:51:12.0 (1408199362)|HEAP_ALLOCATE|[76]|Bytes:56
09:51:12.0 (1408219010)|SYSTEM_MODE_EXIT|false
09:51:12.0 (1408322320)|FATAL_ERROR|System.TypeException: System.runAs can only be used within a test method: 

Class.portalAccount.CreateNewAccount: line 76, column 1
09:51:12.0 (1408338910)|FATAL_ERROR|System.TypeException: System.runAs can only be used within a test method: 

Class.portalAccount.CreateNewAccount: line 76, column 1
09:51:12.408 (1408620108)|CUMULATIVE_LIMIT_USAGE
09:51:12.408 (1408620108)|LIMIT_USAGE_FOR_NS|(default)|
  Number of SOQL queries: 5 out of 100
  Number of query rows: 4 out of 50000
  Number of SOSL queries: 0 out of 20
  Number of DML statements: 4 out of 150
  Number of DML rows: 4 out of 10000
  Maximum CPU time: 308 out of 10000
  Maximum heap size: 0 out of 6000000
  Number of callouts: 0 out of 100
  Number of Email Invocations: 0 out of 10
  Number of future calls: 0 out of 50
  Number of queueable jobs added to the queue: 0 out of 50
  Number of Mobile Apex push calls: 0 out of 10

09:51:12.408 (1408620108)|LIMIT_USAGE_FOR_NS|tz|
  Number of SOQL queries: 0 out of 100
  Number of query rows: 12 out of 50000
  Number of SOSL queries: 0 out of 20
  Number of DML statements: 0 out of 150
  Number of DML rows: 0 out of 10000
  Maximum CPU time: 0 out of 10000
  Maximum heap size: 0 out of 6000000
  Number of callouts: 0 out of 100
  Number of Email Invocations: 0 out of 10
  Number of future calls: 0 out of 50
  Number of queueable jobs added to the queue: 0 out of 50
  Number of Mobile Apex push calls: 0 out of 10

09:51:12.408 (1408620108)|TOTAL_EMAIL_RECIPIENTS_QUEUED|0
09:51:12.408 (1408620108)|STATIC_VARIABLE_LIST|
  String:_sfdcAdditionalCodeLocations:0
  String:_static_REGION_EUROPE:0
  String:_static_REGION_NA:0
  String:_static_LT_CONTACT:0
  long:serialVersionUID:0
  Boolean:_static_AccountBeforeUpdateProcessing:0
  String:_sfdcAdditionalCodeLocations:0
  String:_sfdcAdditionalCodeLocations:0
  double:MAX_VALUE:0
  long:serialVersionUID:0
  int:SIZE:0
  String:_sfdcAdditionalCodeLocations:0
  int:MAX_VALUE:0
  String:_sfdcAdditionalCodeLocations:0
  String:_static_LT_CASE:0
  int:MIN_VALUE:0
  char[]:DigitOnes:0
  String:_static_LT_OPPORTUNITY:0
  String:_static_LEAD_FILTER:0
  int:MIN_EXPONENT:0
  String:_static_REGION_ASIA:0
  int:MAX_EXPONENT:0
  String:_static_ACCOUNT_FILTER:0
  String:_static_LT_ACTIVITY:0
  int:BYTES:0
  char[]:DigitTens:0
  long:serialVersionUID:0
  String:_static_LT_LEAD:0
  String:_sfdcAdditionalCodeLocations:0
  Boolean:FALSE:0
  String:_sfdcAdditionalCodeLocations:0
  String:_static_ss_email:0
  String:__sfdcInnerTypes:0
  Boolean:_static_LocalTimeBatchProcessing:0
  double:MIN_VALUE:0
  String:_sfdcAdditionalCodeLocations:0
  double:NEGATIVE_INFINITY:0
  String:_static_NOT_AVAILABLE:0
  String:_static_REGION_ISRAEL:0
  char[]:digits:0
  String:_static_LT_TASK:0
  String:_static_LT_DATA_WS:0
  double:NaN:0
  Boolean:TRUE:0
  String:_static_REGION_AFRICA:0
  String:_static_REGION_NZ:0
  String:_static_LT_ACCOUNT:0
  String:_static_REGION_SA:0
  Boolean:_static_LeadBeforeUpdateProcessing:0
  String:__sfdcProperties:0
  int:BYTES:0
  Boolean:_static_CaseAfterUpdateProcessing:0
  String:_sfdcAdditionalCodeLocations:0
  String:_sfdcAdditionalCodeLocations:0
  int[]:sizeTable:0
  String:__sfdcProperties:0
  String:__sfdcProperties:0
  String:_static_REGION_OCEANIA:0
  int:SIZE:0
  double:POSITIVE_INFINITY:0
  String:_sfdcAdditionalCodeLocations:0
  String:_static_CONTACT_FILTER:0
  double:MIN_NORMAL:0
  String:_static_LT_DST_WS:0
  String:_static_LT_PERSON_ACCOUNT:0
  Boolean:_static_ContactBeforeUpdateProcessing:0

09:51:12.408 (1408620108)|CUMULATIVE_LIMIT_USAGE_END

09:51:12.0 (1408845962)|CODE_UNIT_FINISHED|portalAccount.CreateNewAccount
09:51:12.0 (1412075606)|EXECUTION_FINISHED
09:51:12.414 (1414141631)|CUMULATIVE_PROFILING_BEGIN
09:51:12.414 (1414141631)|CUMULATIVE_PROFILING|SOQL operations|
(tz): [SELECT tz__Region__c, tz__Abbr__c, tz__DST_Abbr__c, tz__Offset__c, tz__DST_Offset__c, tz__Timezone_IANA__c
                        FROM tz__lt_timezones__mdt WHERE MasterLabel = :sKey]: executed 3 times in 90 ms
(tz): [SELECT tz__Region__c, tz__Abbr__c, tz__DST_Abbr__c, tz__Offset__c, tz__DST_Offset__c, tz__Timezone_IANA__c
                            FROM tz__lt_timezones__mdt WHERE MasterLabel = :sPostalCode]: executed 3 times in 77 ms
(tz): [SELECT tz__Country__c FROM tz__lt_country_names__mdt WHERE MasterLabel = :countryCode]: executed 3 times in 36 ms
Class.portalAccount.CreateNewAccount: line 43, column 1: [SELECT Id FROM RecordType WHERE SobjectType='Account' AND IsPersonType=True AND Name='Patient']: executed 1 time in 31 ms
Class.portalAccount.CreateNewAccount: line 38, column 1: [SELECT Id FROM Account WHERE Source_Partner_UID__c = :UID LIMIT 1]: executed 1 time in 30 ms
(tz): [SELECT tz__Full_Name__c FROM tz__lt_timezone_names__mdt WHERE MasterLabel = :sName]: executed 3 times in 21 ms
(tz): [SELECT tz__State__c FROM tz__lt_state_codes__mdt WHERE MasterLabel = :sState]: executed 3 times in 20 ms
Class.portalAccount.CreateNewAccount: line 73, column 1: [SELECT PersonContactId FROM Account WHERE Id = :accountId LIMIT 1]: executed 1 time in 10 ms

09:51:12.414 (1414141631)|CUMULATIVE_PROFILING|No profiling information for SOSL operations
09:51:12.414 (1414141631)|CUMULATIVE_PROFILING|DML operations|
Class.portalAccount.CreateNewAccount: line 71, column 1: Insert: Account: executed 1 time in 1281 ms

09:51:12.414 (1414141631)|CUMULATIVE_PROFILING|method invocations|
External entry point: global static String CreateNewAccount(String, String, String, Date, String, String, String, String, String, String, String, String, String, String): executed 1 time in 1389 ms
Class.portalAccount.CreateNewAccount: line 75, column 1: global static String getUserId(): executed 2 times in 33 ms
Class.portalAccount.CreateNewAccount: line 39, column 1: global public Boolean isEmpty(): executed 1 time in 0 ms

09:51:12.414 (1414141631)|CUMULATIVE_PROFILING_END
