40.0 APEX_CODE,FINEST;APEX_PROFILING,FINEST;CALLOUT,INFO;DB,INFO;SYSTEM,DEBUG;VALIDATION,INFO;VISUALFORCE,INFO;WAVE,INFO;WORKFLOW,INFO
09:59:07.0 (518385)|USER_INFO|[EXTERNAL]|005E0000004yLLO|worldcare@sadhanaconsulting.com.devfull|Eastern Standard Time|GMT-05:00
09:59:07.0 (569165)|EXECUTION_STARTED
09:59:07.0 (573465)|CODE_UNIT_STARTED|[EXTERNAL]|TRIGGERS
09:59:07.0 (1607074)|CODE_UNIT_STARTED|[EXTERNAL]|01qV0000000DErk|LocalTimeUserTrigger on User trigger event BeforeUpdate for [005E0000004yLLO]
09:59:07.0 (1654825)|HEAP_ALLOCATE|[EXTERNAL]|Bytes:8
09:59:07.0 (1688597)|HEAP_ALLOCATE|[EXTERNAL]|Bytes:8
09:59:07.0 (2118269)|HEAP_ALLOCATE|[72]|Bytes:3
09:59:07.0 (2206145)|HEAP_ALLOCATE|[77]|Bytes:152
09:59:07.0 (2227881)|HEAP_ALLOCATE|[342]|Bytes:408
09:59:07.0 (2250165)|HEAP_ALLOCATE|[355]|Bytes:408
09:59:07.0 (2271615)|HEAP_ALLOCATE|[467]|Bytes:48
09:59:07.0 (2305314)|HEAP_ALLOCATE|[139]|Bytes:6
09:59:07.0 (2338260)|HEAP_ALLOCATE|[EXTERNAL]|Bytes:4
09:59:07.0 (2380517)|VARIABLE_SCOPE_BEGIN|[5]|this|LocalTimeUserTrigger|true|false
09:59:07.0 (2445975)|VARIABLE_ASSIGNMENT|[5]|this|{}|0x66ea7b4
09:59:07.0 (2504359)|HEAP_ALLOCATE|[EXTERNAL]|Bytes:4
09:59:07.0 (2528431)|VARIABLE_SCOPE_BEGIN|[5]|this|LocalTimeUserTrigger|true|false
09:59:07.0 (2544740)|VARIABLE_ASSIGNMENT|[5]|this|{}|0x66ea7b4
09:59:07.0 (2553372)|STATEMENT_EXECUTE|[5]
09:59:07.0 (2586383)|HEAP_ALLOCATE|[50]|Bytes:5
09:59:07.0 (2616752)|HEAP_ALLOCATE|[56]|Bytes:5
09:59:07.0 (2633594)|HEAP_ALLOCATE|[64]|Bytes:7
09:59:07.0 (3023778)|HEAP_ALLOCATE|[7]|Bytes:5
09:59:07.0 (3063500)|HEAP_ALLOCATE|[7]|Bytes:4
09:59:07.0 (3075836)|VARIABLE_SCOPE_BEGIN|[7]|u|User|true|false
09:59:07.0 (35127133)|VARIABLE_ASSIGNMENT|[7]|u|{"ProfileId":"00eE0000000zEdeIAE","LastModifiedDate":"2017-11-10T14:53:59.000Z","ReceivesAdminInfoEma (3 more) ...":false,"Email":"depot@sadhanaconsult (7 more) ...","TimeZoneSidKey":"America/New_York","LanguageLocaleKey":"fr","UserRoleId":"00EE0000000hj7TMAQ","License_Type__c":"Salesforce","IsActive":true,"Nurse__c":false,"LastLoginDate":"2017-11-10T14:41:55.000Z","PostalCode":"03820","ForecastEnabled":false,"IsExtIndicatorVisibl (1 more) ...":false,"DigestFrequency":"D","UTC_Offset__c":-4.00,"IsProfilePhotoActive":false,"Default_Patient_Coun (6 more) ...":"US","CompanyName":"Sadhana Consulting L (2 more) ...","CommunityNickname":"prozek","CreatedById":"005E0000002k2ScIAI","Street":"1 S Pine Street","Acquisition_Site__c":"001E000001HBa8R","Server_URL__c":"https://cs12.salesfo (17 more) ...","LastPasswordChangeDa (2 more) ...":"2017-10-10T13:48:13.000Z","LocaleSidKey":"en_US","FirstName":"Elissa","Name_Formula__c":"Elissa Sadhana Team  (5 more) ...","Title":"Consultant","City":"Dover","EmailEncodingKey":"ISO-8859-1","ReceivesInfoEmails":false,"SystemModstamp":"2017-11-10T14:53:59.000Z","User_18_Digit_ID__c":"005E0000004yLLOIA2","IsPortalEnabled":false,"Username":"worldcare@sadhanacon (19 more) ...","Alias":"Sadhana","DefaultGroupNotifica (13 more) ...":"N","CreatedDate":"2014-03-07T01:09:17.000Z","LastName":"Sadhana Team (WCI)","Id":"005E0000004yLLOIA2","IsPortalSelfRegister (2 more) ...":false,"UserType":"Standard","LastModifiedById":"005E0000004yLLOIA2"}|0x522a7432
09:59:07.0 (35172183)|STATEMENT_EXECUTE|[7]
09:59:07.0 (35174567)|STATEMENT_EXECUTE|[9]
09:59:07.0 (35175656)|STATEMENT_EXECUTE|[9]
09:59:07.0 (35176696)|STATEMENT_EXECUTE|[10]
09:59:07.0 (36315138)|VARIABLE_SCOPE_BEGIN|[3]|LocalTime.NOT_AVAILABLE|String|false|true
09:59:07.0 (36333474)|VARIABLE_SCOPE_BEGIN|[9]|LocalTime.REGION_AFRICA|String|false|true
09:59:07.0 (36343567)|VARIABLE_SCOPE_BEGIN|[6]|LocalTime.REGION_ASIA|String|false|true
09:59:07.0 (36353793)|VARIABLE_SCOPE_BEGIN|[5]|LocalTime.REGION_EUROPE|String|false|true
09:59:07.0 (36363475)|VARIABLE_SCOPE_BEGIN|[11]|LocalTime.REGION_ISRAEL|String|false|true
09:59:07.0 (36373129)|VARIABLE_SCOPE_BEGIN|[4]|LocalTime.REGION_NA|String|false|true
09:59:07.0 (36383517)|VARIABLE_SCOPE_BEGIN|[10]|LocalTime.REGION_NZ|String|false|true
09:59:07.0 (36393612)|VARIABLE_SCOPE_BEGIN|[7]|LocalTime.REGION_OCEANIA|String|false|true
09:59:07.0 (36403999)|VARIABLE_SCOPE_BEGIN|[8]|LocalTime.REGION_SA|String|false|true
09:59:07.0 (36468279)|HEAP_ALLOCATE|[10]|Bytes:86
09:59:07.0 (36483501)|HEAP_ALLOCATE|[10]|Bytes:3
09:59:07.0 (36546718)|VARIABLE_ASSIGNMENT|[10]|LocalTime.NOT_AVAILABLE|"N/A"
09:59:07.0 (36554373)|HEAP_ALLOCATE|[10]|Bytes:6
09:59:07.0 (36562424)|VARIABLE_ASSIGNMENT|[10]|LocalTime.REGION_AFRICA|"AFRICA"
09:59:07.0 (36567035)|HEAP_ALLOCATE|[10]|Bytes:4
09:59:07.0 (36573473)|VARIABLE_ASSIGNMENT|[10]|LocalTime.REGION_ASIA|"ASIA"
09:59:07.0 (36577891)|HEAP_ALLOCATE|[10]|Bytes:6
09:59:07.0 (36584881)|VARIABLE_ASSIGNMENT|[10]|LocalTime.REGION_EUROPE|"EUROPE"
09:59:07.0 (36589202)|HEAP_ALLOCATE|[10]|Bytes:6
09:59:07.0 (36595769)|VARIABLE_ASSIGNMENT|[10]|LocalTime.REGION_ISRAEL|"ISRAEL"
09:59:07.0 (36600074)|HEAP_ALLOCATE|[10]|Bytes:2
09:59:07.0 (36606772)|VARIABLE_ASSIGNMENT|[10]|LocalTime.REGION_NA|"NA"
09:59:07.0 (36611545)|HEAP_ALLOCATE|[10]|Bytes:2
09:59:07.0 (36617841)|VARIABLE_ASSIGNMENT|[10]|LocalTime.REGION_NZ|"NZ"
09:59:07.0 (36626140)|HEAP_ALLOCATE|[10]|Bytes:7
09:59:07.0 (36633791)|VARIABLE_ASSIGNMENT|[10]|LocalTime.REGION_OCEANIA|"OCEANIA"
09:59:07.0 (36638771)|HEAP_ALLOCATE|[10]|Bytes:2
09:59:07.0 (36645404)|VARIABLE_ASSIGNMENT|[10]|LocalTime.REGION_SA|"SA"
09:59:07.0 (36681564)|METHOD_ENTRY|[2]|01pE0000001ksei|LocalTime.LocalTime()
09:59:07.0 (36690781)|STATEMENT_EXECUTE|[2]
09:59:07.0 (36711219)|ENTERING_MANAGED_PKG|tz
09:59:07.0 (36746392)|METHOD_EXIT|[2]|LocalTime
09:59:07.0 (36813015)|METHOD_ENTRY|[10]|01pE0000001ksei|tz.LocalTime.getOffsetFull(String, String, String)
09:59:07.0 (36822199)|ENTERING_MANAGED_PKG|tz
09:59:07.0 (37046062)|ENTERING_MANAGED_PKG|tz
09:59:07.0 (37139034)|ENTERING_MANAGED_PKG|tz
09:59:07.0 (38300577)|SOQL_EXECUTE_BEGIN|[333]|Aggregations:0|SELECT tz__Country__c FROM tz__lt_country_names__mdt WHERE MasterLabel = :tmpVar1
09:59:07.0 (51583378)|SOQL_EXECUTE_END|[333]|Rows:1
09:59:07.0 (52253631)|ENTERING_MANAGED_PKG|tz
09:59:07.0 (52374816)|METHOD_EXIT|[10]|01pE0000001ksei|tz.LocalTime.getOffsetFull(String, String, String)
09:59:07.0 (52389775)|VARIABLE_SCOPE_BEGIN|[10]|jsonStr|String|false|false
09:59:07.0 (52419566)|VARIABLE_ASSIGNMENT|[10]|jsonStr|"{\"offset\":\"N/A\",\"dst (92 more) ..."
09:59:07.0 (52427404)|STATEMENT_EXECUTE|[11]
09:59:07.0 (52429430)|STATEMENT_EXECUTE|[12]
09:59:07.0 (52518966)|HEAP_ALLOCATE|[12]|Bytes:24
09:59:07.0 (52546005)|SYSTEM_METHOD_ENTRY|[1]|JSON.JSON()
09:59:07.0 (52552809)|STATEMENT_EXECUTE|[1]
09:59:07.0 (52563310)|SYSTEM_METHOD_EXIT|[1]|JSON
09:59:07.0 (52631520)|METHOD_ENTRY|[12]||System.JSON.deserializeUntyped(String)
09:59:07.0 (53178475)|METHOD_EXIT|[12]||System.JSON.deserializeUntyped(String)
09:59:07.0 (53193509)|VARIABLE_SCOPE_BEGIN|[12]|m|Map<String,ANY>|true|false
09:59:07.0 (53224910)|VARIABLE_ASSIGNMENT|[12]|m|"Map of size 6 too large to display"|0x22f64a2f
09:59:07.0 (53232318)|STATEMENT_EXECUTE|[13]
09:59:07.0 (53236823)|HEAP_ALLOCATE|[13]|Bytes:6
09:59:07.0 (53280860)|VARIABLE_SCOPE_BEGIN|[13]|offset|String|false|false
09:59:07.0 (53293964)|VARIABLE_ASSIGNMENT|[13]|offset|"N/A"
09:59:07.0 (53300641)|HEAP_ALLOCATE|[14]|Bytes:3
09:59:07.0 (53324370)|STATEMENT_EXECUTE|[14]
09:59:07.0 (53343901)|HEAP_ALLOCATE|[7]|Bytes:5
09:59:07.0 (53363025)|VARIABLE_ASSIGNMENT|[7]|u|null|
09:59:07.53 (53373945)|CUMULATIVE_LIMIT_USAGE
09:59:07.53 (53373945)|LIMIT_USAGE_FOR_NS|(default)|
  Number of SOQL queries: 0 out of 100
  Number of query rows: 0 out of 50000
  Number of SOSL queries: 0 out of 20
  Number of DML statements: 0 out of 150
  Number of DML rows: 0 out of 10000
  Maximum CPU time: 0 out of 10000
  Maximum heap size: 0 out of 6000000
  Number of callouts: 0 out of 100
  Number of Email Invocations: 0 out of 10
  Number of future calls: 0 out of 50
  Number of queueable jobs added to the queue: 0 out of 50
  Number of Mobile Apex push calls: 0 out of 10

09:59:07.53 (53373945)|LIMIT_USAGE_FOR_NS|tz|
  Number of SOQL queries: 0 out of 100
  Number of query rows: 1 out of 50000
  Number of SOSL queries: 0 out of 20
  Number of DML statements: 0 out of 150
  Number of DML rows: 0 out of 10000
  Maximum CPU time: 0 out of 10000
  Maximum heap size: 0 out of 6000000
  Number of callouts: 0 out of 100
  Number of Email Invocations: 0 out of 10
  Number of future calls: 0 out of 50
  Number of queueable jobs added to the queue: 0 out of 50
  Number of Mobile Apex push calls: 0 out of 10

09:59:07.53 (53373945)|TOTAL_EMAIL_RECIPIENTS_QUEUED|0
09:59:07.53 (53373945)|STATIC_VARIABLE_LIST|
  char[]:DigitTens:0
  long:serialVersionUID:0
  String:_static_REGION_EUROPE:0
  String:_static_REGION_NA:0
  long:serialVersionUID:0
  double:MAX_VALUE:0
  Boolean:FALSE:0
  long:serialVersionUID:0
  String:_sfdcAdditionalCodeLocations:0
  double:MIN_VALUE:0
  int:SIZE:0
  double:NEGATIVE_INFINITY:0
  String:_static_NOT_AVAILABLE:0
  int:MAX_VALUE:0
  String:_static_REGION_ISRAEL:0
  char[]:digits:0
  double:NaN:0
  Boolean:TRUE:0
  String:_static_REGION_AFRICA:0
  String:_static_REGION_NZ:0
  String:_static_REGION_SA:0
  int:MIN_VALUE:0
  char[]:DigitOnes:0
  int:BYTES:0
  String:_sfdcAdditionalCodeLocations:0
  int:MIN_EXPONENT:0
  int[]:sizeTable:0
  String:_static_REGION_ASIA:0
  int:MAX_EXPONENT:0
  String:_static_REGION_OCEANIA:0
  int:SIZE:0
  double:POSITIVE_INFINITY:0
  double:MIN_NORMAL:0
  int:BYTES:0

09:59:07.53 (53373945)|CUMULATIVE_LIMIT_USAGE_END

09:59:07.0 (55017661)|CODE_UNIT_FINISHED|LocalTimeUserTrigger on User trigger event BeforeUpdate for [005E0000004yLLO]
09:59:07.197 (197815190)|ENTERING_MANAGED_PKG|skuid
09:59:07.199 (199443925)|CUMULATIVE_LIMIT_USAGE
09:59:07.199 (199443925)|LIMIT_USAGE_FOR_NS|(default)|
  Number of SOQL queries: 0 out of 100
  Number of query rows: 0 out of 50000
  Number of SOSL queries: 0 out of 20
  Number of DML statements: 0 out of 150
  Number of DML rows: 0 out of 10000
  Maximum CPU time: 0 out of 10000
  Maximum heap size: 0 out of 6000000
  Number of callouts: 0 out of 100
  Number of Email Invocations: 0 out of 10
  Number of future calls: 0 out of 50
  Number of queueable jobs added to the queue: 0 out of 50
  Number of Mobile Apex push calls: 0 out of 10

09:59:07.199 (199443925)|LIMIT_USAGE_FOR_NS|tz|
  Number of SOQL queries: 0 out of 100
  Number of query rows: 1 out of 50000
  Number of SOSL queries: 0 out of 20
  Number of DML statements: 0 out of 150
  Number of DML rows: 0 out of 10000
  Maximum CPU time: 0 out of 10000
  Maximum heap size: 0 out of 6000000
  Number of callouts: 0 out of 100
  Number of Email Invocations: 0 out of 10
  Number of future calls: 0 out of 50
  Number of queueable jobs added to the queue: 0 out of 50
  Number of Mobile Apex push calls: 0 out of 10

09:59:07.199 (199443925)|CUMULATIVE_LIMIT_USAGE_END

09:59:07.0 (203659201)|CODE_UNIT_STARTED|[EXTERNAL]|Workflow:User
09:59:07.0 (212790714)|WF_RULE_EVAL_BEGIN|Workflow
09:59:07.0 (212831302)|WF_CRITERIA_BEGIN|[User: Elissa Sadhana Team (WCI) 005E0000004yLLO]|Member_Community_New_User301V000000063fo|01QV00000001N6N|ON_CREATE_ONLY|0
09:59:07.0 (212854001)|WF_RULE_NOT_EVALUATED
09:59:07.0 (212866678)|WF_SPOOL_ACTION_BEGIN|Workflow
09:59:07.0 (212882749)|WF_ACTION| None
09:59:07.0 (212890533)|WF_RULE_EVAL_END
09:59:07.0 (212952773)|WF_ACTIONS_END| None
09:59:07.0 (212968349)|CODE_UNIT_FINISHED|Workflow:User
09:59:07.0 (226112464)|CODE_UNIT_STARTED|[EXTERNAL]|01qV0000000DErk|LocalTimeUserTrigger on User trigger event BeforeUpdate for [005E0000004yLLO]
09:59:07.0 (226153913)|HEAP_ALLOCATE|[EXTERNAL]|Bytes:8
09:59:07.0 (226178457)|HEAP_ALLOCATE|[EXTERNAL]|Bytes:8
09:59:07.0 (226235585)|HEAP_ALLOCATE|[EXTERNAL]|Bytes:4
09:59:07.0 (226248618)|VARIABLE_SCOPE_BEGIN|[5]|this|LocalTimeUserTrigger|true|false
09:59:07.0 (226283311)|VARIABLE_ASSIGNMENT|[5]|this|{}|0x166028b1
09:59:07.0 (226311499)|HEAP_ALLOCATE|[EXTERNAL]|Bytes:4
09:59:07.0 (226318876)|VARIABLE_SCOPE_BEGIN|[5]|this|LocalTimeUserTrigger|true|false
09:59:07.0 (226332577)|VARIABLE_ASSIGNMENT|[5]|this|{}|0x166028b1
09:59:07.0 (226340256)|STATEMENT_EXECUTE|[5]
09:59:07.0 (226407559)|HEAP_ALLOCATE|[7]|Bytes:5
09:59:07.0 (226427326)|HEAP_ALLOCATE|[7]|Bytes:4
09:59:07.0 (226439331)|VARIABLE_SCOPE_BEGIN|[7]|u|User|true|false
09:59:07.0 (230638176)|VARIABLE_ASSIGNMENT|[7]|u|{"ProfileId":"00eE0000000zEdeIAE","LastModifiedDate":"2017-11-10T14:59:07.000Z","ReceivesAdminInfoEma (3 more) ...":false,"Email":"depot@sadhanaconsult (7 more) ...","TimeZoneSidKey":"America/New_York","LanguageLocaleKey":"en_US","UserRoleId":"00EE0000000hj7TMAQ","License_Type__c":"Salesforce","IsActive":true,"Nurse__c":false,"LastLoginDate":"2017-11-10T14:41:55.000Z","PostalCode":"03820","ForecastEnabled":false,"IsExtIndicatorVisibl (1 more) ...":false,"DigestFrequency":"D","UTC_Offset__c":-4.00,"IsProfilePhotoActive":false,"Default_Patient_Coun (6 more) ...":"US","CompanyName":"Sadhana Consulting L (2 more) ...","CommunityNickname":"prozek","CreatedById":"005E0000002k2ScIAI","Street":"1 S Pine Street","Acquisition_Site__c":"001E000001HBa8R","Server_URL__c":"https://cs12.salesfo (17 more) ...","LastPasswordChangeDa (2 more) ...":"2017-10-10T13:48:13.000Z","LocaleSidKey":"en_US","FirstName":"Elissa","Name_Formula__c":"Elissa Sadhana Team  (5 more) ...","Title":"Consultant","City":"Dover","EmailEncodingKey":"ISO-8859-1","ReceivesInfoEmails":false,"SystemModstamp":"2017-11-10T14:59:07.000Z","User_18_Digit_ID__c":"005E0000004yLLOIA2","IsPortalEnabled":false,"Username":"worldcare@sadhanacon (19 more) ...","Alias":"Sadhana","DefaultGroupNotifica (13 more) ...":"N","CreatedDate":"2014-03-07T01:09:17.000Z","LastName":"Sadhana Team (WCI)","Id":"005E0000004yLLOIA2","IsPortalSelfRegister (2 more) ...":false,"UserType":"Standard","LastModifiedById":"005E0000004yLLOIA2"}|0x53c8c7f9
09:59:07.0 (230668766)|STATEMENT_EXECUTE|[7]
09:59:07.0 (230670593)|STATEMENT_EXECUTE|[9]
09:59:07.0 (230671723)|STATEMENT_EXECUTE|[9]
09:59:07.0 (230672704)|STATEMENT_EXECUTE|[10]
09:59:07.0 (230723073)|METHOD_ENTRY|[10]|01pE0000001ksei|tz.LocalTime.getOffsetFull(String, String, String)
09:59:07.0 (230735006)|ENTERING_MANAGED_PKG|tz
09:59:07.0 (230774578)|ENTERING_MANAGED_PKG|tz
09:59:07.0 (230831800)|ENTERING_MANAGED_PKG|tz
09:59:07.0 (231151285)|SOQL_EXECUTE_BEGIN|[333]|Aggregations:0|SELECT tz__Country__c FROM tz__lt_country_names__mdt WHERE MasterLabel = :tmpVar1
09:59:07.0 (243224053)|SOQL_EXECUTE_END|[333]|Rows:1
09:59:07.0 (243530939)|ENTERING_MANAGED_PKG|tz
09:59:07.0 (243591619)|METHOD_EXIT|[10]|01pE0000001ksei|tz.LocalTime.getOffsetFull(String, String, String)
09:59:07.0 (243602733)|VARIABLE_SCOPE_BEGIN|[10]|jsonStr|String|false|false
09:59:07.0 (243633513)|VARIABLE_ASSIGNMENT|[10]|jsonStr|"{\"offset\":\"N/A\",\"dst (92 more) ..."
09:59:07.0 (243639875)|STATEMENT_EXECUTE|[11]
09:59:07.0 (243641921)|STATEMENT_EXECUTE|[12]
09:59:07.0 (243652538)|METHOD_ENTRY|[12]||System.JSON.deserializeUntyped(String)
09:59:07.0 (244106841)|METHOD_EXIT|[12]||System.JSON.deserializeUntyped(String)
09:59:07.0 (244123775)|VARIABLE_SCOPE_BEGIN|[12]|m|Map<String,ANY>|true|false
09:59:07.0 (244148312)|VARIABLE_ASSIGNMENT|[12]|m|"Map of size 6 too large to display"|0x42b559f4
09:59:07.0 (244155177)|STATEMENT_EXECUTE|[13]
09:59:07.0 (244173766)|VARIABLE_SCOPE_BEGIN|[13]|offset|String|false|false
09:59:07.0 (244184868)|VARIABLE_ASSIGNMENT|[13]|offset|"N/A"
09:59:07.0 (244205433)|STATEMENT_EXECUTE|[14]
09:59:07.0 (244221919)|HEAP_ALLOCATE|[7]|Bytes:5
09:59:07.0 (244243083)|VARIABLE_ASSIGNMENT|[7]|u|null|
09:59:07.244 (244255866)|CUMULATIVE_LIMIT_USAGE
09:59:07.244 (244255866)|LIMIT_USAGE_FOR_NS|(default)|
  Number of SOQL queries: 0 out of 100
  Number of query rows: 0 out of 50000
  Number of SOSL queries: 0 out of 20
  Number of DML statements: 0 out of 150
  Number of DML rows: 0 out of 10000
  Maximum CPU time: 0 out of 10000
  Maximum heap size: 0 out of 6000000
  Number of callouts: 0 out of 100
  Number of Email Invocations: 0 out of 10
  Number of future calls: 0 out of 50
  Number of queueable jobs added to the queue: 0 out of 50
  Number of Mobile Apex push calls: 0 out of 10

09:59:07.244 (244255866)|LIMIT_USAGE_FOR_NS|tz|
  Number of SOQL queries: 0 out of 100
  Number of query rows: 1 out of 50000
  Number of SOSL queries: 0 out of 20
  Number of DML statements: 0 out of 150
  Number of DML rows: 0 out of 10000
  Maximum CPU time: 0 out of 10000
  Maximum heap size: 0 out of 6000000
  Number of callouts: 0 out of 100
  Number of Email Invocations: 0 out of 10
  Number of future calls: 0 out of 50
  Number of queueable jobs added to the queue: 0 out of 50
  Number of Mobile Apex push calls: 0 out of 10

09:59:07.244 (244255866)|TOTAL_EMAIL_RECIPIENTS_QUEUED|0
09:59:07.244 (244255866)|STATIC_VARIABLE_LIST|
  char[]:DigitTens:0
  long:serialVersionUID:0
  String:_static_REGION_EUROPE:0
  String:_static_REGION_NA:0
  long:serialVersionUID:0
  double:MAX_VALUE:0
  Boolean:FALSE:0
  long:serialVersionUID:0
  String:_sfdcAdditionalCodeLocations:0
  double:MIN_VALUE:0
  int:SIZE:0
  double:NEGATIVE_INFINITY:0
  String:_static_NOT_AVAILABLE:0
  int:MAX_VALUE:0
  String:_static_REGION_ISRAEL:0
  char[]:digits:0
  double:NaN:0
  Boolean:TRUE:0
  String:_static_REGION_AFRICA:0
  String:_static_REGION_NZ:0
  String:_static_REGION_SA:0
  int:MIN_VALUE:0
  String:_sfdcAdditionalCodeLocations:0
  char[]:DigitOnes:0
  int:BYTES:0
  String:_sfdcAdditionalCodeLocations:0
  int:MIN_EXPONENT:0
  int[]:sizeTable:0
  String:_static_REGION_ASIA:0
  int:MAX_EXPONENT:0
  String:_static_REGION_OCEANIA:0
  int:SIZE:0
  double:POSITIVE_INFINITY:0
  double:MIN_NORMAL:0
  int:BYTES:0

09:59:07.244 (244255866)|CUMULATIVE_LIMIT_USAGE_END

09:59:07.0 (245329154)|CODE_UNIT_FINISHED|LocalTimeUserTrigger on User trigger event BeforeUpdate for [005E0000004yLLO]
09:59:07.309 (309435265)|ENTERING_MANAGED_PKG|skuid
09:59:07.310 (310050807)|CUMULATIVE_LIMIT_USAGE
09:59:07.310 (310050807)|LIMIT_USAGE_FOR_NS|(default)|
  Number of SOQL queries: 0 out of 100
  Number of query rows: 0 out of 50000
  Number of SOSL queries: 0 out of 20
  Number of DML statements: 0 out of 150
  Number of DML rows: 0 out of 10000
  Maximum CPU time: 0 out of 10000
  Maximum heap size: 0 out of 6000000
  Number of callouts: 0 out of 100
  Number of Email Invocations: 0 out of 10
  Number of future calls: 0 out of 50
  Number of queueable jobs added to the queue: 0 out of 50
  Number of Mobile Apex push calls: 0 out of 10

09:59:07.310 (310050807)|LIMIT_USAGE_FOR_NS|tz|
  Number of SOQL queries: 0 out of 100
  Number of query rows: 1 out of 50000
  Number of SOSL queries: 0 out of 20
  Number of DML statements: 0 out of 150
  Number of DML rows: 0 out of 10000
  Maximum CPU time: 0 out of 10000
  Maximum heap size: 0 out of 6000000
  Number of callouts: 0 out of 100
  Number of Email Invocations: 0 out of 10
  Number of future calls: 0 out of 50
  Number of queueable jobs added to the queue: 0 out of 50
  Number of Mobile Apex push calls: 0 out of 10

09:59:07.310 (310050807)|CUMULATIVE_LIMIT_USAGE_END

09:59:07.0 (312653681)|CODE_UNIT_STARTED|[EXTERNAL]|Workflow:User
09:59:07.0 (317398527)|WF_RULE_EVAL_BEGIN|Workflow
09:59:07.0 (317438209)|WF_CRITERIA_BEGIN|[User: Elissa Sadhana Team (WCI) 005E0000004yLLO]|Member_Community_New_User301V000000063fo|01QV00000001N6N|ON_CREATE_ONLY|0
09:59:07.0 (317452082)|WF_RULE_NOT_EVALUATED
09:59:07.0 (317458918)|WF_SPOOL_ACTION_BEGIN|Workflow
09:59:07.0 (317468643)|WF_ACTION| None
09:59:07.0 (317472861)|WF_RULE_EVAL_END
09:59:07.0 (317519209)|WF_ACTIONS_END| None
09:59:07.0 (317529378)|CODE_UNIT_FINISHED|Workflow:User
09:59:07.0 (468477948)|CODE_UNIT_FINISHED|TRIGGERS
09:59:07.0 (468505070)|EXECUTION_FINISHED
09:59:07.477 (477506284)|CUMULATIVE_PROFILING_BEGIN
09:59:07.477 (477506284)|CUMULATIVE_PROFILING|SOQL operations|
(tz): [SELECT tz__Country__c FROM tz__lt_country_names__mdt WHERE MasterLabel = :countryCode]: executed 2 times in 27 ms

09:59:07.477 (477506284)|CUMULATIVE_PROFILING|No profiling information for SOSL operations
09:59:07.477 (477506284)|CUMULATIVE_PROFILING|No profiling information for DML operations
09:59:07.477 (477506284)|CUMULATIVE_PROFILING|method invocations|
Trigger.LocalTimeUserTrigger: line 10, column 1: webService static String getOffsetFull(String, String, String): executed 2 times in 29 ms
External entry point: public void invoke(): executed 1 time in 18 ms
Trigger.LocalTimeUserTrigger: line 12, column 1: global static Object deserializeUntyped(String): executed 2 times in 2 ms
Trigger.LocalTimeUserTrigger: line 7, column 1: global public System.Iterator iterator(): executed 6 times in 1 ms
Trigger.LocalTimeUserTrigger: line 13, column 1: global public Object get(Object): executed 2 times in 0 ms

09:59:07.477 (477506284)|CUMULATIVE_PROFILING_END
