40.0 APEX_CODE,FINEST;APEX_PROFILING,FINEST;CALLOUT,INFO;DB,INFO;SYSTEM,DEBUG;VALIDATION,INFO;VISUALFORCE,INFO;WAVE,INFO;WORKFLOW,INFO
09:47:41.0 (379459)|USER_INFO|[EXTERNAL]|005E0000004yLLO|worldcare@sadhanaconsulting.com.devfull|Eastern Standard Time|GMT-05:00
09:47:41.0 (416365)|EXECUTION_STARTED
09:47:41.0 (421128)|CODE_UNIT_STARTED|[EXTERNAL]|TRIGGERS
09:47:41.0 (1927364)|CODE_UNIT_STARTED|[EXTERNAL]|01qV0000000DErk|LocalTimeUserTrigger on User trigger event BeforeUpdate for [005E0000004yLLO]
09:47:41.0 (1975537)|HEAP_ALLOCATE|[EXTERNAL]|Bytes:8
09:47:41.0 (2009282)|HEAP_ALLOCATE|[EXTERNAL]|Bytes:8
09:47:41.0 (2384915)|HEAP_ALLOCATE|[72]|Bytes:3
09:47:41.0 (2423936)|HEAP_ALLOCATE|[77]|Bytes:152
09:47:41.0 (2442401)|HEAP_ALLOCATE|[342]|Bytes:408
09:47:41.0 (2463893)|HEAP_ALLOCATE|[355]|Bytes:408
09:47:41.0 (2484242)|HEAP_ALLOCATE|[467]|Bytes:48
09:47:41.0 (2516136)|HEAP_ALLOCATE|[139]|Bytes:6
09:47:41.0 (2546615)|HEAP_ALLOCATE|[EXTERNAL]|Bytes:4
09:47:41.0 (2558533)|VARIABLE_SCOPE_BEGIN|[5]|this|LocalTimeUserTrigger|true|false
09:47:41.0 (2613826)|VARIABLE_ASSIGNMENT|[5]|this|{}|0x6898e358
09:47:41.0 (2670130)|HEAP_ALLOCATE|[EXTERNAL]|Bytes:4
09:47:41.0 (2681631)|VARIABLE_SCOPE_BEGIN|[5]|this|LocalTimeUserTrigger|true|false
09:47:41.0 (2697091)|VARIABLE_ASSIGNMENT|[5]|this|{}|0x6898e358
09:47:41.0 (2706936)|STATEMENT_EXECUTE|[5]
09:47:41.0 (2742964)|HEAP_ALLOCATE|[50]|Bytes:5
09:47:41.0 (2767749)|HEAP_ALLOCATE|[56]|Bytes:5
09:47:41.0 (2780929)|HEAP_ALLOCATE|[64]|Bytes:7
09:47:41.0 (3115939)|HEAP_ALLOCATE|[7]|Bytes:5
09:47:41.0 (3145019)|HEAP_ALLOCATE|[7]|Bytes:4
09:47:41.0 (3159036)|VARIABLE_SCOPE_BEGIN|[7]|u|User|true|false
09:47:41.0 (34258943)|VARIABLE_ASSIGNMENT|[7]|u|{"ProfileId":"00eE0000000zEdeIAE","LastModifiedDate":"2017-11-10T14:47:41.000Z","ReceivesAdminInfoEma (3 more) ...":false,"Email":"depot@sadhanaconsult (7 more) ...","TimeZoneSidKey":"America/New_York","LanguageLocaleKey":"fr","UserRoleId":"00EE0000000hj7TMAQ","License_Type__c":"Salesforce","IsActive":true,"Nurse__c":false,"LastLoginDate":"2017-11-10T14:41:55.000Z","PostalCode":"03820","ForecastEnabled":false,"IsExtIndicatorVisibl (1 more) ...":false,"DigestFrequency":"D","UTC_Offset__c":-4.00,"IsProfilePhotoActive":false,"Default_Patient_Coun (6 more) ...":"US","CompanyName":"Sadhana Consulting L (2 more) ...","CommunityNickname":"prozek","CreatedById":"005E0000002k2ScIAI","Street":"1 S Pine Street","Acquisition_Site__c":"001E000001HBa8R","Server_URL__c":"https://cs12.salesfo (17 more) ...","LastPasswordChangeDa (2 more) ...":"2017-10-10T13:48:13.000Z","LocaleSidKey":"en_US","FirstName":"Elissa","Name_Formula__c":"Elissa Sadhana Team  (5 more) ...","Title":"Consultant","City":"Dover","EmailEncodingKey":"ISO-8859-1","ReceivesInfoEmails":false,"SystemModstamp":"2017-11-10T14:47:41.000Z","User_18_Digit_ID__c":"005E0000004yLLOIA2","IsPortalEnabled":false,"Username":"worldcare@sadhanacon (19 more) ...","Alias":"Sadhana","DefaultGroupNotifica (13 more) ...":"N","CreatedDate":"2014-03-07T01:09:17.000Z","LastName":"Sadhana Team (WCI)","Id":"005E0000004yLLOIA2","IsPortalSelfRegister (2 more) ...":false,"UserType":"Standard","LastModifiedById":"005E0000004yLLOIA2"}|0x7c2dabfd
09:47:41.0 (34304665)|STATEMENT_EXECUTE|[7]
09:47:41.0 (34306924)|STATEMENT_EXECUTE|[9]
09:47:41.0 (34307988)|STATEMENT_EXECUTE|[9]
09:47:41.0 (34308991)|STATEMENT_EXECUTE|[10]
09:47:41.0 (35384113)|VARIABLE_SCOPE_BEGIN|[3]|LocalTime.NOT_AVAILABLE|String|false|true
09:47:41.0 (35400990)|VARIABLE_SCOPE_BEGIN|[9]|LocalTime.REGION_AFRICA|String|false|true
09:47:41.0 (35410523)|VARIABLE_SCOPE_BEGIN|[6]|LocalTime.REGION_ASIA|String|false|true
09:47:41.0 (35420359)|VARIABLE_SCOPE_BEGIN|[5]|LocalTime.REGION_EUROPE|String|false|true
09:47:41.0 (35429271)|VARIABLE_SCOPE_BEGIN|[11]|LocalTime.REGION_ISRAEL|String|false|true
09:47:41.0 (35438146)|VARIABLE_SCOPE_BEGIN|[4]|LocalTime.REGION_NA|String|false|true
09:47:41.0 (35447332)|VARIABLE_SCOPE_BEGIN|[10]|LocalTime.REGION_NZ|String|false|true
09:47:41.0 (35456544)|VARIABLE_SCOPE_BEGIN|[7]|LocalTime.REGION_OCEANIA|String|false|true
09:47:41.0 (35465605)|VARIABLE_SCOPE_BEGIN|[8]|LocalTime.REGION_SA|String|false|true
09:47:41.0 (35526332)|HEAP_ALLOCATE|[10]|Bytes:86
09:47:41.0 (35541651)|HEAP_ALLOCATE|[10]|Bytes:3
09:47:41.0 (35553906)|VARIABLE_ASSIGNMENT|[10]|LocalTime.NOT_AVAILABLE|"N/A"
09:47:41.0 (35559267)|HEAP_ALLOCATE|[10]|Bytes:6
09:47:41.0 (35565483)|VARIABLE_ASSIGNMENT|[10]|LocalTime.REGION_AFRICA|"AFRICA"
09:47:41.0 (35570384)|HEAP_ALLOCATE|[10]|Bytes:4
09:47:41.0 (35576304)|VARIABLE_ASSIGNMENT|[10]|LocalTime.REGION_ASIA|"ASIA"
09:47:41.0 (35580948)|HEAP_ALLOCATE|[10]|Bytes:6
09:47:41.0 (35587481)|VARIABLE_ASSIGNMENT|[10]|LocalTime.REGION_EUROPE|"EUROPE"
09:47:41.0 (35591710)|HEAP_ALLOCATE|[10]|Bytes:6
09:47:41.0 (35597726)|VARIABLE_ASSIGNMENT|[10]|LocalTime.REGION_ISRAEL|"ISRAEL"
09:47:41.0 (35602509)|HEAP_ALLOCATE|[10]|Bytes:2
09:47:41.0 (35608572)|VARIABLE_ASSIGNMENT|[10]|LocalTime.REGION_NA|"NA"
09:47:41.0 (35613532)|HEAP_ALLOCATE|[10]|Bytes:2
09:47:41.0 (35619671)|VARIABLE_ASSIGNMENT|[10]|LocalTime.REGION_NZ|"NZ"
09:47:41.0 (35624045)|HEAP_ALLOCATE|[10]|Bytes:7
09:47:41.0 (35630336)|VARIABLE_ASSIGNMENT|[10]|LocalTime.REGION_OCEANIA|"OCEANIA"
09:47:41.0 (35634996)|HEAP_ALLOCATE|[10]|Bytes:2
09:47:41.0 (35640994)|VARIABLE_ASSIGNMENT|[10]|LocalTime.REGION_SA|"SA"
09:47:41.0 (35660481)|METHOD_ENTRY|[2]|01pE0000001ksei|LocalTime.LocalTime()
09:47:41.0 (35667495)|STATEMENT_EXECUTE|[2]
09:47:41.0 (35687374)|ENTERING_MANAGED_PKG|tz
09:47:41.0 (35707129)|METHOD_EXIT|[2]|LocalTime
09:47:41.0 (35744107)|METHOD_ENTRY|[10]|01pE0000001ksei|tz.LocalTime.getOffsetFull(String, String, String)
09:47:41.0 (35751932)|ENTERING_MANAGED_PKG|tz
09:47:41.0 (35965732)|ENTERING_MANAGED_PKG|tz
09:47:41.0 (36069677)|ENTERING_MANAGED_PKG|tz
09:47:41.0 (37069561)|SOQL_EXECUTE_BEGIN|[333]|Aggregations:0|SELECT tz__Country__c FROM tz__lt_country_names__mdt WHERE MasterLabel = :tmpVar1
09:47:41.0 (49035812)|SOQL_EXECUTE_END|[333]|Rows:1
09:47:41.0 (49573321)|ENTERING_MANAGED_PKG|tz
09:47:41.0 (49666550)|METHOD_EXIT|[10]|01pE0000001ksei|tz.LocalTime.getOffsetFull(String, String, String)
09:47:41.0 (49679490)|VARIABLE_SCOPE_BEGIN|[10]|jsonStr|String|false|false
09:47:41.0 (49702630)|VARIABLE_ASSIGNMENT|[10]|jsonStr|"{\"offset\":\"N/A\",\"dst (92 more) ..."
09:47:41.0 (49708732)|STATEMENT_EXECUTE|[11]
09:47:41.0 (49710399)|STATEMENT_EXECUTE|[12]
09:47:41.0 (49764112)|HEAP_ALLOCATE|[12]|Bytes:24
09:47:41.0 (49782211)|SYSTEM_METHOD_ENTRY|[1]|JSON.JSON()
09:47:41.0 (49788509)|STATEMENT_EXECUTE|[1]
09:47:41.0 (49801185)|SYSTEM_METHOD_EXIT|[1]|JSON
09:47:41.0 (49825248)|METHOD_ENTRY|[12]||System.JSON.deserializeUntyped(String)
09:47:41.0 (50326817)|METHOD_EXIT|[12]||System.JSON.deserializeUntyped(String)
09:47:41.0 (50343464)|VARIABLE_SCOPE_BEGIN|[12]|m|Map<String,ANY>|true|false
09:47:41.0 (50369233)|VARIABLE_ASSIGNMENT|[12]|m|"Map of size 6 too large to display"|0x4221d955
09:47:41.0 (50376248)|STATEMENT_EXECUTE|[13]
09:47:41.0 (50380704)|HEAP_ALLOCATE|[13]|Bytes:6
09:47:41.0 (50427221)|VARIABLE_SCOPE_BEGIN|[13]|offset|String|false|false
09:47:41.0 (50440873)|VARIABLE_ASSIGNMENT|[13]|offset|"N/A"
09:47:41.0 (50448545)|HEAP_ALLOCATE|[14]|Bytes:3
09:47:41.0 (50477520)|STATEMENT_EXECUTE|[14]
09:47:41.0 (50497027)|HEAP_ALLOCATE|[7]|Bytes:5
09:47:41.0 (50515300)|VARIABLE_ASSIGNMENT|[7]|u|null|
09:47:41.50 (50527257)|CUMULATIVE_LIMIT_USAGE
09:47:41.50 (50527257)|LIMIT_USAGE_FOR_NS|(default)|
  Number of SOQL queries: 0 out of 100
  Number of query rows: 0 out of 50000
  Number of SOSL queries: 0 out of 20
  Number of DML statements: 0 out of 150
  Number of DML rows: 0 out of 10000
  Maximum CPU time: 0 out of 10000
  Maximum heap size: 0 out of 6000000
  Number of callouts: 0 out of 100
  Number of Email Invocations: 0 out of 10
  Number of future calls: 0 out of 50
  Number of queueable jobs added to the queue: 0 out of 50
  Number of Mobile Apex push calls: 0 out of 10

09:47:41.50 (50527257)|LIMIT_USAGE_FOR_NS|tz|
  Number of SOQL queries: 0 out of 100
  Number of query rows: 1 out of 50000
  Number of SOSL queries: 0 out of 20
  Number of DML statements: 0 out of 150
  Number of DML rows: 0 out of 10000
  Maximum CPU time: 0 out of 10000
  Maximum heap size: 0 out of 6000000
  Number of callouts: 0 out of 100
  Number of Email Invocations: 0 out of 10
  Number of future calls: 0 out of 50
  Number of queueable jobs added to the queue: 0 out of 50
  Number of Mobile Apex push calls: 0 out of 10

09:47:41.50 (50527257)|TOTAL_EMAIL_RECIPIENTS_QUEUED|0
09:47:41.50 (50527257)|STATIC_VARIABLE_LIST|
  char[]:DigitTens:0
  long:serialVersionUID:0
  String:_static_REGION_EUROPE:0
  String:_static_REGION_NA:0
  long:serialVersionUID:0
  double:MAX_VALUE:0
  Boolean:FALSE:0
  long:serialVersionUID:0
  String:_sfdcAdditionalCodeLocations:0
  double:MIN_VALUE:0
  int:SIZE:0
  double:NEGATIVE_INFINITY:0
  String:_static_NOT_AVAILABLE:0
  int:MAX_VALUE:0
  String:_static_REGION_ISRAEL:0
  char[]:digits:0
  double:NaN:0
  Boolean:TRUE:0
  String:_static_REGION_AFRICA:0
  String:_static_REGION_NZ:0
  String:_static_REGION_SA:0
  int:MIN_VALUE:0
  char[]:DigitOnes:0
  int:BYTES:0
  String:_sfdcAdditionalCodeLocations:0
  int:MIN_EXPONENT:0
  int[]:sizeTable:0
  String:_static_REGION_ASIA:0
  int:MAX_EXPONENT:0
  String:_static_REGION_OCEANIA:0
  int:SIZE:0
  double:POSITIVE_INFINITY:0
  double:MIN_NORMAL:0
  int:BYTES:0

09:47:41.50 (50527257)|CUMULATIVE_LIMIT_USAGE_END

09:47:41.0 (52331174)|CODE_UNIT_FINISHED|LocalTimeUserTrigger on User trigger event BeforeUpdate for [005E0000004yLLO]
09:47:41.167 (167284921)|ENTERING_MANAGED_PKG|skuid
09:47:41.168 (168336210)|CUMULATIVE_LIMIT_USAGE
09:47:41.168 (168336210)|LIMIT_USAGE_FOR_NS|(default)|
  Number of SOQL queries: 0 out of 100
  Number of query rows: 0 out of 50000
  Number of SOSL queries: 0 out of 20
  Number of DML statements: 0 out of 150
  Number of DML rows: 0 out of 10000
  Maximum CPU time: 0 out of 10000
  Maximum heap size: 0 out of 6000000
  Number of callouts: 0 out of 100
  Number of Email Invocations: 0 out of 10
  Number of future calls: 0 out of 50
  Number of queueable jobs added to the queue: 0 out of 50
  Number of Mobile Apex push calls: 0 out of 10

09:47:41.168 (168336210)|LIMIT_USAGE_FOR_NS|tz|
  Number of SOQL queries: 0 out of 100
  Number of query rows: 1 out of 50000
  Number of SOSL queries: 0 out of 20
  Number of DML statements: 0 out of 150
  Number of DML rows: 0 out of 10000
  Maximum CPU time: 0 out of 10000
  Maximum heap size: 0 out of 6000000
  Number of callouts: 0 out of 100
  Number of Email Invocations: 0 out of 10
  Number of future calls: 0 out of 50
  Number of queueable jobs added to the queue: 0 out of 50
  Number of Mobile Apex push calls: 0 out of 10

09:47:41.168 (168336210)|CUMULATIVE_LIMIT_USAGE_END

09:47:41.0 (171575864)|CODE_UNIT_STARTED|[EXTERNAL]|Workflow:User
09:47:41.0 (181175802)|WF_RULE_EVAL_BEGIN|Workflow
09:47:41.0 (181203683)|WF_CRITERIA_BEGIN|[User: Elissa Sadhana Team (WCI) 005E0000004yLLO]|Member_Community_New_User301V000000063fo|01QV00000001N6N|ON_CREATE_ONLY|0
09:47:41.0 (181215473)|WF_RULE_NOT_EVALUATED
09:47:41.0 (181223652)|WF_SPOOL_ACTION_BEGIN|Workflow
09:47:41.0 (181232953)|WF_ACTION| None
09:47:41.0 (181237272)|WF_RULE_EVAL_END
09:47:41.0 (181282101)|WF_ACTIONS_END| None
09:47:41.0 (181295273)|CODE_UNIT_FINISHED|Workflow:User
09:47:41.0 (193308150)|CODE_UNIT_STARTED|[EXTERNAL]|01qV0000000DErk|LocalTimeUserTrigger on User trigger event BeforeUpdate for [005E0000004yLLO]
09:47:41.0 (193363307)|HEAP_ALLOCATE|[EXTERNAL]|Bytes:8
09:47:41.0 (193391231)|HEAP_ALLOCATE|[EXTERNAL]|Bytes:8
09:47:41.0 (193453328)|HEAP_ALLOCATE|[EXTERNAL]|Bytes:4
09:47:41.0 (193469108)|VARIABLE_SCOPE_BEGIN|[5]|this|LocalTimeUserTrigger|true|false
09:47:41.0 (193507484)|VARIABLE_ASSIGNMENT|[5]|this|{}|0x64e01529
09:47:41.0 (193541432)|HEAP_ALLOCATE|[EXTERNAL]|Bytes:4
09:47:41.0 (193550830)|VARIABLE_SCOPE_BEGIN|[5]|this|LocalTimeUserTrigger|true|false
09:47:41.0 (193564414)|VARIABLE_ASSIGNMENT|[5]|this|{}|0x64e01529
09:47:41.0 (193573969)|STATEMENT_EXECUTE|[5]
09:47:41.0 (193664885)|HEAP_ALLOCATE|[7]|Bytes:5
09:47:41.0 (193689708)|HEAP_ALLOCATE|[7]|Bytes:4
09:47:41.0 (193705229)|VARIABLE_SCOPE_BEGIN|[7]|u|User|true|false
09:47:41.0 (198005766)|VARIABLE_ASSIGNMENT|[7]|u|{"ProfileId":"00eE0000000zEdeIAE","LastModifiedDate":"2017-11-10T14:47:41.000Z","ReceivesAdminInfoEma (3 more) ...":false,"Email":"depot@sadhanaconsult (7 more) ...","TimeZoneSidKey":"America/New_York","LanguageLocaleKey":"en_US","UserRoleId":"00EE0000000hj7TMAQ","License_Type__c":"Salesforce","IsActive":true,"Nurse__c":false,"LastLoginDate":"2017-11-10T14:41:55.000Z","PostalCode":"03820","ForecastEnabled":false,"IsExtIndicatorVisibl (1 more) ...":false,"DigestFrequency":"D","UTC_Offset__c":-4.00,"IsProfilePhotoActive":false,"Default_Patient_Coun (6 more) ...":"US","CompanyName":"Sadhana Consulting L (2 more) ...","CommunityNickname":"prozek","CreatedById":"005E0000002k2ScIAI","Street":"1 S Pine Street","Acquisition_Site__c":"001E000001HBa8R","Server_URL__c":"https://cs12.salesfo (17 more) ...","LastPasswordChangeDa (2 more) ...":"2017-10-10T13:48:13.000Z","LocaleSidKey":"en_US","FirstName":"Elissa","Name_Formula__c":"Elissa Sadhana Team  (5 more) ...","Title":"Consultant","City":"Dover","EmailEncodingKey":"ISO-8859-1","ReceivesInfoEmails":false,"SystemModstamp":"2017-11-10T14:47:41.000Z","User_18_Digit_ID__c":"005E0000004yLLOIA2","IsPortalEnabled":false,"Username":"worldcare@sadhanacon (19 more) ...","Alias":"Sadhana","DefaultGroupNotifica (13 more) ...":"N","CreatedDate":"2014-03-07T01:09:17.000Z","LastName":"Sadhana Team (WCI)","Id":"005E0000004yLLOIA2","IsPortalSelfRegister (2 more) ...":false,"UserType":"Standard","LastModifiedById":"005E0000004yLLOIA2"}|0x5fd7cc08
09:47:41.0 (198037396)|STATEMENT_EXECUTE|[7]
09:47:41.0 (198039296)|STATEMENT_EXECUTE|[9]
09:47:41.0 (198040353)|STATEMENT_EXECUTE|[9]
09:47:41.0 (198041399)|STATEMENT_EXECUTE|[10]
09:47:41.0 (198097424)|METHOD_ENTRY|[10]|01pE0000001ksei|tz.LocalTime.getOffsetFull(String, String, String)
09:47:41.0 (198109256)|ENTERING_MANAGED_PKG|tz
09:47:41.0 (198151668)|ENTERING_MANAGED_PKG|tz
09:47:41.0 (198209723)|ENTERING_MANAGED_PKG|tz
09:47:41.0 (198577374)|SOQL_EXECUTE_BEGIN|[333]|Aggregations:0|SELECT tz__Country__c FROM tz__lt_country_names__mdt WHERE MasterLabel = :tmpVar1
09:47:41.0 (209489461)|SOQL_EXECUTE_END|[333]|Rows:1
09:47:41.0 (209796785)|ENTERING_MANAGED_PKG|tz
09:47:41.0 (209855123)|METHOD_EXIT|[10]|01pE0000001ksei|tz.LocalTime.getOffsetFull(String, String, String)
09:47:41.0 (209866221)|VARIABLE_SCOPE_BEGIN|[10]|jsonStr|String|false|false
09:47:41.0 (209884786)|VARIABLE_ASSIGNMENT|[10]|jsonStr|"{\"offset\":\"N/A\",\"dst (92 more) ..."
09:47:41.0 (209890753)|STATEMENT_EXECUTE|[11]
09:47:41.0 (209892292)|STATEMENT_EXECUTE|[12]
09:47:41.0 (209901819)|METHOD_ENTRY|[12]||System.JSON.deserializeUntyped(String)
09:47:41.0 (210343243)|METHOD_EXIT|[12]||System.JSON.deserializeUntyped(String)
09:47:41.0 (210358882)|VARIABLE_SCOPE_BEGIN|[12]|m|Map<String,ANY>|true|false
09:47:41.0 (210383508)|VARIABLE_ASSIGNMENT|[12]|m|"Map of size 6 too large to display"|0x3617e734
09:47:41.0 (210390697)|STATEMENT_EXECUTE|[13]
09:47:41.0 (210409663)|VARIABLE_SCOPE_BEGIN|[13]|offset|String|false|false
09:47:41.0 (210421110)|VARIABLE_ASSIGNMENT|[13]|offset|"N/A"
09:47:41.0 (210440976)|STATEMENT_EXECUTE|[14]
09:47:41.0 (210459133)|HEAP_ALLOCATE|[7]|Bytes:5
09:47:41.0 (210478358)|VARIABLE_ASSIGNMENT|[7]|u|null|
09:47:41.210 (210491136)|CUMULATIVE_LIMIT_USAGE
09:47:41.210 (210491136)|LIMIT_USAGE_FOR_NS|(default)|
  Number of SOQL queries: 0 out of 100
  Number of query rows: 0 out of 50000
  Number of SOSL queries: 0 out of 20
  Number of DML statements: 0 out of 150
  Number of DML rows: 0 out of 10000
  Maximum CPU time: 0 out of 10000
  Maximum heap size: 0 out of 6000000
  Number of callouts: 0 out of 100
  Number of Email Invocations: 0 out of 10
  Number of future calls: 0 out of 50
  Number of queueable jobs added to the queue: 0 out of 50
  Number of Mobile Apex push calls: 0 out of 10

09:47:41.210 (210491136)|LIMIT_USAGE_FOR_NS|tz|
  Number of SOQL queries: 0 out of 100
  Number of query rows: 1 out of 50000
  Number of SOSL queries: 0 out of 20
  Number of DML statements: 0 out of 150
  Number of DML rows: 0 out of 10000
  Maximum CPU time: 0 out of 10000
  Maximum heap size: 0 out of 6000000
  Number of callouts: 0 out of 100
  Number of Email Invocations: 0 out of 10
  Number of future calls: 0 out of 50
  Number of queueable jobs added to the queue: 0 out of 50
  Number of Mobile Apex push calls: 0 out of 10

09:47:41.210 (210491136)|TOTAL_EMAIL_RECIPIENTS_QUEUED|0
09:47:41.210 (210491136)|STATIC_VARIABLE_LIST|
  char[]:DigitTens:0
  long:serialVersionUID:0
  String:_static_REGION_EUROPE:0
  String:_static_REGION_NA:0
  long:serialVersionUID:0
  double:MAX_VALUE:0
  Boolean:FALSE:0
  long:serialVersionUID:0
  String:_sfdcAdditionalCodeLocations:0
  double:MIN_VALUE:0
  int:SIZE:0
  double:NEGATIVE_INFINITY:0
  String:_static_NOT_AVAILABLE:0
  int:MAX_VALUE:0
  String:_static_REGION_ISRAEL:0
  char[]:digits:0
  double:NaN:0
  Boolean:TRUE:0
  String:_static_REGION_AFRICA:0
  String:_static_REGION_NZ:0
  String:_static_REGION_SA:0
  int:MIN_VALUE:0
  String:_sfdcAdditionalCodeLocations:0
  char[]:DigitOnes:0
  int:BYTES:0
  String:_sfdcAdditionalCodeLocations:0
  int:MIN_EXPONENT:0
  int[]:sizeTable:0
  String:_static_REGION_ASIA:0
  int:MAX_EXPONENT:0
  String:_static_REGION_OCEANIA:0
  int:SIZE:0
  double:POSITIVE_INFINITY:0
  double:MIN_NORMAL:0
  int:BYTES:0

09:47:41.210 (210491136)|CUMULATIVE_LIMIT_USAGE_END

09:47:41.0 (212584787)|CODE_UNIT_FINISHED|LocalTimeUserTrigger on User trigger event BeforeUpdate for [005E0000004yLLO]
09:47:41.254 (254885378)|ENTERING_MANAGED_PKG|skuid
09:47:41.255 (255561947)|CUMULATIVE_LIMIT_USAGE
09:47:41.255 (255561947)|LIMIT_USAGE_FOR_NS|(default)|
  Number of SOQL queries: 0 out of 100
  Number of query rows: 0 out of 50000
  Number of SOSL queries: 0 out of 20
  Number of DML statements: 0 out of 150
  Number of DML rows: 0 out of 10000
  Maximum CPU time: 0 out of 10000
  Maximum heap size: 0 out of 6000000
  Number of callouts: 0 out of 100
  Number of Email Invocations: 0 out of 10
  Number of future calls: 0 out of 50
  Number of queueable jobs added to the queue: 0 out of 50
  Number of Mobile Apex push calls: 0 out of 10

09:47:41.255 (255561947)|LIMIT_USAGE_FOR_NS|tz|
  Number of SOQL queries: 0 out of 100
  Number of query rows: 1 out of 50000
  Number of SOSL queries: 0 out of 20
  Number of DML statements: 0 out of 150
  Number of DML rows: 0 out of 10000
  Maximum CPU time: 0 out of 10000
  Maximum heap size: 0 out of 6000000
  Number of callouts: 0 out of 100
  Number of Email Invocations: 0 out of 10
  Number of future calls: 0 out of 50
  Number of queueable jobs added to the queue: 0 out of 50
  Number of Mobile Apex push calls: 0 out of 10

09:47:41.255 (255561947)|CUMULATIVE_LIMIT_USAGE_END

09:47:41.0 (259327639)|CODE_UNIT_STARTED|[EXTERNAL]|Workflow:User
09:47:41.0 (265407865)|WF_RULE_EVAL_BEGIN|Workflow
09:47:41.0 (265434047)|WF_CRITERIA_BEGIN|[User: Elissa Sadhana Team (WCI) 005E0000004yLLO]|Member_Community_New_User301V000000063fo|01QV00000001N6N|ON_CREATE_ONLY|0
09:47:41.0 (265446496)|WF_RULE_NOT_EVALUATED
09:47:41.0 (265454567)|WF_SPOOL_ACTION_BEGIN|Workflow
09:47:41.0 (265464143)|WF_ACTION| None
09:47:41.0 (265467986)|WF_RULE_EVAL_END
09:47:41.0 (265511816)|WF_ACTIONS_END| None
09:47:41.0 (265523782)|CODE_UNIT_FINISHED|Workflow:User
09:47:41.0 (392720582)|CODE_UNIT_FINISHED|TRIGGERS
09:47:41.0 (392746384)|EXECUTION_FINISHED
09:47:41.414 (414014004)|CUMULATIVE_PROFILING_BEGIN
09:47:41.414 (414014004)|CUMULATIVE_PROFILING|SOQL operations|
(tz): [SELECT tz__Country__c FROM tz__lt_country_names__mdt WHERE MasterLabel = :countryCode]: executed 2 times in 25 ms

09:47:41.414 (414014004)|CUMULATIVE_PROFILING|No profiling information for SOSL operations
09:47:41.414 (414014004)|CUMULATIVE_PROFILING|No profiling information for DML operations
09:47:41.414 (414014004)|CUMULATIVE_PROFILING|method invocations|
Trigger.LocalTimeUserTrigger: line 10, column 1: webService static String getOffsetFull(String, String, String): executed 2 times in 26 ms
External entry point: public void invoke(): executed 1 time in 17 ms
Trigger.LocalTimeUserTrigger: line 7, column 1: global public System.Iterator iterator(): executed 6 times in 0 ms
Trigger.LocalTimeUserTrigger: line 12, column 1: global static Object deserializeUntyped(String): executed 2 times in 0 ms
Trigger.LocalTimeUserTrigger: line 13, column 1: global public Object get(Object): executed 2 times in 0 ms

09:47:41.414 (414014004)|CUMULATIVE_PROFILING_END
